<?xml version="1.0" encoding="UTF-8"?><TestSessionContainer xmlns="http://www.codecover.org/xml/testsession-container" Date="1429898162561" TestSessionContainerId="1a5d66aa-e491-46b0-9efb-05e7a839d13b" version="1.0">
<SrcFileList>
<SrcFile Content="package game;&#13;&#10;import java.awt.Image;&#13;&#10;&#13;&#10;public class Piece {&#13;&#10;&#9;private PieceType type;&#13;&#10;&#9;private Image image;&#13;&#10;&#9;private Owner owner;&#13;&#10;&#9;&#13;&#10;&#9;public enum Owner{&#13;&#10;&#9;&#9;Player1, Player2&#13;&#10;&#9;}&#13;&#10;&#9;&#13;&#10;&#9;public enum PieceType{&#13;&#10;&#9;&#9;Elephant, Camel, Horse, Dog, Cat, Rabbit&#13;&#10;&#9;}&#13;&#10;&#9;public Piece(char c){&#13;&#10;&#9;&#9;switch(c){&#13;&#10;&#9;&#9;case 'E':&#13;&#10;&#9;&#9;&#9;this.type=PieceType.Elephant;&#13;&#10;&#9;&#9;&#9;this.owner=Owner.Player1;&#13;&#10;&#9;&#9;&#9;break;&#13;&#10;&#9;&#9;case 'C':&#13;&#10;&#9;&#9;&#9;this.type=PieceType.Camel;&#13;&#10;&#9;&#9;&#9;this.owner=Owner.Player1;&#13;&#10;&#9;&#9;&#9;break;&#13;&#10;&#9;&#9;case 'H':&#13;&#10;&#9;&#9;&#9;this.type=PieceType.Horse;&#13;&#10;&#9;&#9;&#9;this.owner=Owner.Player1;&#13;&#10;&#9;&#9;&#9;break;&#13;&#10;&#9;&#9;case 'D':&#13;&#10;&#9;&#9;&#9;this.type=PieceType.Dog;&#13;&#10;&#9;&#9;&#9;this.owner=Owner.Player1;&#13;&#10;&#9;&#9;&#9;break;&#13;&#10;&#9;&#9;case 'K':&#13;&#10;&#9;&#9;&#9;this.type=PieceType.Cat;&#13;&#10;&#9;&#9;&#9;this.owner=Owner.Player1;&#13;&#10;&#9;&#9;&#9;break;&#13;&#10;&#9;&#9;case 'R':&#13;&#10;&#9;&#9;&#9;this.type=PieceType.Rabbit;&#13;&#10;&#9;&#9;&#9;this.owner=Owner.Player1;&#13;&#10;&#9;&#9;&#9;break;&#13;&#10;&#9;&#9;case 'e':&#13;&#10;&#9;&#9;&#9;this.type=PieceType.Elephant;&#13;&#10;&#9;&#9;&#9;this.owner=Owner.Player2;&#13;&#10;&#9;&#9;&#9;break;&#13;&#10;&#9;&#9;case 'c':&#13;&#10;&#9;&#9;&#9;this.type=PieceType.Camel;&#13;&#10;&#9;&#9;&#9;this.owner=Owner.Player2;&#13;&#10;&#9;&#9;&#9;break;&#13;&#10;&#9;&#9;case 'h':&#13;&#10;&#9;&#9;&#9;this.type=PieceType.Horse;&#13;&#10;&#9;&#9;&#9;this.owner=Owner.Player2;&#13;&#10;&#9;&#9;&#9;break;&#13;&#10;&#9;&#9;case 'd':&#13;&#10;&#9;&#9;&#9;this.type=PieceType.Dog;&#13;&#10;&#9;&#9;&#9;this.owner=Owner.Player2;&#13;&#10;&#9;&#9;&#9;break;&#13;&#10;&#9;&#9;case 'k':&#13;&#10;&#9;&#9;&#9;this.type=PieceType.Cat;&#13;&#10;&#9;&#9;&#9;this.owner=Owner.Player2;&#13;&#10;&#9;&#9;&#9;break;&#13;&#10;&#9;&#9;case 'r':&#13;&#10;&#9;&#9;&#9;this.type=PieceType.Rabbit;&#13;&#10;&#9;&#9;&#9;this.owner=Owner.Player2;&#13;&#10;&#9;&#9;&#9;break;&#13;&#10;&#9;&#9;default:&#13;&#10;&#9;&#9;}&#13;&#10;&#9;}&#13;&#10;&#9;public Piece(PieceType t, Image i, Owner o){&#13;&#10;&#9;&#9;this.type = t;&#13;&#10;&#9;&#9;this.image = i;&#13;&#10;&#9;&#9;this.owner = o;&#13;&#10;&#9;}&#13;&#10;&#13;&#10;&#9;public PieceType getType() {&#13;&#10;&#9;&#9;return this.type;&#13;&#10;&#9;}&#13;&#10;&#13;&#10;&#9;public void setType(PieceType type) {&#13;&#10;&#9;&#9;this.type = type; &#13;&#10;&#9;}&#13;&#10;&#13;&#10;&#9;public Image getImage() {&#13;&#10;&#9;&#9;return this.image;&#13;&#10;&#9;}&#13;&#10;&#13;&#10;&#9;public void setImg(Image img) {&#13;&#10;&#9;&#9;this.image = img;&#13;&#10;&#9;}&#13;&#10;&#13;&#10;&#9;public Owner getOwner() {&#13;&#10;&#9;&#9;return this.owner;&#13;&#10;&#9;}&#13;&#10;&#13;&#10;&#9;public void setOwner(Owner owner) {&#13;&#10;&#9;&#9;this.owner = owner;&#13;&#10;&#9;}&#13;&#10;&#9;&#13;&#10;&#9;public boolean equals(Object p2){&#13;&#10;&#9;&#9;if((p2 instanceof Piece)){&#13;&#10;&#9;&#9;&#9;if(((Piece) p2).getType()==this.getType() &amp;&amp; (((Piece) p2).getOwner()==this.getOwner())){&#13;&#10;&#9;&#9;&#9;&#9;return true;&#13;&#10;&#9;&#9;&#9;}&#13;&#10;&#9;&#9;}&#13;&#10;&#9;&#9;return false;&#13;&#10;&#9;&#9;&#13;&#10;&#9;}&#13;&#10;}&#13;&#10;" Filename="Piece.java" Intrnl_Id="1"/>
<SrcFile Content="package game;&#13;&#10;import java.util.ArrayList;&#13;&#10;import java.util.Arrays;&#13;&#10;&#13;&#10;&#13;&#10;public class Game {&#13;&#10;&#9;//fields&#13;&#10;&#9;ArrayList&lt;BoardState&gt; boards= new ArrayList&lt;BoardState&gt;();&#13;&#10;&#9;public BoardState currentBoard=null;&#13;&#10;&#9;int numMovesLeft =0;&#13;&#10;&#9;int moveTimer =0;&#13;&#10;&#9;int p1TimeBank=0;&#13;&#10;&#9;int p2TimeBank =0;&#13;&#10;&#9;&#13;&#10;&#9;public Game(BoardState b) {&#13;&#10;&#9;&#9;currentBoard = b;&#13;&#10;&#9;}&#13;&#10;&#9;/**&#13;&#10;&#9; * Creates a board with a default starting layout&#13;&#10;&#9; */&#13;&#10;&#9;public Game(){&#13;&#10;&#9;&#9;currentBoard=new BoardState(new char[][]{&#13;&#10;&#9;&#9;&#9;&#9;{'K','D','H','C','E','H','D','K'},&#13;&#10;&#9;&#9;&#9;&#9;{'R','R','R','R','R','R','R','R'},&#13;&#10;&#9;&#9;&#9;&#9;{' ',' ',' ',' ',' ',' ',' ',' '},&#13;&#10;&#9;&#9;&#9;&#9;{' ',' ',' ',' ',' ',' ',' ',' '},&#13;&#10;&#9;&#9;&#9;&#9;{' ',' ',' ',' ',' ',' ',' ',' '},&#13;&#10;&#9;&#9;&#9;&#9;{' ',' ',' ',' ',' ',' ',' ',' '},&#13;&#10;&#9;&#9;&#9;&#9;{'r','r','r','r','r','r','r','r'},&#13;&#10;&#9;&#9;&#9;&#9;{'k','d','h','c','e','h','d','k'},&#13;&#10;&#9;&#9;},0);&#13;&#10;&#9;}&#13;&#10;&#9;/**&#13;&#10;&#9; * &#13;&#10;&#9; */&#13;&#10;&#9;public void render(){}&#13;&#10;&#9;/**&#13;&#10;&#9; * &#13;&#10;&#9; * @param x&#13;&#10;&#9; * @param y&#13;&#10;&#9; * @return&#13;&#10;&#9; */&#13;&#10;&#9;public Piece getSpace(int x, int y){&#13;&#10;&#9;&#9;if(currentBoard.getBoardArray()[x][y]==' ')&#13;&#10;&#9;&#9;&#9;return null;&#13;&#10;&#9;&#9;return new Piece(currentBoard.getBoardArray()[x][y]);&#13;&#10;&#9;&#9;&#13;&#10;&#9;}&#13;&#10;&#9;/**&#13;&#10;&#9; * &#13;&#10;&#9; * @param row&#13;&#10;&#9; * @param column&#13;&#10;&#9; * @param dir 0: up, 1: right, 2: down, 3: left&#13;&#10;&#9; * @return&#13;&#10;&#9; */&#13;&#10;&#9;public boolean move(int row, int column, int dir){&#13;&#10;&#9;&#9;boards.add(currentBoard);&#13;&#10;&#9;&#9;currentBoard=currentBoard.clone();&#13;&#10;&#9;&#9;switch(dir){&#13;&#10;&#9;&#9;case 0:&#13;&#10;&#9;&#9;&#9;//Moving UP&#13;&#10;&#9;&#9;&#9;if (row - 1 &gt;= 0 &amp;&amp; currentBoard.getBoardArray()[row-1][column] == ' ') {&#13;&#10;&#9;&#9;&#9;&#9;switchPiece(row, column, row-1, column);&#13;&#10;&#9;&#9;&#9;&#9;return true;&#13;&#10;&#9;&#9;&#9;}&#13;&#10;&#9;&#9;&#9;return false;&#13;&#10;&#9;&#9;case 1:&#13;&#10;&#9;&#9;&#9;//Moving RIGHT&#13;&#10;&#9;&#9;&#9;if (column + 1 &lt;= 7 &amp;&amp; currentBoard.getBoardArray()[row][column+1] == ' ') {&#13;&#10;&#9;&#9;&#9;&#9;switchPiece(row, column, row, column+1);&#13;&#10;&#9;&#9;&#9;&#9;return true;&#13;&#10;&#9;&#9;&#9;}&#13;&#10;&#9;&#9;&#9;return false;&#13;&#10;&#9;&#9;case 2:&#13;&#10;&#9;&#9;&#9;//Moving DOWN&#13;&#10;&#9;&#9;&#9;if (row + 1 &lt;= 7 &amp;&amp; currentBoard.getBoardArray()[row+1][column] == ' ') {&#13;&#10;&#9;&#9;&#9;&#9;switchPiece(row, column, row + 1, column);&#13;&#10;&#9;&#9;&#9;&#9;return true;&#13;&#10;&#9;&#9;&#9;}&#13;&#10;&#9;&#9;&#9;return false;&#13;&#10;&#9;&#9;case 3:&#13;&#10;&#9;&#9;&#9;//Moving LEFT&#13;&#10;&#9;&#9;&#9;if (column - 1 &gt;= 0 &amp;&amp; currentBoard.getBoardArray()[row][column-1] == ' ') {&#13;&#10;&#9;&#9;&#9;&#9;switchPiece(row, column, row, column - 1);&#13;&#10;&#9;&#9;&#9;&#9;return true;&#13;&#10;&#9;&#9;&#9;}&#13;&#10;&#9;&#9;&#9;return false;&#13;&#10;&#9;&#9;default:&#13;&#10;&#9;&#9;&#9;return false;&#13;&#10;&#9;&#9;}&#13;&#10;&#9;}&#13;&#10;&#9;//helper for move&#13;&#10;&#9;private void switchPiece(int row1, int column1, int row2, int column2) {&#13;&#10;&#9;&#9;//System.out.println(x+&quot; &quot;+ y+&quot;  &quot;+x2+&quot; &quot;+y2);&#13;&#10;&#9;&#9;char[][] boardArray = currentBoard.getBoardArray();&#13;&#10;//&#9;&#9;System.out.println(Arrays.deepToString(boardArray));&#13;&#10;&#9;&#9;char temp = boardArray[row1][column1];&#13;&#10;&#9;&#9;//System.out.println(temp+&quot; &quot;&#9;+boardArray[y][x]+&quot; &quot;+boardArray[y2][x2]);&#13;&#10;&#9;&#9;boardArray[row1][column1]=boardArray[row2][column2];&#13;&#10;&#9;&#9;boardArray[row2][column2]=temp;&#13;&#10;&#13;&#10;//&#9;&#9;System.out.println(Arrays.deepToString(boardArray));&#13;&#10;&#9;&#9;//System.out.println(&quot;SWITCH &quot;+temp+&quot; &quot;&#9;+boardArray[x][y]+&quot; &quot;+boardArray[x2][y2]);&#13;&#10;&#9;&#9;currentBoard.setBoardArray(boardArray);&#13;&#10;&#9;}&#13;&#10;&#9;/**&#13;&#10;&#9; * 0: up, 1: right, 2: down, 3: left&#13;&#10;&#9; * @param x&#13;&#10;&#9; * @param y&#13;&#10;&#9; * @param dir1 the direction the pushing piece will move&#13;&#10;&#9; * @param dir2 the direction the pushed piece will move&#13;&#10;&#9; * @return&#13;&#10;&#9; */&#13;&#10;&#9;public boolean push(int x, int y, int dir1, int dir2){&#13;&#10;&#13;&#10;&#9;&#9;//System.out.println(Arrays.deepToString(this.currentBoard.getBoardArray()));&#13;&#10;&#9;&#9;if(getSpace(x, y)==null)&#13;&#10;&#9;&#9;&#9;return false;//trying to push with an empty square&#13;&#10;&#9;&#9;switch(dir1){&#13;&#10;&#9;&#9;case 0:&#13;&#10;&#9;&#9;&#9;//System.out.println(&quot;Case 0&quot;);&#13;&#10;&#9;&#9;&#9;if(move(x-1,y,dir2)){&#13;&#10;&#9;&#9;&#9;&#9;//System.out.println(&quot;(&quot;+x+&quot;,&quot;+y+&quot;) trying move &quot;+dir2);&#13;&#10;&#9;&#9;&#9;&#9;//should always be true&#13;&#10;&#9;&#9;&#9;&#9;boolean move = move(x,y,dir1);&#13;&#10;&#9;&#9;&#9;&#9;//System.out.println(move);&#13;&#10;&#9;&#9;&#9;&#9;//System.out.println(Arrays.deepToString(this.currentBoard.getBoardArray()));&#13;&#10;&#9;&#9;&#9;&#9;return move;&#13;&#10;&#9;&#9;&#9;}&#13;&#10;&#9;&#9;&#9;break;&#13;&#10;&#9;&#9;case 1:&#13;&#10;&#9;&#9;&#9;//System.out.println(&quot;Case 1&quot;);&#13;&#10;&#9;&#9;&#9;if(move(x,y+1,dir2)){&#13;&#10;&#9;&#9;&#9;&#9;//System.out.println(&quot;(&quot;+x+&quot;,&quot;+y+&quot;trying move &quot;+dir2);&#13;&#10;&#9;&#9;&#9;//should always be true&#13;&#10;&#9;&#9;&#9;boolean move = move(x,y,dir1);&#13;&#10;&#9;&#9;&#9;//System.out.println(move);&#13;&#10;&#9;&#9;&#9;return move;&#13;&#10;&#9;&#9;&#9;}&#13;&#10;&#9;&#9;&#9;break;&#13;&#10;&#9;&#9;case 2:&#13;&#10;&#9;&#9;&#9;//System.out.println(&quot;Case 2&quot;);&#13;&#10;&#9;&#9;&#9;if(move(x+1,y,dir2)){&#13;&#10;&#9;&#9;&#9;&#9;//System.out.println(&quot;(&quot;+x+&quot;,&quot;+y+&quot;trying move &quot;+dir2);&#13;&#10;&#9;&#9;&#9;&#9;//should always be true&#13;&#10;&#9;&#9;&#9;&#9;boolean move = move(x,y,dir1);&#13;&#10;&#9;&#9;&#9;&#9;//System.out.println(move);&#13;&#10;&#9;&#9;&#9;&#9;return move;&#13;&#10;&#9;&#9;&#9;}&#13;&#10;&#9;&#9;&#9;break;&#13;&#10;&#9;&#9;case 3:&#13;&#10;&#9;&#9;&#9;//System.out.println(&quot;Case 3&quot;);&#13;&#10;&#9;&#9;&#9;if(move(x,y-1,dir2)){&#13;&#10;&#9;&#9;&#9;&#9;//System.out.println(&quot;(&quot;+x+&quot;,&quot;+y+&quot;) trying move &quot;+dir2);&#13;&#10;&#9;&#9;&#9;&#9;//should always be true&#13;&#10;&#9;&#9;&#9;&#9;boolean move = move(x,y,dir1);&#13;&#10;&#9;&#9;&#9;&#9;//System.out.println(move);&#13;&#10;&#9;&#9;&#9;&#9;return move;&#13;&#10;&#9;&#9;&#9;}&#13;&#10;&#9;&#9;&#9;break;&#13;&#10;&#9;&#9;&#13;&#10;&#9;&#9;}&#13;&#10;&#9;&#9;return false;&#13;&#10;&#9;}&#13;&#10;&#9;&#13;&#10;&#9;/**&#13;&#10;&#9; * 0: up, 1: right, 2: down, 3: left&#13;&#10;&#9; * @param row: row that contains the pulling piece&#13;&#10;&#9; * @param column: column that contains the pulling piece&#13;&#10;&#9; * @param direction: direction the pulling piece will move&#13;&#10;&#9; * @return True if pull succeeds, False if it fails&#13;&#10;&#9; */&#13;&#10;&#9;//Still need to test player ownership comparison and piece strength comparison&#13;&#10;&#9;public boolean pull(int row, int column, int direction){&#13;&#10;&#9;&#9;//There's no piece here to pull with, nimrod&#13;&#10;&#9;&#9;if(getSpace(row, column)==null) return false;&#13;&#10;&#9;&#9;&#13;&#10;&#9;&#9;//Congratulations, you selected a valid piece!&#13;&#10;&#9;&#9;switch(direction){&#13;&#10;&#9;&#9;case 0:&#13;&#10;&#9;&#9;&#9;if (getSpace(row+1, column)!=null &amp;&amp; move(row, column, direction)) {&#13;&#10;&#9;&#9;&#9;&#9;move(row + 1, column, direction);&#13;&#10;&#9;&#9;&#9;&#9;return true;&#13;&#10;&#9;&#9;&#9;}&#13;&#10;&#9;&#9;&#9;return false;&#13;&#10;&#9;&#9;case 1:&#13;&#10;&#9;&#9;&#9;if (getSpace(row, column-1)!=null &amp;&amp; move(row, column, direction)) {&#13;&#10;&#9;&#9;&#9;&#9;move(row, column - 1, direction);&#13;&#10;&#9;&#9;&#9;&#9;return true;&#13;&#10;&#9;&#9;&#9;}&#13;&#10;&#9;&#9;&#9;return false;&#13;&#10;&#9;&#9;case 2:&#13;&#10;&#9;&#9;&#9;if(getSpace(row-1, column)!=null &amp;&amp; move(row, column, direction)){&#13;&#10;&#9;&#9;&#9;&#9;move(row - 1, column, direction);&#13;&#10;&#9;&#9;&#9;&#9;return true;&#13;&#10;&#9;&#9;&#9;}&#13;&#10;&#9;&#9;&#9;return false;&#13;&#10;&#9;&#9;case 3:&#13;&#10;&#9;&#9;&#9;if (getSpace(row, column+1)!=null &amp;&amp; move(row, column, direction)) {&#13;&#10;&#9;&#9;&#9;&#9;move(row, column + 1, direction);&#13;&#10;&#9;&#9;&#9;&#9;return true;&#13;&#10;&#9;&#9;&#9;}&#13;&#10;&#9;&#9;&#9;return false;&#13;&#10;&#9;&#9;default:&#13;&#10;&#9;&#9;&#9;return false;&#13;&#10;&#9;&#9;}&#13;&#10;&#9;}&#13;&#10;}&#13;&#10;" Filename="Game.java" Intrnl_Id="2"/>
<SrcFile Content="package game;&#13;&#10;&#13;&#10;import java.awt.Color;&#13;&#10;&#13;&#10;import javax.swing.JButton;&#13;&#10;import javax.swing.JComboBox;&#13;&#10;import javax.swing.JFileChooser;&#13;&#10;import javax.swing.JFrame;&#13;&#10;import javax.swing.JLabel;&#13;&#10;import javax.swing.JPanel;&#13;&#10;import javax.swing.JTextField;&#13;&#10;&#13;&#10;import java.awt.Dimension;&#13;&#10;import java.awt.Font;&#13;&#10;import java.awt.Graphics;&#13;&#10;import java.awt.Image;&#13;&#10;import java.awt.event.ActionEvent;&#13;&#10;import java.awt.event.ActionListener;&#13;&#10;import java.awt.event.MouseEvent;&#13;&#10;import java.awt.event.MouseListener;&#13;&#10;import java.io.File;&#13;&#10;import java.util.ArrayList;&#13;&#10;&#13;&#10;import javax.swing.ImageIcon;&#13;&#10;&#13;&#10;public class GUI {&#13;&#10;&#9;private String p1name;&#13;&#10;&#9;private String p2name;&#13;&#10;&#9;private ArrayList&lt;JFrame&gt; activeFrames;&#13;&#10;&#9;private Game game;&#13;&#10;&#9;private ImagePanel gameBoardPanel = null;&#13;&#10;&#9;private ImagePanel[][] boardPieces;&#13;&#10;&#13;&#10;&#9;public GUI() {&#13;&#10;&#9;&#9;this.p1name = &quot;Player 1&quot;;&#13;&#10;&#9;&#9;this.p2name = &quot;Player 2&quot;;&#13;&#10;&#9;&#9;this.game = new Game();&#13;&#10;&#9;&#9;this.boardPieces = new ImagePanel[8][8];&#13;&#10;&#9;&#9;this.activeFrames = new ArrayList&lt;JFrame&gt;();&#13;&#10;&#9;&#9;JFrame mainMenuFrame = new JFrame();&#13;&#10;&#9;&#9;this.activeFrames.add(mainMenuFrame);&#13;&#10;&#9;&#9;mainMenuFrame.setTitle(&quot;Welcome to Arimaa!&quot;);&#13;&#10;&#9;&#9;mainMenuFrame.setDefaultCloseOperation(JFrame.EXIT_ON_CLOSE);&#13;&#10;&#13;&#10;&#9;}&#13;&#10;&#13;&#10;&#9;public static void main(String[] args) {&#13;&#10;&#9;&#9;GUI g = new GUI();&#13;&#10;&#13;&#10;&#9;&#9;// Add MAIN MENU panel with appropriate background image&#13;&#10;&#9;&#9;ImagePanel panel = new ImagePanel(new ImageIcon(&#13;&#10;&#9;&#9;&#9;&#9;&quot;resources/BoardStoneBig.jpg&quot;).getImage());&#13;&#10;&#9;&#9;g.activeFrames.get(0).getContentPane().add(panel);&#13;&#10;&#9;&#9;g.activeFrames.get(0).pack();&#13;&#10;&#9;&#9;panel.setVisible(true);&#13;&#10;&#13;&#10;&#9;&#9;// Add the NEW GAME button to the Main Menu&#13;&#10;&#9;&#9;JButton newGameButton = new JButton();&#13;&#10;&#9;&#9;newGameButton.setSize(150, 75);&#13;&#10;&#9;&#9;newGameButton.setText(&quot;New Game&quot;);&#13;&#10;&#9;&#9;Font newGameFont = newGameButton.getFont();&#13;&#10;&#9;&#9;newGameButton.setFont(new Font(newGameFont.getName(), 4, 20));&#13;&#10;&#9;&#9;newGameButton.setLocation((panel.getWidth() / 4) - 35,&#13;&#10;&#9;&#9;&#9;&#9;(panel.getHeight() / 2) - 37);&#13;&#10;&#9;&#9;panel.add(newGameButton);&#13;&#10;&#9;&#9;newGameButton.setVisible(true);&#13;&#10;&#13;&#10;&#9;&#9;// Setup ActionListener for NEW GAME button&#13;&#10;&#9;&#9;newGameButton.addActionListener(g.new newGameListener());&#13;&#10;&#13;&#10;&#9;&#9;// Add the LOAD GAME button to the Main Menu&#13;&#10;&#9;&#9;JButton loadGameButton = new JButton();&#13;&#10;&#9;&#9;loadGameButton.setSize(150, 75);&#13;&#10;&#9;&#9;loadGameButton.setText(&quot;Load Game&quot;);&#13;&#10;&#9;&#9;Font loadGameFont = loadGameButton.getFont();&#13;&#10;&#9;&#9;loadGameButton.setFont(new Font(loadGameFont.getName(), 4, 20));&#13;&#10;&#9;&#9;loadGameButton.setLocation((panel.getWidth() / 4) * 3 - 110,&#13;&#10;&#9;&#9;&#9;&#9;(panel.getHeight() / 2) - 37);&#13;&#10;&#9;&#9;panel.add(loadGameButton);&#13;&#10;&#9;&#9;loadGameButton.setVisible(true);&#13;&#10;&#13;&#10;&#9;&#9;// Setup ActionListener for the LOAD GAME button&#13;&#10;&#9;&#9;loadGameButton.addActionListener(g.new loadGameListener());&#13;&#10;&#13;&#10;&#9;&#9;g.activeFrames.get(0).setVisible(true);&#13;&#10;&#9;}&#13;&#10;&#13;&#10;&#9;public String getP1name() {&#13;&#10;&#9;&#9;return p1name;&#13;&#10;&#9;}&#13;&#10;&#13;&#10;&#9;public void setP1name(String p1name) {&#13;&#10;&#9;&#9;this.p1name = p1name;&#13;&#10;&#9;}&#13;&#10;&#13;&#10;&#9;public String getP2name() {&#13;&#10;&#9;&#9;return p2name;&#13;&#10;&#9;}&#13;&#10;&#13;&#10;&#9;public void setP2name(String p2name) {&#13;&#10;&#9;&#9;this.p2name = p2name;&#13;&#10;&#9;}&#13;&#10;&#13;&#10;&#9;public ArrayList&lt;JFrame&gt; getActiveFrames() {&#13;&#10;&#9;&#9;return activeFrames;&#13;&#10;&#9;}&#13;&#10;&#13;&#10;&#9;public void setActiveFrames(ArrayList&lt;JFrame&gt; frames) {&#13;&#10;&#9;&#9;this.activeFrames = frames;&#13;&#10;&#9;}&#13;&#10;&#13;&#10;&#9;private void renderInitialBoard() {&#13;&#10;&#9;&#9;char[][] boardArray = this.game.currentBoard.getBoardArray();&#13;&#10;&#9;&#9;for (int row = 0; row &lt; 8; row++) {&#13;&#10;&#9;&#9;&#9;for (int column = 0; column &lt; 8; column++) {&#13;&#10;&#9;&#9;&#9;&#9;char c = boardArray[row][column];&#13;&#10;&#9;&#9;&#9;&#9;switch (c) {&#13;&#10;&#9;&#9;&#9;&#9;case 'E':&#13;&#10;&#9;&#9;&#9;&#9;&#9;ImagePanel whiteElephantPanel = new ImagePanel(&#13;&#10;&#9;&#9;&#9;&#9;&#9;&#9;&#9;new ImageIcon(&quot;resources/White elephant.png&quot;)&#13;&#10;&#9;&#9;&#9;&#9;&#9;&#9;&#9;&#9;&#9;.getImage());&#13;&#10;&#9;&#9;&#9;&#9;&#9;this.gameBoardPanel.add(whiteElephantPanel);&#13;&#10;&#9;&#9;&#9;&#9;&#9;whiteElephantPanel.setRow(row);&#13;&#10;&#9;&#9;&#9;&#9;&#9;whiteElephantPanel.setColumn(column);&#13;&#10;&#9;&#9;&#9;&#9;&#9;whiteElephantPanel.setLocation(&#13;&#10;&#9;&#9;&#9;&#9;&#9;&#9;&#9;whiteElephantPanel.getPixelX(),&#13;&#10;&#9;&#9;&#9;&#9;&#9;&#9;&#9;whiteElephantPanel.getPixelY());&#13;&#10;&#9;&#9;&#9;&#9;&#9;whiteElephantPanel.setVisible(true);&#13;&#10;&#9;&#9;&#9;&#9;&#9;this.boardPieces[row][column] = whiteElephantPanel;&#13;&#10;&#9;&#9;&#9;&#9;&#9;break;&#13;&#10;&#9;&#9;&#9;&#9;case 'C':&#13;&#10;&#9;&#9;&#9;&#9;&#9;ImagePanel whiteCamelPanel = new ImagePanel(new ImageIcon(&#13;&#10;&#9;&#9;&#9;&#9;&#9;&#9;&#9;&quot;resources/White camel.png&quot;).getImage());&#13;&#10;&#9;&#9;&#9;&#9;&#9;this.gameBoardPanel.add(whiteCamelPanel);&#13;&#10;&#9;&#9;&#9;&#9;&#9;whiteCamelPanel.setRow(row);&#13;&#10;&#9;&#9;&#9;&#9;&#9;whiteCamelPanel.setColumn(column);&#13;&#10;&#9;&#9;&#9;&#9;&#9;whiteCamelPanel.setLocation(whiteCamelPanel.getPixelX(),&#13;&#10;&#9;&#9;&#9;&#9;&#9;&#9;&#9;whiteCamelPanel.getPixelY());&#13;&#10;&#9;&#9;&#9;&#9;&#9;whiteCamelPanel.setVisible(true);&#13;&#10;&#9;&#9;&#9;&#9;&#9;this.boardPieces[row][column] = whiteCamelPanel;&#13;&#10;&#9;&#9;&#9;&#9;&#9;break;&#13;&#10;&#9;&#9;&#9;&#9;case 'H':&#13;&#10;&#9;&#9;&#9;&#9;&#9;ImagePanel whiteHorsePanel = new ImagePanel(new ImageIcon(&#13;&#10;&#9;&#9;&#9;&#9;&#9;&#9;&#9;&quot;resources/White horse.png&quot;).getImage());&#13;&#10;&#9;&#9;&#9;&#9;&#9;this.gameBoardPanel.add(whiteHorsePanel);&#13;&#10;&#9;&#9;&#9;&#9;&#9;whiteHorsePanel.setRow(row);&#13;&#10;&#9;&#9;&#9;&#9;&#9;whiteHorsePanel.setColumn(column);&#13;&#10;&#9;&#9;&#9;&#9;&#9;whiteHorsePanel.setLocation(whiteHorsePanel.getPixelX(),&#13;&#10;&#9;&#9;&#9;&#9;&#9;&#9;&#9;whiteHorsePanel.getPixelY());&#13;&#10;&#9;&#9;&#9;&#9;&#9;whiteHorsePanel.setVisible(true);&#13;&#10;&#9;&#9;&#9;&#9;&#9;this.boardPieces[row][column] = whiteHorsePanel;&#13;&#10;&#9;&#9;&#9;&#9;&#9;break;&#13;&#10;&#9;&#9;&#9;&#9;case 'D':&#13;&#10;&#9;&#9;&#9;&#9;&#9;ImagePanel whiteDogPanel = new ImagePanel(new ImageIcon(&#13;&#10;&#9;&#9;&#9;&#9;&#9;&#9;&#9;&quot;resources/White dog.png&quot;).getImage());&#13;&#10;&#9;&#9;&#9;&#9;&#9;this.gameBoardPanel.add(whiteDogPanel);&#13;&#10;&#9;&#9;&#9;&#9;&#9;whiteDogPanel.setRow(row);&#13;&#10;&#9;&#9;&#9;&#9;&#9;whiteDogPanel.setColumn(column);&#13;&#10;&#9;&#9;&#9;&#9;&#9;whiteDogPanel.setLocation(whiteDogPanel.getPixelX(),&#13;&#10;&#9;&#9;&#9;&#9;&#9;&#9;&#9;whiteDogPanel.getPixelY());&#13;&#10;&#9;&#9;&#9;&#9;&#9;whiteDogPanel.setVisible(true);&#13;&#10;&#9;&#9;&#9;&#9;&#9;this.boardPieces[row][column] = whiteDogPanel;&#13;&#10;&#9;&#9;&#9;&#9;&#9;break;&#13;&#10;&#9;&#9;&#9;&#9;case 'K':&#13;&#10;&#9;&#9;&#9;&#9;&#9;ImagePanel whiteCatPanel = new ImagePanel(new ImageIcon(&#13;&#10;&#9;&#9;&#9;&#9;&#9;&#9;&#9;&quot;resources/White cat.png&quot;).getImage());&#13;&#10;&#9;&#9;&#9;&#9;&#9;this.gameBoardPanel.add(whiteCatPanel);&#13;&#10;&#9;&#9;&#9;&#9;&#9;whiteCatPanel.setRow(row);&#13;&#10;&#9;&#9;&#9;&#9;&#9;whiteCatPanel.setColumn(column);&#13;&#10;&#9;&#9;&#9;&#9;&#9;whiteCatPanel.setLocation(whiteCatPanel.getPixelX(),&#13;&#10;&#9;&#9;&#9;&#9;&#9;&#9;&#9;whiteCatPanel.getPixelY());&#13;&#10;&#9;&#9;&#9;&#9;&#9;whiteCatPanel.setVisible(true);&#13;&#10;&#9;&#9;&#9;&#9;&#9;this.boardPieces[row][column] = whiteCatPanel;&#13;&#10;&#9;&#9;&#9;&#9;&#9;break;&#13;&#10;&#9;&#9;&#9;&#9;case 'R':&#13;&#10;&#9;&#9;&#9;&#9;&#9;ImagePanel whiteRabbitPanel = new ImagePanel(new ImageIcon(&#13;&#10;&#9;&#9;&#9;&#9;&#9;&#9;&#9;&quot;resources/White rabbit.png&quot;).getImage());&#13;&#10;&#9;&#9;&#9;&#9;&#9;this.gameBoardPanel.add(whiteRabbitPanel);&#13;&#10;&#9;&#9;&#9;&#9;&#9;whiteRabbitPanel.setRow(row);&#13;&#10;&#9;&#9;&#9;&#9;&#9;whiteRabbitPanel.setColumn(column);&#13;&#10;&#9;&#9;&#9;&#9;&#9;whiteRabbitPanel.setLocation(whiteRabbitPanel.getPixelX(),&#13;&#10;&#9;&#9;&#9;&#9;&#9;&#9;&#9;whiteRabbitPanel.getPixelY());&#13;&#10;&#9;&#9;&#9;&#9;&#9;whiteRabbitPanel.setVisible(true);&#13;&#10;&#9;&#9;&#9;&#9;&#9;this.boardPieces[row][column] = whiteRabbitPanel;&#13;&#10;&#9;&#9;&#9;&#9;&#9;break;&#13;&#10;&#9;&#9;&#9;&#9;case 'e':&#13;&#10;&#9;&#9;&#9;&#9;&#9;ImagePanel blackElephantPanel = new ImagePanel(&#13;&#10;&#9;&#9;&#9;&#9;&#9;&#9;&#9;new ImageIcon(&quot;resources/Black elephant.png&quot;)&#13;&#10;&#9;&#9;&#9;&#9;&#9;&#9;&#9;&#9;&#9;.getImage());&#13;&#10;&#9;&#9;&#9;&#9;&#9;this.gameBoardPanel.add(blackElephantPanel);&#13;&#10;&#9;&#9;&#9;&#9;&#9;blackElephantPanel.setRow(row);&#13;&#10;&#9;&#9;&#9;&#9;&#9;blackElephantPanel.setColumn(column);&#13;&#10;&#9;&#9;&#9;&#9;&#9;blackElephantPanel.setLocation(&#13;&#10;&#9;&#9;&#9;&#9;&#9;&#9;&#9;blackElephantPanel.getPixelX(),&#13;&#10;&#9;&#9;&#9;&#9;&#9;&#9;&#9;blackElephantPanel.getPixelY());&#13;&#10;&#9;&#9;&#9;&#9;&#9;blackElephantPanel.setVisible(true);&#13;&#10;&#9;&#9;&#9;&#9;&#9;this.boardPieces[row][column] = blackElephantPanel;&#13;&#10;&#9;&#9;&#9;&#9;&#9;break;&#13;&#10;&#9;&#9;&#9;&#9;case 'c':&#13;&#10;&#9;&#9;&#9;&#9;&#9;ImagePanel blackCamelPanel = new ImagePanel(new ImageIcon(&#13;&#10;&#9;&#9;&#9;&#9;&#9;&#9;&#9;&quot;resources/Black camel.png&quot;).getImage());&#13;&#10;&#9;&#9;&#9;&#9;&#9;this.gameBoardPanel.add(blackCamelPanel);&#13;&#10;&#9;&#9;&#9;&#9;&#9;blackCamelPanel.setRow(row);&#13;&#10;&#9;&#9;&#9;&#9;&#9;blackCamelPanel.setColumn(column);&#13;&#10;&#9;&#9;&#9;&#9;&#9;blackCamelPanel.setLocation(blackCamelPanel.getPixelX(),&#13;&#10;&#9;&#9;&#9;&#9;&#9;&#9;&#9;blackCamelPanel.getPixelY());&#13;&#10;&#9;&#9;&#9;&#9;&#9;blackCamelPanel.setVisible(true);&#13;&#10;&#9;&#9;&#9;&#9;&#9;this.boardPieces[row][column] = blackCamelPanel;&#13;&#10;&#9;&#9;&#9;&#9;&#9;break;&#13;&#10;&#9;&#9;&#9;&#9;case 'h':&#13;&#10;&#9;&#9;&#9;&#9;&#9;ImagePanel blackHorsePanel = new ImagePanel(new ImageIcon(&#13;&#10;&#9;&#9;&#9;&#9;&#9;&#9;&#9;&quot;resources/Black horse.png&quot;).getImage());&#13;&#10;&#9;&#9;&#9;&#9;&#9;this.gameBoardPanel.add(blackHorsePanel);&#13;&#10;&#9;&#9;&#9;&#9;&#9;blackHorsePanel.setRow(row);&#13;&#10;&#9;&#9;&#9;&#9;&#9;blackHorsePanel.setColumn(column);&#13;&#10;&#9;&#9;&#9;&#9;&#9;blackHorsePanel.setLocation(blackHorsePanel.getPixelX(),&#13;&#10;&#9;&#9;&#9;&#9;&#9;&#9;&#9;blackHorsePanel.getPixelY());&#13;&#10;&#9;&#9;&#9;&#9;&#9;blackHorsePanel.setVisible(true);&#13;&#10;&#9;&#9;&#9;&#9;&#9;this.boardPieces[row][column] = blackHorsePanel;&#13;&#10;&#9;&#9;&#9;&#9;&#9;break;&#13;&#10;&#9;&#9;&#9;&#9;case 'd':&#13;&#10;&#9;&#9;&#9;&#9;&#9;ImagePanel blackDogPanel = new ImagePanel(new ImageIcon(&#13;&#10;&#9;&#9;&#9;&#9;&#9;&#9;&#9;&quot;resources/Black dog.png&quot;).getImage());&#13;&#10;&#9;&#9;&#9;&#9;&#9;this.gameBoardPanel.add(blackDogPanel);&#13;&#10;&#9;&#9;&#9;&#9;&#9;blackDogPanel.setRow(row);&#13;&#10;&#9;&#9;&#9;&#9;&#9;blackDogPanel.setColumn(column);&#13;&#10;&#9;&#9;&#9;&#9;&#9;blackDogPanel.setLocation(blackDogPanel.getPixelX(),&#13;&#10;&#9;&#9;&#9;&#9;&#9;&#9;&#9;blackDogPanel.getPixelY());&#13;&#10;&#9;&#9;&#9;&#9;&#9;blackDogPanel.setVisible(true);&#13;&#10;&#9;&#9;&#9;&#9;&#9;this.boardPieces[row][column] = blackDogPanel;&#13;&#10;&#9;&#9;&#9;&#9;&#9;break;&#13;&#10;&#9;&#9;&#9;&#9;case 'k':&#13;&#10;&#9;&#9;&#9;&#9;&#9;ImagePanel blackCatPanel = new ImagePanel(new ImageIcon(&#13;&#10;&#9;&#9;&#9;&#9;&#9;&#9;&#9;&quot;resources/Black cat.png&quot;).getImage());&#13;&#10;&#9;&#9;&#9;&#9;&#9;this.gameBoardPanel.add(blackCatPanel);&#13;&#10;&#9;&#9;&#9;&#9;&#9;blackCatPanel.setRow(row);&#13;&#10;&#9;&#9;&#9;&#9;&#9;blackCatPanel.setColumn(column);&#13;&#10;&#9;&#9;&#9;&#9;&#9;blackCatPanel.setLocation(blackCatPanel.getPixelX(),&#13;&#10;&#9;&#9;&#9;&#9;&#9;&#9;&#9;blackCatPanel.getPixelY());&#13;&#10;&#9;&#9;&#9;&#9;&#9;blackCatPanel.setVisible(true);&#13;&#10;&#9;&#9;&#9;&#9;&#9;this.boardPieces[row][column] = blackCatPanel;&#13;&#10;&#9;&#9;&#9;&#9;&#9;break;&#13;&#10;&#9;&#9;&#9;&#9;case 'r':&#13;&#10;&#9;&#9;&#9;&#9;&#9;ImagePanel blackRabbitPanel = new ImagePanel(new ImageIcon(&#13;&#10;&#9;&#9;&#9;&#9;&#9;&#9;&#9;&quot;resources/Black rabbit.png&quot;).getImage());&#13;&#10;&#9;&#9;&#9;&#9;&#9;this.gameBoardPanel.add(blackRabbitPanel);&#13;&#10;&#9;&#9;&#9;&#9;&#9;blackRabbitPanel.setRow(row);&#13;&#10;&#9;&#9;&#9;&#9;&#9;blackRabbitPanel.setColumn(column);&#13;&#10;&#9;&#9;&#9;&#9;&#9;blackRabbitPanel.setLocation(blackRabbitPanel.getPixelX(),&#13;&#10;&#9;&#9;&#9;&#9;&#9;&#9;&#9;blackRabbitPanel.getPixelY());&#13;&#10;&#9;&#9;&#9;&#9;&#9;blackRabbitPanel.setVisible(true);&#13;&#10;&#9;&#9;&#9;&#9;&#9;this.boardPieces[row][column] = blackRabbitPanel;&#13;&#10;&#9;&#9;&#9;&#9;&#9;break;&#13;&#10;&#9;&#9;&#9;&#9;default:&#13;&#10;&#9;&#9;&#9;&#9;}&#13;&#10;&#9;&#9;&#9;}&#13;&#10;&#9;&#9;}&#13;&#10;&#9;}&#13;&#10;&#9;&#13;&#10;&#9;/**&#13;&#10;&#9; * @param row&#13;&#10;&#9; * @param column&#13;&#10;&#9; * @param dir 0: up, 1: right, 2: down, 3: left&#13;&#10;&#9; */&#13;&#10;&#9;//Helper fuction for the action listener handling piece move&#13;&#10;&#9;private boolean movePieceIcon(int row, int column, int dir){&#13;&#10;&#9;&#9;switch(dir){&#13;&#10;&#9;&#9;case 0:&#13;&#10;&#9;&#9;&#9;//Moving UP&#13;&#10;&#9;&#9;&#9;if (row - 1 &gt;= 0 &amp;&amp; boardPieces[row-1][column] == null) {&#13;&#10;&#9;&#9;&#9;&#9;switchPiece(row, column, row-1, column);&#13;&#10;&#9;&#9;&#9;&#9;boardPieces[row-1][column].setRow(row-1);&#13;&#10;&#9;&#9;&#9;&#9;boardPieces[row-1][column].setColumn(column);&#13;&#10;&#9;&#9;&#9;&#9;boardPieces[row-1][column].setLocation(boardPieces[row-1][column].getPixelX(), &#13;&#10;&#9;&#9;&#9;&#9;&#9;&#9;boardPieces[row-1][column].getPixelY());&#13;&#10;&#9;&#9;&#9;&#9;boardPieces[row-1][column].setVisible(true);&#13;&#10;&#9;&#9;&#9;&#9;return true;&#13;&#10;&#9;&#9;&#9;}&#13;&#10;&#9;&#9;&#9;return false;&#13;&#10;&#9;&#9;case 1:&#13;&#10;&#9;&#9;&#9;//Moving RIGHT&#13;&#10;&#9;&#9;&#9;if (column + 1 &lt;= 7 &amp;&amp; boardPieces[row][column+1] == null) {&#13;&#10;&#9;&#9;&#9;&#9;switchPiece(row, column, row, column+1);&#13;&#10;&#9;&#9;&#9;&#9;boardPieces[row][column+1].setRow(row);&#13;&#10;&#9;&#9;&#9;&#9;boardPieces[row][column+1].setColumn(column+1);&#13;&#10;&#9;&#9;&#9;&#9;boardPieces[row][column+1].setLocation(boardPieces[row][column+1].getPixelX(), &#13;&#10;&#9;&#9;&#9;&#9;&#9;&#9;boardPieces[row][column+1].getPixelY());&#13;&#10;&#9;&#9;&#9;&#9;boardPieces[row][column+1].setVisible(true);&#13;&#10;&#9;&#9;&#9;&#9;return true;&#13;&#10;&#9;&#9;&#9;}&#13;&#10;&#9;&#9;&#9;return false;&#13;&#10;&#9;&#9;case 2:&#13;&#10;&#9;&#9;&#9;//Moving DOWN&#13;&#10;&#9;&#9;&#9;if (row + 1 &lt;= 7 &amp;&amp; boardPieces[row+1][column] == null) {&#13;&#10;&#9;&#9;&#9;&#9;switchPiece(row, column, row + 1, column);&#13;&#10;&#9;&#9;&#9;&#9;boardPieces[row+1][column].setRow(row+1);&#13;&#10;&#9;&#9;&#9;&#9;boardPieces[row+1][column].setColumn(column);&#13;&#10;&#9;&#9;&#9;&#9;boardPieces[row+1][column].setLocation(boardPieces[row+1][column].getPixelX(), &#13;&#10;&#9;&#9;&#9;&#9;&#9;&#9;boardPieces[row+1][column].getPixelY());&#13;&#10;&#9;&#9;&#9;&#9;boardPieces[row+1][column].setVisible(true);&#13;&#10;&#9;&#9;&#9;&#9;return true;&#13;&#10;&#9;&#9;&#9;}&#13;&#10;&#9;&#9;&#9;return false;&#13;&#10;&#9;&#9;case 3:&#13;&#10;&#9;&#9;&#9;//Moving LEFT&#13;&#10;&#9;&#9;&#9;if (column - 1 &gt;= 0 &amp;&amp; boardPieces[row][column-1] == null) {&#13;&#10;&#9;&#9;&#9;&#9;switchPiece(row, column, row, column - 1);&#13;&#10;&#9;&#9;&#9;&#9;boardPieces[row][column-1].setRow(row);&#13;&#10;&#9;&#9;&#9;&#9;boardPieces[row][column-1].setColumn(column-1);&#13;&#10;&#9;&#9;&#9;&#9;boardPieces[row][column-1].setLocation(boardPieces[row][column-1].getPixelX(), &#13;&#10;&#9;&#9;&#9;&#9;&#9;&#9;boardPieces[row][column-1].getPixelY());&#13;&#10;&#9;&#9;&#9;&#9;boardPieces[row][column-1].setVisible(true);&#13;&#10;&#9;&#9;&#9;&#9;return true;&#13;&#10;&#9;&#9;&#9;}&#13;&#10;&#9;&#9;&#9;return false;&#13;&#10;&#9;&#9;default:&#13;&#10;&#9;&#9;&#9;return false;&#13;&#10;&#9;&#9;}&#13;&#10;&#9;}&#13;&#10;&#13;&#10;&#9;// helper for movePieceIcon&#13;&#10;&#9;//Switches pieces in row1, column1 and row2,column2&#13;&#10;&#9;private void switchPiece(int row1, int column1, int row2, int column2) {&#13;&#10;&#9;&#9;ImagePanel[][] boardArray = boardPieces;&#13;&#10;&#9;&#9;ImagePanel temp = boardArray[row1][column1];&#13;&#10;&#13;&#10;&#9;&#9;boardArray[row1][column1] = boardArray[row2][column2];&#13;&#10;&#9;&#9;boardArray[row2][column2] = temp;&#13;&#10;&#13;&#10;&#9;&#9;boardPieces = boardArray;&#13;&#10;&#9;}&#13;&#10;&#13;&#10;&#9;class newGameListener implements ActionListener {&#13;&#10;&#13;&#10;&#9;&#9;@Override&#13;&#10;&#9;&#9;public void actionPerformed(ActionEvent e) {&#13;&#10;&#9;&#9;&#9;JFrame settingsFrame = new JFrame();&#13;&#10;&#9;&#9;&#9;activeFrames.add(settingsFrame);&#13;&#10;&#9;&#9;&#9;settingsFrame.setTitle(&quot;New Game Options&quot;);&#13;&#10;&#9;&#9;&#9;settingsFrame.setLocation(650 / 2 - 324 / 2 + 5, 650 / 2 - 324 / 2&#13;&#10;&#9;&#9;&#9;&#9;&#9;+ 44);&#13;&#10;&#9;&#9;&#9;settingsFrame.setVisible(true);&#13;&#10;&#13;&#10;&#9;&#9;&#9;ImagePanel panel = new ImagePanel(new ImageIcon(&#13;&#10;&#9;&#9;&#9;&#9;&#9;&quot;resources/BoardStoneBigCropped.jpg&quot;).getImage());&#13;&#10;&#9;&#9;&#9;settingsFrame.getContentPane().add(panel);&#13;&#10;&#9;&#9;&#9;settingsFrame.pack();&#13;&#10;&#9;&#9;&#9;panel.setVisible(true);&#13;&#10;&#13;&#10;&#9;&#9;&#9;// Set up Player 1 Name Label and Text Field&#13;&#10;&#9;&#9;&#9;JLabel p1NameLabel = new JLabel();&#13;&#10;&#9;&#9;&#9;&#13;&#10;&#9;&#9;&#9;// On Mac, the bolded text causes layout issues&#13;&#10;&#9;&#9;&#9;p1NameLabel.setText(&quot;&lt;html&gt;&lt;b&gt;Player 1 Name:&lt;/b&gt;&lt;html&gt;&quot;);&#13;&#10;&#9;&#9;&#9;p1NameLabel.setForeground(Color.WHITE);&#13;&#10;&#9;&#9;&#9;Font p1NameFont = p1NameLabel.getFont();&#13;&#10;&#9;&#9;&#9;p1NameLabel.setFont(new Font(p1NameFont.getName(), 4, 14));&#13;&#10;&#9;&#9;&#9;p1NameLabel.setSize(110, 25);&#13;&#10;&#9;&#9;&#9;panel.add(p1NameLabel);&#13;&#10;&#9;&#9;&#9;p1NameLabel.setLocation(&#13;&#10;&#9;&#9;&#9;&#9;&#9;panel.getWidth() / 2 - p1NameLabel.getWidth(),&#13;&#10;&#9;&#9;&#9;&#9;&#9;panel.getHeight() / 2 - p1NameLabel.getHeight() * 2);&#13;&#10;&#9;&#9;&#9;p1NameLabel.setVisible(true);&#13;&#10;&#13;&#10;&#9;&#9;&#9;JTextField p1NameField = new JTextField();&#13;&#10;&#9;&#9;&#9;p1NameField.setSize(110, 25);&#13;&#10;&#9;&#9;&#9;Font p1FieldFont = p1NameField.getFont();&#13;&#10;&#9;&#9;&#9;p1NameLabel.setFont(new Font(p1FieldFont.getName(), 4, 14));&#13;&#10;&#9;&#9;&#9;panel.add(p1NameField);&#13;&#10;&#9;&#9;&#9;p1NameField.setLocation(panel.getWidth() / 2, panel.getHeight() / 2&#13;&#10;&#9;&#9;&#9;&#9;&#9;- p1NameField.getHeight() * 2);&#13;&#10;&#9;&#9;&#9;p1NameField.setVisible(true);&#13;&#10;&#13;&#10;&#9;&#9;&#9;// Set up Player 2 Name Label and Text Field&#13;&#10;&#9;&#9;&#9;JLabel p2NameLabel = new JLabel();&#13;&#10;&#9;&#9;&#9;p2NameLabel.setText(&quot;&lt;html&gt;&lt;b&gt;Player 2 Name:&lt;/b&gt;&lt;/hmtl&gt;&quot;);&#13;&#10;&#9;&#9;&#9;p2NameLabel.setForeground(Color.WHITE);&#13;&#10;&#9;&#9;&#9;Font p2NameFont = p2NameLabel.getFont();&#13;&#10;&#9;&#9;&#9;p2NameLabel.setFont(new Font(p2NameFont.getName(), 4, 14));&#13;&#10;&#9;&#9;&#9;p2NameLabel.setSize(110, 25);&#13;&#10;&#9;&#9;&#9;panel.add(p2NameLabel);&#13;&#10;&#9;&#9;&#9;p2NameLabel.setLocation(&#13;&#10;&#9;&#9;&#9;&#9;&#9;panel.getWidth() / 2 - p2NameLabel.getWidth(),&#13;&#10;&#9;&#9;&#9;&#9;&#9;panel.getHeight() / 2 - p2NameLabel.getHeight());&#13;&#10;&#9;&#9;&#9;p2NameLabel.setVisible(true);&#13;&#10;&#13;&#10;&#9;&#9;&#9;JTextField p2NameField = new JTextField();&#13;&#10;&#9;&#9;&#9;p2NameField.setSize(110, 25);&#13;&#10;&#9;&#9;&#9;Font p2FieldFont = p2NameField.getFont();&#13;&#10;&#9;&#9;&#9;p2NameLabel.setFont(new Font(p2FieldFont.getName(), 4, 14));&#13;&#10;&#9;&#9;&#9;panel.add(p2NameField);&#13;&#10;&#9;&#9;&#9;p2NameField.setLocation(panel.getWidth() / 2, panel.getHeight() / 2&#13;&#10;&#9;&#9;&#9;&#9;&#9;- p2NameField.getHeight());&#13;&#10;&#9;&#9;&#9;p2NameField.setVisible(true);&#13;&#10;&#13;&#10;&#9;&#9;&#9;// Set up Turn Timer Label and Text Field&#13;&#10;&#9;&#9;&#9;JLabel turnTimerLabel = new JLabel();&#13;&#10;&#9;&#9;&#9;turnTimerLabel.setText(&quot;&lt;html&gt;&lt;b&gt;Turn Timer:&lt;/b&gt;&lt;/html&gt;&quot;);&#13;&#10;&#9;&#9;&#9;turnTimerLabel.setForeground(Color.WHITE);&#13;&#10;&#9;&#9;&#9;Font turnTimerFont = turnTimerLabel.getFont();&#13;&#10;&#9;&#9;&#9;turnTimerLabel.setFont(new Font(turnTimerFont.getName(), 4, 14));&#13;&#10;&#9;&#9;&#9;turnTimerLabel.setSize(110, 25);&#13;&#10;&#9;&#9;&#9;panel.add(turnTimerLabel);&#13;&#10;&#9;&#9;&#9;turnTimerLabel.setLocation(&#13;&#10;&#9;&#9;&#9;&#9;&#9;panel.getWidth() / 2 - turnTimerLabel.getWidth(),&#13;&#10;&#9;&#9;&#9;&#9;&#9;panel.getHeight() / 2);&#13;&#10;&#9;&#9;&#9;turnTimerLabel.setVisible(true);&#13;&#10;&#13;&#10;&#9;&#9;&#9;String[] turnTimerPresets = { &quot;0:30&quot;, &quot;0:45&quot;, &quot;1:00&quot;, &quot;1:15&quot;,&#13;&#10;&#9;&#9;&#9;&#9;&#9;&quot;1:30&quot;, &quot;1:45&quot;, &quot;2:00&quot;, &quot;M:SS&quot; };&#13;&#10;&#9;&#9;&#9;JComboBox&lt;String&gt; turnTimerComboBox = new JComboBox&lt;String&gt;(&#13;&#10;&#9;&#9;&#9;&#9;&#9;turnTimerPresets);&#13;&#10;&#9;&#9;&#9;turnTimerComboBox.setEditable(true);&#13;&#10;&#9;&#9;&#9;turnTimerComboBox.setSize(110, 25);&#13;&#10;&#9;&#9;&#9;panel.add(turnTimerComboBox);&#13;&#10;&#9;&#9;&#9;turnTimerComboBox.setLocation(panel.getWidth() / 2,&#13;&#10;&#9;&#9;&#9;&#9;&#9;panel.getHeight() / 2);&#13;&#10;&#9;&#9;&#9;turnTimerComboBox.setVisible(true);&#13;&#10;&#13;&#10;&#9;&#9;&#9;// Set up Turn Timer Label and Text Field&#13;&#10;&#9;&#9;&#9;JLabel timeBankLabel = new JLabel();&#13;&#10;&#9;&#9;&#9;timeBankLabel.setText(&quot;&lt;html&gt; &lt;b&gt;Time Bank Cap:&lt;/b&gt;&lt;/html&gt;&quot;);&#13;&#10;&#9;&#9;&#9;timeBankLabel.setForeground(Color.WHITE);&#13;&#10;&#9;&#9;&#9;Font timeBankFont = timeBankLabel.getFont();&#13;&#10;&#9;&#9;&#9;timeBankLabel.setFont(new Font(timeBankFont.getName(), 4, 14));&#13;&#10;&#9;&#9;&#9;timeBankLabel.setSize(110, 25);&#13;&#10;&#9;&#9;&#9;panel.add(timeBankLabel);&#13;&#10;&#9;&#9;&#9;timeBankLabel.setLocation(&#13;&#10;&#9;&#9;&#9;&#9;&#9;panel.getWidth() / 2 - timeBankLabel.getWidth(),&#13;&#10;&#9;&#9;&#9;&#9;&#9;panel.getHeight() / 2 + timeBankLabel.getHeight());&#13;&#10;&#9;&#9;&#9;timeBankLabel.setVisible(true);&#13;&#10;&#13;&#10;&#9;&#9;&#9;String[] timeBankPresets = { &quot;0:30&quot;, &quot;0:45&quot;, &quot;1:00&quot;, &quot;1:15&quot;,&#13;&#10;&#9;&#9;&#9;&#9;&#9;&quot;1:30&quot;, &quot;1:45&quot;, &quot;2:00&quot;, &quot;M:SS&quot; };&#13;&#10;&#9;&#9;&#9;JComboBox&lt;String&gt; timeBankComboBox = new JComboBox&lt;String&gt;(&#13;&#10;&#9;&#9;&#9;&#9;&#9;timeBankPresets);&#13;&#10;&#9;&#9;&#9;timeBankComboBox.setEditable(true);&#13;&#10;&#9;&#9;&#9;timeBankComboBox.setSize(110, 25);&#13;&#10;&#9;&#9;&#9;panel.add(timeBankComboBox);&#13;&#10;&#9;&#9;&#9;timeBankComboBox.setLocation(panel.getWidth() / 2,&#13;&#10;&#9;&#9;&#9;&#9;&#9;panel.getHeight() / 2 + timeBankComboBox.getHeight());&#13;&#10;&#9;&#9;&#9;timeBankComboBox.setVisible(true);&#13;&#10;&#13;&#10;&#9;&#9;&#9;// Set up Start Game Button&#13;&#10;&#9;&#9;&#9;JButton startGameButton = new JButton();&#13;&#10;&#9;&#9;&#9;startGameButton.setSize(110, 25);&#13;&#10;&#9;&#9;&#9;startGameButton.setText(&quot;Start Game&quot;);&#13;&#10;&#9;&#9;&#9;startGameButton.setLocation((panel.getWidth() / 2)&#13;&#10;&#9;&#9;&#9;&#9;&#9;- startGameButton.getWidth(), (panel.getHeight() / 2)&#13;&#10;&#9;&#9;&#9;&#9;&#9;+ (2 * startGameButton.getHeight()));&#13;&#10;&#9;&#9;&#9;panel.add(startGameButton);&#13;&#10;&#9;&#9;&#9;startGameButton.addActionListener(new startGameListener());&#13;&#10;&#9;&#9;&#9;startGameButton.setVisible(true);&#13;&#10;&#13;&#10;&#9;&#9;&#9;// Set up Cancel Button&#13;&#10;&#9;&#9;&#9;JButton cancelButton = new JButton();&#13;&#10;&#9;&#9;&#9;cancelButton.setSize(110, 25);&#13;&#10;&#9;&#9;&#9;cancelButton.setText(&quot;Cancel&quot;);&#13;&#10;&#9;&#9;&#9;cancelButton.setLocation((panel.getWidth() / 2),&#13;&#10;&#9;&#9;&#9;&#9;&#9;(panel.getHeight() / 2) + (2 * cancelButton.getHeight()));&#13;&#10;&#9;&#9;&#9;panel.add(cancelButton);&#13;&#10;&#9;&#9;&#9;cancelButton.addActionListener(new cancelListener());&#13;&#10;&#9;&#9;&#9;cancelButton.setVisible(true);&#13;&#10;&#9;&#9;}&#13;&#10;&#9;}&#13;&#10;&#13;&#10;&#9;class loadGameListener implements ActionListener {&#13;&#10;&#13;&#10;&#9;&#9;@Override&#13;&#10;&#9;&#9;public void actionPerformed(ActionEvent e) {&#13;&#10;&#9;&#9;&#9;JFileChooser fileChooser = new JFileChooser();&#13;&#10;&#9;&#9;&#9;fileChooser.setCurrentDirectory(new File(System&#13;&#10;&#9;&#9;&#9;&#9;&#9;.getProperty(&quot;user.home&quot;)));&#13;&#10;&#9;&#9;&#9;int result = fileChooser.showOpenDialog(activeFrames.get(0));&#13;&#10;&#9;&#9;&#9;if (result == JFileChooser.APPROVE_OPTION) {&#13;&#10;&#9;&#9;&#9;&#9;File selectedFile = fileChooser.getSelectedFile();&#13;&#10;&#9;&#9;&#9;&#9;System.out.println(&quot;Selected file: &quot;&#13;&#10;&#9;&#9;&#9;&#9;&#9;&#9;+ selectedFile.getAbsolutePath());&#13;&#10;&#9;&#9;&#9;}&#13;&#10;&#9;&#9;}&#13;&#10;&#9;}&#13;&#10;&#13;&#10;&#9;class cancelListener implements ActionListener {&#13;&#10;&#13;&#10;&#9;&#9;@Override&#13;&#10;&#9;&#9;public void actionPerformed(ActionEvent e) {&#13;&#10;&#9;&#9;&#9;JFrame settingsFrame = activeFrames.get(1);&#13;&#10;&#9;&#9;&#9;activeFrames.remove(1);&#13;&#10;&#9;&#9;&#9;settingsFrame.dispose();&#13;&#10;&#9;&#9;}&#13;&#10;&#9;}&#13;&#10;&#13;&#10;&#9;class startGameListener implements ActionListener {&#13;&#10;&#13;&#10;&#9;&#9;@Override&#13;&#10;&#9;&#9;public void actionPerformed(ActionEvent e) {&#13;&#10;&#9;&#9;&#9;JFrame settings = activeFrames.get(1);&#13;&#10;&#9;&#9;&#9;activeFrames.remove(1);&#13;&#10;&#9;&#9;&#9;settings.dispose();&#13;&#10;&#13;&#10;&#9;&#9;&#9;JFrame mainMenu = activeFrames.get(0);&#13;&#10;&#9;&#9;&#9;activeFrames.remove(0);&#13;&#10;&#9;&#9;&#9;mainMenu.dispose();&#13;&#10;&#13;&#10;&#9;&#9;&#9;JFrame gameFrame = new JFrame();&#13;&#10;&#9;&#9;&#9;activeFrames.add(gameFrame);&#13;&#10;&#9;&#9;&#9;gameFrame.setTitle(&quot;Let's Play!&quot;);&#13;&#10;&#9;&#9;&#9;gameFrame.setDefaultCloseOperation(JFrame.EXIT_ON_CLOSE);&#13;&#10;&#13;&#10;&#9;&#9;&#9;ImagePanel panel = new ImagePanel(new ImageIcon(&#13;&#10;&#9;&#9;&#9;&#9;&#9;&quot;resources/BoardStoneBig.jpg&quot;).getImage());&#13;&#10;&#9;&#9;&#9;activeFrames.get(0).getContentPane().add(panel);&#13;&#10;&#9;&#9;&#9;activeFrames.get(0).pack();&#13;&#10;&#9;&#9;&#9;panel.setVisible(true);&#13;&#10;&#9;&#9;&#9;gameBoardPanel = panel;&#13;&#10;&#9;&#9;&#9;gameBoardPanel.addMouseListener(new MovementListener());&#13;&#10;&#9;&#13;&#10;&#9;&#9;&#9;gameFrame.setVisible(true);&#13;&#10;&#13;&#10;&#9;&#9;&#9;renderInitialBoard();&#13;&#10;&#9;&#9;}&#13;&#10;&#9;}&#13;&#10;&#9;&#13;&#10;&#9;private class MovementListener implements MouseListener {&#13;&#10;&#9;&#9;boolean pieceSelectedFlag;&#13;&#10;&#9;&#9;ImagePanel selectedPiece;&#13;&#10;&#9;&#9;&#13;&#10;&#9;&#9;private MovementListener(){&#13;&#10;&#9;&#9;&#9;this.pieceSelectedFlag = true;&#13;&#10;&#9;&#9;&#9;this.selectedPiece = null;&#13;&#10;&#9;&#9;}&#13;&#10;&#13;&#10;&#9;&#9;@Override&#13;&#10;&#9;&#9;public void mouseClicked(MouseEvent e) {&#13;&#10;&#9;&#9;&#9;//Not needed&#13;&#10;&#9;&#9;}&#13;&#10;&#13;&#10;&#9;&#9;@Override&#13;&#10;&#9;&#9;public void mouseReleased(MouseEvent e) {&#13;&#10;&#9;&#9;&#9;//Not needed&#9;&#9;&#13;&#10;&#9;&#9;}&#13;&#10;&#13;&#10;&#9;&#9;@Override&#13;&#10;&#9;&#9;public void mouseEntered(MouseEvent e) {&#13;&#10;&#9;&#9;&#9;//Not needed&#13;&#10;&#9;&#9;}&#13;&#10;&#13;&#10;&#9;&#9;@Override&#13;&#10;&#9;&#9;public void mouseExited(MouseEvent e) {&#13;&#10;&#9;&#9;&#9;//Not needed&#13;&#10;&#9;&#9;}&#13;&#10;&#13;&#10;&#9;&#9;@Override&#13;&#10;&#9;&#9;public void mousePressed(MouseEvent e) {&#13;&#10;&#9;&#9;&#9;//Starting Hardcore Logic here...&#13;&#10;&#9;&#9;&#9;&#13;&#10;&#9;&#9;&#9;ArrayList&lt;Integer&gt; directions = new ArrayList&lt;Integer&gt;();&#13;&#10;&#9;&#9;&#9;for(int i=0; i&lt;4; i++) directions.add(i);&#13;&#10;&#9;&#9;&#9;&#13;&#10;&#9;&#9;&#9;int sourceX = (int) e.getPoint().getX();&#13;&#10;&#9;&#9;&#9;int sourceY = (int) e.getPoint().getY();&#13;&#10;&#9;&#9;&#9;&#13;&#10;&#9;&#9;&#9;//Get rid of X and Y ASAP!!!&#13;&#10;&#9;&#9;&#9;int rowClicked = (sourceY - 10) / 80;&#13;&#10;&#9;&#9;&#9;int columnClicked = (sourceX - 10) / 80;&#13;&#10;&#9;&#9;&#9;&#13;&#10;&#9;&#9;&#9;System.out.println(&quot;Row: &quot; + rowClicked + &quot;, Column: &quot; + columnClicked);&#13;&#10;&#9;&#9;&#9;if(selectedPiece != null) System.out.println(&quot;Piece Row: &quot; + selectedPiece.getRow() + &quot;, Piece Column: &quot;+ selectedPiece.getColumn());&#13;&#10;&#9;&#9;&#9;&#13;&#10;&#9;&#9;&#9;&#13;&#10;&#9;&#9;&#9;if(boardPieces[rowClicked][columnClicked] != null &amp;&amp; this.pieceSelectedFlag == false){&#13;&#10;&#9;&#9;&#9;&#9;this.pieceSelectedFlag = true;&#13;&#10;&#9;&#9;&#9;&#9;this.selectedPiece = boardPieces[rowClicked][columnClicked];&#13;&#10;&#9;&#9;&#9;}&#9;&#13;&#10;&#9;&#9;&#9;&#13;&#10;&#9;&#9;&#9;else if(this.selectedPiece != null &amp;&amp; boardPieces[rowClicked][columnClicked] == null){&#13;&#10;&#9;&#9;&#9;&#9;int calculatedDirection = -1;&#13;&#10;&#9;&#9;&#9;&#9;if(selectedPiece.getRow() -1 == rowClicked &amp;&amp; selectedPiece.getColumn() == columnClicked) &#13;&#10;&#9;&#9;&#9;&#9;&#9;calculatedDirection = 0;&#13;&#10;&#9;&#9;&#9;&#9;if(selectedPiece.getColumn() +1 == columnClicked &amp;&amp; selectedPiece.getRow() == rowClicked) &#13;&#10;&#9;&#9;&#9;&#9;&#9;calculatedDirection = 1;&#13;&#10;&#9;&#9;&#9;&#9;if(selectedPiece.getRow() +1 == rowClicked &amp;&amp; selectedPiece.getColumn() == columnClicked) &#13;&#10;&#9;&#9;&#9;&#9;&#9;calculatedDirection = 2;&#13;&#10;&#9;&#9;&#9;&#9;if(selectedPiece.getColumn() -1 == columnClicked &amp;&amp; selectedPiece.getRow() == rowClicked) &#13;&#10;&#9;&#9;&#9;&#9;&#9;calculatedDirection = 3; &#13;&#10;&#9;&#9;&#9;&#9;&#13;&#10;&#9;&#9;&#9;&#9;//Using move to check for valid move&#13;&#10;&#9;&#9;&#9;&#9;if(game.move(selectedPiece.getRow(), selectedPiece.getColumn(), calculatedDirection)){&#13;&#10;&#9;&#9;&#9;&#9;&#9;movePieceIcon(selectedPiece.getRow(), selectedPiece.getColumn(), calculatedDirection);&#13;&#10;&#9;&#9;&#9;&#9;}&#13;&#10;&#9;&#9;&#9;&#9;this.selectedPiece = null;&#13;&#10;&#9;&#9;&#9;&#9;this.pieceSelectedFlag = false;&#13;&#10;&#9;&#9;&#9;}&#13;&#10;&#9;&#9;&#9;else{&#13;&#10;&#9;&#9;&#9;&#9;this.selectedPiece = null;&#13;&#10;&#9;&#9;&#9;&#9;this.pieceSelectedFlag = false;&#13;&#10;&#9;&#9;&#9;}&#13;&#10;&#9;&#9;}&#13;&#10;&#9;}&#13;&#10;}&#13;&#10;&#13;&#10;class ImagePanel extends JPanel {&#13;&#10;&#13;&#10;&#9;private Image img;&#13;&#10;&#9;private int row;&#13;&#10;&#9;private int column;&#13;&#10;&#13;&#10;&#9;public ImagePanel(String img) {&#13;&#10;&#9;&#9;this(new ImageIcon(img).getImage());&#13;&#10;&#9;}&#13;&#10;&#13;&#10;&#9;public ImagePanel(Image img) {&#13;&#10;&#9;&#9;this.img = img;&#13;&#10;&#9;&#9;Dimension size = new Dimension(img.getWidth(null), img.getHeight(null));&#13;&#10;&#9;&#9;setPreferredSize(size);&#13;&#10;&#9;&#9;setMinimumSize(size);&#13;&#10;&#9;&#9;setMaximumSize(size);&#13;&#10;&#9;&#9;setSize(size);&#13;&#10;&#9;&#9;setLayout(null);&#13;&#10;&#9;}&#13;&#10;&#13;&#10;&#9;public void paintComponent(Graphics g) {&#13;&#10;&#9;&#9;g.drawImage(img, 0, 0, null);&#13;&#10;&#9;}&#13;&#10;&#13;&#10;&#9;public void setRow(int row) {&#13;&#10;&#9;&#9;this.row = row;&#13;&#10;&#9;}&#13;&#10;&#13;&#10;&#9;public int getRow() {&#13;&#10;&#9;&#9;return this.row;&#13;&#10;&#9;}&#13;&#10;&#13;&#10;&#9;public void setColumn(int column) {&#13;&#10;&#9;&#9;this.column = column;&#13;&#10;&#9;}&#13;&#10;&#13;&#10;&#9;public int getColumn() {&#13;&#10;&#9;&#9;return this.column;&#13;&#10;&#9;}&#13;&#10;&#13;&#10;&#9;public int getPixelX() {&#13;&#10;&#9;&#9;return this.column * 80 + 10;&#13;&#10;&#9;}&#13;&#10;&#13;&#10;&#9;public int getPixelY() {&#13;&#10;&#9;&#9;return this.row * 80 + 10;&#13;&#10;&#9;}&#13;&#10;&#13;&#10;}" Filename="GUI.java" Intrnl_Id="3"/>
<SrcFile Content="package game;&#13;&#10;/**&#13;&#10; * This class represents the states of the board.&#13;&#10; * &#13;&#10; * @author shellajt&#13;&#10; *&#13;&#10; */&#13;&#10;public class BoardState {&#13;&#10;&#9;//Fields&#13;&#10;&#9;private char[][] boardArray; //Represents the current state of the board&#13;&#10;&#9;private int turnNumber;&#13;&#10;&#9;&#13;&#10;&#9;public BoardState(char[][] map, int turnNumber){&#13;&#10;&#9;&#9;this.boardArray = map;&#13;&#10;&#9;&#9;this.turnNumber = turnNumber;&#13;&#10;&#9;}&#13;&#10;&#13;&#10;&#9;public char[][] getBoardArray() {&#13;&#10;&#9;&#9;return boardArray;&#13;&#10;&#9;}&#13;&#10;&#13;&#10;&#9;public void setBoardArray(char[][] boardArray) {&#13;&#10;&#9;&#9;this.boardArray = boardArray;&#13;&#10;&#9;}&#13;&#10;&#13;&#10;&#9;public int getTurnNumber() {&#13;&#10;&#9;&#9;return turnNumber;&#13;&#10;&#9;}&#13;&#10;&#13;&#10;&#9;public void setTurnNumber(int turnNumber) {&#13;&#10;&#9;&#9;this.turnNumber = turnNumber;&#13;&#10;&#9;}&#13;&#10;&#9;&#13;&#10;&#9;public void incrementTurn(){&#13;&#10;&#9;&#9;this.turnNumber++;&#13;&#10;&#9;}&#13;&#10;&#9;public BoardState clone(){&#13;&#10;&#9;&#9;return new BoardState(boardArray, turnNumber);&#13;&#10;&#9;}&#13;&#10;}&#13;&#10;" Filename="BoardState.java" Intrnl_Id="4"/>
</SrcFileList>
<CritList>
<CritListEntry Name="org.codecover.model.utils.criteria.LoopCoverage" PluginName="org.codecover"/>
<CritListEntry Name="org.codecover.model.utils.criteria.QMOCoverage" PluginName="org.codecover"/>
<CritListEntry Name="org.codecover.model.utils.criteria.ConditionCoverage" PluginName="org.codecover"/>
<CritListEntry Name="org.codecover.model.utils.criteria.BranchCoverage" PluginName="org.codecover"/>
<CritListEntry Name="org.codecover.model.utils.criteria.SynchronizedStatementCoverage" PluginName="org.codecover"/>
<CritListEntry Name="org.codecover.model.utils.criteria.StatementCoverage" PluginName="org.codecover"/>
</CritList>
<BoolOpList>
<BoolOp Arity="2" Intrnl_Id="5" Name="conditional and (&amp;&amp;)">
<BoolAssgnmntBoolMapList>
<MapEntry BoolAssgnmnt="02" Value="false"/>
<MapEntry BoolAssgnmnt="10" Value="false"/>
<MapEntry BoolAssgnmnt="11" Value="true"/>
</BoolAssgnmntBoolMapList>
</BoolOp>
</BoolOpList>
<HierarchyLvlTypeList>
<HierarchyLvlType EnglishName="enumeration" IntrnlName="enum" Intrnl_Id="6"/>
<HierarchyLvlType EnglishName="package" IntrnlName="package" Intrnl_Id="7"/>
<HierarchyLvlType EnglishName="method" IntrnlName="method" Intrnl_Id="8"/>
<HierarchyLvlType EnglishName="class" IntrnlName="class" Intrnl_Id="9"/>
<HierarchyLvlType EnglishName="default package" IntrnlName="default package" Intrnl_Id="10"/>
</HierarchyLvlTypeList>
<MASTRoot>
<HierarchyLvl HierarchyLvlId="68" HierarchyLvlTypeId="10" Intrnl_Id="11" Name="default package">
<Header/>
<LocList/>
<HierarchyLvl HierarchyLvlId="67" HierarchyLvlTypeId="7" Intrnl_Id="12" Name="game">
<Header/>
<LocList/>
<HierarchyLvl HierarchyLvlId="12" HierarchyLvlTypeId="9" Intrnl_Id="13" Name="Piece">
<Header>
<Loc EndOffset="59" SrcFileId="1" StartOffset="41"/>
</Header>
<LocList>
<Loc EndOffset="139" SrcFileId="1" StartOffset="41"/>
<Loc EndOffset="187" SrcFileId="1" StartOffset="181"/>
<Loc EndOffset="2029" SrcFileId="1" StartOffset="257"/>
</LocList>
<HierarchyLvl HierarchyLvlId="1" HierarchyLvlTypeId="6" Intrnl_Id="14" Name="Owner">
<Header>
<Loc EndOffset="156" SrcFileId="1" StartOffset="139"/>
</Header>
<LocList>
<Loc EndOffset="181" SrcFileId="1" StartOffset="139"/>
</LocList>
</HierarchyLvl>
<HierarchyLvl HierarchyLvlId="2" HierarchyLvlTypeId="6" Intrnl_Id="15" Name="PieceType">
<Header>
<Loc EndOffset="208" SrcFileId="1" StartOffset="187"/>
</Header>
<LocList>
<Loc EndOffset="257" SrcFileId="1" StartOffset="187"/>
</LocList>
</HierarchyLvl>
<HierarchyLvl HierarchyLvlId="3" HierarchyLvlTypeId="8" Intrnl_Id="16" Name="Piece">
<Header>
<Loc EndOffset="280" SrcFileId="1" StartOffset="260"/>
</Header>
<LocList>
<Loc EndOffset="1336" SrcFileId="1" StartOffset="260"/>
</LocList>
<StmntSeq Intrnl_Id="17">
<LocList>
<Loc EndOffset="1332" SrcFileId="1" StartOffset="285"/>
</LocList>
<CondStmnt CovItemId="S1" CovItemPrefix="game.Piece.java" Intrnl_Id="18">
<Branch CovItemId="B1" CovItemPrefix="game.Piece.java" Implct="false" Intrnl_Id="19">
<Cond>
<Loc EndOffset="307" SrcFileId="1" StartOffset="299"/>
</Cond>
<LocList>
<Loc EndOffset="383" SrcFileId="1" StartOffset="313"/>
</LocList>
<StmntSeq Intrnl_Id="20">
<LocList>
<Loc EndOffset="342" SrcFileId="1" StartOffset="313"/>
<Loc EndOffset="372" SrcFileId="1" StartOffset="347"/>
<Loc EndOffset="383" SrcFileId="1" StartOffset="377"/>
</LocList>
<BasicStmnt CovItemId="S2" CovItemPrefix="game.Piece.java" Intrnl_Id="21">
<LocList>
<Loc EndOffset="342" SrcFileId="1" StartOffset="313"/>
</LocList>
</BasicStmnt>
<BasicStmnt CovItemId="S3" CovItemPrefix="game.Piece.java" Intrnl_Id="22">
<LocList>
<Loc EndOffset="372" SrcFileId="1" StartOffset="347"/>
</LocList>
</BasicStmnt>
<BasicStmnt CovItemId="S4" CovItemPrefix="game.Piece.java" Intrnl_Id="23">
<LocList>
<Loc EndOffset="383" SrcFileId="1" StartOffset="377"/>
</LocList>
</BasicStmnt>
</StmntSeq>
</Branch>
<Branch CovItemId="B2" CovItemPrefix="game.Piece.java" Implct="false" Intrnl_Id="24">
<Cond>
<Loc EndOffset="395" SrcFileId="1" StartOffset="387"/>
</Cond>
<LocList>
<Loc EndOffset="468" SrcFileId="1" StartOffset="401"/>
</LocList>
<StmntSeq Intrnl_Id="25">
<LocList>
<Loc EndOffset="427" SrcFileId="1" StartOffset="401"/>
<Loc EndOffset="457" SrcFileId="1" StartOffset="432"/>
<Loc EndOffset="468" SrcFileId="1" StartOffset="462"/>
</LocList>
<BasicStmnt CovItemId="S5" CovItemPrefix="game.Piece.java" Intrnl_Id="26">
<LocList>
<Loc EndOffset="427" SrcFileId="1" StartOffset="401"/>
</LocList>
</BasicStmnt>
<BasicStmnt CovItemId="S6" CovItemPrefix="game.Piece.java" Intrnl_Id="27">
<LocList>
<Loc EndOffset="457" SrcFileId="1" StartOffset="432"/>
</LocList>
</BasicStmnt>
<BasicStmnt CovItemId="S7" CovItemPrefix="game.Piece.java" Intrnl_Id="28">
<LocList>
<Loc EndOffset="468" SrcFileId="1" StartOffset="462"/>
</LocList>
</BasicStmnt>
</StmntSeq>
</Branch>
<Branch CovItemId="B3" CovItemPrefix="game.Piece.java" Implct="false" Intrnl_Id="29">
<Cond>
<Loc EndOffset="480" SrcFileId="1" StartOffset="472"/>
</Cond>
<LocList>
<Loc EndOffset="553" SrcFileId="1" StartOffset="486"/>
</LocList>
<StmntSeq Intrnl_Id="30">
<LocList>
<Loc EndOffset="512" SrcFileId="1" StartOffset="486"/>
<Loc EndOffset="542" SrcFileId="1" StartOffset="517"/>
<Loc EndOffset="553" SrcFileId="1" StartOffset="547"/>
</LocList>
<BasicStmnt CovItemId="S8" CovItemPrefix="game.Piece.java" Intrnl_Id="31">
<LocList>
<Loc EndOffset="512" SrcFileId="1" StartOffset="486"/>
</LocList>
</BasicStmnt>
<BasicStmnt CovItemId="S9" CovItemPrefix="game.Piece.java" Intrnl_Id="32">
<LocList>
<Loc EndOffset="542" SrcFileId="1" StartOffset="517"/>
</LocList>
</BasicStmnt>
<BasicStmnt CovItemId="S10" CovItemPrefix="game.Piece.java" Intrnl_Id="33">
<LocList>
<Loc EndOffset="553" SrcFileId="1" StartOffset="547"/>
</LocList>
</BasicStmnt>
</StmntSeq>
</Branch>
<Branch CovItemId="B4" CovItemPrefix="game.Piece.java" Implct="false" Intrnl_Id="34">
<Cond>
<Loc EndOffset="565" SrcFileId="1" StartOffset="557"/>
</Cond>
<LocList>
<Loc EndOffset="636" SrcFileId="1" StartOffset="571"/>
</LocList>
<StmntSeq Intrnl_Id="35">
<LocList>
<Loc EndOffset="595" SrcFileId="1" StartOffset="571"/>
<Loc EndOffset="625" SrcFileId="1" StartOffset="600"/>
<Loc EndOffset="636" SrcFileId="1" StartOffset="630"/>
</LocList>
<BasicStmnt CovItemId="S11" CovItemPrefix="game.Piece.java" Intrnl_Id="36">
<LocList>
<Loc EndOffset="595" SrcFileId="1" StartOffset="571"/>
</LocList>
</BasicStmnt>
<BasicStmnt CovItemId="S12" CovItemPrefix="game.Piece.java" Intrnl_Id="37">
<LocList>
<Loc EndOffset="625" SrcFileId="1" StartOffset="600"/>
</LocList>
</BasicStmnt>
<BasicStmnt CovItemId="S13" CovItemPrefix="game.Piece.java" Intrnl_Id="38">
<LocList>
<Loc EndOffset="636" SrcFileId="1" StartOffset="630"/>
</LocList>
</BasicStmnt>
</StmntSeq>
</Branch>
<Branch CovItemId="B5" CovItemPrefix="game.Piece.java" Implct="false" Intrnl_Id="39">
<Cond>
<Loc EndOffset="648" SrcFileId="1" StartOffset="640"/>
</Cond>
<LocList>
<Loc EndOffset="719" SrcFileId="1" StartOffset="654"/>
</LocList>
<StmntSeq Intrnl_Id="40">
<LocList>
<Loc EndOffset="678" SrcFileId="1" StartOffset="654"/>
<Loc EndOffset="708" SrcFileId="1" StartOffset="683"/>
<Loc EndOffset="719" SrcFileId="1" StartOffset="713"/>
</LocList>
<BasicStmnt CovItemId="S14" CovItemPrefix="game.Piece.java" Intrnl_Id="41">
<LocList>
<Loc EndOffset="678" SrcFileId="1" StartOffset="654"/>
</LocList>
</BasicStmnt>
<BasicStmnt CovItemId="S15" CovItemPrefix="game.Piece.java" Intrnl_Id="42">
<LocList>
<Loc EndOffset="708" SrcFileId="1" StartOffset="683"/>
</LocList>
</BasicStmnt>
<BasicStmnt CovItemId="S16" CovItemPrefix="game.Piece.java" Intrnl_Id="43">
<LocList>
<Loc EndOffset="719" SrcFileId="1" StartOffset="713"/>
</LocList>
</BasicStmnt>
</StmntSeq>
</Branch>
<Branch CovItemId="B6" CovItemPrefix="game.Piece.java" Implct="false" Intrnl_Id="44">
<Cond>
<Loc EndOffset="731" SrcFileId="1" StartOffset="723"/>
</Cond>
<LocList>
<Loc EndOffset="805" SrcFileId="1" StartOffset="737"/>
</LocList>
<StmntSeq Intrnl_Id="45">
<LocList>
<Loc EndOffset="764" SrcFileId="1" StartOffset="737"/>
<Loc EndOffset="794" SrcFileId="1" StartOffset="769"/>
<Loc EndOffset="805" SrcFileId="1" StartOffset="799"/>
</LocList>
<BasicStmnt CovItemId="S17" CovItemPrefix="game.Piece.java" Intrnl_Id="46">
<LocList>
<Loc EndOffset="764" SrcFileId="1" StartOffset="737"/>
</LocList>
</BasicStmnt>
<BasicStmnt CovItemId="S18" CovItemPrefix="game.Piece.java" Intrnl_Id="47">
<LocList>
<Loc EndOffset="794" SrcFileId="1" StartOffset="769"/>
</LocList>
</BasicStmnt>
<BasicStmnt CovItemId="S19" CovItemPrefix="game.Piece.java" Intrnl_Id="48">
<LocList>
<Loc EndOffset="805" SrcFileId="1" StartOffset="799"/>
</LocList>
</BasicStmnt>
</StmntSeq>
</Branch>
<Branch CovItemId="B7" CovItemPrefix="game.Piece.java" Implct="false" Intrnl_Id="49">
<Cond>
<Loc EndOffset="817" SrcFileId="1" StartOffset="809"/>
</Cond>
<LocList>
<Loc EndOffset="893" SrcFileId="1" StartOffset="823"/>
</LocList>
<StmntSeq Intrnl_Id="50">
<LocList>
<Loc EndOffset="852" SrcFileId="1" StartOffset="823"/>
<Loc EndOffset="882" SrcFileId="1" StartOffset="857"/>
<Loc EndOffset="893" SrcFileId="1" StartOffset="887"/>
</LocList>
<BasicStmnt CovItemId="S20" CovItemPrefix="game.Piece.java" Intrnl_Id="51">
<LocList>
<Loc EndOffset="852" SrcFileId="1" StartOffset="823"/>
</LocList>
</BasicStmnt>
<BasicStmnt CovItemId="S21" CovItemPrefix="game.Piece.java" Intrnl_Id="52">
<LocList>
<Loc EndOffset="882" SrcFileId="1" StartOffset="857"/>
</LocList>
</BasicStmnt>
<BasicStmnt CovItemId="S22" CovItemPrefix="game.Piece.java" Intrnl_Id="53">
<LocList>
<Loc EndOffset="893" SrcFileId="1" StartOffset="887"/>
</LocList>
</BasicStmnt>
</StmntSeq>
</Branch>
<Branch CovItemId="B8" CovItemPrefix="game.Piece.java" Implct="false" Intrnl_Id="54">
<Cond>
<Loc EndOffset="905" SrcFileId="1" StartOffset="897"/>
</Cond>
<LocList>
<Loc EndOffset="978" SrcFileId="1" StartOffset="911"/>
</LocList>
<StmntSeq Intrnl_Id="55">
<LocList>
<Loc EndOffset="937" SrcFileId="1" StartOffset="911"/>
<Loc EndOffset="967" SrcFileId="1" StartOffset="942"/>
<Loc EndOffset="978" SrcFileId="1" StartOffset="972"/>
</LocList>
<BasicStmnt CovItemId="S23" CovItemPrefix="game.Piece.java" Intrnl_Id="56">
<LocList>
<Loc EndOffset="937" SrcFileId="1" StartOffset="911"/>
</LocList>
</BasicStmnt>
<BasicStmnt CovItemId="S24" CovItemPrefix="game.Piece.java" Intrnl_Id="57">
<LocList>
<Loc EndOffset="967" SrcFileId="1" StartOffset="942"/>
</LocList>
</BasicStmnt>
<BasicStmnt CovItemId="S25" CovItemPrefix="game.Piece.java" Intrnl_Id="58">
<LocList>
<Loc EndOffset="978" SrcFileId="1" StartOffset="972"/>
</LocList>
</BasicStmnt>
</StmntSeq>
</Branch>
<Branch CovItemId="B9" CovItemPrefix="game.Piece.java" Implct="false" Intrnl_Id="59">
<Cond>
<Loc EndOffset="990" SrcFileId="1" StartOffset="982"/>
</Cond>
<LocList>
<Loc EndOffset="1063" SrcFileId="1" StartOffset="996"/>
</LocList>
<StmntSeq Intrnl_Id="60">
<LocList>
<Loc EndOffset="1022" SrcFileId="1" StartOffset="996"/>
<Loc EndOffset="1052" SrcFileId="1" StartOffset="1027"/>
<Loc EndOffset="1063" SrcFileId="1" StartOffset="1057"/>
</LocList>
<BasicStmnt CovItemId="S26" CovItemPrefix="game.Piece.java" Intrnl_Id="61">
<LocList>
<Loc EndOffset="1022" SrcFileId="1" StartOffset="996"/>
</LocList>
</BasicStmnt>
<BasicStmnt CovItemId="S27" CovItemPrefix="game.Piece.java" Intrnl_Id="62">
<LocList>
<Loc EndOffset="1052" SrcFileId="1" StartOffset="1027"/>
</LocList>
</BasicStmnt>
<BasicStmnt CovItemId="S28" CovItemPrefix="game.Piece.java" Intrnl_Id="63">
<LocList>
<Loc EndOffset="1063" SrcFileId="1" StartOffset="1057"/>
</LocList>
</BasicStmnt>
</StmntSeq>
</Branch>
<Branch CovItemId="B10" CovItemPrefix="game.Piece.java" Implct="false" Intrnl_Id="64">
<Cond>
<Loc EndOffset="1075" SrcFileId="1" StartOffset="1067"/>
</Cond>
<LocList>
<Loc EndOffset="1146" SrcFileId="1" StartOffset="1081"/>
</LocList>
<StmntSeq Intrnl_Id="65">
<LocList>
<Loc EndOffset="1105" SrcFileId="1" StartOffset="1081"/>
<Loc EndOffset="1135" SrcFileId="1" StartOffset="1110"/>
<Loc EndOffset="1146" SrcFileId="1" StartOffset="1140"/>
</LocList>
<BasicStmnt CovItemId="S29" CovItemPrefix="game.Piece.java" Intrnl_Id="66">
<LocList>
<Loc EndOffset="1105" SrcFileId="1" StartOffset="1081"/>
</LocList>
</BasicStmnt>
<BasicStmnt CovItemId="S30" CovItemPrefix="game.Piece.java" Intrnl_Id="67">
<LocList>
<Loc EndOffset="1135" SrcFileId="1" StartOffset="1110"/>
</LocList>
</BasicStmnt>
<BasicStmnt CovItemId="S31" CovItemPrefix="game.Piece.java" Intrnl_Id="68">
<LocList>
<Loc EndOffset="1146" SrcFileId="1" StartOffset="1140"/>
</LocList>
</BasicStmnt>
</StmntSeq>
</Branch>
<Branch CovItemId="B11" CovItemPrefix="game.Piece.java" Implct="false" Intrnl_Id="69">
<Cond>
<Loc EndOffset="1158" SrcFileId="1" StartOffset="1150"/>
</Cond>
<LocList>
<Loc EndOffset="1229" SrcFileId="1" StartOffset="1164"/>
</LocList>
<StmntSeq Intrnl_Id="70">
<LocList>
<Loc EndOffset="1188" SrcFileId="1" StartOffset="1164"/>
<Loc EndOffset="1218" SrcFileId="1" StartOffset="1193"/>
<Loc EndOffset="1229" SrcFileId="1" StartOffset="1223"/>
</LocList>
<BasicStmnt CovItemId="S32" CovItemPrefix="game.Piece.java" Intrnl_Id="71">
<LocList>
<Loc EndOffset="1188" SrcFileId="1" StartOffset="1164"/>
</LocList>
</BasicStmnt>
<BasicStmnt CovItemId="S33" CovItemPrefix="game.Piece.java" Intrnl_Id="72">
<LocList>
<Loc EndOffset="1218" SrcFileId="1" StartOffset="1193"/>
</LocList>
</BasicStmnt>
<BasicStmnt CovItemId="S34" CovItemPrefix="game.Piece.java" Intrnl_Id="73">
<LocList>
<Loc EndOffset="1229" SrcFileId="1" StartOffset="1223"/>
</LocList>
</BasicStmnt>
</StmntSeq>
</Branch>
<Branch CovItemId="B12" CovItemPrefix="game.Piece.java" Implct="false" Intrnl_Id="74">
<Cond>
<Loc EndOffset="1241" SrcFileId="1" StartOffset="1233"/>
</Cond>
<LocList>
<Loc EndOffset="1315" SrcFileId="1" StartOffset="1247"/>
</LocList>
<StmntSeq Intrnl_Id="75">
<LocList>
<Loc EndOffset="1274" SrcFileId="1" StartOffset="1247"/>
<Loc EndOffset="1304" SrcFileId="1" StartOffset="1279"/>
<Loc EndOffset="1315" SrcFileId="1" StartOffset="1309"/>
</LocList>
<BasicStmnt CovItemId="S35" CovItemPrefix="game.Piece.java" Intrnl_Id="76">
<LocList>
<Loc EndOffset="1274" SrcFileId="1" StartOffset="1247"/>
</LocList>
</BasicStmnt>
<BasicStmnt CovItemId="S36" CovItemPrefix="game.Piece.java" Intrnl_Id="77">
<LocList>
<Loc EndOffset="1304" SrcFileId="1" StartOffset="1279"/>
</LocList>
</BasicStmnt>
<BasicStmnt CovItemId="S37" CovItemPrefix="game.Piece.java" Intrnl_Id="78">
<LocList>
<Loc EndOffset="1315" SrcFileId="1" StartOffset="1309"/>
</LocList>
</BasicStmnt>
</StmntSeq>
</Branch>
<Branch CovItemId="B13" CovItemPrefix="game.Piece.java" Implct="false" Intrnl_Id="79">
<Cond>
<Loc EndOffset="1326" SrcFileId="1" StartOffset="1319"/>
</Cond>
<LocList/>
<StmntSeq Intrnl_Id="80">
<LocList/>
</StmntSeq>
</Branch>
<Keyword EndOffset="291" SrcFileId="1" StartOffset="285"/>
<LocList>
<Loc EndOffset="1332" SrcFileId="1" StartOffset="285"/>
</LocList>
</CondStmnt>
</StmntSeq>
</HierarchyLvl>
<HierarchyLvl HierarchyLvlId="4" HierarchyLvlTypeId="8" Intrnl_Id="81" Name="Piece">
<Header>
<Loc EndOffset="1382" SrcFileId="1" StartOffset="1339"/>
</Header>
<LocList>
<Loc EndOffset="1443" SrcFileId="1" StartOffset="1339"/>
</LocList>
<StmntSeq Intrnl_Id="82">
<LocList>
<Loc EndOffset="1401" SrcFileId="1" StartOffset="1387"/>
<Loc EndOffset="1420" SrcFileId="1" StartOffset="1405"/>
<Loc EndOffset="1439" SrcFileId="1" StartOffset="1424"/>
</LocList>
<BasicStmnt CovItemId="S38" CovItemPrefix="game.Piece.java" Intrnl_Id="83">
<LocList>
<Loc EndOffset="1401" SrcFileId="1" StartOffset="1387"/>
</LocList>
</BasicStmnt>
<BasicStmnt CovItemId="S39" CovItemPrefix="game.Piece.java" Intrnl_Id="84">
<LocList>
<Loc EndOffset="1420" SrcFileId="1" StartOffset="1405"/>
</LocList>
</BasicStmnt>
<BasicStmnt CovItemId="S40" CovItemPrefix="game.Piece.java" Intrnl_Id="85">
<LocList>
<Loc EndOffset="1439" SrcFileId="1" StartOffset="1424"/>
</LocList>
</BasicStmnt>
</StmntSeq>
</HierarchyLvl>
<HierarchyLvl HierarchyLvlId="5" HierarchyLvlTypeId="8" Intrnl_Id="86" Name="getType">
<Header>
<Loc EndOffset="1474" SrcFileId="1" StartOffset="1448"/>
</Header>
<LocList>
<Loc EndOffset="1501" SrcFileId="1" StartOffset="1448"/>
</LocList>
<StmntSeq Intrnl_Id="87">
<LocList>
<Loc EndOffset="1497" SrcFileId="1" StartOffset="1480"/>
</LocList>
<BasicStmnt CovItemId="S41" CovItemPrefix="game.Piece.java" Intrnl_Id="88">
<LocList>
<Loc EndOffset="1497" SrcFileId="1" StartOffset="1480"/>
</LocList>
</BasicStmnt>
</StmntSeq>
</HierarchyLvl>
<HierarchyLvl HierarchyLvlId="6" HierarchyLvlTypeId="8" Intrnl_Id="89" Name="setType">
<Header>
<Loc EndOffset="1541" SrcFileId="1" StartOffset="1506"/>
</Header>
<LocList>
<Loc EndOffset="1569" SrcFileId="1" StartOffset="1506"/>
</LocList>
<StmntSeq Intrnl_Id="90">
<LocList>
<Loc EndOffset="1564" SrcFileId="1" StartOffset="1547"/>
</LocList>
<BasicStmnt CovItemId="S42" CovItemPrefix="game.Piece.java" Intrnl_Id="91">
<LocList>
<Loc EndOffset="1564" SrcFileId="1" StartOffset="1547"/>
</LocList>
</BasicStmnt>
</StmntSeq>
</HierarchyLvl>
<HierarchyLvl HierarchyLvlId="7" HierarchyLvlTypeId="8" Intrnl_Id="92" Name="getImage">
<Header>
<Loc EndOffset="1597" SrcFileId="1" StartOffset="1574"/>
</Header>
<LocList>
<Loc EndOffset="1625" SrcFileId="1" StartOffset="1574"/>
</LocList>
<StmntSeq Intrnl_Id="93">
<LocList>
<Loc EndOffset="1621" SrcFileId="1" StartOffset="1603"/>
</LocList>
<BasicStmnt CovItemId="S43" CovItemPrefix="game.Piece.java" Intrnl_Id="94">
<LocList>
<Loc EndOffset="1621" SrcFileId="1" StartOffset="1603"/>
</LocList>
</BasicStmnt>
</StmntSeq>
</HierarchyLvl>
<HierarchyLvl HierarchyLvlId="8" HierarchyLvlTypeId="8" Intrnl_Id="95" Name="setImg">
<Header>
<Loc EndOffset="1659" SrcFileId="1" StartOffset="1630"/>
</Header>
<LocList>
<Loc EndOffset="1686" SrcFileId="1" StartOffset="1630"/>
</LocList>
<StmntSeq Intrnl_Id="96">
<LocList>
<Loc EndOffset="1682" SrcFileId="1" StartOffset="1665"/>
</LocList>
<BasicStmnt CovItemId="S44" CovItemPrefix="game.Piece.java" Intrnl_Id="97">
<LocList>
<Loc EndOffset="1682" SrcFileId="1" StartOffset="1665"/>
</LocList>
</BasicStmnt>
</StmntSeq>
</HierarchyLvl>
<HierarchyLvl HierarchyLvlId="9" HierarchyLvlTypeId="8" Intrnl_Id="98" Name="getOwner">
<Header>
<Loc EndOffset="1714" SrcFileId="1" StartOffset="1691"/>
</Header>
<LocList>
<Loc EndOffset="1742" SrcFileId="1" StartOffset="1691"/>
</LocList>
<StmntSeq Intrnl_Id="99">
<LocList>
<Loc EndOffset="1738" SrcFileId="1" StartOffset="1720"/>
</LocList>
<BasicStmnt CovItemId="S45" CovItemPrefix="game.Piece.java" Intrnl_Id="100">
<LocList>
<Loc EndOffset="1738" SrcFileId="1" StartOffset="1720"/>
</LocList>
</BasicStmnt>
</StmntSeq>
</HierarchyLvl>
<HierarchyLvl HierarchyLvlId="10" HierarchyLvlTypeId="8" Intrnl_Id="101" Name="setOwner">
<Header>
<Loc EndOffset="1780" SrcFileId="1" StartOffset="1747"/>
</Header>
<LocList>
<Loc EndOffset="1809" SrcFileId="1" StartOffset="1747"/>
</LocList>
<StmntSeq Intrnl_Id="102">
<LocList>
<Loc EndOffset="1805" SrcFileId="1" StartOffset="1786"/>
</LocList>
<BasicStmnt CovItemId="S46" CovItemPrefix="game.Piece.java" Intrnl_Id="103">
<LocList>
<Loc EndOffset="1805" SrcFileId="1" StartOffset="1786"/>
</LocList>
</BasicStmnt>
</StmntSeq>
</HierarchyLvl>
<HierarchyLvl HierarchyLvlId="11" HierarchyLvlTypeId="8" Intrnl_Id="104" Name="equals">
<Header>
<Loc EndOffset="1847" SrcFileId="1" StartOffset="1815"/>
</Header>
<LocList>
<Loc EndOffset="2026" SrcFileId="1" StartOffset="1815"/>
</LocList>
<StmntSeq Intrnl_Id="105">
<LocList>
<Loc EndOffset="2001" SrcFileId="1" StartOffset="1852"/>
<Loc EndOffset="2018" SrcFileId="1" StartOffset="2005"/>
</LocList>
<CondStmnt CovItemId="S47" CovItemPrefix="game.Piece.java" Intrnl_Id="106">
<Branch CovItemId="B14" CovItemPrefix="game.Piece.java" Implct="false" Intrnl_Id="107">
<Cond/>
<LocList>
<Loc EndOffset="2001" SrcFileId="1" StartOffset="1877"/>
</LocList>
<StmntSeq Intrnl_Id="108">
<LocList>
<Loc EndOffset="1996" SrcFileId="1" StartOffset="1883"/>
</LocList>
<CondStmnt CovItemId="S48" CovItemPrefix="game.Piece.java" Intrnl_Id="109">
<Branch CovItemId="B16" CovItemPrefix="game.Piece.java" Implct="false" Intrnl_Id="110">
<Cond/>
<LocList>
<Loc EndOffset="1996" SrcFileId="1" StartOffset="1971"/>
</LocList>
<StmntSeq Intrnl_Id="111">
<LocList>
<Loc EndOffset="1990" SrcFileId="1" StartOffset="1978"/>
</LocList>
<BasicStmnt CovItemId="S49" CovItemPrefix="game.Piece.java" Intrnl_Id="112">
<LocList>
<Loc EndOffset="1990" SrcFileId="1" StartOffset="1978"/>
</LocList>
</BasicStmnt>
</StmntSeq>
</Branch>
<Branch CovItemId="B17" CovItemPrefix="game.Piece.java" Implct="true" Intrnl_Id="113">
<Cond/>
<LocList/>
<StmntSeq Intrnl_Id="114">
<LocList/>
</StmntSeq>
</Branch>
<Keyword EndOffset="1885" SrcFileId="1" StartOffset="1883"/>
<LocList>
<Loc EndOffset="1996" SrcFileId="1" StartOffset="1883"/>
</LocList>
<RootTerm CovItemId="C2" CovItemPrefix="game.Piece.java" Intrnl_Id="115">
<OpTerm BooleanOpId="5" Intrnl_Id="116">
<BasicBoolTerm Intrnl_Id="117">
<LocList>
<Loc EndOffset="1924" SrcFileId="1" StartOffset="1886"/>
</LocList>
</BasicBoolTerm>
<BasicBoolTerm Intrnl_Id="118">
<LocList>
<Loc EndOffset="1969" SrcFileId="1" StartOffset="1929"/>
</LocList>
</BasicBoolTerm>
<LocList>
<Loc EndOffset="1927" SrcFileId="1" StartOffset="1925"/>
</LocList>
</OpTerm>
</RootTerm>
</CondStmnt>
</StmntSeq>
</Branch>
<Branch CovItemId="B15" CovItemPrefix="game.Piece.java" Implct="true" Intrnl_Id="119">
<Cond/>
<LocList/>
<StmntSeq Intrnl_Id="120">
<LocList/>
</StmntSeq>
</Branch>
<Keyword EndOffset="1854" SrcFileId="1" StartOffset="1852"/>
<LocList>
<Loc EndOffset="2001" SrcFileId="1" StartOffset="1852"/>
</LocList>
<RootTerm CovItemId="C1" CovItemPrefix="game.Piece.java" Intrnl_Id="121">
<BasicBoolTerm Intrnl_Id="122">
<LocList>
<Loc EndOffset="1875" SrcFileId="1" StartOffset="1856"/>
</LocList>
</BasicBoolTerm>
</RootTerm>
</CondStmnt>
<BasicStmnt CovItemId="S50" CovItemPrefix="game.Piece.java" Intrnl_Id="123">
<LocList>
<Loc EndOffset="2018" SrcFileId="1" StartOffset="2005"/>
</LocList>
</BasicStmnt>
</StmntSeq>
</HierarchyLvl>
</HierarchyLvl>
<HierarchyLvl HierarchyLvlId="21" HierarchyLvlTypeId="9" Intrnl_Id="124" Name="Game">
<Header>
<Loc EndOffset="91" SrcFileId="2" StartOffset="74"/>
</Header>
<LocList>
<Loc EndOffset="5735" SrcFileId="2" StartOffset="74"/>
</LocList>
<StmntSeq Intrnl_Id="125">
<LocList>
<Loc EndOffset="165" SrcFileId="2" StartOffset="107"/>
<Loc EndOffset="204" SrcFileId="2" StartOffset="168"/>
<Loc EndOffset="227" SrcFileId="2" StartOffset="207"/>
<Loc EndOffset="247" SrcFileId="2" StartOffset="230"/>
<Loc EndOffset="267" SrcFileId="2" StartOffset="250"/>
<Loc EndOffset="288" SrcFileId="2" StartOffset="270"/>
</LocList>
<BasicStmnt CovItemId="S1" CovItemPrefix="game.Game.java" Intrnl_Id="126">
<LocList>
<Loc EndOffset="165" SrcFileId="2" StartOffset="107"/>
</LocList>
</BasicStmnt>
<BasicStmnt CovItemId="S2" CovItemPrefix="game.Game.java" Intrnl_Id="127">
<LocList>
<Loc EndOffset="204" SrcFileId="2" StartOffset="168"/>
</LocList>
</BasicStmnt>
<BasicStmnt CovItemId="S3" CovItemPrefix="game.Game.java" Intrnl_Id="128">
<LocList>
<Loc EndOffset="227" SrcFileId="2" StartOffset="207"/>
</LocList>
</BasicStmnt>
<BasicStmnt CovItemId="S4" CovItemPrefix="game.Game.java" Intrnl_Id="129">
<LocList>
<Loc EndOffset="247" SrcFileId="2" StartOffset="230"/>
</LocList>
</BasicStmnt>
<BasicStmnt CovItemId="S5" CovItemPrefix="game.Game.java" Intrnl_Id="130">
<LocList>
<Loc EndOffset="267" SrcFileId="2" StartOffset="250"/>
</LocList>
</BasicStmnt>
<BasicStmnt CovItemId="S6" CovItemPrefix="game.Game.java" Intrnl_Id="131">
<LocList>
<Loc EndOffset="288" SrcFileId="2" StartOffset="270"/>
</LocList>
</BasicStmnt>
</StmntSeq>
<HierarchyLvl HierarchyLvlId="13" HierarchyLvlTypeId="8" Intrnl_Id="132" Name="Game">
<Header>
<Loc EndOffset="319" SrcFileId="2" StartOffset="294"/>
</Header>
<LocList>
<Loc EndOffset="346" SrcFileId="2" StartOffset="294"/>
</LocList>
<StmntSeq Intrnl_Id="133">
<LocList>
<Loc EndOffset="342" SrcFileId="2" StartOffset="325"/>
</LocList>
<BasicStmnt CovItemId="S7" CovItemPrefix="game.Game.java" Intrnl_Id="134">
<LocList>
<Loc EndOffset="342" SrcFileId="2" StartOffset="325"/>
</LocList>
</BasicStmnt>
</StmntSeq>
</HierarchyLvl>
<HierarchyLvl HierarchyLvlId="14" HierarchyLvlTypeId="8" Intrnl_Id="135" Name="Game">
<Header>
<Loc EndOffset="426" SrcFileId="2" StartOffset="413"/>
</Header>
<LocList>
<Loc EndOffset="805" SrcFileId="2" StartOffset="413"/>
</LocList>
<StmntSeq Intrnl_Id="136">
<LocList>
<Loc EndOffset="801" SrcFileId="2" StartOffset="431"/>
</LocList>
<BasicStmnt CovItemId="S8" CovItemPrefix="game.Game.java" Intrnl_Id="137">
<LocList>
<Loc EndOffset="801" SrcFileId="2" StartOffset="431"/>
</LocList>
</BasicStmnt>
</StmntSeq>
</HierarchyLvl>
<HierarchyLvl HierarchyLvlId="15" HierarchyLvlTypeId="8" Intrnl_Id="138" Name="render">
<Header>
<Loc EndOffset="846" SrcFileId="2" StartOffset="826"/>
</Header>
<LocList>
<Loc EndOffset="848" SrcFileId="2" StartOffset="826"/>
</LocList>
</HierarchyLvl>
<HierarchyLvl HierarchyLvlId="16" HierarchyLvlTypeId="8" Intrnl_Id="139" Name="getSpace">
<Header>
<Loc EndOffset="945" SrcFileId="2" StartOffset="910"/>
</Header>
<LocList>
<Loc EndOffset="1075" SrcFileId="2" StartOffset="910"/>
</LocList>
<StmntSeq Intrnl_Id="140">
<LocList>
<Loc EndOffset="1010" SrcFileId="2" StartOffset="950"/>
<Loc EndOffset="1067" SrcFileId="2" StartOffset="1014"/>
</LocList>
<CondStmnt CovItemId="S9" CovItemPrefix="game.Game.java" Intrnl_Id="141">
<Branch CovItemId="B1" CovItemPrefix="game.Game.java" Implct="false" Intrnl_Id="142">
<Cond/>
<LocList>
<Loc EndOffset="1010" SrcFileId="2" StartOffset="998"/>
</LocList>
<StmntSeq Intrnl_Id="143">
<LocList>
<Loc EndOffset="1010" SrcFileId="2" StartOffset="998"/>
</LocList>
<BasicStmnt CovItemId="S10" CovItemPrefix="game.Game.java" Intrnl_Id="144">
<LocList>
<Loc EndOffset="1010" SrcFileId="2" StartOffset="998"/>
</LocList>
</BasicStmnt>
</StmntSeq>
</Branch>
<Branch CovItemId="B2" CovItemPrefix="game.Game.java" Implct="true" Intrnl_Id="145">
<Cond/>
<LocList/>
<StmntSeq Intrnl_Id="146">
<LocList/>
</StmntSeq>
</Branch>
<Keyword EndOffset="952" SrcFileId="2" StartOffset="950"/>
<LocList>
<Loc EndOffset="1010" SrcFileId="2" StartOffset="950"/>
</LocList>
<RootTerm CovItemId="C1" CovItemPrefix="game.Game.java" Intrnl_Id="147">
<BasicBoolTerm Intrnl_Id="148">
<LocList>
<Loc EndOffset="992" SrcFileId="2" StartOffset="953"/>
</LocList>
</BasicBoolTerm>
</RootTerm>
</CondStmnt>
<BasicStmnt CovItemId="S11" CovItemPrefix="game.Game.java" Intrnl_Id="149">
<LocList>
<Loc EndOffset="1067" SrcFileId="2" StartOffset="1014"/>
</LocList>
</BasicStmnt>
</StmntSeq>
</HierarchyLvl>
<HierarchyLvl HierarchyLvlId="17" HierarchyLvlTypeId="8" Intrnl_Id="150" Name="move">
<Header>
<Loc EndOffset="1243" SrcFileId="2" StartOffset="1194"/>
</Header>
<LocList>
<Loc EndOffset="2155" SrcFileId="2" StartOffset="1194"/>
</LocList>
<StmntSeq Intrnl_Id="151">
<LocList>
<Loc EndOffset="1273" SrcFileId="2" StartOffset="1248"/>
<Loc EndOffset="1311" SrcFileId="2" StartOffset="1277"/>
<Loc EndOffset="2151" SrcFileId="2" StartOffset="1315"/>
</LocList>
<BasicStmnt CovItemId="S12" CovItemPrefix="game.Game.java" Intrnl_Id="152">
<LocList>
<Loc EndOffset="1273" SrcFileId="2" StartOffset="1248"/>
</LocList>
</BasicStmnt>
<BasicStmnt CovItemId="S13" CovItemPrefix="game.Game.java" Intrnl_Id="153">
<LocList>
<Loc EndOffset="1311" SrcFileId="2" StartOffset="1277"/>
</LocList>
</BasicStmnt>
<CondStmnt CovItemId="S14" CovItemPrefix="game.Game.java" Intrnl_Id="154">
<Branch CovItemId="B3" CovItemPrefix="game.Game.java" Implct="false" Intrnl_Id="155">
<Cond>
<Loc EndOffset="1337" SrcFileId="2" StartOffset="1331"/>
</Cond>
<LocList>
<Loc EndOffset="1520" SrcFileId="2" StartOffset="1359"/>
</LocList>
<StmntSeq Intrnl_Id="156">
<LocList>
<Loc EndOffset="1502" SrcFileId="2" StartOffset="1359"/>
<Loc EndOffset="1520" SrcFileId="2" StartOffset="1507"/>
</LocList>
<CondStmnt CovItemId="S15" CovItemPrefix="game.Game.java" Intrnl_Id="157">
<Branch CovItemId="B4" CovItemPrefix="game.Game.java" Implct="false" Intrnl_Id="158">
<Cond/>
<LocList>
<Loc EndOffset="1502" SrcFileId="2" StartOffset="1431"/>
</LocList>
<StmntSeq Intrnl_Id="159">
<LocList>
<Loc EndOffset="1478" SrcFileId="2" StartOffset="1438"/>
<Loc EndOffset="1496" SrcFileId="2" StartOffset="1484"/>
</LocList>
<BasicStmnt CovItemId="S16" CovItemPrefix="game.Game.java" Intrnl_Id="160">
<LocList>
<Loc EndOffset="1478" SrcFileId="2" StartOffset="1438"/>
</LocList>
</BasicStmnt>
<BasicStmnt CovItemId="S17" CovItemPrefix="game.Game.java" Intrnl_Id="161">
<LocList>
<Loc EndOffset="1496" SrcFileId="2" StartOffset="1484"/>
</LocList>
</BasicStmnt>
</StmntSeq>
</Branch>
<Branch CovItemId="B5" CovItemPrefix="game.Game.java" Implct="true" Intrnl_Id="162">
<Cond/>
<LocList/>
<StmntSeq Intrnl_Id="163">
<LocList/>
</StmntSeq>
</Branch>
<Keyword EndOffset="1361" SrcFileId="2" StartOffset="1359"/>
<LocList>
<Loc EndOffset="1502" SrcFileId="2" StartOffset="1359"/>
</LocList>
<RootTerm CovItemId="C2" CovItemPrefix="game.Game.java" Intrnl_Id="164">
<OpTerm BooleanOpId="5" Intrnl_Id="165">
<BasicBoolTerm Intrnl_Id="166">
<LocList>
<Loc EndOffset="1375" SrcFileId="2" StartOffset="1363"/>
</LocList>
</BasicBoolTerm>
<BasicBoolTerm Intrnl_Id="167">
<LocList>
<Loc EndOffset="1429" SrcFileId="2" StartOffset="1379"/>
</LocList>
</BasicBoolTerm>
<LocList>
<Loc EndOffset="1378" SrcFileId="2" StartOffset="1376"/>
</LocList>
</OpTerm>
</RootTerm>
</CondStmnt>
<BasicStmnt CovItemId="S18" CovItemPrefix="game.Game.java" Intrnl_Id="168">
<LocList>
<Loc EndOffset="1520" SrcFileId="2" StartOffset="1507"/>
</LocList>
</BasicStmnt>
</StmntSeq>
</Branch>
<Branch CovItemId="B6" CovItemPrefix="game.Game.java" Implct="false" Intrnl_Id="169">
<Cond>
<Loc EndOffset="1530" SrcFileId="2" StartOffset="1524"/>
</Cond>
<LocList>
<Loc EndOffset="1719" SrcFileId="2" StartOffset="1555"/>
</LocList>
<StmntSeq Intrnl_Id="170">
<LocList>
<Loc EndOffset="1701" SrcFileId="2" StartOffset="1555"/>
<Loc EndOffset="1719" SrcFileId="2" StartOffset="1706"/>
</LocList>
<CondStmnt CovItemId="S19" CovItemPrefix="game.Game.java" Intrnl_Id="171">
<Branch CovItemId="B7" CovItemPrefix="game.Game.java" Implct="false" Intrnl_Id="172">
<Cond/>
<LocList>
<Loc EndOffset="1701" SrcFileId="2" StartOffset="1630"/>
</LocList>
<StmntSeq Intrnl_Id="173">
<LocList>
<Loc EndOffset="1677" SrcFileId="2" StartOffset="1637"/>
<Loc EndOffset="1695" SrcFileId="2" StartOffset="1683"/>
</LocList>
<BasicStmnt CovItemId="S20" CovItemPrefix="game.Game.java" Intrnl_Id="174">
<LocList>
<Loc EndOffset="1677" SrcFileId="2" StartOffset="1637"/>
</LocList>
</BasicStmnt>
<BasicStmnt CovItemId="S21" CovItemPrefix="game.Game.java" Intrnl_Id="175">
<LocList>
<Loc EndOffset="1695" SrcFileId="2" StartOffset="1683"/>
</LocList>
</BasicStmnt>
</StmntSeq>
</Branch>
<Branch CovItemId="B8" CovItemPrefix="game.Game.java" Implct="true" Intrnl_Id="176">
<Cond/>
<LocList/>
<StmntSeq Intrnl_Id="177">
<LocList/>
</StmntSeq>
</Branch>
<Keyword EndOffset="1557" SrcFileId="2" StartOffset="1555"/>
<LocList>
<Loc EndOffset="1701" SrcFileId="2" StartOffset="1555"/>
</LocList>
<RootTerm CovItemId="C3" CovItemPrefix="game.Game.java" Intrnl_Id="178">
<OpTerm BooleanOpId="5" Intrnl_Id="179">
<BasicBoolTerm Intrnl_Id="180">
<LocList>
<Loc EndOffset="1574" SrcFileId="2" StartOffset="1559"/>
</LocList>
</BasicBoolTerm>
<BasicBoolTerm Intrnl_Id="181">
<LocList>
<Loc EndOffset="1628" SrcFileId="2" StartOffset="1578"/>
</LocList>
</BasicBoolTerm>
<LocList>
<Loc EndOffset="1577" SrcFileId="2" StartOffset="1575"/>
</LocList>
</OpTerm>
</RootTerm>
</CondStmnt>
<BasicStmnt CovItemId="S22" CovItemPrefix="game.Game.java" Intrnl_Id="182">
<LocList>
<Loc EndOffset="1719" SrcFileId="2" StartOffset="1706"/>
</LocList>
</BasicStmnt>
</StmntSeq>
</Branch>
<Branch CovItemId="B9" CovItemPrefix="game.Game.java" Implct="false" Intrnl_Id="183">
<Cond>
<Loc EndOffset="1729" SrcFileId="2" StartOffset="1723"/>
</Cond>
<LocList>
<Loc EndOffset="1916" SrcFileId="2" StartOffset="1753"/>
</LocList>
<StmntSeq Intrnl_Id="184">
<LocList>
<Loc EndOffset="1898" SrcFileId="2" StartOffset="1753"/>
<Loc EndOffset="1916" SrcFileId="2" StartOffset="1903"/>
</LocList>
<CondStmnt CovItemId="S23" CovItemPrefix="game.Game.java" Intrnl_Id="185">
<Branch CovItemId="B10" CovItemPrefix="game.Game.java" Implct="false" Intrnl_Id="186">
<Cond/>
<LocList>
<Loc EndOffset="1898" SrcFileId="2" StartOffset="1825"/>
</LocList>
<StmntSeq Intrnl_Id="187">
<LocList>
<Loc EndOffset="1874" SrcFileId="2" StartOffset="1832"/>
<Loc EndOffset="1892" SrcFileId="2" StartOffset="1880"/>
</LocList>
<BasicStmnt CovItemId="S24" CovItemPrefix="game.Game.java" Intrnl_Id="188">
<LocList>
<Loc EndOffset="1874" SrcFileId="2" StartOffset="1832"/>
</LocList>
</BasicStmnt>
<BasicStmnt CovItemId="S25" CovItemPrefix="game.Game.java" Intrnl_Id="189">
<LocList>
<Loc EndOffset="1892" SrcFileId="2" StartOffset="1880"/>
</LocList>
</BasicStmnt>
</StmntSeq>
</Branch>
<Branch CovItemId="B11" CovItemPrefix="game.Game.java" Implct="true" Intrnl_Id="190">
<Cond/>
<LocList/>
<StmntSeq Intrnl_Id="191">
<LocList/>
</StmntSeq>
</Branch>
<Keyword EndOffset="1755" SrcFileId="2" StartOffset="1753"/>
<LocList>
<Loc EndOffset="1898" SrcFileId="2" StartOffset="1753"/>
</LocList>
<RootTerm CovItemId="C4" CovItemPrefix="game.Game.java" Intrnl_Id="192">
<OpTerm BooleanOpId="5" Intrnl_Id="193">
<BasicBoolTerm Intrnl_Id="194">
<LocList>
<Loc EndOffset="1769" SrcFileId="2" StartOffset="1757"/>
</LocList>
</BasicBoolTerm>
<BasicBoolTerm Intrnl_Id="195">
<LocList>
<Loc EndOffset="1823" SrcFileId="2" StartOffset="1773"/>
</LocList>
</BasicBoolTerm>
<LocList>
<Loc EndOffset="1772" SrcFileId="2" StartOffset="1770"/>
</LocList>
</OpTerm>
</RootTerm>
</CondStmnt>
<BasicStmnt CovItemId="S26" CovItemPrefix="game.Game.java" Intrnl_Id="196">
<LocList>
<Loc EndOffset="1916" SrcFileId="2" StartOffset="1903"/>
</LocList>
</BasicStmnt>
</StmntSeq>
</Branch>
<Branch CovItemId="B12" CovItemPrefix="game.Game.java" Implct="false" Intrnl_Id="197">
<Cond>
<Loc EndOffset="1926" SrcFileId="2" StartOffset="1920"/>
</Cond>
<LocList>
<Loc EndOffset="2116" SrcFileId="2" StartOffset="1950"/>
</LocList>
<StmntSeq Intrnl_Id="198">
<LocList>
<Loc EndOffset="2098" SrcFileId="2" StartOffset="1950"/>
<Loc EndOffset="2116" SrcFileId="2" StartOffset="2103"/>
</LocList>
<CondStmnt CovItemId="S27" CovItemPrefix="game.Game.java" Intrnl_Id="199">
<Branch CovItemId="B13" CovItemPrefix="game.Game.java" Implct="false" Intrnl_Id="200">
<Cond/>
<LocList>
<Loc EndOffset="2098" SrcFileId="2" StartOffset="2025"/>
</LocList>
<StmntSeq Intrnl_Id="201">
<LocList>
<Loc EndOffset="2074" SrcFileId="2" StartOffset="2032"/>
<Loc EndOffset="2092" SrcFileId="2" StartOffset="2080"/>
</LocList>
<BasicStmnt CovItemId="S28" CovItemPrefix="game.Game.java" Intrnl_Id="202">
<LocList>
<Loc EndOffset="2074" SrcFileId="2" StartOffset="2032"/>
</LocList>
</BasicStmnt>
<BasicStmnt CovItemId="S29" CovItemPrefix="game.Game.java" Intrnl_Id="203">
<LocList>
<Loc EndOffset="2092" SrcFileId="2" StartOffset="2080"/>
</LocList>
</BasicStmnt>
</StmntSeq>
</Branch>
<Branch CovItemId="B14" CovItemPrefix="game.Game.java" Implct="true" Intrnl_Id="204">
<Cond/>
<LocList/>
<StmntSeq Intrnl_Id="205">
<LocList/>
</StmntSeq>
</Branch>
<Keyword EndOffset="1952" SrcFileId="2" StartOffset="1950"/>
<LocList>
<Loc EndOffset="2098" SrcFileId="2" StartOffset="1950"/>
</LocList>
<RootTerm CovItemId="C5" CovItemPrefix="game.Game.java" Intrnl_Id="206">
<OpTerm BooleanOpId="5" Intrnl_Id="207">
<BasicBoolTerm Intrnl_Id="208">
<LocList>
<Loc EndOffset="1969" SrcFileId="2" StartOffset="1954"/>
</LocList>
</BasicBoolTerm>
<BasicBoolTerm Intrnl_Id="209">
<LocList>
<Loc EndOffset="2023" SrcFileId="2" StartOffset="1973"/>
</LocList>
</BasicBoolTerm>
<LocList>
<Loc EndOffset="1972" SrcFileId="2" StartOffset="1970"/>
</LocList>
</OpTerm>
</RootTerm>
</CondStmnt>
<BasicStmnt CovItemId="S30" CovItemPrefix="game.Game.java" Intrnl_Id="210">
<LocList>
<Loc EndOffset="2116" SrcFileId="2" StartOffset="2103"/>
</LocList>
</BasicStmnt>
</StmntSeq>
</Branch>
<Branch CovItemId="B15" CovItemPrefix="game.Game.java" Implct="false" Intrnl_Id="211">
<Cond>
<Loc EndOffset="2127" SrcFileId="2" StartOffset="2120"/>
</Cond>
<LocList>
<Loc EndOffset="2146" SrcFileId="2" StartOffset="2133"/>
</LocList>
<StmntSeq Intrnl_Id="212">
<LocList>
<Loc EndOffset="2146" SrcFileId="2" StartOffset="2133"/>
</LocList>
<BasicStmnt CovItemId="S31" CovItemPrefix="game.Game.java" Intrnl_Id="213">
<LocList>
<Loc EndOffset="2146" SrcFileId="2" StartOffset="2133"/>
</LocList>
</BasicStmnt>
</StmntSeq>
</Branch>
<Keyword EndOffset="1321" SrcFileId="2" StartOffset="1315"/>
<LocList>
<Loc EndOffset="2151" SrcFileId="2" StartOffset="1315"/>
</LocList>
</CondStmnt>
</StmntSeq>
</HierarchyLvl>
<HierarchyLvl HierarchyLvlId="18" HierarchyLvlTypeId="8" Intrnl_Id="214" Name="switchPiece">
<Header>
<Loc EndOffset="2248" SrcFileId="2" StartOffset="2178"/>
</Header>
<LocList>
<Loc EndOffset="2815" SrcFileId="2" StartOffset="2178"/>
</LocList>
<StmntSeq Intrnl_Id="215">
<LocList>
<Loc EndOffset="2355" SrcFileId="2" StartOffset="2304"/>
<Loc EndOffset="2455" SrcFileId="2" StartOffset="2417"/>
<Loc EndOffset="2587" SrcFileId="2" StartOffset="2535"/>
<Loc EndOffset="2622" SrcFileId="2" StartOffset="2591"/>
<Loc EndOffset="2811" SrcFileId="2" StartOffset="2772"/>
</LocList>
<BasicStmnt CovItemId="S32" CovItemPrefix="game.Game.java" Intrnl_Id="216">
<LocList>
<Loc EndOffset="2355" SrcFileId="2" StartOffset="2304"/>
</LocList>
</BasicStmnt>
<BasicStmnt CovItemId="S33" CovItemPrefix="game.Game.java" Intrnl_Id="217">
<LocList>
<Loc EndOffset="2455" SrcFileId="2" StartOffset="2417"/>
</LocList>
</BasicStmnt>
<BasicStmnt CovItemId="S34" CovItemPrefix="game.Game.java" Intrnl_Id="218">
<LocList>
<Loc EndOffset="2587" SrcFileId="2" StartOffset="2535"/>
</LocList>
</BasicStmnt>
<BasicStmnt CovItemId="S35" CovItemPrefix="game.Game.java" Intrnl_Id="219">
<LocList>
<Loc EndOffset="2622" SrcFileId="2" StartOffset="2591"/>
</LocList>
</BasicStmnt>
<BasicStmnt CovItemId="S36" CovItemPrefix="game.Game.java" Intrnl_Id="220">
<LocList>
<Loc EndOffset="2811" SrcFileId="2" StartOffset="2772"/>
</LocList>
</BasicStmnt>
</StmntSeq>
</HierarchyLvl>
<HierarchyLvl HierarchyLvlId="19" HierarchyLvlTypeId="8" Intrnl_Id="221" Name="push">
<Header>
<Loc EndOffset="3080" SrcFileId="2" StartOffset="3027"/>
</Header>
<LocList>
<Loc EndOffset="4441" SrcFileId="2" StartOffset="3027"/>
</LocList>
<StmntSeq Intrnl_Id="222">
<LocList>
<Loc EndOffset="3210" SrcFileId="2" StartOffset="3168"/>
<Loc EndOffset="4420" SrcFileId="2" StartOffset="3251"/>
<Loc EndOffset="4437" SrcFileId="2" StartOffset="4424"/>
</LocList>
<CondStmnt CovItemId="S37" CovItemPrefix="game.Game.java" Intrnl_Id="223">
<Branch CovItemId="B16" CovItemPrefix="game.Game.java" Implct="false" Intrnl_Id="224">
<Cond/>
<LocList>
<Loc EndOffset="3210" SrcFileId="2" StartOffset="3197"/>
</LocList>
<StmntSeq Intrnl_Id="225">
<LocList>
<Loc EndOffset="3210" SrcFileId="2" StartOffset="3197"/>
</LocList>
<BasicStmnt CovItemId="S38" CovItemPrefix="game.Game.java" Intrnl_Id="226">
<LocList>
<Loc EndOffset="3210" SrcFileId="2" StartOffset="3197"/>
</LocList>
</BasicStmnt>
</StmntSeq>
</Branch>
<Branch CovItemId="B17" CovItemPrefix="game.Game.java" Implct="true" Intrnl_Id="227">
<Cond/>
<LocList/>
<StmntSeq Intrnl_Id="228">
<LocList/>
</StmntSeq>
</Branch>
<Keyword EndOffset="3170" SrcFileId="2" StartOffset="3168"/>
<LocList>
<Loc EndOffset="3210" SrcFileId="2" StartOffset="3168"/>
</LocList>
<RootTerm CovItemId="C6" CovItemPrefix="game.Game.java" Intrnl_Id="229">
<BasicBoolTerm Intrnl_Id="230">
<LocList>
<Loc EndOffset="3191" SrcFileId="2" StartOffset="3171"/>
</LocList>
</BasicBoolTerm>
</RootTerm>
</CondStmnt>
<CondStmnt CovItemId="S39" CovItemPrefix="game.Game.java" Intrnl_Id="231">
<Branch CovItemId="B18" CovItemPrefix="game.Game.java" Implct="false" Intrnl_Id="232">
<Cond>
<Loc EndOffset="3274" SrcFileId="2" StartOffset="3268"/>
</Cond>
<LocList>
<Loc EndOffset="3615" SrcFileId="2" StartOffset="3316"/>
</LocList>
<StmntSeq Intrnl_Id="233">
<LocList>
<Loc EndOffset="3604" SrcFileId="2" StartOffset="3316"/>
<Loc EndOffset="3615" SrcFileId="2" StartOffset="3609"/>
</LocList>
<CondStmnt CovItemId="S40" CovItemPrefix="game.Game.java" Intrnl_Id="234">
<Branch CovItemId="B19" CovItemPrefix="game.Game.java" Implct="false" Intrnl_Id="235">
<Cond/>
<LocList>
<Loc EndOffset="3604" SrcFileId="2" StartOffset="3336"/>
</LocList>
<StmntSeq Intrnl_Id="236">
<LocList>
<Loc EndOffset="3464" SrcFileId="2" StartOffset="3434"/>
<Loc EndOffset="3598" SrcFileId="2" StartOffset="3586"/>
</LocList>
<BasicStmnt CovItemId="S41" CovItemPrefix="game.Game.java" Intrnl_Id="237">
<LocList>
<Loc EndOffset="3464" SrcFileId="2" StartOffset="3434"/>
</LocList>
</BasicStmnt>
<BasicStmnt CovItemId="S42" CovItemPrefix="game.Game.java" Intrnl_Id="238">
<LocList>
<Loc EndOffset="3598" SrcFileId="2" StartOffset="3586"/>
</LocList>
</BasicStmnt>
</StmntSeq>
</Branch>
<Branch CovItemId="B20" CovItemPrefix="game.Game.java" Implct="true" Intrnl_Id="239">
<Cond/>
<LocList/>
<StmntSeq Intrnl_Id="240">
<LocList/>
</StmntSeq>
</Branch>
<Keyword EndOffset="3318" SrcFileId="2" StartOffset="3316"/>
<LocList>
<Loc EndOffset="3604" SrcFileId="2" StartOffset="3316"/>
</LocList>
<RootTerm CovItemId="C7" CovItemPrefix="game.Game.java" Intrnl_Id="241">
<BasicBoolTerm Intrnl_Id="242">
<LocList>
<Loc EndOffset="3335" SrcFileId="2" StartOffset="3319"/>
</LocList>
</BasicBoolTerm>
</RootTerm>
</CondStmnt>
<BasicStmnt CovItemId="S43" CovItemPrefix="game.Game.java" Intrnl_Id="243">
<LocList>
<Loc EndOffset="3615" SrcFileId="2" StartOffset="3609"/>
</LocList>
</BasicStmnt>
</StmntSeq>
</Branch>
<Branch CovItemId="B21" CovItemPrefix="game.Game.java" Implct="false" Intrnl_Id="244">
<Cond>
<Loc EndOffset="3625" SrcFileId="2" StartOffset="3619"/>
</Cond>
<LocList>
<Loc EndOffset="3877" SrcFileId="2" StartOffset="3667"/>
</LocList>
<StmntSeq Intrnl_Id="245">
<LocList>
<Loc EndOffset="3866" SrcFileId="2" StartOffset="3667"/>
<Loc EndOffset="3877" SrcFileId="2" StartOffset="3871"/>
</LocList>
<CondStmnt CovItemId="S44" CovItemPrefix="game.Game.java" Intrnl_Id="246">
<Branch CovItemId="B22" CovItemPrefix="game.Game.java" Implct="false" Intrnl_Id="247">
<Cond/>
<LocList>
<Loc EndOffset="3866" SrcFileId="2" StartOffset="3687"/>
</LocList>
<StmntSeq Intrnl_Id="248">
<LocList>
<Loc EndOffset="3811" SrcFileId="2" StartOffset="3781"/>
<Loc EndOffset="3860" SrcFileId="2" StartOffset="3848"/>
</LocList>
<BasicStmnt CovItemId="S45" CovItemPrefix="game.Game.java" Intrnl_Id="249">
<LocList>
<Loc EndOffset="3811" SrcFileId="2" StartOffset="3781"/>
</LocList>
</BasicStmnt>
<BasicStmnt CovItemId="S46" CovItemPrefix="game.Game.java" Intrnl_Id="250">
<LocList>
<Loc EndOffset="3860" SrcFileId="2" StartOffset="3848"/>
</LocList>
</BasicStmnt>
</StmntSeq>
</Branch>
<Branch CovItemId="B23" CovItemPrefix="game.Game.java" Implct="true" Intrnl_Id="251">
<Cond/>
<LocList/>
<StmntSeq Intrnl_Id="252">
<LocList/>
</StmntSeq>
</Branch>
<Keyword EndOffset="3669" SrcFileId="2" StartOffset="3667"/>
<LocList>
<Loc EndOffset="3866" SrcFileId="2" StartOffset="3667"/>
</LocList>
<RootTerm CovItemId="C8" CovItemPrefix="game.Game.java" Intrnl_Id="253">
<BasicBoolTerm Intrnl_Id="254">
<LocList>
<Loc EndOffset="3686" SrcFileId="2" StartOffset="3670"/>
</LocList>
</BasicBoolTerm>
</RootTerm>
</CondStmnt>
<BasicStmnt CovItemId="S47" CovItemPrefix="game.Game.java" Intrnl_Id="255">
<LocList>
<Loc EndOffset="3877" SrcFileId="2" StartOffset="3871"/>
</LocList>
</BasicStmnt>
</StmntSeq>
</Branch>
<Branch CovItemId="B24" CovItemPrefix="game.Game.java" Implct="false" Intrnl_Id="256">
<Cond>
<Loc EndOffset="3887" SrcFileId="2" StartOffset="3881"/>
</Cond>
<LocList>
<Loc EndOffset="4143" SrcFileId="2" StartOffset="3929"/>
</LocList>
<StmntSeq Intrnl_Id="257">
<LocList>
<Loc EndOffset="4132" SrcFileId="2" StartOffset="3929"/>
<Loc EndOffset="4143" SrcFileId="2" StartOffset="4137"/>
</LocList>
<CondStmnt CovItemId="S48" CovItemPrefix="game.Game.java" Intrnl_Id="258">
<Branch CovItemId="B25" CovItemPrefix="game.Game.java" Implct="false" Intrnl_Id="259">
<Cond/>
<LocList>
<Loc EndOffset="4132" SrcFileId="2" StartOffset="3949"/>
</LocList>
<StmntSeq Intrnl_Id="260">
<LocList>
<Loc EndOffset="4075" SrcFileId="2" StartOffset="4045"/>
<Loc EndOffset="4126" SrcFileId="2" StartOffset="4114"/>
</LocList>
<BasicStmnt CovItemId="S49" CovItemPrefix="game.Game.java" Intrnl_Id="261">
<LocList>
<Loc EndOffset="4075" SrcFileId="2" StartOffset="4045"/>
</LocList>
</BasicStmnt>
<BasicStmnt CovItemId="S50" CovItemPrefix="game.Game.java" Intrnl_Id="262">
<LocList>
<Loc EndOffset="4126" SrcFileId="2" StartOffset="4114"/>
</LocList>
</BasicStmnt>
</StmntSeq>
</Branch>
<Branch CovItemId="B26" CovItemPrefix="game.Game.java" Implct="true" Intrnl_Id="263">
<Cond/>
<LocList/>
<StmntSeq Intrnl_Id="264">
<LocList/>
</StmntSeq>
</Branch>
<Keyword EndOffset="3931" SrcFileId="2" StartOffset="3929"/>
<LocList>
<Loc EndOffset="4132" SrcFileId="2" StartOffset="3929"/>
</LocList>
<RootTerm CovItemId="C9" CovItemPrefix="game.Game.java" Intrnl_Id="265">
<BasicBoolTerm Intrnl_Id="266">
<LocList>
<Loc EndOffset="3948" SrcFileId="2" StartOffset="3932"/>
</LocList>
</BasicBoolTerm>
</RootTerm>
</CondStmnt>
<BasicStmnt CovItemId="S51" CovItemPrefix="game.Game.java" Intrnl_Id="267">
<LocList>
<Loc EndOffset="4143" SrcFileId="2" StartOffset="4137"/>
</LocList>
</BasicStmnt>
</StmntSeq>
</Branch>
<Branch CovItemId="B27" CovItemPrefix="game.Game.java" Implct="false" Intrnl_Id="268">
<Cond>
<Loc EndOffset="4153" SrcFileId="2" StartOffset="4147"/>
</Cond>
<LocList>
<Loc EndOffset="4411" SrcFileId="2" StartOffset="4195"/>
</LocList>
<StmntSeq Intrnl_Id="269">
<LocList>
<Loc EndOffset="4400" SrcFileId="2" StartOffset="4195"/>
<Loc EndOffset="4411" SrcFileId="2" StartOffset="4405"/>
</LocList>
<CondStmnt CovItemId="S52" CovItemPrefix="game.Game.java" Intrnl_Id="270">
<Branch CovItemId="B28" CovItemPrefix="game.Game.java" Implct="false" Intrnl_Id="271">
<Cond/>
<LocList>
<Loc EndOffset="4400" SrcFileId="2" StartOffset="4215"/>
</LocList>
<StmntSeq Intrnl_Id="272">
<LocList>
<Loc EndOffset="4343" SrcFileId="2" StartOffset="4313"/>
<Loc EndOffset="4394" SrcFileId="2" StartOffset="4382"/>
</LocList>
<BasicStmnt CovItemId="S53" CovItemPrefix="game.Game.java" Intrnl_Id="273">
<LocList>
<Loc EndOffset="4343" SrcFileId="2" StartOffset="4313"/>
</LocList>
</BasicStmnt>
<BasicStmnt CovItemId="S54" CovItemPrefix="game.Game.java" Intrnl_Id="274">
<LocList>
<Loc EndOffset="4394" SrcFileId="2" StartOffset="4382"/>
</LocList>
</BasicStmnt>
</StmntSeq>
</Branch>
<Branch CovItemId="B29" CovItemPrefix="game.Game.java" Implct="true" Intrnl_Id="275">
<Cond/>
<LocList/>
<StmntSeq Intrnl_Id="276">
<LocList/>
</StmntSeq>
</Branch>
<Keyword EndOffset="4197" SrcFileId="2" StartOffset="4195"/>
<LocList>
<Loc EndOffset="4400" SrcFileId="2" StartOffset="4195"/>
</LocList>
<RootTerm CovItemId="C10" CovItemPrefix="game.Game.java" Intrnl_Id="277">
<BasicBoolTerm Intrnl_Id="278">
<LocList>
<Loc EndOffset="4214" SrcFileId="2" StartOffset="4198"/>
</LocList>
</BasicBoolTerm>
</RootTerm>
</CondStmnt>
<BasicStmnt CovItemId="S55" CovItemPrefix="game.Game.java" Intrnl_Id="279">
<LocList>
<Loc EndOffset="4411" SrcFileId="2" StartOffset="4405"/>
</LocList>
</BasicStmnt>
</StmntSeq>
</Branch>
<Branch CovItemId="B30" CovItemPrefix="game.Game.java" Implct="true" Intrnl_Id="280">
<Cond/>
<LocList/>
<StmntSeq Intrnl_Id="281">
<LocList/>
</StmntSeq>
</Branch>
<Keyword EndOffset="3257" SrcFileId="2" StartOffset="3251"/>
<LocList>
<Loc EndOffset="4420" SrcFileId="2" StartOffset="3251"/>
</LocList>
</CondStmnt>
<BasicStmnt CovItemId="S56" CovItemPrefix="game.Game.java" Intrnl_Id="282">
<LocList>
<Loc EndOffset="4437" SrcFileId="2" StartOffset="4424"/>
</LocList>
</BasicStmnt>
</StmntSeq>
</HierarchyLvl>
<HierarchyLvl HierarchyLvlId="20" HierarchyLvlTypeId="8" Intrnl_Id="283" Name="pull">
<Header>
<Loc EndOffset="4861" SrcFileId="2" StartOffset="4806"/>
</Header>
<LocList>
<Loc EndOffset="5732" SrcFileId="2" StartOffset="4806"/>
</LocList>
<StmntSeq Intrnl_Id="284">
<LocList>
<Loc EndOffset="4959" SrcFileId="2" StartOffset="4914"/>
<Loc EndOffset="5728" SrcFileId="2" StartOffset="5017"/>
</LocList>
<CondStmnt CovItemId="S57" CovItemPrefix="game.Game.java" Intrnl_Id="285">
<Branch CovItemId="B31" CovItemPrefix="game.Game.java" Implct="false" Intrnl_Id="286">
<Cond/>
<LocList>
<Loc EndOffset="4959" SrcFileId="2" StartOffset="4946"/>
</LocList>
<StmntSeq Intrnl_Id="287">
<LocList>
<Loc EndOffset="4959" SrcFileId="2" StartOffset="4946"/>
</LocList>
<BasicStmnt CovItemId="S58" CovItemPrefix="game.Game.java" Intrnl_Id="288">
<LocList>
<Loc EndOffset="4959" SrcFileId="2" StartOffset="4946"/>
</LocList>
</BasicStmnt>
</StmntSeq>
</Branch>
<Branch CovItemId="B32" CovItemPrefix="game.Game.java" Implct="true" Intrnl_Id="289">
<Cond/>
<LocList/>
<StmntSeq Intrnl_Id="290">
<LocList/>
</StmntSeq>
</Branch>
<Keyword EndOffset="4916" SrcFileId="2" StartOffset="4914"/>
<LocList>
<Loc EndOffset="4959" SrcFileId="2" StartOffset="4914"/>
</LocList>
<RootTerm CovItemId="C11" CovItemPrefix="game.Game.java" Intrnl_Id="291">
<BasicBoolTerm Intrnl_Id="292">
<LocList>
<Loc EndOffset="4944" SrcFileId="2" StartOffset="4917"/>
</LocList>
</BasicBoolTerm>
</RootTerm>
</CondStmnt>
<CondStmnt CovItemId="S59" CovItemPrefix="game.Game.java" Intrnl_Id="293">
<Branch CovItemId="B33" CovItemPrefix="game.Game.java" Implct="false" Intrnl_Id="294">
<Cond>
<Loc EndOffset="5045" SrcFileId="2" StartOffset="5039"/>
</Cond>
<LocList>
<Loc EndOffset="5200" SrcFileId="2" StartOffset="5051"/>
</LocList>
<StmntSeq Intrnl_Id="295">
<LocList>
<Loc EndOffset="5182" SrcFileId="2" StartOffset="5051"/>
<Loc EndOffset="5200" SrcFileId="2" StartOffset="5187"/>
</LocList>
<CondStmnt CovItemId="S60" CovItemPrefix="game.Game.java" Intrnl_Id="296">
<Branch CovItemId="B34" CovItemPrefix="game.Game.java" Implct="false" Intrnl_Id="297">
<Cond/>
<LocList>
<Loc EndOffset="5182" SrcFileId="2" StartOffset="5118"/>
</LocList>
<StmntSeq Intrnl_Id="298">
<LocList>
<Loc EndOffset="5158" SrcFileId="2" StartOffset="5125"/>
<Loc EndOffset="5176" SrcFileId="2" StartOffset="5164"/>
</LocList>
<BasicStmnt CovItemId="S61" CovItemPrefix="game.Game.java" Intrnl_Id="299">
<LocList>
<Loc EndOffset="5158" SrcFileId="2" StartOffset="5125"/>
</LocList>
</BasicStmnt>
<BasicStmnt CovItemId="S62" CovItemPrefix="game.Game.java" Intrnl_Id="300">
<LocList>
<Loc EndOffset="5176" SrcFileId="2" StartOffset="5164"/>
</LocList>
</BasicStmnt>
</StmntSeq>
</Branch>
<Branch CovItemId="B35" CovItemPrefix="game.Game.java" Implct="true" Intrnl_Id="301">
<Cond/>
<LocList/>
<StmntSeq Intrnl_Id="302">
<LocList/>
</StmntSeq>
</Branch>
<Keyword EndOffset="5053" SrcFileId="2" StartOffset="5051"/>
<LocList>
<Loc EndOffset="5182" SrcFileId="2" StartOffset="5051"/>
</LocList>
<RootTerm CovItemId="C12" CovItemPrefix="game.Game.java" Intrnl_Id="303">
<OpTerm BooleanOpId="5" Intrnl_Id="304">
<BasicBoolTerm Intrnl_Id="305">
<LocList>
<Loc EndOffset="5084" SrcFileId="2" StartOffset="5055"/>
</LocList>
</BasicBoolTerm>
<BasicBoolTerm Intrnl_Id="306">
<LocList>
<Loc EndOffset="5116" SrcFileId="2" StartOffset="5088"/>
</LocList>
</BasicBoolTerm>
<LocList>
<Loc EndOffset="5087" SrcFileId="2" StartOffset="5085"/>
</LocList>
</OpTerm>
</RootTerm>
</CondStmnt>
<BasicStmnt CovItemId="S63" CovItemPrefix="game.Game.java" Intrnl_Id="307">
<LocList>
<Loc EndOffset="5200" SrcFileId="2" StartOffset="5187"/>
</LocList>
</BasicStmnt>
</StmntSeq>
</Branch>
<Branch CovItemId="B36" CovItemPrefix="game.Game.java" Implct="false" Intrnl_Id="308">
<Cond>
<Loc EndOffset="5210" SrcFileId="2" StartOffset="5204"/>
</Cond>
<LocList>
<Loc EndOffset="5365" SrcFileId="2" StartOffset="5216"/>
</LocList>
<StmntSeq Intrnl_Id="309">
<LocList>
<Loc EndOffset="5347" SrcFileId="2" StartOffset="5216"/>
<Loc EndOffset="5365" SrcFileId="2" StartOffset="5352"/>
</LocList>
<CondStmnt CovItemId="S64" CovItemPrefix="game.Game.java" Intrnl_Id="310">
<Branch CovItemId="B37" CovItemPrefix="game.Game.java" Implct="false" Intrnl_Id="311">
<Cond/>
<LocList>
<Loc EndOffset="5347" SrcFileId="2" StartOffset="5283"/>
</LocList>
<StmntSeq Intrnl_Id="312">
<LocList>
<Loc EndOffset="5323" SrcFileId="2" StartOffset="5290"/>
<Loc EndOffset="5341" SrcFileId="2" StartOffset="5329"/>
</LocList>
<BasicStmnt CovItemId="S65" CovItemPrefix="game.Game.java" Intrnl_Id="313">
<LocList>
<Loc EndOffset="5323" SrcFileId="2" StartOffset="5290"/>
</LocList>
</BasicStmnt>
<BasicStmnt CovItemId="S66" CovItemPrefix="game.Game.java" Intrnl_Id="314">
<LocList>
<Loc EndOffset="5341" SrcFileId="2" StartOffset="5329"/>
</LocList>
</BasicStmnt>
</StmntSeq>
</Branch>
<Branch CovItemId="B38" CovItemPrefix="game.Game.java" Implct="true" Intrnl_Id="315">
<Cond/>
<LocList/>
<StmntSeq Intrnl_Id="316">
<LocList/>
</StmntSeq>
</Branch>
<Keyword EndOffset="5218" SrcFileId="2" StartOffset="5216"/>
<LocList>
<Loc EndOffset="5347" SrcFileId="2" StartOffset="5216"/>
</LocList>
<RootTerm CovItemId="C13" CovItemPrefix="game.Game.java" Intrnl_Id="317">
<OpTerm BooleanOpId="5" Intrnl_Id="318">
<BasicBoolTerm Intrnl_Id="319">
<LocList>
<Loc EndOffset="5249" SrcFileId="2" StartOffset="5220"/>
</LocList>
</BasicBoolTerm>
<BasicBoolTerm Intrnl_Id="320">
<LocList>
<Loc EndOffset="5281" SrcFileId="2" StartOffset="5253"/>
</LocList>
</BasicBoolTerm>
<LocList>
<Loc EndOffset="5252" SrcFileId="2" StartOffset="5250"/>
</LocList>
</OpTerm>
</RootTerm>
</CondStmnt>
<BasicStmnt CovItemId="S67" CovItemPrefix="game.Game.java" Intrnl_Id="321">
<LocList>
<Loc EndOffset="5365" SrcFileId="2" StartOffset="5352"/>
</LocList>
</BasicStmnt>
</StmntSeq>
</Branch>
<Branch CovItemId="B39" CovItemPrefix="game.Game.java" Implct="false" Intrnl_Id="322">
<Cond>
<Loc EndOffset="5375" SrcFileId="2" StartOffset="5369"/>
</Cond>
<LocList>
<Loc EndOffset="5528" SrcFileId="2" StartOffset="5381"/>
</LocList>
<StmntSeq Intrnl_Id="323">
<LocList>
<Loc EndOffset="5510" SrcFileId="2" StartOffset="5381"/>
<Loc EndOffset="5528" SrcFileId="2" StartOffset="5515"/>
</LocList>
<CondStmnt CovItemId="S68" CovItemPrefix="game.Game.java" Intrnl_Id="324">
<Branch CovItemId="B40" CovItemPrefix="game.Game.java" Implct="false" Intrnl_Id="325">
<Cond/>
<LocList>
<Loc EndOffset="5510" SrcFileId="2" StartOffset="5446"/>
</LocList>
<StmntSeq Intrnl_Id="326">
<LocList>
<Loc EndOffset="5486" SrcFileId="2" StartOffset="5453"/>
<Loc EndOffset="5504" SrcFileId="2" StartOffset="5492"/>
</LocList>
<BasicStmnt CovItemId="S69" CovItemPrefix="game.Game.java" Intrnl_Id="327">
<LocList>
<Loc EndOffset="5486" SrcFileId="2" StartOffset="5453"/>
</LocList>
</BasicStmnt>
<BasicStmnt CovItemId="S70" CovItemPrefix="game.Game.java" Intrnl_Id="328">
<LocList>
<Loc EndOffset="5504" SrcFileId="2" StartOffset="5492"/>
</LocList>
</BasicStmnt>
</StmntSeq>
</Branch>
<Branch CovItemId="B41" CovItemPrefix="game.Game.java" Implct="true" Intrnl_Id="329">
<Cond/>
<LocList/>
<StmntSeq Intrnl_Id="330">
<LocList/>
</StmntSeq>
</Branch>
<Keyword EndOffset="5383" SrcFileId="2" StartOffset="5381"/>
<LocList>
<Loc EndOffset="5510" SrcFileId="2" StartOffset="5381"/>
</LocList>
<RootTerm CovItemId="C14" CovItemPrefix="game.Game.java" Intrnl_Id="331">
<OpTerm BooleanOpId="5" Intrnl_Id="332">
<BasicBoolTerm Intrnl_Id="333">
<LocList>
<Loc EndOffset="5413" SrcFileId="2" StartOffset="5384"/>
</LocList>
</BasicBoolTerm>
<BasicBoolTerm Intrnl_Id="334">
<LocList>
<Loc EndOffset="5445" SrcFileId="2" StartOffset="5417"/>
</LocList>
</BasicBoolTerm>
<LocList>
<Loc EndOffset="5416" SrcFileId="2" StartOffset="5414"/>
</LocList>
</OpTerm>
</RootTerm>
</CondStmnt>
<BasicStmnt CovItemId="S71" CovItemPrefix="game.Game.java" Intrnl_Id="335">
<LocList>
<Loc EndOffset="5528" SrcFileId="2" StartOffset="5515"/>
</LocList>
</BasicStmnt>
</StmntSeq>
</Branch>
<Branch CovItemId="B42" CovItemPrefix="game.Game.java" Implct="false" Intrnl_Id="336">
<Cond>
<Loc EndOffset="5538" SrcFileId="2" StartOffset="5532"/>
</Cond>
<LocList>
<Loc EndOffset="5693" SrcFileId="2" StartOffset="5544"/>
</LocList>
<StmntSeq Intrnl_Id="337">
<LocList>
<Loc EndOffset="5675" SrcFileId="2" StartOffset="5544"/>
<Loc EndOffset="5693" SrcFileId="2" StartOffset="5680"/>
</LocList>
<CondStmnt CovItemId="S72" CovItemPrefix="game.Game.java" Intrnl_Id="338">
<Branch CovItemId="B43" CovItemPrefix="game.Game.java" Implct="false" Intrnl_Id="339">
<Cond/>
<LocList>
<Loc EndOffset="5675" SrcFileId="2" StartOffset="5611"/>
</LocList>
<StmntSeq Intrnl_Id="340">
<LocList>
<Loc EndOffset="5651" SrcFileId="2" StartOffset="5618"/>
<Loc EndOffset="5669" SrcFileId="2" StartOffset="5657"/>
</LocList>
<BasicStmnt CovItemId="S73" CovItemPrefix="game.Game.java" Intrnl_Id="341">
<LocList>
<Loc EndOffset="5651" SrcFileId="2" StartOffset="5618"/>
</LocList>
</BasicStmnt>
<BasicStmnt CovItemId="S74" CovItemPrefix="game.Game.java" Intrnl_Id="342">
<LocList>
<Loc EndOffset="5669" SrcFileId="2" StartOffset="5657"/>
</LocList>
</BasicStmnt>
</StmntSeq>
</Branch>
<Branch CovItemId="B44" CovItemPrefix="game.Game.java" Implct="true" Intrnl_Id="343">
<Cond/>
<LocList/>
<StmntSeq Intrnl_Id="344">
<LocList/>
</StmntSeq>
</Branch>
<Keyword EndOffset="5546" SrcFileId="2" StartOffset="5544"/>
<LocList>
<Loc EndOffset="5675" SrcFileId="2" StartOffset="5544"/>
</LocList>
<RootTerm CovItemId="C15" CovItemPrefix="game.Game.java" Intrnl_Id="345">
<OpTerm BooleanOpId="5" Intrnl_Id="346">
<BasicBoolTerm Intrnl_Id="347">
<LocList>
<Loc EndOffset="5577" SrcFileId="2" StartOffset="5548"/>
</LocList>
</BasicBoolTerm>
<BasicBoolTerm Intrnl_Id="348">
<LocList>
<Loc EndOffset="5609" SrcFileId="2" StartOffset="5581"/>
</LocList>
</BasicBoolTerm>
<LocList>
<Loc EndOffset="5580" SrcFileId="2" StartOffset="5578"/>
</LocList>
</OpTerm>
</RootTerm>
</CondStmnt>
<BasicStmnt CovItemId="S75" CovItemPrefix="game.Game.java" Intrnl_Id="349">
<LocList>
<Loc EndOffset="5693" SrcFileId="2" StartOffset="5680"/>
</LocList>
</BasicStmnt>
</StmntSeq>
</Branch>
<Branch CovItemId="B45" CovItemPrefix="game.Game.java" Implct="false" Intrnl_Id="350">
<Cond>
<Loc EndOffset="5704" SrcFileId="2" StartOffset="5697"/>
</Cond>
<LocList>
<Loc EndOffset="5723" SrcFileId="2" StartOffset="5710"/>
</LocList>
<StmntSeq Intrnl_Id="351">
<LocList>
<Loc EndOffset="5723" SrcFileId="2" StartOffset="5710"/>
</LocList>
<BasicStmnt CovItemId="S76" CovItemPrefix="game.Game.java" Intrnl_Id="352">
<LocList>
<Loc EndOffset="5723" SrcFileId="2" StartOffset="5710"/>
</LocList>
</BasicStmnt>
</StmntSeq>
</Branch>
<Keyword EndOffset="5023" SrcFileId="2" StartOffset="5017"/>
<LocList>
<Loc EndOffset="5728" SrcFileId="2" StartOffset="5017"/>
</LocList>
</CondStmnt>
</StmntSeq>
</HierarchyLvl>
</HierarchyLvl>
<HierarchyLvl HierarchyLvlId="48" HierarchyLvlTypeId="9" Intrnl_Id="353" Name="GUI">
<Header>
<Loc EndOffset="607" SrcFileId="3" StartOffset="591"/>
</Header>
<LocList>
<Loc EndOffset="11534" SrcFileId="3" StartOffset="591"/>
<Loc EndOffset="16832" SrcFileId="3" StartOffset="16827"/>
<Loc EndOffset="17358" SrcFileId="3" StartOffset="17353"/>
<Loc EndOffset="17588" SrcFileId="3" StartOffset="17583"/>
<Loc EndOffset="18452" SrcFileId="3" StartOffset="18446"/>
<Loc EndOffset="20912" SrcFileId="3" StartOffset="20909"/>
</LocList>
<StmntSeq Intrnl_Id="354">
<LocList>
<Loc EndOffset="766" SrcFileId="3" StartOffset="725"/>
</LocList>
<BasicStmnt CovItemId="S1" CovItemPrefix="game.GUI.java" Intrnl_Id="355">
<LocList>
<Loc EndOffset="766" SrcFileId="3" StartOffset="725"/>
</LocList>
</BasicStmnt>
</StmntSeq>
<HierarchyLvl HierarchyLvlId="22" HierarchyLvlTypeId="8" Intrnl_Id="356" Name="GUI">
<Header>
<Loc EndOffset="821" SrcFileId="3" StartOffset="809"/>
</Header>
<LocList>
<Loc EndOffset="1201" SrcFileId="3" StartOffset="809"/>
</LocList>
<StmntSeq Intrnl_Id="357">
<LocList>
<Loc EndOffset="852" SrcFileId="3" StartOffset="827"/>
<Loc EndOffset="881" SrcFileId="3" StartOffset="856"/>
<Loc EndOffset="908" SrcFileId="3" StartOffset="885"/>
<Loc EndOffset="952" SrcFileId="3" StartOffset="912"/>
<Loc EndOffset="1000" SrcFileId="3" StartOffset="956"/>
<Loc EndOffset="1040" SrcFileId="3" StartOffset="1004"/>
<Loc EndOffset="1081" SrcFileId="3" StartOffset="1044"/>
<Loc EndOffset="1130" SrcFileId="3" StartOffset="1085"/>
<Loc EndOffset="1195" SrcFileId="3" StartOffset="1134"/>
</LocList>
<BasicStmnt CovItemId="S2" CovItemPrefix="game.GUI.java" Intrnl_Id="358">
<LocList>
<Loc EndOffset="852" SrcFileId="3" StartOffset="827"/>
</LocList>
</BasicStmnt>
<BasicStmnt CovItemId="S3" CovItemPrefix="game.GUI.java" Intrnl_Id="359">
<LocList>
<Loc EndOffset="881" SrcFileId="3" StartOffset="856"/>
</LocList>
</BasicStmnt>
<BasicStmnt CovItemId="S4" CovItemPrefix="game.GUI.java" Intrnl_Id="360">
<LocList>
<Loc EndOffset="908" SrcFileId="3" StartOffset="885"/>
</LocList>
</BasicStmnt>
<BasicStmnt CovItemId="S5" CovItemPrefix="game.GUI.java" Intrnl_Id="361">
<LocList>
<Loc EndOffset="952" SrcFileId="3" StartOffset="912"/>
</LocList>
</BasicStmnt>
<BasicStmnt CovItemId="S6" CovItemPrefix="game.GUI.java" Intrnl_Id="362">
<LocList>
<Loc EndOffset="1000" SrcFileId="3" StartOffset="956"/>
</LocList>
</BasicStmnt>
<BasicStmnt CovItemId="S7" CovItemPrefix="game.GUI.java" Intrnl_Id="363">
<LocList>
<Loc EndOffset="1040" SrcFileId="3" StartOffset="1004"/>
</LocList>
</BasicStmnt>
<BasicStmnt CovItemId="S8" CovItemPrefix="game.GUI.java" Intrnl_Id="364">
<LocList>
<Loc EndOffset="1081" SrcFileId="3" StartOffset="1044"/>
</LocList>
</BasicStmnt>
<BasicStmnt CovItemId="S9" CovItemPrefix="game.GUI.java" Intrnl_Id="365">
<LocList>
<Loc EndOffset="1130" SrcFileId="3" StartOffset="1085"/>
</LocList>
</BasicStmnt>
<BasicStmnt CovItemId="S10" CovItemPrefix="game.GUI.java" Intrnl_Id="366">
<LocList>
<Loc EndOffset="1195" SrcFileId="3" StartOffset="1134"/>
</LocList>
</BasicStmnt>
</StmntSeq>
</HierarchyLvl>
<HierarchyLvl HierarchyLvlId="23" HierarchyLvlTypeId="8" Intrnl_Id="367" Name="main">
<Header>
<Loc EndOffset="1244" SrcFileId="3" StartOffset="1206"/>
</Header>
<LocList>
<Loc EndOffset="2708" SrcFileId="3" StartOffset="1206"/>
</LocList>
<StmntSeq Intrnl_Id="368">
<LocList>
<Loc EndOffset="1268" SrcFileId="3" StartOffset="1250"/>
<Loc EndOffset="1431" SrcFileId="3" StartOffset="1334"/>
<Loc EndOffset="1485" SrcFileId="3" StartOffset="1435"/>
<Loc EndOffset="1518" SrcFileId="3" StartOffset="1489"/>
<Loc EndOffset="1545" SrcFileId="3" StartOffset="1522"/>
<Loc EndOffset="1636" SrcFileId="3" StartOffset="1598"/>
<Loc EndOffset="1671" SrcFileId="3" StartOffset="1640"/>
<Loc EndOffset="1709" SrcFileId="3" StartOffset="1675"/>
<Loc EndOffset="1756" SrcFileId="3" StartOffset="1713"/>
<Loc EndOffset="1822" SrcFileId="3" StartOffset="1760"/>
<Loc EndOffset="1916" SrcFileId="3" StartOffset="1826"/>
<Loc EndOffset="1945" SrcFileId="3" StartOffset="1920"/>
<Loc EndOffset="1980" SrcFileId="3" StartOffset="1949"/>
<Loc EndOffset="2090" SrcFileId="3" StartOffset="2033"/>
<Loc EndOffset="2183" SrcFileId="3" StartOffset="2144"/>
<Loc EndOffset="2219" SrcFileId="3" StartOffset="2187"/>
<Loc EndOffset="2259" SrcFileId="3" StartOffset="2223"/>
<Loc EndOffset="2308" SrcFileId="3" StartOffset="2263"/>
<Loc EndOffset="2376" SrcFileId="3" StartOffset="2312"/>
<Loc EndOffset="2476" SrcFileId="3" StartOffset="2380"/>
<Loc EndOffset="2506" SrcFileId="3" StartOffset="2480"/>
<Loc EndOffset="2542" SrcFileId="3" StartOffset="2510"/>
<Loc EndOffset="2659" SrcFileId="3" StartOffset="2600"/>
<Loc EndOffset="2704" SrcFileId="3" StartOffset="2665"/>
</LocList>
<BasicStmnt CovItemId="S11" CovItemPrefix="game.GUI.java" Intrnl_Id="369">
<LocList>
<Loc EndOffset="1268" SrcFileId="3" StartOffset="1250"/>
</LocList>
</BasicStmnt>
<BasicStmnt CovItemId="S12" CovItemPrefix="game.GUI.java" Intrnl_Id="370">
<LocList>
<Loc EndOffset="1431" SrcFileId="3" StartOffset="1334"/>
</LocList>
</BasicStmnt>
<BasicStmnt CovItemId="S13" CovItemPrefix="game.GUI.java" Intrnl_Id="371">
<LocList>
<Loc EndOffset="1485" SrcFileId="3" StartOffset="1435"/>
</LocList>
</BasicStmnt>
<BasicStmnt CovItemId="S14" CovItemPrefix="game.GUI.java" Intrnl_Id="372">
<LocList>
<Loc EndOffset="1518" SrcFileId="3" StartOffset="1489"/>
</LocList>
</BasicStmnt>
<BasicStmnt CovItemId="S15" CovItemPrefix="game.GUI.java" Intrnl_Id="373">
<LocList>
<Loc EndOffset="1545" SrcFileId="3" StartOffset="1522"/>
</LocList>
</BasicStmnt>
<BasicStmnt CovItemId="S16" CovItemPrefix="game.GUI.java" Intrnl_Id="374">
<LocList>
<Loc EndOffset="1636" SrcFileId="3" StartOffset="1598"/>
</LocList>
</BasicStmnt>
<BasicStmnt CovItemId="S17" CovItemPrefix="game.GUI.java" Intrnl_Id="375">
<LocList>
<Loc EndOffset="1671" SrcFileId="3" StartOffset="1640"/>
</LocList>
</BasicStmnt>
<BasicStmnt CovItemId="S18" CovItemPrefix="game.GUI.java" Intrnl_Id="376">
<LocList>
<Loc EndOffset="1709" SrcFileId="3" StartOffset="1675"/>
</LocList>
</BasicStmnt>
<BasicStmnt CovItemId="S19" CovItemPrefix="game.GUI.java" Intrnl_Id="377">
<LocList>
<Loc EndOffset="1756" SrcFileId="3" StartOffset="1713"/>
</LocList>
</BasicStmnt>
<BasicStmnt CovItemId="S20" CovItemPrefix="game.GUI.java" Intrnl_Id="378">
<LocList>
<Loc EndOffset="1822" SrcFileId="3" StartOffset="1760"/>
</LocList>
</BasicStmnt>
<BasicStmnt CovItemId="S21" CovItemPrefix="game.GUI.java" Intrnl_Id="379">
<LocList>
<Loc EndOffset="1916" SrcFileId="3" StartOffset="1826"/>
</LocList>
</BasicStmnt>
<BasicStmnt CovItemId="S22" CovItemPrefix="game.GUI.java" Intrnl_Id="380">
<LocList>
<Loc EndOffset="1945" SrcFileId="3" StartOffset="1920"/>
</LocList>
</BasicStmnt>
<BasicStmnt CovItemId="S23" CovItemPrefix="game.GUI.java" Intrnl_Id="381">
<LocList>
<Loc EndOffset="1980" SrcFileId="3" StartOffset="1949"/>
</LocList>
</BasicStmnt>
<BasicStmnt CovItemId="S24" CovItemPrefix="game.GUI.java" Intrnl_Id="382">
<LocList>
<Loc EndOffset="2090" SrcFileId="3" StartOffset="2033"/>
</LocList>
</BasicStmnt>
<BasicStmnt CovItemId="S25" CovItemPrefix="game.GUI.java" Intrnl_Id="383">
<LocList>
<Loc EndOffset="2183" SrcFileId="3" StartOffset="2144"/>
</LocList>
</BasicStmnt>
<BasicStmnt CovItemId="S26" CovItemPrefix="game.GUI.java" Intrnl_Id="384">
<LocList>
<Loc EndOffset="2219" SrcFileId="3" StartOffset="2187"/>
</LocList>
</BasicStmnt>
<BasicStmnt CovItemId="S27" CovItemPrefix="game.GUI.java" Intrnl_Id="385">
<LocList>
<Loc EndOffset="2259" SrcFileId="3" StartOffset="2223"/>
</LocList>
</BasicStmnt>
<BasicStmnt CovItemId="S28" CovItemPrefix="game.GUI.java" Intrnl_Id="386">
<LocList>
<Loc EndOffset="2308" SrcFileId="3" StartOffset="2263"/>
</LocList>
</BasicStmnt>
<BasicStmnt CovItemId="S29" CovItemPrefix="game.GUI.java" Intrnl_Id="387">
<LocList>
<Loc EndOffset="2376" SrcFileId="3" StartOffset="2312"/>
</LocList>
</BasicStmnt>
<BasicStmnt CovItemId="S30" CovItemPrefix="game.GUI.java" Intrnl_Id="388">
<LocList>
<Loc EndOffset="2476" SrcFileId="3" StartOffset="2380"/>
</LocList>
</BasicStmnt>
<BasicStmnt CovItemId="S31" CovItemPrefix="game.GUI.java" Intrnl_Id="389">
<LocList>
<Loc EndOffset="2506" SrcFileId="3" StartOffset="2480"/>
</LocList>
</BasicStmnt>
<BasicStmnt CovItemId="S32" CovItemPrefix="game.GUI.java" Intrnl_Id="390">
<LocList>
<Loc EndOffset="2542" SrcFileId="3" StartOffset="2510"/>
</LocList>
</BasicStmnt>
<BasicStmnt CovItemId="S33" CovItemPrefix="game.GUI.java" Intrnl_Id="391">
<LocList>
<Loc EndOffset="2659" SrcFileId="3" StartOffset="2600"/>
</LocList>
</BasicStmnt>
<BasicStmnt CovItemId="S34" CovItemPrefix="game.GUI.java" Intrnl_Id="392">
<LocList>
<Loc EndOffset="2704" SrcFileId="3" StartOffset="2665"/>
</LocList>
</BasicStmnt>
</StmntSeq>
</HierarchyLvl>
<HierarchyLvl HierarchyLvlId="24" HierarchyLvlTypeId="8" Intrnl_Id="393" Name="getP1name">
<Header>
<Loc EndOffset="2738" SrcFileId="3" StartOffset="2713"/>
</Header>
<LocList>
<Loc EndOffset="2762" SrcFileId="3" StartOffset="2713"/>
</LocList>
<StmntSeq Intrnl_Id="394">
<LocList>
<Loc EndOffset="2758" SrcFileId="3" StartOffset="2744"/>
</LocList>
<BasicStmnt CovItemId="S35" CovItemPrefix="game.GUI.java" Intrnl_Id="395">
<LocList>
<Loc EndOffset="2758" SrcFileId="3" StartOffset="2744"/>
</LocList>
</BasicStmnt>
</StmntSeq>
</HierarchyLvl>
<HierarchyLvl HierarchyLvlId="25" HierarchyLvlTypeId="8" Intrnl_Id="396" Name="setP1name">
<Header>
<Loc EndOffset="2803" SrcFileId="3" StartOffset="2767"/>
</Header>
<LocList>
<Loc EndOffset="2834" SrcFileId="3" StartOffset="2767"/>
</LocList>
<StmntSeq Intrnl_Id="397">
<LocList>
<Loc EndOffset="2830" SrcFileId="3" StartOffset="2809"/>
</LocList>
<BasicStmnt CovItemId="S36" CovItemPrefix="game.GUI.java" Intrnl_Id="398">
<LocList>
<Loc EndOffset="2830" SrcFileId="3" StartOffset="2809"/>
</LocList>
</BasicStmnt>
</StmntSeq>
</HierarchyLvl>
<HierarchyLvl HierarchyLvlId="26" HierarchyLvlTypeId="8" Intrnl_Id="399" Name="getP2name">
<Header>
<Loc EndOffset="2864" SrcFileId="3" StartOffset="2839"/>
</Header>
<LocList>
<Loc EndOffset="2888" SrcFileId="3" StartOffset="2839"/>
</LocList>
<StmntSeq Intrnl_Id="400">
<LocList>
<Loc EndOffset="2884" SrcFileId="3" StartOffset="2870"/>
</LocList>
<BasicStmnt CovItemId="S37" CovItemPrefix="game.GUI.java" Intrnl_Id="401">
<LocList>
<Loc EndOffset="2884" SrcFileId="3" StartOffset="2870"/>
</LocList>
</BasicStmnt>
</StmntSeq>
</HierarchyLvl>
<HierarchyLvl HierarchyLvlId="27" HierarchyLvlTypeId="8" Intrnl_Id="402" Name="setP2name">
<Header>
<Loc EndOffset="2929" SrcFileId="3" StartOffset="2893"/>
</Header>
<LocList>
<Loc EndOffset="2960" SrcFileId="3" StartOffset="2893"/>
</LocList>
<StmntSeq Intrnl_Id="403">
<LocList>
<Loc EndOffset="2956" SrcFileId="3" StartOffset="2935"/>
</LocList>
<BasicStmnt CovItemId="S38" CovItemPrefix="game.GUI.java" Intrnl_Id="404">
<LocList>
<Loc EndOffset="2956" SrcFileId="3" StartOffset="2935"/>
</LocList>
</BasicStmnt>
</StmntSeq>
</HierarchyLvl>
<HierarchyLvl HierarchyLvlId="28" HierarchyLvlTypeId="8" Intrnl_Id="405" Name="getActiveFrames">
<Header>
<Loc EndOffset="3007" SrcFileId="3" StartOffset="2965"/>
</Header>
<LocList>
<Loc EndOffset="3037" SrcFileId="3" StartOffset="2965"/>
</LocList>
<StmntSeq Intrnl_Id="406">
<LocList>
<Loc EndOffset="3033" SrcFileId="3" StartOffset="3013"/>
</LocList>
<BasicStmnt CovItemId="S39" CovItemPrefix="game.GUI.java" Intrnl_Id="407">
<LocList>
<Loc EndOffset="3033" SrcFileId="3" StartOffset="3013"/>
</LocList>
</BasicStmnt>
</StmntSeq>
</HierarchyLvl>
<HierarchyLvl HierarchyLvlId="29" HierarchyLvlTypeId="8" Intrnl_Id="408" Name="setActiveFrames">
<Header>
<Loc EndOffset="3095" SrcFileId="3" StartOffset="3042"/>
</Header>
<LocList>
<Loc EndOffset="3132" SrcFileId="3" StartOffset="3042"/>
</LocList>
<StmntSeq Intrnl_Id="409">
<LocList>
<Loc EndOffset="3128" SrcFileId="3" StartOffset="3101"/>
</LocList>
<BasicStmnt CovItemId="S40" CovItemPrefix="game.GUI.java" Intrnl_Id="410">
<LocList>
<Loc EndOffset="3128" SrcFileId="3" StartOffset="3101"/>
</LocList>
</BasicStmnt>
</StmntSeq>
</HierarchyLvl>
<HierarchyLvl HierarchyLvlId="30" HierarchyLvlTypeId="8" Intrnl_Id="411" Name="renderInitialBoard">
<Header>
<Loc EndOffset="3170" SrcFileId="3" StartOffset="3137"/>
</Header>
<LocList>
<Loc EndOffset="9014" SrcFileId="3" StartOffset="3137"/>
</LocList>
<StmntSeq Intrnl_Id="412">
<LocList>
<Loc EndOffset="3237" SrcFileId="3" StartOffset="3176"/>
<Loc EndOffset="9010" SrcFileId="3" StartOffset="3241"/>
</LocList>
<BasicStmnt CovItemId="S41" CovItemPrefix="game.GUI.java" Intrnl_Id="413">
<LocList>
<Loc EndOffset="3237" SrcFileId="3" StartOffset="3176"/>
</LocList>
</BasicStmnt>
<LoopStmnt CovItemId="S42" CovItemPrefix="game.GUI.java" Intrnl_Id="414" MltplExecId="L1-2" MltplExecPrefix="game.GUI.java" NvrExecId="L1-0" NvrExecPrefix="game.GUI.java" OnceExecutedId="L1-1" OnceExecutedPrefix="game.GUI.java" OptBodyExec="true">
<StmntSeq Intrnl_Id="415">
<LocList>
<Loc EndOffset="9005" SrcFileId="3" StartOffset="3281"/>
</LocList>
<LoopStmnt CovItemId="S43" CovItemPrefix="game.GUI.java" Intrnl_Id="416" MltplExecId="L2-2" MltplExecPrefix="game.GUI.java" NvrExecId="L2-0" NvrExecPrefix="game.GUI.java" OnceExecutedId="L2-1" OnceExecutedPrefix="game.GUI.java" OptBodyExec="true">
<StmntSeq Intrnl_Id="417">
<LocList>
<Loc EndOffset="3364" SrcFileId="3" StartOffset="3331"/>
<Loc EndOffset="8999" SrcFileId="3" StartOffset="3370"/>
</LocList>
<BasicStmnt CovItemId="S44" CovItemPrefix="game.GUI.java" Intrnl_Id="418">
<LocList>
<Loc EndOffset="3364" SrcFileId="3" StartOffset="3331"/>
</LocList>
</BasicStmnt>
<CondStmnt CovItemId="S45" CovItemPrefix="game.GUI.java" Intrnl_Id="419">
<Branch CovItemId="B1" CovItemPrefix="game.GUI.java" Implct="false" Intrnl_Id="420">
<Cond>
<Loc EndOffset="3396" SrcFileId="3" StartOffset="3388"/>
</Cond>
<LocList>
<Loc EndOffset="3895" SrcFileId="3" StartOffset="3404"/>
</LocList>
<StmntSeq Intrnl_Id="421">
<LocList>
<Loc EndOffset="3529" SrcFileId="3" StartOffset="3404"/>
<Loc EndOffset="3580" SrcFileId="3" StartOffset="3536"/>
<Loc EndOffset="3618" SrcFileId="3" StartOffset="3587"/>
<Loc EndOffset="3662" SrcFileId="3" StartOffset="3625"/>
<Loc EndOffset="3781" SrcFileId="3" StartOffset="3669"/>
<Loc EndOffset="3824" SrcFileId="3" StartOffset="3788"/>
<Loc EndOffset="3882" SrcFileId="3" StartOffset="3831"/>
<Loc EndOffset="3895" SrcFileId="3" StartOffset="3889"/>
</LocList>
<BasicStmnt CovItemId="S46" CovItemPrefix="game.GUI.java" Intrnl_Id="422">
<LocList>
<Loc EndOffset="3529" SrcFileId="3" StartOffset="3404"/>
</LocList>
</BasicStmnt>
<BasicStmnt CovItemId="S47" CovItemPrefix="game.GUI.java" Intrnl_Id="423">
<LocList>
<Loc EndOffset="3580" SrcFileId="3" StartOffset="3536"/>
</LocList>
</BasicStmnt>
<BasicStmnt CovItemId="S48" CovItemPrefix="game.GUI.java" Intrnl_Id="424">
<LocList>
<Loc EndOffset="3618" SrcFileId="3" StartOffset="3587"/>
</LocList>
</BasicStmnt>
<BasicStmnt CovItemId="S49" CovItemPrefix="game.GUI.java" Intrnl_Id="425">
<LocList>
<Loc EndOffset="3662" SrcFileId="3" StartOffset="3625"/>
</LocList>
</BasicStmnt>
<BasicStmnt CovItemId="S50" CovItemPrefix="game.GUI.java" Intrnl_Id="426">
<LocList>
<Loc EndOffset="3781" SrcFileId="3" StartOffset="3669"/>
</LocList>
</BasicStmnt>
<BasicStmnt CovItemId="S51" CovItemPrefix="game.GUI.java" Intrnl_Id="427">
<LocList>
<Loc EndOffset="3824" SrcFileId="3" StartOffset="3788"/>
</LocList>
</BasicStmnt>
<BasicStmnt CovItemId="S52" CovItemPrefix="game.GUI.java" Intrnl_Id="428">
<LocList>
<Loc EndOffset="3882" SrcFileId="3" StartOffset="3831"/>
</LocList>
</BasicStmnt>
<BasicStmnt CovItemId="S53" CovItemPrefix="game.GUI.java" Intrnl_Id="429">
<LocList>
<Loc EndOffset="3895" SrcFileId="3" StartOffset="3889"/>
</LocList>
</BasicStmnt>
</StmntSeq>
</Branch>
<Branch CovItemId="B2" CovItemPrefix="game.GUI.java" Implct="false" Intrnl_Id="430">
<Cond>
<Loc EndOffset="3909" SrcFileId="3" StartOffset="3901"/>
</Cond>
<LocList>
<Loc EndOffset="4358" SrcFileId="3" StartOffset="3917"/>
</LocList>
<StmntSeq Intrnl_Id="431">
<LocList>
<Loc EndOffset="4025" SrcFileId="3" StartOffset="3917"/>
<Loc EndOffset="4073" SrcFileId="3" StartOffset="4032"/>
<Loc EndOffset="4108" SrcFileId="3" StartOffset="4080"/>
<Loc EndOffset="4149" SrcFileId="3" StartOffset="4115"/>
<Loc EndOffset="4250" SrcFileId="3" StartOffset="4156"/>
<Loc EndOffset="4290" SrcFileId="3" StartOffset="4257"/>
<Loc EndOffset="4345" SrcFileId="3" StartOffset="4297"/>
<Loc EndOffset="4358" SrcFileId="3" StartOffset="4352"/>
</LocList>
<BasicStmnt CovItemId="S54" CovItemPrefix="game.GUI.java" Intrnl_Id="432">
<LocList>
<Loc EndOffset="4025" SrcFileId="3" StartOffset="3917"/>
</LocList>
</BasicStmnt>
<BasicStmnt CovItemId="S55" CovItemPrefix="game.GUI.java" Intrnl_Id="433">
<LocList>
<Loc EndOffset="4073" SrcFileId="3" StartOffset="4032"/>
</LocList>
</BasicStmnt>
<BasicStmnt CovItemId="S56" CovItemPrefix="game.GUI.java" Intrnl_Id="434">
<LocList>
<Loc EndOffset="4108" SrcFileId="3" StartOffset="4080"/>
</LocList>
</BasicStmnt>
<BasicStmnt CovItemId="S57" CovItemPrefix="game.GUI.java" Intrnl_Id="435">
<LocList>
<Loc EndOffset="4149" SrcFileId="3" StartOffset="4115"/>
</LocList>
</BasicStmnt>
<BasicStmnt CovItemId="S58" CovItemPrefix="game.GUI.java" Intrnl_Id="436">
<LocList>
<Loc EndOffset="4250" SrcFileId="3" StartOffset="4156"/>
</LocList>
</BasicStmnt>
<BasicStmnt CovItemId="S59" CovItemPrefix="game.GUI.java" Intrnl_Id="437">
<LocList>
<Loc EndOffset="4290" SrcFileId="3" StartOffset="4257"/>
</LocList>
</BasicStmnt>
<BasicStmnt CovItemId="S60" CovItemPrefix="game.GUI.java" Intrnl_Id="438">
<LocList>
<Loc EndOffset="4345" SrcFileId="3" StartOffset="4297"/>
</LocList>
</BasicStmnt>
<BasicStmnt CovItemId="S61" CovItemPrefix="game.GUI.java" Intrnl_Id="439">
<LocList>
<Loc EndOffset="4358" SrcFileId="3" StartOffset="4352"/>
</LocList>
</BasicStmnt>
</StmntSeq>
</Branch>
<Branch CovItemId="B3" CovItemPrefix="game.GUI.java" Implct="false" Intrnl_Id="440">
<Cond>
<Loc EndOffset="4372" SrcFileId="3" StartOffset="4364"/>
</Cond>
<LocList>
<Loc EndOffset="4821" SrcFileId="3" StartOffset="4380"/>
</LocList>
<StmntSeq Intrnl_Id="441">
<LocList>
<Loc EndOffset="4488" SrcFileId="3" StartOffset="4380"/>
<Loc EndOffset="4536" SrcFileId="3" StartOffset="4495"/>
<Loc EndOffset="4571" SrcFileId="3" StartOffset="4543"/>
<Loc EndOffset="4612" SrcFileId="3" StartOffset="4578"/>
<Loc EndOffset="4713" SrcFileId="3" StartOffset="4619"/>
<Loc EndOffset="4753" SrcFileId="3" StartOffset="4720"/>
<Loc EndOffset="4808" SrcFileId="3" StartOffset="4760"/>
<Loc EndOffset="4821" SrcFileId="3" StartOffset="4815"/>
</LocList>
<BasicStmnt CovItemId="S62" CovItemPrefix="game.GUI.java" Intrnl_Id="442">
<LocList>
<Loc EndOffset="4488" SrcFileId="3" StartOffset="4380"/>
</LocList>
</BasicStmnt>
<BasicStmnt CovItemId="S63" CovItemPrefix="game.GUI.java" Intrnl_Id="443">
<LocList>
<Loc EndOffset="4536" SrcFileId="3" StartOffset="4495"/>
</LocList>
</BasicStmnt>
<BasicStmnt CovItemId="S64" CovItemPrefix="game.GUI.java" Intrnl_Id="444">
<LocList>
<Loc EndOffset="4571" SrcFileId="3" StartOffset="4543"/>
</LocList>
</BasicStmnt>
<BasicStmnt CovItemId="S65" CovItemPrefix="game.GUI.java" Intrnl_Id="445">
<LocList>
<Loc EndOffset="4612" SrcFileId="3" StartOffset="4578"/>
</LocList>
</BasicStmnt>
<BasicStmnt CovItemId="S66" CovItemPrefix="game.GUI.java" Intrnl_Id="446">
<LocList>
<Loc EndOffset="4713" SrcFileId="3" StartOffset="4619"/>
</LocList>
</BasicStmnt>
<BasicStmnt CovItemId="S67" CovItemPrefix="game.GUI.java" Intrnl_Id="447">
<LocList>
<Loc EndOffset="4753" SrcFileId="3" StartOffset="4720"/>
</LocList>
</BasicStmnt>
<BasicStmnt CovItemId="S68" CovItemPrefix="game.GUI.java" Intrnl_Id="448">
<LocList>
<Loc EndOffset="4808" SrcFileId="3" StartOffset="4760"/>
</LocList>
</BasicStmnt>
<BasicStmnt CovItemId="S69" CovItemPrefix="game.GUI.java" Intrnl_Id="449">
<LocList>
<Loc EndOffset="4821" SrcFileId="3" StartOffset="4815"/>
</LocList>
</BasicStmnt>
</StmntSeq>
</Branch>
<Branch CovItemId="B4" CovItemPrefix="game.GUI.java" Implct="false" Intrnl_Id="450">
<Cond>
<Loc EndOffset="4835" SrcFileId="3" StartOffset="4827"/>
</Cond>
<LocList>
<Loc EndOffset="5264" SrcFileId="3" StartOffset="4843"/>
</LocList>
<StmntSeq Intrnl_Id="451">
<LocList>
<Loc EndOffset="4947" SrcFileId="3" StartOffset="4843"/>
<Loc EndOffset="4993" SrcFileId="3" StartOffset="4954"/>
<Loc EndOffset="5026" SrcFileId="3" StartOffset="5000"/>
<Loc EndOffset="5065" SrcFileId="3" StartOffset="5033"/>
<Loc EndOffset="5160" SrcFileId="3" StartOffset="5072"/>
<Loc EndOffset="5198" SrcFileId="3" StartOffset="5167"/>
<Loc EndOffset="5251" SrcFileId="3" StartOffset="5205"/>
<Loc EndOffset="5264" SrcFileId="3" StartOffset="5258"/>
</LocList>
<BasicStmnt CovItemId="S70" CovItemPrefix="game.GUI.java" Intrnl_Id="452">
<LocList>
<Loc EndOffset="4947" SrcFileId="3" StartOffset="4843"/>
</LocList>
</BasicStmnt>
<BasicStmnt CovItemId="S71" CovItemPrefix="game.GUI.java" Intrnl_Id="453">
<LocList>
<Loc EndOffset="4993" SrcFileId="3" StartOffset="4954"/>
</LocList>
</BasicStmnt>
<BasicStmnt CovItemId="S72" CovItemPrefix="game.GUI.java" Intrnl_Id="454">
<LocList>
<Loc EndOffset="5026" SrcFileId="3" StartOffset="5000"/>
</LocList>
</BasicStmnt>
<BasicStmnt CovItemId="S73" CovItemPrefix="game.GUI.java" Intrnl_Id="455">
<LocList>
<Loc EndOffset="5065" SrcFileId="3" StartOffset="5033"/>
</LocList>
</BasicStmnt>
<BasicStmnt CovItemId="S74" CovItemPrefix="game.GUI.java" Intrnl_Id="456">
<LocList>
<Loc EndOffset="5160" SrcFileId="3" StartOffset="5072"/>
</LocList>
</BasicStmnt>
<BasicStmnt CovItemId="S75" CovItemPrefix="game.GUI.java" Intrnl_Id="457">
<LocList>
<Loc EndOffset="5198" SrcFileId="3" StartOffset="5167"/>
</LocList>
</BasicStmnt>
<BasicStmnt CovItemId="S76" CovItemPrefix="game.GUI.java" Intrnl_Id="458">
<LocList>
<Loc EndOffset="5251" SrcFileId="3" StartOffset="5205"/>
</LocList>
</BasicStmnt>
<BasicStmnt CovItemId="S77" CovItemPrefix="game.GUI.java" Intrnl_Id="459">
<LocList>
<Loc EndOffset="5264" SrcFileId="3" StartOffset="5258"/>
</LocList>
</BasicStmnt>
</StmntSeq>
</Branch>
<Branch CovItemId="B5" CovItemPrefix="game.GUI.java" Implct="false" Intrnl_Id="460">
<Cond>
<Loc EndOffset="5278" SrcFileId="3" StartOffset="5270"/>
</Cond>
<LocList>
<Loc EndOffset="5707" SrcFileId="3" StartOffset="5286"/>
</LocList>
<StmntSeq Intrnl_Id="461">
<LocList>
<Loc EndOffset="5390" SrcFileId="3" StartOffset="5286"/>
<Loc EndOffset="5436" SrcFileId="3" StartOffset="5397"/>
<Loc EndOffset="5469" SrcFileId="3" StartOffset="5443"/>
<Loc EndOffset="5508" SrcFileId="3" StartOffset="5476"/>
<Loc EndOffset="5603" SrcFileId="3" StartOffset="5515"/>
<Loc EndOffset="5641" SrcFileId="3" StartOffset="5610"/>
<Loc EndOffset="5694" SrcFileId="3" StartOffset="5648"/>
<Loc EndOffset="5707" SrcFileId="3" StartOffset="5701"/>
</LocList>
<BasicStmnt CovItemId="S78" CovItemPrefix="game.GUI.java" Intrnl_Id="462">
<LocList>
<Loc EndOffset="5390" SrcFileId="3" StartOffset="5286"/>
</LocList>
</BasicStmnt>
<BasicStmnt CovItemId="S79" CovItemPrefix="game.GUI.java" Intrnl_Id="463">
<LocList>
<Loc EndOffset="5436" SrcFileId="3" StartOffset="5397"/>
</LocList>
</BasicStmnt>
<BasicStmnt CovItemId="S80" CovItemPrefix="game.GUI.java" Intrnl_Id="464">
<LocList>
<Loc EndOffset="5469" SrcFileId="3" StartOffset="5443"/>
</LocList>
</BasicStmnt>
<BasicStmnt CovItemId="S81" CovItemPrefix="game.GUI.java" Intrnl_Id="465">
<LocList>
<Loc EndOffset="5508" SrcFileId="3" StartOffset="5476"/>
</LocList>
</BasicStmnt>
<BasicStmnt CovItemId="S82" CovItemPrefix="game.GUI.java" Intrnl_Id="466">
<LocList>
<Loc EndOffset="5603" SrcFileId="3" StartOffset="5515"/>
</LocList>
</BasicStmnt>
<BasicStmnt CovItemId="S83" CovItemPrefix="game.GUI.java" Intrnl_Id="467">
<LocList>
<Loc EndOffset="5641" SrcFileId="3" StartOffset="5610"/>
</LocList>
</BasicStmnt>
<BasicStmnt CovItemId="S84" CovItemPrefix="game.GUI.java" Intrnl_Id="468">
<LocList>
<Loc EndOffset="5694" SrcFileId="3" StartOffset="5648"/>
</LocList>
</BasicStmnt>
<BasicStmnt CovItemId="S85" CovItemPrefix="game.GUI.java" Intrnl_Id="469">
<LocList>
<Loc EndOffset="5707" SrcFileId="3" StartOffset="5701"/>
</LocList>
</BasicStmnt>
</StmntSeq>
</Branch>
<Branch CovItemId="B6" CovItemPrefix="game.GUI.java" Implct="false" Intrnl_Id="470">
<Cond>
<Loc EndOffset="5721" SrcFileId="3" StartOffset="5713"/>
</Cond>
<LocList>
<Loc EndOffset="6180" SrcFileId="3" StartOffset="5729"/>
</LocList>
<StmntSeq Intrnl_Id="471">
<LocList>
<Loc EndOffset="5839" SrcFileId="3" StartOffset="5729"/>
<Loc EndOffset="5888" SrcFileId="3" StartOffset="5846"/>
<Loc EndOffset="5924" SrcFileId="3" StartOffset="5895"/>
<Loc EndOffset="5966" SrcFileId="3" StartOffset="5931"/>
<Loc EndOffset="6070" SrcFileId="3" StartOffset="5973"/>
<Loc EndOffset="6111" SrcFileId="3" StartOffset="6077"/>
<Loc EndOffset="6167" SrcFileId="3" StartOffset="6118"/>
<Loc EndOffset="6180" SrcFileId="3" StartOffset="6174"/>
</LocList>
<BasicStmnt CovItemId="S86" CovItemPrefix="game.GUI.java" Intrnl_Id="472">
<LocList>
<Loc EndOffset="5839" SrcFileId="3" StartOffset="5729"/>
</LocList>
</BasicStmnt>
<BasicStmnt CovItemId="S87" CovItemPrefix="game.GUI.java" Intrnl_Id="473">
<LocList>
<Loc EndOffset="5888" SrcFileId="3" StartOffset="5846"/>
</LocList>
</BasicStmnt>
<BasicStmnt CovItemId="S88" CovItemPrefix="game.GUI.java" Intrnl_Id="474">
<LocList>
<Loc EndOffset="5924" SrcFileId="3" StartOffset="5895"/>
</LocList>
</BasicStmnt>
<BasicStmnt CovItemId="S89" CovItemPrefix="game.GUI.java" Intrnl_Id="475">
<LocList>
<Loc EndOffset="5966" SrcFileId="3" StartOffset="5931"/>
</LocList>
</BasicStmnt>
<BasicStmnt CovItemId="S90" CovItemPrefix="game.GUI.java" Intrnl_Id="476">
<LocList>
<Loc EndOffset="6070" SrcFileId="3" StartOffset="5973"/>
</LocList>
</BasicStmnt>
<BasicStmnt CovItemId="S91" CovItemPrefix="game.GUI.java" Intrnl_Id="477">
<LocList>
<Loc EndOffset="6111" SrcFileId="3" StartOffset="6077"/>
</LocList>
</BasicStmnt>
<BasicStmnt CovItemId="S92" CovItemPrefix="game.GUI.java" Intrnl_Id="478">
<LocList>
<Loc EndOffset="6167" SrcFileId="3" StartOffset="6118"/>
</LocList>
</BasicStmnt>
<BasicStmnt CovItemId="S93" CovItemPrefix="game.GUI.java" Intrnl_Id="479">
<LocList>
<Loc EndOffset="6180" SrcFileId="3" StartOffset="6174"/>
</LocList>
</BasicStmnt>
</StmntSeq>
</Branch>
<Branch CovItemId="B7" CovItemPrefix="game.GUI.java" Implct="false" Intrnl_Id="480">
<Cond>
<Loc EndOffset="6194" SrcFileId="3" StartOffset="6186"/>
</Cond>
<LocList>
<Loc EndOffset="6693" SrcFileId="3" StartOffset="6202"/>
</LocList>
<StmntSeq Intrnl_Id="481">
<LocList>
<Loc EndOffset="6327" SrcFileId="3" StartOffset="6202"/>
<Loc EndOffset="6378" SrcFileId="3" StartOffset="6334"/>
<Loc EndOffset="6416" SrcFileId="3" StartOffset="6385"/>
<Loc EndOffset="6460" SrcFileId="3" StartOffset="6423"/>
<Loc EndOffset="6579" SrcFileId="3" StartOffset="6467"/>
<Loc EndOffset="6622" SrcFileId="3" StartOffset="6586"/>
<Loc EndOffset="6680" SrcFileId="3" StartOffset="6629"/>
<Loc EndOffset="6693" SrcFileId="3" StartOffset="6687"/>
</LocList>
<BasicStmnt CovItemId="S94" CovItemPrefix="game.GUI.java" Intrnl_Id="482">
<LocList>
<Loc EndOffset="6327" SrcFileId="3" StartOffset="6202"/>
</LocList>
</BasicStmnt>
<BasicStmnt CovItemId="S95" CovItemPrefix="game.GUI.java" Intrnl_Id="483">
<LocList>
<Loc EndOffset="6378" SrcFileId="3" StartOffset="6334"/>
</LocList>
</BasicStmnt>
<BasicStmnt CovItemId="S96" CovItemPrefix="game.GUI.java" Intrnl_Id="484">
<LocList>
<Loc EndOffset="6416" SrcFileId="3" StartOffset="6385"/>
</LocList>
</BasicStmnt>
<BasicStmnt CovItemId="S97" CovItemPrefix="game.GUI.java" Intrnl_Id="485">
<LocList>
<Loc EndOffset="6460" SrcFileId="3" StartOffset="6423"/>
</LocList>
</BasicStmnt>
<BasicStmnt CovItemId="S98" CovItemPrefix="game.GUI.java" Intrnl_Id="486">
<LocList>
<Loc EndOffset="6579" SrcFileId="3" StartOffset="6467"/>
</LocList>
</BasicStmnt>
<BasicStmnt CovItemId="S99" CovItemPrefix="game.GUI.java" Intrnl_Id="487">
<LocList>
<Loc EndOffset="6622" SrcFileId="3" StartOffset="6586"/>
</LocList>
</BasicStmnt>
<BasicStmnt CovItemId="S100" CovItemPrefix="game.GUI.java" Intrnl_Id="488">
<LocList>
<Loc EndOffset="6680" SrcFileId="3" StartOffset="6629"/>
</LocList>
</BasicStmnt>
<BasicStmnt CovItemId="S101" CovItemPrefix="game.GUI.java" Intrnl_Id="489">
<LocList>
<Loc EndOffset="6693" SrcFileId="3" StartOffset="6687"/>
</LocList>
</BasicStmnt>
</StmntSeq>
</Branch>
<Branch CovItemId="B8" CovItemPrefix="game.GUI.java" Implct="false" Intrnl_Id="490">
<Cond>
<Loc EndOffset="6707" SrcFileId="3" StartOffset="6699"/>
</Cond>
<LocList>
<Loc EndOffset="7156" SrcFileId="3" StartOffset="6715"/>
</LocList>
<StmntSeq Intrnl_Id="491">
<LocList>
<Loc EndOffset="6823" SrcFileId="3" StartOffset="6715"/>
<Loc EndOffset="6871" SrcFileId="3" StartOffset="6830"/>
<Loc EndOffset="6906" SrcFileId="3" StartOffset="6878"/>
<Loc EndOffset="6947" SrcFileId="3" StartOffset="6913"/>
<Loc EndOffset="7048" SrcFileId="3" StartOffset="6954"/>
<Loc EndOffset="7088" SrcFileId="3" StartOffset="7055"/>
<Loc EndOffset="7143" SrcFileId="3" StartOffset="7095"/>
<Loc EndOffset="7156" SrcFileId="3" StartOffset="7150"/>
</LocList>
<BasicStmnt CovItemId="S102" CovItemPrefix="game.GUI.java" Intrnl_Id="492">
<LocList>
<Loc EndOffset="6823" SrcFileId="3" StartOffset="6715"/>
</LocList>
</BasicStmnt>
<BasicStmnt CovItemId="S103" CovItemPrefix="game.GUI.java" Intrnl_Id="493">
<LocList>
<Loc EndOffset="6871" SrcFileId="3" StartOffset="6830"/>
</LocList>
</BasicStmnt>
<BasicStmnt CovItemId="S104" CovItemPrefix="game.GUI.java" Intrnl_Id="494">
<LocList>
<Loc EndOffset="6906" SrcFileId="3" StartOffset="6878"/>
</LocList>
</BasicStmnt>
<BasicStmnt CovItemId="S105" CovItemPrefix="game.GUI.java" Intrnl_Id="495">
<LocList>
<Loc EndOffset="6947" SrcFileId="3" StartOffset="6913"/>
</LocList>
</BasicStmnt>
<BasicStmnt CovItemId="S106" CovItemPrefix="game.GUI.java" Intrnl_Id="496">
<LocList>
<Loc EndOffset="7048" SrcFileId="3" StartOffset="6954"/>
</LocList>
</BasicStmnt>
<BasicStmnt CovItemId="S107" CovItemPrefix="game.GUI.java" Intrnl_Id="497">
<LocList>
<Loc EndOffset="7088" SrcFileId="3" StartOffset="7055"/>
</LocList>
</BasicStmnt>
<BasicStmnt CovItemId="S108" CovItemPrefix="game.GUI.java" Intrnl_Id="498">
<LocList>
<Loc EndOffset="7143" SrcFileId="3" StartOffset="7095"/>
</LocList>
</BasicStmnt>
<BasicStmnt CovItemId="S109" CovItemPrefix="game.GUI.java" Intrnl_Id="499">
<LocList>
<Loc EndOffset="7156" SrcFileId="3" StartOffset="7150"/>
</LocList>
</BasicStmnt>
</StmntSeq>
</Branch>
<Branch CovItemId="B9" CovItemPrefix="game.GUI.java" Implct="false" Intrnl_Id="500">
<Cond>
<Loc EndOffset="7170" SrcFileId="3" StartOffset="7162"/>
</Cond>
<LocList>
<Loc EndOffset="7619" SrcFileId="3" StartOffset="7178"/>
</LocList>
<StmntSeq Intrnl_Id="501">
<LocList>
<Loc EndOffset="7286" SrcFileId="3" StartOffset="7178"/>
<Loc EndOffset="7334" SrcFileId="3" StartOffset="7293"/>
<Loc EndOffset="7369" SrcFileId="3" StartOffset="7341"/>
<Loc EndOffset="7410" SrcFileId="3" StartOffset="7376"/>
<Loc EndOffset="7511" SrcFileId="3" StartOffset="7417"/>
<Loc EndOffset="7551" SrcFileId="3" StartOffset="7518"/>
<Loc EndOffset="7606" SrcFileId="3" StartOffset="7558"/>
<Loc EndOffset="7619" SrcFileId="3" StartOffset="7613"/>
</LocList>
<BasicStmnt CovItemId="S110" CovItemPrefix="game.GUI.java" Intrnl_Id="502">
<LocList>
<Loc EndOffset="7286" SrcFileId="3" StartOffset="7178"/>
</LocList>
</BasicStmnt>
<BasicStmnt CovItemId="S111" CovItemPrefix="game.GUI.java" Intrnl_Id="503">
<LocList>
<Loc EndOffset="7334" SrcFileId="3" StartOffset="7293"/>
</LocList>
</BasicStmnt>
<BasicStmnt CovItemId="S112" CovItemPrefix="game.GUI.java" Intrnl_Id="504">
<LocList>
<Loc EndOffset="7369" SrcFileId="3" StartOffset="7341"/>
</LocList>
</BasicStmnt>
<BasicStmnt CovItemId="S113" CovItemPrefix="game.GUI.java" Intrnl_Id="505">
<LocList>
<Loc EndOffset="7410" SrcFileId="3" StartOffset="7376"/>
</LocList>
</BasicStmnt>
<BasicStmnt CovItemId="S114" CovItemPrefix="game.GUI.java" Intrnl_Id="506">
<LocList>
<Loc EndOffset="7511" SrcFileId="3" StartOffset="7417"/>
</LocList>
</BasicStmnt>
<BasicStmnt CovItemId="S115" CovItemPrefix="game.GUI.java" Intrnl_Id="507">
<LocList>
<Loc EndOffset="7551" SrcFileId="3" StartOffset="7518"/>
</LocList>
</BasicStmnt>
<BasicStmnt CovItemId="S116" CovItemPrefix="game.GUI.java" Intrnl_Id="508">
<LocList>
<Loc EndOffset="7606" SrcFileId="3" StartOffset="7558"/>
</LocList>
</BasicStmnt>
<BasicStmnt CovItemId="S117" CovItemPrefix="game.GUI.java" Intrnl_Id="509">
<LocList>
<Loc EndOffset="7619" SrcFileId="3" StartOffset="7613"/>
</LocList>
</BasicStmnt>
</StmntSeq>
</Branch>
<Branch CovItemId="B10" CovItemPrefix="game.GUI.java" Implct="false" Intrnl_Id="510">
<Cond>
<Loc EndOffset="7633" SrcFileId="3" StartOffset="7625"/>
</Cond>
<LocList>
<Loc EndOffset="8062" SrcFileId="3" StartOffset="7641"/>
</LocList>
<StmntSeq Intrnl_Id="511">
<LocList>
<Loc EndOffset="7745" SrcFileId="3" StartOffset="7641"/>
<Loc EndOffset="7791" SrcFileId="3" StartOffset="7752"/>
<Loc EndOffset="7824" SrcFileId="3" StartOffset="7798"/>
<Loc EndOffset="7863" SrcFileId="3" StartOffset="7831"/>
<Loc EndOffset="7958" SrcFileId="3" StartOffset="7870"/>
<Loc EndOffset="7996" SrcFileId="3" StartOffset="7965"/>
<Loc EndOffset="8049" SrcFileId="3" StartOffset="8003"/>
<Loc EndOffset="8062" SrcFileId="3" StartOffset="8056"/>
</LocList>
<BasicStmnt CovItemId="S118" CovItemPrefix="game.GUI.java" Intrnl_Id="512">
<LocList>
<Loc EndOffset="7745" SrcFileId="3" StartOffset="7641"/>
</LocList>
</BasicStmnt>
<BasicStmnt CovItemId="S119" CovItemPrefix="game.GUI.java" Intrnl_Id="513">
<LocList>
<Loc EndOffset="7791" SrcFileId="3" StartOffset="7752"/>
</LocList>
</BasicStmnt>
<BasicStmnt CovItemId="S120" CovItemPrefix="game.GUI.java" Intrnl_Id="514">
<LocList>
<Loc EndOffset="7824" SrcFileId="3" StartOffset="7798"/>
</LocList>
</BasicStmnt>
<BasicStmnt CovItemId="S121" CovItemPrefix="game.GUI.java" Intrnl_Id="515">
<LocList>
<Loc EndOffset="7863" SrcFileId="3" StartOffset="7831"/>
</LocList>
</BasicStmnt>
<BasicStmnt CovItemId="S122" CovItemPrefix="game.GUI.java" Intrnl_Id="516">
<LocList>
<Loc EndOffset="7958" SrcFileId="3" StartOffset="7870"/>
</LocList>
</BasicStmnt>
<BasicStmnt CovItemId="S123" CovItemPrefix="game.GUI.java" Intrnl_Id="517">
<LocList>
<Loc EndOffset="7996" SrcFileId="3" StartOffset="7965"/>
</LocList>
</BasicStmnt>
<BasicStmnt CovItemId="S124" CovItemPrefix="game.GUI.java" Intrnl_Id="518">
<LocList>
<Loc EndOffset="8049" SrcFileId="3" StartOffset="8003"/>
</LocList>
</BasicStmnt>
<BasicStmnt CovItemId="S125" CovItemPrefix="game.GUI.java" Intrnl_Id="519">
<LocList>
<Loc EndOffset="8062" SrcFileId="3" StartOffset="8056"/>
</LocList>
</BasicStmnt>
</StmntSeq>
</Branch>
<Branch CovItemId="B11" CovItemPrefix="game.GUI.java" Implct="false" Intrnl_Id="520">
<Cond>
<Loc EndOffset="8076" SrcFileId="3" StartOffset="8068"/>
</Cond>
<LocList>
<Loc EndOffset="8505" SrcFileId="3" StartOffset="8084"/>
</LocList>
<StmntSeq Intrnl_Id="521">
<LocList>
<Loc EndOffset="8188" SrcFileId="3" StartOffset="8084"/>
<Loc EndOffset="8234" SrcFileId="3" StartOffset="8195"/>
<Loc EndOffset="8267" SrcFileId="3" StartOffset="8241"/>
<Loc EndOffset="8306" SrcFileId="3" StartOffset="8274"/>
<Loc EndOffset="8401" SrcFileId="3" StartOffset="8313"/>
<Loc EndOffset="8439" SrcFileId="3" StartOffset="8408"/>
<Loc EndOffset="8492" SrcFileId="3" StartOffset="8446"/>
<Loc EndOffset="8505" SrcFileId="3" StartOffset="8499"/>
</LocList>
<BasicStmnt CovItemId="S126" CovItemPrefix="game.GUI.java" Intrnl_Id="522">
<LocList>
<Loc EndOffset="8188" SrcFileId="3" StartOffset="8084"/>
</LocList>
</BasicStmnt>
<BasicStmnt CovItemId="S127" CovItemPrefix="game.GUI.java" Intrnl_Id="523">
<LocList>
<Loc EndOffset="8234" SrcFileId="3" StartOffset="8195"/>
</LocList>
</BasicStmnt>
<BasicStmnt CovItemId="S128" CovItemPrefix="game.GUI.java" Intrnl_Id="524">
<LocList>
<Loc EndOffset="8267" SrcFileId="3" StartOffset="8241"/>
</LocList>
</BasicStmnt>
<BasicStmnt CovItemId="S129" CovItemPrefix="game.GUI.java" Intrnl_Id="525">
<LocList>
<Loc EndOffset="8306" SrcFileId="3" StartOffset="8274"/>
</LocList>
</BasicStmnt>
<BasicStmnt CovItemId="S130" CovItemPrefix="game.GUI.java" Intrnl_Id="526">
<LocList>
<Loc EndOffset="8401" SrcFileId="3" StartOffset="8313"/>
</LocList>
</BasicStmnt>
<BasicStmnt CovItemId="S131" CovItemPrefix="game.GUI.java" Intrnl_Id="527">
<LocList>
<Loc EndOffset="8439" SrcFileId="3" StartOffset="8408"/>
</LocList>
</BasicStmnt>
<BasicStmnt CovItemId="S132" CovItemPrefix="game.GUI.java" Intrnl_Id="528">
<LocList>
<Loc EndOffset="8492" SrcFileId="3" StartOffset="8446"/>
</LocList>
</BasicStmnt>
<BasicStmnt CovItemId="S133" CovItemPrefix="game.GUI.java" Intrnl_Id="529">
<LocList>
<Loc EndOffset="8505" SrcFileId="3" StartOffset="8499"/>
</LocList>
</BasicStmnt>
</StmntSeq>
</Branch>
<Branch CovItemId="B12" CovItemPrefix="game.GUI.java" Implct="false" Intrnl_Id="530">
<Cond>
<Loc EndOffset="8519" SrcFileId="3" StartOffset="8511"/>
</Cond>
<LocList>
<Loc EndOffset="8978" SrcFileId="3" StartOffset="8527"/>
</LocList>
<StmntSeq Intrnl_Id="531">
<LocList>
<Loc EndOffset="8637" SrcFileId="3" StartOffset="8527"/>
<Loc EndOffset="8686" SrcFileId="3" StartOffset="8644"/>
<Loc EndOffset="8722" SrcFileId="3" StartOffset="8693"/>
<Loc EndOffset="8764" SrcFileId="3" StartOffset="8729"/>
<Loc EndOffset="8868" SrcFileId="3" StartOffset="8771"/>
<Loc EndOffset="8909" SrcFileId="3" StartOffset="8875"/>
<Loc EndOffset="8965" SrcFileId="3" StartOffset="8916"/>
<Loc EndOffset="8978" SrcFileId="3" StartOffset="8972"/>
</LocList>
<BasicStmnt CovItemId="S134" CovItemPrefix="game.GUI.java" Intrnl_Id="532">
<LocList>
<Loc EndOffset="8637" SrcFileId="3" StartOffset="8527"/>
</LocList>
</BasicStmnt>
<BasicStmnt CovItemId="S135" CovItemPrefix="game.GUI.java" Intrnl_Id="533">
<LocList>
<Loc EndOffset="8686" SrcFileId="3" StartOffset="8644"/>
</LocList>
</BasicStmnt>
<BasicStmnt CovItemId="S136" CovItemPrefix="game.GUI.java" Intrnl_Id="534">
<LocList>
<Loc EndOffset="8722" SrcFileId="3" StartOffset="8693"/>
</LocList>
</BasicStmnt>
<BasicStmnt CovItemId="S137" CovItemPrefix="game.GUI.java" Intrnl_Id="535">
<LocList>
<Loc EndOffset="8764" SrcFileId="3" StartOffset="8729"/>
</LocList>
</BasicStmnt>
<BasicStmnt CovItemId="S138" CovItemPrefix="game.GUI.java" Intrnl_Id="536">
<LocList>
<Loc EndOffset="8868" SrcFileId="3" StartOffset="8771"/>
</LocList>
</BasicStmnt>
<BasicStmnt CovItemId="S139" CovItemPrefix="game.GUI.java" Intrnl_Id="537">
<LocList>
<Loc EndOffset="8909" SrcFileId="3" StartOffset="8875"/>
</LocList>
</BasicStmnt>
<BasicStmnt CovItemId="S140" CovItemPrefix="game.GUI.java" Intrnl_Id="538">
<LocList>
<Loc EndOffset="8965" SrcFileId="3" StartOffset="8916"/>
</LocList>
</BasicStmnt>
<BasicStmnt CovItemId="S141" CovItemPrefix="game.GUI.java" Intrnl_Id="539">
<LocList>
<Loc EndOffset="8978" SrcFileId="3" StartOffset="8972"/>
</LocList>
</BasicStmnt>
</StmntSeq>
</Branch>
<Branch CovItemId="B13" CovItemPrefix="game.GUI.java" Implct="false" Intrnl_Id="540">
<Cond>
<Loc EndOffset="8991" SrcFileId="3" StartOffset="8984"/>
</Cond>
<LocList/>
<StmntSeq Intrnl_Id="541">
<LocList/>
</StmntSeq>
</Branch>
<Keyword EndOffset="3376" SrcFileId="3" StartOffset="3370"/>
<LocList>
<Loc EndOffset="8999" SrcFileId="3" StartOffset="3370"/>
</LocList>
</CondStmnt>
</StmntSeq>
<Keyword EndOffset="3284" SrcFileId="3" StartOffset="3281"/>
<LocList>
<Loc EndOffset="9005" SrcFileId="3" StartOffset="3281"/>
</LocList>
<RootTerm CovItemId="C2" CovItemPrefix="game.GUI.java" Intrnl_Id="542">
<BasicBoolTerm Intrnl_Id="543">
<LocList>
<Loc EndOffset="3312" SrcFileId="3" StartOffset="3302"/>
</LocList>
</BasicBoolTerm>
</RootTerm>
</LoopStmnt>
</StmntSeq>
<Keyword EndOffset="3244" SrcFileId="3" StartOffset="3241"/>
<LocList>
<Loc EndOffset="9010" SrcFileId="3" StartOffset="3241"/>
</LocList>
<RootTerm CovItemId="C1" CovItemPrefix="game.GUI.java" Intrnl_Id="544">
<BasicBoolTerm Intrnl_Id="545">
<LocList>
<Loc EndOffset="3266" SrcFileId="3" StartOffset="3259"/>
</LocList>
</BasicBoolTerm>
</RootTerm>
</LoopStmnt>
</StmntSeq>
</HierarchyLvl>
<HierarchyLvl HierarchyLvlId="31" HierarchyLvlTypeId="8" Intrnl_Id="546" Name="movePieceIcon">
<Header>
<Loc EndOffset="9239" SrcFileId="3" StartOffset="9180"/>
</Header>
<LocList>
<Loc EndOffset="11144" SrcFileId="3" StartOffset="9180"/>
</LocList>
<StmntSeq Intrnl_Id="547">
<LocList>
<Loc EndOffset="11140" SrcFileId="3" StartOffset="9244"/>
</LocList>
<CondStmnt CovItemId="S142" CovItemPrefix="game.GUI.java" Intrnl_Id="548">
<Branch CovItemId="B14" CovItemPrefix="game.GUI.java" Implct="false" Intrnl_Id="549">
<Cond>
<Loc EndOffset="9266" SrcFileId="3" StartOffset="9260"/>
</Cond>
<LocList>
<Loc EndOffset="9714" SrcFileId="3" StartOffset="9288"/>
</LocList>
<StmntSeq Intrnl_Id="550">
<LocList>
<Loc EndOffset="9696" SrcFileId="3" StartOffset="9288"/>
<Loc EndOffset="9714" SrcFileId="3" StartOffset="9701"/>
</LocList>
<CondStmnt CovItemId="S143" CovItemPrefix="game.GUI.java" Intrnl_Id="551">
<Branch CovItemId="B15" CovItemPrefix="game.GUI.java" Implct="false" Intrnl_Id="552">
<Cond/>
<LocList>
<Loc EndOffset="9696" SrcFileId="3" StartOffset="9344"/>
</LocList>
<StmntSeq Intrnl_Id="553">
<LocList>
<Loc EndOffset="9391" SrcFileId="3" StartOffset="9351"/>
<Loc EndOffset="9438" SrcFileId="3" StartOffset="9397"/>
<Loc EndOffset="9489" SrcFileId="3" StartOffset="9444"/>
<Loc EndOffset="9622" SrcFileId="3" StartOffset="9495"/>
<Loc EndOffset="9672" SrcFileId="3" StartOffset="9628"/>
<Loc EndOffset="9690" SrcFileId="3" StartOffset="9678"/>
</LocList>
<BasicStmnt CovItemId="S144" CovItemPrefix="game.GUI.java" Intrnl_Id="554">
<LocList>
<Loc EndOffset="9391" SrcFileId="3" StartOffset="9351"/>
</LocList>
</BasicStmnt>
<BasicStmnt CovItemId="S145" CovItemPrefix="game.GUI.java" Intrnl_Id="555">
<LocList>
<Loc EndOffset="9438" SrcFileId="3" StartOffset="9397"/>
</LocList>
</BasicStmnt>
<BasicStmnt CovItemId="S146" CovItemPrefix="game.GUI.java" Intrnl_Id="556">
<LocList>
<Loc EndOffset="9489" SrcFileId="3" StartOffset="9444"/>
</LocList>
</BasicStmnt>
<BasicStmnt CovItemId="S147" CovItemPrefix="game.GUI.java" Intrnl_Id="557">
<LocList>
<Loc EndOffset="9622" SrcFileId="3" StartOffset="9495"/>
</LocList>
</BasicStmnt>
<BasicStmnt CovItemId="S148" CovItemPrefix="game.GUI.java" Intrnl_Id="558">
<LocList>
<Loc EndOffset="9672" SrcFileId="3" StartOffset="9628"/>
</LocList>
</BasicStmnt>
<BasicStmnt CovItemId="S149" CovItemPrefix="game.GUI.java" Intrnl_Id="559">
<LocList>
<Loc EndOffset="9690" SrcFileId="3" StartOffset="9678"/>
</LocList>
</BasicStmnt>
</StmntSeq>
</Branch>
<Branch CovItemId="B16" CovItemPrefix="game.GUI.java" Implct="true" Intrnl_Id="560">
<Cond/>
<LocList/>
<StmntSeq Intrnl_Id="561">
<LocList/>
</StmntSeq>
</Branch>
<Keyword EndOffset="9290" SrcFileId="3" StartOffset="9288"/>
<LocList>
<Loc EndOffset="9696" SrcFileId="3" StartOffset="9288"/>
</LocList>
<RootTerm CovItemId="C3" CovItemPrefix="game.GUI.java" Intrnl_Id="562">
<OpTerm BooleanOpId="5" Intrnl_Id="563">
<BasicBoolTerm Intrnl_Id="564">
<LocList>
<Loc EndOffset="9304" SrcFileId="3" StartOffset="9292"/>
</LocList>
</BasicBoolTerm>
<BasicBoolTerm Intrnl_Id="565">
<LocList>
<Loc EndOffset="9342" SrcFileId="3" StartOffset="9308"/>
</LocList>
</BasicBoolTerm>
<LocList>
<Loc EndOffset="9307" SrcFileId="3" StartOffset="9305"/>
</LocList>
</OpTerm>
</RootTerm>
</CondStmnt>
<BasicStmnt CovItemId="S150" CovItemPrefix="game.GUI.java" Intrnl_Id="566">
<LocList>
<Loc EndOffset="9714" SrcFileId="3" StartOffset="9701"/>
</LocList>
</BasicStmnt>
</StmntSeq>
</Branch>
<Branch CovItemId="B17" CovItemPrefix="game.GUI.java" Implct="false" Intrnl_Id="567">
<Cond>
<Loc EndOffset="9724" SrcFileId="3" StartOffset="9718"/>
</Cond>
<LocList>
<Loc EndOffset="10178" SrcFileId="3" StartOffset="9749"/>
</LocList>
<StmntSeq Intrnl_Id="568">
<LocList>
<Loc EndOffset="10160" SrcFileId="3" StartOffset="9749"/>
<Loc EndOffset="10178" SrcFileId="3" StartOffset="10165"/>
</LocList>
<CondStmnt CovItemId="S151" CovItemPrefix="game.GUI.java" Intrnl_Id="569">
<Branch CovItemId="B18" CovItemPrefix="game.GUI.java" Implct="false" Intrnl_Id="570">
<Cond/>
<LocList>
<Loc EndOffset="10160" SrcFileId="3" StartOffset="9808"/>
</LocList>
<StmntSeq Intrnl_Id="571">
<LocList>
<Loc EndOffset="9855" SrcFileId="3" StartOffset="9815"/>
<Loc EndOffset="9900" SrcFileId="3" StartOffset="9861"/>
<Loc EndOffset="9953" SrcFileId="3" StartOffset="9906"/>
<Loc EndOffset="10086" SrcFileId="3" StartOffset="9959"/>
<Loc EndOffset="10136" SrcFileId="3" StartOffset="10092"/>
<Loc EndOffset="10154" SrcFileId="3" StartOffset="10142"/>
</LocList>
<BasicStmnt CovItemId="S152" CovItemPrefix="game.GUI.java" Intrnl_Id="572">
<LocList>
<Loc EndOffset="9855" SrcFileId="3" StartOffset="9815"/>
</LocList>
</BasicStmnt>
<BasicStmnt CovItemId="S153" CovItemPrefix="game.GUI.java" Intrnl_Id="573">
<LocList>
<Loc EndOffset="9900" SrcFileId="3" StartOffset="9861"/>
</LocList>
</BasicStmnt>
<BasicStmnt CovItemId="S154" CovItemPrefix="game.GUI.java" Intrnl_Id="574">
<LocList>
<Loc EndOffset="9953" SrcFileId="3" StartOffset="9906"/>
</LocList>
</BasicStmnt>
<BasicStmnt CovItemId="S155" CovItemPrefix="game.GUI.java" Intrnl_Id="575">
<LocList>
<Loc EndOffset="10086" SrcFileId="3" StartOffset="9959"/>
</LocList>
</BasicStmnt>
<BasicStmnt CovItemId="S156" CovItemPrefix="game.GUI.java" Intrnl_Id="576">
<LocList>
<Loc EndOffset="10136" SrcFileId="3" StartOffset="10092"/>
</LocList>
</BasicStmnt>
<BasicStmnt CovItemId="S157" CovItemPrefix="game.GUI.java" Intrnl_Id="577">
<LocList>
<Loc EndOffset="10154" SrcFileId="3" StartOffset="10142"/>
</LocList>
</BasicStmnt>
</StmntSeq>
</Branch>
<Branch CovItemId="B19" CovItemPrefix="game.GUI.java" Implct="true" Intrnl_Id="578">
<Cond/>
<LocList/>
<StmntSeq Intrnl_Id="579">
<LocList/>
</StmntSeq>
</Branch>
<Keyword EndOffset="9751" SrcFileId="3" StartOffset="9749"/>
<LocList>
<Loc EndOffset="10160" SrcFileId="3" StartOffset="9749"/>
</LocList>
<RootTerm CovItemId="C4" CovItemPrefix="game.GUI.java" Intrnl_Id="580">
<OpTerm BooleanOpId="5" Intrnl_Id="581">
<BasicBoolTerm Intrnl_Id="582">
<LocList>
<Loc EndOffset="9768" SrcFileId="3" StartOffset="9753"/>
</LocList>
</BasicBoolTerm>
<BasicBoolTerm Intrnl_Id="583">
<LocList>
<Loc EndOffset="9806" SrcFileId="3" StartOffset="9772"/>
</LocList>
</BasicBoolTerm>
<LocList>
<Loc EndOffset="9771" SrcFileId="3" StartOffset="9769"/>
</LocList>
</OpTerm>
</RootTerm>
</CondStmnt>
<BasicStmnt CovItemId="S158" CovItemPrefix="game.GUI.java" Intrnl_Id="584">
<LocList>
<Loc EndOffset="10178" SrcFileId="3" StartOffset="10165"/>
</LocList>
</BasicStmnt>
</StmntSeq>
</Branch>
<Branch CovItemId="B20" CovItemPrefix="game.GUI.java" Implct="false" Intrnl_Id="585">
<Cond>
<Loc EndOffset="10188" SrcFileId="3" StartOffset="10182"/>
</Cond>
<LocList>
<Loc EndOffset="10640" SrcFileId="3" StartOffset="10212"/>
</LocList>
<StmntSeq Intrnl_Id="586">
<LocList>
<Loc EndOffset="10622" SrcFileId="3" StartOffset="10212"/>
<Loc EndOffset="10640" SrcFileId="3" StartOffset="10627"/>
</LocList>
<CondStmnt CovItemId="S159" CovItemPrefix="game.GUI.java" Intrnl_Id="587">
<Branch CovItemId="B21" CovItemPrefix="game.GUI.java" Implct="false" Intrnl_Id="588">
<Cond/>
<LocList>
<Loc EndOffset="10622" SrcFileId="3" StartOffset="10268"/>
</LocList>
<StmntSeq Intrnl_Id="589">
<LocList>
<Loc EndOffset="10317" SrcFileId="3" StartOffset="10275"/>
<Loc EndOffset="10364" SrcFileId="3" StartOffset="10323"/>
<Loc EndOffset="10415" SrcFileId="3" StartOffset="10370"/>
<Loc EndOffset="10548" SrcFileId="3" StartOffset="10421"/>
<Loc EndOffset="10598" SrcFileId="3" StartOffset="10554"/>
<Loc EndOffset="10616" SrcFileId="3" StartOffset="10604"/>
</LocList>
<BasicStmnt CovItemId="S160" CovItemPrefix="game.GUI.java" Intrnl_Id="590">
<LocList>
<Loc EndOffset="10317" SrcFileId="3" StartOffset="10275"/>
</LocList>
</BasicStmnt>
<BasicStmnt CovItemId="S161" CovItemPrefix="game.GUI.java" Intrnl_Id="591">
<LocList>
<Loc EndOffset="10364" SrcFileId="3" StartOffset="10323"/>
</LocList>
</BasicStmnt>
<BasicStmnt CovItemId="S162" CovItemPrefix="game.GUI.java" Intrnl_Id="592">
<LocList>
<Loc EndOffset="10415" SrcFileId="3" StartOffset="10370"/>
</LocList>
</BasicStmnt>
<BasicStmnt CovItemId="S163" CovItemPrefix="game.GUI.java" Intrnl_Id="593">
<LocList>
<Loc EndOffset="10548" SrcFileId="3" StartOffset="10421"/>
</LocList>
</BasicStmnt>
<BasicStmnt CovItemId="S164" CovItemPrefix="game.GUI.java" Intrnl_Id="594">
<LocList>
<Loc EndOffset="10598" SrcFileId="3" StartOffset="10554"/>
</LocList>
</BasicStmnt>
<BasicStmnt CovItemId="S165" CovItemPrefix="game.GUI.java" Intrnl_Id="595">
<LocList>
<Loc EndOffset="10616" SrcFileId="3" StartOffset="10604"/>
</LocList>
</BasicStmnt>
</StmntSeq>
</Branch>
<Branch CovItemId="B22" CovItemPrefix="game.GUI.java" Implct="true" Intrnl_Id="596">
<Cond/>
<LocList/>
<StmntSeq Intrnl_Id="597">
<LocList/>
</StmntSeq>
</Branch>
<Keyword EndOffset="10214" SrcFileId="3" StartOffset="10212"/>
<LocList>
<Loc EndOffset="10622" SrcFileId="3" StartOffset="10212"/>
</LocList>
<RootTerm CovItemId="C5" CovItemPrefix="game.GUI.java" Intrnl_Id="598">
<OpTerm BooleanOpId="5" Intrnl_Id="599">
<BasicBoolTerm Intrnl_Id="600">
<LocList>
<Loc EndOffset="10228" SrcFileId="3" StartOffset="10216"/>
</LocList>
</BasicBoolTerm>
<BasicBoolTerm Intrnl_Id="601">
<LocList>
<Loc EndOffset="10266" SrcFileId="3" StartOffset="10232"/>
</LocList>
</BasicBoolTerm>
<LocList>
<Loc EndOffset="10231" SrcFileId="3" StartOffset="10229"/>
</LocList>
</OpTerm>
</RootTerm>
</CondStmnt>
<BasicStmnt CovItemId="S166" CovItemPrefix="game.GUI.java" Intrnl_Id="602">
<LocList>
<Loc EndOffset="10640" SrcFileId="3" StartOffset="10627"/>
</LocList>
</BasicStmnt>
</StmntSeq>
</Branch>
<Branch CovItemId="B23" CovItemPrefix="game.GUI.java" Implct="false" Intrnl_Id="603">
<Cond>
<Loc EndOffset="10650" SrcFileId="3" StartOffset="10644"/>
</Cond>
<LocList>
<Loc EndOffset="11105" SrcFileId="3" StartOffset="10674"/>
</LocList>
<StmntSeq Intrnl_Id="604">
<LocList>
<Loc EndOffset="11087" SrcFileId="3" StartOffset="10674"/>
<Loc EndOffset="11105" SrcFileId="3" StartOffset="11092"/>
</LocList>
<CondStmnt CovItemId="S167" CovItemPrefix="game.GUI.java" Intrnl_Id="605">
<Branch CovItemId="B24" CovItemPrefix="game.GUI.java" Implct="false" Intrnl_Id="606">
<Cond/>
<LocList>
<Loc EndOffset="11087" SrcFileId="3" StartOffset="10733"/>
</LocList>
<StmntSeq Intrnl_Id="607">
<LocList>
<Loc EndOffset="10782" SrcFileId="3" StartOffset="10740"/>
<Loc EndOffset="10827" SrcFileId="3" StartOffset="10788"/>
<Loc EndOffset="10880" SrcFileId="3" StartOffset="10833"/>
<Loc EndOffset="11013" SrcFileId="3" StartOffset="10886"/>
<Loc EndOffset="11063" SrcFileId="3" StartOffset="11019"/>
<Loc EndOffset="11081" SrcFileId="3" StartOffset="11069"/>
</LocList>
<BasicStmnt CovItemId="S168" CovItemPrefix="game.GUI.java" Intrnl_Id="608">
<LocList>
<Loc EndOffset="10782" SrcFileId="3" StartOffset="10740"/>
</LocList>
</BasicStmnt>
<BasicStmnt CovItemId="S169" CovItemPrefix="game.GUI.java" Intrnl_Id="609">
<LocList>
<Loc EndOffset="10827" SrcFileId="3" StartOffset="10788"/>
</LocList>
</BasicStmnt>
<BasicStmnt CovItemId="S170" CovItemPrefix="game.GUI.java" Intrnl_Id="610">
<LocList>
<Loc EndOffset="10880" SrcFileId="3" StartOffset="10833"/>
</LocList>
</BasicStmnt>
<BasicStmnt CovItemId="S171" CovItemPrefix="game.GUI.java" Intrnl_Id="611">
<LocList>
<Loc EndOffset="11013" SrcFileId="3" StartOffset="10886"/>
</LocList>
</BasicStmnt>
<BasicStmnt CovItemId="S172" CovItemPrefix="game.GUI.java" Intrnl_Id="612">
<LocList>
<Loc EndOffset="11063" SrcFileId="3" StartOffset="11019"/>
</LocList>
</BasicStmnt>
<BasicStmnt CovItemId="S173" CovItemPrefix="game.GUI.java" Intrnl_Id="613">
<LocList>
<Loc EndOffset="11081" SrcFileId="3" StartOffset="11069"/>
</LocList>
</BasicStmnt>
</StmntSeq>
</Branch>
<Branch CovItemId="B25" CovItemPrefix="game.GUI.java" Implct="true" Intrnl_Id="614">
<Cond/>
<LocList/>
<StmntSeq Intrnl_Id="615">
<LocList/>
</StmntSeq>
</Branch>
<Keyword EndOffset="10676" SrcFileId="3" StartOffset="10674"/>
<LocList>
<Loc EndOffset="11087" SrcFileId="3" StartOffset="10674"/>
</LocList>
<RootTerm CovItemId="C6" CovItemPrefix="game.GUI.java" Intrnl_Id="616">
<OpTerm BooleanOpId="5" Intrnl_Id="617">
<BasicBoolTerm Intrnl_Id="618">
<LocList>
<Loc EndOffset="10693" SrcFileId="3" StartOffset="10678"/>
</LocList>
</BasicBoolTerm>
<BasicBoolTerm Intrnl_Id="619">
<LocList>
<Loc EndOffset="10731" SrcFileId="3" StartOffset="10697"/>
</LocList>
</BasicBoolTerm>
<LocList>
<Loc EndOffset="10696" SrcFileId="3" StartOffset="10694"/>
</LocList>
</OpTerm>
</RootTerm>
</CondStmnt>
<BasicStmnt CovItemId="S174" CovItemPrefix="game.GUI.java" Intrnl_Id="620">
<LocList>
<Loc EndOffset="11105" SrcFileId="3" StartOffset="11092"/>
</LocList>
</BasicStmnt>
</StmntSeq>
</Branch>
<Branch CovItemId="B26" CovItemPrefix="game.GUI.java" Implct="false" Intrnl_Id="621">
<Cond>
<Loc EndOffset="11116" SrcFileId="3" StartOffset="11109"/>
</Cond>
<LocList>
<Loc EndOffset="11135" SrcFileId="3" StartOffset="11122"/>
</LocList>
<StmntSeq Intrnl_Id="622">
<LocList>
<Loc EndOffset="11135" SrcFileId="3" StartOffset="11122"/>
</LocList>
<BasicStmnt CovItemId="S175" CovItemPrefix="game.GUI.java" Intrnl_Id="623">
<LocList>
<Loc EndOffset="11135" SrcFileId="3" StartOffset="11122"/>
</LocList>
</BasicStmnt>
</StmntSeq>
</Branch>
<Keyword EndOffset="9250" SrcFileId="3" StartOffset="9244"/>
<LocList>
<Loc EndOffset="11140" SrcFileId="3" StartOffset="9244"/>
</LocList>
</CondStmnt>
</StmntSeq>
</HierarchyLvl>
<HierarchyLvl HierarchyLvlId="32" HierarchyLvlTypeId="8" Intrnl_Id="624" Name="switchPiece">
<Header>
<Loc EndOffset="11303" SrcFileId="3" StartOffset="11233"/>
</Header>
<LocList>
<Loc EndOffset="11529" SrcFileId="3" StartOffset="11233"/>
</LocList>
<StmntSeq Intrnl_Id="625">
<LocList>
<Loc EndOffset="11349" SrcFileId="3" StartOffset="11309"/>
<Loc EndOffset="11397" SrcFileId="3" StartOffset="11353"/>
<Loc EndOffset="11457" SrcFileId="3" StartOffset="11403"/>
<Loc EndOffset="11494" SrcFileId="3" StartOffset="11461"/>
<Loc EndOffset="11525" SrcFileId="3" StartOffset="11500"/>
</LocList>
<BasicStmnt CovItemId="S176" CovItemPrefix="game.GUI.java" Intrnl_Id="626">
<LocList>
<Loc EndOffset="11349" SrcFileId="3" StartOffset="11309"/>
</LocList>
</BasicStmnt>
<BasicStmnt CovItemId="S177" CovItemPrefix="game.GUI.java" Intrnl_Id="627">
<LocList>
<Loc EndOffset="11397" SrcFileId="3" StartOffset="11353"/>
</LocList>
</BasicStmnt>
<BasicStmnt CovItemId="S178" CovItemPrefix="game.GUI.java" Intrnl_Id="628">
<LocList>
<Loc EndOffset="11457" SrcFileId="3" StartOffset="11403"/>
</LocList>
</BasicStmnt>
<BasicStmnt CovItemId="S179" CovItemPrefix="game.GUI.java" Intrnl_Id="629">
<LocList>
<Loc EndOffset="11494" SrcFileId="3" StartOffset="11461"/>
</LocList>
</BasicStmnt>
<BasicStmnt CovItemId="S180" CovItemPrefix="game.GUI.java" Intrnl_Id="630">
<LocList>
<Loc EndOffset="11525" SrcFileId="3" StartOffset="11500"/>
</LocList>
</BasicStmnt>
</StmntSeq>
</HierarchyLvl>
<HierarchyLvl HierarchyLvlId="34" HierarchyLvlTypeId="9" Intrnl_Id="631" Name="newGameListener">
<Header>
<Loc EndOffset="11581" SrcFileId="3" StartOffset="11534"/>
</Header>
<LocList>
<Loc EndOffset="16827" SrcFileId="3" StartOffset="11534"/>
</LocList>
<HierarchyLvl HierarchyLvlId="33" HierarchyLvlTypeId="8" Intrnl_Id="632" Name="actionPerformed">
<Header>
<Loc EndOffset="11644" SrcFileId="3" StartOffset="11589"/>
</Header>
<LocList>
<Loc EndOffset="16823" SrcFileId="3" StartOffset="11589"/>
</LocList>
<StmntSeq Intrnl_Id="633">
<LocList>
<Loc EndOffset="11687" SrcFileId="3" StartOffset="11651"/>
<Loc EndOffset="11724" SrcFileId="3" StartOffset="11692"/>
<Loc EndOffset="11772" SrcFileId="3" StartOffset="11729"/>
<Loc EndOffset="11856" SrcFileId="3" StartOffset="11777"/>
<Loc EndOffset="11892" SrcFileId="3" StartOffset="11861"/>
<Loc EndOffset="12004" SrcFileId="3" StartOffset="11899"/>
<Loc EndOffset="12051" SrcFileId="3" StartOffset="12009"/>
<Loc EndOffset="12077" SrcFileId="3" StartOffset="12056"/>
<Loc EndOffset="12105" SrcFileId="3" StartOffset="12082"/>
<Loc EndOffset="12195" SrcFileId="3" StartOffset="12161"/>
<Loc EndOffset="12314" SrcFileId="3" StartOffset="12257"/>
<Loc EndOffset="12358" SrcFileId="3" StartOffset="12319"/>
<Loc EndOffset="12403" SrcFileId="3" StartOffset="12363"/>
<Loc EndOffset="12467" SrcFileId="3" StartOffset="12408"/>
<Loc EndOffset="12501" SrcFileId="3" StartOffset="12472"/>
<Loc EndOffset="12529" SrcFileId="3" StartOffset="12506"/>
<Loc EndOffset="12671" SrcFileId="3" StartOffset="12534"/>
<Loc EndOffset="12705" SrcFileId="3" StartOffset="12676"/>
<Loc EndOffset="12754" SrcFileId="3" StartOffset="12712"/>
<Loc EndOffset="12788" SrcFileId="3" StartOffset="12759"/>
<Loc EndOffset="12834" SrcFileId="3" StartOffset="12793"/>
<Loc EndOffset="12899" SrcFileId="3" StartOffset="12839"/>
<Loc EndOffset="12927" SrcFileId="3" StartOffset="12904"/>
<Loc EndOffset="13037" SrcFileId="3" StartOffset="12932"/>
<Loc EndOffset="13071" SrcFileId="3" StartOffset="13042"/>
<Loc EndOffset="13161" SrcFileId="3" StartOffset="13127"/>
<Loc EndOffset="13224" SrcFileId="3" StartOffset="13166"/>
<Loc EndOffset="13268" SrcFileId="3" StartOffset="13229"/>
<Loc EndOffset="13313" SrcFileId="3" StartOffset="13273"/>
<Loc EndOffset="13377" SrcFileId="3" StartOffset="13318"/>
<Loc EndOffset="13411" SrcFileId="3" StartOffset="13382"/>
<Loc EndOffset="13439" SrcFileId="3" StartOffset="13416"/>
<Loc EndOffset="13577" SrcFileId="3" StartOffset="13444"/>
<Loc EndOffset="13611" SrcFileId="3" StartOffset="13582"/>
<Loc EndOffset="13660" SrcFileId="3" StartOffset="13618"/>
<Loc EndOffset="13694" SrcFileId="3" StartOffset="13665"/>
<Loc EndOffset="13740" SrcFileId="3" StartOffset="13699"/>
<Loc EndOffset="13805" SrcFileId="3" StartOffset="13745"/>
<Loc EndOffset="13833" SrcFileId="3" StartOffset="13810"/>
<Loc EndOffset="13939" SrcFileId="3" StartOffset="13838"/>
<Loc EndOffset="13973" SrcFileId="3" StartOffset="13944"/>
<Loc EndOffset="14063" SrcFileId="3" StartOffset="14026"/>
<Loc EndOffset="14126" SrcFileId="3" StartOffset="14068"/>
<Loc EndOffset="14173" SrcFileId="3" StartOffset="14131"/>
<Loc EndOffset="14224" SrcFileId="3" StartOffset="14178"/>
<Loc EndOffset="14294" SrcFileId="3" StartOffset="14229"/>
<Loc EndOffset="14331" SrcFileId="3" StartOffset="14299"/>
<Loc EndOffset="14362" SrcFileId="3" StartOffset="14336"/>
<Loc EndOffset="14480" SrcFileId="3" StartOffset="14367"/>
<Loc EndOffset="14517" SrcFileId="3" StartOffset="14485"/>
<Loc EndOffset="14625" SrcFileId="3" StartOffset="14524"/>
<Loc EndOffset="14715" SrcFileId="3" StartOffset="14630"/>
<Loc EndOffset="14756" SrcFileId="3" StartOffset="14720"/>
<Loc EndOffset="14796" SrcFileId="3" StartOffset="14761"/>
<Loc EndOffset="14830" SrcFileId="3" StartOffset="14801"/>
<Loc EndOffset="14916" SrcFileId="3" StartOffset="14835"/>
<Loc EndOffset="14956" SrcFileId="3" StartOffset="14921"/>
<Loc EndOffset="15045" SrcFileId="3" StartOffset="15009"/>
<Loc EndOffset="15111" SrcFileId="3" StartOffset="15050"/>
<Loc EndOffset="15157" SrcFileId="3" StartOffset="15116"/>
<Loc EndOffset="15206" SrcFileId="3" StartOffset="15162"/>
<Loc EndOffset="15274" SrcFileId="3" StartOffset="15211"/>
<Loc EndOffset="15310" SrcFileId="3" StartOffset="15279"/>
<Loc EndOffset="15340" SrcFileId="3" StartOffset="15315"/>
<Loc EndOffset="15484" SrcFileId="3" StartOffset="15345"/>
<Loc EndOffset="15520" SrcFileId="3" StartOffset="15489"/>
<Loc EndOffset="15627" SrcFileId="3" StartOffset="15527"/>
<Loc EndOffset="15715" SrcFileId="3" StartOffset="15632"/>
<Loc EndOffset="15755" SrcFileId="3" StartOffset="15720"/>
<Loc EndOffset="15794" SrcFileId="3" StartOffset="15760"/>
<Loc EndOffset="15827" SrcFileId="3" StartOffset="15799"/>
<Loc EndOffset="15943" SrcFileId="3" StartOffset="15832"/>
<Loc EndOffset="15982" SrcFileId="3" StartOffset="15948"/>
<Loc EndOffset="16061" SrcFileId="3" StartOffset="16021"/>
<Loc EndOffset="16099" SrcFileId="3" StartOffset="16066"/>
<Loc EndOffset="16142" SrcFileId="3" StartOffset="16104"/>
<Loc EndOffset="16301" SrcFileId="3" StartOffset="16147"/>
<Loc EndOffset="16333" SrcFileId="3" StartOffset="16306"/>
<Loc EndOffset="16397" SrcFileId="3" StartOffset="16338"/>
<Loc EndOffset="16435" SrcFileId="3" StartOffset="16402"/>
<Loc EndOffset="16507" SrcFileId="3" StartOffset="16470"/>
<Loc EndOffset="16542" SrcFileId="3" StartOffset="16512"/>
<Loc EndOffset="16578" SrcFileId="3" StartOffset="16547"/>
<Loc EndOffset="16696" SrcFileId="3" StartOffset="16583"/>
<Loc EndOffset="16725" SrcFileId="3" StartOffset="16701"/>
<Loc EndOffset="16783" SrcFileId="3" StartOffset="16730"/>
<Loc EndOffset="16818" SrcFileId="3" StartOffset="16788"/>
</LocList>
<BasicStmnt CovItemId="S181" CovItemPrefix="game.GUI.java" Intrnl_Id="634">
<LocList>
<Loc EndOffset="11687" SrcFileId="3" StartOffset="11651"/>
</LocList>
</BasicStmnt>
<BasicStmnt CovItemId="S182" CovItemPrefix="game.GUI.java" Intrnl_Id="635">
<LocList>
<Loc EndOffset="11724" SrcFileId="3" StartOffset="11692"/>
</LocList>
</BasicStmnt>
<BasicStmnt CovItemId="S183" CovItemPrefix="game.GUI.java" Intrnl_Id="636">
<LocList>
<Loc EndOffset="11772" SrcFileId="3" StartOffset="11729"/>
</LocList>
</BasicStmnt>
<BasicStmnt CovItemId="S184" CovItemPrefix="game.GUI.java" Intrnl_Id="637">
<LocList>
<Loc EndOffset="11856" SrcFileId="3" StartOffset="11777"/>
</LocList>
</BasicStmnt>
<BasicStmnt CovItemId="S185" CovItemPrefix="game.GUI.java" Intrnl_Id="638">
<LocList>
<Loc EndOffset="11892" SrcFileId="3" StartOffset="11861"/>
</LocList>
</BasicStmnt>
<BasicStmnt CovItemId="S186" CovItemPrefix="game.GUI.java" Intrnl_Id="639">
<LocList>
<Loc EndOffset="12004" SrcFileId="3" StartOffset="11899"/>
</LocList>
</BasicStmnt>
<BasicStmnt CovItemId="S187" CovItemPrefix="game.GUI.java" Intrnl_Id="640">
<LocList>
<Loc EndOffset="12051" SrcFileId="3" StartOffset="12009"/>
</LocList>
</BasicStmnt>
<BasicStmnt CovItemId="S188" CovItemPrefix="game.GUI.java" Intrnl_Id="641">
<LocList>
<Loc EndOffset="12077" SrcFileId="3" StartOffset="12056"/>
</LocList>
</BasicStmnt>
<BasicStmnt CovItemId="S189" CovItemPrefix="game.GUI.java" Intrnl_Id="642">
<LocList>
<Loc EndOffset="12105" SrcFileId="3" StartOffset="12082"/>
</LocList>
</BasicStmnt>
<BasicStmnt CovItemId="S190" CovItemPrefix="game.GUI.java" Intrnl_Id="643">
<LocList>
<Loc EndOffset="12195" SrcFileId="3" StartOffset="12161"/>
</LocList>
</BasicStmnt>
<BasicStmnt CovItemId="S191" CovItemPrefix="game.GUI.java" Intrnl_Id="644">
<LocList>
<Loc EndOffset="12314" SrcFileId="3" StartOffset="12257"/>
</LocList>
</BasicStmnt>
<BasicStmnt CovItemId="S192" CovItemPrefix="game.GUI.java" Intrnl_Id="645">
<LocList>
<Loc EndOffset="12358" SrcFileId="3" StartOffset="12319"/>
</LocList>
</BasicStmnt>
<BasicStmnt CovItemId="S193" CovItemPrefix="game.GUI.java" Intrnl_Id="646">
<LocList>
<Loc EndOffset="12403" SrcFileId="3" StartOffset="12363"/>
</LocList>
</BasicStmnt>
<BasicStmnt CovItemId="S194" CovItemPrefix="game.GUI.java" Intrnl_Id="647">
<LocList>
<Loc EndOffset="12467" SrcFileId="3" StartOffset="12408"/>
</LocList>
</BasicStmnt>
<BasicStmnt CovItemId="S195" CovItemPrefix="game.GUI.java" Intrnl_Id="648">
<LocList>
<Loc EndOffset="12501" SrcFileId="3" StartOffset="12472"/>
</LocList>
</BasicStmnt>
<BasicStmnt CovItemId="S196" CovItemPrefix="game.GUI.java" Intrnl_Id="649">
<LocList>
<Loc EndOffset="12529" SrcFileId="3" StartOffset="12506"/>
</LocList>
</BasicStmnt>
<BasicStmnt CovItemId="S197" CovItemPrefix="game.GUI.java" Intrnl_Id="650">
<LocList>
<Loc EndOffset="12671" SrcFileId="3" StartOffset="12534"/>
</LocList>
</BasicStmnt>
<BasicStmnt CovItemId="S198" CovItemPrefix="game.GUI.java" Intrnl_Id="651">
<LocList>
<Loc EndOffset="12705" SrcFileId="3" StartOffset="12676"/>
</LocList>
</BasicStmnt>
<BasicStmnt CovItemId="S199" CovItemPrefix="game.GUI.java" Intrnl_Id="652">
<LocList>
<Loc EndOffset="12754" SrcFileId="3" StartOffset="12712"/>
</LocList>
</BasicStmnt>
<BasicStmnt CovItemId="S200" CovItemPrefix="game.GUI.java" Intrnl_Id="653">
<LocList>
<Loc EndOffset="12788" SrcFileId="3" StartOffset="12759"/>
</LocList>
</BasicStmnt>
<BasicStmnt CovItemId="S201" CovItemPrefix="game.GUI.java" Intrnl_Id="654">
<LocList>
<Loc EndOffset="12834" SrcFileId="3" StartOffset="12793"/>
</LocList>
</BasicStmnt>
<BasicStmnt CovItemId="S202" CovItemPrefix="game.GUI.java" Intrnl_Id="655">
<LocList>
<Loc EndOffset="12899" SrcFileId="3" StartOffset="12839"/>
</LocList>
</BasicStmnt>
<BasicStmnt CovItemId="S203" CovItemPrefix="game.GUI.java" Intrnl_Id="656">
<LocList>
<Loc EndOffset="12927" SrcFileId="3" StartOffset="12904"/>
</LocList>
</BasicStmnt>
<BasicStmnt CovItemId="S204" CovItemPrefix="game.GUI.java" Intrnl_Id="657">
<LocList>
<Loc EndOffset="13037" SrcFileId="3" StartOffset="12932"/>
</LocList>
</BasicStmnt>
<BasicStmnt CovItemId="S205" CovItemPrefix="game.GUI.java" Intrnl_Id="658">
<LocList>
<Loc EndOffset="13071" SrcFileId="3" StartOffset="13042"/>
</LocList>
</BasicStmnt>
<BasicStmnt CovItemId="S206" CovItemPrefix="game.GUI.java" Intrnl_Id="659">
<LocList>
<Loc EndOffset="13161" SrcFileId="3" StartOffset="13127"/>
</LocList>
</BasicStmnt>
<BasicStmnt CovItemId="S207" CovItemPrefix="game.GUI.java" Intrnl_Id="660">
<LocList>
<Loc EndOffset="13224" SrcFileId="3" StartOffset="13166"/>
</LocList>
</BasicStmnt>
<BasicStmnt CovItemId="S208" CovItemPrefix="game.GUI.java" Intrnl_Id="661">
<LocList>
<Loc EndOffset="13268" SrcFileId="3" StartOffset="13229"/>
</LocList>
</BasicStmnt>
<BasicStmnt CovItemId="S209" CovItemPrefix="game.GUI.java" Intrnl_Id="662">
<LocList>
<Loc EndOffset="13313" SrcFileId="3" StartOffset="13273"/>
</LocList>
</BasicStmnt>
<BasicStmnt CovItemId="S210" CovItemPrefix="game.GUI.java" Intrnl_Id="663">
<LocList>
<Loc EndOffset="13377" SrcFileId="3" StartOffset="13318"/>
</LocList>
</BasicStmnt>
<BasicStmnt CovItemId="S211" CovItemPrefix="game.GUI.java" Intrnl_Id="664">
<LocList>
<Loc EndOffset="13411" SrcFileId="3" StartOffset="13382"/>
</LocList>
</BasicStmnt>
<BasicStmnt CovItemId="S212" CovItemPrefix="game.GUI.java" Intrnl_Id="665">
<LocList>
<Loc EndOffset="13439" SrcFileId="3" StartOffset="13416"/>
</LocList>
</BasicStmnt>
<BasicStmnt CovItemId="S213" CovItemPrefix="game.GUI.java" Intrnl_Id="666">
<LocList>
<Loc EndOffset="13577" SrcFileId="3" StartOffset="13444"/>
</LocList>
</BasicStmnt>
<BasicStmnt CovItemId="S214" CovItemPrefix="game.GUI.java" Intrnl_Id="667">
<LocList>
<Loc EndOffset="13611" SrcFileId="3" StartOffset="13582"/>
</LocList>
</BasicStmnt>
<BasicStmnt CovItemId="S215" CovItemPrefix="game.GUI.java" Intrnl_Id="668">
<LocList>
<Loc EndOffset="13660" SrcFileId="3" StartOffset="13618"/>
</LocList>
</BasicStmnt>
<BasicStmnt CovItemId="S216" CovItemPrefix="game.GUI.java" Intrnl_Id="669">
<LocList>
<Loc EndOffset="13694" SrcFileId="3" StartOffset="13665"/>
</LocList>
</BasicStmnt>
<BasicStmnt CovItemId="S217" CovItemPrefix="game.GUI.java" Intrnl_Id="670">
<LocList>
<Loc EndOffset="13740" SrcFileId="3" StartOffset="13699"/>
</LocList>
</BasicStmnt>
<BasicStmnt CovItemId="S218" CovItemPrefix="game.GUI.java" Intrnl_Id="671">
<LocList>
<Loc EndOffset="13805" SrcFileId="3" StartOffset="13745"/>
</LocList>
</BasicStmnt>
<BasicStmnt CovItemId="S219" CovItemPrefix="game.GUI.java" Intrnl_Id="672">
<LocList>
<Loc EndOffset="13833" SrcFileId="3" StartOffset="13810"/>
</LocList>
</BasicStmnt>
<BasicStmnt CovItemId="S220" CovItemPrefix="game.GUI.java" Intrnl_Id="673">
<LocList>
<Loc EndOffset="13939" SrcFileId="3" StartOffset="13838"/>
</LocList>
</BasicStmnt>
<BasicStmnt CovItemId="S221" CovItemPrefix="game.GUI.java" Intrnl_Id="674">
<LocList>
<Loc EndOffset="13973" SrcFileId="3" StartOffset="13944"/>
</LocList>
</BasicStmnt>
<BasicStmnt CovItemId="S222" CovItemPrefix="game.GUI.java" Intrnl_Id="675">
<LocList>
<Loc EndOffset="14063" SrcFileId="3" StartOffset="14026"/>
</LocList>
</BasicStmnt>
<BasicStmnt CovItemId="S223" CovItemPrefix="game.GUI.java" Intrnl_Id="676">
<LocList>
<Loc EndOffset="14126" SrcFileId="3" StartOffset="14068"/>
</LocList>
</BasicStmnt>
<BasicStmnt CovItemId="S224" CovItemPrefix="game.GUI.java" Intrnl_Id="677">
<LocList>
<Loc EndOffset="14173" SrcFileId="3" StartOffset="14131"/>
</LocList>
</BasicStmnt>
<BasicStmnt CovItemId="S225" CovItemPrefix="game.GUI.java" Intrnl_Id="678">
<LocList>
<Loc EndOffset="14224" SrcFileId="3" StartOffset="14178"/>
</LocList>
</BasicStmnt>
<BasicStmnt CovItemId="S226" CovItemPrefix="game.GUI.java" Intrnl_Id="679">
<LocList>
<Loc EndOffset="14294" SrcFileId="3" StartOffset="14229"/>
</LocList>
</BasicStmnt>
<BasicStmnt CovItemId="S227" CovItemPrefix="game.GUI.java" Intrnl_Id="680">
<LocList>
<Loc EndOffset="14331" SrcFileId="3" StartOffset="14299"/>
</LocList>
</BasicStmnt>
<BasicStmnt CovItemId="S228" CovItemPrefix="game.GUI.java" Intrnl_Id="681">
<LocList>
<Loc EndOffset="14362" SrcFileId="3" StartOffset="14336"/>
</LocList>
</BasicStmnt>
<BasicStmnt CovItemId="S229" CovItemPrefix="game.GUI.java" Intrnl_Id="682">
<LocList>
<Loc EndOffset="14480" SrcFileId="3" StartOffset="14367"/>
</LocList>
</BasicStmnt>
<BasicStmnt CovItemId="S230" CovItemPrefix="game.GUI.java" Intrnl_Id="683">
<LocList>
<Loc EndOffset="14517" SrcFileId="3" StartOffset="14485"/>
</LocList>
</BasicStmnt>
<BasicStmnt CovItemId="S231" CovItemPrefix="game.GUI.java" Intrnl_Id="684">
<LocList>
<Loc EndOffset="14625" SrcFileId="3" StartOffset="14524"/>
</LocList>
</BasicStmnt>
<BasicStmnt CovItemId="S232" CovItemPrefix="game.GUI.java" Intrnl_Id="685">
<LocList>
<Loc EndOffset="14715" SrcFileId="3" StartOffset="14630"/>
</LocList>
</BasicStmnt>
<BasicStmnt CovItemId="S233" CovItemPrefix="game.GUI.java" Intrnl_Id="686">
<LocList>
<Loc EndOffset="14756" SrcFileId="3" StartOffset="14720"/>
</LocList>
</BasicStmnt>
<BasicStmnt CovItemId="S234" CovItemPrefix="game.GUI.java" Intrnl_Id="687">
<LocList>
<Loc EndOffset="14796" SrcFileId="3" StartOffset="14761"/>
</LocList>
</BasicStmnt>
<BasicStmnt CovItemId="S235" CovItemPrefix="game.GUI.java" Intrnl_Id="688">
<LocList>
<Loc EndOffset="14830" SrcFileId="3" StartOffset="14801"/>
</LocList>
</BasicStmnt>
<BasicStmnt CovItemId="S236" CovItemPrefix="game.GUI.java" Intrnl_Id="689">
<LocList>
<Loc EndOffset="14916" SrcFileId="3" StartOffset="14835"/>
</LocList>
</BasicStmnt>
<BasicStmnt CovItemId="S237" CovItemPrefix="game.GUI.java" Intrnl_Id="690">
<LocList>
<Loc EndOffset="14956" SrcFileId="3" StartOffset="14921"/>
</LocList>
</BasicStmnt>
<BasicStmnt CovItemId="S238" CovItemPrefix="game.GUI.java" Intrnl_Id="691">
<LocList>
<Loc EndOffset="15045" SrcFileId="3" StartOffset="15009"/>
</LocList>
</BasicStmnt>
<BasicStmnt CovItemId="S239" CovItemPrefix="game.GUI.java" Intrnl_Id="692">
<LocList>
<Loc EndOffset="15111" SrcFileId="3" StartOffset="15050"/>
</LocList>
</BasicStmnt>
<BasicStmnt CovItemId="S240" CovItemPrefix="game.GUI.java" Intrnl_Id="693">
<LocList>
<Loc EndOffset="15157" SrcFileId="3" StartOffset="15116"/>
</LocList>
</BasicStmnt>
<BasicStmnt CovItemId="S241" CovItemPrefix="game.GUI.java" Intrnl_Id="694">
<LocList>
<Loc EndOffset="15206" SrcFileId="3" StartOffset="15162"/>
</LocList>
</BasicStmnt>
<BasicStmnt CovItemId="S242" CovItemPrefix="game.GUI.java" Intrnl_Id="695">
<LocList>
<Loc EndOffset="15274" SrcFileId="3" StartOffset="15211"/>
</LocList>
</BasicStmnt>
<BasicStmnt CovItemId="S243" CovItemPrefix="game.GUI.java" Intrnl_Id="696">
<LocList>
<Loc EndOffset="15310" SrcFileId="3" StartOffset="15279"/>
</LocList>
</BasicStmnt>
<BasicStmnt CovItemId="S244" CovItemPrefix="game.GUI.java" Intrnl_Id="697">
<LocList>
<Loc EndOffset="15340" SrcFileId="3" StartOffset="15315"/>
</LocList>
</BasicStmnt>
<BasicStmnt CovItemId="S245" CovItemPrefix="game.GUI.java" Intrnl_Id="698">
<LocList>
<Loc EndOffset="15484" SrcFileId="3" StartOffset="15345"/>
</LocList>
</BasicStmnt>
<BasicStmnt CovItemId="S246" CovItemPrefix="game.GUI.java" Intrnl_Id="699">
<LocList>
<Loc EndOffset="15520" SrcFileId="3" StartOffset="15489"/>
</LocList>
</BasicStmnt>
<BasicStmnt CovItemId="S247" CovItemPrefix="game.GUI.java" Intrnl_Id="700">
<LocList>
<Loc EndOffset="15627" SrcFileId="3" StartOffset="15527"/>
</LocList>
</BasicStmnt>
<BasicStmnt CovItemId="S248" CovItemPrefix="game.GUI.java" Intrnl_Id="701">
<LocList>
<Loc EndOffset="15715" SrcFileId="3" StartOffset="15632"/>
</LocList>
</BasicStmnt>
<BasicStmnt CovItemId="S249" CovItemPrefix="game.GUI.java" Intrnl_Id="702">
<LocList>
<Loc EndOffset="15755" SrcFileId="3" StartOffset="15720"/>
</LocList>
</BasicStmnt>
<BasicStmnt CovItemId="S250" CovItemPrefix="game.GUI.java" Intrnl_Id="703">
<LocList>
<Loc EndOffset="15794" SrcFileId="3" StartOffset="15760"/>
</LocList>
</BasicStmnt>
<BasicStmnt CovItemId="S251" CovItemPrefix="game.GUI.java" Intrnl_Id="704">
<LocList>
<Loc EndOffset="15827" SrcFileId="3" StartOffset="15799"/>
</LocList>
</BasicStmnt>
<BasicStmnt CovItemId="S252" CovItemPrefix="game.GUI.java" Intrnl_Id="705">
<LocList>
<Loc EndOffset="15943" SrcFileId="3" StartOffset="15832"/>
</LocList>
</BasicStmnt>
<BasicStmnt CovItemId="S253" CovItemPrefix="game.GUI.java" Intrnl_Id="706">
<LocList>
<Loc EndOffset="15982" SrcFileId="3" StartOffset="15948"/>
</LocList>
</BasicStmnt>
<BasicStmnt CovItemId="S254" CovItemPrefix="game.GUI.java" Intrnl_Id="707">
<LocList>
<Loc EndOffset="16061" SrcFileId="3" StartOffset="16021"/>
</LocList>
</BasicStmnt>
<BasicStmnt CovItemId="S255" CovItemPrefix="game.GUI.java" Intrnl_Id="708">
<LocList>
<Loc EndOffset="16099" SrcFileId="3" StartOffset="16066"/>
</LocList>
</BasicStmnt>
<BasicStmnt CovItemId="S256" CovItemPrefix="game.GUI.java" Intrnl_Id="709">
<LocList>
<Loc EndOffset="16142" SrcFileId="3" StartOffset="16104"/>
</LocList>
</BasicStmnt>
<BasicStmnt CovItemId="S257" CovItemPrefix="game.GUI.java" Intrnl_Id="710">
<LocList>
<Loc EndOffset="16301" SrcFileId="3" StartOffset="16147"/>
</LocList>
</BasicStmnt>
<BasicStmnt CovItemId="S258" CovItemPrefix="game.GUI.java" Intrnl_Id="711">
<LocList>
<Loc EndOffset="16333" SrcFileId="3" StartOffset="16306"/>
</LocList>
</BasicStmnt>
<BasicStmnt CovItemId="S259" CovItemPrefix="game.GUI.java" Intrnl_Id="712">
<LocList>
<Loc EndOffset="16397" SrcFileId="3" StartOffset="16338"/>
</LocList>
</BasicStmnt>
<BasicStmnt CovItemId="S260" CovItemPrefix="game.GUI.java" Intrnl_Id="713">
<LocList>
<Loc EndOffset="16435" SrcFileId="3" StartOffset="16402"/>
</LocList>
</BasicStmnt>
<BasicStmnt CovItemId="S261" CovItemPrefix="game.GUI.java" Intrnl_Id="714">
<LocList>
<Loc EndOffset="16507" SrcFileId="3" StartOffset="16470"/>
</LocList>
</BasicStmnt>
<BasicStmnt CovItemId="S262" CovItemPrefix="game.GUI.java" Intrnl_Id="715">
<LocList>
<Loc EndOffset="16542" SrcFileId="3" StartOffset="16512"/>
</LocList>
</BasicStmnt>
<BasicStmnt CovItemId="S263" CovItemPrefix="game.GUI.java" Intrnl_Id="716">
<LocList>
<Loc EndOffset="16578" SrcFileId="3" StartOffset="16547"/>
</LocList>
</BasicStmnt>
<BasicStmnt CovItemId="S264" CovItemPrefix="game.GUI.java" Intrnl_Id="717">
<LocList>
<Loc EndOffset="16696" SrcFileId="3" StartOffset="16583"/>
</LocList>
</BasicStmnt>
<BasicStmnt CovItemId="S265" CovItemPrefix="game.GUI.java" Intrnl_Id="718">
<LocList>
<Loc EndOffset="16725" SrcFileId="3" StartOffset="16701"/>
</LocList>
</BasicStmnt>
<BasicStmnt CovItemId="S266" CovItemPrefix="game.GUI.java" Intrnl_Id="719">
<LocList>
<Loc EndOffset="16783" SrcFileId="3" StartOffset="16730"/>
</LocList>
</BasicStmnt>
<BasicStmnt CovItemId="S267" CovItemPrefix="game.GUI.java" Intrnl_Id="720">
<LocList>
<Loc EndOffset="16818" SrcFileId="3" StartOffset="16788"/>
</LocList>
</BasicStmnt>
</StmntSeq>
</HierarchyLvl>
</HierarchyLvl>
<HierarchyLvl HierarchyLvlId="36" HierarchyLvlTypeId="9" Intrnl_Id="721" Name="loadGameListener">
<Header>
<Loc EndOffset="16880" SrcFileId="3" StartOffset="16832"/>
</Header>
<LocList>
<Loc EndOffset="17353" SrcFileId="3" StartOffset="16832"/>
</LocList>
<HierarchyLvl HierarchyLvlId="35" HierarchyLvlTypeId="8" Intrnl_Id="722" Name="actionPerformed">
<Header>
<Loc EndOffset="16943" SrcFileId="3" StartOffset="16888"/>
</Header>
<LocList>
<Loc EndOffset="17349" SrcFileId="3" StartOffset="16888"/>
</LocList>
<StmntSeq Intrnl_Id="723">
<LocList>
<Loc EndOffset="16996" SrcFileId="3" StartOffset="16950"/>
<Loc EndOffset="17083" SrcFileId="3" StartOffset="17001"/>
<Loc EndOffset="17149" SrcFileId="3" StartOffset="17088"/>
<Loc EndOffset="17344" SrcFileId="3" StartOffset="17154"/>
</LocList>
<BasicStmnt CovItemId="S268" CovItemPrefix="game.GUI.java" Intrnl_Id="724">
<LocList>
<Loc EndOffset="16996" SrcFileId="3" StartOffset="16950"/>
</LocList>
</BasicStmnt>
<BasicStmnt CovItemId="S269" CovItemPrefix="game.GUI.java" Intrnl_Id="725">
<LocList>
<Loc EndOffset="17083" SrcFileId="3" StartOffset="17001"/>
</LocList>
</BasicStmnt>
<BasicStmnt CovItemId="S270" CovItemPrefix="game.GUI.java" Intrnl_Id="726">
<LocList>
<Loc EndOffset="17149" SrcFileId="3" StartOffset="17088"/>
</LocList>
</BasicStmnt>
<CondStmnt CovItemId="S271" CovItemPrefix="game.GUI.java" Intrnl_Id="727">
<Branch CovItemId="B27" CovItemPrefix="game.GUI.java" Implct="false" Intrnl_Id="728">
<Cond/>
<LocList>
<Loc EndOffset="17344" SrcFileId="3" StartOffset="17197"/>
</LocList>
<StmntSeq Intrnl_Id="729">
<LocList>
<Loc EndOffset="17254" SrcFileId="3" StartOffset="17204"/>
<Loc EndOffset="17338" SrcFileId="3" StartOffset="17260"/>
</LocList>
<BasicStmnt CovItemId="S272" CovItemPrefix="game.GUI.java" Intrnl_Id="730">
<LocList>
<Loc EndOffset="17254" SrcFileId="3" StartOffset="17204"/>
</LocList>
</BasicStmnt>
<BasicStmnt CovItemId="S273" CovItemPrefix="game.GUI.java" Intrnl_Id="731">
<LocList>
<Loc EndOffset="17338" SrcFileId="3" StartOffset="17260"/>
</LocList>
</BasicStmnt>
</StmntSeq>
</Branch>
<Branch CovItemId="B28" CovItemPrefix="game.GUI.java" Implct="true" Intrnl_Id="732">
<Cond/>
<LocList/>
<StmntSeq Intrnl_Id="733">
<LocList/>
</StmntSeq>
</Branch>
<Keyword EndOffset="17156" SrcFileId="3" StartOffset="17154"/>
<LocList>
<Loc EndOffset="17344" SrcFileId="3" StartOffset="17154"/>
</LocList>
<RootTerm CovItemId="C7" CovItemPrefix="game.GUI.java" Intrnl_Id="734">
<BasicBoolTerm Intrnl_Id="735">
<LocList>
<Loc EndOffset="17195" SrcFileId="3" StartOffset="17158"/>
</LocList>
</BasicBoolTerm>
</RootTerm>
</CondStmnt>
</StmntSeq>
</HierarchyLvl>
</HierarchyLvl>
<HierarchyLvl HierarchyLvlId="38" HierarchyLvlTypeId="9" Intrnl_Id="736" Name="cancelListener">
<Header>
<Loc EndOffset="17404" SrcFileId="3" StartOffset="17358"/>
</Header>
<LocList>
<Loc EndOffset="17583" SrcFileId="3" StartOffset="17358"/>
</LocList>
<HierarchyLvl HierarchyLvlId="37" HierarchyLvlTypeId="8" Intrnl_Id="737" Name="actionPerformed">
<Header>
<Loc EndOffset="17467" SrcFileId="3" StartOffset="17412"/>
</Header>
<LocList>
<Loc EndOffset="17579" SrcFileId="3" StartOffset="17412"/>
</LocList>
<StmntSeq Intrnl_Id="738">
<LocList>
<Loc EndOffset="17517" SrcFileId="3" StartOffset="17474"/>
<Loc EndOffset="17545" SrcFileId="3" StartOffset="17522"/>
<Loc EndOffset="17574" SrcFileId="3" StartOffset="17550"/>
</LocList>
<BasicStmnt CovItemId="S274" CovItemPrefix="game.GUI.java" Intrnl_Id="739">
<LocList>
<Loc EndOffset="17517" SrcFileId="3" StartOffset="17474"/>
</LocList>
</BasicStmnt>
<BasicStmnt CovItemId="S275" CovItemPrefix="game.GUI.java" Intrnl_Id="740">
<LocList>
<Loc EndOffset="17545" SrcFileId="3" StartOffset="17522"/>
</LocList>
</BasicStmnt>
<BasicStmnt CovItemId="S276" CovItemPrefix="game.GUI.java" Intrnl_Id="741">
<LocList>
<Loc EndOffset="17574" SrcFileId="3" StartOffset="17550"/>
</LocList>
</BasicStmnt>
</StmntSeq>
</HierarchyLvl>
</HierarchyLvl>
<HierarchyLvl HierarchyLvlId="40" HierarchyLvlTypeId="9" Intrnl_Id="742" Name="startGameListener">
<Header>
<Loc EndOffset="17637" SrcFileId="3" StartOffset="17588"/>
</Header>
<LocList>
<Loc EndOffset="18446" SrcFileId="3" StartOffset="17588"/>
</LocList>
<HierarchyLvl HierarchyLvlId="39" HierarchyLvlTypeId="8" Intrnl_Id="743" Name="actionPerformed">
<Header>
<Loc EndOffset="17700" SrcFileId="3" StartOffset="17645"/>
</Header>
<LocList>
<Loc EndOffset="18442" SrcFileId="3" StartOffset="17645"/>
</LocList>
<StmntSeq Intrnl_Id="744">
<LocList>
<Loc EndOffset="17745" SrcFileId="3" StartOffset="17707"/>
<Loc EndOffset="17773" SrcFileId="3" StartOffset="17750"/>
<Loc EndOffset="17797" SrcFileId="3" StartOffset="17778"/>
<Loc EndOffset="17842" SrcFileId="3" StartOffset="17804"/>
<Loc EndOffset="17870" SrcFileId="3" StartOffset="17847"/>
<Loc EndOffset="17894" SrcFileId="3" StartOffset="17875"/>
<Loc EndOffset="17933" SrcFileId="3" StartOffset="17901"/>
<Loc EndOffset="17966" SrcFileId="3" StartOffset="17938"/>
<Loc EndOffset="18005" SrcFileId="3" StartOffset="17971"/>
<Loc EndOffset="18067" SrcFileId="3" StartOffset="18010"/>
<Loc EndOffset="18172" SrcFileId="3" StartOffset="18074"/>
<Loc EndOffset="18225" SrcFileId="3" StartOffset="18177"/>
<Loc EndOffset="18257" SrcFileId="3" StartOffset="18230"/>
<Loc EndOffset="18285" SrcFileId="3" StartOffset="18262"/>
<Loc EndOffset="18313" SrcFileId="3" StartOffset="18290"/>
<Loc EndOffset="18374" SrcFileId="3" StartOffset="18318"/>
<Loc EndOffset="18409" SrcFileId="3" StartOffset="18382"/>
<Loc EndOffset="18437" SrcFileId="3" StartOffset="18416"/>
</LocList>
<BasicStmnt CovItemId="S277" CovItemPrefix="game.GUI.java" Intrnl_Id="745">
<LocList>
<Loc EndOffset="17745" SrcFileId="3" StartOffset="17707"/>
</LocList>
</BasicStmnt>
<BasicStmnt CovItemId="S278" CovItemPrefix="game.GUI.java" Intrnl_Id="746">
<LocList>
<Loc EndOffset="17773" SrcFileId="3" StartOffset="17750"/>
</LocList>
</BasicStmnt>
<BasicStmnt CovItemId="S279" CovItemPrefix="game.GUI.java" Intrnl_Id="747">
<LocList>
<Loc EndOffset="17797" SrcFileId="3" StartOffset="17778"/>
</LocList>
</BasicStmnt>
<BasicStmnt CovItemId="S280" CovItemPrefix="game.GUI.java" Intrnl_Id="748">
<LocList>
<Loc EndOffset="17842" SrcFileId="3" StartOffset="17804"/>
</LocList>
</BasicStmnt>
<BasicStmnt CovItemId="S281" CovItemPrefix="game.GUI.java" Intrnl_Id="749">
<LocList>
<Loc EndOffset="17870" SrcFileId="3" StartOffset="17847"/>
</LocList>
</BasicStmnt>
<BasicStmnt CovItemId="S282" CovItemPrefix="game.GUI.java" Intrnl_Id="750">
<LocList>
<Loc EndOffset="17894" SrcFileId="3" StartOffset="17875"/>
</LocList>
</BasicStmnt>
<BasicStmnt CovItemId="S283" CovItemPrefix="game.GUI.java" Intrnl_Id="751">
<LocList>
<Loc EndOffset="17933" SrcFileId="3" StartOffset="17901"/>
</LocList>
</BasicStmnt>
<BasicStmnt CovItemId="S284" CovItemPrefix="game.GUI.java" Intrnl_Id="752">
<LocList>
<Loc EndOffset="17966" SrcFileId="3" StartOffset="17938"/>
</LocList>
</BasicStmnt>
<BasicStmnt CovItemId="S285" CovItemPrefix="game.GUI.java" Intrnl_Id="753">
<LocList>
<Loc EndOffset="18005" SrcFileId="3" StartOffset="17971"/>
</LocList>
</BasicStmnt>
<BasicStmnt CovItemId="S286" CovItemPrefix="game.GUI.java" Intrnl_Id="754">
<LocList>
<Loc EndOffset="18067" SrcFileId="3" StartOffset="18010"/>
</LocList>
</BasicStmnt>
<BasicStmnt CovItemId="S287" CovItemPrefix="game.GUI.java" Intrnl_Id="755">
<LocList>
<Loc EndOffset="18172" SrcFileId="3" StartOffset="18074"/>
</LocList>
</BasicStmnt>
<BasicStmnt CovItemId="S288" CovItemPrefix="game.GUI.java" Intrnl_Id="756">
<LocList>
<Loc EndOffset="18225" SrcFileId="3" StartOffset="18177"/>
</LocList>
</BasicStmnt>
<BasicStmnt CovItemId="S289" CovItemPrefix="game.GUI.java" Intrnl_Id="757">
<LocList>
<Loc EndOffset="18257" SrcFileId="3" StartOffset="18230"/>
</LocList>
</BasicStmnt>
<BasicStmnt CovItemId="S290" CovItemPrefix="game.GUI.java" Intrnl_Id="758">
<LocList>
<Loc EndOffset="18285" SrcFileId="3" StartOffset="18262"/>
</LocList>
</BasicStmnt>
<BasicStmnt CovItemId="S291" CovItemPrefix="game.GUI.java" Intrnl_Id="759">
<LocList>
<Loc EndOffset="18313" SrcFileId="3" StartOffset="18290"/>
</LocList>
</BasicStmnt>
<BasicStmnt CovItemId="S292" CovItemPrefix="game.GUI.java" Intrnl_Id="760">
<LocList>
<Loc EndOffset="18374" SrcFileId="3" StartOffset="18318"/>
</LocList>
</BasicStmnt>
<BasicStmnt CovItemId="S293" CovItemPrefix="game.GUI.java" Intrnl_Id="761">
<LocList>
<Loc EndOffset="18409" SrcFileId="3" StartOffset="18382"/>
</LocList>
</BasicStmnt>
<BasicStmnt CovItemId="S294" CovItemPrefix="game.GUI.java" Intrnl_Id="762">
<LocList>
<Loc EndOffset="18437" SrcFileId="3" StartOffset="18416"/>
</LocList>
</BasicStmnt>
</StmntSeq>
</HierarchyLvl>
</HierarchyLvl>
<HierarchyLvl HierarchyLvlId="47" HierarchyLvlTypeId="9" Intrnl_Id="763" Name="MovementListener">
<Header>
<Loc EndOffset="18507" SrcFileId="3" StartOffset="18452"/>
</Header>
<LocList>
<Loc EndOffset="20909" SrcFileId="3" StartOffset="18452"/>
</LocList>
<HierarchyLvl HierarchyLvlId="41" HierarchyLvlTypeId="8" Intrnl_Id="764" Name="MovementListener">
<Header>
<Loc EndOffset="18602" SrcFileId="3" StartOffset="18576"/>
</Header>
<LocList>
<Loc EndOffset="18674" SrcFileId="3" StartOffset="18576"/>
</LocList>
<StmntSeq Intrnl_Id="765">
<LocList>
<Loc EndOffset="18638" SrcFileId="3" StartOffset="18608"/>
<Loc EndOffset="18669" SrcFileId="3" StartOffset="18643"/>
</LocList>
<BasicStmnt CovItemId="S295" CovItemPrefix="game.GUI.java" Intrnl_Id="766">
<LocList>
<Loc EndOffset="18638" SrcFileId="3" StartOffset="18608"/>
</LocList>
</BasicStmnt>
<BasicStmnt CovItemId="S296" CovItemPrefix="game.GUI.java" Intrnl_Id="767">
<LocList>
<Loc EndOffset="18669" SrcFileId="3" StartOffset="18643"/>
</LocList>
</BasicStmnt>
</StmntSeq>
</HierarchyLvl>
<HierarchyLvl HierarchyLvlId="42" HierarchyLvlTypeId="8" Intrnl_Id="768" Name="mouseClicked">
<Header>
<Loc EndOffset="18731" SrcFileId="3" StartOffset="18680"/>
</Header>
<LocList>
<Loc EndOffset="18755" SrcFileId="3" StartOffset="18680"/>
</LocList>
</HierarchyLvl>
<HierarchyLvl HierarchyLvlId="43" HierarchyLvlTypeId="8" Intrnl_Id="769" Name="mouseReleased">
<Header>
<Loc EndOffset="18813" SrcFileId="3" StartOffset="18761"/>
</Header>
<LocList>
<Loc EndOffset="18839" SrcFileId="3" StartOffset="18761"/>
</LocList>
</HierarchyLvl>
<HierarchyLvl HierarchyLvlId="44" HierarchyLvlTypeId="8" Intrnl_Id="770" Name="mouseEntered">
<Header>
<Loc EndOffset="18896" SrcFileId="3" StartOffset="18845"/>
</Header>
<LocList>
<Loc EndOffset="18920" SrcFileId="3" StartOffset="18845"/>
</LocList>
</HierarchyLvl>
<HierarchyLvl HierarchyLvlId="45" HierarchyLvlTypeId="8" Intrnl_Id="771" Name="mouseExited">
<Header>
<Loc EndOffset="18976" SrcFileId="3" StartOffset="18926"/>
</Header>
<LocList>
<Loc EndOffset="19000" SrcFileId="3" StartOffset="18926"/>
</LocList>
</HierarchyLvl>
<HierarchyLvl HierarchyLvlId="46" HierarchyLvlTypeId="8" Intrnl_Id="772" Name="mousePressed">
<Header>
<Loc EndOffset="19057" SrcFileId="3" StartOffset="19006"/>
</Header>
<LocList>
<Loc EndOffset="20905" SrcFileId="3" StartOffset="19006"/>
</LocList>
<StmntSeq Intrnl_Id="773">
<LocList>
<Loc EndOffset="19164" SrcFileId="3" StartOffset="19107"/>
<Loc EndOffset="19210" SrcFileId="3" StartOffset="19169"/>
<Loc EndOffset="19260" SrcFileId="3" StartOffset="19220"/>
<Loc EndOffset="19305" SrcFileId="3" StartOffset="19265"/>
<Loc EndOffset="19385" SrcFileId="3" StartOffset="19348"/>
<Loc EndOffset="19430" SrcFileId="3" StartOffset="19390"/>
<Loc EndOffset="19512" SrcFileId="3" StartOffset="19440"/>
<Loc EndOffset="19650" SrcFileId="3" StartOffset="19517"/>
<Loc EndOffset="20900" SrcFileId="3" StartOffset="19665"/>
</LocList>
<BasicStmnt CovItemId="S297" CovItemPrefix="game.GUI.java" Intrnl_Id="774">
<LocList>
<Loc EndOffset="19164" SrcFileId="3" StartOffset="19107"/>
</LocList>
</BasicStmnt>
<LoopStmnt CovItemId="S298" CovItemPrefix="game.GUI.java" Intrnl_Id="775" MltplExecId="L3-2" MltplExecPrefix="game.GUI.java" NvrExecId="L3-0" NvrExecPrefix="game.GUI.java" OnceExecutedId="L3-1" OnceExecutedPrefix="game.GUI.java" OptBodyExec="true">
<StmntSeq Intrnl_Id="776">
<LocList>
<Loc EndOffset="19210" SrcFileId="3" StartOffset="19192"/>
</LocList>
<BasicStmnt CovItemId="S299" CovItemPrefix="game.GUI.java" Intrnl_Id="777">
<LocList>
<Loc EndOffset="19210" SrcFileId="3" StartOffset="19192"/>
</LocList>
</BasicStmnt>
</StmntSeq>
<Keyword EndOffset="19172" SrcFileId="3" StartOffset="19169"/>
<LocList>
<Loc EndOffset="19210" SrcFileId="3" StartOffset="19169"/>
</LocList>
<RootTerm CovItemId="C8" CovItemPrefix="game.GUI.java" Intrnl_Id="778">
<BasicBoolTerm Intrnl_Id="779">
<LocList>
<Loc EndOffset="19185" SrcFileId="3" StartOffset="19182"/>
</LocList>
</BasicBoolTerm>
</RootTerm>
</LoopStmnt>
<BasicStmnt CovItemId="S300" CovItemPrefix="game.GUI.java" Intrnl_Id="780">
<LocList>
<Loc EndOffset="19260" SrcFileId="3" StartOffset="19220"/>
</LocList>
</BasicStmnt>
<BasicStmnt CovItemId="S301" CovItemPrefix="game.GUI.java" Intrnl_Id="781">
<LocList>
<Loc EndOffset="19305" SrcFileId="3" StartOffset="19265"/>
</LocList>
</BasicStmnt>
<BasicStmnt CovItemId="S302" CovItemPrefix="game.GUI.java" Intrnl_Id="782">
<LocList>
<Loc EndOffset="19385" SrcFileId="3" StartOffset="19348"/>
</LocList>
</BasicStmnt>
<BasicStmnt CovItemId="S303" CovItemPrefix="game.GUI.java" Intrnl_Id="783">
<LocList>
<Loc EndOffset="19430" SrcFileId="3" StartOffset="19390"/>
</LocList>
</BasicStmnt>
<BasicStmnt CovItemId="S304" CovItemPrefix="game.GUI.java" Intrnl_Id="784">
<LocList>
<Loc EndOffset="19512" SrcFileId="3" StartOffset="19440"/>
</LocList>
</BasicStmnt>
<CondStmnt CovItemId="S305" CovItemPrefix="game.GUI.java" Intrnl_Id="785">
<Branch CovItemId="B29" CovItemPrefix="game.GUI.java" Implct="false" Intrnl_Id="786">
<Cond/>
<LocList>
<Loc EndOffset="19650" SrcFileId="3" StartOffset="19543"/>
</LocList>
<StmntSeq Intrnl_Id="787">
<LocList>
<Loc EndOffset="19650" SrcFileId="3" StartOffset="19543"/>
</LocList>
<BasicStmnt CovItemId="S306" CovItemPrefix="game.GUI.java" Intrnl_Id="788">
<LocList>
<Loc EndOffset="19650" SrcFileId="3" StartOffset="19543"/>
</LocList>
</BasicStmnt>
</StmntSeq>
</Branch>
<Branch CovItemId="B30" CovItemPrefix="game.GUI.java" Implct="true" Intrnl_Id="789">
<Cond/>
<LocList/>
<StmntSeq Intrnl_Id="790">
<LocList/>
</StmntSeq>
</Branch>
<Keyword EndOffset="19519" SrcFileId="3" StartOffset="19517"/>
<LocList>
<Loc EndOffset="19650" SrcFileId="3" StartOffset="19517"/>
</LocList>
<RootTerm CovItemId="C9" CovItemPrefix="game.GUI.java" Intrnl_Id="791">
<BasicBoolTerm Intrnl_Id="792">
<LocList>
<Loc EndOffset="19541" SrcFileId="3" StartOffset="19520"/>
</LocList>
</BasicBoolTerm>
</RootTerm>
</CondStmnt>
<CondStmnt CovItemId="S307" CovItemPrefix="game.GUI.java" Intrnl_Id="793">
<Branch CovItemId="B31" CovItemPrefix="game.GUI.java" Implct="false" Intrnl_Id="794">
<Cond/>
<LocList>
<Loc EndOffset="19859" SrcFileId="3" StartOffset="19750"/>
</LocList>
<StmntSeq Intrnl_Id="795">
<LocList>
<Loc EndOffset="19787" SrcFileId="3" StartOffset="19757"/>
<Loc EndOffset="19853" SrcFileId="3" StartOffset="19793"/>
</LocList>
<BasicStmnt CovItemId="S308" CovItemPrefix="game.GUI.java" Intrnl_Id="796">
<LocList>
<Loc EndOffset="19787" SrcFileId="3" StartOffset="19757"/>
</LocList>
</BasicStmnt>
<BasicStmnt CovItemId="S309" CovItemPrefix="game.GUI.java" Intrnl_Id="797">
<LocList>
<Loc EndOffset="19853" SrcFileId="3" StartOffset="19793"/>
</LocList>
</BasicStmnt>
</StmntSeq>
</Branch>
<Branch CovItemId="B32" CovItemPrefix="game.GUI.java" Implct="false" Intrnl_Id="798">
<Cond>
<Loc EndOffset="19874" SrcFileId="3" StartOffset="19870"/>
</Cond>
<LocList>
<Loc EndOffset="20900" SrcFileId="3" StartOffset="19875"/>
</LocList>
<StmntSeq Intrnl_Id="799">
<LocList>
<Loc EndOffset="20900" SrcFileId="3" StartOffset="19875"/>
</LocList>
<CondStmnt CovItemId="S310" CovItemPrefix="game.GUI.java" Intrnl_Id="800">
<Branch CovItemId="B33" CovItemPrefix="game.GUI.java" Implct="false" Intrnl_Id="801">
<Cond/>
<LocList>
<Loc EndOffset="20815" SrcFileId="3" StartOffset="19955"/>
</LocList>
<StmntSeq Intrnl_Id="802">
<LocList>
<Loc EndOffset="19991" SrcFileId="3" StartOffset="19962"/>
<Loc EndOffset="20118" SrcFileId="3" StartOffset="19997"/>
<Loc EndOffset="20245" SrcFileId="3" StartOffset="20124"/>
<Loc EndOffset="20372" SrcFileId="3" StartOffset="20251"/>
<Loc EndOffset="20499" SrcFileId="3" StartOffset="20378"/>
<Loc EndOffset="20740" SrcFileId="3" StartOffset="20554"/>
<Loc EndOffset="20772" SrcFileId="3" StartOffset="20746"/>
<Loc EndOffset="20809" SrcFileId="3" StartOffset="20778"/>
</LocList>
<BasicStmnt CovItemId="S311" CovItemPrefix="game.GUI.java" Intrnl_Id="803">
<LocList>
<Loc EndOffset="19991" SrcFileId="3" StartOffset="19962"/>
</LocList>
</BasicStmnt>
<CondStmnt CovItemId="S312" CovItemPrefix="game.GUI.java" Intrnl_Id="804">
<Branch CovItemId="B35" CovItemPrefix="game.GUI.java" Implct="false" Intrnl_Id="805">
<Cond/>
<LocList>
<Loc EndOffset="20118" SrcFileId="3" StartOffset="20094"/>
</LocList>
<StmntSeq Intrnl_Id="806">
<LocList>
<Loc EndOffset="20118" SrcFileId="3" StartOffset="20094"/>
</LocList>
<BasicStmnt CovItemId="S313" CovItemPrefix="game.GUI.java" Intrnl_Id="807">
<LocList>
<Loc EndOffset="20118" SrcFileId="3" StartOffset="20094"/>
</LocList>
</BasicStmnt>
</StmntSeq>
</Branch>
<Branch CovItemId="B36" CovItemPrefix="game.GUI.java" Implct="true" Intrnl_Id="808">
<Cond/>
<LocList/>
<StmntSeq Intrnl_Id="809">
<LocList/>
</StmntSeq>
</Branch>
<Keyword EndOffset="19999" SrcFileId="3" StartOffset="19997"/>
<LocList>
<Loc EndOffset="20118" SrcFileId="3" StartOffset="19997"/>
</LocList>
<RootTerm CovItemId="C12" CovItemPrefix="game.GUI.java" Intrnl_Id="810">
<OpTerm BooleanOpId="5" Intrnl_Id="811">
<BasicBoolTerm Intrnl_Id="812">
<LocList>
<Loc EndOffset="20039" SrcFileId="3" StartOffset="20000"/>
</LocList>
</BasicBoolTerm>
<BasicBoolTerm Intrnl_Id="813">
<LocList>
<Loc EndOffset="20085" SrcFileId="3" StartOffset="20043"/>
</LocList>
</BasicBoolTerm>
<LocList>
<Loc EndOffset="20042" SrcFileId="3" StartOffset="20040"/>
</LocList>
</OpTerm>
</RootTerm>
</CondStmnt>
<CondStmnt CovItemId="S314" CovItemPrefix="game.GUI.java" Intrnl_Id="814">
<Branch CovItemId="B37" CovItemPrefix="game.GUI.java" Implct="false" Intrnl_Id="815">
<Cond/>
<LocList>
<Loc EndOffset="20245" SrcFileId="3" StartOffset="20221"/>
</LocList>
<StmntSeq Intrnl_Id="816">
<LocList>
<Loc EndOffset="20245" SrcFileId="3" StartOffset="20221"/>
</LocList>
<BasicStmnt CovItemId="S315" CovItemPrefix="game.GUI.java" Intrnl_Id="817">
<LocList>
<Loc EndOffset="20245" SrcFileId="3" StartOffset="20221"/>
</LocList>
</BasicStmnt>
</StmntSeq>
</Branch>
<Branch CovItemId="B38" CovItemPrefix="game.GUI.java" Implct="true" Intrnl_Id="818">
<Cond/>
<LocList/>
<StmntSeq Intrnl_Id="819">
<LocList/>
</StmntSeq>
</Branch>
<Keyword EndOffset="20126" SrcFileId="3" StartOffset="20124"/>
<LocList>
<Loc EndOffset="20245" SrcFileId="3" StartOffset="20124"/>
</LocList>
<RootTerm CovItemId="C13" CovItemPrefix="game.GUI.java" Intrnl_Id="820">
<OpTerm BooleanOpId="5" Intrnl_Id="821">
<BasicBoolTerm Intrnl_Id="822">
<LocList>
<Loc EndOffset="20172" SrcFileId="3" StartOffset="20127"/>
</LocList>
</BasicBoolTerm>
<BasicBoolTerm Intrnl_Id="823">
<LocList>
<Loc EndOffset="20212" SrcFileId="3" StartOffset="20176"/>
</LocList>
</BasicBoolTerm>
<LocList>
<Loc EndOffset="20175" SrcFileId="3" StartOffset="20173"/>
</LocList>
</OpTerm>
</RootTerm>
</CondStmnt>
<CondStmnt CovItemId="S316" CovItemPrefix="game.GUI.java" Intrnl_Id="824">
<Branch CovItemId="B39" CovItemPrefix="game.GUI.java" Implct="false" Intrnl_Id="825">
<Cond/>
<LocList>
<Loc EndOffset="20372" SrcFileId="3" StartOffset="20348"/>
</LocList>
<StmntSeq Intrnl_Id="826">
<LocList>
<Loc EndOffset="20372" SrcFileId="3" StartOffset="20348"/>
</LocList>
<BasicStmnt CovItemId="S317" CovItemPrefix="game.GUI.java" Intrnl_Id="827">
<LocList>
<Loc EndOffset="20372" SrcFileId="3" StartOffset="20348"/>
</LocList>
</BasicStmnt>
</StmntSeq>
</Branch>
<Branch CovItemId="B40" CovItemPrefix="game.GUI.java" Implct="true" Intrnl_Id="828">
<Cond/>
<LocList/>
<StmntSeq Intrnl_Id="829">
<LocList/>
</StmntSeq>
</Branch>
<Keyword EndOffset="20253" SrcFileId="3" StartOffset="20251"/>
<LocList>
<Loc EndOffset="20372" SrcFileId="3" StartOffset="20251"/>
</LocList>
<RootTerm CovItemId="C14" CovItemPrefix="game.GUI.java" Intrnl_Id="830">
<OpTerm BooleanOpId="5" Intrnl_Id="831">
<BasicBoolTerm Intrnl_Id="832">
<LocList>
<Loc EndOffset="20293" SrcFileId="3" StartOffset="20254"/>
</LocList>
</BasicBoolTerm>
<BasicBoolTerm Intrnl_Id="833">
<LocList>
<Loc EndOffset="20339" SrcFileId="3" StartOffset="20297"/>
</LocList>
</BasicBoolTerm>
<LocList>
<Loc EndOffset="20296" SrcFileId="3" StartOffset="20294"/>
</LocList>
</OpTerm>
</RootTerm>
</CondStmnt>
<CondStmnt CovItemId="S318" CovItemPrefix="game.GUI.java" Intrnl_Id="834">
<Branch CovItemId="B41" CovItemPrefix="game.GUI.java" Implct="false" Intrnl_Id="835">
<Cond/>
<LocList>
<Loc EndOffset="20499" SrcFileId="3" StartOffset="20475"/>
</LocList>
<StmntSeq Intrnl_Id="836">
<LocList>
<Loc EndOffset="20499" SrcFileId="3" StartOffset="20475"/>
</LocList>
<BasicStmnt CovItemId="S319" CovItemPrefix="game.GUI.java" Intrnl_Id="837">
<LocList>
<Loc EndOffset="20499" SrcFileId="3" StartOffset="20475"/>
</LocList>
</BasicStmnt>
</StmntSeq>
</Branch>
<Branch CovItemId="B42" CovItemPrefix="game.GUI.java" Implct="true" Intrnl_Id="838">
<Cond/>
<LocList/>
<StmntSeq Intrnl_Id="839">
<LocList/>
</StmntSeq>
</Branch>
<Keyword EndOffset="20380" SrcFileId="3" StartOffset="20378"/>
<LocList>
<Loc EndOffset="20499" SrcFileId="3" StartOffset="20378"/>
</LocList>
<RootTerm CovItemId="C15" CovItemPrefix="game.GUI.java" Intrnl_Id="840">
<OpTerm BooleanOpId="5" Intrnl_Id="841">
<BasicBoolTerm Intrnl_Id="842">
<LocList>
<Loc EndOffset="20426" SrcFileId="3" StartOffset="20381"/>
</LocList>
</BasicBoolTerm>
<BasicBoolTerm Intrnl_Id="843">
<LocList>
<Loc EndOffset="20466" SrcFileId="3" StartOffset="20430"/>
</LocList>
</BasicBoolTerm>
<LocList>
<Loc EndOffset="20429" SrcFileId="3" StartOffset="20427"/>
</LocList>
</OpTerm>
</RootTerm>
</CondStmnt>
<CondStmnt CovItemId="S320" CovItemPrefix="game.GUI.java" Intrnl_Id="844">
<Branch CovItemId="B43" CovItemPrefix="game.GUI.java" Implct="false" Intrnl_Id="845">
<Cond/>
<LocList>
<Loc EndOffset="20740" SrcFileId="3" StartOffset="20639"/>
</LocList>
<StmntSeq Intrnl_Id="846">
<LocList>
<Loc EndOffset="20733" SrcFileId="3" StartOffset="20647"/>
</LocList>
<BasicStmnt CovItemId="S321" CovItemPrefix="game.GUI.java" Intrnl_Id="847">
<LocList>
<Loc EndOffset="20733" SrcFileId="3" StartOffset="20647"/>
</LocList>
</BasicStmnt>
</StmntSeq>
</Branch>
<Branch CovItemId="B44" CovItemPrefix="game.GUI.java" Implct="true" Intrnl_Id="848">
<Cond/>
<LocList/>
<StmntSeq Intrnl_Id="849">
<LocList/>
</StmntSeq>
</Branch>
<Keyword EndOffset="20556" SrcFileId="3" StartOffset="20554"/>
<LocList>
<Loc EndOffset="20740" SrcFileId="3" StartOffset="20554"/>
</LocList>
<RootTerm CovItemId="C16" CovItemPrefix="game.GUI.java" Intrnl_Id="850">
<BasicBoolTerm Intrnl_Id="851">
<LocList>
<Loc EndOffset="20638" SrcFileId="3" StartOffset="20557"/>
</LocList>
</BasicBoolTerm>
</RootTerm>
</CondStmnt>
<BasicStmnt CovItemId="S322" CovItemPrefix="game.GUI.java" Intrnl_Id="852">
<LocList>
<Loc EndOffset="20772" SrcFileId="3" StartOffset="20746"/>
</LocList>
</BasicStmnt>
<BasicStmnt CovItemId="S323" CovItemPrefix="game.GUI.java" Intrnl_Id="853">
<LocList>
<Loc EndOffset="20809" SrcFileId="3" StartOffset="20778"/>
</LocList>
</BasicStmnt>
</StmntSeq>
</Branch>
<Branch CovItemId="B34" CovItemPrefix="game.GUI.java" Implct="false" Intrnl_Id="854">
<Cond>
<Loc EndOffset="20824" SrcFileId="3" StartOffset="20820"/>
</Cond>
<LocList>
<Loc EndOffset="20900" SrcFileId="3" StartOffset="20824"/>
</LocList>
<StmntSeq Intrnl_Id="855">
<LocList>
<Loc EndOffset="20857" SrcFileId="3" StartOffset="20831"/>
<Loc EndOffset="20894" SrcFileId="3" StartOffset="20863"/>
</LocList>
<BasicStmnt CovItemId="S324" CovItemPrefix="game.GUI.java" Intrnl_Id="856">
<LocList>
<Loc EndOffset="20857" SrcFileId="3" StartOffset="20831"/>
</LocList>
</BasicStmnt>
<BasicStmnt CovItemId="S325" CovItemPrefix="game.GUI.java" Intrnl_Id="857">
<LocList>
<Loc EndOffset="20894" SrcFileId="3" StartOffset="20863"/>
</LocList>
</BasicStmnt>
</StmntSeq>
</Branch>
<Keyword EndOffset="19877" SrcFileId="3" StartOffset="19875"/>
<LocList>
<Loc EndOffset="20900" SrcFileId="3" StartOffset="19875"/>
</LocList>
<RootTerm CovItemId="C11" CovItemPrefix="game.GUI.java" Intrnl_Id="858">
<OpTerm BooleanOpId="5" Intrnl_Id="859">
<BasicBoolTerm Intrnl_Id="860">
<LocList>
<Loc EndOffset="19904" SrcFileId="3" StartOffset="19878"/>
</LocList>
</BasicBoolTerm>
<BasicBoolTerm Intrnl_Id="861">
<LocList>
<Loc EndOffset="19954" SrcFileId="3" StartOffset="19908"/>
</LocList>
</BasicBoolTerm>
<LocList>
<Loc EndOffset="19907" SrcFileId="3" StartOffset="19905"/>
</LocList>
</OpTerm>
</RootTerm>
</CondStmnt>
</StmntSeq>
</Branch>
<Keyword EndOffset="19667" SrcFileId="3" StartOffset="19665"/>
<LocList>
<Loc EndOffset="20900" SrcFileId="3" StartOffset="19665"/>
</LocList>
<RootTerm CovItemId="C10" CovItemPrefix="game.GUI.java" Intrnl_Id="862">
<OpTerm BooleanOpId="5" Intrnl_Id="863">
<BasicBoolTerm Intrnl_Id="864">
<LocList>
<Loc EndOffset="19714" SrcFileId="3" StartOffset="19668"/>
</LocList>
</BasicBoolTerm>
<BasicBoolTerm Intrnl_Id="865">
<LocList>
<Loc EndOffset="19749" SrcFileId="3" StartOffset="19718"/>
</LocList>
</BasicBoolTerm>
<LocList>
<Loc EndOffset="19717" SrcFileId="3" StartOffset="19715"/>
</LocList>
</OpTerm>
</RootTerm>
</CondStmnt>
</StmntSeq>
</HierarchyLvl>
</HierarchyLvl>
</HierarchyLvl>
<HierarchyLvl HierarchyLvlId="58" HierarchyLvlTypeId="9" Intrnl_Id="866" Name="ImagePanel">
<Header>
<Loc EndOffset="20947" SrcFileId="3" StartOffset="20916"/>
</Header>
<LocList>
<Loc EndOffset="21790" SrcFileId="3" StartOffset="20916"/>
</LocList>
<HierarchyLvl HierarchyLvlId="49" HierarchyLvlTypeId="8" Intrnl_Id="867" Name="ImagePanel">
<Header>
<Loc EndOffset="21047" SrcFileId="3" StartOffset="21018"/>
</Header>
<LocList>
<Loc EndOffset="21093" SrcFileId="3" StartOffset="21018"/>
</LocList>
<StmntSeq Intrnl_Id="868">
<LocList>
<Loc EndOffset="21089" SrcFileId="3" StartOffset="21053"/>
</LocList>
<BasicStmnt CovItemId="S326" CovItemPrefix="game.GUI.java" Intrnl_Id="869">
<LocList>
<Loc EndOffset="21089" SrcFileId="3" StartOffset="21053"/>
</LocList>
</BasicStmnt>
</StmntSeq>
</HierarchyLvl>
<HierarchyLvl HierarchyLvlId="50" HierarchyLvlTypeId="8" Intrnl_Id="870" Name="ImagePanel">
<Header>
<Loc EndOffset="21126" SrcFileId="3" StartOffset="21098"/>
</Header>
<LocList>
<Loc EndOffset="21342" SrcFileId="3" StartOffset="21098"/>
</LocList>
<StmntSeq Intrnl_Id="871">
<LocList>
<Loc EndOffset="21147" SrcFileId="3" StartOffset="21132"/>
<Loc EndOffset="21223" SrcFileId="3" StartOffset="21151"/>
<Loc EndOffset="21250" SrcFileId="3" StartOffset="21227"/>
<Loc EndOffset="21275" SrcFileId="3" StartOffset="21254"/>
<Loc EndOffset="21300" SrcFileId="3" StartOffset="21279"/>
<Loc EndOffset="21318" SrcFileId="3" StartOffset="21304"/>
<Loc EndOffset="21338" SrcFileId="3" StartOffset="21322"/>
</LocList>
<BasicStmnt CovItemId="S327" CovItemPrefix="game.GUI.java" Intrnl_Id="872">
<LocList>
<Loc EndOffset="21147" SrcFileId="3" StartOffset="21132"/>
</LocList>
</BasicStmnt>
<BasicStmnt CovItemId="S328" CovItemPrefix="game.GUI.java" Intrnl_Id="873">
<LocList>
<Loc EndOffset="21223" SrcFileId="3" StartOffset="21151"/>
</LocList>
</BasicStmnt>
<BasicStmnt CovItemId="S329" CovItemPrefix="game.GUI.java" Intrnl_Id="874">
<LocList>
<Loc EndOffset="21250" SrcFileId="3" StartOffset="21227"/>
</LocList>
</BasicStmnt>
<BasicStmnt CovItemId="S330" CovItemPrefix="game.GUI.java" Intrnl_Id="875">
<LocList>
<Loc EndOffset="21275" SrcFileId="3" StartOffset="21254"/>
</LocList>
</BasicStmnt>
<BasicStmnt CovItemId="S331" CovItemPrefix="game.GUI.java" Intrnl_Id="876">
<LocList>
<Loc EndOffset="21300" SrcFileId="3" StartOffset="21279"/>
</LocList>
</BasicStmnt>
<BasicStmnt CovItemId="S332" CovItemPrefix="game.GUI.java" Intrnl_Id="877">
<LocList>
<Loc EndOffset="21318" SrcFileId="3" StartOffset="21304"/>
</LocList>
</BasicStmnt>
<BasicStmnt CovItemId="S333" CovItemPrefix="game.GUI.java" Intrnl_Id="878">
<LocList>
<Loc EndOffset="21338" SrcFileId="3" StartOffset="21322"/>
</LocList>
</BasicStmnt>
</StmntSeq>
</HierarchyLvl>
<HierarchyLvl HierarchyLvlId="51" HierarchyLvlTypeId="8" Intrnl_Id="879" Name="paintComponent">
<Header>
<Loc EndOffset="21385" SrcFileId="3" StartOffset="21347"/>
</Header>
<LocList>
<Loc EndOffset="21424" SrcFileId="3" StartOffset="21347"/>
</LocList>
<StmntSeq Intrnl_Id="880">
<LocList>
<Loc EndOffset="21420" SrcFileId="3" StartOffset="21391"/>
</LocList>
<BasicStmnt CovItemId="S334" CovItemPrefix="game.GUI.java" Intrnl_Id="881">
<LocList>
<Loc EndOffset="21420" SrcFileId="3" StartOffset="21391"/>
</LocList>
</BasicStmnt>
</StmntSeq>
</HierarchyLvl>
<HierarchyLvl HierarchyLvlId="52" HierarchyLvlTypeId="8" Intrnl_Id="882" Name="setRow">
<Header>
<Loc EndOffset="21456" SrcFileId="3" StartOffset="21429"/>
</Header>
<LocList>
<Loc EndOffset="21481" SrcFileId="3" StartOffset="21429"/>
</LocList>
<StmntSeq Intrnl_Id="883">
<LocList>
<Loc EndOffset="21477" SrcFileId="3" StartOffset="21462"/>
</LocList>
<BasicStmnt CovItemId="S335" CovItemPrefix="game.GUI.java" Intrnl_Id="884">
<LocList>
<Loc EndOffset="21477" SrcFileId="3" StartOffset="21462"/>
</LocList>
</BasicStmnt>
</StmntSeq>
</HierarchyLvl>
<HierarchyLvl HierarchyLvlId="53" HierarchyLvlTypeId="8" Intrnl_Id="885" Name="getRow">
<Header>
<Loc EndOffset="21505" SrcFileId="3" StartOffset="21486"/>
</Header>
<LocList>
<Loc EndOffset="21531" SrcFileId="3" StartOffset="21486"/>
</LocList>
<StmntSeq Intrnl_Id="886">
<LocList>
<Loc EndOffset="21527" SrcFileId="3" StartOffset="21511"/>
</LocList>
<BasicStmnt CovItemId="S336" CovItemPrefix="game.GUI.java" Intrnl_Id="887">
<LocList>
<Loc EndOffset="21527" SrcFileId="3" StartOffset="21511"/>
</LocList>
</BasicStmnt>
</StmntSeq>
</HierarchyLvl>
<HierarchyLvl HierarchyLvlId="54" HierarchyLvlTypeId="8" Intrnl_Id="888" Name="setColumn">
<Header>
<Loc EndOffset="21569" SrcFileId="3" StartOffset="21536"/>
</Header>
<LocList>
<Loc EndOffset="21600" SrcFileId="3" StartOffset="21536"/>
</LocList>
<StmntSeq Intrnl_Id="889">
<LocList>
<Loc EndOffset="21596" SrcFileId="3" StartOffset="21575"/>
</LocList>
<BasicStmnt CovItemId="S337" CovItemPrefix="game.GUI.java" Intrnl_Id="890">
<LocList>
<Loc EndOffset="21596" SrcFileId="3" StartOffset="21575"/>
</LocList>
</BasicStmnt>
</StmntSeq>
</HierarchyLvl>
<HierarchyLvl HierarchyLvlId="55" HierarchyLvlTypeId="8" Intrnl_Id="891" Name="getColumn">
<Header>
<Loc EndOffset="21627" SrcFileId="3" StartOffset="21605"/>
</Header>
<LocList>
<Loc EndOffset="21656" SrcFileId="3" StartOffset="21605"/>
</LocList>
<StmntSeq Intrnl_Id="892">
<LocList>
<Loc EndOffset="21652" SrcFileId="3" StartOffset="21633"/>
</LocList>
<BasicStmnt CovItemId="S338" CovItemPrefix="game.GUI.java" Intrnl_Id="893">
<LocList>
<Loc EndOffset="21652" SrcFileId="3" StartOffset="21633"/>
</LocList>
</BasicStmnt>
</StmntSeq>
</HierarchyLvl>
<HierarchyLvl HierarchyLvlId="56" HierarchyLvlTypeId="8" Intrnl_Id="894" Name="getPixelX">
<Header>
<Loc EndOffset="21683" SrcFileId="3" StartOffset="21661"/>
</Header>
<LocList>
<Loc EndOffset="21722" SrcFileId="3" StartOffset="21661"/>
</LocList>
<StmntSeq Intrnl_Id="895">
<LocList>
<Loc EndOffset="21718" SrcFileId="3" StartOffset="21689"/>
</LocList>
<BasicStmnt CovItemId="S339" CovItemPrefix="game.GUI.java" Intrnl_Id="896">
<LocList>
<Loc EndOffset="21718" SrcFileId="3" StartOffset="21689"/>
</LocList>
</BasicStmnt>
</StmntSeq>
</HierarchyLvl>
<HierarchyLvl HierarchyLvlId="57" HierarchyLvlTypeId="8" Intrnl_Id="897" Name="getPixelY">
<Header>
<Loc EndOffset="21749" SrcFileId="3" StartOffset="21727"/>
</Header>
<LocList>
<Loc EndOffset="21785" SrcFileId="3" StartOffset="21727"/>
</LocList>
<StmntSeq Intrnl_Id="898">
<LocList>
<Loc EndOffset="21781" SrcFileId="3" StartOffset="21755"/>
</LocList>
<BasicStmnt CovItemId="S340" CovItemPrefix="game.GUI.java" Intrnl_Id="899">
<LocList>
<Loc EndOffset="21781" SrcFileId="3" StartOffset="21755"/>
</LocList>
</BasicStmnt>
</StmntSeq>
</HierarchyLvl>
</HierarchyLvl>
<HierarchyLvl HierarchyLvlId="66" HierarchyLvlTypeId="9" Intrnl_Id="900" Name="BoardState">
<Header>
<Loc EndOffset="129" SrcFileId="4" StartOffset="106"/>
</Header>
<LocList>
<Loc EndOffset="804" SrcFileId="4" StartOffset="106"/>
</LocList>
<HierarchyLvl HierarchyLvlId="59" HierarchyLvlTypeId="8" Intrnl_Id="901" Name="BoardState">
<Header>
<Loc EndOffset="296" SrcFileId="4" StartOffset="249"/>
</Header>
<LocList>
<Loc EndOffset="360" SrcFileId="4" StartOffset="249"/>
</LocList>
<StmntSeq Intrnl_Id="902">
<LocList>
<Loc EndOffset="323" SrcFileId="4" StartOffset="301"/>
<Loc EndOffset="356" SrcFileId="4" StartOffset="327"/>
</LocList>
<BasicStmnt CovItemId="S1" CovItemPrefix="game.BoardState.java" Intrnl_Id="903">
<LocList>
<Loc EndOffset="323" SrcFileId="4" StartOffset="301"/>
</LocList>
</BasicStmnt>
<BasicStmnt CovItemId="S2" CovItemPrefix="game.BoardState.java" Intrnl_Id="904">
<LocList>
<Loc EndOffset="356" SrcFileId="4" StartOffset="327"/>
</LocList>
</BasicStmnt>
</StmntSeq>
</HierarchyLvl>
<HierarchyLvl HierarchyLvlId="60" HierarchyLvlTypeId="8" Intrnl_Id="905" Name="getBoardArray">
<Header>
<Loc EndOffset="396" SrcFileId="4" StartOffset="365"/>
</Header>
<LocList>
<Loc EndOffset="424" SrcFileId="4" StartOffset="365"/>
</LocList>
<StmntSeq Intrnl_Id="906">
<LocList>
<Loc EndOffset="420" SrcFileId="4" StartOffset="402"/>
</LocList>
<BasicStmnt CovItemId="S3" CovItemPrefix="game.BoardState.java" Intrnl_Id="907">
<LocList>
<Loc EndOffset="420" SrcFileId="4" StartOffset="402"/>
</LocList>
</BasicStmnt>
</StmntSeq>
</HierarchyLvl>
<HierarchyLvl HierarchyLvlId="61" HierarchyLvlTypeId="8" Intrnl_Id="908" Name="setBoardArray">
<Header>
<Loc EndOffset="475" SrcFileId="4" StartOffset="429"/>
</Header>
<LocList>
<Loc EndOffset="514" SrcFileId="4" StartOffset="429"/>
</LocList>
<StmntSeq Intrnl_Id="909">
<LocList>
<Loc EndOffset="510" SrcFileId="4" StartOffset="481"/>
</LocList>
<BasicStmnt CovItemId="S4" CovItemPrefix="game.BoardState.java" Intrnl_Id="910">
<LocList>
<Loc EndOffset="510" SrcFileId="4" StartOffset="481"/>
</LocList>
</BasicStmnt>
</StmntSeq>
</HierarchyLvl>
<HierarchyLvl HierarchyLvlId="62" HierarchyLvlTypeId="8" Intrnl_Id="911" Name="getTurnNumber">
<Header>
<Loc EndOffset="545" SrcFileId="4" StartOffset="519"/>
</Header>
<LocList>
<Loc EndOffset="573" SrcFileId="4" StartOffset="519"/>
</LocList>
<StmntSeq Intrnl_Id="912">
<LocList>
<Loc EndOffset="569" SrcFileId="4" StartOffset="551"/>
</LocList>
<BasicStmnt CovItemId="S5" CovItemPrefix="game.BoardState.java" Intrnl_Id="913">
<LocList>
<Loc EndOffset="569" SrcFileId="4" StartOffset="551"/>
</LocList>
</BasicStmnt>
</StmntSeq>
</HierarchyLvl>
<HierarchyLvl HierarchyLvlId="63" HierarchyLvlTypeId="8" Intrnl_Id="914" Name="setTurnNumber">
<Header>
<Loc EndOffset="619" SrcFileId="4" StartOffset="578"/>
</Header>
<LocList>
<Loc EndOffset="658" SrcFileId="4" StartOffset="578"/>
</LocList>
<StmntSeq Intrnl_Id="915">
<LocList>
<Loc EndOffset="654" SrcFileId="4" StartOffset="625"/>
</LocList>
<BasicStmnt CovItemId="S6" CovItemPrefix="game.BoardState.java" Intrnl_Id="916">
<LocList>
<Loc EndOffset="654" SrcFileId="4" StartOffset="625"/>
</LocList>
</BasicStmnt>
</StmntSeq>
</HierarchyLvl>
<HierarchyLvl HierarchyLvlId="64" HierarchyLvlTypeId="8" Intrnl_Id="917" Name="incrementTurn">
<Header>
<Loc EndOffset="691" SrcFileId="4" StartOffset="664"/>
</Header>
<LocList>
<Loc EndOffset="718" SrcFileId="4" StartOffset="664"/>
</LocList>
<StmntSeq Intrnl_Id="918">
<LocList>
<Loc EndOffset="714" SrcFileId="4" StartOffset="696"/>
</LocList>
<BasicStmnt CovItemId="S7" CovItemPrefix="game.BoardState.java" Intrnl_Id="919">
<LocList>
<Loc EndOffset="714" SrcFileId="4" StartOffset="696"/>
</LocList>
</BasicStmnt>
</StmntSeq>
</HierarchyLvl>
<HierarchyLvl HierarchyLvlId="65" HierarchyLvlTypeId="8" Intrnl_Id="920" Name="clone">
<Header>
<Loc EndOffset="746" SrcFileId="4" StartOffset="721"/>
</Header>
<LocList>
<Loc EndOffset="801" SrcFileId="4" StartOffset="721"/>
</LocList>
<StmntSeq Intrnl_Id="921">
<LocList>
<Loc EndOffset="797" SrcFileId="4" StartOffset="751"/>
</LocList>
<BasicStmnt CovItemId="S8" CovItemPrefix="game.BoardState.java" Intrnl_Id="922">
<LocList>
<Loc EndOffset="797" SrcFileId="4" StartOffset="751"/>
</LocList>
</BasicStmnt>
</StmntSeq>
</HierarchyLvl>
</HierarchyLvl>
</HierarchyLvl>
</HierarchyLvl>
</MASTRoot>
<TestSession Comment="" Date="1429898179271" Name="Apr 24, 2015 1:56:19 PM">
<TestCase Comment="This is a test case containing all coverage results cause no startTestCase methods where captured." Date="1429898178523" Name="UNNAMED TESTCASE">
<CovList>
<CovPrefix CovItemPrefix="game.BoardState.java">
<Cov CovItemId="S1" Value="182"/>
<Cov CovItemId="S2" Value="182"/>
<Cov CovItemId="S3" Value="232"/>
<Cov CovItemId="S4" Value="33"/>
<Cov CovItemId="S5" Value="3"/>
<Cov CovItemId="S7" Value="3"/>
<Cov CovItemId="S8" Value="57"/>
</CovPrefix>
<CovPrefix CovItemPrefix="game.Game.java">
<Cov CovItemId="B1" Value="8"/>
<Cov CovItemId="B10" Value="6"/>
<Cov CovItemId="B11" Value="6"/>
<Cov CovItemId="B12" Value="17"/>
<Cov CovItemId="B13" Value="12"/>
<Cov CovItemId="B14" Value="5"/>
<Cov CovItemId="B16" Value="1"/>
<Cov CovItemId="B17" Value="20"/>
<Cov CovItemId="B18" Value="4"/>
<Cov CovItemId="B19" Value="3"/>
<Cov CovItemId="B2" Value="70"/>
<Cov CovItemId="B20" Value="1"/>
<Cov CovItemId="B21" Value="6"/>
<Cov CovItemId="B22" Value="2"/>
<Cov CovItemId="B23" Value="4"/>
<Cov CovItemId="B24" Value="4"/>
<Cov CovItemId="B25" Value="2"/>
<Cov CovItemId="B26" Value="2"/>
<Cov CovItemId="B27" Value="6"/>
<Cov CovItemId="B28" Value="5"/>
<Cov CovItemId="B29" Value="1"/>
<Cov CovItemId="B3" Value="15"/>
<Cov CovItemId="B31" Value="1"/>
<Cov CovItemId="B32" Value="16"/>
<Cov CovItemId="B33" Value="4"/>
<Cov CovItemId="B34" Value="1"/>
<Cov CovItemId="B35" Value="3"/>
<Cov CovItemId="B36" Value="4"/>
<Cov CovItemId="B37" Value="1"/>
<Cov CovItemId="B38" Value="3"/>
<Cov CovItemId="B39" Value="4"/>
<Cov CovItemId="B4" Value="9"/>
<Cov CovItemId="B40" Value="1"/>
<Cov CovItemId="B41" Value="3"/>
<Cov CovItemId="B42" Value="4"/>
<Cov CovItemId="B43" Value="1"/>
<Cov CovItemId="B44" Value="3"/>
<Cov CovItemId="B5" Value="6"/>
<Cov CovItemId="B6" Value="13"/>
<Cov CovItemId="B7" Value="6"/>
<Cov CovItemId="B8" Value="7"/>
<Cov CovItemId="B9" Value="12"/>
<Cov CovItemId="S1" Value="37"/>
<Cov CovItemId="S10" Value="8"/>
<Cov CovItemId="S11" Value="70"/>
<Cov CovItemId="S12" Value="57"/>
<Cov CovItemId="S13" Value="57"/>
<Cov CovItemId="S14" Value="57"/>
<Cov CovItemId="S15" Value="15"/>
<Cov CovItemId="S16" Value="9"/>
<Cov CovItemId="S17" Value="9"/>
<Cov CovItemId="S18" Value="6"/>
<Cov CovItemId="S19" Value="13"/>
<Cov CovItemId="S2" Value="37"/>
<Cov CovItemId="S20" Value="6"/>
<Cov CovItemId="S21" Value="6"/>
<Cov CovItemId="S22" Value="7"/>
<Cov CovItemId="S23" Value="12"/>
<Cov CovItemId="S24" Value="6"/>
<Cov CovItemId="S25" Value="6"/>
<Cov CovItemId="S26" Value="6"/>
<Cov CovItemId="S27" Value="17"/>
<Cov CovItemId="S28" Value="12"/>
<Cov CovItemId="S29" Value="12"/>
<Cov CovItemId="S3" Value="37"/>
<Cov CovItemId="S30" Value="5"/>
<Cov CovItemId="S32" Value="33"/>
<Cov CovItemId="S33" Value="33"/>
<Cov CovItemId="S34" Value="33"/>
<Cov CovItemId="S35" Value="33"/>
<Cov CovItemId="S36" Value="33"/>
<Cov CovItemId="S37" Value="21"/>
<Cov CovItemId="S38" Value="1"/>
<Cov CovItemId="S39" Value="20"/>
<Cov CovItemId="S4" Value="37"/>
<Cov CovItemId="S40" Value="4"/>
<Cov CovItemId="S41" Value="3"/>
<Cov CovItemId="S42" Value="3"/>
<Cov CovItemId="S43" Value="1"/>
<Cov CovItemId="S44" Value="6"/>
<Cov CovItemId="S45" Value="2"/>
<Cov CovItemId="S46" Value="2"/>
<Cov CovItemId="S47" Value="4"/>
<Cov CovItemId="S48" Value="4"/>
<Cov CovItemId="S49" Value="2"/>
<Cov CovItemId="S5" Value="37"/>
<Cov CovItemId="S50" Value="2"/>
<Cov CovItemId="S51" Value="2"/>
<Cov CovItemId="S52" Value="6"/>
<Cov CovItemId="S53" Value="5"/>
<Cov CovItemId="S54" Value="5"/>
<Cov CovItemId="S55" Value="1"/>
<Cov CovItemId="S56" Value="8"/>
<Cov CovItemId="S57" Value="17"/>
<Cov CovItemId="S58" Value="1"/>
<Cov CovItemId="S59" Value="16"/>
<Cov CovItemId="S6" Value="37"/>
<Cov CovItemId="S60" Value="4"/>
<Cov CovItemId="S61" Value="1"/>
<Cov CovItemId="S62" Value="1"/>
<Cov CovItemId="S63" Value="3"/>
<Cov CovItemId="S64" Value="4"/>
<Cov CovItemId="S65" Value="1"/>
<Cov CovItemId="S66" Value="1"/>
<Cov CovItemId="S67" Value="3"/>
<Cov CovItemId="S68" Value="4"/>
<Cov CovItemId="S69" Value="1"/>
<Cov CovItemId="S7" Value="28"/>
<Cov CovItemId="S70" Value="1"/>
<Cov CovItemId="S71" Value="3"/>
<Cov CovItemId="S72" Value="4"/>
<Cov CovItemId="S73" Value="1"/>
<Cov CovItemId="S74" Value="1"/>
<Cov CovItemId="S75" Value="3"/>
<Cov CovItemId="S8" Value="9"/>
<Cov CovItemId="S9" Value="78"/>
</CovPrefix>
<CovPrefix CovItemPrefix="game.Piece.java">
<Cov CovItemId="B1" Value="28"/>
<Cov CovItemId="B10" Value="1"/>
<Cov CovItemId="B12" Value="15"/>
<Cov CovItemId="B14" Value="24"/>
<Cov CovItemId="B16" Value="23"/>
<Cov CovItemId="B17" Value="1"/>
<Cov CovItemId="B2" Value="3"/>
<Cov CovItemId="B4" Value="6"/>
<Cov CovItemId="B5" Value="6"/>
<Cov CovItemId="B6" Value="9"/>
<Cov CovItemId="B7" Value="2"/>
<Cov CovItemId="S1" Value="70"/>
<Cov CovItemId="S11" Value="6"/>
<Cov CovItemId="S12" Value="6"/>
<Cov CovItemId="S13" Value="6"/>
<Cov CovItemId="S14" Value="6"/>
<Cov CovItemId="S15" Value="6"/>
<Cov CovItemId="S16" Value="6"/>
<Cov CovItemId="S17" Value="9"/>
<Cov CovItemId="S18" Value="9"/>
<Cov CovItemId="S19" Value="9"/>
<Cov CovItemId="S2" Value="28"/>
<Cov CovItemId="S20" Value="2"/>
<Cov CovItemId="S21" Value="2"/>
<Cov CovItemId="S22" Value="2"/>
<Cov CovItemId="S29" Value="1"/>
<Cov CovItemId="S3" Value="28"/>
<Cov CovItemId="S30" Value="1"/>
<Cov CovItemId="S31" Value="1"/>
<Cov CovItemId="S35" Value="15"/>
<Cov CovItemId="S36" Value="15"/>
<Cov CovItemId="S37" Value="15"/>
<Cov CovItemId="S38" Value="33"/>
<Cov CovItemId="S39" Value="33"/>
<Cov CovItemId="S4" Value="28"/>
<Cov CovItemId="S40" Value="33"/>
<Cov CovItemId="S41" Value="51"/>
<Cov CovItemId="S42" Value="1"/>
<Cov CovItemId="S43" Value="3"/>
<Cov CovItemId="S44" Value="1"/>
<Cov CovItemId="S45" Value="49"/>
<Cov CovItemId="S46" Value="1"/>
<Cov CovItemId="S47" Value="24"/>
<Cov CovItemId="S48" Value="24"/>
<Cov CovItemId="S49" Value="23"/>
<Cov CovItemId="S5" Value="3"/>
<Cov CovItemId="S50" Value="1"/>
<Cov CovItemId="S6" Value="3"/>
<Cov CovItemId="S7" Value="3"/>
</CovPrefix>
</CovList>
<AssgnmntList>
<AssgnmntPrefix RootTermCovItemPrefix="game.Game.java">
<AssgnmntListEntry Length="1" RootTermCovItemId="C1">
<MapEntry BoolAssgnmnt="0" Value="70"/>
<MapEntry BoolAssgnmnt="1" Value="8"/>
</AssgnmntListEntry>
<AssgnmntListEntry Length="1" RootTermCovItemId="C10">
<MapEntry BoolAssgnmnt="0" Value="1"/>
<MapEntry BoolAssgnmnt="1" Value="5"/>
</AssgnmntListEntry>
<AssgnmntListEntry Length="1" RootTermCovItemId="C11">
<MapEntry BoolAssgnmnt="0" Value="16"/>
<MapEntry BoolAssgnmnt="1" Value="1"/>
</AssgnmntListEntry>
<AssgnmntListEntry Length="2" RootTermCovItemId="C12">
<MapEntry BoolAssgnmnt="02" Value="1"/>
<MapEntry BoolAssgnmnt="10" Value="2"/>
<MapEntry BoolAssgnmnt="11" Value="1"/>
</AssgnmntListEntry>
<AssgnmntListEntry Length="2" RootTermCovItemId="C13">
<MapEntry BoolAssgnmnt="02" Value="1"/>
<MapEntry BoolAssgnmnt="10" Value="2"/>
<MapEntry BoolAssgnmnt="11" Value="1"/>
</AssgnmntListEntry>
<AssgnmntListEntry Length="2" RootTermCovItemId="C14">
<MapEntry BoolAssgnmnt="02" Value="1"/>
<MapEntry BoolAssgnmnt="10" Value="2"/>
<MapEntry BoolAssgnmnt="11" Value="1"/>
</AssgnmntListEntry>
<AssgnmntListEntry Length="2" RootTermCovItemId="C15">
<MapEntry BoolAssgnmnt="02" Value="1"/>
<MapEntry BoolAssgnmnt="10" Value="2"/>
<MapEntry BoolAssgnmnt="11" Value="1"/>
</AssgnmntListEntry>
<AssgnmntListEntry Length="2" RootTermCovItemId="C2">
<MapEntry BoolAssgnmnt="02" Value="3"/>
<MapEntry BoolAssgnmnt="10" Value="3"/>
<MapEntry BoolAssgnmnt="11" Value="9"/>
</AssgnmntListEntry>
<AssgnmntListEntry Length="2" RootTermCovItemId="C3">
<MapEntry BoolAssgnmnt="02" Value="4"/>
<MapEntry BoolAssgnmnt="10" Value="3"/>
<MapEntry BoolAssgnmnt="11" Value="6"/>
</AssgnmntListEntry>
<AssgnmntListEntry Length="2" RootTermCovItemId="C4">
<MapEntry BoolAssgnmnt="02" Value="4"/>
<MapEntry BoolAssgnmnt="10" Value="2"/>
<MapEntry BoolAssgnmnt="11" Value="6"/>
</AssgnmntListEntry>
<AssgnmntListEntry Length="2" RootTermCovItemId="C5">
<MapEntry BoolAssgnmnt="02" Value="3"/>
<MapEntry BoolAssgnmnt="10" Value="2"/>
<MapEntry BoolAssgnmnt="11" Value="12"/>
</AssgnmntListEntry>
<AssgnmntListEntry Length="1" RootTermCovItemId="C6">
<MapEntry BoolAssgnmnt="0" Value="20"/>
<MapEntry BoolAssgnmnt="1" Value="1"/>
</AssgnmntListEntry>
<AssgnmntListEntry Length="1" RootTermCovItemId="C7">
<MapEntry BoolAssgnmnt="0" Value="1"/>
<MapEntry BoolAssgnmnt="1" Value="3"/>
</AssgnmntListEntry>
<AssgnmntListEntry Length="1" RootTermCovItemId="C8">
<MapEntry BoolAssgnmnt="0" Value="4"/>
<MapEntry BoolAssgnmnt="1" Value="2"/>
</AssgnmntListEntry>
<AssgnmntListEntry Length="1" RootTermCovItemId="C9">
<MapEntry BoolAssgnmnt="0" Value="2"/>
<MapEntry BoolAssgnmnt="1" Value="2"/>
</AssgnmntListEntry>
</AssgnmntPrefix>
<AssgnmntPrefix RootTermCovItemPrefix="game.Piece.java">
<AssgnmntListEntry Length="1" RootTermCovItemId="C1">
<MapEntry BoolAssgnmnt="1" Value="24"/>
</AssgnmntListEntry>
<AssgnmntListEntry Length="2" RootTermCovItemId="C2">
<MapEntry BoolAssgnmnt="10" Value="1"/>
<MapEntry BoolAssgnmnt="11" Value="23"/>
</AssgnmntListEntry>
</AssgnmntPrefix>
</AssgnmntList>
<ObjMetaDataList/>
<MetaDataList>
<MetaDataListEntry Name="BranchCoverage.getCoverage_HierarchyLevel60">
<MetaData Base64="rO0ABXNyAC1vcmcuY29kZWNvdmVyLm1ldHJpY3MuY292ZXJhZ2UuQ292ZXJhZ2VSZXN1bHQPE7sp&#10;At1+KwIAAkkADGNvdmVyZWRJdGVtc0kACnRvdGFsSXRlbXN4cAAAAAAAAAAA"/>
</MetaDataListEntry>
<MetaDataListEntry Name="BranchCoverage.getCoverage_HierarchyLevel61">
<MetaData Base64="rO0ABXNyAC1vcmcuY29kZWNvdmVyLm1ldHJpY3MuY292ZXJhZ2UuQ292ZXJhZ2VSZXN1bHQPE7sp&#10;At1+KwIAAkkADGNvdmVyZWRJdGVtc0kACnRvdGFsSXRlbXN4cAAAAAAAAAAA"/>
</MetaDataListEntry>
<MetaDataListEntry Name="TermCoverage.getCoverage_HierarchyLevel65">
<MetaData Base64="rO0ABXNyAC1vcmcuY29kZWNvdmVyLm1ldHJpY3MuY292ZXJhZ2UuQ292ZXJhZ2VSZXN1bHQPE7sp&#10;At1+KwIAAkkADGNvdmVyZWRJdGVtc0kACnRvdGFsSXRlbXN4cAAAAAAAAAAA"/>
</MetaDataListEntry>
<MetaDataListEntry Name="TermCoverage.getCoverage_HierarchyLevel64">
<MetaData Base64="rO0ABXNyAC1vcmcuY29kZWNvdmVyLm1ldHJpY3MuY292ZXJhZ2UuQ292ZXJhZ2VSZXN1bHQPE7sp&#10;At1+KwIAAkkADGNvdmVyZWRJdGVtc0kACnRvdGFsSXRlbXN4cAAAAAAAAAAA"/>
</MetaDataListEntry>
<MetaDataListEntry Name="TermCoverage.getCoverage_HierarchyLevel66">
<MetaData Base64="rO0ABXNyAC1vcmcuY29kZWNvdmVyLm1ldHJpY3MuY292ZXJhZ2UuQ292ZXJhZ2VSZXN1bHQPE7sp&#10;At1+KwIAAkkADGNvdmVyZWRJdGVtc0kACnRvdGFsSXRlbXN4cAAAAAAAAAAA"/>
</MetaDataListEntry>
<MetaDataListEntry Name="BranchCoverage.getCoverage_HierarchyLevel3">
<MetaData Base64="rO0ABXNyAC1vcmcuY29kZWNvdmVyLm1ldHJpY3MuY292ZXJhZ2UuQ292ZXJhZ2VSZXN1bHQPE7sp&#10;At1+KwIAAkkADGNvdmVyZWRJdGVtc0kACnRvdGFsSXRlbXN4cAAAAAgAAAAN"/>
</MetaDataListEntry>
<MetaDataListEntry Name="BranchCoverage.getCoverage_HierarchyLevel66">
<MetaData Base64="rO0ABXNyAC1vcmcuY29kZWNvdmVyLm1ldHJpY3MuY292ZXJhZ2UuQ292ZXJhZ2VSZXN1bHQPE7sp&#10;At1+KwIAAkkADGNvdmVyZWRJdGVtc0kACnRvdGFsSXRlbXN4cAAAAAAAAAAA"/>
</MetaDataListEntry>
<MetaDataListEntry Name="BranchCoverage.getCoverage_HierarchyLevel2">
<MetaData Base64="rO0ABXNyAC1vcmcuY29kZWNvdmVyLm1ldHJpY3MuY292ZXJhZ2UuQ292ZXJhZ2VSZXN1bHQPE7sp&#10;At1+KwIAAkkADGNvdmVyZWRJdGVtc0kACnRvdGFsSXRlbXN4cAAAAAAAAAAA"/>
</MetaDataListEntry>
<MetaDataListEntry Name="BranchCoverage.getCoverage_HierarchyLevel64">
<MetaData Base64="rO0ABXNyAC1vcmcuY29kZWNvdmVyLm1ldHJpY3MuY292ZXJhZ2UuQ292ZXJhZ2VSZXN1bHQPE7sp&#10;At1+KwIAAkkADGNvdmVyZWRJdGVtc0kACnRvdGFsSXRlbXN4cAAAAAAAAAAA"/>
</MetaDataListEntry>
<MetaDataListEntry Name="TermCoverage.getCoverage_HierarchyLevel61">
<MetaData Base64="rO0ABXNyAC1vcmcuY29kZWNvdmVyLm1ldHJpY3MuY292ZXJhZ2UuQ292ZXJhZ2VSZXN1bHQPE7sp&#10;At1+KwIAAkkADGNvdmVyZWRJdGVtc0kACnRvdGFsSXRlbXN4cAAAAAAAAAAA"/>
</MetaDataListEntry>
<MetaDataListEntry Name="BranchCoverage.getCoverage_HierarchyLevel65">
<MetaData Base64="rO0ABXNyAC1vcmcuY29kZWNvdmVyLm1ldHJpY3MuY292ZXJhZ2UuQ292ZXJhZ2VSZXN1bHQPE7sp&#10;At1+KwIAAkkADGNvdmVyZWRJdGVtc0kACnRvdGFsSXRlbXN4cAAAAAAAAAAA"/>
</MetaDataListEntry>
<MetaDataListEntry Name="TermCoverage.getCoverage_HierarchyLevel60">
<MetaData Base64="rO0ABXNyAC1vcmcuY29kZWNvdmVyLm1ldHJpY3MuY292ZXJhZ2UuQ292ZXJhZ2VSZXN1bHQPE7sp&#10;At1+KwIAAkkADGNvdmVyZWRJdGVtc0kACnRvdGFsSXRlbXN4cAAAAAAAAAAA"/>
</MetaDataListEntry>
<MetaDataListEntry Name="BranchCoverage.getCoverage_HierarchyLevel62">
<MetaData Base64="rO0ABXNyAC1vcmcuY29kZWNvdmVyLm1ldHJpY3MuY292ZXJhZ2UuQ292ZXJhZ2VSZXN1bHQPE7sp&#10;At1+KwIAAkkADGNvdmVyZWRJdGVtc0kACnRvdGFsSXRlbXN4cAAAAAAAAAAA"/>
</MetaDataListEntry>
<MetaDataListEntry Name="TermCoverage.getCoverage_HierarchyLevel63">
<MetaData Base64="rO0ABXNyAC1vcmcuY29kZWNvdmVyLm1ldHJpY3MuY292ZXJhZ2UuQ292ZXJhZ2VSZXN1bHQPE7sp&#10;At1+KwIAAkkADGNvdmVyZWRJdGVtc0kACnRvdGFsSXRlbXN4cAAAAAAAAAAA"/>
</MetaDataListEntry>
<MetaDataListEntry Name="BranchCoverage.getCoverage_HierarchyLevel1">
<MetaData Base64="rO0ABXNyAC1vcmcuY29kZWNvdmVyLm1ldHJpY3MuY292ZXJhZ2UuQ292ZXJhZ2VSZXN1bHQPE7sp&#10;At1+KwIAAkkADGNvdmVyZWRJdGVtc0kACnRvdGFsSXRlbXN4cAAAAAAAAAAA"/>
</MetaDataListEntry>
<MetaDataListEntry Name="BranchCoverage.getCoverage_HierarchyLevel63">
<MetaData Base64="rO0ABXNyAC1vcmcuY29kZWNvdmVyLm1ldHJpY3MuY292ZXJhZ2UuQ292ZXJhZ2VSZXN1bHQPE7sp&#10;At1+KwIAAkkADGNvdmVyZWRJdGVtc0kACnRvdGFsSXRlbXN4cAAAAAAAAAAA"/>
</MetaDataListEntry>
<MetaDataListEntry Name="TermCoverage.getCoverage_HierarchyLevel62">
<MetaData Base64="rO0ABXNyAC1vcmcuY29kZWNvdmVyLm1ldHJpY3MuY292ZXJhZ2UuQ292ZXJhZ2VSZXN1bHQPE7sp&#10;At1+KwIAAkkADGNvdmVyZWRJdGVtc0kACnRvdGFsSXRlbXN4cAAAAAAAAAAA"/>
</MetaDataListEntry>
<MetaDataListEntry Name="BranchCoverage.getCoverage_HierarchyLevel6">
<MetaData Base64="rO0ABXNyAC1vcmcuY29kZWNvdmVyLm1ldHJpY3MuY292ZXJhZ2UuQ292ZXJhZ2VSZXN1bHQPE7sp&#10;At1+KwIAAkkADGNvdmVyZWRJdGVtc0kACnRvdGFsSXRlbXN4cAAAAAAAAAAA"/>
</MetaDataListEntry>
<MetaDataListEntry Name="BranchCoverage.getCoverage_HierarchyLevel7">
<MetaData Base64="rO0ABXNyAC1vcmcuY29kZWNvdmVyLm1ldHJpY3MuY292ZXJhZ2UuQ292ZXJhZ2VSZXN1bHQPE7sp&#10;At1+KwIAAkkADGNvdmVyZWRJdGVtc0kACnRvdGFsSXRlbXN4cAAAAAAAAAAA"/>
</MetaDataListEntry>
<MetaDataListEntry Name="BranchCoverage.getCoverage_HierarchyLevel4">
<MetaData Base64="rO0ABXNyAC1vcmcuY29kZWNvdmVyLm1ldHJpY3MuY292ZXJhZ2UuQ292ZXJhZ2VSZXN1bHQPE7sp&#10;At1+KwIAAkkADGNvdmVyZWRJdGVtc0kACnRvdGFsSXRlbXN4cAAAAAAAAAAA"/>
</MetaDataListEntry>
<MetaDataListEntry Name="BranchCoverage.getCoverage_HierarchyLevel5">
<MetaData Base64="rO0ABXNyAC1vcmcuY29kZWNvdmVyLm1ldHJpY3MuY292ZXJhZ2UuQ292ZXJhZ2VSZXN1bHQPE7sp&#10;At1+KwIAAkkADGNvdmVyZWRJdGVtc0kACnRvdGFsSXRlbXN4cAAAAAAAAAAA"/>
</MetaDataListEntry>
<MetaDataListEntry Name="BranchCoverage.getCoverage_HierarchyLevel8">
<MetaData Base64="rO0ABXNyAC1vcmcuY29kZWNvdmVyLm1ldHJpY3MuY292ZXJhZ2UuQ292ZXJhZ2VSZXN1bHQPE7sp&#10;At1+KwIAAkkADGNvdmVyZWRJdGVtc0kACnRvdGFsSXRlbXN4cAAAAAAAAAAA"/>
</MetaDataListEntry>
<MetaDataListEntry Name="BranchCoverage.getCoverage_HierarchyLevel9">
<MetaData Base64="rO0ABXNyAC1vcmcuY29kZWNvdmVyLm1ldHJpY3MuY292ZXJhZ2UuQ292ZXJhZ2VSZXN1bHQPE7sp&#10;At1+KwIAAkkADGNvdmVyZWRJdGVtc0kACnRvdGFsSXRlbXN4cAAAAAAAAAAA"/>
</MetaDataListEntry>
<MetaDataListEntry Name="BranchCoverage.getCoverage_HierarchyLevel67">
<MetaData Base64="rO0ABXNyAC1vcmcuY29kZWNvdmVyLm1ldHJpY3MuY292ZXJhZ2UuQ292ZXJhZ2VSZXN1bHQPE7sp&#10;At1+KwIAAkkADGNvdmVyZWRJdGVtc0kACnRvdGFsSXRlbXN4cAAAADUAAABq"/>
</MetaDataListEntry>
<MetaDataListEntry Name="BranchCoverage.getCoverage_HierarchyLevel68">
<MetaData Base64="rO0ABXNyAC1vcmcuY29kZWNvdmVyLm1ldHJpY3MuY292ZXJhZ2UuQ292ZXJhZ2VSZXN1bHQPE7sp&#10;At1+KwIAAkkADGNvdmVyZWRJdGVtc0kACnRvdGFsSXRlbXN4cAAAADUAAABq"/>
</MetaDataListEntry>
<MetaDataListEntry Name="BranchCoverage.getCoverage_HierarchyLevel46">
<MetaData Base64="rO0ABXNyAC1vcmcuY29kZWNvdmVyLm1ldHJpY3MuY292ZXJhZ2UuQ292ZXJhZ2VSZXN1bHQPE7sp&#10;At1+KwIAAkkADGNvdmVyZWRJdGVtc0kACnRvdGFsSXRlbXN4cAAAAAAAAAAQ"/>
</MetaDataListEntry>
<MetaDataListEntry Name="TermCoverage.getCoverage_HierarchyLevel67">
<MetaData Base64="rO0ABXNyAC1vcmcuY29kZWNvdmVyLm1ldHJpY3MuY292ZXJhZ2UuQ292ZXJhZ2VSZXN1bHQPE7sp&#10;At1+KwIAAkkADGNvdmVyZWRJdGVtc0kACnRvdGFsSXRlbXN4cAAAADIAAABo"/>
</MetaDataListEntry>
<MetaDataListEntry Name="BranchCoverage.getCoverage_HierarchyLevel47">
<MetaData Base64="rO0ABXNyAC1vcmcuY29kZWNvdmVyLm1ldHJpY3MuY292ZXJhZ2UuQ292ZXJhZ2VSZXN1bHQPE7sp&#10;At1+KwIAAkkADGNvdmVyZWRJdGVtc0kACnRvdGFsSXRlbXN4cAAAAAAAAAAQ"/>
</MetaDataListEntry>
<MetaDataListEntry Name="TermCoverage.getCoverage_HierarchyLevel47">
<MetaData Base64="rO0ABXNyAC1vcmcuY29kZWNvdmVyLm1ldHJpY3MuY292ZXJhZ2UuQ292ZXJhZ2VSZXN1bHQPE7sp&#10;At1+KwIAAkkADGNvdmVyZWRJdGVtc0kACnRvdGFsSXRlbXN4cAAAAAAAAAAe"/>
</MetaDataListEntry>
<MetaDataListEntry Name="TermCoverage.getCoverage_HierarchyLevel46">
<MetaData Base64="rO0ABXNyAC1vcmcuY29kZWNvdmVyLm1ldHJpY3MuY292ZXJhZ2UuQ292ZXJhZ2VSZXN1bHQPE7sp&#10;At1+KwIAAkkADGNvdmVyZWRJdGVtc0kACnRvdGFsSXRlbXN4cAAAAAAAAAAe"/>
</MetaDataListEntry>
<MetaDataListEntry Name="TermCoverage.getCoverage_HierarchyLevel68">
<MetaData Base64="rO0ABXNyAC1vcmcuY29kZWNvdmVyLm1ldHJpY3MuY292ZXJhZ2UuQ292ZXJhZ2VSZXN1bHQPE7sp&#10;At1+KwIAAkkADGNvdmVyZWRJdGVtc0kACnRvdGFsSXRlbXN4cAAAADIAAABo"/>
</MetaDataListEntry>
<MetaDataListEntry Name="TermCoverage.getCoverage_HierarchyLevel43">
<MetaData Base64="rO0ABXNyAC1vcmcuY29kZWNvdmVyLm1ldHJpY3MuY292ZXJhZ2UuQ292ZXJhZ2VSZXN1bHQPE7sp&#10;At1+KwIAAkkADGNvdmVyZWRJdGVtc0kACnRvdGFsSXRlbXN4cAAAAAAAAAAA"/>
</MetaDataListEntry>
<MetaDataListEntry Name="TermCoverage.getCoverage_HierarchyLevel42">
<MetaData Base64="rO0ABXNyAC1vcmcuY29kZWNvdmVyLm1ldHJpY3MuY292ZXJhZ2UuQ292ZXJhZ2VSZXN1bHQPE7sp&#10;At1+KwIAAkkADGNvdmVyZWRJdGVtc0kACnRvdGFsSXRlbXN4cAAAAAAAAAAA"/>
</MetaDataListEntry>
<MetaDataListEntry Name="TermCoverage.getCoverage_HierarchyLevel45">
<MetaData Base64="rO0ABXNyAC1vcmcuY29kZWNvdmVyLm1ldHJpY3MuY292ZXJhZ2UuQ292ZXJhZ2VSZXN1bHQPE7sp&#10;At1+KwIAAkkADGNvdmVyZWRJdGVtc0kACnRvdGFsSXRlbXN4cAAAAAAAAAAA"/>
</MetaDataListEntry>
<MetaDataListEntry Name="TermCoverage.getCoverage_HierarchyLevel44">
<MetaData Base64="rO0ABXNyAC1vcmcuY29kZWNvdmVyLm1ldHJpY3MuY292ZXJhZ2UuQ292ZXJhZ2VSZXN1bHQPE7sp&#10;At1+KwIAAkkADGNvdmVyZWRJdGVtc0kACnRvdGFsSXRlbXN4cAAAAAAAAAAA"/>
</MetaDataListEntry>
<MetaDataListEntry Name="TermCoverage.getCoverage_HierarchyLevel49">
<MetaData Base64="rO0ABXNyAC1vcmcuY29kZWNvdmVyLm1ldHJpY3MuY292ZXJhZ2UuQ292ZXJhZ2VSZXN1bHQPE7sp&#10;At1+KwIAAkkADGNvdmVyZWRJdGVtc0kACnRvdGFsSXRlbXN4cAAAAAAAAAAA"/>
</MetaDataListEntry>
<MetaDataListEntry Name="BranchCoverage.getCoverage_HierarchyLevel49">
<MetaData Base64="rO0ABXNyAC1vcmcuY29kZWNvdmVyLm1ldHJpY3MuY292ZXJhZ2UuQ292ZXJhZ2VSZXN1bHQPE7sp&#10;At1+KwIAAkkADGNvdmVyZWRJdGVtc0kACnRvdGFsSXRlbXN4cAAAAAAAAAAA"/>
</MetaDataListEntry>
<MetaDataListEntry Name="BranchCoverage.getCoverage_HierarchyLevel44">
<MetaData Base64="rO0ABXNyAC1vcmcuY29kZWNvdmVyLm1ldHJpY3MuY292ZXJhZ2UuQ292ZXJhZ2VSZXN1bHQPE7sp&#10;At1+KwIAAkkADGNvdmVyZWRJdGVtc0kACnRvdGFsSXRlbXN4cAAAAAAAAAAA"/>
</MetaDataListEntry>
<MetaDataListEntry Name="BranchCoverage.getCoverage_HierarchyLevel45">
<MetaData Base64="rO0ABXNyAC1vcmcuY29kZWNvdmVyLm1ldHJpY3MuY292ZXJhZ2UuQ292ZXJhZ2VSZXN1bHQPE7sp&#10;At1+KwIAAkkADGNvdmVyZWRJdGVtc0kACnRvdGFsSXRlbXN4cAAAAAAAAAAA"/>
</MetaDataListEntry>
<MetaDataListEntry Name="BranchCoverage.getCoverage_HierarchyLevel42">
<MetaData Base64="rO0ABXNyAC1vcmcuY29kZWNvdmVyLm1ldHJpY3MuY292ZXJhZ2UuQ292ZXJhZ2VSZXN1bHQPE7sp&#10;At1+KwIAAkkADGNvdmVyZWRJdGVtc0kACnRvdGFsSXRlbXN4cAAAAAAAAAAA"/>
</MetaDataListEntry>
<MetaDataListEntry Name="BranchCoverage.getCoverage_HierarchyLevel43">
<MetaData Base64="rO0ABXNyAC1vcmcuY29kZWNvdmVyLm1ldHJpY3MuY292ZXJhZ2UuQ292ZXJhZ2VSZXN1bHQPE7sp&#10;At1+KwIAAkkADGNvdmVyZWRJdGVtc0kACnRvdGFsSXRlbXN4cAAAAAAAAAAA"/>
</MetaDataListEntry>
<MetaDataListEntry Name="BranchCoverage.getCoverage_HierarchyLevel40">
<MetaData Base64="rO0ABXNyAC1vcmcuY29kZWNvdmVyLm1ldHJpY3MuY292ZXJhZ2UuQ292ZXJhZ2VSZXN1bHQPE7sp&#10;At1+KwIAAkkADGNvdmVyZWRJdGVtc0kACnRvdGFsSXRlbXN4cAAAAAAAAAAA"/>
</MetaDataListEntry>
<MetaDataListEntry Name="TermCoverage.getCoverage_HierarchyLevel41">
<MetaData Base64="rO0ABXNyAC1vcmcuY29kZWNvdmVyLm1ldHJpY3MuY292ZXJhZ2UuQ292ZXJhZ2VSZXN1bHQPE7sp&#10;At1+KwIAAkkADGNvdmVyZWRJdGVtc0kACnRvdGFsSXRlbXN4cAAAAAAAAAAA"/>
</MetaDataListEntry>
<MetaDataListEntry Name="BranchCoverage.getCoverage_HierarchyLevel41">
<MetaData Base64="rO0ABXNyAC1vcmcuY29kZWNvdmVyLm1ldHJpY3MuY292ZXJhZ2UuQ292ZXJhZ2VSZXN1bHQPE7sp&#10;At1+KwIAAkkADGNvdmVyZWRJdGVtc0kACnRvdGFsSXRlbXN4cAAAAAAAAAAA"/>
</MetaDataListEntry>
<MetaDataListEntry Name="TermCoverage.getCoverage_HierarchyLevel40">
<MetaData Base64="rO0ABXNyAC1vcmcuY29kZWNvdmVyLm1ldHJpY3MuY292ZXJhZ2UuQ292ZXJhZ2VSZXN1bHQPE7sp&#10;At1+KwIAAkkADGNvdmVyZWRJdGVtc0kACnRvdGFsSXRlbXN4cAAAAAAAAAAA"/>
</MetaDataListEntry>
<MetaDataListEntry Name="BranchCoverage.getCoverage_HierarchyLevel50">
<MetaData Base64="rO0ABXNyAC1vcmcuY29kZWNvdmVyLm1ldHJpY3MuY292ZXJhZ2UuQ292ZXJhZ2VSZXN1bHQPE7sp&#10;At1+KwIAAkkADGNvdmVyZWRJdGVtc0kACnRvdGFsSXRlbXN4cAAAAAAAAAAA"/>
</MetaDataListEntry>
<MetaDataListEntry Name="TermCoverage.getCoverage_HierarchyLevel48">
<MetaData Base64="rO0ABXNyAC1vcmcuY29kZWNvdmVyLm1ldHJpY3MuY292ZXJhZ2UuQ292ZXJhZ2VSZXN1bHQPE7sp&#10;At1+KwIAAkkADGNvdmVyZWRJdGVtc0kACnRvdGFsSXRlbXN4cAAAAAAAAAA0"/>
</MetaDataListEntry>
<MetaDataListEntry Name="TermCoverage.getCoverage_HierarchyLevel54">
<MetaData Base64="rO0ABXNyAC1vcmcuY29kZWNvdmVyLm1ldHJpY3MuY292ZXJhZ2UuQ292ZXJhZ2VSZXN1bHQPE7sp&#10;At1+KwIAAkkADGNvdmVyZWRJdGVtc0kACnRvdGFsSXRlbXN4cAAAAAAAAAAA"/>
</MetaDataListEntry>
<MetaDataListEntry Name="TermCoverage.getCoverage_HierarchyLevel53">
<MetaData Base64="rO0ABXNyAC1vcmcuY29kZWNvdmVyLm1ldHJpY3MuY292ZXJhZ2UuQ292ZXJhZ2VSZXN1bHQPE7sp&#10;At1+KwIAAkkADGNvdmVyZWRJdGVtc0kACnRvdGFsSXRlbXN4cAAAAAAAAAAA"/>
</MetaDataListEntry>
<MetaDataListEntry Name="TermCoverage.getCoverage_HierarchyLevel56">
<MetaData Base64="rO0ABXNyAC1vcmcuY29kZWNvdmVyLm1ldHJpY3MuY292ZXJhZ2UuQ292ZXJhZ2VSZXN1bHQPE7sp&#10;At1+KwIAAkkADGNvdmVyZWRJdGVtc0kACnRvdGFsSXRlbXN4cAAAAAAAAAAA"/>
</MetaDataListEntry>
<MetaDataListEntry Name="TermCoverage.getCoverage_HierarchyLevel55">
<MetaData Base64="rO0ABXNyAC1vcmcuY29kZWNvdmVyLm1ldHJpY3MuY292ZXJhZ2UuQ292ZXJhZ2VSZXN1bHQPE7sp&#10;At1+KwIAAkkADGNvdmVyZWRJdGVtc0kACnRvdGFsSXRlbXN4cAAAAAAAAAAA"/>
</MetaDataListEntry>
<MetaDataListEntry Name="TermCoverage.getCoverage_HierarchyLevel58">
<MetaData Base64="rO0ABXNyAC1vcmcuY29kZWNvdmVyLm1ldHJpY3MuY292ZXJhZ2UuQ292ZXJhZ2VSZXN1bHQPE7sp&#10;At1+KwIAAkkADGNvdmVyZWRJdGVtc0kACnRvdGFsSXRlbXN4cAAAAAAAAAAA"/>
</MetaDataListEntry>
<MetaDataListEntry Name="TermCoverage.getCoverage_HierarchyLevel57">
<MetaData Base64="rO0ABXNyAC1vcmcuY29kZWNvdmVyLm1ldHJpY3MuY292ZXJhZ2UuQ292ZXJhZ2VSZXN1bHQPE7sp&#10;At1+KwIAAkkADGNvdmVyZWRJdGVtc0kACnRvdGFsSXRlbXN4cAAAAAAAAAAA"/>
</MetaDataListEntry>
<MetaDataListEntry Name="BranchCoverage.getCoverage_HierarchyLevel59">
<MetaData Base64="rO0ABXNyAC1vcmcuY29kZWNvdmVyLm1ldHJpY3MuY292ZXJhZ2UuQ292ZXJhZ2VSZXN1bHQPE7sp&#10;At1+KwIAAkkADGNvdmVyZWRJdGVtc0kACnRvdGFsSXRlbXN4cAAAAAAAAAAA"/>
</MetaDataListEntry>
<MetaDataListEntry Name="TermCoverage.getCoverage_HierarchyLevel59">
<MetaData Base64="rO0ABXNyAC1vcmcuY29kZWNvdmVyLm1ldHJpY3MuY292ZXJhZ2UuQ292ZXJhZ2VSZXN1bHQPE7sp&#10;At1+KwIAAkkADGNvdmVyZWRJdGVtc0kACnRvdGFsSXRlbXN4cAAAAAAAAAAA"/>
</MetaDataListEntry>
<MetaDataListEntry Name="BranchCoverage.getCoverage_HierarchyLevel57">
<MetaData Base64="rO0ABXNyAC1vcmcuY29kZWNvdmVyLm1ldHJpY3MuY292ZXJhZ2UuQ292ZXJhZ2VSZXN1bHQPE7sp&#10;At1+KwIAAkkADGNvdmVyZWRJdGVtc0kACnRvdGFsSXRlbXN4cAAAAAAAAAAA"/>
</MetaDataListEntry>
<MetaDataListEntry Name="BranchCoverage.getCoverage_HierarchyLevel58">
<MetaData Base64="rO0ABXNyAC1vcmcuY29kZWNvdmVyLm1ldHJpY3MuY292ZXJhZ2UuQ292ZXJhZ2VSZXN1bHQPE7sp&#10;At1+KwIAAkkADGNvdmVyZWRJdGVtc0kACnRvdGFsSXRlbXN4cAAAAAAAAAAA"/>
</MetaDataListEntry>
<MetaDataListEntry Name="BranchCoverage.getCoverage_HierarchyLevel48">
<MetaData Base64="rO0ABXNyAC1vcmcuY29kZWNvdmVyLm1ldHJpY3MuY292ZXJhZ2UuQ292ZXJhZ2VSZXN1bHQPE7sp&#10;At1+KwIAAkkADGNvdmVyZWRJdGVtc0kACnRvdGFsSXRlbXN4cAAAAAAAAAAs"/>
</MetaDataListEntry>
<MetaDataListEntry Name="BranchCoverage.getCoverage_HierarchyLevel55">
<MetaData Base64="rO0ABXNyAC1vcmcuY29kZWNvdmVyLm1ldHJpY3MuY292ZXJhZ2UuQ292ZXJhZ2VSZXN1bHQPE7sp&#10;At1+KwIAAkkADGNvdmVyZWRJdGVtc0kACnRvdGFsSXRlbXN4cAAAAAAAAAAA"/>
</MetaDataListEntry>
<MetaDataListEntry Name="BranchCoverage.getCoverage_HierarchyLevel56">
<MetaData Base64="rO0ABXNyAC1vcmcuY29kZWNvdmVyLm1ldHJpY3MuY292ZXJhZ2UuQ292ZXJhZ2VSZXN1bHQPE7sp&#10;At1+KwIAAkkADGNvdmVyZWRJdGVtc0kACnRvdGFsSXRlbXN4cAAAAAAAAAAA"/>
</MetaDataListEntry>
<MetaDataListEntry Name="BranchCoverage.getCoverage_HierarchyLevel53">
<MetaData Base64="rO0ABXNyAC1vcmcuY29kZWNvdmVyLm1ldHJpY3MuY292ZXJhZ2UuQ292ZXJhZ2VSZXN1bHQPE7sp&#10;At1+KwIAAkkADGNvdmVyZWRJdGVtc0kACnRvdGFsSXRlbXN4cAAAAAAAAAAA"/>
</MetaDataListEntry>
<MetaDataListEntry Name="TermCoverage.getCoverage_HierarchyLevel50">
<MetaData Base64="rO0ABXNyAC1vcmcuY29kZWNvdmVyLm1ldHJpY3MuY292ZXJhZ2UuQ292ZXJhZ2VSZXN1bHQPE7sp&#10;At1+KwIAAkkADGNvdmVyZWRJdGVtc0kACnRvdGFsSXRlbXN4cAAAAAAAAAAA"/>
</MetaDataListEntry>
<MetaDataListEntry Name="BranchCoverage.getCoverage_HierarchyLevel54">
<MetaData Base64="rO0ABXNyAC1vcmcuY29kZWNvdmVyLm1ldHJpY3MuY292ZXJhZ2UuQ292ZXJhZ2VSZXN1bHQPE7sp&#10;At1+KwIAAkkADGNvdmVyZWRJdGVtc0kACnRvdGFsSXRlbXN4cAAAAAAAAAAA"/>
</MetaDataListEntry>
<MetaDataListEntry Name="BranchCoverage.getCoverage_HierarchyLevel51">
<MetaData Base64="rO0ABXNyAC1vcmcuY29kZWNvdmVyLm1ldHJpY3MuY292ZXJhZ2UuQ292ZXJhZ2VSZXN1bHQPE7sp&#10;At1+KwIAAkkADGNvdmVyZWRJdGVtc0kACnRvdGFsSXRlbXN4cAAAAAAAAAAA"/>
</MetaDataListEntry>
<MetaDataListEntry Name="TermCoverage.getCoverage_HierarchyLevel52">
<MetaData Base64="rO0ABXNyAC1vcmcuY29kZWNvdmVyLm1ldHJpY3MuY292ZXJhZ2UuQ292ZXJhZ2VSZXN1bHQPE7sp&#10;At1+KwIAAkkADGNvdmVyZWRJdGVtc0kACnRvdGFsSXRlbXN4cAAAAAAAAAAA"/>
</MetaDataListEntry>
<MetaDataListEntry Name="BranchCoverage.getCoverage_HierarchyLevel52">
<MetaData Base64="rO0ABXNyAC1vcmcuY29kZWNvdmVyLm1ldHJpY3MuY292ZXJhZ2UuQ292ZXJhZ2VSZXN1bHQPE7sp&#10;At1+KwIAAkkADGNvdmVyZWRJdGVtc0kACnRvdGFsSXRlbXN4cAAAAAAAAAAA"/>
</MetaDataListEntry>
<MetaDataListEntry Name="TermCoverage.getCoverage_HierarchyLevel51">
<MetaData Base64="rO0ABXNyAC1vcmcuY29kZWNvdmVyLm1ldHJpY3MuY292ZXJhZ2UuQ292ZXJhZ2VSZXN1bHQPE7sp&#10;At1+KwIAAkkADGNvdmVyZWRJdGVtc0kACnRvdGFsSXRlbXN4cAAAAAAAAAAA"/>
</MetaDataListEntry>
<MetaDataListEntry Name="BranchCoverage.getCoverage_HierarchyLevel28">
<MetaData Base64="rO0ABXNyAC1vcmcuY29kZWNvdmVyLm1ldHJpY3MuY292ZXJhZ2UuQ292ZXJhZ2VSZXN1bHQPE7sp&#10;At1+KwIAAkkADGNvdmVyZWRJdGVtc0kACnRvdGFsSXRlbXN4cAAAAAAAAAAA"/>
</MetaDataListEntry>
<MetaDataListEntry Name="BranchCoverage.getCoverage_HierarchyLevel29">
<MetaData Base64="rO0ABXNyAC1vcmcuY29kZWNvdmVyLm1ldHJpY3MuY292ZXJhZ2UuQ292ZXJhZ2VSZXN1bHQPE7sp&#10;At1+KwIAAkkADGNvdmVyZWRJdGVtc0kACnRvdGFsSXRlbXN4cAAAAAAAAAAA"/>
</MetaDataListEntry>
<MetaDataListEntry Name="BranchCoverage.getCoverage_HierarchyLevel26">
<MetaData Base64="rO0ABXNyAC1vcmcuY29kZWNvdmVyLm1ldHJpY3MuY292ZXJhZ2UuQ292ZXJhZ2VSZXN1bHQPE7sp&#10;At1+KwIAAkkADGNvdmVyZWRJdGVtc0kACnRvdGFsSXRlbXN4cAAAAAAAAAAA"/>
</MetaDataListEntry>
<MetaDataListEntry Name="BranchCoverage.getCoverage_HierarchyLevel27">
<MetaData Base64="rO0ABXNyAC1vcmcuY29kZWNvdmVyLm1ldHJpY3MuY292ZXJhZ2UuQ292ZXJhZ2VSZXN1bHQPE7sp&#10;At1+KwIAAkkADGNvdmVyZWRJdGVtc0kACnRvdGFsSXRlbXN4cAAAAAAAAAAA"/>
</MetaDataListEntry>
<MetaDataListEntry Name="BranchCoverage.getCoverage_HierarchyLevel24">
<MetaData Base64="rO0ABXNyAC1vcmcuY29kZWNvdmVyLm1ldHJpY3MuY292ZXJhZ2UuQ292ZXJhZ2VSZXN1bHQPE7sp&#10;At1+KwIAAkkADGNvdmVyZWRJdGVtc0kACnRvdGFsSXRlbXN4cAAAAAAAAAAA"/>
</MetaDataListEntry>
<MetaDataListEntry Name="BranchCoverage.getCoverage_HierarchyLevel25">
<MetaData Base64="rO0ABXNyAC1vcmcuY29kZWNvdmVyLm1ldHJpY3MuY292ZXJhZ2UuQ292ZXJhZ2VSZXN1bHQPE7sp&#10;At1+KwIAAkkADGNvdmVyZWRJdGVtc0kACnRvdGFsSXRlbXN4cAAAAAAAAAAA"/>
</MetaDataListEntry>
<MetaDataListEntry Name="BranchCoverage.getCoverage_HierarchyLevel21">
<MetaData Base64="rO0ABXNyAC1vcmcuY29kZWNvdmVyLm1ldHJpY3MuY292ZXJhZ2UuQ292ZXJhZ2VSZXN1bHQPE7sp&#10;At1+KwIAAkkADGNvdmVyZWRJdGVtc0kACnRvdGFsSXRlbXN4cAAAACoAAAAt"/>
</MetaDataListEntry>
<MetaDataListEntry Name="BranchCoverage.getCoverage_HierarchyLevel22">
<MetaData Base64="rO0ABXNyAC1vcmcuY29kZWNvdmVyLm1ldHJpY3MuY292ZXJhZ2UuQ292ZXJhZ2VSZXN1bHQPE7sp&#10;At1+KwIAAkkADGNvdmVyZWRJdGVtc0kACnRvdGFsSXRlbXN4cAAAAAAAAAAA"/>
</MetaDataListEntry>
<MetaDataListEntry Name="BranchCoverage.getCoverage_HierarchyLevel23">
<MetaData Base64="rO0ABXNyAC1vcmcuY29kZWNvdmVyLm1ldHJpY3MuY292ZXJhZ2UuQ292ZXJhZ2VSZXN1bHQPE7sp&#10;At1+KwIAAkkADGNvdmVyZWRJdGVtc0kACnRvdGFsSXRlbXN4cAAAAAAAAAAA"/>
</MetaDataListEntry>
<MetaDataListEntry Name="BranchCoverage.getCoverage_HierarchyLevel20">
<MetaData Base64="rO0ABXNyAC1vcmcuY29kZWNvdmVyLm1ldHJpY3MuY292ZXJhZ2UuQ292ZXJhZ2VSZXN1bHQPE7sp&#10;At1+KwIAAkkADGNvdmVyZWRJdGVtc0kACnRvdGFsSXRlbXN4cAAAAA4AAAAP"/>
</MetaDataListEntry>
<MetaDataListEntry Name="BranchCoverage.getCoverage_HierarchyLevel31">
<MetaData Base64="rO0ABXNyAC1vcmcuY29kZWNvdmVyLm1ldHJpY3MuY292ZXJhZ2UuQ292ZXJhZ2VSZXN1bHQPE7sp&#10;At1+KwIAAkkADGNvdmVyZWRJdGVtc0kACnRvdGFsSXRlbXN4cAAAAAAAAAAN"/>
</MetaDataListEntry>
<MetaDataListEntry Name="BranchCoverage.getCoverage_HierarchyLevel30">
<MetaData Base64="rO0ABXNyAC1vcmcuY29kZWNvdmVyLm1ldHJpY3MuY292ZXJhZ2UuQ292ZXJhZ2VSZXN1bHQPE7sp&#10;At1+KwIAAkkADGNvdmVyZWRJdGVtc0kACnRvdGFsSXRlbXN4cAAAAAAAAAAN"/>
</MetaDataListEntry>
<MetaDataListEntry Name="BranchCoverage.getCoverage_HierarchyLevel39">
<MetaData Base64="rO0ABXNyAC1vcmcuY29kZWNvdmVyLm1ldHJpY3MuY292ZXJhZ2UuQ292ZXJhZ2VSZXN1bHQPE7sp&#10;At1+KwIAAkkADGNvdmVyZWRJdGVtc0kACnRvdGFsSXRlbXN4cAAAAAAAAAAA"/>
</MetaDataListEntry>
<MetaDataListEntry Name="BranchCoverage.getCoverage_HierarchyLevel37">
<MetaData Base64="rO0ABXNyAC1vcmcuY29kZWNvdmVyLm1ldHJpY3MuY292ZXJhZ2UuQ292ZXJhZ2VSZXN1bHQPE7sp&#10;At1+KwIAAkkADGNvdmVyZWRJdGVtc0kACnRvdGFsSXRlbXN4cAAAAAAAAAAA"/>
</MetaDataListEntry>
<MetaDataListEntry Name="BranchCoverage.getCoverage_HierarchyLevel38">
<MetaData Base64="rO0ABXNyAC1vcmcuY29kZWNvdmVyLm1ldHJpY3MuY292ZXJhZ2UuQ292ZXJhZ2VSZXN1bHQPE7sp&#10;At1+KwIAAkkADGNvdmVyZWRJdGVtc0kACnRvdGFsSXRlbXN4cAAAAAAAAAAA"/>
</MetaDataListEntry>
<MetaDataListEntry Name="BranchCoverage.getCoverage_HierarchyLevel33">
<MetaData Base64="rO0ABXNyAC1vcmcuY29kZWNvdmVyLm1ldHJpY3MuY292ZXJhZ2UuQ292ZXJhZ2VSZXN1bHQPE7sp&#10;At1+KwIAAkkADGNvdmVyZWRJdGVtc0kACnRvdGFsSXRlbXN4cAAAAAAAAAAA"/>
</MetaDataListEntry>
<MetaDataListEntry Name="BranchCoverage.getCoverage_HierarchyLevel35">
<MetaData Base64="rO0ABXNyAC1vcmcuY29kZWNvdmVyLm1ldHJpY3MuY292ZXJhZ2UuQ292ZXJhZ2VSZXN1bHQPE7sp&#10;At1+KwIAAkkADGNvdmVyZWRJdGVtc0kACnRvdGFsSXRlbXN4cAAAAAAAAAAC"/>
</MetaDataListEntry>
<MetaDataListEntry Name="BranchCoverage.getCoverage_HierarchyLevel34">
<MetaData Base64="rO0ABXNyAC1vcmcuY29kZWNvdmVyLm1ldHJpY3MuY292ZXJhZ2UuQ292ZXJhZ2VSZXN1bHQPE7sp&#10;At1+KwIAAkkADGNvdmVyZWRJdGVtc0kACnRvdGFsSXRlbXN4cAAAAAAAAAAA"/>
</MetaDataListEntry>
<MetaDataListEntry Name="BranchCoverage.getCoverage_HierarchyLevel36">
<MetaData Base64="rO0ABXNyAC1vcmcuY29kZWNvdmVyLm1ldHJpY3MuY292ZXJhZ2UuQ292ZXJhZ2VSZXN1bHQPE7sp&#10;At1+KwIAAkkADGNvdmVyZWRJdGVtc0kACnRvdGFsSXRlbXN4cAAAAAAAAAAC"/>
</MetaDataListEntry>
<MetaDataListEntry Name="BranchCoverage.getCoverage_HierarchyLevel32">
<MetaData Base64="rO0ABXNyAC1vcmcuY29kZWNvdmVyLm1ldHJpY3MuY292ZXJhZ2UuQ292ZXJhZ2VSZXN1bHQPE7sp&#10;At1+KwIAAkkADGNvdmVyZWRJdGVtc0kACnRvdGFsSXRlbXN4cAAAAAAAAAAA"/>
</MetaDataListEntry>
<MetaDataListEntry Name="SynchronizedCoverage.getCoverage_HierarchyLevel5">
<MetaData Base64="rO0ABXNyAC1vcmcuY29kZWNvdmVyLm1ldHJpY3MuY292ZXJhZ2UuQ292ZXJhZ2VSZXN1bHQPE7sp&#10;At1+KwIAAkkADGNvdmVyZWRJdGVtc0kACnRvdGFsSXRlbXN4cAAAAAAAAAAA"/>
</MetaDataListEntry>
<MetaDataListEntry Name="BranchCoverage.getCoverage_HierarchyLevel12">
<MetaData Base64="rO0ABXNyAC1vcmcuY29kZWNvdmVyLm1ldHJpY3MuY292ZXJhZ2UuQ292ZXJhZ2VSZXN1bHQPE7sp&#10;At1+KwIAAkkADGNvdmVyZWRJdGVtc0kACnRvdGFsSXRlbXN4cAAAAAsAAAAR"/>
</MetaDataListEntry>
<MetaDataListEntry Name="SynchronizedCoverage.getCoverage_HierarchyLevel4">
<MetaData Base64="rO0ABXNyAC1vcmcuY29kZWNvdmVyLm1ldHJpY3MuY292ZXJhZ2UuQ292ZXJhZ2VSZXN1bHQPE7sp&#10;At1+KwIAAkkADGNvdmVyZWRJdGVtc0kACnRvdGFsSXRlbXN4cAAAAAAAAAAA"/>
</MetaDataListEntry>
<MetaDataListEntry Name="SynchronizedCoverage.getCoverage_HierarchyLevel3">
<MetaData Base64="rO0ABXNyAC1vcmcuY29kZWNvdmVyLm1ldHJpY3MuY292ZXJhZ2UuQ292ZXJhZ2VSZXN1bHQPE7sp&#10;At1+KwIAAkkADGNvdmVyZWRJdGVtc0kACnRvdGFsSXRlbXN4cAAAAAAAAAAA"/>
</MetaDataListEntry>
<MetaDataListEntry Name="SynchronizedCoverage.getCoverage_HierarchyLevel2">
<MetaData Base64="rO0ABXNyAC1vcmcuY29kZWNvdmVyLm1ldHJpY3MuY292ZXJhZ2UuQ292ZXJhZ2VSZXN1bHQPE7sp&#10;At1+KwIAAkkADGNvdmVyZWRJdGVtc0kACnRvdGFsSXRlbXN4cAAAAAAAAAAA"/>
</MetaDataListEntry>
<MetaDataListEntry Name="SynchronizedCoverage.getCoverage_HierarchyLevel9">
<MetaData Base64="rO0ABXNyAC1vcmcuY29kZWNvdmVyLm1ldHJpY3MuY292ZXJhZ2UuQ292ZXJhZ2VSZXN1bHQPE7sp&#10;At1+KwIAAkkADGNvdmVyZWRJdGVtc0kACnRvdGFsSXRlbXN4cAAAAAAAAAAA"/>
</MetaDataListEntry>
<MetaDataListEntry Name="SynchronizedCoverage.getCoverage_HierarchyLevel8">
<MetaData Base64="rO0ABXNyAC1vcmcuY29kZWNvdmVyLm1ldHJpY3MuY292ZXJhZ2UuQ292ZXJhZ2VSZXN1bHQPE7sp&#10;At1+KwIAAkkADGNvdmVyZWRJdGVtc0kACnRvdGFsSXRlbXN4cAAAAAAAAAAA"/>
</MetaDataListEntry>
<MetaDataListEntry Name="SynchronizedCoverage.getCoverage_HierarchyLevel7">
<MetaData Base64="rO0ABXNyAC1vcmcuY29kZWNvdmVyLm1ldHJpY3MuY292ZXJhZ2UuQ292ZXJhZ2VSZXN1bHQPE7sp&#10;At1+KwIAAkkADGNvdmVyZWRJdGVtc0kACnRvdGFsSXRlbXN4cAAAAAAAAAAA"/>
</MetaDataListEntry>
<MetaDataListEntry Name="SynchronizedCoverage.getCoverage_HierarchyLevel6">
<MetaData Base64="rO0ABXNyAC1vcmcuY29kZWNvdmVyLm1ldHJpY3MuY292ZXJhZ2UuQ292ZXJhZ2VSZXN1bHQPE7sp&#10;At1+KwIAAkkADGNvdmVyZWRJdGVtc0kACnRvdGFsSXRlbXN4cAAAAAAAAAAA"/>
</MetaDataListEntry>
<MetaDataListEntry Name="BranchCoverage.getCoverage_HierarchyLevel19">
<MetaData Base64="rO0ABXNyAC1vcmcuY29kZWNvdmVyLm1ldHJpY3MuY292ZXJhZ2UuQ292ZXJhZ2VSZXN1bHQPE7sp&#10;At1+KwIAAkkADGNvdmVyZWRJdGVtc0kACnRvdGFsSXRlbXN4cAAAAA4AAAAP"/>
</MetaDataListEntry>
<MetaDataListEntry Name="BranchCoverage.getCoverage_HierarchyLevel17">
<MetaData Base64="rO0ABXNyAC1vcmcuY29kZWNvdmVyLm1ldHJpY3MuY292ZXJhZ2UuQ292ZXJhZ2VSZXN1bHQPE7sp&#10;At1+KwIAAkkADGNvdmVyZWRJdGVtc0kACnRvdGFsSXRlbXN4cAAAAAwAAAAN"/>
</MetaDataListEntry>
<MetaDataListEntry Name="BranchCoverage.getCoverage_HierarchyLevel18">
<MetaData Base64="rO0ABXNyAC1vcmcuY29kZWNvdmVyLm1ldHJpY3MuY292ZXJhZ2UuQ292ZXJhZ2VSZXN1bHQPE7sp&#10;At1+KwIAAkkADGNvdmVyZWRJdGVtc0kACnRvdGFsSXRlbXN4cAAAAAAAAAAA"/>
</MetaDataListEntry>
<MetaDataListEntry Name="BranchCoverage.getCoverage_HierarchyLevel15">
<MetaData Base64="rO0ABXNyAC1vcmcuY29kZWNvdmVyLm1ldHJpY3MuY292ZXJhZ2UuQ292ZXJhZ2VSZXN1bHQPE7sp&#10;At1+KwIAAkkADGNvdmVyZWRJdGVtc0kACnRvdGFsSXRlbXN4cAAAAAAAAAAA"/>
</MetaDataListEntry>
<MetaDataListEntry Name="BranchCoverage.getCoverage_HierarchyLevel16">
<MetaData Base64="rO0ABXNyAC1vcmcuY29kZWNvdmVyLm1ldHJpY3MuY292ZXJhZ2UuQ292ZXJhZ2VSZXN1bHQPE7sp&#10;At1+KwIAAkkADGNvdmVyZWRJdGVtc0kACnRvdGFsSXRlbXN4cAAAAAIAAAAC"/>
</MetaDataListEntry>
<MetaDataListEntry Name="BranchCoverage.getCoverage_HierarchyLevel13">
<MetaData Base64="rO0ABXNyAC1vcmcuY29kZWNvdmVyLm1ldHJpY3MuY292ZXJhZ2UuQ292ZXJhZ2VSZXN1bHQPE7sp&#10;At1+KwIAAkkADGNvdmVyZWRJdGVtc0kACnRvdGFsSXRlbXN4cAAAAAAAAAAA"/>
</MetaDataListEntry>
<MetaDataListEntry Name="BranchCoverage.getCoverage_HierarchyLevel14">
<MetaData Base64="rO0ABXNyAC1vcmcuY29kZWNvdmVyLm1ldHJpY3MuY292ZXJhZ2UuQ292ZXJhZ2VSZXN1bHQPE7sp&#10;At1+KwIAAkkADGNvdmVyZWRJdGVtc0kACnRvdGFsSXRlbXN4cAAAAAAAAAAA"/>
</MetaDataListEntry>
<MetaDataListEntry Name="SynchronizedCoverage.getCoverage_HierarchyLevel1">
<MetaData Base64="rO0ABXNyAC1vcmcuY29kZWNvdmVyLm1ldHJpY3MuY292ZXJhZ2UuQ292ZXJhZ2VSZXN1bHQPE7sp&#10;At1+KwIAAkkADGNvdmVyZWRJdGVtc0kACnRvdGFsSXRlbXN4cAAAAAAAAAAA"/>
</MetaDataListEntry>
<MetaDataListEntry Name="BranchCoverage.getCoverage_HierarchyLevel10">
<MetaData Base64="rO0ABXNyAC1vcmcuY29kZWNvdmVyLm1ldHJpY3MuY292ZXJhZ2UuQ292ZXJhZ2VSZXN1bHQPE7sp&#10;At1+KwIAAkkADGNvdmVyZWRJdGVtc0kACnRvdGFsSXRlbXN4cAAAAAAAAAAA"/>
</MetaDataListEntry>
<MetaDataListEntry Name="BranchCoverage.getCoverage_HierarchyLevel11">
<MetaData Base64="rO0ABXNyAC1vcmcuY29kZWNvdmVyLm1ldHJpY3MuY292ZXJhZ2UuQ292ZXJhZ2VSZXN1bHQPE7sp&#10;At1+KwIAAkkADGNvdmVyZWRJdGVtc0kACnRvdGFsSXRlbXN4cAAAAAMAAAAE"/>
</MetaDataListEntry>
<MetaDataListEntry Name="LoopCoverage.getCoverage_HierarchyLevel17">
<MetaData Base64="rO0ABXNyAC1vcmcuY29kZWNvdmVyLm1ldHJpY3MuY292ZXJhZ2UuQ292ZXJhZ2VSZXN1bHQPE7sp&#10;At1+KwIAAkkADGNvdmVyZWRJdGVtc0kACnRvdGFsSXRlbXN4cAAAAAAAAAAA"/>
</MetaDataListEntry>
<MetaDataListEntry Name="LoopCoverage.getCoverage_HierarchyLevel18">
<MetaData Base64="rO0ABXNyAC1vcmcuY29kZWNvdmVyLm1ldHJpY3MuY292ZXJhZ2UuQ292ZXJhZ2VSZXN1bHQPE7sp&#10;At1+KwIAAkkADGNvdmVyZWRJdGVtc0kACnRvdGFsSXRlbXN4cAAAAAAAAAAA"/>
</MetaDataListEntry>
<MetaDataListEntry Name="LoopCoverage.getCoverage_HierarchyLevel19">
<MetaData Base64="rO0ABXNyAC1vcmcuY29kZWNvdmVyLm1ldHJpY3MuY292ZXJhZ2UuQ292ZXJhZ2VSZXN1bHQPE7sp&#10;At1+KwIAAkkADGNvdmVyZWRJdGVtc0kACnRvdGFsSXRlbXN4cAAAAAAAAAAA"/>
</MetaDataListEntry>
<MetaDataListEntry Name="SynchronizedCoverage.getCoverage_HierarchyLevel56">
<MetaData Base64="rO0ABXNyAC1vcmcuY29kZWNvdmVyLm1ldHJpY3MuY292ZXJhZ2UuQ292ZXJhZ2VSZXN1bHQPE7sp&#10;At1+KwIAAkkADGNvdmVyZWRJdGVtc0kACnRvdGFsSXRlbXN4cAAAAAAAAAAA"/>
</MetaDataListEntry>
<MetaDataListEntry Name="LoopCoverage.getCoverage_HierarchyLevel10">
<MetaData Base64="rO0ABXNyAC1vcmcuY29kZWNvdmVyLm1ldHJpY3MuY292ZXJhZ2UuQ292ZXJhZ2VSZXN1bHQPE7sp&#10;At1+KwIAAkkADGNvdmVyZWRJdGVtc0kACnRvdGFsSXRlbXN4cAAAAAAAAAAA"/>
</MetaDataListEntry>
<MetaDataListEntry Name="SynchronizedCoverage.getCoverage_HierarchyLevel55">
<MetaData Base64="rO0ABXNyAC1vcmcuY29kZWNvdmVyLm1ldHJpY3MuY292ZXJhZ2UuQ292ZXJhZ2VSZXN1bHQPE7sp&#10;At1+KwIAAkkADGNvdmVyZWRJdGVtc0kACnRvdGFsSXRlbXN4cAAAAAAAAAAA"/>
</MetaDataListEntry>
<MetaDataListEntry Name="LoopCoverage.getCoverage_HierarchyLevel11">
<MetaData Base64="rO0ABXNyAC1vcmcuY29kZWNvdmVyLm1ldHJpY3MuY292ZXJhZ2UuQ292ZXJhZ2VSZXN1bHQPE7sp&#10;At1+KwIAAkkADGNvdmVyZWRJdGVtc0kACnRvdGFsSXRlbXN4cAAAAAAAAAAA"/>
</MetaDataListEntry>
<MetaDataListEntry Name="SynchronizedCoverage.getCoverage_HierarchyLevel54">
<MetaData Base64="rO0ABXNyAC1vcmcuY29kZWNvdmVyLm1ldHJpY3MuY292ZXJhZ2UuQ292ZXJhZ2VSZXN1bHQPE7sp&#10;At1+KwIAAkkADGNvdmVyZWRJdGVtc0kACnRvdGFsSXRlbXN4cAAAAAAAAAAA"/>
</MetaDataListEntry>
<MetaDataListEntry Name="LoopCoverage.getCoverage_HierarchyLevel12">
<MetaData Base64="rO0ABXNyAC1vcmcuY29kZWNvdmVyLm1ldHJpY3MuY292ZXJhZ2UuQ292ZXJhZ2VSZXN1bHQPE7sp&#10;At1+KwIAAkkADGNvdmVyZWRJdGVtc0kACnRvdGFsSXRlbXN4cAAAAAAAAAAA"/>
</MetaDataListEntry>
<MetaDataListEntry Name="SynchronizedCoverage.getCoverage_HierarchyLevel53">
<MetaData Base64="rO0ABXNyAC1vcmcuY29kZWNvdmVyLm1ldHJpY3MuY292ZXJhZ2UuQ292ZXJhZ2VSZXN1bHQPE7sp&#10;At1+KwIAAkkADGNvdmVyZWRJdGVtc0kACnRvdGFsSXRlbXN4cAAAAAAAAAAA"/>
</MetaDataListEntry>
<MetaDataListEntry Name="LoopCoverage.getCoverage_HierarchyLevel13">
<MetaData Base64="rO0ABXNyAC1vcmcuY29kZWNvdmVyLm1ldHJpY3MuY292ZXJhZ2UuQ292ZXJhZ2VSZXN1bHQPE7sp&#10;At1+KwIAAkkADGNvdmVyZWRJdGVtc0kACnRvdGFsSXRlbXN4cAAAAAAAAAAA"/>
</MetaDataListEntry>
<MetaDataListEntry Name="LoopCoverage.getCoverage_HierarchyLevel14">
<MetaData Base64="rO0ABXNyAC1vcmcuY29kZWNvdmVyLm1ldHJpY3MuY292ZXJhZ2UuQ292ZXJhZ2VSZXN1bHQPE7sp&#10;At1+KwIAAkkADGNvdmVyZWRJdGVtc0kACnRvdGFsSXRlbXN4cAAAAAAAAAAA"/>
</MetaDataListEntry>
<MetaDataListEntry Name="SynchronizedCoverage.getCoverage_HierarchyLevel59">
<MetaData Base64="rO0ABXNyAC1vcmcuY29kZWNvdmVyLm1ldHJpY3MuY292ZXJhZ2UuQ292ZXJhZ2VSZXN1bHQPE7sp&#10;At1+KwIAAkkADGNvdmVyZWRJdGVtc0kACnRvdGFsSXRlbXN4cAAAAAAAAAAA"/>
</MetaDataListEntry>
<MetaDataListEntry Name="LoopCoverage.getCoverage_HierarchyLevel15">
<MetaData Base64="rO0ABXNyAC1vcmcuY29kZWNvdmVyLm1ldHJpY3MuY292ZXJhZ2UuQ292ZXJhZ2VSZXN1bHQPE7sp&#10;At1+KwIAAkkADGNvdmVyZWRJdGVtc0kACnRvdGFsSXRlbXN4cAAAAAAAAAAA"/>
</MetaDataListEntry>
<MetaDataListEntry Name="SynchronizedCoverage.getCoverage_HierarchyLevel58">
<MetaData Base64="rO0ABXNyAC1vcmcuY29kZWNvdmVyLm1ldHJpY3MuY292ZXJhZ2UuQ292ZXJhZ2VSZXN1bHQPE7sp&#10;At1+KwIAAkkADGNvdmVyZWRJdGVtc0kACnRvdGFsSXRlbXN4cAAAAAAAAAAA"/>
</MetaDataListEntry>
<MetaDataListEntry Name="LoopCoverage.getCoverage_HierarchyLevel16">
<MetaData Base64="rO0ABXNyAC1vcmcuY29kZWNvdmVyLm1ldHJpY3MuY292ZXJhZ2UuQ292ZXJhZ2VSZXN1bHQPE7sp&#10;At1+KwIAAkkADGNvdmVyZWRJdGVtc0kACnRvdGFsSXRlbXN4cAAAAAAAAAAA"/>
</MetaDataListEntry>
<MetaDataListEntry Name="StatementCoverage.getCoverage_HierarchyLevel23">
<MetaData Base64="rO0ABXNyAC1vcmcuY29kZWNvdmVyLm1ldHJpY3MuY292ZXJhZ2UuQ292ZXJhZ2VSZXN1bHQPE7sp&#10;At1+KwIAAkkADGNvdmVyZWRJdGVtc0kACnRvdGFsSXRlbXN4cAAAAAAAAAAY"/>
</MetaDataListEntry>
<MetaDataListEntry Name="SynchronizedCoverage.getCoverage_HierarchyLevel57">
<MetaData Base64="rO0ABXNyAC1vcmcuY29kZWNvdmVyLm1ldHJpY3MuY292ZXJhZ2UuQ292ZXJhZ2VSZXN1bHQPE7sp&#10;At1+KwIAAkkADGNvdmVyZWRJdGVtc0kACnRvdGFsSXRlbXN4cAAAAAAAAAAA"/>
</MetaDataListEntry>
<MetaDataListEntry Name="StatementCoverage.getCoverage_HierarchyLevel29">
<MetaData Base64="rO0ABXNyAC1vcmcuY29kZWNvdmVyLm1ldHJpY3MuY292ZXJhZ2UuQ292ZXJhZ2VSZXN1bHQPE7sp&#10;At1+KwIAAkkADGNvdmVyZWRJdGVtc0kACnRvdGFsSXRlbXN4cAAAAAAAAAAB"/>
</MetaDataListEntry>
<MetaDataListEntry Name="StatementCoverage.getCoverage_HierarchyLevel22">
<MetaData Base64="rO0ABXNyAC1vcmcuY29kZWNvdmVyLm1ldHJpY3MuY292ZXJhZ2UuQ292ZXJhZ2VSZXN1bHQPE7sp&#10;At1+KwIAAkkADGNvdmVyZWRJdGVtc0kACnRvdGFsSXRlbXN4cAAAAAAAAAAJ"/>
</MetaDataListEntry>
<MetaDataListEntry Name="StatementCoverage.getCoverage_HierarchyLevel27">
<MetaData Base64="rO0ABXNyAC1vcmcuY29kZWNvdmVyLm1ldHJpY3MuY292ZXJhZ2UuQ292ZXJhZ2VSZXN1bHQPE7sp&#10;At1+KwIAAkkADGNvdmVyZWRJdGVtc0kACnRvdGFsSXRlbXN4cAAAAAAAAAAB"/>
</MetaDataListEntry>
<MetaDataListEntry Name="StatementCoverage.getCoverage_HierarchyLevel28">
<MetaData Base64="rO0ABXNyAC1vcmcuY29kZWNvdmVyLm1ldHJpY3MuY292ZXJhZ2UuQ292ZXJhZ2VSZXN1bHQPE7sp&#10;At1+KwIAAkkADGNvdmVyZWRJdGVtc0kACnRvdGFsSXRlbXN4cAAAAAAAAAAB"/>
</MetaDataListEntry>
<MetaDataListEntry Name="StatementCoverage.getCoverage_HierarchyLevel25">
<MetaData Base64="rO0ABXNyAC1vcmcuY29kZWNvdmVyLm1ldHJpY3MuY292ZXJhZ2UuQ292ZXJhZ2VSZXN1bHQPE7sp&#10;At1+KwIAAkkADGNvdmVyZWRJdGVtc0kACnRvdGFsSXRlbXN4cAAAAAAAAAAB"/>
</MetaDataListEntry>
<MetaDataListEntry Name="SynchronizedCoverage.getCoverage_HierarchyLevel63">
<MetaData Base64="rO0ABXNyAC1vcmcuY29kZWNvdmVyLm1ldHJpY3MuY292ZXJhZ2UuQ292ZXJhZ2VSZXN1bHQPE7sp&#10;At1+KwIAAkkADGNvdmVyZWRJdGVtc0kACnRvdGFsSXRlbXN4cAAAAAAAAAAA"/>
</MetaDataListEntry>
<MetaDataListEntry Name="StatementCoverage.getCoverage_HierarchyLevel26">
<MetaData Base64="rO0ABXNyAC1vcmcuY29kZWNvdmVyLm1ldHJpY3MuY292ZXJhZ2UuQ292ZXJhZ2VSZXN1bHQPE7sp&#10;At1+KwIAAkkADGNvdmVyZWRJdGVtc0kACnRvdGFsSXRlbXN4cAAAAAAAAAAB"/>
</MetaDataListEntry>
<MetaDataListEntry Name="SynchronizedCoverage.getCoverage_HierarchyLevel62">
<MetaData Base64="rO0ABXNyAC1vcmcuY29kZWNvdmVyLm1ldHJpY3MuY292ZXJhZ2UuQ292ZXJhZ2VSZXN1bHQPE7sp&#10;At1+KwIAAkkADGNvdmVyZWRJdGVtc0kACnRvdGFsSXRlbXN4cAAAAAAAAAAA"/>
</MetaDataListEntry>
<MetaDataListEntry Name="SynchronizedCoverage.getCoverage_HierarchyLevel61">
<MetaData Base64="rO0ABXNyAC1vcmcuY29kZWNvdmVyLm1ldHJpY3MuY292ZXJhZ2UuQ292ZXJhZ2VSZXN1bHQPE7sp&#10;At1+KwIAAkkADGNvdmVyZWRJdGVtc0kACnRvdGFsSXRlbXN4cAAAAAAAAAAA"/>
</MetaDataListEntry>
<MetaDataListEntry Name="StatementCoverage.getCoverage_HierarchyLevel24">
<MetaData Base64="rO0ABXNyAC1vcmcuY29kZWNvdmVyLm1ldHJpY3MuY292ZXJhZ2UuQ292ZXJhZ2VSZXN1bHQPE7sp&#10;At1+KwIAAkkADGNvdmVyZWRJdGVtc0kACnRvdGFsSXRlbXN4cAAAAAAAAAAB"/>
</MetaDataListEntry>
<MetaDataListEntry Name="SynchronizedCoverage.getCoverage_HierarchyLevel60">
<MetaData Base64="rO0ABXNyAC1vcmcuY29kZWNvdmVyLm1ldHJpY3MuY292ZXJhZ2UuQ292ZXJhZ2VSZXN1bHQPE7sp&#10;At1+KwIAAkkADGNvdmVyZWRJdGVtc0kACnRvdGFsSXRlbXN4cAAAAAAAAAAA"/>
</MetaDataListEntry>
<MetaDataListEntry Name="StatementCoverage.getCoverage_HierarchyLevel20">
<MetaData Base64="rO0ABXNyAC1vcmcuY29kZWNvdmVyLm1ldHJpY3MuY292ZXJhZ2UuQ292ZXJhZ2VSZXN1bHQPE7sp&#10;At1+KwIAAkkADGNvdmVyZWRJdGVtc0kACnRvdGFsSXRlbXN4cAAAAA0AAAAO"/>
</MetaDataListEntry>
<MetaDataListEntry Name="StatementCoverage.getCoverage_HierarchyLevel21">
<MetaData Base64="rO0ABXNyAC1vcmcuY29kZWNvdmVyLm1ldHJpY3MuY292ZXJhZ2UuQ292ZXJhZ2VSZXN1bHQPE7sp&#10;At1+KwIAAkkADGNvdmVyZWRJdGVtc0kACnRvdGFsSXRlbXN4cAAAADgAAAA6"/>
</MetaDataListEntry>
<MetaDataListEntry Name="QMOCoverage.getCoverage_HierarchyLevel65">
<MetaData Base64="rO0ABXNyAC1vcmcuY29kZWNvdmVyLm1ldHJpY3MuY292ZXJhZ2UuQ292ZXJhZ2VSZXN1bHQPE7sp&#10;At1+KwIAAkkADGNvdmVyZWRJdGVtc0kACnRvdGFsSXRlbXN4cAAAAAAAAAAA"/>
</MetaDataListEntry>
<MetaDataListEntry Name="QMOCoverage.getCoverage_HierarchyLevel66">
<MetaData Base64="rO0ABXNyAC1vcmcuY29kZWNvdmVyLm1ldHJpY3MuY292ZXJhZ2UuQ292ZXJhZ2VSZXN1bHQPE7sp&#10;At1+KwIAAkkADGNvdmVyZWRJdGVtc0kACnRvdGFsSXRlbXN4cAAAAAAAAAAA"/>
</MetaDataListEntry>
<MetaDataListEntry Name="QMOCoverage.getCoverage_HierarchyLevel63">
<MetaData Base64="rO0ABXNyAC1vcmcuY29kZWNvdmVyLm1ldHJpY3MuY292ZXJhZ2UuQ292ZXJhZ2VSZXN1bHQPE7sp&#10;At1+KwIAAkkADGNvdmVyZWRJdGVtc0kACnRvdGFsSXRlbXN4cAAAAAAAAAAA"/>
</MetaDataListEntry>
<MetaDataListEntry Name="QMOCoverage.getCoverage_HierarchyLevel64">
<MetaData Base64="rO0ABXNyAC1vcmcuY29kZWNvdmVyLm1ldHJpY3MuY292ZXJhZ2UuQ292ZXJhZ2VSZXN1bHQPE7sp&#10;At1+KwIAAkkADGNvdmVyZWRJdGVtc0kACnRvdGFsSXRlbXN4cAAAAAAAAAAA"/>
</MetaDataListEntry>
<MetaDataListEntry Name="QMOCoverage.getCoverage_HierarchyLevel67">
<MetaData Base64="rO0ABXNyAC1vcmcuY29kZWNvdmVyLm1ldHJpY3MuY292ZXJhZ2UuQ292ZXJhZ2VSZXN1bHQPE7sp&#10;At1+KwIAAkkADGNvdmVyZWRJdGVtc0kACnRvdGFsSXRlbXN4cAAAAAAAAAAA"/>
</MetaDataListEntry>
<MetaDataListEntry Name="QMOCoverage.getCoverage_HierarchyLevel68">
<MetaData Base64="rO0ABXNyAC1vcmcuY29kZWNvdmVyLm1ldHJpY3MuY292ZXJhZ2UuQ292ZXJhZ2VSZXN1bHQPE7sp&#10;At1+KwIAAkkADGNvdmVyZWRJdGVtc0kACnRvdGFsSXRlbXN4cAAAAAAAAAAA"/>
</MetaDataListEntry>
<MetaDataListEntry Name="QMOCoverage.getCoverage_HierarchyLevel1">
<MetaData Base64="rO0ABXNyAC1vcmcuY29kZWNvdmVyLm1ldHJpY3MuY292ZXJhZ2UuQ292ZXJhZ2VSZXN1bHQPE7sp&#10;At1+KwIAAkkADGNvdmVyZWRJdGVtc0kACnRvdGFsSXRlbXN4cAAAAAAAAAAA"/>
</MetaDataListEntry>
<MetaDataListEntry Name="SynchronizedCoverage.getCoverage_HierarchyLevel67">
<MetaData Base64="rO0ABXNyAC1vcmcuY29kZWNvdmVyLm1ldHJpY3MuY292ZXJhZ2UuQ292ZXJhZ2VSZXN1bHQPE7sp&#10;At1+KwIAAkkADGNvdmVyZWRJdGVtc0kACnRvdGFsSXRlbXN4cAAAAAAAAAAA"/>
</MetaDataListEntry>
<MetaDataListEntry Name="QMOCoverage.getCoverage_HierarchyLevel2">
<MetaData Base64="rO0ABXNyAC1vcmcuY29kZWNvdmVyLm1ldHJpY3MuY292ZXJhZ2UuQ292ZXJhZ2VSZXN1bHQPE7sp&#10;At1+KwIAAkkADGNvdmVyZWRJdGVtc0kACnRvdGFsSXRlbXN4cAAAAAAAAAAA"/>
</MetaDataListEntry>
<MetaDataListEntry Name="SynchronizedCoverage.getCoverage_HierarchyLevel66">
<MetaData Base64="rO0ABXNyAC1vcmcuY29kZWNvdmVyLm1ldHJpY3MuY292ZXJhZ2UuQ292ZXJhZ2VSZXN1bHQPE7sp&#10;At1+KwIAAkkADGNvdmVyZWRJdGVtc0kACnRvdGFsSXRlbXN4cAAAAAAAAAAA"/>
</MetaDataListEntry>
<MetaDataListEntry Name="SynchronizedCoverage.getCoverage_HierarchyLevel65">
<MetaData Base64="rO0ABXNyAC1vcmcuY29kZWNvdmVyLm1ldHJpY3MuY292ZXJhZ2UuQ292ZXJhZ2VSZXN1bHQPE7sp&#10;At1+KwIAAkkADGNvdmVyZWRJdGVtc0kACnRvdGFsSXRlbXN4cAAAAAAAAAAA"/>
</MetaDataListEntry>
<MetaDataListEntry Name="SynchronizedCoverage.getCoverage_HierarchyLevel64">
<MetaData Base64="rO0ABXNyAC1vcmcuY29kZWNvdmVyLm1ldHJpY3MuY292ZXJhZ2UuQ292ZXJhZ2VSZXN1bHQPE7sp&#10;At1+KwIAAkkADGNvdmVyZWRJdGVtc0kACnRvdGFsSXRlbXN4cAAAAAAAAAAA"/>
</MetaDataListEntry>
<MetaDataListEntry Name="SynchronizedCoverage.getCoverage_HierarchyLevel68">
<MetaData Base64="rO0ABXNyAC1vcmcuY29kZWNvdmVyLm1ldHJpY3MuY292ZXJhZ2UuQ292ZXJhZ2VSZXN1bHQPE7sp&#10;At1+KwIAAkkADGNvdmVyZWRJdGVtc0kACnRvdGFsSXRlbXN4cAAAAAAAAAAA"/>
</MetaDataListEntry>
<MetaDataListEntry Name="QMOCoverage.getCoverage_HierarchyLevel9">
<MetaData Base64="rO0ABXNyAC1vcmcuY29kZWNvdmVyLm1ldHJpY3MuY292ZXJhZ2UuQ292ZXJhZ2VSZXN1bHQPE7sp&#10;At1+KwIAAkkADGNvdmVyZWRJdGVtc0kACnRvdGFsSXRlbXN4cAAAAAAAAAAA"/>
</MetaDataListEntry>
<MetaDataListEntry Name="StatementCoverage.getCoverage_HierarchyLevel19">
<MetaData Base64="rO0ABXNyAC1vcmcuY29kZWNvdmVyLm1ldHJpY3MuY292ZXJhZ2UuQ292ZXJhZ2VSZXN1bHQPE7sp&#10;At1+KwIAAkkADGNvdmVyZWRJdGVtc0kACnRvdGFsSXRlbXN4cAAAAA4AAAAO"/>
</MetaDataListEntry>
<MetaDataListEntry Name="StatementCoverage.getCoverage_HierarchyLevel18">
<MetaData Base64="rO0ABXNyAC1vcmcuY29kZWNvdmVyLm1ldHJpY3MuY292ZXJhZ2UuQ292ZXJhZ2VSZXN1bHQPE7sp&#10;At1+KwIAAkkADGNvdmVyZWRJdGVtc0kACnRvdGFsSXRlbXN4cAAAAAUAAAAF"/>
</MetaDataListEntry>
<MetaDataListEntry Name="QMOCoverage.getCoverage_HierarchyLevel7">
<MetaData Base64="rO0ABXNyAC1vcmcuY29kZWNvdmVyLm1ldHJpY3MuY292ZXJhZ2UuQ292ZXJhZ2VSZXN1bHQPE7sp&#10;At1+KwIAAkkADGNvdmVyZWRJdGVtc0kACnRvdGFsSXRlbXN4cAAAAAAAAAAA"/>
</MetaDataListEntry>
<MetaDataListEntry Name="QMOCoverage.getCoverage_HierarchyLevel8">
<MetaData Base64="rO0ABXNyAC1vcmcuY29kZWNvdmVyLm1ldHJpY3MuY292ZXJhZ2UuQ292ZXJhZ2VSZXN1bHQPE7sp&#10;At1+KwIAAkkADGNvdmVyZWRJdGVtc0kACnRvdGFsSXRlbXN4cAAAAAAAAAAA"/>
</MetaDataListEntry>
<MetaDataListEntry Name="StatementCoverage.getCoverage_HierarchyLevel16">
<MetaData Base64="rO0ABXNyAC1vcmcuY29kZWNvdmVyLm1ldHJpY3MuY292ZXJhZ2UuQ292ZXJhZ2VSZXN1bHQPE7sp&#10;At1+KwIAAkkADGNvdmVyZWRJdGVtc0kACnRvdGFsSXRlbXN4cAAAAAIAAAAC"/>
</MetaDataListEntry>
<MetaDataListEntry Name="StatementCoverage.getCoverage_HierarchyLevel17">
<MetaData Base64="rO0ABXNyAC1vcmcuY29kZWNvdmVyLm1ldHJpY3MuY292ZXJhZ2UuQ292ZXJhZ2VSZXN1bHQPE7sp&#10;At1+KwIAAkkADGNvdmVyZWRJdGVtc0kACnRvdGFsSXRlbXN4cAAAAA4AAAAP"/>
</MetaDataListEntry>
<MetaDataListEntry Name="QMOCoverage.getCoverage_HierarchyLevel5">
<MetaData Base64="rO0ABXNyAC1vcmcuY29kZWNvdmVyLm1ldHJpY3MuY292ZXJhZ2UuQ292ZXJhZ2VSZXN1bHQPE7sp&#10;At1+KwIAAkkADGNvdmVyZWRJdGVtc0kACnRvdGFsSXRlbXN4cAAAAAAAAAAA"/>
</MetaDataListEntry>
<MetaDataListEntry Name="StatementCoverage.getCoverage_HierarchyLevel15">
<MetaData Base64="rO0ABXNyAC1vcmcuY29kZWNvdmVyLm1ldHJpY3MuY292ZXJhZ2UuQ292ZXJhZ2VSZXN1bHQPE7sp&#10;At1+KwIAAkkADGNvdmVyZWRJdGVtc0kACnRvdGFsSXRlbXN4cAAAAAAAAAAA"/>
</MetaDataListEntry>
<MetaDataListEntry Name="QMOCoverage.getCoverage_HierarchyLevel6">
<MetaData Base64="rO0ABXNyAC1vcmcuY29kZWNvdmVyLm1ldHJpY3MuY292ZXJhZ2UuQ292ZXJhZ2VSZXN1bHQPE7sp&#10;At1+KwIAAkkADGNvdmVyZWRJdGVtc0kACnRvdGFsSXRlbXN4cAAAAAAAAAAA"/>
</MetaDataListEntry>
<MetaDataListEntry Name="StatementCoverage.getCoverage_HierarchyLevel14">
<MetaData Base64="rO0ABXNyAC1vcmcuY29kZWNvdmVyLm1ldHJpY3MuY292ZXJhZ2UuQ292ZXJhZ2VSZXN1bHQPE7sp&#10;At1+KwIAAkkADGNvdmVyZWRJdGVtc0kACnRvdGFsSXRlbXN4cAAAAAEAAAAB"/>
</MetaDataListEntry>
<MetaDataListEntry Name="QMOCoverage.getCoverage_HierarchyLevel3">
<MetaData Base64="rO0ABXNyAC1vcmcuY29kZWNvdmVyLm1ldHJpY3MuY292ZXJhZ2UuQ292ZXJhZ2VSZXN1bHQPE7sp&#10;At1+KwIAAkkADGNvdmVyZWRJdGVtc0kACnRvdGFsSXRlbXN4cAAAAAAAAAAA"/>
</MetaDataListEntry>
<MetaDataListEntry Name="StatementCoverage.getCoverage_HierarchyLevel13">
<MetaData Base64="rO0ABXNyAC1vcmcuY29kZWNvdmVyLm1ldHJpY3MuY292ZXJhZ2UuQ292ZXJhZ2VSZXN1bHQPE7sp&#10;At1+KwIAAkkADGNvdmVyZWRJdGVtc0kACnRvdGFsSXRlbXN4cAAAAAEAAAAB"/>
</MetaDataListEntry>
<MetaDataListEntry Name="QMOCoverage.getCoverage_HierarchyLevel4">
<MetaData Base64="rO0ABXNyAC1vcmcuY29kZWNvdmVyLm1ldHJpY3MuY292ZXJhZ2UuQ292ZXJhZ2VSZXN1bHQPE7sp&#10;At1+KwIAAkkADGNvdmVyZWRJdGVtc0kACnRvdGFsSXRlbXN4cAAAAAAAAAAA"/>
</MetaDataListEntry>
<MetaDataListEntry Name="StatementCoverage.getCoverage_HierarchyLevel11">
<MetaData Base64="rO0ABXNyAC1vcmcuY29kZWNvdmVyLm1ldHJpY3MuY292ZXJhZ2UuQ292ZXJhZ2VSZXN1bHQPE7sp&#10;At1+KwIAAkkADGNvdmVyZWRJdGVtc0kACnRvdGFsSXRlbXN4cAAAAAIAAAAC"/>
</MetaDataListEntry>
<MetaDataListEntry Name="StatementCoverage.getCoverage_HierarchyLevel10">
<MetaData Base64="rO0ABXNyAC1vcmcuY29kZWNvdmVyLm1ldHJpY3MuY292ZXJhZ2UuQ292ZXJhZ2VSZXN1bHQPE7sp&#10;At1+KwIAAkkADGNvdmVyZWRJdGVtc0kACnRvdGFsSXRlbXN4cAAAAAEAAAAB"/>
</MetaDataListEntry>
<MetaDataListEntry Name="StatementCoverage.getCoverage_HierarchyLevel12">
<MetaData Base64="rO0ABXNyAC1vcmcuY29kZWNvdmVyLm1ldHJpY3MuY292ZXJhZ2UuQ292ZXJhZ2VSZXN1bHQPE7sp&#10;At1+KwIAAkkADGNvdmVyZWRJdGVtc0kACnRvdGFsSXRlbXN4cAAAACMAAAAv"/>
</MetaDataListEntry>
<MetaDataListEntry Name="LoopCoverage.getCoverage_HierarchyLevel1">
<MetaData Base64="rO0ABXNyAC1vcmcuY29kZWNvdmVyLm1ldHJpY3MuY292ZXJhZ2UuQ292ZXJhZ2VSZXN1bHQPE7sp&#10;At1+KwIAAkkADGNvdmVyZWRJdGVtc0kACnRvdGFsSXRlbXN4cAAAAAAAAAAA"/>
</MetaDataListEntry>
<MetaDataListEntry Name="LoopCoverage.getCoverage_HierarchyLevel3">
<MetaData Base64="rO0ABXNyAC1vcmcuY29kZWNvdmVyLm1ldHJpY3MuY292ZXJhZ2UuQ292ZXJhZ2VSZXN1bHQPE7sp&#10;At1+KwIAAkkADGNvdmVyZWRJdGVtc0kACnRvdGFsSXRlbXN4cAAAAAAAAAAA"/>
</MetaDataListEntry>
<MetaDataListEntry Name="LoopCoverage.getCoverage_HierarchyLevel2">
<MetaData Base64="rO0ABXNyAC1vcmcuY29kZWNvdmVyLm1ldHJpY3MuY292ZXJhZ2UuQ292ZXJhZ2VSZXN1bHQPE7sp&#10;At1+KwIAAkkADGNvdmVyZWRJdGVtc0kACnRvdGFsSXRlbXN4cAAAAAAAAAAA"/>
</MetaDataListEntry>
<MetaDataListEntry Name="LoopCoverage.getCoverage_HierarchyLevel5">
<MetaData Base64="rO0ABXNyAC1vcmcuY29kZWNvdmVyLm1ldHJpY3MuY292ZXJhZ2UuQ292ZXJhZ2VSZXN1bHQPE7sp&#10;At1+KwIAAkkADGNvdmVyZWRJdGVtc0kACnRvdGFsSXRlbXN4cAAAAAAAAAAA"/>
</MetaDataListEntry>
<MetaDataListEntry Name="LoopCoverage.getCoverage_HierarchyLevel4">
<MetaData Base64="rO0ABXNyAC1vcmcuY29kZWNvdmVyLm1ldHJpY3MuY292ZXJhZ2UuQ292ZXJhZ2VSZXN1bHQPE7sp&#10;At1+KwIAAkkADGNvdmVyZWRJdGVtc0kACnRvdGFsSXRlbXN4cAAAAAAAAAAA"/>
</MetaDataListEntry>
<MetaDataListEntry Name="LoopCoverage.getCoverage_HierarchyLevel7">
<MetaData Base64="rO0ABXNyAC1vcmcuY29kZWNvdmVyLm1ldHJpY3MuY292ZXJhZ2UuQ292ZXJhZ2VSZXN1bHQPE7sp&#10;At1+KwIAAkkADGNvdmVyZWRJdGVtc0kACnRvdGFsSXRlbXN4cAAAAAAAAAAA"/>
</MetaDataListEntry>
<MetaDataListEntry Name="LoopCoverage.getCoverage_HierarchyLevel6">
<MetaData Base64="rO0ABXNyAC1vcmcuY29kZWNvdmVyLm1ldHJpY3MuY292ZXJhZ2UuQ292ZXJhZ2VSZXN1bHQPE7sp&#10;At1+KwIAAkkADGNvdmVyZWRJdGVtc0kACnRvdGFsSXRlbXN4cAAAAAAAAAAA"/>
</MetaDataListEntry>
<MetaDataListEntry Name="LoopCoverage.getCoverage_HierarchyLevel9">
<MetaData Base64="rO0ABXNyAC1vcmcuY29kZWNvdmVyLm1ldHJpY3MuY292ZXJhZ2UuQ292ZXJhZ2VSZXN1bHQPE7sp&#10;At1+KwIAAkkADGNvdmVyZWRJdGVtc0kACnRvdGFsSXRlbXN4cAAAAAAAAAAA"/>
</MetaDataListEntry>
<MetaDataListEntry Name="LoopCoverage.getCoverage_HierarchyLevel8">
<MetaData Base64="rO0ABXNyAC1vcmcuY29kZWNvdmVyLm1ldHJpY3MuY292ZXJhZ2UuQ292ZXJhZ2VSZXN1bHQPE7sp&#10;At1+KwIAAkkADGNvdmVyZWRJdGVtc0kACnRvdGFsSXRlbXN4cAAAAAAAAAAA"/>
</MetaDataListEntry>
<MetaDataListEntry Name="QMOCoverage.getCoverage_HierarchyLevel32">
<MetaData Base64="rO0ABXNyAC1vcmcuY29kZWNvdmVyLm1ldHJpY3MuY292ZXJhZ2UuQ292ZXJhZ2VSZXN1bHQPE7sp&#10;At1+KwIAAkkADGNvdmVyZWRJdGVtc0kACnRvdGFsSXRlbXN4cAAAAAAAAAAA"/>
</MetaDataListEntry>
<MetaDataListEntry Name="QMOCoverage.getCoverage_HierarchyLevel33">
<MetaData Base64="rO0ABXNyAC1vcmcuY29kZWNvdmVyLm1ldHJpY3MuY292ZXJhZ2UuQ292ZXJhZ2VSZXN1bHQPE7sp&#10;At1+KwIAAkkADGNvdmVyZWRJdGVtc0kACnRvdGFsSXRlbXN4cAAAAAAAAAAA"/>
</MetaDataListEntry>
<MetaDataListEntry Name="SynchronizedCoverage.getCoverage_HierarchyLevel19">
<MetaData Base64="rO0ABXNyAC1vcmcuY29kZWNvdmVyLm1ldHJpY3MuY292ZXJhZ2UuQ292ZXJhZ2VSZXN1bHQPE7sp&#10;At1+KwIAAkkADGNvdmVyZWRJdGVtc0kACnRvdGFsSXRlbXN4cAAAAAAAAAAA"/>
</MetaDataListEntry>
<MetaDataListEntry Name="QMOCoverage.getCoverage_HierarchyLevel30">
<MetaData Base64="rO0ABXNyAC1vcmcuY29kZWNvdmVyLm1ldHJpY3MuY292ZXJhZ2UuQ292ZXJhZ2VSZXN1bHQPE7sp&#10;At1+KwIAAkkADGNvdmVyZWRJdGVtc0kACnRvdGFsSXRlbXN4cAAAAAAAAAAA"/>
</MetaDataListEntry>
<MetaDataListEntry Name="SynchronizedCoverage.getCoverage_HierarchyLevel18">
<MetaData Base64="rO0ABXNyAC1vcmcuY29kZWNvdmVyLm1ldHJpY3MuY292ZXJhZ2UuQ292ZXJhZ2VSZXN1bHQPE7sp&#10;At1+KwIAAkkADGNvdmVyZWRJdGVtc0kACnRvdGFsSXRlbXN4cAAAAAAAAAAA"/>
</MetaDataListEntry>
<MetaDataListEntry Name="QMOCoverage.getCoverage_HierarchyLevel31">
<MetaData Base64="rO0ABXNyAC1vcmcuY29kZWNvdmVyLm1ldHJpY3MuY292ZXJhZ2UuQ292ZXJhZ2VSZXN1bHQPE7sp&#10;At1+KwIAAkkADGNvdmVyZWRJdGVtc0kACnRvdGFsSXRlbXN4cAAAAAAAAAAA"/>
</MetaDataListEntry>
<MetaDataListEntry Name="SynchronizedCoverage.getCoverage_HierarchyLevel17">
<MetaData Base64="rO0ABXNyAC1vcmcuY29kZWNvdmVyLm1ldHJpY3MuY292ZXJhZ2UuQ292ZXJhZ2VSZXN1bHQPE7sp&#10;At1+KwIAAkkADGNvdmVyZWRJdGVtc0kACnRvdGFsSXRlbXN4cAAAAAAAAAAA"/>
</MetaDataListEntry>
<MetaDataListEntry Name="QMOCoverage.getCoverage_HierarchyLevel36">
<MetaData Base64="rO0ABXNyAC1vcmcuY29kZWNvdmVyLm1ldHJpY3MuY292ZXJhZ2UuQ292ZXJhZ2VSZXN1bHQPE7sp&#10;At1+KwIAAkkADGNvdmVyZWRJdGVtc0kACnRvdGFsSXRlbXN4cAAAAAAAAAAA"/>
</MetaDataListEntry>
<MetaDataListEntry Name="QMOCoverage.getCoverage_HierarchyLevel37">
<MetaData Base64="rO0ABXNyAC1vcmcuY29kZWNvdmVyLm1ldHJpY3MuY292ZXJhZ2UuQ292ZXJhZ2VSZXN1bHQPE7sp&#10;At1+KwIAAkkADGNvdmVyZWRJdGVtc0kACnRvdGFsSXRlbXN4cAAAAAAAAAAA"/>
</MetaDataListEntry>
<MetaDataListEntry Name="QMOCoverage.getCoverage_HierarchyLevel34">
<MetaData Base64="rO0ABXNyAC1vcmcuY29kZWNvdmVyLm1ldHJpY3MuY292ZXJhZ2UuQ292ZXJhZ2VSZXN1bHQPE7sp&#10;At1+KwIAAkkADGNvdmVyZWRJdGVtc0kACnRvdGFsSXRlbXN4cAAAAAAAAAAA"/>
</MetaDataListEntry>
<MetaDataListEntry Name="QMOCoverage.getCoverage_HierarchyLevel35">
<MetaData Base64="rO0ABXNyAC1vcmcuY29kZWNvdmVyLm1ldHJpY3MuY292ZXJhZ2UuQ292ZXJhZ2VSZXN1bHQPE7sp&#10;At1+KwIAAkkADGNvdmVyZWRJdGVtc0kACnRvdGFsSXRlbXN4cAAAAAAAAAAA"/>
</MetaDataListEntry>
<MetaDataListEntry Name="LoopCoverage.getCoverage_HierarchyLevel53">
<MetaData Base64="rO0ABXNyAC1vcmcuY29kZWNvdmVyLm1ldHJpY3MuY292ZXJhZ2UuQ292ZXJhZ2VSZXN1bHQPE7sp&#10;At1+KwIAAkkADGNvdmVyZWRJdGVtc0kACnRvdGFsSXRlbXN4cAAAAAAAAAAA"/>
</MetaDataListEntry>
<MetaDataListEntry Name="SynchronizedCoverage.getCoverage_HierarchyLevel12">
<MetaData Base64="rO0ABXNyAC1vcmcuY29kZWNvdmVyLm1ldHJpY3MuY292ZXJhZ2UuQ292ZXJhZ2VSZXN1bHQPE7sp&#10;At1+KwIAAkkADGNvdmVyZWRJdGVtc0kACnRvdGFsSXRlbXN4cAAAAAAAAAAA"/>
</MetaDataListEntry>
<MetaDataListEntry Name="TermCoverage.getCoverage_HierarchyLevel29">
<MetaData Base64="rO0ABXNyAC1vcmcuY29kZWNvdmVyLm1ldHJpY3MuY292ZXJhZ2UuQ292ZXJhZ2VSZXN1bHQPE7sp&#10;At1+KwIAAkkADGNvdmVyZWRJdGVtc0kACnRvdGFsSXRlbXN4cAAAAAAAAAAA"/>
</MetaDataListEntry>
<MetaDataListEntry Name="LoopCoverage.getCoverage_HierarchyLevel54">
<MetaData Base64="rO0ABXNyAC1vcmcuY29kZWNvdmVyLm1ldHJpY3MuY292ZXJhZ2UuQ292ZXJhZ2VSZXN1bHQPE7sp&#10;At1+KwIAAkkADGNvdmVyZWRJdGVtc0kACnRvdGFsSXRlbXN4cAAAAAAAAAAA"/>
</MetaDataListEntry>
<MetaDataListEntry Name="SynchronizedCoverage.getCoverage_HierarchyLevel11">
<MetaData Base64="rO0ABXNyAC1vcmcuY29kZWNvdmVyLm1ldHJpY3MuY292ZXJhZ2UuQ292ZXJhZ2VSZXN1bHQPE7sp&#10;At1+KwIAAkkADGNvdmVyZWRJdGVtc0kACnRvdGFsSXRlbXN4cAAAAAAAAAAA"/>
</MetaDataListEntry>
<MetaDataListEntry Name="TermCoverage.getCoverage_HierarchyLevel28">
<MetaData Base64="rO0ABXNyAC1vcmcuY29kZWNvdmVyLm1ldHJpY3MuY292ZXJhZ2UuQ292ZXJhZ2VSZXN1bHQPE7sp&#10;At1+KwIAAkkADGNvdmVyZWRJdGVtc0kACnRvdGFsSXRlbXN4cAAAAAAAAAAA"/>
</MetaDataListEntry>
<MetaDataListEntry Name="LoopCoverage.getCoverage_HierarchyLevel55">
<MetaData Base64="rO0ABXNyAC1vcmcuY29kZWNvdmVyLm1ldHJpY3MuY292ZXJhZ2UuQ292ZXJhZ2VSZXN1bHQPE7sp&#10;At1+KwIAAkkADGNvdmVyZWRJdGVtc0kACnRvdGFsSXRlbXN4cAAAAAAAAAAA"/>
</MetaDataListEntry>
<MetaDataListEntry Name="QMOCoverage.getCoverage_HierarchyLevel38">
<MetaData Base64="rO0ABXNyAC1vcmcuY29kZWNvdmVyLm1ldHJpY3MuY292ZXJhZ2UuQ292ZXJhZ2VSZXN1bHQPE7sp&#10;At1+KwIAAkkADGNvdmVyZWRJdGVtc0kACnRvdGFsSXRlbXN4cAAAAAAAAAAA"/>
</MetaDataListEntry>
<MetaDataListEntry Name="SynchronizedCoverage.getCoverage_HierarchyLevel10">
<MetaData Base64="rO0ABXNyAC1vcmcuY29kZWNvdmVyLm1ldHJpY3MuY292ZXJhZ2UuQ292ZXJhZ2VSZXN1bHQPE7sp&#10;At1+KwIAAkkADGNvdmVyZWRJdGVtc0kACnRvdGFsSXRlbXN4cAAAAAAAAAAA"/>
</MetaDataListEntry>
<MetaDataListEntry Name="LoopCoverage.getCoverage_HierarchyLevel56">
<MetaData Base64="rO0ABXNyAC1vcmcuY29kZWNvdmVyLm1ldHJpY3MuY292ZXJhZ2UuQ292ZXJhZ2VSZXN1bHQPE7sp&#10;At1+KwIAAkkADGNvdmVyZWRJdGVtc0kACnRvdGFsSXRlbXN4cAAAAAAAAAAA"/>
</MetaDataListEntry>
<MetaDataListEntry Name="QMOCoverage.getCoverage_HierarchyLevel39">
<MetaData Base64="rO0ABXNyAC1vcmcuY29kZWNvdmVyLm1ldHJpY3MuY292ZXJhZ2UuQ292ZXJhZ2VSZXN1bHQPE7sp&#10;At1+KwIAAkkADGNvdmVyZWRJdGVtc0kACnRvdGFsSXRlbXN4cAAAAAAAAAAA"/>
</MetaDataListEntry>
<MetaDataListEntry Name="LoopCoverage.getCoverage_HierarchyLevel57">
<MetaData Base64="rO0ABXNyAC1vcmcuY29kZWNvdmVyLm1ldHJpY3MuY292ZXJhZ2UuQ292ZXJhZ2VSZXN1bHQPE7sp&#10;At1+KwIAAkkADGNvdmVyZWRJdGVtc0kACnRvdGFsSXRlbXN4cAAAAAAAAAAA"/>
</MetaDataListEntry>
<MetaDataListEntry Name="SynchronizedCoverage.getCoverage_HierarchyLevel16">
<MetaData Base64="rO0ABXNyAC1vcmcuY29kZWNvdmVyLm1ldHJpY3MuY292ZXJhZ2UuQ292ZXJhZ2VSZXN1bHQPE7sp&#10;At1+KwIAAkkADGNvdmVyZWRJdGVtc0kACnRvdGFsSXRlbXN4cAAAAAAAAAAA"/>
</MetaDataListEntry>
<MetaDataListEntry Name="LoopCoverage.getCoverage_HierarchyLevel58">
<MetaData Base64="rO0ABXNyAC1vcmcuY29kZWNvdmVyLm1ldHJpY3MuY292ZXJhZ2UuQ292ZXJhZ2VSZXN1bHQPE7sp&#10;At1+KwIAAkkADGNvdmVyZWRJdGVtc0kACnRvdGFsSXRlbXN4cAAAAAAAAAAA"/>
</MetaDataListEntry>
<MetaDataListEntry Name="SynchronizedCoverage.getCoverage_HierarchyLevel15">
<MetaData Base64="rO0ABXNyAC1vcmcuY29kZWNvdmVyLm1ldHJpY3MuY292ZXJhZ2UuQ292ZXJhZ2VSZXN1bHQPE7sp&#10;At1+KwIAAkkADGNvdmVyZWRJdGVtc0kACnRvdGFsSXRlbXN4cAAAAAAAAAAA"/>
</MetaDataListEntry>
<MetaDataListEntry Name="LoopCoverage.getCoverage_HierarchyLevel59">
<MetaData Base64="rO0ABXNyAC1vcmcuY29kZWNvdmVyLm1ldHJpY3MuY292ZXJhZ2UuQ292ZXJhZ2VSZXN1bHQPE7sp&#10;At1+KwIAAkkADGNvdmVyZWRJdGVtc0kACnRvdGFsSXRlbXN4cAAAAAAAAAAA"/>
</MetaDataListEntry>
<MetaDataListEntry Name="SynchronizedCoverage.getCoverage_HierarchyLevel14">
<MetaData Base64="rO0ABXNyAC1vcmcuY29kZWNvdmVyLm1ldHJpY3MuY292ZXJhZ2UuQ292ZXJhZ2VSZXN1bHQPE7sp&#10;At1+KwIAAkkADGNvdmVyZWRJdGVtc0kACnRvdGFsSXRlbXN4cAAAAAAAAAAA"/>
</MetaDataListEntry>
<MetaDataListEntry Name="SynchronizedCoverage.getCoverage_HierarchyLevel13">
<MetaData Base64="rO0ABXNyAC1vcmcuY29kZWNvdmVyLm1ldHJpY3MuY292ZXJhZ2UuQ292ZXJhZ2VSZXN1bHQPE7sp&#10;At1+KwIAAkkADGNvdmVyZWRJdGVtc0kACnRvdGFsSXRlbXN4cAAAAAAAAAAA"/>
</MetaDataListEntry>
<MetaDataListEntry Name="TermCoverage.getCoverage_HierarchyLevel21">
<MetaData Base64="rO0ABXNyAC1vcmcuY29kZWNvdmVyLm1ldHJpY3MuY292ZXJhZ2UuQ292ZXJhZ2VSZXN1bHQPE7sp&#10;At1+KwIAAkkADGNvdmVyZWRJdGVtc0kACnRvdGFsSXRlbXN4cAAAAC4AAAAu"/>
</MetaDataListEntry>
<MetaDataListEntry Name="TermCoverage.getCoverage_HierarchyLevel20">
<MetaData Base64="rO0ABXNyAC1vcmcuY29kZWNvdmVyLm1ldHJpY3MuY292ZXJhZ2UuQ292ZXJhZ2VSZXN1bHQPE7sp&#10;At1+KwIAAkkADGNvdmVyZWRJdGVtc0kACnRvdGFsSXRlbXN4cAAAABIAAAAS"/>
</MetaDataListEntry>
<MetaDataListEntry Name="TermCoverage.getCoverage_HierarchyLevel23">
<MetaData Base64="rO0ABXNyAC1vcmcuY29kZWNvdmVyLm1ldHJpY3MuY292ZXJhZ2UuQ292ZXJhZ2VSZXN1bHQPE7sp&#10;At1+KwIAAkkADGNvdmVyZWRJdGVtc0kACnRvdGFsSXRlbXN4cAAAAAAAAAAA"/>
</MetaDataListEntry>
<MetaDataListEntry Name="TermCoverage.getCoverage_HierarchyLevel22">
<MetaData Base64="rO0ABXNyAC1vcmcuY29kZWNvdmVyLm1ldHJpY3MuY292ZXJhZ2UuQ292ZXJhZ2VSZXN1bHQPE7sp&#10;At1+KwIAAkkADGNvdmVyZWRJdGVtc0kACnRvdGFsSXRlbXN4cAAAAAAAAAAA"/>
</MetaDataListEntry>
<MetaDataListEntry Name="TermCoverage.getCoverage_HierarchyLevel25">
<MetaData Base64="rO0ABXNyAC1vcmcuY29kZWNvdmVyLm1ldHJpY3MuY292ZXJhZ2UuQ292ZXJhZ2VSZXN1bHQPE7sp&#10;At1+KwIAAkkADGNvdmVyZWRJdGVtc0kACnRvdGFsSXRlbXN4cAAAAAAAAAAA"/>
</MetaDataListEntry>
<MetaDataListEntry Name="LoopCoverage.getCoverage_HierarchyLevel50">
<MetaData Base64="rO0ABXNyAC1vcmcuY29kZWNvdmVyLm1ldHJpY3MuY292ZXJhZ2UuQ292ZXJhZ2VSZXN1bHQPE7sp&#10;At1+KwIAAkkADGNvdmVyZWRJdGVtc0kACnRvdGFsSXRlbXN4cAAAAAAAAAAA"/>
</MetaDataListEntry>
<MetaDataListEntry Name="TermCoverage.getCoverage_HierarchyLevel24">
<MetaData Base64="rO0ABXNyAC1vcmcuY29kZWNvdmVyLm1ldHJpY3MuY292ZXJhZ2UuQ292ZXJhZ2VSZXN1bHQPE7sp&#10;At1+KwIAAkkADGNvdmVyZWRJdGVtc0kACnRvdGFsSXRlbXN4cAAAAAAAAAAA"/>
</MetaDataListEntry>
<MetaDataListEntry Name="LoopCoverage.getCoverage_HierarchyLevel51">
<MetaData Base64="rO0ABXNyAC1vcmcuY29kZWNvdmVyLm1ldHJpY3MuY292ZXJhZ2UuQ292ZXJhZ2VSZXN1bHQPE7sp&#10;At1+KwIAAkkADGNvdmVyZWRJdGVtc0kACnRvdGFsSXRlbXN4cAAAAAAAAAAA"/>
</MetaDataListEntry>
<MetaDataListEntry Name="TermCoverage.getCoverage_HierarchyLevel27">
<MetaData Base64="rO0ABXNyAC1vcmcuY29kZWNvdmVyLm1ldHJpY3MuY292ZXJhZ2UuQ292ZXJhZ2VSZXN1bHQPE7sp&#10;At1+KwIAAkkADGNvdmVyZWRJdGVtc0kACnRvdGFsSXRlbXN4cAAAAAAAAAAA"/>
</MetaDataListEntry>
<MetaDataListEntry Name="LoopCoverage.getCoverage_HierarchyLevel52">
<MetaData Base64="rO0ABXNyAC1vcmcuY29kZWNvdmVyLm1ldHJpY3MuY292ZXJhZ2UuQ292ZXJhZ2VSZXN1bHQPE7sp&#10;At1+KwIAAkkADGNvdmVyZWRJdGVtc0kACnRvdGFsSXRlbXN4cAAAAAAAAAAA"/>
</MetaDataListEntry>
<MetaDataListEntry Name="TermCoverage.getCoverage_HierarchyLevel26">
<MetaData Base64="rO0ABXNyAC1vcmcuY29kZWNvdmVyLm1ldHJpY3MuY292ZXJhZ2UuQ292ZXJhZ2VSZXN1bHQPE7sp&#10;At1+KwIAAkkADGNvdmVyZWRJdGVtc0kACnRvdGFsSXRlbXN4cAAAAAAAAAAA"/>
</MetaDataListEntry>
<MetaDataListEntry Name="QMOCoverage.getCoverage_HierarchyLevel40">
<MetaData Base64="rO0ABXNyAC1vcmcuY29kZWNvdmVyLm1ldHJpY3MuY292ZXJhZ2UuQ292ZXJhZ2VSZXN1bHQPE7sp&#10;At1+KwIAAkkADGNvdmVyZWRJdGVtc0kACnRvdGFsSXRlbXN4cAAAAAAAAAAA"/>
</MetaDataListEntry>
<MetaDataListEntry Name="QMOCoverage.getCoverage_HierarchyLevel21">
<MetaData Base64="rO0ABXNyAC1vcmcuY29kZWNvdmVyLm1ldHJpY3MuY292ZXJhZ2UuQ292ZXJhZ2VSZXN1bHQPE7sp&#10;At1+KwIAAkkADGNvdmVyZWRJdGVtc0kACnRvdGFsSXRlbXN4cAAAAAAAAAAA"/>
</MetaDataListEntry>
<MetaDataListEntry Name="QMOCoverage.getCoverage_HierarchyLevel22">
<MetaData Base64="rO0ABXNyAC1vcmcuY29kZWNvdmVyLm1ldHJpY3MuY292ZXJhZ2UuQ292ZXJhZ2VSZXN1bHQPE7sp&#10;At1+KwIAAkkADGNvdmVyZWRJdGVtc0kACnRvdGFsSXRlbXN4cAAAAAAAAAAA"/>
</MetaDataListEntry>
<MetaDataListEntry Name="TermCoverage.getCoverage_HierarchyLevel31">
<MetaData Base64="rO0ABXNyAC1vcmcuY29kZWNvdmVyLm1ldHJpY3MuY292ZXJhZ2UuQ292ZXJhZ2VSZXN1bHQPE7sp&#10;At1+KwIAAkkADGNvdmVyZWRJdGVtc0kACnRvdGFsSXRlbXN4cAAAAAAAAAAQ"/>
</MetaDataListEntry>
<MetaDataListEntry Name="SynchronizedCoverage.getCoverage_HierarchyLevel29">
<MetaData Base64="rO0ABXNyAC1vcmcuY29kZWNvdmVyLm1ldHJpY3MuY292ZXJhZ2UuQ292ZXJhZ2VSZXN1bHQPE7sp&#10;At1+KwIAAkkADGNvdmVyZWRJdGVtc0kACnRvdGFsSXRlbXN4cAAAAAAAAAAA"/>
</MetaDataListEntry>
<MetaDataListEntry Name="QMOCoverage.getCoverage_HierarchyLevel20">
<MetaData Base64="rO0ABXNyAC1vcmcuY29kZWNvdmVyLm1ldHJpY3MuY292ZXJhZ2UuQ292ZXJhZ2VSZXN1bHQPE7sp&#10;At1+KwIAAkkADGNvdmVyZWRJdGVtc0kACnRvdGFsSXRlbXN4cAAAAAAAAAAA"/>
</MetaDataListEntry>
<MetaDataListEntry Name="SynchronizedCoverage.getCoverage_HierarchyLevel28">
<MetaData Base64="rO0ABXNyAC1vcmcuY29kZWNvdmVyLm1ldHJpY3MuY292ZXJhZ2UuQ292ZXJhZ2VSZXN1bHQPE7sp&#10;At1+KwIAAkkADGNvdmVyZWRJdGVtc0kACnRvdGFsSXRlbXN4cAAAAAAAAAAA"/>
</MetaDataListEntry>
<MetaDataListEntry Name="QMOCoverage.getCoverage_HierarchyLevel25">
<MetaData Base64="rO0ABXNyAC1vcmcuY29kZWNvdmVyLm1ldHJpY3MuY292ZXJhZ2UuQ292ZXJhZ2VSZXN1bHQPE7sp&#10;At1+KwIAAkkADGNvdmVyZWRJdGVtc0kACnRvdGFsSXRlbXN4cAAAAAAAAAAA"/>
</MetaDataListEntry>
<MetaDataListEntry Name="QMOCoverage.getCoverage_HierarchyLevel26">
<MetaData Base64="rO0ABXNyAC1vcmcuY29kZWNvdmVyLm1ldHJpY3MuY292ZXJhZ2UuQ292ZXJhZ2VSZXN1bHQPE7sp&#10;At1+KwIAAkkADGNvdmVyZWRJdGVtc0kACnRvdGFsSXRlbXN4cAAAAAAAAAAA"/>
</MetaDataListEntry>
<MetaDataListEntry Name="QMOCoverage.getCoverage_HierarchyLevel23">
<MetaData Base64="rO0ABXNyAC1vcmcuY29kZWNvdmVyLm1ldHJpY3MuY292ZXJhZ2UuQ292ZXJhZ2VSZXN1bHQPE7sp&#10;At1+KwIAAkkADGNvdmVyZWRJdGVtc0kACnRvdGFsSXRlbXN4cAAAAAAAAAAA"/>
</MetaDataListEntry>
<MetaDataListEntry Name="LoopCoverage.getCoverage_HierarchyLevel48">
<MetaData Base64="rO0ABXNyAC1vcmcuY29kZWNvdmVyLm1ldHJpY3MuY292ZXJhZ2UuQ292ZXJhZ2VSZXN1bHQPE7sp&#10;At1+KwIAAkkADGNvdmVyZWRJdGVtc0kACnRvdGFsSXRlbXN4cAAAAAAAAAAJ"/>
</MetaDataListEntry>
<MetaDataListEntry Name="QMOCoverage.getCoverage_HierarchyLevel24">
<MetaData Base64="rO0ABXNyAC1vcmcuY29kZWNvdmVyLm1ldHJpY3MuY292ZXJhZ2UuQ292ZXJhZ2VSZXN1bHQPE7sp&#10;At1+KwIAAkkADGNvdmVyZWRJdGVtc0kACnRvdGFsSXRlbXN4cAAAAAAAAAAA"/>
</MetaDataListEntry>
<MetaDataListEntry Name="LoopCoverage.getCoverage_HierarchyLevel42">
<MetaData Base64="rO0ABXNyAC1vcmcuY29kZWNvdmVyLm1ldHJpY3MuY292ZXJhZ2UuQ292ZXJhZ2VSZXN1bHQPE7sp&#10;At1+KwIAAkkADGNvdmVyZWRJdGVtc0kACnRvdGFsSXRlbXN4cAAAAAAAAAAA"/>
</MetaDataListEntry>
<MetaDataListEntry Name="QMOCoverage.getCoverage_HierarchyLevel29">
<MetaData Base64="rO0ABXNyAC1vcmcuY29kZWNvdmVyLm1ldHJpY3MuY292ZXJhZ2UuQ292ZXJhZ2VSZXN1bHQPE7sp&#10;At1+KwIAAkkADGNvdmVyZWRJdGVtc0kACnRvdGFsSXRlbXN4cAAAAAAAAAAA"/>
</MetaDataListEntry>
<MetaDataListEntry Name="SynchronizedCoverage.getCoverage_HierarchyLevel23">
<MetaData Base64="rO0ABXNyAC1vcmcuY29kZWNvdmVyLm1ldHJpY3MuY292ZXJhZ2UuQ292ZXJhZ2VSZXN1bHQPE7sp&#10;At1+KwIAAkkADGNvdmVyZWRJdGVtc0kACnRvdGFsSXRlbXN4cAAAAAAAAAAA"/>
</MetaDataListEntry>
<MetaDataListEntry Name="LoopCoverage.getCoverage_HierarchyLevel43">
<MetaData Base64="rO0ABXNyAC1vcmcuY29kZWNvdmVyLm1ldHJpY3MuY292ZXJhZ2UuQ292ZXJhZ2VSZXN1bHQPE7sp&#10;At1+KwIAAkkADGNvdmVyZWRJdGVtc0kACnRvdGFsSXRlbXN4cAAAAAAAAAAA"/>
</MetaDataListEntry>
<MetaDataListEntry Name="SynchronizedCoverage.getCoverage_HierarchyLevel22">
<MetaData Base64="rO0ABXNyAC1vcmcuY29kZWNvdmVyLm1ldHJpY3MuY292ZXJhZ2UuQ292ZXJhZ2VSZXN1bHQPE7sp&#10;At1+KwIAAkkADGNvdmVyZWRJdGVtc0kACnRvdGFsSXRlbXN4cAAAAAAAAAAA"/>
</MetaDataListEntry>
<MetaDataListEntry Name="TermCoverage.getCoverage_HierarchyLevel39">
<MetaData Base64="rO0ABXNyAC1vcmcuY29kZWNvdmVyLm1ldHJpY3MuY292ZXJhZ2UuQ292ZXJhZ2VSZXN1bHQPE7sp&#10;At1+KwIAAkkADGNvdmVyZWRJdGVtc0kACnRvdGFsSXRlbXN4cAAAAAAAAAAA"/>
</MetaDataListEntry>
<MetaDataListEntry Name="LoopCoverage.getCoverage_HierarchyLevel44">
<MetaData Base64="rO0ABXNyAC1vcmcuY29kZWNvdmVyLm1ldHJpY3MuY292ZXJhZ2UuQ292ZXJhZ2VSZXN1bHQPE7sp&#10;At1+KwIAAkkADGNvdmVyZWRJdGVtc0kACnRvdGFsSXRlbXN4cAAAAAAAAAAA"/>
</MetaDataListEntry>
<MetaDataListEntry Name="QMOCoverage.getCoverage_HierarchyLevel27">
<MetaData Base64="rO0ABXNyAC1vcmcuY29kZWNvdmVyLm1ldHJpY3MuY292ZXJhZ2UuQ292ZXJhZ2VSZXN1bHQPE7sp&#10;At1+KwIAAkkADGNvdmVyZWRJdGVtc0kACnRvdGFsSXRlbXN4cAAAAAAAAAAA"/>
</MetaDataListEntry>
<MetaDataListEntry Name="SynchronizedCoverage.getCoverage_HierarchyLevel21">
<MetaData Base64="rO0ABXNyAC1vcmcuY29kZWNvdmVyLm1ldHJpY3MuY292ZXJhZ2UuQ292ZXJhZ2VSZXN1bHQPE7sp&#10;At1+KwIAAkkADGNvdmVyZWRJdGVtc0kACnRvdGFsSXRlbXN4cAAAAAAAAAAA"/>
</MetaDataListEntry>
<MetaDataListEntry Name="LoopCoverage.getCoverage_HierarchyLevel45">
<MetaData Base64="rO0ABXNyAC1vcmcuY29kZWNvdmVyLm1ldHJpY3MuY292ZXJhZ2UuQ292ZXJhZ2VSZXN1bHQPE7sp&#10;At1+KwIAAkkADGNvdmVyZWRJdGVtc0kACnRvdGFsSXRlbXN4cAAAAAAAAAAA"/>
</MetaDataListEntry>
<MetaDataListEntry Name="QMOCoverage.getCoverage_HierarchyLevel28">
<MetaData Base64="rO0ABXNyAC1vcmcuY29kZWNvdmVyLm1ldHJpY3MuY292ZXJhZ2UuQ292ZXJhZ2VSZXN1bHQPE7sp&#10;At1+KwIAAkkADGNvdmVyZWRJdGVtc0kACnRvdGFsSXRlbXN4cAAAAAAAAAAA"/>
</MetaDataListEntry>
<MetaDataListEntry Name="SynchronizedCoverage.getCoverage_HierarchyLevel20">
<MetaData Base64="rO0ABXNyAC1vcmcuY29kZWNvdmVyLm1ldHJpY3MuY292ZXJhZ2UuQ292ZXJhZ2VSZXN1bHQPE7sp&#10;At1+KwIAAkkADGNvdmVyZWRJdGVtc0kACnRvdGFsSXRlbXN4cAAAAAAAAAAA"/>
</MetaDataListEntry>
<MetaDataListEntry Name="SynchronizedCoverage.getCoverage_HierarchyLevel27">
<MetaData Base64="rO0ABXNyAC1vcmcuY29kZWNvdmVyLm1ldHJpY3MuY292ZXJhZ2UuQ292ZXJhZ2VSZXN1bHQPE7sp&#10;At1+KwIAAkkADGNvdmVyZWRJdGVtc0kACnRvdGFsSXRlbXN4cAAAAAAAAAAA"/>
</MetaDataListEntry>
<MetaDataListEntry Name="SynchronizedCoverage.getCoverage_HierarchyLevel26">
<MetaData Base64="rO0ABXNyAC1vcmcuY29kZWNvdmVyLm1ldHJpY3MuY292ZXJhZ2UuQ292ZXJhZ2VSZXN1bHQPE7sp&#10;At1+KwIAAkkADGNvdmVyZWRJdGVtc0kACnRvdGFsSXRlbXN4cAAAAAAAAAAA"/>
</MetaDataListEntry>
<MetaDataListEntry Name="LoopCoverage.getCoverage_HierarchyLevel47">
<MetaData Base64="rO0ABXNyAC1vcmcuY29kZWNvdmVyLm1ldHJpY3MuY292ZXJhZ2UuQ292ZXJhZ2VSZXN1bHQPE7sp&#10;At1+KwIAAkkADGNvdmVyZWRJdGVtc0kACnRvdGFsSXRlbXN4cAAAAAAAAAAD"/>
</MetaDataListEntry>
<MetaDataListEntry Name="SynchronizedCoverage.getCoverage_HierarchyLevel25">
<MetaData Base64="rO0ABXNyAC1vcmcuY29kZWNvdmVyLm1ldHJpY3MuY292ZXJhZ2UuQ292ZXJhZ2VSZXN1bHQPE7sp&#10;At1+KwIAAkkADGNvdmVyZWRJdGVtc0kACnRvdGFsSXRlbXN4cAAAAAAAAAAA"/>
</MetaDataListEntry>
<MetaDataListEntry Name="LoopCoverage.getCoverage_HierarchyLevel46">
<MetaData Base64="rO0ABXNyAC1vcmcuY29kZWNvdmVyLm1ldHJpY3MuY292ZXJhZ2UuQ292ZXJhZ2VSZXN1bHQPE7sp&#10;At1+KwIAAkkADGNvdmVyZWRJdGVtc0kACnRvdGFsSXRlbXN4cAAAAAAAAAAD"/>
</MetaDataListEntry>
<MetaDataListEntry Name="LoopCoverage.getCoverage_HierarchyLevel49">
<MetaData Base64="rO0ABXNyAC1vcmcuY29kZWNvdmVyLm1ldHJpY3MuY292ZXJhZ2UuQ292ZXJhZ2VSZXN1bHQPE7sp&#10;At1+KwIAAkkADGNvdmVyZWRJdGVtc0kACnRvdGFsSXRlbXN4cAAAAAAAAAAA"/>
</MetaDataListEntry>
<MetaDataListEntry Name="SynchronizedCoverage.getCoverage_HierarchyLevel24">
<MetaData Base64="rO0ABXNyAC1vcmcuY29kZWNvdmVyLm1ldHJpY3MuY292ZXJhZ2UuQ292ZXJhZ2VSZXN1bHQPE7sp&#10;At1+KwIAAkkADGNvdmVyZWRJdGVtc0kACnRvdGFsSXRlbXN4cAAAAAAAAAAA"/>
</MetaDataListEntry>
<MetaDataListEntry Name="TermCoverage.getCoverage_HierarchyLevel32">
<MetaData Base64="rO0ABXNyAC1vcmcuY29kZWNvdmVyLm1ldHJpY3MuY292ZXJhZ2UuQ292ZXJhZ2VSZXN1bHQPE7sp&#10;At1+KwIAAkkADGNvdmVyZWRJdGVtc0kACnRvdGFsSXRlbXN4cAAAAAAAAAAA"/>
</MetaDataListEntry>
<MetaDataListEntry Name="TermCoverage.getCoverage_HierarchyLevel34">
<MetaData Base64="rO0ABXNyAC1vcmcuY29kZWNvdmVyLm1ldHJpY3MuY292ZXJhZ2UuQ292ZXJhZ2VSZXN1bHQPE7sp&#10;At1+KwIAAkkADGNvdmVyZWRJdGVtc0kACnRvdGFsSXRlbXN4cAAAAAAAAAAA"/>
</MetaDataListEntry>
<MetaDataListEntry Name="TermCoverage.getCoverage_HierarchyLevel33">
<MetaData Base64="rO0ABXNyAC1vcmcuY29kZWNvdmVyLm1ldHJpY3MuY292ZXJhZ2UuQ292ZXJhZ2VSZXN1bHQPE7sp&#10;At1+KwIAAkkADGNvdmVyZWRJdGVtc0kACnRvdGFsSXRlbXN4cAAAAAAAAAAA"/>
</MetaDataListEntry>
<MetaDataListEntry Name="SynchronizedCoverage.getCoverage_HierarchyLevel30">
<MetaData Base64="rO0ABXNyAC1vcmcuY29kZWNvdmVyLm1ldHJpY3MuY292ZXJhZ2UuQ292ZXJhZ2VSZXN1bHQPE7sp&#10;At1+KwIAAkkADGNvdmVyZWRJdGVtc0kACnRvdGFsSXRlbXN4cAAAAAAAAAAA"/>
</MetaDataListEntry>
<MetaDataListEntry Name="LoopCoverage.getCoverage_HierarchyLevel40">
<MetaData Base64="rO0ABXNyAC1vcmcuY29kZWNvdmVyLm1ldHJpY3MuY292ZXJhZ2UuQ292ZXJhZ2VSZXN1bHQPE7sp&#10;At1+KwIAAkkADGNvdmVyZWRJdGVtc0kACnRvdGFsSXRlbXN4cAAAAAAAAAAA"/>
</MetaDataListEntry>
<MetaDataListEntry Name="TermCoverage.getCoverage_HierarchyLevel36">
<MetaData Base64="rO0ABXNyAC1vcmcuY29kZWNvdmVyLm1ldHJpY3MuY292ZXJhZ2UuQ292ZXJhZ2VSZXN1bHQPE7sp&#10;At1+KwIAAkkADGNvdmVyZWRJdGVtc0kACnRvdGFsSXRlbXN4cAAAAAAAAAAC"/>
</MetaDataListEntry>
<MetaDataListEntry Name="TermCoverage.getCoverage_HierarchyLevel38">
<MetaData Base64="rO0ABXNyAC1vcmcuY29kZWNvdmVyLm1ldHJpY3MuY292ZXJhZ2UuQ292ZXJhZ2VSZXN1bHQPE7sp&#10;At1+KwIAAkkADGNvdmVyZWRJdGVtc0kACnRvdGFsSXRlbXN4cAAAAAAAAAAA"/>
</MetaDataListEntry>
<MetaDataListEntry Name="LoopCoverage.getCoverage_HierarchyLevel41">
<MetaData Base64="rO0ABXNyAC1vcmcuY29kZWNvdmVyLm1ldHJpY3MuY292ZXJhZ2UuQ292ZXJhZ2VSZXN1bHQPE7sp&#10;At1+KwIAAkkADGNvdmVyZWRJdGVtc0kACnRvdGFsSXRlbXN4cAAAAAAAAAAA"/>
</MetaDataListEntry>
<MetaDataListEntry Name="TermCoverage.getCoverage_HierarchyLevel35">
<MetaData Base64="rO0ABXNyAC1vcmcuY29kZWNvdmVyLm1ldHJpY3MuY292ZXJhZ2UuQ292ZXJhZ2VSZXN1bHQPE7sp&#10;At1+KwIAAkkADGNvdmVyZWRJdGVtc0kACnRvdGFsSXRlbXN4cAAAAAAAAAAC"/>
</MetaDataListEntry>
<MetaDataListEntry Name="TermCoverage.getCoverage_HierarchyLevel37">
<MetaData Base64="rO0ABXNyAC1vcmcuY29kZWNvdmVyLm1ldHJpY3MuY292ZXJhZ2UuQ292ZXJhZ2VSZXN1bHQPE7sp&#10;At1+KwIAAkkADGNvdmVyZWRJdGVtc0kACnRvdGFsSXRlbXN4cAAAAAAAAAAA"/>
</MetaDataListEntry>
<MetaDataListEntry Name="TermCoverage.getCoverage_HierarchyLevel30">
<MetaData Base64="rO0ABXNyAC1vcmcuY29kZWNvdmVyLm1ldHJpY3MuY292ZXJhZ2UuQ292ZXJhZ2VSZXN1bHQPE7sp&#10;At1+KwIAAkkADGNvdmVyZWRJdGVtc0kACnRvdGFsSXRlbXN4cAAAAAAAAAAE"/>
</MetaDataListEntry>
<MetaDataListEntry Name="LoopCoverage.getCoverage_HierarchyLevel39">
<MetaData Base64="rO0ABXNyAC1vcmcuY29kZWNvdmVyLm1ldHJpY3MuY292ZXJhZ2UuQ292ZXJhZ2VSZXN1bHQPE7sp&#10;At1+KwIAAkkADGNvdmVyZWRJdGVtc0kACnRvdGFsSXRlbXN4cAAAAAAAAAAA"/>
</MetaDataListEntry>
<MetaDataListEntry Name="QMOCoverage.getCoverage_HierarchyLevel54">
<MetaData Base64="rO0ABXNyAC1vcmcuY29kZWNvdmVyLm1ldHJpY3MuY292ZXJhZ2UuQ292ZXJhZ2VSZXN1bHQPE7sp&#10;At1+KwIAAkkADGNvdmVyZWRJdGVtc0kACnRvdGFsSXRlbXN4cAAAAAAAAAAA"/>
</MetaDataListEntry>
<MetaDataListEntry Name="QMOCoverage.getCoverage_HierarchyLevel55">
<MetaData Base64="rO0ABXNyAC1vcmcuY29kZWNvdmVyLm1ldHJpY3MuY292ZXJhZ2UuQ292ZXJhZ2VSZXN1bHQPE7sp&#10;At1+KwIAAkkADGNvdmVyZWRJdGVtc0kACnRvdGFsSXRlbXN4cAAAAAAAAAAA"/>
</MetaDataListEntry>
<MetaDataListEntry Name="QMOCoverage.getCoverage_HierarchyLevel52">
<MetaData Base64="rO0ABXNyAC1vcmcuY29kZWNvdmVyLm1ldHJpY3MuY292ZXJhZ2UuQ292ZXJhZ2VSZXN1bHQPE7sp&#10;At1+KwIAAkkADGNvdmVyZWRJdGVtc0kACnRvdGFsSXRlbXN4cAAAAAAAAAAA"/>
</MetaDataListEntry>
<MetaDataListEntry Name="QMOCoverage.getCoverage_HierarchyLevel53">
<MetaData Base64="rO0ABXNyAC1vcmcuY29kZWNvdmVyLm1ldHJpY3MuY292ZXJhZ2UuQ292ZXJhZ2VSZXN1bHQPE7sp&#10;At1+KwIAAkkADGNvdmVyZWRJdGVtc0kACnRvdGFsSXRlbXN4cAAAAAAAAAAA"/>
</MetaDataListEntry>
<MetaDataListEntry Name="SynchronizedCoverage.getCoverage_HierarchyLevel39">
<MetaData Base64="rO0ABXNyAC1vcmcuY29kZWNvdmVyLm1ldHJpY3MuY292ZXJhZ2UuQ292ZXJhZ2VSZXN1bHQPE7sp&#10;At1+KwIAAkkADGNvdmVyZWRJdGVtc0kACnRvdGFsSXRlbXN4cAAAAAAAAAAA"/>
</MetaDataListEntry>
<MetaDataListEntry Name="QMOCoverage.getCoverage_HierarchyLevel58">
<MetaData Base64="rO0ABXNyAC1vcmcuY29kZWNvdmVyLm1ldHJpY3MuY292ZXJhZ2UuQ292ZXJhZ2VSZXN1bHQPE7sp&#10;At1+KwIAAkkADGNvdmVyZWRJdGVtc0kACnRvdGFsSXRlbXN4cAAAAAAAAAAA"/>
</MetaDataListEntry>
<MetaDataListEntry Name="QMOCoverage.getCoverage_HierarchyLevel59">
<MetaData Base64="rO0ABXNyAC1vcmcuY29kZWNvdmVyLm1ldHJpY3MuY292ZXJhZ2UuQ292ZXJhZ2VSZXN1bHQPE7sp&#10;At1+KwIAAkkADGNvdmVyZWRJdGVtc0kACnRvdGFsSXRlbXN4cAAAAAAAAAAA"/>
</MetaDataListEntry>
<MetaDataListEntry Name="QMOCoverage.getCoverage_HierarchyLevel56">
<MetaData Base64="rO0ABXNyAC1vcmcuY29kZWNvdmVyLm1ldHJpY3MuY292ZXJhZ2UuQ292ZXJhZ2VSZXN1bHQPE7sp&#10;At1+KwIAAkkADGNvdmVyZWRJdGVtc0kACnRvdGFsSXRlbXN4cAAAAAAAAAAA"/>
</MetaDataListEntry>
<MetaDataListEntry Name="QMOCoverage.getCoverage_HierarchyLevel57">
<MetaData Base64="rO0ABXNyAC1vcmcuY29kZWNvdmVyLm1ldHJpY3MuY292ZXJhZ2UuQ292ZXJhZ2VSZXN1bHQPE7sp&#10;At1+KwIAAkkADGNvdmVyZWRJdGVtc0kACnRvdGFsSXRlbXN4cAAAAAAAAAAA"/>
</MetaDataListEntry>
<MetaDataListEntry Name="LoopCoverage.getCoverage_HierarchyLevel31">
<MetaData Base64="rO0ABXNyAC1vcmcuY29kZWNvdmVyLm1ldHJpY3MuY292ZXJhZ2UuQ292ZXJhZ2VSZXN1bHQPE7sp&#10;At1+KwIAAkkADGNvdmVyZWRJdGVtc0kACnRvdGFsSXRlbXN4cAAAAAAAAAAA"/>
</MetaDataListEntry>
<MetaDataListEntry Name="SynchronizedCoverage.getCoverage_HierarchyLevel34">
<MetaData Base64="rO0ABXNyAC1vcmcuY29kZWNvdmVyLm1ldHJpY3MuY292ZXJhZ2UuQ292ZXJhZ2VSZXN1bHQPE7sp&#10;At1+KwIAAkkADGNvdmVyZWRJdGVtc0kACnRvdGFsSXRlbXN4cAAAAAAAAAAA"/>
</MetaDataListEntry>
<MetaDataListEntry Name="LoopCoverage.getCoverage_HierarchyLevel32">
<MetaData Base64="rO0ABXNyAC1vcmcuY29kZWNvdmVyLm1ldHJpY3MuY292ZXJhZ2UuQ292ZXJhZ2VSZXN1bHQPE7sp&#10;At1+KwIAAkkADGNvdmVyZWRJdGVtc0kACnRvdGFsSXRlbXN4cAAAAAAAAAAA"/>
</MetaDataListEntry>
<MetaDataListEntry Name="SynchronizedCoverage.getCoverage_HierarchyLevel33">
<MetaData Base64="rO0ABXNyAC1vcmcuY29kZWNvdmVyLm1ldHJpY3MuY292ZXJhZ2UuQ292ZXJhZ2VSZXN1bHQPE7sp&#10;At1+KwIAAkkADGNvdmVyZWRJdGVtc0kACnRvdGFsSXRlbXN4cAAAAAAAAAAA"/>
</MetaDataListEntry>
<MetaDataListEntry Name="LoopCoverage.getCoverage_HierarchyLevel33">
<MetaData Base64="rO0ABXNyAC1vcmcuY29kZWNvdmVyLm1ldHJpY3MuY292ZXJhZ2UuQ292ZXJhZ2VSZXN1bHQPE7sp&#10;At1+KwIAAkkADGNvdmVyZWRJdGVtc0kACnRvdGFsSXRlbXN4cAAAAAAAAAAA"/>
</MetaDataListEntry>
<MetaDataListEntry Name="SynchronizedCoverage.getCoverage_HierarchyLevel32">
<MetaData Base64="rO0ABXNyAC1vcmcuY29kZWNvdmVyLm1ldHJpY3MuY292ZXJhZ2UuQ292ZXJhZ2VSZXN1bHQPE7sp&#10;At1+KwIAAkkADGNvdmVyZWRJdGVtc0kACnRvdGFsSXRlbXN4cAAAAAAAAAAA"/>
</MetaDataListEntry>
<MetaDataListEntry Name="LoopCoverage.getCoverage_HierarchyLevel34">
<MetaData Base64="rO0ABXNyAC1vcmcuY29kZWNvdmVyLm1ldHJpY3MuY292ZXJhZ2UuQ292ZXJhZ2VSZXN1bHQPE7sp&#10;At1+KwIAAkkADGNvdmVyZWRJdGVtc0kACnRvdGFsSXRlbXN4cAAAAAAAAAAA"/>
</MetaDataListEntry>
<MetaDataListEntry Name="SynchronizedCoverage.getCoverage_HierarchyLevel31">
<MetaData Base64="rO0ABXNyAC1vcmcuY29kZWNvdmVyLm1ldHJpY3MuY292ZXJhZ2UuQ292ZXJhZ2VSZXN1bHQPE7sp&#10;At1+KwIAAkkADGNvdmVyZWRJdGVtc0kACnRvdGFsSXRlbXN4cAAAAAAAAAAA"/>
</MetaDataListEntry>
<MetaDataListEntry Name="LoopCoverage.getCoverage_HierarchyLevel35">
<MetaData Base64="rO0ABXNyAC1vcmcuY29kZWNvdmVyLm1ldHJpY3MuY292ZXJhZ2UuQ292ZXJhZ2VSZXN1bHQPE7sp&#10;At1+KwIAAkkADGNvdmVyZWRJdGVtc0kACnRvdGFsSXRlbXN4cAAAAAAAAAAA"/>
</MetaDataListEntry>
<MetaDataListEntry Name="SynchronizedCoverage.getCoverage_HierarchyLevel38">
<MetaData Base64="rO0ABXNyAC1vcmcuY29kZWNvdmVyLm1ldHJpY3MuY292ZXJhZ2UuQ292ZXJhZ2VSZXN1bHQPE7sp&#10;At1+KwIAAkkADGNvdmVyZWRJdGVtc0kACnRvdGFsSXRlbXN4cAAAAAAAAAAA"/>
</MetaDataListEntry>
<MetaDataListEntry Name="LoopCoverage.getCoverage_HierarchyLevel36">
<MetaData Base64="rO0ABXNyAC1vcmcuY29kZWNvdmVyLm1ldHJpY3MuY292ZXJhZ2UuQ292ZXJhZ2VSZXN1bHQPE7sp&#10;At1+KwIAAkkADGNvdmVyZWRJdGVtc0kACnRvdGFsSXRlbXN4cAAAAAAAAAAA"/>
</MetaDataListEntry>
<MetaDataListEntry Name="SynchronizedCoverage.getCoverage_HierarchyLevel37">
<MetaData Base64="rO0ABXNyAC1vcmcuY29kZWNvdmVyLm1ldHJpY3MuY292ZXJhZ2UuQ292ZXJhZ2VSZXN1bHQPE7sp&#10;At1+KwIAAkkADGNvdmVyZWRJdGVtc0kACnRvdGFsSXRlbXN4cAAAAAAAAAAA"/>
</MetaDataListEntry>
<MetaDataListEntry Name="LoopCoverage.getCoverage_HierarchyLevel37">
<MetaData Base64="rO0ABXNyAC1vcmcuY29kZWNvdmVyLm1ldHJpY3MuY292ZXJhZ2UuQ292ZXJhZ2VSZXN1bHQPE7sp&#10;At1+KwIAAkkADGNvdmVyZWRJdGVtc0kACnRvdGFsSXRlbXN4cAAAAAAAAAAA"/>
</MetaDataListEntry>
<MetaDataListEntry Name="SynchronizedCoverage.getCoverage_HierarchyLevel36">
<MetaData Base64="rO0ABXNyAC1vcmcuY29kZWNvdmVyLm1ldHJpY3MuY292ZXJhZ2UuQ292ZXJhZ2VSZXN1bHQPE7sp&#10;At1+KwIAAkkADGNvdmVyZWRJdGVtc0kACnRvdGFsSXRlbXN4cAAAAAAAAAAA"/>
</MetaDataListEntry>
<MetaDataListEntry Name="LoopCoverage.getCoverage_HierarchyLevel38">
<MetaData Base64="rO0ABXNyAC1vcmcuY29kZWNvdmVyLm1ldHJpY3MuY292ZXJhZ2UuQ292ZXJhZ2VSZXN1bHQPE7sp&#10;At1+KwIAAkkADGNvdmVyZWRJdGVtc0kACnRvdGFsSXRlbXN4cAAAAAAAAAAA"/>
</MetaDataListEntry>
<MetaDataListEntry Name="SynchronizedCoverage.getCoverage_HierarchyLevel35">
<MetaData Base64="rO0ABXNyAC1vcmcuY29kZWNvdmVyLm1ldHJpY3MuY292ZXJhZ2UuQ292ZXJhZ2VSZXN1bHQPE7sp&#10;At1+KwIAAkkADGNvdmVyZWRJdGVtc0kACnRvdGFsSXRlbXN4cAAAAAAAAAAA"/>
</MetaDataListEntry>
<MetaDataListEntry Name="LoopCoverage.getCoverage_HierarchyLevel30">
<MetaData Base64="rO0ABXNyAC1vcmcuY29kZWNvdmVyLm1ldHJpY3MuY292ZXJhZ2UuQ292ZXJhZ2VSZXN1bHQPE7sp&#10;At1+KwIAAkkADGNvdmVyZWRJdGVtc0kACnRvdGFsSXRlbXN4cAAAAAAAAAAG"/>
</MetaDataListEntry>
<MetaDataListEntry Name="SynchronizedCoverage.getCoverage_HierarchyLevel41">
<MetaData Base64="rO0ABXNyAC1vcmcuY29kZWNvdmVyLm1ldHJpY3MuY292ZXJhZ2UuQ292ZXJhZ2VSZXN1bHQPE7sp&#10;At1+KwIAAkkADGNvdmVyZWRJdGVtc0kACnRvdGFsSXRlbXN4cAAAAAAAAAAA"/>
</MetaDataListEntry>
<MetaDataListEntry Name="SynchronizedCoverage.getCoverage_HierarchyLevel40">
<MetaData Base64="rO0ABXNyAC1vcmcuY29kZWNvdmVyLm1ldHJpY3MuY292ZXJhZ2UuQ292ZXJhZ2VSZXN1bHQPE7sp&#10;At1+KwIAAkkADGNvdmVyZWRJdGVtc0kACnRvdGFsSXRlbXN4cAAAAAAAAAAA"/>
</MetaDataListEntry>
<MetaDataListEntry Name="QMOCoverage.getCoverage_HierarchyLevel61">
<MetaData Base64="rO0ABXNyAC1vcmcuY29kZWNvdmVyLm1ldHJpY3MuY292ZXJhZ2UuQ292ZXJhZ2VSZXN1bHQPE7sp&#10;At1+KwIAAkkADGNvdmVyZWRJdGVtc0kACnRvdGFsSXRlbXN4cAAAAAAAAAAA"/>
</MetaDataListEntry>
<MetaDataListEntry Name="QMOCoverage.getCoverage_HierarchyLevel62">
<MetaData Base64="rO0ABXNyAC1vcmcuY29kZWNvdmVyLm1ldHJpY3MuY292ZXJhZ2UuQ292ZXJhZ2VSZXN1bHQPE7sp&#10;At1+KwIAAkkADGNvdmVyZWRJdGVtc0kACnRvdGFsSXRlbXN4cAAAAAAAAAAA"/>
</MetaDataListEntry>
<MetaDataListEntry Name="QMOCoverage.getCoverage_HierarchyLevel60">
<MetaData Base64="rO0ABXNyAC1vcmcuY29kZWNvdmVyLm1ldHJpY3MuY292ZXJhZ2UuQ292ZXJhZ2VSZXN1bHQPE7sp&#10;At1+KwIAAkkADGNvdmVyZWRJdGVtc0kACnRvdGFsSXRlbXN4cAAAAAAAAAAA"/>
</MetaDataListEntry>
<MetaDataListEntry Name="LoopCoverage.getCoverage_HierarchyLevel28">
<MetaData Base64="rO0ABXNyAC1vcmcuY29kZWNvdmVyLm1ldHJpY3MuY292ZXJhZ2UuQ292ZXJhZ2VSZXN1bHQPE7sp&#10;At1+KwIAAkkADGNvdmVyZWRJdGVtc0kACnRvdGFsSXRlbXN4cAAAAAAAAAAA"/>
</MetaDataListEntry>
<MetaDataListEntry Name="QMOCoverage.getCoverage_HierarchyLevel43">
<MetaData Base64="rO0ABXNyAC1vcmcuY29kZWNvdmVyLm1ldHJpY3MuY292ZXJhZ2UuQ292ZXJhZ2VSZXN1bHQPE7sp&#10;At1+KwIAAkkADGNvdmVyZWRJdGVtc0kACnRvdGFsSXRlbXN4cAAAAAAAAAAA"/>
</MetaDataListEntry>
<MetaDataListEntry Name="LoopCoverage.getCoverage_HierarchyLevel29">
<MetaData Base64="rO0ABXNyAC1vcmcuY29kZWNvdmVyLm1ldHJpY3MuY292ZXJhZ2UuQ292ZXJhZ2VSZXN1bHQPE7sp&#10;At1+KwIAAkkADGNvdmVyZWRJdGVtc0kACnRvdGFsSXRlbXN4cAAAAAAAAAAA"/>
</MetaDataListEntry>
<MetaDataListEntry Name="QMOCoverage.getCoverage_HierarchyLevel44">
<MetaData Base64="rO0ABXNyAC1vcmcuY29kZWNvdmVyLm1ldHJpY3MuY292ZXJhZ2UuQ292ZXJhZ2VSZXN1bHQPE7sp&#10;At1+KwIAAkkADGNvdmVyZWRJdGVtc0kACnRvdGFsSXRlbXN4cAAAAAAAAAAA"/>
</MetaDataListEntry>
<MetaDataListEntry Name="QMOCoverage.getCoverage_HierarchyLevel41">
<MetaData Base64="rO0ABXNyAC1vcmcuY29kZWNvdmVyLm1ldHJpY3MuY292ZXJhZ2UuQ292ZXJhZ2VSZXN1bHQPE7sp&#10;At1+KwIAAkkADGNvdmVyZWRJdGVtc0kACnRvdGFsSXRlbXN4cAAAAAAAAAAA"/>
</MetaDataListEntry>
<MetaDataListEntry Name="QMOCoverage.getCoverage_HierarchyLevel42">
<MetaData Base64="rO0ABXNyAC1vcmcuY29kZWNvdmVyLm1ldHJpY3MuY292ZXJhZ2UuQ292ZXJhZ2VSZXN1bHQPE7sp&#10;At1+KwIAAkkADGNvdmVyZWRJdGVtc0kACnRvdGFsSXRlbXN4cAAAAAAAAAAA"/>
</MetaDataListEntry>
<MetaDataListEntry Name="QMOCoverage.getCoverage_HierarchyLevel47">
<MetaData Base64="rO0ABXNyAC1vcmcuY29kZWNvdmVyLm1ldHJpY3MuY292ZXJhZ2UuQ292ZXJhZ2VSZXN1bHQPE7sp&#10;At1+KwIAAkkADGNvdmVyZWRJdGVtc0kACnRvdGFsSXRlbXN4cAAAAAAAAAAA"/>
</MetaDataListEntry>
<MetaDataListEntry Name="QMOCoverage.getCoverage_HierarchyLevel48">
<MetaData Base64="rO0ABXNyAC1vcmcuY29kZWNvdmVyLm1ldHJpY3MuY292ZXJhZ2UuQ292ZXJhZ2VSZXN1bHQPE7sp&#10;At1+KwIAAkkADGNvdmVyZWRJdGVtc0kACnRvdGFsSXRlbXN4cAAAAAAAAAAA"/>
</MetaDataListEntry>
<MetaDataListEntry Name="QMOCoverage.getCoverage_HierarchyLevel45">
<MetaData Base64="rO0ABXNyAC1vcmcuY29kZWNvdmVyLm1ldHJpY3MuY292ZXJhZ2UuQ292ZXJhZ2VSZXN1bHQPE7sp&#10;At1+KwIAAkkADGNvdmVyZWRJdGVtc0kACnRvdGFsSXRlbXN4cAAAAAAAAAAA"/>
</MetaDataListEntry>
<MetaDataListEntry Name="QMOCoverage.getCoverage_HierarchyLevel46">
<MetaData Base64="rO0ABXNyAC1vcmcuY29kZWNvdmVyLm1ldHJpY3MuY292ZXJhZ2UuQ292ZXJhZ2VSZXN1bHQPE7sp&#10;At1+KwIAAkkADGNvdmVyZWRJdGVtc0kACnRvdGFsSXRlbXN4cAAAAAAAAAAA"/>
</MetaDataListEntry>
<MetaDataListEntry Name="LoopCoverage.getCoverage_HierarchyLevel20">
<MetaData Base64="rO0ABXNyAC1vcmcuY29kZWNvdmVyLm1ldHJpY3MuY292ZXJhZ2UuQ292ZXJhZ2VSZXN1bHQPE7sp&#10;At1+KwIAAkkADGNvdmVyZWRJdGVtc0kACnRvdGFsSXRlbXN4cAAAAAAAAAAA"/>
</MetaDataListEntry>
<MetaDataListEntry Name="SynchronizedCoverage.getCoverage_HierarchyLevel45">
<MetaData Base64="rO0ABXNyAC1vcmcuY29kZWNvdmVyLm1ldHJpY3MuY292ZXJhZ2UuQ292ZXJhZ2VSZXN1bHQPE7sp&#10;At1+KwIAAkkADGNvdmVyZWRJdGVtc0kACnRvdGFsSXRlbXN4cAAAAAAAAAAA"/>
</MetaDataListEntry>
<MetaDataListEntry Name="TermCoverage.getCoverage_HierarchyLevel18">
<MetaData Base64="rO0ABXNyAC1vcmcuY29kZWNvdmVyLm1ldHJpY3MuY292ZXJhZ2UuQ292ZXJhZ2VSZXN1bHQPE7sp&#10;At1+KwIAAkkADGNvdmVyZWRJdGVtc0kACnRvdGFsSXRlbXN4cAAAAAAAAAAA"/>
</MetaDataListEntry>
<MetaDataListEntry Name="LoopCoverage.getCoverage_HierarchyLevel21">
<MetaData Base64="rO0ABXNyAC1vcmcuY29kZWNvdmVyLm1ldHJpY3MuY292ZXJhZ2UuQ292ZXJhZ2VSZXN1bHQPE7sp&#10;At1+KwIAAkkADGNvdmVyZWRJdGVtc0kACnRvdGFsSXRlbXN4cAAAAAAAAAAA"/>
</MetaDataListEntry>
<MetaDataListEntry Name="SynchronizedCoverage.getCoverage_HierarchyLevel44">
<MetaData Base64="rO0ABXNyAC1vcmcuY29kZWNvdmVyLm1ldHJpY3MuY292ZXJhZ2UuQ292ZXJhZ2VSZXN1bHQPE7sp&#10;At1+KwIAAkkADGNvdmVyZWRJdGVtc0kACnRvdGFsSXRlbXN4cAAAAAAAAAAA"/>
</MetaDataListEntry>
<MetaDataListEntry Name="TermCoverage.getCoverage_HierarchyLevel17">
<MetaData Base64="rO0ABXNyAC1vcmcuY29kZWNvdmVyLm1ldHJpY3MuY292ZXJhZ2UuQ292ZXJhZ2VSZXN1bHQPE7sp&#10;At1+KwIAAkkADGNvdmVyZWRJdGVtc0kACnRvdGFsSXRlbXN4cAAAABAAAAAQ"/>
</MetaDataListEntry>
<MetaDataListEntry Name="LoopCoverage.getCoverage_HierarchyLevel22">
<MetaData Base64="rO0ABXNyAC1vcmcuY29kZWNvdmVyLm1ldHJpY3MuY292ZXJhZ2UuQ292ZXJhZ2VSZXN1bHQPE7sp&#10;At1+KwIAAkkADGNvdmVyZWRJdGVtc0kACnRvdGFsSXRlbXN4cAAAAAAAAAAA"/>
</MetaDataListEntry>
<MetaDataListEntry Name="QMOCoverage.getCoverage_HierarchyLevel49">
<MetaData Base64="rO0ABXNyAC1vcmcuY29kZWNvdmVyLm1ldHJpY3MuY292ZXJhZ2UuQ292ZXJhZ2VSZXN1bHQPE7sp&#10;At1+KwIAAkkADGNvdmVyZWRJdGVtc0kACnRvdGFsSXRlbXN4cAAAAAAAAAAA"/>
</MetaDataListEntry>
<MetaDataListEntry Name="SynchronizedCoverage.getCoverage_HierarchyLevel43">
<MetaData Base64="rO0ABXNyAC1vcmcuY29kZWNvdmVyLm1ldHJpY3MuY292ZXJhZ2UuQ292ZXJhZ2VSZXN1bHQPE7sp&#10;At1+KwIAAkkADGNvdmVyZWRJdGVtc0kACnRvdGFsSXRlbXN4cAAAAAAAAAAA"/>
</MetaDataListEntry>
<MetaDataListEntry Name="LoopCoverage.getCoverage_HierarchyLevel23">
<MetaData Base64="rO0ABXNyAC1vcmcuY29kZWNvdmVyLm1ldHJpY3MuY292ZXJhZ2UuQ292ZXJhZ2VSZXN1bHQPE7sp&#10;At1+KwIAAkkADGNvdmVyZWRJdGVtc0kACnRvdGFsSXRlbXN4cAAAAAAAAAAA"/>
</MetaDataListEntry>
<MetaDataListEntry Name="SynchronizedCoverage.getCoverage_HierarchyLevel42">
<MetaData Base64="rO0ABXNyAC1vcmcuY29kZWNvdmVyLm1ldHJpY3MuY292ZXJhZ2UuQ292ZXJhZ2VSZXN1bHQPE7sp&#10;At1+KwIAAkkADGNvdmVyZWRJdGVtc0kACnRvdGFsSXRlbXN4cAAAAAAAAAAA"/>
</MetaDataListEntry>
<MetaDataListEntry Name="TermCoverage.getCoverage_HierarchyLevel19">
<MetaData Base64="rO0ABXNyAC1vcmcuY29kZWNvdmVyLm1ldHJpY3MuY292ZXJhZ2UuQ292ZXJhZ2VSZXN1bHQPE7sp&#10;At1+KwIAAkkADGNvdmVyZWRJdGVtc0kACnRvdGFsSXRlbXN4cAAAAAoAAAAK"/>
</MetaDataListEntry>
<MetaDataListEntry Name="LoopCoverage.getCoverage_HierarchyLevel24">
<MetaData Base64="rO0ABXNyAC1vcmcuY29kZWNvdmVyLm1ldHJpY3MuY292ZXJhZ2UuQ292ZXJhZ2VSZXN1bHQPE7sp&#10;At1+KwIAAkkADGNvdmVyZWRJdGVtc0kACnRvdGFsSXRlbXN4cAAAAAAAAAAA"/>
</MetaDataListEntry>
<MetaDataListEntry Name="SynchronizedCoverage.getCoverage_HierarchyLevel49">
<MetaData Base64="rO0ABXNyAC1vcmcuY29kZWNvdmVyLm1ldHJpY3MuY292ZXJhZ2UuQ292ZXJhZ2VSZXN1bHQPE7sp&#10;At1+KwIAAkkADGNvdmVyZWRJdGVtc0kACnRvdGFsSXRlbXN4cAAAAAAAAAAA"/>
</MetaDataListEntry>
<MetaDataListEntry Name="LoopCoverage.getCoverage_HierarchyLevel25">
<MetaData Base64="rO0ABXNyAC1vcmcuY29kZWNvdmVyLm1ldHJpY3MuY292ZXJhZ2UuQ292ZXJhZ2VSZXN1bHQPE7sp&#10;At1+KwIAAkkADGNvdmVyZWRJdGVtc0kACnRvdGFsSXRlbXN4cAAAAAAAAAAA"/>
</MetaDataListEntry>
<MetaDataListEntry Name="SynchronizedCoverage.getCoverage_HierarchyLevel48">
<MetaData Base64="rO0ABXNyAC1vcmcuY29kZWNvdmVyLm1ldHJpY3MuY292ZXJhZ2UuQ292ZXJhZ2VSZXN1bHQPE7sp&#10;At1+KwIAAkkADGNvdmVyZWRJdGVtc0kACnRvdGFsSXRlbXN4cAAAAAAAAAAA"/>
</MetaDataListEntry>
<MetaDataListEntry Name="LoopCoverage.getCoverage_HierarchyLevel26">
<MetaData Base64="rO0ABXNyAC1vcmcuY29kZWNvdmVyLm1ldHJpY3MuY292ZXJhZ2UuQ292ZXJhZ2VSZXN1bHQPE7sp&#10;At1+KwIAAkkADGNvdmVyZWRJdGVtc0kACnRvdGFsSXRlbXN4cAAAAAAAAAAA"/>
</MetaDataListEntry>
<MetaDataListEntry Name="SynchronizedCoverage.getCoverage_HierarchyLevel47">
<MetaData Base64="rO0ABXNyAC1vcmcuY29kZWNvdmVyLm1ldHJpY3MuY292ZXJhZ2UuQ292ZXJhZ2VSZXN1bHQPE7sp&#10;At1+KwIAAkkADGNvdmVyZWRJdGVtc0kACnRvdGFsSXRlbXN4cAAAAAAAAAAA"/>
</MetaDataListEntry>
<MetaDataListEntry Name="LoopCoverage.getCoverage_HierarchyLevel27">
<MetaData Base64="rO0ABXNyAC1vcmcuY29kZWNvdmVyLm1ldHJpY3MuY292ZXJhZ2UuQ292ZXJhZ2VSZXN1bHQPE7sp&#10;At1+KwIAAkkADGNvdmVyZWRJdGVtc0kACnRvdGFsSXRlbXN4cAAAAAAAAAAA"/>
</MetaDataListEntry>
<MetaDataListEntry Name="SynchronizedCoverage.getCoverage_HierarchyLevel46">
<MetaData Base64="rO0ABXNyAC1vcmcuY29kZWNvdmVyLm1ldHJpY3MuY292ZXJhZ2UuQ292ZXJhZ2VSZXN1bHQPE7sp&#10;At1+KwIAAkkADGNvdmVyZWRJdGVtc0kACnRvdGFsSXRlbXN4cAAAAAAAAAAA"/>
</MetaDataListEntry>
<MetaDataListEntry Name="TermCoverage.getCoverage_HierarchyLevel10">
<MetaData Base64="rO0ABXNyAC1vcmcuY29kZWNvdmVyLm1ldHJpY3MuY292ZXJhZ2UuQ292ZXJhZ2VSZXN1bHQPE7sp&#10;At1+KwIAAkkADGNvdmVyZWRJdGVtc0kACnRvdGFsSXRlbXN4cAAAAAAAAAAA"/>
</MetaDataListEntry>
<MetaDataListEntry Name="TermCoverage.getCoverage_HierarchyLevel12">
<MetaData Base64="rO0ABXNyAC1vcmcuY29kZWNvdmVyLm1ldHJpY3MuY292ZXJhZ2UuQ292ZXJhZ2VSZXN1bHQPE7sp&#10;At1+KwIAAkkADGNvdmVyZWRJdGVtc0kACnRvdGFsSXRlbXN4cAAAAAQAAAAG"/>
</MetaDataListEntry>
<MetaDataListEntry Name="TermCoverage.getCoverage_HierarchyLevel11">
<MetaData Base64="rO0ABXNyAC1vcmcuY29kZWNvdmVyLm1ldHJpY3MuY292ZXJhZ2UuQ292ZXJhZ2VSZXN1bHQPE7sp&#10;At1+KwIAAkkADGNvdmVyZWRJdGVtc0kACnRvdGFsSXRlbXN4cAAAAAQAAAAG"/>
</MetaDataListEntry>
<MetaDataListEntry Name="SynchronizedCoverage.getCoverage_HierarchyLevel52">
<MetaData Base64="rO0ABXNyAC1vcmcuY29kZWNvdmVyLm1ldHJpY3MuY292ZXJhZ2UuQ292ZXJhZ2VSZXN1bHQPE7sp&#10;At1+KwIAAkkADGNvdmVyZWRJdGVtc0kACnRvdGFsSXRlbXN4cAAAAAAAAAAA"/>
</MetaDataListEntry>
<MetaDataListEntry Name="TermCoverage.getCoverage_HierarchyLevel14">
<MetaData Base64="rO0ABXNyAC1vcmcuY29kZWNvdmVyLm1ldHJpY3MuY292ZXJhZ2UuQ292ZXJhZ2VSZXN1bHQPE7sp&#10;At1+KwIAAkkADGNvdmVyZWRJdGVtc0kACnRvdGFsSXRlbXN4cAAAAAAAAAAA"/>
</MetaDataListEntry>
<MetaDataListEntry Name="SynchronizedCoverage.getCoverage_HierarchyLevel51">
<MetaData Base64="rO0ABXNyAC1vcmcuY29kZWNvdmVyLm1ldHJpY3MuY292ZXJhZ2UuQ292ZXJhZ2VSZXN1bHQPE7sp&#10;At1+KwIAAkkADGNvdmVyZWRJdGVtc0kACnRvdGFsSXRlbXN4cAAAAAAAAAAA"/>
</MetaDataListEntry>
<MetaDataListEntry Name="TermCoverage.getCoverage_HierarchyLevel13">
<MetaData Base64="rO0ABXNyAC1vcmcuY29kZWNvdmVyLm1ldHJpY3MuY292ZXJhZ2UuQ292ZXJhZ2VSZXN1bHQPE7sp&#10;At1+KwIAAkkADGNvdmVyZWRJdGVtc0kACnRvdGFsSXRlbXN4cAAAAAAAAAAA"/>
</MetaDataListEntry>
<MetaDataListEntry Name="SynchronizedCoverage.getCoverage_HierarchyLevel50">
<MetaData Base64="rO0ABXNyAC1vcmcuY29kZWNvdmVyLm1ldHJpY3MuY292ZXJhZ2UuQ292ZXJhZ2VSZXN1bHQPE7sp&#10;At1+KwIAAkkADGNvdmVyZWRJdGVtc0kACnRvdGFsSXRlbXN4cAAAAAAAAAAA"/>
</MetaDataListEntry>
<MetaDataListEntry Name="TermCoverage.getCoverage_HierarchyLevel16">
<MetaData Base64="rO0ABXNyAC1vcmcuY29kZWNvdmVyLm1ldHJpY3MuY292ZXJhZ2UuQ292ZXJhZ2VSZXN1bHQPE7sp&#10;At1+KwIAAkkADGNvdmVyZWRJdGVtc0kACnRvdGFsSXRlbXN4cAAAAAIAAAAC"/>
</MetaDataListEntry>
<MetaDataListEntry Name="TermCoverage.getCoverage_HierarchyLevel15">
<MetaData Base64="rO0ABXNyAC1vcmcuY29kZWNvdmVyLm1ldHJpY3MuY292ZXJhZ2UuQ292ZXJhZ2VSZXN1bHQPE7sp&#10;At1+KwIAAkkADGNvdmVyZWRJdGVtc0kACnRvdGFsSXRlbXN4cAAAAAAAAAAA"/>
</MetaDataListEntry>
<MetaDataListEntry Name="QMOCoverage.getCoverage_HierarchyLevel50">
<MetaData Base64="rO0ABXNyAC1vcmcuY29kZWNvdmVyLm1ldHJpY3MuY292ZXJhZ2UuQ292ZXJhZ2VSZXN1bHQPE7sp&#10;At1+KwIAAkkADGNvdmVyZWRJdGVtc0kACnRvdGFsSXRlbXN4cAAAAAAAAAAA"/>
</MetaDataListEntry>
<MetaDataListEntry Name="QMOCoverage.getCoverage_HierarchyLevel51">
<MetaData Base64="rO0ABXNyAC1vcmcuY29kZWNvdmVyLm1ldHJpY3MuY292ZXJhZ2UuQ292ZXJhZ2VSZXN1bHQPE7sp&#10;At1+KwIAAkkADGNvdmVyZWRJdGVtc0kACnRvdGFsSXRlbXN4cAAAAAAAAAAA"/>
</MetaDataListEntry>
<MetaDataListEntry Name="QMOCoverage.getCoverage_HierarchyLevel10">
<MetaData Base64="rO0ABXNyAC1vcmcuY29kZWNvdmVyLm1ldHJpY3MuY292ZXJhZ2UuQ292ZXJhZ2VSZXN1bHQPE7sp&#10;At1+KwIAAkkADGNvdmVyZWRJdGVtc0kACnRvdGFsSXRlbXN4cAAAAAAAAAAA"/>
</MetaDataListEntry>
<MetaDataListEntry Name="QMOCoverage.getCoverage_HierarchyLevel11">
<MetaData Base64="rO0ABXNyAC1vcmcuY29kZWNvdmVyLm1ldHJpY3MuY292ZXJhZ2UuQ292ZXJhZ2VSZXN1bHQPE7sp&#10;At1+KwIAAkkADGNvdmVyZWRJdGVtc0kACnRvdGFsSXRlbXN4cAAAAAAAAAAA"/>
</MetaDataListEntry>
<MetaDataListEntry Name="QMOCoverage.getCoverage_HierarchyLevel14">
<MetaData Base64="rO0ABXNyAC1vcmcuY29kZWNvdmVyLm1ldHJpY3MuY292ZXJhZ2UuQ292ZXJhZ2VSZXN1bHQPE7sp&#10;At1+KwIAAkkADGNvdmVyZWRJdGVtc0kACnRvdGFsSXRlbXN4cAAAAAAAAAAA"/>
</MetaDataListEntry>
<MetaDataListEntry Name="QMOCoverage.getCoverage_HierarchyLevel15">
<MetaData Base64="rO0ABXNyAC1vcmcuY29kZWNvdmVyLm1ldHJpY3MuY292ZXJhZ2UuQ292ZXJhZ2VSZXN1bHQPE7sp&#10;At1+KwIAAkkADGNvdmVyZWRJdGVtc0kACnRvdGFsSXRlbXN4cAAAAAAAAAAA"/>
</MetaDataListEntry>
<MetaDataListEntry Name="StatementCoverage.getCoverage_HierarchyLevel9">
<MetaData Base64="rO0ABXNyAC1vcmcuY29kZWNvdmVyLm1ldHJpY3MuY292ZXJhZ2UuQ292ZXJhZ2VSZXN1bHQPE7sp&#10;At1+KwIAAkkADGNvdmVyZWRJdGVtc0kACnRvdGFsSXRlbXN4cAAAAAEAAAAB"/>
</MetaDataListEntry>
<MetaDataListEntry Name="QMOCoverage.getCoverage_HierarchyLevel12">
<MetaData Base64="rO0ABXNyAC1vcmcuY29kZWNvdmVyLm1ldHJpY3MuY292ZXJhZ2UuQ292ZXJhZ2VSZXN1bHQPE7sp&#10;At1+KwIAAkkADGNvdmVyZWRJdGVtc0kACnRvdGFsSXRlbXN4cAAAAAAAAAAA"/>
</MetaDataListEntry>
<MetaDataListEntry Name="StatementCoverage.getCoverage_HierarchyLevel8">
<MetaData Base64="rO0ABXNyAC1vcmcuY29kZWNvdmVyLm1ldHJpY3MuY292ZXJhZ2UuQ292ZXJhZ2VSZXN1bHQPE7sp&#10;At1+KwIAAkkADGNvdmVyZWRJdGVtc0kACnRvdGFsSXRlbXN4cAAAAAEAAAAB"/>
</MetaDataListEntry>
<MetaDataListEntry Name="QMOCoverage.getCoverage_HierarchyLevel13">
<MetaData Base64="rO0ABXNyAC1vcmcuY29kZWNvdmVyLm1ldHJpY3MuY292ZXJhZ2UuQ292ZXJhZ2VSZXN1bHQPE7sp&#10;At1+KwIAAkkADGNvdmVyZWRJdGVtc0kACnRvdGFsSXRlbXN4cAAAAAAAAAAA"/>
</MetaDataListEntry>
<MetaDataListEntry Name="StatementCoverage.getCoverage_HierarchyLevel7">
<MetaData Base64="rO0ABXNyAC1vcmcuY29kZWNvdmVyLm1ldHJpY3MuY292ZXJhZ2UuQ292ZXJhZ2VSZXN1bHQPE7sp&#10;At1+KwIAAkkADGNvdmVyZWRJdGVtc0kACnRvdGFsSXRlbXN4cAAAAAEAAAAB"/>
</MetaDataListEntry>
<MetaDataListEntry Name="QMOCoverage.getCoverage_HierarchyLevel18">
<MetaData Base64="rO0ABXNyAC1vcmcuY29kZWNvdmVyLm1ldHJpY3MuY292ZXJhZ2UuQ292ZXJhZ2VSZXN1bHQPE7sp&#10;At1+KwIAAkkADGNvdmVyZWRJdGVtc0kACnRvdGFsSXRlbXN4cAAAAAAAAAAA"/>
</MetaDataListEntry>
<MetaDataListEntry Name="QMOCoverage.getCoverage_HierarchyLevel19">
<MetaData Base64="rO0ABXNyAC1vcmcuY29kZWNvdmVyLm1ldHJpY3MuY292ZXJhZ2UuQ292ZXJhZ2VSZXN1bHQPE7sp&#10;At1+KwIAAkkADGNvdmVyZWRJdGVtc0kACnRvdGFsSXRlbXN4cAAAAAAAAAAA"/>
</MetaDataListEntry>
<MetaDataListEntry Name="QMOCoverage.getCoverage_HierarchyLevel16">
<MetaData Base64="rO0ABXNyAC1vcmcuY29kZWNvdmVyLm1ldHJpY3MuY292ZXJhZ2UuQ292ZXJhZ2VSZXN1bHQPE7sp&#10;At1+KwIAAkkADGNvdmVyZWRJdGVtc0kACnRvdGFsSXRlbXN4cAAAAAAAAAAA"/>
</MetaDataListEntry>
<MetaDataListEntry Name="QMOCoverage.getCoverage_HierarchyLevel17">
<MetaData Base64="rO0ABXNyAC1vcmcuY29kZWNvdmVyLm1ldHJpY3MuY292ZXJhZ2UuQ292ZXJhZ2VSZXN1bHQPE7sp&#10;At1+KwIAAkkADGNvdmVyZWRJdGVtc0kACnRvdGFsSXRlbXN4cAAAAAAAAAAA"/>
</MetaDataListEntry>
<MetaDataListEntry Name="StatementCoverage.getCoverage_HierarchyLevel6">
<MetaData Base64="rO0ABXNyAC1vcmcuY29kZWNvdmVyLm1ldHJpY3MuY292ZXJhZ2UuQ292ZXJhZ2VSZXN1bHQPE7sp&#10;At1+KwIAAkkADGNvdmVyZWRJdGVtc0kACnRvdGFsSXRlbXN4cAAAAAEAAAAB"/>
</MetaDataListEntry>
<MetaDataListEntry Name="StatementCoverage.getCoverage_HierarchyLevel5">
<MetaData Base64="rO0ABXNyAC1vcmcuY29kZWNvdmVyLm1ldHJpY3MuY292ZXJhZ2UuQ292ZXJhZ2VSZXN1bHQPE7sp&#10;At1+KwIAAkkADGNvdmVyZWRJdGVtc0kACnRvdGFsSXRlbXN4cAAAAAEAAAAB"/>
</MetaDataListEntry>
<MetaDataListEntry Name="StatementCoverage.getCoverage_HierarchyLevel4">
<MetaData Base64="rO0ABXNyAC1vcmcuY29kZWNvdmVyLm1ldHJpY3MuY292ZXJhZ2UuQ292ZXJhZ2VSZXN1bHQPE7sp&#10;At1+KwIAAkkADGNvdmVyZWRJdGVtc0kACnRvdGFsSXRlbXN4cAAAAAMAAAAD"/>
</MetaDataListEntry>
<MetaDataListEntry Name="StatementCoverage.getCoverage_HierarchyLevel2">
<MetaData Base64="rO0ABXNyAC1vcmcuY29kZWNvdmVyLm1ldHJpY3MuY292ZXJhZ2UuQ292ZXJhZ2VSZXN1bHQPE7sp&#10;At1+KwIAAkkADGNvdmVyZWRJdGVtc0kACnRvdGFsSXRlbXN4cAAAAAAAAAAA"/>
</MetaDataListEntry>
<MetaDataListEntry Name="StatementCoverage.getCoverage_HierarchyLevel1">
<MetaData Base64="rO0ABXNyAC1vcmcuY29kZWNvdmVyLm1ldHJpY3MuY292ZXJhZ2UuQ292ZXJhZ2VSZXN1bHQPE7sp&#10;At1+KwIAAkkADGNvdmVyZWRJdGVtc0kACnRvdGFsSXRlbXN4cAAAAAAAAAAA"/>
</MetaDataListEntry>
<MetaDataListEntry Name="LoopCoverage.getCoverage_HierarchyLevel67">
<MetaData Base64="rO0ABXNyAC1vcmcuY29kZWNvdmVyLm1ldHJpY3MuY292ZXJhZ2UuQ292ZXJhZ2VSZXN1bHQPE7sp&#10;At1+KwIAAkkADGNvdmVyZWRJdGVtc0kACnRvdGFsSXRlbXN4cAAAAAAAAAAJ"/>
</MetaDataListEntry>
<MetaDataListEntry Name="LoopCoverage.getCoverage_HierarchyLevel68">
<MetaData Base64="rO0ABXNyAC1vcmcuY29kZWNvdmVyLm1ldHJpY3MuY292ZXJhZ2UuQ292ZXJhZ2VSZXN1bHQPE7sp&#10;At1+KwIAAkkADGNvdmVyZWRJdGVtc0kACnRvdGFsSXRlbXN4cAAAAAAAAAAJ"/>
</MetaDataListEntry>
<MetaDataListEntry Name="StatementCoverage.getCoverage_HierarchyLevel3">
<MetaData Base64="rO0ABXNyAC1vcmcuY29kZWNvdmVyLm1ldHJpY3MuY292ZXJhZ2UuQ292ZXJhZ2VSZXN1bHQPE7sp&#10;At1+KwIAAkkADGNvdmVyZWRJdGVtc0kACnRvdGFsSXRlbXN4cAAAABgAAAAk"/>
</MetaDataListEntry>
<MetaDataListEntry Name="LoopCoverage.getCoverage_HierarchyLevel64">
<MetaData Base64="rO0ABXNyAC1vcmcuY29kZWNvdmVyLm1ldHJpY3MuY292ZXJhZ2UuQ292ZXJhZ2VSZXN1bHQPE7sp&#10;At1+KwIAAkkADGNvdmVyZWRJdGVtc0kACnRvdGFsSXRlbXN4cAAAAAAAAAAA"/>
</MetaDataListEntry>
<MetaDataListEntry Name="LoopCoverage.getCoverage_HierarchyLevel65">
<MetaData Base64="rO0ABXNyAC1vcmcuY29kZWNvdmVyLm1ldHJpY3MuY292ZXJhZ2UuQ292ZXJhZ2VSZXN1bHQPE7sp&#10;At1+KwIAAkkADGNvdmVyZWRJdGVtc0kACnRvdGFsSXRlbXN4cAAAAAAAAAAA"/>
</MetaDataListEntry>
<MetaDataListEntry Name="LoopCoverage.getCoverage_HierarchyLevel66">
<MetaData Base64="rO0ABXNyAC1vcmcuY29kZWNvdmVyLm1ldHJpY3MuY292ZXJhZ2UuQ292ZXJhZ2VSZXN1bHQPE7sp&#10;At1+KwIAAkkADGNvdmVyZWRJdGVtc0kACnRvdGFsSXRlbXN4cAAAAAAAAAAA"/>
</MetaDataListEntry>
<MetaDataListEntry Name="LoopCoverage.getCoverage_HierarchyLevel60">
<MetaData Base64="rO0ABXNyAC1vcmcuY29kZWNvdmVyLm1ldHJpY3MuY292ZXJhZ2UuQ292ZXJhZ2VSZXN1bHQPE7sp&#10;At1+KwIAAkkADGNvdmVyZWRJdGVtc0kACnRvdGFsSXRlbXN4cAAAAAAAAAAA"/>
</MetaDataListEntry>
<MetaDataListEntry Name="LoopCoverage.getCoverage_HierarchyLevel61">
<MetaData Base64="rO0ABXNyAC1vcmcuY29kZWNvdmVyLm1ldHJpY3MuY292ZXJhZ2UuQ292ZXJhZ2VSZXN1bHQPE7sp&#10;At1+KwIAAkkADGNvdmVyZWRJdGVtc0kACnRvdGFsSXRlbXN4cAAAAAAAAAAA"/>
</MetaDataListEntry>
<MetaDataListEntry Name="LoopCoverage.getCoverage_HierarchyLevel62">
<MetaData Base64="rO0ABXNyAC1vcmcuY29kZWNvdmVyLm1ldHJpY3MuY292ZXJhZ2UuQ292ZXJhZ2VSZXN1bHQPE7sp&#10;At1+KwIAAkkADGNvdmVyZWRJdGVtc0kACnRvdGFsSXRlbXN4cAAAAAAAAAAA"/>
</MetaDataListEntry>
<MetaDataListEntry Name="LoopCoverage.getCoverage_HierarchyLevel63">
<MetaData Base64="rO0ABXNyAC1vcmcuY29kZWNvdmVyLm1ldHJpY3MuY292ZXJhZ2UuQ292ZXJhZ2VSZXN1bHQPE7sp&#10;At1+KwIAAkkADGNvdmVyZWRJdGVtc0kACnRvdGFsSXRlbXN4cAAAAAAAAAAA"/>
</MetaDataListEntry>
<MetaDataListEntry Name="StatementCoverage.getCoverage_HierarchyLevel66">
<MetaData Base64="rO0ABXNyAC1vcmcuY29kZWNvdmVyLm1ldHJpY3MuY292ZXJhZ2UuQ292ZXJhZ2VSZXN1bHQPE7sp&#10;At1+KwIAAkkADGNvdmVyZWRJdGVtc0kACnRvdGFsSXRlbXN4cAAAAAcAAAAI"/>
</MetaDataListEntry>
<MetaDataListEntry Name="StatementCoverage.getCoverage_HierarchyLevel30">
<MetaData Base64="rO0ABXNyAC1vcmcuY29kZWNvdmVyLm1ldHJpY3MuY292ZXJhZ2UuQ292ZXJhZ2VSZXN1bHQPE7sp&#10;At1+KwIAAkkADGNvdmVyZWRJdGVtc0kACnRvdGFsSXRlbXN4cAAAAAAAAABi"/>
</MetaDataListEntry>
<MetaDataListEntry Name="StatementCoverage.getCoverage_HierarchyLevel65">
<MetaData Base64="rO0ABXNyAC1vcmcuY29kZWNvdmVyLm1ldHJpY3MuY292ZXJhZ2UuQ292ZXJhZ2VSZXN1bHQPE7sp&#10;At1+KwIAAkkADGNvdmVyZWRJdGVtc0kACnRvdGFsSXRlbXN4cAAAAAEAAAAB"/>
</MetaDataListEntry>
<MetaDataListEntry Name="StatementCoverage.getCoverage_HierarchyLevel63">
<MetaData Base64="rO0ABXNyAC1vcmcuY29kZWNvdmVyLm1ldHJpY3MuY292ZXJhZ2UuQ292ZXJhZ2VSZXN1bHQPE7sp&#10;At1+KwIAAkkADGNvdmVyZWRJdGVtc0kACnRvdGFsSXRlbXN4cAAAAAAAAAAB"/>
</MetaDataListEntry>
<MetaDataListEntry Name="StatementCoverage.getCoverage_HierarchyLevel64">
<MetaData Base64="rO0ABXNyAC1vcmcuY29kZWNvdmVyLm1ldHJpY3MuY292ZXJhZ2UuQ292ZXJhZ2VSZXN1bHQPE7sp&#10;At1+KwIAAkkADGNvdmVyZWRJdGVtc0kACnRvdGFsSXRlbXN4cAAAAAEAAAAB"/>
</MetaDataListEntry>
<MetaDataListEntry Name="StatementCoverage.getCoverage_HierarchyLevel62">
<MetaData Base64="rO0ABXNyAC1vcmcuY29kZWNvdmVyLm1ldHJpY3MuY292ZXJhZ2UuQ292ZXJhZ2VSZXN1bHQPE7sp&#10;At1+KwIAAkkADGNvdmVyZWRJdGVtc0kACnRvdGFsSXRlbXN4cAAAAAEAAAAB"/>
</MetaDataListEntry>
<MetaDataListEntry Name="StatementCoverage.getCoverage_HierarchyLevel61">
<MetaData Base64="rO0ABXNyAC1vcmcuY29kZWNvdmVyLm1ldHJpY3MuY292ZXJhZ2UuQ292ZXJhZ2VSZXN1bHQPE7sp&#10;At1+KwIAAkkADGNvdmVyZWRJdGVtc0kACnRvdGFsSXRlbXN4cAAAAAEAAAAB"/>
</MetaDataListEntry>
<MetaDataListEntry Name="StatementCoverage.getCoverage_HierarchyLevel60">
<MetaData Base64="rO0ABXNyAC1vcmcuY29kZWNvdmVyLm1ldHJpY3MuY292ZXJhZ2UuQ292ZXJhZ2VSZXN1bHQPE7sp&#10;At1+KwIAAkkADGNvdmVyZWRJdGVtc0kACnRvdGFsSXRlbXN4cAAAAAEAAAAB"/>
</MetaDataListEntry>
<MetaDataListEntry Name="StatementCoverage.getCoverage_HierarchyLevel34">
<MetaData Base64="rO0ABXNyAC1vcmcuY29kZWNvdmVyLm1ldHJpY3MuY292ZXJhZ2UuQ292ZXJhZ2VSZXN1bHQPE7sp&#10;At1+KwIAAkkADGNvdmVyZWRJdGVtc0kACnRvdGFsSXRlbXN4cAAAAAAAAABX"/>
</MetaDataListEntry>
<MetaDataListEntry Name="StatementCoverage.getCoverage_HierarchyLevel33">
<MetaData Base64="rO0ABXNyAC1vcmcuY29kZWNvdmVyLm1ldHJpY3MuY292ZXJhZ2UuQ292ZXJhZ2VSZXN1bHQPE7sp&#10;At1+KwIAAkkADGNvdmVyZWRJdGVtc0kACnRvdGFsSXRlbXN4cAAAAAAAAABX"/>
</MetaDataListEntry>
<MetaDataListEntry Name="StatementCoverage.getCoverage_HierarchyLevel59">
<MetaData Base64="rO0ABXNyAC1vcmcuY29kZWNvdmVyLm1ldHJpY3MuY292ZXJhZ2UuQ292ZXJhZ2VSZXN1bHQPE7sp&#10;At1+KwIAAkkADGNvdmVyZWRJdGVtc0kACnRvdGFsSXRlbXN4cAAAAAIAAAAC"/>
</MetaDataListEntry>
<MetaDataListEntry Name="StatementCoverage.getCoverage_HierarchyLevel56">
<MetaData Base64="rO0ABXNyAC1vcmcuY29kZWNvdmVyLm1ldHJpY3MuY292ZXJhZ2UuQ292ZXJhZ2VSZXN1bHQPE7sp&#10;At1+KwIAAkkADGNvdmVyZWRJdGVtc0kACnRvdGFsSXRlbXN4cAAAAAAAAAAB"/>
</MetaDataListEntry>
<MetaDataListEntry Name="StatementCoverage.getCoverage_HierarchyLevel57">
<MetaData Base64="rO0ABXNyAC1vcmcuY29kZWNvdmVyLm1ldHJpY3MuY292ZXJhZ2UuQ292ZXJhZ2VSZXN1bHQPE7sp&#10;At1+KwIAAkkADGNvdmVyZWRJdGVtc0kACnRvdGFsSXRlbXN4cAAAAAAAAAAB"/>
</MetaDataListEntry>
<MetaDataListEntry Name="StatementCoverage.getCoverage_HierarchyLevel54">
<MetaData Base64="rO0ABXNyAC1vcmcuY29kZWNvdmVyLm1ldHJpY3MuY292ZXJhZ2UuQ292ZXJhZ2VSZXN1bHQPE7sp&#10;At1+KwIAAkkADGNvdmVyZWRJdGVtc0kACnRvdGFsSXRlbXN4cAAAAAAAAAAB"/>
</MetaDataListEntry>
<MetaDataListEntry Name="StatementCoverage.getCoverage_HierarchyLevel55">
<MetaData Base64="rO0ABXNyAC1vcmcuY29kZWNvdmVyLm1ldHJpY3MuY292ZXJhZ2UuQ292ZXJhZ2VSZXN1bHQPE7sp&#10;At1+KwIAAkkADGNvdmVyZWRJdGVtc0kACnRvdGFsSXRlbXN4cAAAAAAAAAAB"/>
</MetaDataListEntry>
<MetaDataListEntry Name="StatementCoverage.getCoverage_HierarchyLevel50">
<MetaData Base64="rO0ABXNyAC1vcmcuY29kZWNvdmVyLm1ldHJpY3MuY292ZXJhZ2UuQ292ZXJhZ2VSZXN1bHQPE7sp&#10;At1+KwIAAkkADGNvdmVyZWRJdGVtc0kACnRvdGFsSXRlbXN4cAAAAAAAAAAH"/>
</MetaDataListEntry>
<MetaDataListEntry Name="StatementCoverage.getCoverage_HierarchyLevel52">
<MetaData Base64="rO0ABXNyAC1vcmcuY29kZWNvdmVyLm1ldHJpY3MuY292ZXJhZ2UuQ292ZXJhZ2VSZXN1bHQPE7sp&#10;At1+KwIAAkkADGNvdmVyZWRJdGVtc0kACnRvdGFsSXRlbXN4cAAAAAAAAAAB"/>
</MetaDataListEntry>
<MetaDataListEntry Name="StatementCoverage.getCoverage_HierarchyLevel58">
<MetaData Base64="rO0ABXNyAC1vcmcuY29kZWNvdmVyLm1ldHJpY3MuY292ZXJhZ2UuQ292ZXJhZ2VSZXN1bHQPE7sp&#10;At1+KwIAAkkADGNvdmVyZWRJdGVtc0kACnRvdGFsSXRlbXN4cAAAAAAAAAAP"/>
</MetaDataListEntry>
<MetaDataListEntry Name="StatementCoverage.getCoverage_HierarchyLevel53">
<MetaData Base64="rO0ABXNyAC1vcmcuY29kZWNvdmVyLm1ldHJpY3MuY292ZXJhZ2UuQ292ZXJhZ2VSZXN1bHQPE7sp&#10;At1+KwIAAkkADGNvdmVyZWRJdGVtc0kACnRvdGFsSXRlbXN4cAAAAAAAAAAB"/>
</MetaDataListEntry>
<MetaDataListEntry Name="StatementCoverage.getCoverage_HierarchyLevel51">
<MetaData Base64="rO0ABXNyAC1vcmcuY29kZWNvdmVyLm1ldHJpY3MuY292ZXJhZ2UuQ292ZXJhZ2VSZXN1bHQPE7sp&#10;At1+KwIAAkkADGNvdmVyZWRJdGVtc0kACnRvdGFsSXRlbXN4cAAAAAAAAAAB"/>
</MetaDataListEntry>
<MetaDataListEntry Name="StatementCoverage.getCoverage_HierarchyLevel46">
<MetaData Base64="rO0ABXNyAC1vcmcuY29kZWNvdmVyLm1ldHJpY3MuY292ZXJhZ2UuQ292ZXJhZ2VSZXN1bHQPE7sp&#10;At1+KwIAAkkADGNvdmVyZWRJdGVtc0kACnRvdGFsSXRlbXN4cAAAAAAAAAAU"/>
</MetaDataListEntry>
<MetaDataListEntry Name="StatementCoverage.getCoverage_HierarchyLevel47">
<MetaData Base64="rO0ABXNyAC1vcmcuY29kZWNvdmVyLm1ldHJpY3MuY292ZXJhZ2UuQ292ZXJhZ2VSZXN1bHQPE7sp&#10;At1+KwIAAkkADGNvdmVyZWRJdGVtc0kACnRvdGFsSXRlbXN4cAAAAAAAAAAW"/>
</MetaDataListEntry>
<MetaDataListEntry Name="StatementCoverage.getCoverage_HierarchyLevel40">
<MetaData Base64="rO0ABXNyAC1vcmcuY29kZWNvdmVyLm1ldHJpY3MuY292ZXJhZ2UuQ292ZXJhZ2VSZXN1bHQPE7sp&#10;At1+KwIAAkkADGNvdmVyZWRJdGVtc0kACnRvdGFsSXRlbXN4cAAAAAAAAAAS"/>
</MetaDataListEntry>
<MetaDataListEntry Name="StatementCoverage.getCoverage_HierarchyLevel49">
<MetaData Base64="rO0ABXNyAC1vcmcuY29kZWNvdmVyLm1ldHJpY3MuY292ZXJhZ2UuQ292ZXJhZ2VSZXN1bHQPE7sp&#10;At1+KwIAAkkADGNvdmVyZWRJdGVtc0kACnRvdGFsSXRlbXN4cAAAAAAAAAAB"/>
</MetaDataListEntry>
<MetaDataListEntry Name="StatementCoverage.getCoverage_HierarchyLevel45">
<MetaData Base64="rO0ABXNyAC1vcmcuY29kZWNvdmVyLm1ldHJpY3MuY292ZXJhZ2UuQ292ZXJhZ2VSZXN1bHQPE7sp&#10;At1+KwIAAkkADGNvdmVyZWRJdGVtc0kACnRvdGFsSXRlbXN4cAAAAAAAAAAA"/>
</MetaDataListEntry>
<MetaDataListEntry Name="StatementCoverage.getCoverage_HierarchyLevel44">
<MetaData Base64="rO0ABXNyAC1vcmcuY29kZWNvdmVyLm1ldHJpY3MuY292ZXJhZ2UuQ292ZXJhZ2VSZXN1bHQPE7sp&#10;At1+KwIAAkkADGNvdmVyZWRJdGVtc0kACnRvdGFsSXRlbXN4cAAAAAAAAAAA"/>
</MetaDataListEntry>
<MetaDataListEntry Name="StatementCoverage.getCoverage_HierarchyLevel41">
<MetaData Base64="rO0ABXNyAC1vcmcuY29kZWNvdmVyLm1ldHJpY3MuY292ZXJhZ2UuQ292ZXJhZ2VSZXN1bHQPE7sp&#10;At1+KwIAAkkADGNvdmVyZWRJdGVtc0kACnRvdGFsSXRlbXN4cAAAAAAAAAAC"/>
</MetaDataListEntry>
<MetaDataListEntry Name="StatementCoverage.getCoverage_HierarchyLevel43">
<MetaData Base64="rO0ABXNyAC1vcmcuY29kZWNvdmVyLm1ldHJpY3MuY292ZXJhZ2UuQ292ZXJhZ2VSZXN1bHQPE7sp&#10;At1+KwIAAkkADGNvdmVyZWRJdGVtc0kACnRvdGFsSXRlbXN4cAAAAAAAAAAA"/>
</MetaDataListEntry>
<MetaDataListEntry Name="StatementCoverage.getCoverage_HierarchyLevel42">
<MetaData Base64="rO0ABXNyAC1vcmcuY29kZWNvdmVyLm1ldHJpY3MuY292ZXJhZ2UuQ292ZXJhZ2VSZXN1bHQPE7sp&#10;At1+KwIAAkkADGNvdmVyZWRJdGVtc0kACnRvdGFsSXRlbXN4cAAAAAAAAAAA"/>
</MetaDataListEntry>
<MetaDataListEntry Name="StatementCoverage.getCoverage_HierarchyLevel39">
<MetaData Base64="rO0ABXNyAC1vcmcuY29kZWNvdmVyLm1ldHJpY3MuY292ZXJhZ2UuQ292ZXJhZ2VSZXN1bHQPE7sp&#10;At1+KwIAAkkADGNvdmVyZWRJdGVtc0kACnRvdGFsSXRlbXN4cAAAAAAAAAAS"/>
</MetaDataListEntry>
<MetaDataListEntry Name="StatementCoverage.getCoverage_HierarchyLevel31">
<MetaData Base64="rO0ABXNyAC1vcmcuY29kZWNvdmVyLm1ldHJpY3MuY292ZXJhZ2UuQ292ZXJhZ2VSZXN1bHQPE7sp&#10;At1+KwIAAkkADGNvdmVyZWRJdGVtc0kACnRvdGFsSXRlbXN4cAAAAAAAAAAd"/>
</MetaDataListEntry>
<MetaDataListEntry Name="StatementCoverage.getCoverage_HierarchyLevel36">
<MetaData Base64="rO0ABXNyAC1vcmcuY29kZWNvdmVyLm1ldHJpY3MuY292ZXJhZ2UuQ292ZXJhZ2VSZXN1bHQPE7sp&#10;At1+KwIAAkkADGNvdmVyZWRJdGVtc0kACnRvdGFsSXRlbXN4cAAAAAAAAAAF"/>
</MetaDataListEntry>
<MetaDataListEntry Name="StatementCoverage.getCoverage_HierarchyLevel38">
<MetaData Base64="rO0ABXNyAC1vcmcuY29kZWNvdmVyLm1ldHJpY3MuY292ZXJhZ2UuQ292ZXJhZ2VSZXN1bHQPE7sp&#10;At1+KwIAAkkADGNvdmVyZWRJdGVtc0kACnRvdGFsSXRlbXN4cAAAAAAAAAAD"/>
</MetaDataListEntry>
<MetaDataListEntry Name="StatementCoverage.getCoverage_HierarchyLevel35">
<MetaData Base64="rO0ABXNyAC1vcmcuY29kZWNvdmVyLm1ldHJpY3MuY292ZXJhZ2UuQ292ZXJhZ2VSZXN1bHQPE7sp&#10;At1+KwIAAkkADGNvdmVyZWRJdGVtc0kACnRvdGFsSXRlbXN4cAAAAAAAAAAF"/>
</MetaDataListEntry>
<MetaDataListEntry Name="StatementCoverage.getCoverage_HierarchyLevel37">
<MetaData Base64="rO0ABXNyAC1vcmcuY29kZWNvdmVyLm1ldHJpY3MuY292ZXJhZ2UuQ292ZXJhZ2VSZXN1bHQPE7sp&#10;At1+KwIAAkkADGNvdmVyZWRJdGVtc0kACnRvdGFsSXRlbXN4cAAAAAAAAAAD"/>
</MetaDataListEntry>
<MetaDataListEntry Name="StatementCoverage.getCoverage_HierarchyLevel32">
<MetaData Base64="rO0ABXNyAC1vcmcuY29kZWNvdmVyLm1ldHJpY3MuY292ZXJhZ2UuQ292ZXJhZ2VSZXN1bHQPE7sp&#10;At1+KwIAAkkADGNvdmVyZWRJdGVtc0kACnRvdGFsSXRlbXN4cAAAAAAAAAAF"/>
</MetaDataListEntry>
<MetaDataListEntry Name="StatementCoverage.getCoverage_HierarchyLevel67">
<MetaData Base64="rO0ABXNyAC1vcmcuY29kZWNvdmVyLm1ldHJpY3MuY292ZXJhZ2UuQ292ZXJhZ2VSZXN1bHQPE7sp&#10;At1+KwIAAkkADGNvdmVyZWRJdGVtc0kACnRvdGFsSXRlbXN4cAAAAGIAAAGz"/>
</MetaDataListEntry>
<MetaDataListEntry Name="StatementCoverage.getCoverage_HierarchyLevel68">
<MetaData Base64="rO0ABXNyAC1vcmcuY29kZWNvdmVyLm1ldHJpY3MuY292ZXJhZ2UuQ292ZXJhZ2VSZXN1bHQPE7sp&#10;At1+KwIAAkkADGNvdmVyZWRJdGVtc0kACnRvdGFsSXRlbXN4cAAAAGIAAAGz"/>
</MetaDataListEntry>
<MetaDataListEntry Name="TermCoverage.getCoverage_HierarchyLevel2">
<MetaData Base64="rO0ABXNyAC1vcmcuY29kZWNvdmVyLm1ldHJpY3MuY292ZXJhZ2UuQ292ZXJhZ2VSZXN1bHQPE7sp&#10;At1+KwIAAkkADGNvdmVyZWRJdGVtc0kACnRvdGFsSXRlbXN4cAAAAAAAAAAA"/>
</MetaDataListEntry>
<MetaDataListEntry Name="TermCoverage.getCoverage_HierarchyLevel3">
<MetaData Base64="rO0ABXNyAC1vcmcuY29kZWNvdmVyLm1ldHJpY3MuY292ZXJhZ2UuQ292ZXJhZ2VSZXN1bHQPE7sp&#10;At1+KwIAAkkADGNvdmVyZWRJdGVtc0kACnRvdGFsSXRlbXN4cAAAAAAAAAAA"/>
</MetaDataListEntry>
<MetaDataListEntry Name="TermCoverage.getCoverage_HierarchyLevel4">
<MetaData Base64="rO0ABXNyAC1vcmcuY29kZWNvdmVyLm1ldHJpY3MuY292ZXJhZ2UuQ292ZXJhZ2VSZXN1bHQPE7sp&#10;At1+KwIAAkkADGNvdmVyZWRJdGVtc0kACnRvdGFsSXRlbXN4cAAAAAAAAAAA"/>
</MetaDataListEntry>
<MetaDataListEntry Name="TermCoverage.getCoverage_HierarchyLevel5">
<MetaData Base64="rO0ABXNyAC1vcmcuY29kZWNvdmVyLm1ldHJpY3MuY292ZXJhZ2UuQ292ZXJhZ2VSZXN1bHQPE7sp&#10;At1+KwIAAkkADGNvdmVyZWRJdGVtc0kACnRvdGFsSXRlbXN4cAAAAAAAAAAA"/>
</MetaDataListEntry>
<MetaDataListEntry Name="TermCoverage.getCoverage_HierarchyLevel6">
<MetaData Base64="rO0ABXNyAC1vcmcuY29kZWNvdmVyLm1ldHJpY3MuY292ZXJhZ2UuQ292ZXJhZ2VSZXN1bHQPE7sp&#10;At1+KwIAAkkADGNvdmVyZWRJdGVtc0kACnRvdGFsSXRlbXN4cAAAAAAAAAAA"/>
</MetaDataListEntry>
<MetaDataListEntry Name="TermCoverage.getCoverage_HierarchyLevel7">
<MetaData Base64="rO0ABXNyAC1vcmcuY29kZWNvdmVyLm1ldHJpY3MuY292ZXJhZ2UuQ292ZXJhZ2VSZXN1bHQPE7sp&#10;At1+KwIAAkkADGNvdmVyZWRJdGVtc0kACnRvdGFsSXRlbXN4cAAAAAAAAAAA"/>
</MetaDataListEntry>
<MetaDataListEntry Name="TermCoverage.getCoverage_HierarchyLevel8">
<MetaData Base64="rO0ABXNyAC1vcmcuY29kZWNvdmVyLm1ldHJpY3MuY292ZXJhZ2UuQ292ZXJhZ2VSZXN1bHQPE7sp&#10;At1+KwIAAkkADGNvdmVyZWRJdGVtc0kACnRvdGFsSXRlbXN4cAAAAAAAAAAA"/>
</MetaDataListEntry>
<MetaDataListEntry Name="TermCoverage.getCoverage_HierarchyLevel9">
<MetaData Base64="rO0ABXNyAC1vcmcuY29kZWNvdmVyLm1ldHJpY3MuY292ZXJhZ2UuQ292ZXJhZ2VSZXN1bHQPE7sp&#10;At1+KwIAAkkADGNvdmVyZWRJdGVtc0kACnRvdGFsSXRlbXN4cAAAAAAAAAAA"/>
</MetaDataListEntry>
<MetaDataListEntry Name="TermCoverage.getCoverage_HierarchyLevel1">
<MetaData Base64="rO0ABXNyAC1vcmcuY29kZWNvdmVyLm1ldHJpY3MuY292ZXJhZ2UuQ292ZXJhZ2VSZXN1bHQPE7sp&#10;At1+KwIAAkkADGNvdmVyZWRJdGVtc0kACnRvdGFsSXRlbXN4cAAAAAAAAAAA"/>
</MetaDataListEntry>
<MetaDataListEntry Name="StatementCoverage.getCoverage_HierarchyLevel48">
<MetaData Base64="rO0ABXNyAC1vcmcuY29kZWNvdmVyLm1ldHJpY3MuY292ZXJhZ2UuQ292ZXJhZ2VSZXN1bHQPE7sp&#10;At1+KwIAAkkADGNvdmVyZWRJdGVtc0kACnRvdGFsSXRlbXN4cAAAAAAAAAEz"/>
</MetaDataListEntry>
</MetaDataList>
</TestCase>
<MetaDataList/>
</TestSession>
</TestSessionContainer>
