<?xml version="1.0" encoding="UTF-8"?><TestSessionContainer xmlns="http://www.codecover.org/xml/testsession-container" Date="1429854899079" TestSessionContainerId="fa436752-e5c1-467a-be27-d3552bab3427" version="1.0">
<SrcFileList>
<SrcFile Content="package game;&#13;&#10;import java.awt.Image;&#13;&#10;&#13;&#10;public class Piece {&#13;&#10;&#9;private PieceType type;&#13;&#10;&#9;private Image image;&#13;&#10;&#9;private Owner owner;&#13;&#10;&#9;&#13;&#10;&#9;public enum Owner{&#13;&#10;&#9;&#9;Player1, Player2&#13;&#10;&#9;}&#13;&#10;&#9;&#13;&#10;&#9;public enum PieceType{&#13;&#10;&#9;&#9;Elephant, Camel, Horse, Dog, Cat, Rabbit&#13;&#10;&#9;}&#13;&#10;&#9;public Piece(char c){&#13;&#10;&#9;&#9;switch(c){&#13;&#10;&#9;&#9;case 'E':&#13;&#10;&#9;&#9;&#9;this.type=PieceType.Elephant;&#13;&#10;&#9;&#9;&#9;this.owner=Owner.Player1;&#13;&#10;&#9;&#9;&#9;break;&#13;&#10;&#9;&#9;case 'C':&#13;&#10;&#9;&#9;&#9;this.type=PieceType.Camel;&#13;&#10;&#9;&#9;&#9;this.owner=Owner.Player1;&#13;&#10;&#9;&#9;&#9;break;&#13;&#10;&#9;&#9;case 'H':&#13;&#10;&#9;&#9;&#9;this.type=PieceType.Horse;&#13;&#10;&#9;&#9;&#9;this.owner=Owner.Player1;&#13;&#10;&#9;&#9;&#9;break;&#13;&#10;&#9;&#9;case 'D':&#13;&#10;&#9;&#9;&#9;this.type=PieceType.Dog;&#13;&#10;&#9;&#9;&#9;this.owner=Owner.Player1;&#13;&#10;&#9;&#9;&#9;break;&#13;&#10;&#9;&#9;case 'K':&#13;&#10;&#9;&#9;&#9;this.type=PieceType.Cat;&#13;&#10;&#9;&#9;&#9;this.owner=Owner.Player1;&#13;&#10;&#9;&#9;&#9;break;&#13;&#10;&#9;&#9;case 'R':&#13;&#10;&#9;&#9;&#9;this.type=PieceType.Rabbit;&#13;&#10;&#9;&#9;&#9;this.owner=Owner.Player1;&#13;&#10;&#9;&#9;&#9;break;&#13;&#10;&#9;&#9;case 'e':&#13;&#10;&#9;&#9;&#9;this.type=PieceType.Elephant;&#13;&#10;&#9;&#9;&#9;this.owner=Owner.Player2;&#13;&#10;&#9;&#9;&#9;break;&#13;&#10;&#9;&#9;case 'c':&#13;&#10;&#9;&#9;&#9;this.type=PieceType.Camel;&#13;&#10;&#9;&#9;&#9;this.owner=Owner.Player2;&#13;&#10;&#9;&#9;&#9;break;&#13;&#10;&#9;&#9;case 'h':&#13;&#10;&#9;&#9;&#9;this.type=PieceType.Horse;&#13;&#10;&#9;&#9;&#9;this.owner=Owner.Player2;&#13;&#10;&#9;&#9;&#9;break;&#13;&#10;&#9;&#9;case 'd':&#13;&#10;&#9;&#9;&#9;this.type=PieceType.Dog;&#13;&#10;&#9;&#9;&#9;this.owner=Owner.Player2;&#13;&#10;&#9;&#9;&#9;break;&#13;&#10;&#9;&#9;case 'k':&#13;&#10;&#9;&#9;&#9;this.type=PieceType.Cat;&#13;&#10;&#9;&#9;&#9;this.owner=Owner.Player2;&#13;&#10;&#9;&#9;&#9;break;&#13;&#10;&#9;&#9;case 'r':&#13;&#10;&#9;&#9;&#9;this.type=PieceType.Rabbit;&#13;&#10;&#9;&#9;&#9;this.owner=Owner.Player2;&#13;&#10;&#9;&#9;&#9;break;&#13;&#10;&#9;&#9;default:&#13;&#10;&#9;&#9;}&#13;&#10;&#9;}&#13;&#10;&#9;public Piece(PieceType t, Image i, Owner o){&#13;&#10;&#9;&#9;this.type = t;&#13;&#10;&#9;&#9;this.image = i;&#13;&#10;&#9;&#9;this.owner = o;&#13;&#10;&#9;}&#13;&#10;&#13;&#10;&#9;public PieceType getType() {&#13;&#10;&#9;&#9;return this.type;&#13;&#10;&#9;}&#13;&#10;&#13;&#10;&#9;public void setType(PieceType type) {&#13;&#10;&#9;&#9;this.type = type; &#13;&#10;&#9;}&#13;&#10;&#13;&#10;&#9;public Image getImage() {&#13;&#10;&#9;&#9;return this.image;&#13;&#10;&#9;}&#13;&#10;&#13;&#10;&#9;public void setImg(Image img) {&#13;&#10;&#9;&#9;this.image = img;&#13;&#10;&#9;}&#13;&#10;&#13;&#10;&#9;public Owner getOwner() {&#13;&#10;&#9;&#9;return this.owner;&#13;&#10;&#9;}&#13;&#10;&#13;&#10;&#9;public void setOwner(Owner owner) {&#13;&#10;&#9;&#9;this.owner = owner;&#13;&#10;&#9;}&#13;&#10;&#9;&#13;&#10;&#9;public boolean equals(Object p2){&#13;&#10;&#9;&#9;if((p2 instanceof Piece)){&#13;&#10;&#9;&#9;&#9;if(((Piece) p2).getType()==this.getType() &amp;&amp; (((Piece) p2).getOwner()==this.getOwner())){&#13;&#10;&#9;&#9;&#9;&#9;return true;&#13;&#10;&#9;&#9;&#9;}&#13;&#10;&#9;&#9;}&#13;&#10;&#9;&#9;return false;&#13;&#10;&#9;&#9;&#13;&#10;&#9;}&#13;&#10;}&#13;&#10;" Filename="Piece.java" Intrnl_Id="1"/>
<SrcFile Content="package game;&#13;&#10;import java.util.ArrayList;&#13;&#10;import java.util.Arrays;&#13;&#10;&#13;&#10;&#13;&#10;public class Game {&#13;&#10;&#9;//fields&#13;&#10;&#9;ArrayList&lt;BoardState&gt; boards= new ArrayList&lt;BoardState&gt;();&#13;&#10;&#9;public BoardState currentBoard=null;&#13;&#10;&#9;int numMovesLeft =0;&#13;&#10;&#9;int moveTimer =0;&#13;&#10;&#9;int p1TimeBank=0;&#13;&#10;&#9;int p2TimeBank =0;&#13;&#10;&#9;&#13;&#10;&#9;public Game(BoardState b) {&#13;&#10;&#9;&#9;currentBoard = b;&#13;&#10;&#9;}&#13;&#10;&#9;/**&#13;&#10;&#9; * Creates a board with a default starting layout&#13;&#10;&#9; */&#13;&#10;&#9;public Game(){&#13;&#10;&#9;&#9;currentBoard=new BoardState(new char[][]{&#13;&#10;&#9;&#9;&#9;&#9;{'K','D','H','C','E','H','D','K'},&#13;&#10;&#9;&#9;&#9;&#9;{'R','R','R','R','R','R','R','R'},&#13;&#10;&#9;&#9;&#9;&#9;{' ',' ',' ',' ',' ',' ',' ',' '},&#13;&#10;&#9;&#9;&#9;&#9;{' ',' ',' ',' ',' ',' ',' ',' '},&#13;&#10;&#9;&#9;&#9;&#9;{' ',' ',' ',' ',' ',' ',' ',' '},&#13;&#10;&#9;&#9;&#9;&#9;{' ',' ',' ',' ',' ',' ',' ',' '},&#13;&#10;&#9;&#9;&#9;&#9;{'r','r','r','r','r','r','r','r'},&#13;&#10;&#9;&#9;&#9;&#9;{'k','d','h','c','e','h','d','k'},&#13;&#10;&#9;&#9;},0);&#13;&#10;&#9;}&#13;&#10;&#9;/**&#13;&#10;&#9; * &#13;&#10;&#9; */&#13;&#10;&#9;public void render(){}&#13;&#10;&#9;/**&#13;&#10;&#9; * &#13;&#10;&#9; * @param x&#13;&#10;&#9; * @param y&#13;&#10;&#9; * @return&#13;&#10;&#9; */&#13;&#10;&#9;public Piece getSpace(int x, int y){&#13;&#10;&#9;&#9;if(currentBoard.getBoardArray()[x][y]==' ')&#13;&#10;&#9;&#9;&#9;return null;&#13;&#10;&#9;&#9;return new Piece(currentBoard.getBoardArray()[x][y]);&#13;&#10;&#9;&#9;&#13;&#10;&#9;}&#13;&#10;&#9;/**&#13;&#10;&#9; * &#13;&#10;&#9; * @param row&#13;&#10;&#9; * @param column&#13;&#10;&#9; * @param dir 0: up, 1: right, 2: down, 3: left&#13;&#10;&#9; * @return&#13;&#10;&#9; */&#13;&#10;&#9;public boolean move(int row, int column, int dir){&#13;&#10;&#9;&#9;boards.add(currentBoard);&#13;&#10;&#9;&#9;currentBoard=currentBoard.clone();&#13;&#10;&#9;&#9;switch(dir){&#13;&#10;&#9;&#9;case 0:&#13;&#10;&#9;&#9;&#9;//Moving UP&#13;&#10;&#9;&#9;&#9;if (row - 1 &gt;= 0 &amp;&amp; currentBoard.getBoardArray()[row-1][column] == ' ') {&#13;&#10;&#9;&#9;&#9;&#9;switchPiece(row, column, row-1, column);&#13;&#10;&#9;&#9;&#9;&#9;return true;&#13;&#10;&#9;&#9;&#9;}&#13;&#10;&#9;&#9;&#9;return false;&#13;&#10;&#9;&#9;case 1:&#13;&#10;&#9;&#9;&#9;//Moving RIGHT&#13;&#10;&#9;&#9;&#9;if (column + 1 &lt;= 7 &amp;&amp; currentBoard.getBoardArray()[row][column+1] == ' ') {&#13;&#10;&#9;&#9;&#9;&#9;switchPiece(row, column, row, column+1);&#13;&#10;&#9;&#9;&#9;&#9;return true;&#13;&#10;&#9;&#9;&#9;}&#13;&#10;&#9;&#9;&#9;return false;&#13;&#10;&#9;&#9;case 2:&#13;&#10;&#9;&#9;&#9;//Moving DOWN&#13;&#10;&#9;&#9;&#9;if (row + 1 &lt;= 7 &amp;&amp; currentBoard.getBoardArray()[row+1][column] == ' ') {&#13;&#10;&#9;&#9;&#9;&#9;switchPiece(row, column, row + 1, column);&#13;&#10;&#9;&#9;&#9;&#9;return true;&#13;&#10;&#9;&#9;&#9;}&#13;&#10;&#9;&#9;&#9;return false;&#13;&#10;&#9;&#9;case 3:&#13;&#10;&#9;&#9;&#9;//Moving LEFT&#13;&#10;&#9;&#9;&#9;if (column - 1 &gt;= 0 &amp;&amp; currentBoard.getBoardArray()[row][column-1] == ' ') {&#13;&#10;&#9;&#9;&#9;&#9;switchPiece(row, column, row, column - 1);&#13;&#10;&#9;&#9;&#9;&#9;return true;&#13;&#10;&#9;&#9;&#9;}&#13;&#10;&#9;&#9;&#9;return false;&#13;&#10;&#9;&#9;default:&#13;&#10;&#9;&#9;&#9;return false;&#13;&#10;&#9;&#9;}&#13;&#10;&#9;}&#13;&#10;&#9;//helper for move&#13;&#10;&#9;private void switchPiece(int row1, int column1, int row2, int column2) {&#13;&#10;&#9;&#9;//System.out.println(x+&quot; &quot;+ y+&quot;  &quot;+x2+&quot; &quot;+y2);&#13;&#10;&#9;&#9;char[][] boardArray = currentBoard.getBoardArray();&#13;&#10;//&#9;&#9;System.out.println(Arrays.deepToString(boardArray));&#13;&#10;&#9;&#9;char temp = boardArray[row1][column1];&#13;&#10;&#9;&#9;//System.out.println(temp+&quot; &quot;&#9;+boardArray[y][x]+&quot; &quot;+boardArray[y2][x2]);&#13;&#10;&#9;&#9;boardArray[row1][column1]=boardArray[row2][column2];&#13;&#10;&#9;&#9;boardArray[row2][column2]=temp;&#13;&#10;&#13;&#10;//&#9;&#9;System.out.println(Arrays.deepToString(boardArray));&#13;&#10;&#9;&#9;//System.out.println(&quot;SWITCH &quot;+temp+&quot; &quot;&#9;+boardArray[x][y]+&quot; &quot;+boardArray[x2][y2]);&#13;&#10;&#9;&#9;currentBoard.setBoardArray(boardArray);&#13;&#10;&#9;}&#13;&#10;&#9;/**&#13;&#10;&#9; * 0: up, 1: right, 2: down, 3: left&#13;&#10;&#9; * @param x&#13;&#10;&#9; * @param y&#13;&#10;&#9; * @param dir1 the direction the pushing piece will move&#13;&#10;&#9; * @param dir2 the direction the pushed piece will move&#13;&#10;&#9; * @return&#13;&#10;&#9; */&#13;&#10;&#9;public boolean push(int x, int y, int dir1, int dir2){&#13;&#10;&#13;&#10;&#9;&#9;//System.out.println(Arrays.deepToString(this.currentBoard.getBoardArray()));&#13;&#10;&#9;&#9;if(getSpace(x, y)==null)&#13;&#10;&#9;&#9;&#9;return false;//trying to push with an empty square&#13;&#10;&#9;&#9;switch(dir1){&#13;&#10;&#9;&#9;case 0:&#13;&#10;&#9;&#9;&#9;//System.out.println(&quot;Case 0&quot;);&#13;&#10;&#9;&#9;&#9;if(move(x-1,y,dir2)){&#13;&#10;&#9;&#9;&#9;&#9;//System.out.println(&quot;(&quot;+x+&quot;,&quot;+y+&quot;) trying move &quot;+dir2);&#13;&#10;&#9;&#9;&#9;&#9;//should always be true&#13;&#10;&#9;&#9;&#9;&#9;boolean move = move(x,y,dir1);&#13;&#10;&#9;&#9;&#9;&#9;//System.out.println(move);&#13;&#10;&#9;&#9;&#9;&#9;//System.out.println(Arrays.deepToString(this.currentBoard.getBoardArray()));&#13;&#10;&#9;&#9;&#9;&#9;return move;&#13;&#10;&#9;&#9;&#9;}&#13;&#10;&#9;&#9;&#9;break;&#13;&#10;&#9;&#9;case 1:&#13;&#10;&#9;&#9;&#9;//System.out.println(&quot;Case 1&quot;);&#13;&#10;&#9;&#9;&#9;if(move(x,y+1,dir2)){&#13;&#10;&#9;&#9;&#9;&#9;//System.out.println(&quot;(&quot;+x+&quot;,&quot;+y+&quot;trying move &quot;+dir2);&#13;&#10;&#9;&#9;&#9;//should always be true&#13;&#10;&#9;&#9;&#9;boolean move = move(x,y,dir1);&#13;&#10;&#9;&#9;&#9;//System.out.println(move);&#13;&#10;&#9;&#9;&#9;return move;&#13;&#10;&#9;&#9;&#9;}&#13;&#10;&#9;&#9;&#9;break;&#13;&#10;&#9;&#9;case 2:&#13;&#10;&#9;&#9;&#9;//System.out.println(&quot;Case 2&quot;);&#13;&#10;&#9;&#9;&#9;if(move(x+1,y,dir2)){&#13;&#10;&#9;&#9;&#9;&#9;//System.out.println(&quot;(&quot;+x+&quot;,&quot;+y+&quot;trying move &quot;+dir2);&#13;&#10;&#9;&#9;&#9;&#9;//should always be true&#13;&#10;&#9;&#9;&#9;&#9;boolean move = move(x,y,dir1);&#13;&#10;&#9;&#9;&#9;&#9;//System.out.println(move);&#13;&#10;&#9;&#9;&#9;&#9;return move;&#13;&#10;&#9;&#9;&#9;}&#13;&#10;&#9;&#9;&#9;break;&#13;&#10;&#9;&#9;case 3:&#13;&#10;&#9;&#9;&#9;//System.out.println(&quot;Case 3&quot;);&#13;&#10;&#9;&#9;&#9;if(move(x,y-1,dir2)){&#13;&#10;&#9;&#9;&#9;&#9;//System.out.println(&quot;(&quot;+x+&quot;,&quot;+y+&quot;) trying move &quot;+dir2);&#13;&#10;&#9;&#9;&#9;&#9;//should always be true&#13;&#10;&#9;&#9;&#9;&#9;boolean move = move(x,y,dir1);&#13;&#10;&#9;&#9;&#9;&#9;//System.out.println(move);&#13;&#10;&#9;&#9;&#9;&#9;return move;&#13;&#10;&#9;&#9;&#9;}&#13;&#10;&#9;&#9;&#9;break;&#13;&#10;&#9;&#9;&#13;&#10;&#9;&#9;}&#13;&#10;&#9;&#9;return false;&#13;&#10;&#9;}&#13;&#10;&#9;/**&#13;&#10;&#9; * 0: up, 1: right, 2: down, 3: left&#13;&#10;&#9; * @param x&#13;&#10;&#9; * @param y&#13;&#10;&#9; * @param dir1&#13;&#10;&#9; * @param dir2&#13;&#10;&#9; * @return&#13;&#10;&#9; */&#13;&#10;&#9;public boolean pull(int x, int y, int dir1, int dir2){&#13;&#10;&#9;&#9;if(getSpace(x, y)==null)&#13;&#10;&#9;&#9;&#9;return false;//trying to push with an empty square&#13;&#10;&#9;&#9;switch(dir1){&#13;&#10;&#9;&#9;case 0:&#13;&#10;&#9;&#9;&#9;System.out.println(&quot;Case 0&quot;);&#13;&#10;&#9;&#9;&#9;if(move(x,y-1,dir2)){&#13;&#10;&#9;&#9;&#9;&#9;System.out.println(&quot;(&quot;+x+&quot;,&quot;+y+&quot;trying move &quot;+dir2);&#13;&#10;&#9;&#9;&#9;&#9;//should always be true&#13;&#10;&#9;&#9;&#9;&#9;return move(x,y,dir1);&#13;&#10;&#9;&#9;&#9;}&#13;&#10;&#9;&#9;&#9;break;&#13;&#10;&#9;&#9;case 1:&#13;&#10;&#9;&#9;&#9;//System.out.println(&quot;Case 1&quot;);&#13;&#10;&#9;&#9;&#9;if(move(x+1,y,dir2)){&#13;&#10;&#9;&#9;&#9;&#9;System.out.println(&quot;(&quot;+x+&quot;,&quot;+y+&quot;trying move &quot;+dir2);&#13;&#10;&#9;&#9;&#9;//should always be true&#13;&#10;&#9;&#9;&#9;&#9;return move(x,y,dir1);&#13;&#10;&#9;&#9;&#9;}&#13;&#10;&#9;&#9;&#9;break;&#13;&#10;&#9;&#9;case 2:&#13;&#10;&#9;&#9;&#9;//System.out.println(&quot;Case 2&quot;);&#13;&#10;&#9;&#9;&#9;if(move(x,y+1,dir2)){&#13;&#10;&#9;&#9;&#9;&#9;//System.out.println(&quot;(&quot;+x+&quot;,&quot;+y+&quot;trying move &quot;+dir2);&#13;&#10;&#9;&#9;&#9;&#9;//should always be true&#13;&#10;&#9;&#9;&#9;&#9;return move(x,y,dir1);&#13;&#10;&#9;&#9;&#9;}&#13;&#10;&#9;&#9;&#9;break;&#13;&#10;&#9;&#9;case 3:&#13;&#10;&#9;&#9;&#9;System.out.println(&quot;Case 3&quot;);&#13;&#10;&#9;&#9;&#9;if(move(x-1,y,dir2)){&#13;&#10;&#9;&#9;&#9;&#9;System.out.println(&quot;(&quot;+x+&quot;,&quot;+y+&quot;) trying move &quot;+dir2);&#13;&#10;&#9;&#9;&#9;&#9;//should always be true&#13;&#10;&#9;&#9;&#9;&#9;return move(x,y,dir1);&#13;&#10;&#9;&#9;&#9;}&#13;&#10;&#9;&#9;&#9;break;&#13;&#10;&#9;&#9;&#13;&#10;&#9;&#9;}&#13;&#10;&#9;&#9;return false;&#13;&#10;&#9;}&#13;&#10;}&#13;&#10;" Filename="Game.java" Intrnl_Id="2"/>
<SrcFile Content="package game;&#13;&#10;/**&#13;&#10; * This class represents the states of the board.&#13;&#10; * &#13;&#10; * @author shellajt&#13;&#10; *&#13;&#10; */&#13;&#10;public class BoardState {&#13;&#10;&#9;//Fields&#13;&#10;&#9;private char[][] boardArray; //Represents the current state of the board&#13;&#10;&#9;private int turnNumber;&#13;&#10;&#9;&#13;&#10;&#9;public BoardState(char[][] map, int turnNumber){&#13;&#10;&#9;&#9;this.boardArray = map;&#13;&#10;&#9;&#9;this.turnNumber = turnNumber;&#13;&#10;&#9;}&#13;&#10;&#13;&#10;&#9;public char[][] getBoardArray() {&#13;&#10;&#9;&#9;return boardArray;&#13;&#10;&#9;}&#13;&#10;&#13;&#10;&#9;public void setBoardArray(char[][] boardArray) {&#13;&#10;&#9;&#9;this.boardArray = boardArray;&#13;&#10;&#9;}&#13;&#10;&#13;&#10;&#9;public int getTurnNumber() {&#13;&#10;&#9;&#9;return turnNumber;&#13;&#10;&#9;}&#13;&#10;&#13;&#10;&#9;public void setTurnNumber(int turnNumber) {&#13;&#10;&#9;&#9;this.turnNumber = turnNumber;&#13;&#10;&#9;}&#13;&#10;&#9;&#13;&#10;&#9;public void incrementTurn(){&#13;&#10;&#9;&#9;this.turnNumber++;&#13;&#10;&#9;}&#13;&#10;&#9;public BoardState clone(){&#13;&#10;&#9;&#9;return new BoardState(boardArray, turnNumber);&#13;&#10;&#9;}&#13;&#10;}&#13;&#10;" Filename="BoardState.java" Intrnl_Id="3"/>
</SrcFileList>
<CritList>
<CritListEntry Name="org.codecover.model.utils.criteria.LoopCoverage" PluginName="org.codecover"/>
<CritListEntry Name="org.codecover.model.utils.criteria.QMOCoverage" PluginName="org.codecover"/>
<CritListEntry Name="org.codecover.model.utils.criteria.ConditionCoverage" PluginName="org.codecover"/>
<CritListEntry Name="org.codecover.model.utils.criteria.BranchCoverage" PluginName="org.codecover"/>
<CritListEntry Name="org.codecover.model.utils.criteria.SynchronizedStatementCoverage" PluginName="org.codecover"/>
<CritListEntry Name="org.codecover.model.utils.criteria.StatementCoverage" PluginName="org.codecover"/>
</CritList>
<BoolOpList>
<BoolOp Arity="2" Intrnl_Id="4" Name="conditional and (&amp;&amp;)">
<BoolAssgnmntBoolMapList>
<MapEntry BoolAssgnmnt="02" Value="false"/>
<MapEntry BoolAssgnmnt="10" Value="false"/>
<MapEntry BoolAssgnmnt="11" Value="true"/>
</BoolAssgnmntBoolMapList>
</BoolOp>
</BoolOpList>
<HierarchyLvlTypeList>
<HierarchyLvlType EnglishName="enumeration" IntrnlName="enum" Intrnl_Id="5"/>
<HierarchyLvlType EnglishName="package" IntrnlName="package" Intrnl_Id="6"/>
<HierarchyLvlType EnglishName="method" IntrnlName="method" Intrnl_Id="7"/>
<HierarchyLvlType EnglishName="class" IntrnlName="class" Intrnl_Id="8"/>
<HierarchyLvlType EnglishName="default package" IntrnlName="default package" Intrnl_Id="9"/>
</HierarchyLvlTypeList>
<MASTRoot>
<HierarchyLvl HierarchyLvlId="389" HierarchyLvlTypeId="9" Intrnl_Id="10" Name="default package">
<Header/>
<LocList/>
<HierarchyLvl HierarchyLvlId="388" HierarchyLvlTypeId="6" Intrnl_Id="11" Name="game">
<Header/>
<LocList/>
<HierarchyLvl HierarchyLvlId="370" HierarchyLvlTypeId="8" Intrnl_Id="12" Name="Piece">
<Header>
<Loc EndOffset="59" SrcFileId="1" StartOffset="41"/>
</Header>
<LocList>
<Loc EndOffset="139" SrcFileId="1" StartOffset="41"/>
<Loc EndOffset="187" SrcFileId="1" StartOffset="181"/>
<Loc EndOffset="2029" SrcFileId="1" StartOffset="257"/>
</LocList>
<HierarchyLvl HierarchyLvlId="359" HierarchyLvlTypeId="5" Intrnl_Id="13" Name="Owner">
<Header>
<Loc EndOffset="156" SrcFileId="1" StartOffset="139"/>
</Header>
<LocList>
<Loc EndOffset="181" SrcFileId="1" StartOffset="139"/>
</LocList>
</HierarchyLvl>
<HierarchyLvl HierarchyLvlId="360" HierarchyLvlTypeId="5" Intrnl_Id="14" Name="PieceType">
<Header>
<Loc EndOffset="208" SrcFileId="1" StartOffset="187"/>
</Header>
<LocList>
<Loc EndOffset="257" SrcFileId="1" StartOffset="187"/>
</LocList>
</HierarchyLvl>
<HierarchyLvl HierarchyLvlId="361" HierarchyLvlTypeId="7" Intrnl_Id="15" Name="Piece">
<Header>
<Loc EndOffset="280" SrcFileId="1" StartOffset="260"/>
</Header>
<LocList>
<Loc EndOffset="1336" SrcFileId="1" StartOffset="260"/>
</LocList>
<StmntSeq Intrnl_Id="16">
<LocList>
<Loc EndOffset="1332" SrcFileId="1" StartOffset="285"/>
</LocList>
<CondStmnt CovItemId="S1" CovItemPrefix="game.Piece.java" Intrnl_Id="17">
<Branch CovItemId="B1" CovItemPrefix="game.Piece.java" Implct="false" Intrnl_Id="18">
<Cond>
<Loc EndOffset="307" SrcFileId="1" StartOffset="299"/>
</Cond>
<LocList>
<Loc EndOffset="383" SrcFileId="1" StartOffset="313"/>
</LocList>
<StmntSeq Intrnl_Id="19">
<LocList>
<Loc EndOffset="342" SrcFileId="1" StartOffset="313"/>
<Loc EndOffset="372" SrcFileId="1" StartOffset="347"/>
<Loc EndOffset="383" SrcFileId="1" StartOffset="377"/>
</LocList>
<BasicStmnt CovItemId="S2" CovItemPrefix="game.Piece.java" Intrnl_Id="20">
<LocList>
<Loc EndOffset="342" SrcFileId="1" StartOffset="313"/>
</LocList>
</BasicStmnt>
<BasicStmnt CovItemId="S3" CovItemPrefix="game.Piece.java" Intrnl_Id="21">
<LocList>
<Loc EndOffset="372" SrcFileId="1" StartOffset="347"/>
</LocList>
</BasicStmnt>
<BasicStmnt CovItemId="S4" CovItemPrefix="game.Piece.java" Intrnl_Id="22">
<LocList>
<Loc EndOffset="383" SrcFileId="1" StartOffset="377"/>
</LocList>
</BasicStmnt>
</StmntSeq>
</Branch>
<Branch CovItemId="B2" CovItemPrefix="game.Piece.java" Implct="false" Intrnl_Id="23">
<Cond>
<Loc EndOffset="395" SrcFileId="1" StartOffset="387"/>
</Cond>
<LocList>
<Loc EndOffset="468" SrcFileId="1" StartOffset="401"/>
</LocList>
<StmntSeq Intrnl_Id="24">
<LocList>
<Loc EndOffset="427" SrcFileId="1" StartOffset="401"/>
<Loc EndOffset="457" SrcFileId="1" StartOffset="432"/>
<Loc EndOffset="468" SrcFileId="1" StartOffset="462"/>
</LocList>
<BasicStmnt CovItemId="S5" CovItemPrefix="game.Piece.java" Intrnl_Id="25">
<LocList>
<Loc EndOffset="427" SrcFileId="1" StartOffset="401"/>
</LocList>
</BasicStmnt>
<BasicStmnt CovItemId="S6" CovItemPrefix="game.Piece.java" Intrnl_Id="26">
<LocList>
<Loc EndOffset="457" SrcFileId="1" StartOffset="432"/>
</LocList>
</BasicStmnt>
<BasicStmnt CovItemId="S7" CovItemPrefix="game.Piece.java" Intrnl_Id="27">
<LocList>
<Loc EndOffset="468" SrcFileId="1" StartOffset="462"/>
</LocList>
</BasicStmnt>
</StmntSeq>
</Branch>
<Branch CovItemId="B3" CovItemPrefix="game.Piece.java" Implct="false" Intrnl_Id="28">
<Cond>
<Loc EndOffset="480" SrcFileId="1" StartOffset="472"/>
</Cond>
<LocList>
<Loc EndOffset="553" SrcFileId="1" StartOffset="486"/>
</LocList>
<StmntSeq Intrnl_Id="29">
<LocList>
<Loc EndOffset="512" SrcFileId="1" StartOffset="486"/>
<Loc EndOffset="542" SrcFileId="1" StartOffset="517"/>
<Loc EndOffset="553" SrcFileId="1" StartOffset="547"/>
</LocList>
<BasicStmnt CovItemId="S8" CovItemPrefix="game.Piece.java" Intrnl_Id="30">
<LocList>
<Loc EndOffset="512" SrcFileId="1" StartOffset="486"/>
</LocList>
</BasicStmnt>
<BasicStmnt CovItemId="S9" CovItemPrefix="game.Piece.java" Intrnl_Id="31">
<LocList>
<Loc EndOffset="542" SrcFileId="1" StartOffset="517"/>
</LocList>
</BasicStmnt>
<BasicStmnt CovItemId="S10" CovItemPrefix="game.Piece.java" Intrnl_Id="32">
<LocList>
<Loc EndOffset="553" SrcFileId="1" StartOffset="547"/>
</LocList>
</BasicStmnt>
</StmntSeq>
</Branch>
<Branch CovItemId="B4" CovItemPrefix="game.Piece.java" Implct="false" Intrnl_Id="33">
<Cond>
<Loc EndOffset="565" SrcFileId="1" StartOffset="557"/>
</Cond>
<LocList>
<Loc EndOffset="636" SrcFileId="1" StartOffset="571"/>
</LocList>
<StmntSeq Intrnl_Id="34">
<LocList>
<Loc EndOffset="595" SrcFileId="1" StartOffset="571"/>
<Loc EndOffset="625" SrcFileId="1" StartOffset="600"/>
<Loc EndOffset="636" SrcFileId="1" StartOffset="630"/>
</LocList>
<BasicStmnt CovItemId="S11" CovItemPrefix="game.Piece.java" Intrnl_Id="35">
<LocList>
<Loc EndOffset="595" SrcFileId="1" StartOffset="571"/>
</LocList>
</BasicStmnt>
<BasicStmnt CovItemId="S12" CovItemPrefix="game.Piece.java" Intrnl_Id="36">
<LocList>
<Loc EndOffset="625" SrcFileId="1" StartOffset="600"/>
</LocList>
</BasicStmnt>
<BasicStmnt CovItemId="S13" CovItemPrefix="game.Piece.java" Intrnl_Id="37">
<LocList>
<Loc EndOffset="636" SrcFileId="1" StartOffset="630"/>
</LocList>
</BasicStmnt>
</StmntSeq>
</Branch>
<Branch CovItemId="B5" CovItemPrefix="game.Piece.java" Implct="false" Intrnl_Id="38">
<Cond>
<Loc EndOffset="648" SrcFileId="1" StartOffset="640"/>
</Cond>
<LocList>
<Loc EndOffset="719" SrcFileId="1" StartOffset="654"/>
</LocList>
<StmntSeq Intrnl_Id="39">
<LocList>
<Loc EndOffset="678" SrcFileId="1" StartOffset="654"/>
<Loc EndOffset="708" SrcFileId="1" StartOffset="683"/>
<Loc EndOffset="719" SrcFileId="1" StartOffset="713"/>
</LocList>
<BasicStmnt CovItemId="S14" CovItemPrefix="game.Piece.java" Intrnl_Id="40">
<LocList>
<Loc EndOffset="678" SrcFileId="1" StartOffset="654"/>
</LocList>
</BasicStmnt>
<BasicStmnt CovItemId="S15" CovItemPrefix="game.Piece.java" Intrnl_Id="41">
<LocList>
<Loc EndOffset="708" SrcFileId="1" StartOffset="683"/>
</LocList>
</BasicStmnt>
<BasicStmnt CovItemId="S16" CovItemPrefix="game.Piece.java" Intrnl_Id="42">
<LocList>
<Loc EndOffset="719" SrcFileId="1" StartOffset="713"/>
</LocList>
</BasicStmnt>
</StmntSeq>
</Branch>
<Branch CovItemId="B6" CovItemPrefix="game.Piece.java" Implct="false" Intrnl_Id="43">
<Cond>
<Loc EndOffset="731" SrcFileId="1" StartOffset="723"/>
</Cond>
<LocList>
<Loc EndOffset="805" SrcFileId="1" StartOffset="737"/>
</LocList>
<StmntSeq Intrnl_Id="44">
<LocList>
<Loc EndOffset="764" SrcFileId="1" StartOffset="737"/>
<Loc EndOffset="794" SrcFileId="1" StartOffset="769"/>
<Loc EndOffset="805" SrcFileId="1" StartOffset="799"/>
</LocList>
<BasicStmnt CovItemId="S17" CovItemPrefix="game.Piece.java" Intrnl_Id="45">
<LocList>
<Loc EndOffset="764" SrcFileId="1" StartOffset="737"/>
</LocList>
</BasicStmnt>
<BasicStmnt CovItemId="S18" CovItemPrefix="game.Piece.java" Intrnl_Id="46">
<LocList>
<Loc EndOffset="794" SrcFileId="1" StartOffset="769"/>
</LocList>
</BasicStmnt>
<BasicStmnt CovItemId="S19" CovItemPrefix="game.Piece.java" Intrnl_Id="47">
<LocList>
<Loc EndOffset="805" SrcFileId="1" StartOffset="799"/>
</LocList>
</BasicStmnt>
</StmntSeq>
</Branch>
<Branch CovItemId="B7" CovItemPrefix="game.Piece.java" Implct="false" Intrnl_Id="48">
<Cond>
<Loc EndOffset="817" SrcFileId="1" StartOffset="809"/>
</Cond>
<LocList>
<Loc EndOffset="893" SrcFileId="1" StartOffset="823"/>
</LocList>
<StmntSeq Intrnl_Id="49">
<LocList>
<Loc EndOffset="852" SrcFileId="1" StartOffset="823"/>
<Loc EndOffset="882" SrcFileId="1" StartOffset="857"/>
<Loc EndOffset="893" SrcFileId="1" StartOffset="887"/>
</LocList>
<BasicStmnt CovItemId="S20" CovItemPrefix="game.Piece.java" Intrnl_Id="50">
<LocList>
<Loc EndOffset="852" SrcFileId="1" StartOffset="823"/>
</LocList>
</BasicStmnt>
<BasicStmnt CovItemId="S21" CovItemPrefix="game.Piece.java" Intrnl_Id="51">
<LocList>
<Loc EndOffset="882" SrcFileId="1" StartOffset="857"/>
</LocList>
</BasicStmnt>
<BasicStmnt CovItemId="S22" CovItemPrefix="game.Piece.java" Intrnl_Id="52">
<LocList>
<Loc EndOffset="893" SrcFileId="1" StartOffset="887"/>
</LocList>
</BasicStmnt>
</StmntSeq>
</Branch>
<Branch CovItemId="B8" CovItemPrefix="game.Piece.java" Implct="false" Intrnl_Id="53">
<Cond>
<Loc EndOffset="905" SrcFileId="1" StartOffset="897"/>
</Cond>
<LocList>
<Loc EndOffset="978" SrcFileId="1" StartOffset="911"/>
</LocList>
<StmntSeq Intrnl_Id="54">
<LocList>
<Loc EndOffset="937" SrcFileId="1" StartOffset="911"/>
<Loc EndOffset="967" SrcFileId="1" StartOffset="942"/>
<Loc EndOffset="978" SrcFileId="1" StartOffset="972"/>
</LocList>
<BasicStmnt CovItemId="S23" CovItemPrefix="game.Piece.java" Intrnl_Id="55">
<LocList>
<Loc EndOffset="937" SrcFileId="1" StartOffset="911"/>
</LocList>
</BasicStmnt>
<BasicStmnt CovItemId="S24" CovItemPrefix="game.Piece.java" Intrnl_Id="56">
<LocList>
<Loc EndOffset="967" SrcFileId="1" StartOffset="942"/>
</LocList>
</BasicStmnt>
<BasicStmnt CovItemId="S25" CovItemPrefix="game.Piece.java" Intrnl_Id="57">
<LocList>
<Loc EndOffset="978" SrcFileId="1" StartOffset="972"/>
</LocList>
</BasicStmnt>
</StmntSeq>
</Branch>
<Branch CovItemId="B9" CovItemPrefix="game.Piece.java" Implct="false" Intrnl_Id="58">
<Cond>
<Loc EndOffset="990" SrcFileId="1" StartOffset="982"/>
</Cond>
<LocList>
<Loc EndOffset="1063" SrcFileId="1" StartOffset="996"/>
</LocList>
<StmntSeq Intrnl_Id="59">
<LocList>
<Loc EndOffset="1022" SrcFileId="1" StartOffset="996"/>
<Loc EndOffset="1052" SrcFileId="1" StartOffset="1027"/>
<Loc EndOffset="1063" SrcFileId="1" StartOffset="1057"/>
</LocList>
<BasicStmnt CovItemId="S26" CovItemPrefix="game.Piece.java" Intrnl_Id="60">
<LocList>
<Loc EndOffset="1022" SrcFileId="1" StartOffset="996"/>
</LocList>
</BasicStmnt>
<BasicStmnt CovItemId="S27" CovItemPrefix="game.Piece.java" Intrnl_Id="61">
<LocList>
<Loc EndOffset="1052" SrcFileId="1" StartOffset="1027"/>
</LocList>
</BasicStmnt>
<BasicStmnt CovItemId="S28" CovItemPrefix="game.Piece.java" Intrnl_Id="62">
<LocList>
<Loc EndOffset="1063" SrcFileId="1" StartOffset="1057"/>
</LocList>
</BasicStmnt>
</StmntSeq>
</Branch>
<Branch CovItemId="B10" CovItemPrefix="game.Piece.java" Implct="false" Intrnl_Id="63">
<Cond>
<Loc EndOffset="1075" SrcFileId="1" StartOffset="1067"/>
</Cond>
<LocList>
<Loc EndOffset="1146" SrcFileId="1" StartOffset="1081"/>
</LocList>
<StmntSeq Intrnl_Id="64">
<LocList>
<Loc EndOffset="1105" SrcFileId="1" StartOffset="1081"/>
<Loc EndOffset="1135" SrcFileId="1" StartOffset="1110"/>
<Loc EndOffset="1146" SrcFileId="1" StartOffset="1140"/>
</LocList>
<BasicStmnt CovItemId="S29" CovItemPrefix="game.Piece.java" Intrnl_Id="65">
<LocList>
<Loc EndOffset="1105" SrcFileId="1" StartOffset="1081"/>
</LocList>
</BasicStmnt>
<BasicStmnt CovItemId="S30" CovItemPrefix="game.Piece.java" Intrnl_Id="66">
<LocList>
<Loc EndOffset="1135" SrcFileId="1" StartOffset="1110"/>
</LocList>
</BasicStmnt>
<BasicStmnt CovItemId="S31" CovItemPrefix="game.Piece.java" Intrnl_Id="67">
<LocList>
<Loc EndOffset="1146" SrcFileId="1" StartOffset="1140"/>
</LocList>
</BasicStmnt>
</StmntSeq>
</Branch>
<Branch CovItemId="B11" CovItemPrefix="game.Piece.java" Implct="false" Intrnl_Id="68">
<Cond>
<Loc EndOffset="1158" SrcFileId="1" StartOffset="1150"/>
</Cond>
<LocList>
<Loc EndOffset="1229" SrcFileId="1" StartOffset="1164"/>
</LocList>
<StmntSeq Intrnl_Id="69">
<LocList>
<Loc EndOffset="1188" SrcFileId="1" StartOffset="1164"/>
<Loc EndOffset="1218" SrcFileId="1" StartOffset="1193"/>
<Loc EndOffset="1229" SrcFileId="1" StartOffset="1223"/>
</LocList>
<BasicStmnt CovItemId="S32" CovItemPrefix="game.Piece.java" Intrnl_Id="70">
<LocList>
<Loc EndOffset="1188" SrcFileId="1" StartOffset="1164"/>
</LocList>
</BasicStmnt>
<BasicStmnt CovItemId="S33" CovItemPrefix="game.Piece.java" Intrnl_Id="71">
<LocList>
<Loc EndOffset="1218" SrcFileId="1" StartOffset="1193"/>
</LocList>
</BasicStmnt>
<BasicStmnt CovItemId="S34" CovItemPrefix="game.Piece.java" Intrnl_Id="72">
<LocList>
<Loc EndOffset="1229" SrcFileId="1" StartOffset="1223"/>
</LocList>
</BasicStmnt>
</StmntSeq>
</Branch>
<Branch CovItemId="B12" CovItemPrefix="game.Piece.java" Implct="false" Intrnl_Id="73">
<Cond>
<Loc EndOffset="1241" SrcFileId="1" StartOffset="1233"/>
</Cond>
<LocList>
<Loc EndOffset="1315" SrcFileId="1" StartOffset="1247"/>
</LocList>
<StmntSeq Intrnl_Id="74">
<LocList>
<Loc EndOffset="1274" SrcFileId="1" StartOffset="1247"/>
<Loc EndOffset="1304" SrcFileId="1" StartOffset="1279"/>
<Loc EndOffset="1315" SrcFileId="1" StartOffset="1309"/>
</LocList>
<BasicStmnt CovItemId="S35" CovItemPrefix="game.Piece.java" Intrnl_Id="75">
<LocList>
<Loc EndOffset="1274" SrcFileId="1" StartOffset="1247"/>
</LocList>
</BasicStmnt>
<BasicStmnt CovItemId="S36" CovItemPrefix="game.Piece.java" Intrnl_Id="76">
<LocList>
<Loc EndOffset="1304" SrcFileId="1" StartOffset="1279"/>
</LocList>
</BasicStmnt>
<BasicStmnt CovItemId="S37" CovItemPrefix="game.Piece.java" Intrnl_Id="77">
<LocList>
<Loc EndOffset="1315" SrcFileId="1" StartOffset="1309"/>
</LocList>
</BasicStmnt>
</StmntSeq>
</Branch>
<Branch CovItemId="B13" CovItemPrefix="game.Piece.java" Implct="false" Intrnl_Id="78">
<Cond>
<Loc EndOffset="1326" SrcFileId="1" StartOffset="1319"/>
</Cond>
<LocList/>
<StmntSeq Intrnl_Id="79">
<LocList/>
</StmntSeq>
</Branch>
<Keyword EndOffset="291" SrcFileId="1" StartOffset="285"/>
<LocList>
<Loc EndOffset="1332" SrcFileId="1" StartOffset="285"/>
</LocList>
</CondStmnt>
</StmntSeq>
</HierarchyLvl>
<HierarchyLvl HierarchyLvlId="362" HierarchyLvlTypeId="7" Intrnl_Id="80" Name="Piece">
<Header>
<Loc EndOffset="1382" SrcFileId="1" StartOffset="1339"/>
</Header>
<LocList>
<Loc EndOffset="1443" SrcFileId="1" StartOffset="1339"/>
</LocList>
<StmntSeq Intrnl_Id="81">
<LocList>
<Loc EndOffset="1401" SrcFileId="1" StartOffset="1387"/>
<Loc EndOffset="1420" SrcFileId="1" StartOffset="1405"/>
<Loc EndOffset="1439" SrcFileId="1" StartOffset="1424"/>
</LocList>
<BasicStmnt CovItemId="S38" CovItemPrefix="game.Piece.java" Intrnl_Id="82">
<LocList>
<Loc EndOffset="1401" SrcFileId="1" StartOffset="1387"/>
</LocList>
</BasicStmnt>
<BasicStmnt CovItemId="S39" CovItemPrefix="game.Piece.java" Intrnl_Id="83">
<LocList>
<Loc EndOffset="1420" SrcFileId="1" StartOffset="1405"/>
</LocList>
</BasicStmnt>
<BasicStmnt CovItemId="S40" CovItemPrefix="game.Piece.java" Intrnl_Id="84">
<LocList>
<Loc EndOffset="1439" SrcFileId="1" StartOffset="1424"/>
</LocList>
</BasicStmnt>
</StmntSeq>
</HierarchyLvl>
<HierarchyLvl HierarchyLvlId="363" HierarchyLvlTypeId="7" Intrnl_Id="85" Name="getType">
<Header>
<Loc EndOffset="1474" SrcFileId="1" StartOffset="1448"/>
</Header>
<LocList>
<Loc EndOffset="1501" SrcFileId="1" StartOffset="1448"/>
</LocList>
<StmntSeq Intrnl_Id="86">
<LocList>
<Loc EndOffset="1497" SrcFileId="1" StartOffset="1480"/>
</LocList>
<BasicStmnt CovItemId="S41" CovItemPrefix="game.Piece.java" Intrnl_Id="87">
<LocList>
<Loc EndOffset="1497" SrcFileId="1" StartOffset="1480"/>
</LocList>
</BasicStmnt>
</StmntSeq>
</HierarchyLvl>
<HierarchyLvl HierarchyLvlId="364" HierarchyLvlTypeId="7" Intrnl_Id="88" Name="setType">
<Header>
<Loc EndOffset="1541" SrcFileId="1" StartOffset="1506"/>
</Header>
<LocList>
<Loc EndOffset="1569" SrcFileId="1" StartOffset="1506"/>
</LocList>
<StmntSeq Intrnl_Id="89">
<LocList>
<Loc EndOffset="1564" SrcFileId="1" StartOffset="1547"/>
</LocList>
<BasicStmnt CovItemId="S42" CovItemPrefix="game.Piece.java" Intrnl_Id="90">
<LocList>
<Loc EndOffset="1564" SrcFileId="1" StartOffset="1547"/>
</LocList>
</BasicStmnt>
</StmntSeq>
</HierarchyLvl>
<HierarchyLvl HierarchyLvlId="365" HierarchyLvlTypeId="7" Intrnl_Id="91" Name="getImage">
<Header>
<Loc EndOffset="1597" SrcFileId="1" StartOffset="1574"/>
</Header>
<LocList>
<Loc EndOffset="1625" SrcFileId="1" StartOffset="1574"/>
</LocList>
<StmntSeq Intrnl_Id="92">
<LocList>
<Loc EndOffset="1621" SrcFileId="1" StartOffset="1603"/>
</LocList>
<BasicStmnt CovItemId="S43" CovItemPrefix="game.Piece.java" Intrnl_Id="93">
<LocList>
<Loc EndOffset="1621" SrcFileId="1" StartOffset="1603"/>
</LocList>
</BasicStmnt>
</StmntSeq>
</HierarchyLvl>
<HierarchyLvl HierarchyLvlId="366" HierarchyLvlTypeId="7" Intrnl_Id="94" Name="setImg">
<Header>
<Loc EndOffset="1659" SrcFileId="1" StartOffset="1630"/>
</Header>
<LocList>
<Loc EndOffset="1686" SrcFileId="1" StartOffset="1630"/>
</LocList>
<StmntSeq Intrnl_Id="95">
<LocList>
<Loc EndOffset="1682" SrcFileId="1" StartOffset="1665"/>
</LocList>
<BasicStmnt CovItemId="S44" CovItemPrefix="game.Piece.java" Intrnl_Id="96">
<LocList>
<Loc EndOffset="1682" SrcFileId="1" StartOffset="1665"/>
</LocList>
</BasicStmnt>
</StmntSeq>
</HierarchyLvl>
<HierarchyLvl HierarchyLvlId="367" HierarchyLvlTypeId="7" Intrnl_Id="97" Name="getOwner">
<Header>
<Loc EndOffset="1714" SrcFileId="1" StartOffset="1691"/>
</Header>
<LocList>
<Loc EndOffset="1742" SrcFileId="1" StartOffset="1691"/>
</LocList>
<StmntSeq Intrnl_Id="98">
<LocList>
<Loc EndOffset="1738" SrcFileId="1" StartOffset="1720"/>
</LocList>
<BasicStmnt CovItemId="S45" CovItemPrefix="game.Piece.java" Intrnl_Id="99">
<LocList>
<Loc EndOffset="1738" SrcFileId="1" StartOffset="1720"/>
</LocList>
</BasicStmnt>
</StmntSeq>
</HierarchyLvl>
<HierarchyLvl HierarchyLvlId="368" HierarchyLvlTypeId="7" Intrnl_Id="100" Name="setOwner">
<Header>
<Loc EndOffset="1780" SrcFileId="1" StartOffset="1747"/>
</Header>
<LocList>
<Loc EndOffset="1809" SrcFileId="1" StartOffset="1747"/>
</LocList>
<StmntSeq Intrnl_Id="101">
<LocList>
<Loc EndOffset="1805" SrcFileId="1" StartOffset="1786"/>
</LocList>
<BasicStmnt CovItemId="S46" CovItemPrefix="game.Piece.java" Intrnl_Id="102">
<LocList>
<Loc EndOffset="1805" SrcFileId="1" StartOffset="1786"/>
</LocList>
</BasicStmnt>
</StmntSeq>
</HierarchyLvl>
<HierarchyLvl HierarchyLvlId="369" HierarchyLvlTypeId="7" Intrnl_Id="103" Name="equals">
<Header>
<Loc EndOffset="1847" SrcFileId="1" StartOffset="1815"/>
</Header>
<LocList>
<Loc EndOffset="2026" SrcFileId="1" StartOffset="1815"/>
</LocList>
<StmntSeq Intrnl_Id="104">
<LocList>
<Loc EndOffset="2001" SrcFileId="1" StartOffset="1852"/>
<Loc EndOffset="2018" SrcFileId="1" StartOffset="2005"/>
</LocList>
<CondStmnt CovItemId="S47" CovItemPrefix="game.Piece.java" Intrnl_Id="105">
<Branch CovItemId="B14" CovItemPrefix="game.Piece.java" Implct="false" Intrnl_Id="106">
<Cond/>
<LocList>
<Loc EndOffset="2001" SrcFileId="1" StartOffset="1877"/>
</LocList>
<StmntSeq Intrnl_Id="107">
<LocList>
<Loc EndOffset="1996" SrcFileId="1" StartOffset="1883"/>
</LocList>
<CondStmnt CovItemId="S48" CovItemPrefix="game.Piece.java" Intrnl_Id="108">
<Branch CovItemId="B16" CovItemPrefix="game.Piece.java" Implct="false" Intrnl_Id="109">
<Cond/>
<LocList>
<Loc EndOffset="1996" SrcFileId="1" StartOffset="1971"/>
</LocList>
<StmntSeq Intrnl_Id="110">
<LocList>
<Loc EndOffset="1990" SrcFileId="1" StartOffset="1978"/>
</LocList>
<BasicStmnt CovItemId="S49" CovItemPrefix="game.Piece.java" Intrnl_Id="111">
<LocList>
<Loc EndOffset="1990" SrcFileId="1" StartOffset="1978"/>
</LocList>
</BasicStmnt>
</StmntSeq>
</Branch>
<Branch CovItemId="B17" CovItemPrefix="game.Piece.java" Implct="true" Intrnl_Id="112">
<Cond/>
<LocList/>
<StmntSeq Intrnl_Id="113">
<LocList/>
</StmntSeq>
</Branch>
<Keyword EndOffset="1885" SrcFileId="1" StartOffset="1883"/>
<LocList>
<Loc EndOffset="1996" SrcFileId="1" StartOffset="1883"/>
</LocList>
<RootTerm CovItemId="C2" CovItemPrefix="game.Piece.java" Intrnl_Id="114">
<OpTerm BooleanOpId="4" Intrnl_Id="115">
<BasicBoolTerm Intrnl_Id="116">
<LocList>
<Loc EndOffset="1924" SrcFileId="1" StartOffset="1886"/>
</LocList>
</BasicBoolTerm>
<BasicBoolTerm Intrnl_Id="117">
<LocList>
<Loc EndOffset="1969" SrcFileId="1" StartOffset="1929"/>
</LocList>
</BasicBoolTerm>
<LocList>
<Loc EndOffset="1927" SrcFileId="1" StartOffset="1925"/>
</LocList>
</OpTerm>
</RootTerm>
</CondStmnt>
</StmntSeq>
</Branch>
<Branch CovItemId="B15" CovItemPrefix="game.Piece.java" Implct="true" Intrnl_Id="118">
<Cond/>
<LocList/>
<StmntSeq Intrnl_Id="119">
<LocList/>
</StmntSeq>
</Branch>
<Keyword EndOffset="1854" SrcFileId="1" StartOffset="1852"/>
<LocList>
<Loc EndOffset="2001" SrcFileId="1" StartOffset="1852"/>
</LocList>
<RootTerm CovItemId="C1" CovItemPrefix="game.Piece.java" Intrnl_Id="120">
<BasicBoolTerm Intrnl_Id="121">
<LocList>
<Loc EndOffset="1875" SrcFileId="1" StartOffset="1856"/>
</LocList>
</BasicBoolTerm>
</RootTerm>
</CondStmnt>
<BasicStmnt CovItemId="S50" CovItemPrefix="game.Piece.java" Intrnl_Id="122">
<LocList>
<Loc EndOffset="2018" SrcFileId="1" StartOffset="2005"/>
</LocList>
</BasicStmnt>
</StmntSeq>
</HierarchyLvl>
</HierarchyLvl>
<HierarchyLvl HierarchyLvlId="379" HierarchyLvlTypeId="8" Intrnl_Id="123" Name="Game">
<Header>
<Loc EndOffset="91" SrcFileId="2" StartOffset="74"/>
</Header>
<LocList>
<Loc EndOffset="5576" SrcFileId="2" StartOffset="74"/>
</LocList>
<StmntSeq Intrnl_Id="124">
<LocList>
<Loc EndOffset="165" SrcFileId="2" StartOffset="107"/>
<Loc EndOffset="204" SrcFileId="2" StartOffset="168"/>
<Loc EndOffset="227" SrcFileId="2" StartOffset="207"/>
<Loc EndOffset="247" SrcFileId="2" StartOffset="230"/>
<Loc EndOffset="267" SrcFileId="2" StartOffset="250"/>
<Loc EndOffset="288" SrcFileId="2" StartOffset="270"/>
</LocList>
<BasicStmnt CovItemId="S1" CovItemPrefix="game.Game.java" Intrnl_Id="125">
<LocList>
<Loc EndOffset="165" SrcFileId="2" StartOffset="107"/>
</LocList>
</BasicStmnt>
<BasicStmnt CovItemId="S2" CovItemPrefix="game.Game.java" Intrnl_Id="126">
<LocList>
<Loc EndOffset="204" SrcFileId="2" StartOffset="168"/>
</LocList>
</BasicStmnt>
<BasicStmnt CovItemId="S3" CovItemPrefix="game.Game.java" Intrnl_Id="127">
<LocList>
<Loc EndOffset="227" SrcFileId="2" StartOffset="207"/>
</LocList>
</BasicStmnt>
<BasicStmnt CovItemId="S4" CovItemPrefix="game.Game.java" Intrnl_Id="128">
<LocList>
<Loc EndOffset="247" SrcFileId="2" StartOffset="230"/>
</LocList>
</BasicStmnt>
<BasicStmnt CovItemId="S5" CovItemPrefix="game.Game.java" Intrnl_Id="129">
<LocList>
<Loc EndOffset="267" SrcFileId="2" StartOffset="250"/>
</LocList>
</BasicStmnt>
<BasicStmnt CovItemId="S6" CovItemPrefix="game.Game.java" Intrnl_Id="130">
<LocList>
<Loc EndOffset="288" SrcFileId="2" StartOffset="270"/>
</LocList>
</BasicStmnt>
</StmntSeq>
<HierarchyLvl HierarchyLvlId="371" HierarchyLvlTypeId="7" Intrnl_Id="131" Name="Game">
<Header>
<Loc EndOffset="319" SrcFileId="2" StartOffset="294"/>
</Header>
<LocList>
<Loc EndOffset="346" SrcFileId="2" StartOffset="294"/>
</LocList>
<StmntSeq Intrnl_Id="132">
<LocList>
<Loc EndOffset="342" SrcFileId="2" StartOffset="325"/>
</LocList>
<BasicStmnt CovItemId="S7" CovItemPrefix="game.Game.java" Intrnl_Id="133">
<LocList>
<Loc EndOffset="342" SrcFileId="2" StartOffset="325"/>
</LocList>
</BasicStmnt>
</StmntSeq>
</HierarchyLvl>
<HierarchyLvl HierarchyLvlId="372" HierarchyLvlTypeId="7" Intrnl_Id="134" Name="Game">
<Header>
<Loc EndOffset="426" SrcFileId="2" StartOffset="413"/>
</Header>
<LocList>
<Loc EndOffset="805" SrcFileId="2" StartOffset="413"/>
</LocList>
<StmntSeq Intrnl_Id="135">
<LocList>
<Loc EndOffset="801" SrcFileId="2" StartOffset="431"/>
</LocList>
<BasicStmnt CovItemId="S8" CovItemPrefix="game.Game.java" Intrnl_Id="136">
<LocList>
<Loc EndOffset="801" SrcFileId="2" StartOffset="431"/>
</LocList>
</BasicStmnt>
</StmntSeq>
</HierarchyLvl>
<HierarchyLvl HierarchyLvlId="373" HierarchyLvlTypeId="7" Intrnl_Id="137" Name="render">
<Header>
<Loc EndOffset="846" SrcFileId="2" StartOffset="826"/>
</Header>
<LocList>
<Loc EndOffset="848" SrcFileId="2" StartOffset="826"/>
</LocList>
</HierarchyLvl>
<HierarchyLvl HierarchyLvlId="374" HierarchyLvlTypeId="7" Intrnl_Id="138" Name="getSpace">
<Header>
<Loc EndOffset="945" SrcFileId="2" StartOffset="910"/>
</Header>
<LocList>
<Loc EndOffset="1075" SrcFileId="2" StartOffset="910"/>
</LocList>
<StmntSeq Intrnl_Id="139">
<LocList>
<Loc EndOffset="1010" SrcFileId="2" StartOffset="950"/>
<Loc EndOffset="1067" SrcFileId="2" StartOffset="1014"/>
</LocList>
<CondStmnt CovItemId="S9" CovItemPrefix="game.Game.java" Intrnl_Id="140">
<Branch CovItemId="B1" CovItemPrefix="game.Game.java" Implct="false" Intrnl_Id="141">
<Cond/>
<LocList>
<Loc EndOffset="1010" SrcFileId="2" StartOffset="998"/>
</LocList>
<StmntSeq Intrnl_Id="142">
<LocList>
<Loc EndOffset="1010" SrcFileId="2" StartOffset="998"/>
</LocList>
<BasicStmnt CovItemId="S10" CovItemPrefix="game.Game.java" Intrnl_Id="143">
<LocList>
<Loc EndOffset="1010" SrcFileId="2" StartOffset="998"/>
</LocList>
</BasicStmnt>
</StmntSeq>
</Branch>
<Branch CovItemId="B2" CovItemPrefix="game.Game.java" Implct="true" Intrnl_Id="144">
<Cond/>
<LocList/>
<StmntSeq Intrnl_Id="145">
<LocList/>
</StmntSeq>
</Branch>
<Keyword EndOffset="952" SrcFileId="2" StartOffset="950"/>
<LocList>
<Loc EndOffset="1010" SrcFileId="2" StartOffset="950"/>
</LocList>
<RootTerm CovItemId="C1" CovItemPrefix="game.Game.java" Intrnl_Id="146">
<BasicBoolTerm Intrnl_Id="147">
<LocList>
<Loc EndOffset="992" SrcFileId="2" StartOffset="953"/>
</LocList>
</BasicBoolTerm>
</RootTerm>
</CondStmnt>
<BasicStmnt CovItemId="S11" CovItemPrefix="game.Game.java" Intrnl_Id="148">
<LocList>
<Loc EndOffset="1067" SrcFileId="2" StartOffset="1014"/>
</LocList>
</BasicStmnt>
</StmntSeq>
</HierarchyLvl>
<HierarchyLvl HierarchyLvlId="375" HierarchyLvlTypeId="7" Intrnl_Id="149" Name="move">
<Header>
<Loc EndOffset="1243" SrcFileId="2" StartOffset="1194"/>
</Header>
<LocList>
<Loc EndOffset="2155" SrcFileId="2" StartOffset="1194"/>
</LocList>
<StmntSeq Intrnl_Id="150">
<LocList>
<Loc EndOffset="1273" SrcFileId="2" StartOffset="1248"/>
<Loc EndOffset="1311" SrcFileId="2" StartOffset="1277"/>
<Loc EndOffset="2151" SrcFileId="2" StartOffset="1315"/>
</LocList>
<BasicStmnt CovItemId="S12" CovItemPrefix="game.Game.java" Intrnl_Id="151">
<LocList>
<Loc EndOffset="1273" SrcFileId="2" StartOffset="1248"/>
</LocList>
</BasicStmnt>
<BasicStmnt CovItemId="S13" CovItemPrefix="game.Game.java" Intrnl_Id="152">
<LocList>
<Loc EndOffset="1311" SrcFileId="2" StartOffset="1277"/>
</LocList>
</BasicStmnt>
<CondStmnt CovItemId="S14" CovItemPrefix="game.Game.java" Intrnl_Id="153">
<Branch CovItemId="B3" CovItemPrefix="game.Game.java" Implct="false" Intrnl_Id="154">
<Cond>
<Loc EndOffset="1337" SrcFileId="2" StartOffset="1331"/>
</Cond>
<LocList>
<Loc EndOffset="1520" SrcFileId="2" StartOffset="1359"/>
</LocList>
<StmntSeq Intrnl_Id="155">
<LocList>
<Loc EndOffset="1502" SrcFileId="2" StartOffset="1359"/>
<Loc EndOffset="1520" SrcFileId="2" StartOffset="1507"/>
</LocList>
<CondStmnt CovItemId="S15" CovItemPrefix="game.Game.java" Intrnl_Id="156">
<Branch CovItemId="B4" CovItemPrefix="game.Game.java" Implct="false" Intrnl_Id="157">
<Cond/>
<LocList>
<Loc EndOffset="1502" SrcFileId="2" StartOffset="1431"/>
</LocList>
<StmntSeq Intrnl_Id="158">
<LocList>
<Loc EndOffset="1478" SrcFileId="2" StartOffset="1438"/>
<Loc EndOffset="1496" SrcFileId="2" StartOffset="1484"/>
</LocList>
<BasicStmnt CovItemId="S16" CovItemPrefix="game.Game.java" Intrnl_Id="159">
<LocList>
<Loc EndOffset="1478" SrcFileId="2" StartOffset="1438"/>
</LocList>
</BasicStmnt>
<BasicStmnt CovItemId="S17" CovItemPrefix="game.Game.java" Intrnl_Id="160">
<LocList>
<Loc EndOffset="1496" SrcFileId="2" StartOffset="1484"/>
</LocList>
</BasicStmnt>
</StmntSeq>
</Branch>
<Branch CovItemId="B5" CovItemPrefix="game.Game.java" Implct="true" Intrnl_Id="161">
<Cond/>
<LocList/>
<StmntSeq Intrnl_Id="162">
<LocList/>
</StmntSeq>
</Branch>
<Keyword EndOffset="1361" SrcFileId="2" StartOffset="1359"/>
<LocList>
<Loc EndOffset="1502" SrcFileId="2" StartOffset="1359"/>
</LocList>
<RootTerm CovItemId="C2" CovItemPrefix="game.Game.java" Intrnl_Id="163">
<OpTerm BooleanOpId="4" Intrnl_Id="164">
<BasicBoolTerm Intrnl_Id="165">
<LocList>
<Loc EndOffset="1375" SrcFileId="2" StartOffset="1363"/>
</LocList>
</BasicBoolTerm>
<BasicBoolTerm Intrnl_Id="166">
<LocList>
<Loc EndOffset="1429" SrcFileId="2" StartOffset="1379"/>
</LocList>
</BasicBoolTerm>
<LocList>
<Loc EndOffset="1378" SrcFileId="2" StartOffset="1376"/>
</LocList>
</OpTerm>
</RootTerm>
</CondStmnt>
<BasicStmnt CovItemId="S18" CovItemPrefix="game.Game.java" Intrnl_Id="167">
<LocList>
<Loc EndOffset="1520" SrcFileId="2" StartOffset="1507"/>
</LocList>
</BasicStmnt>
</StmntSeq>
</Branch>
<Branch CovItemId="B6" CovItemPrefix="game.Game.java" Implct="false" Intrnl_Id="168">
<Cond>
<Loc EndOffset="1530" SrcFileId="2" StartOffset="1524"/>
</Cond>
<LocList>
<Loc EndOffset="1719" SrcFileId="2" StartOffset="1555"/>
</LocList>
<StmntSeq Intrnl_Id="169">
<LocList>
<Loc EndOffset="1701" SrcFileId="2" StartOffset="1555"/>
<Loc EndOffset="1719" SrcFileId="2" StartOffset="1706"/>
</LocList>
<CondStmnt CovItemId="S19" CovItemPrefix="game.Game.java" Intrnl_Id="170">
<Branch CovItemId="B7" CovItemPrefix="game.Game.java" Implct="false" Intrnl_Id="171">
<Cond/>
<LocList>
<Loc EndOffset="1701" SrcFileId="2" StartOffset="1630"/>
</LocList>
<StmntSeq Intrnl_Id="172">
<LocList>
<Loc EndOffset="1677" SrcFileId="2" StartOffset="1637"/>
<Loc EndOffset="1695" SrcFileId="2" StartOffset="1683"/>
</LocList>
<BasicStmnt CovItemId="S20" CovItemPrefix="game.Game.java" Intrnl_Id="173">
<LocList>
<Loc EndOffset="1677" SrcFileId="2" StartOffset="1637"/>
</LocList>
</BasicStmnt>
<BasicStmnt CovItemId="S21" CovItemPrefix="game.Game.java" Intrnl_Id="174">
<LocList>
<Loc EndOffset="1695" SrcFileId="2" StartOffset="1683"/>
</LocList>
</BasicStmnt>
</StmntSeq>
</Branch>
<Branch CovItemId="B8" CovItemPrefix="game.Game.java" Implct="true" Intrnl_Id="175">
<Cond/>
<LocList/>
<StmntSeq Intrnl_Id="176">
<LocList/>
</StmntSeq>
</Branch>
<Keyword EndOffset="1557" SrcFileId="2" StartOffset="1555"/>
<LocList>
<Loc EndOffset="1701" SrcFileId="2" StartOffset="1555"/>
</LocList>
<RootTerm CovItemId="C3" CovItemPrefix="game.Game.java" Intrnl_Id="177">
<OpTerm BooleanOpId="4" Intrnl_Id="178">
<BasicBoolTerm Intrnl_Id="179">
<LocList>
<Loc EndOffset="1574" SrcFileId="2" StartOffset="1559"/>
</LocList>
</BasicBoolTerm>
<BasicBoolTerm Intrnl_Id="180">
<LocList>
<Loc EndOffset="1628" SrcFileId="2" StartOffset="1578"/>
</LocList>
</BasicBoolTerm>
<LocList>
<Loc EndOffset="1577" SrcFileId="2" StartOffset="1575"/>
</LocList>
</OpTerm>
</RootTerm>
</CondStmnt>
<BasicStmnt CovItemId="S22" CovItemPrefix="game.Game.java" Intrnl_Id="181">
<LocList>
<Loc EndOffset="1719" SrcFileId="2" StartOffset="1706"/>
</LocList>
</BasicStmnt>
</StmntSeq>
</Branch>
<Branch CovItemId="B9" CovItemPrefix="game.Game.java" Implct="false" Intrnl_Id="182">
<Cond>
<Loc EndOffset="1729" SrcFileId="2" StartOffset="1723"/>
</Cond>
<LocList>
<Loc EndOffset="1916" SrcFileId="2" StartOffset="1753"/>
</LocList>
<StmntSeq Intrnl_Id="183">
<LocList>
<Loc EndOffset="1898" SrcFileId="2" StartOffset="1753"/>
<Loc EndOffset="1916" SrcFileId="2" StartOffset="1903"/>
</LocList>
<CondStmnt CovItemId="S23" CovItemPrefix="game.Game.java" Intrnl_Id="184">
<Branch CovItemId="B10" CovItemPrefix="game.Game.java" Implct="false" Intrnl_Id="185">
<Cond/>
<LocList>
<Loc EndOffset="1898" SrcFileId="2" StartOffset="1825"/>
</LocList>
<StmntSeq Intrnl_Id="186">
<LocList>
<Loc EndOffset="1874" SrcFileId="2" StartOffset="1832"/>
<Loc EndOffset="1892" SrcFileId="2" StartOffset="1880"/>
</LocList>
<BasicStmnt CovItemId="S24" CovItemPrefix="game.Game.java" Intrnl_Id="187">
<LocList>
<Loc EndOffset="1874" SrcFileId="2" StartOffset="1832"/>
</LocList>
</BasicStmnt>
<BasicStmnt CovItemId="S25" CovItemPrefix="game.Game.java" Intrnl_Id="188">
<LocList>
<Loc EndOffset="1892" SrcFileId="2" StartOffset="1880"/>
</LocList>
</BasicStmnt>
</StmntSeq>
</Branch>
<Branch CovItemId="B11" CovItemPrefix="game.Game.java" Implct="true" Intrnl_Id="189">
<Cond/>
<LocList/>
<StmntSeq Intrnl_Id="190">
<LocList/>
</StmntSeq>
</Branch>
<Keyword EndOffset="1755" SrcFileId="2" StartOffset="1753"/>
<LocList>
<Loc EndOffset="1898" SrcFileId="2" StartOffset="1753"/>
</LocList>
<RootTerm CovItemId="C4" CovItemPrefix="game.Game.java" Intrnl_Id="191">
<OpTerm BooleanOpId="4" Intrnl_Id="192">
<BasicBoolTerm Intrnl_Id="193">
<LocList>
<Loc EndOffset="1769" SrcFileId="2" StartOffset="1757"/>
</LocList>
</BasicBoolTerm>
<BasicBoolTerm Intrnl_Id="194">
<LocList>
<Loc EndOffset="1823" SrcFileId="2" StartOffset="1773"/>
</LocList>
</BasicBoolTerm>
<LocList>
<Loc EndOffset="1772" SrcFileId="2" StartOffset="1770"/>
</LocList>
</OpTerm>
</RootTerm>
</CondStmnt>
<BasicStmnt CovItemId="S26" CovItemPrefix="game.Game.java" Intrnl_Id="195">
<LocList>
<Loc EndOffset="1916" SrcFileId="2" StartOffset="1903"/>
</LocList>
</BasicStmnt>
</StmntSeq>
</Branch>
<Branch CovItemId="B12" CovItemPrefix="game.Game.java" Implct="false" Intrnl_Id="196">
<Cond>
<Loc EndOffset="1926" SrcFileId="2" StartOffset="1920"/>
</Cond>
<LocList>
<Loc EndOffset="2116" SrcFileId="2" StartOffset="1950"/>
</LocList>
<StmntSeq Intrnl_Id="197">
<LocList>
<Loc EndOffset="2098" SrcFileId="2" StartOffset="1950"/>
<Loc EndOffset="2116" SrcFileId="2" StartOffset="2103"/>
</LocList>
<CondStmnt CovItemId="S27" CovItemPrefix="game.Game.java" Intrnl_Id="198">
<Branch CovItemId="B13" CovItemPrefix="game.Game.java" Implct="false" Intrnl_Id="199">
<Cond/>
<LocList>
<Loc EndOffset="2098" SrcFileId="2" StartOffset="2025"/>
</LocList>
<StmntSeq Intrnl_Id="200">
<LocList>
<Loc EndOffset="2074" SrcFileId="2" StartOffset="2032"/>
<Loc EndOffset="2092" SrcFileId="2" StartOffset="2080"/>
</LocList>
<BasicStmnt CovItemId="S28" CovItemPrefix="game.Game.java" Intrnl_Id="201">
<LocList>
<Loc EndOffset="2074" SrcFileId="2" StartOffset="2032"/>
</LocList>
</BasicStmnt>
<BasicStmnt CovItemId="S29" CovItemPrefix="game.Game.java" Intrnl_Id="202">
<LocList>
<Loc EndOffset="2092" SrcFileId="2" StartOffset="2080"/>
</LocList>
</BasicStmnt>
</StmntSeq>
</Branch>
<Branch CovItemId="B14" CovItemPrefix="game.Game.java" Implct="true" Intrnl_Id="203">
<Cond/>
<LocList/>
<StmntSeq Intrnl_Id="204">
<LocList/>
</StmntSeq>
</Branch>
<Keyword EndOffset="1952" SrcFileId="2" StartOffset="1950"/>
<LocList>
<Loc EndOffset="2098" SrcFileId="2" StartOffset="1950"/>
</LocList>
<RootTerm CovItemId="C5" CovItemPrefix="game.Game.java" Intrnl_Id="205">
<OpTerm BooleanOpId="4" Intrnl_Id="206">
<BasicBoolTerm Intrnl_Id="207">
<LocList>
<Loc EndOffset="1969" SrcFileId="2" StartOffset="1954"/>
</LocList>
</BasicBoolTerm>
<BasicBoolTerm Intrnl_Id="208">
<LocList>
<Loc EndOffset="2023" SrcFileId="2" StartOffset="1973"/>
</LocList>
</BasicBoolTerm>
<LocList>
<Loc EndOffset="1972" SrcFileId="2" StartOffset="1970"/>
</LocList>
</OpTerm>
</RootTerm>
</CondStmnt>
<BasicStmnt CovItemId="S30" CovItemPrefix="game.Game.java" Intrnl_Id="209">
<LocList>
<Loc EndOffset="2116" SrcFileId="2" StartOffset="2103"/>
</LocList>
</BasicStmnt>
</StmntSeq>
</Branch>
<Branch CovItemId="B15" CovItemPrefix="game.Game.java" Implct="false" Intrnl_Id="210">
<Cond>
<Loc EndOffset="2127" SrcFileId="2" StartOffset="2120"/>
</Cond>
<LocList>
<Loc EndOffset="2146" SrcFileId="2" StartOffset="2133"/>
</LocList>
<StmntSeq Intrnl_Id="211">
<LocList>
<Loc EndOffset="2146" SrcFileId="2" StartOffset="2133"/>
</LocList>
<BasicStmnt CovItemId="S31" CovItemPrefix="game.Game.java" Intrnl_Id="212">
<LocList>
<Loc EndOffset="2146" SrcFileId="2" StartOffset="2133"/>
</LocList>
</BasicStmnt>
</StmntSeq>
</Branch>
<Keyword EndOffset="1321" SrcFileId="2" StartOffset="1315"/>
<LocList>
<Loc EndOffset="2151" SrcFileId="2" StartOffset="1315"/>
</LocList>
</CondStmnt>
</StmntSeq>
</HierarchyLvl>
<HierarchyLvl HierarchyLvlId="376" HierarchyLvlTypeId="7" Intrnl_Id="213" Name="switchPiece">
<Header>
<Loc EndOffset="2248" SrcFileId="2" StartOffset="2178"/>
</Header>
<LocList>
<Loc EndOffset="2815" SrcFileId="2" StartOffset="2178"/>
</LocList>
<StmntSeq Intrnl_Id="214">
<LocList>
<Loc EndOffset="2355" SrcFileId="2" StartOffset="2304"/>
<Loc EndOffset="2455" SrcFileId="2" StartOffset="2417"/>
<Loc EndOffset="2587" SrcFileId="2" StartOffset="2535"/>
<Loc EndOffset="2622" SrcFileId="2" StartOffset="2591"/>
<Loc EndOffset="2811" SrcFileId="2" StartOffset="2772"/>
</LocList>
<BasicStmnt CovItemId="S32" CovItemPrefix="game.Game.java" Intrnl_Id="215">
<LocList>
<Loc EndOffset="2355" SrcFileId="2" StartOffset="2304"/>
</LocList>
</BasicStmnt>
<BasicStmnt CovItemId="S33" CovItemPrefix="game.Game.java" Intrnl_Id="216">
<LocList>
<Loc EndOffset="2455" SrcFileId="2" StartOffset="2417"/>
</LocList>
</BasicStmnt>
<BasicStmnt CovItemId="S34" CovItemPrefix="game.Game.java" Intrnl_Id="217">
<LocList>
<Loc EndOffset="2587" SrcFileId="2" StartOffset="2535"/>
</LocList>
</BasicStmnt>
<BasicStmnt CovItemId="S35" CovItemPrefix="game.Game.java" Intrnl_Id="218">
<LocList>
<Loc EndOffset="2622" SrcFileId="2" StartOffset="2591"/>
</LocList>
</BasicStmnt>
<BasicStmnt CovItemId="S36" CovItemPrefix="game.Game.java" Intrnl_Id="219">
<LocList>
<Loc EndOffset="2811" SrcFileId="2" StartOffset="2772"/>
</LocList>
</BasicStmnt>
</StmntSeq>
</HierarchyLvl>
<HierarchyLvl HierarchyLvlId="377" HierarchyLvlTypeId="7" Intrnl_Id="220" Name="push">
<Header>
<Loc EndOffset="3080" SrcFileId="2" StartOffset="3027"/>
</Header>
<LocList>
<Loc EndOffset="4441" SrcFileId="2" StartOffset="3027"/>
</LocList>
<StmntSeq Intrnl_Id="221">
<LocList>
<Loc EndOffset="3210" SrcFileId="2" StartOffset="3168"/>
<Loc EndOffset="4420" SrcFileId="2" StartOffset="3251"/>
<Loc EndOffset="4437" SrcFileId="2" StartOffset="4424"/>
</LocList>
<CondStmnt CovItemId="S37" CovItemPrefix="game.Game.java" Intrnl_Id="222">
<Branch CovItemId="B16" CovItemPrefix="game.Game.java" Implct="false" Intrnl_Id="223">
<Cond/>
<LocList>
<Loc EndOffset="3210" SrcFileId="2" StartOffset="3197"/>
</LocList>
<StmntSeq Intrnl_Id="224">
<LocList>
<Loc EndOffset="3210" SrcFileId="2" StartOffset="3197"/>
</LocList>
<BasicStmnt CovItemId="S38" CovItemPrefix="game.Game.java" Intrnl_Id="225">
<LocList>
<Loc EndOffset="3210" SrcFileId="2" StartOffset="3197"/>
</LocList>
</BasicStmnt>
</StmntSeq>
</Branch>
<Branch CovItemId="B17" CovItemPrefix="game.Game.java" Implct="true" Intrnl_Id="226">
<Cond/>
<LocList/>
<StmntSeq Intrnl_Id="227">
<LocList/>
</StmntSeq>
</Branch>
<Keyword EndOffset="3170" SrcFileId="2" StartOffset="3168"/>
<LocList>
<Loc EndOffset="3210" SrcFileId="2" StartOffset="3168"/>
</LocList>
<RootTerm CovItemId="C6" CovItemPrefix="game.Game.java" Intrnl_Id="228">
<BasicBoolTerm Intrnl_Id="229">
<LocList>
<Loc EndOffset="3191" SrcFileId="2" StartOffset="3171"/>
</LocList>
</BasicBoolTerm>
</RootTerm>
</CondStmnt>
<CondStmnt CovItemId="S39" CovItemPrefix="game.Game.java" Intrnl_Id="230">
<Branch CovItemId="B18" CovItemPrefix="game.Game.java" Implct="false" Intrnl_Id="231">
<Cond>
<Loc EndOffset="3274" SrcFileId="2" StartOffset="3268"/>
</Cond>
<LocList>
<Loc EndOffset="3615" SrcFileId="2" StartOffset="3316"/>
</LocList>
<StmntSeq Intrnl_Id="232">
<LocList>
<Loc EndOffset="3604" SrcFileId="2" StartOffset="3316"/>
<Loc EndOffset="3615" SrcFileId="2" StartOffset="3609"/>
</LocList>
<CondStmnt CovItemId="S40" CovItemPrefix="game.Game.java" Intrnl_Id="233">
<Branch CovItemId="B19" CovItemPrefix="game.Game.java" Implct="false" Intrnl_Id="234">
<Cond/>
<LocList>
<Loc EndOffset="3604" SrcFileId="2" StartOffset="3336"/>
</LocList>
<StmntSeq Intrnl_Id="235">
<LocList>
<Loc EndOffset="3464" SrcFileId="2" StartOffset="3434"/>
<Loc EndOffset="3598" SrcFileId="2" StartOffset="3586"/>
</LocList>
<BasicStmnt CovItemId="S41" CovItemPrefix="game.Game.java" Intrnl_Id="236">
<LocList>
<Loc EndOffset="3464" SrcFileId="2" StartOffset="3434"/>
</LocList>
</BasicStmnt>
<BasicStmnt CovItemId="S42" CovItemPrefix="game.Game.java" Intrnl_Id="237">
<LocList>
<Loc EndOffset="3598" SrcFileId="2" StartOffset="3586"/>
</LocList>
</BasicStmnt>
</StmntSeq>
</Branch>
<Branch CovItemId="B20" CovItemPrefix="game.Game.java" Implct="true" Intrnl_Id="238">
<Cond/>
<LocList/>
<StmntSeq Intrnl_Id="239">
<LocList/>
</StmntSeq>
</Branch>
<Keyword EndOffset="3318" SrcFileId="2" StartOffset="3316"/>
<LocList>
<Loc EndOffset="3604" SrcFileId="2" StartOffset="3316"/>
</LocList>
<RootTerm CovItemId="C7" CovItemPrefix="game.Game.java" Intrnl_Id="240">
<BasicBoolTerm Intrnl_Id="241">
<LocList>
<Loc EndOffset="3335" SrcFileId="2" StartOffset="3319"/>
</LocList>
</BasicBoolTerm>
</RootTerm>
</CondStmnt>
<BasicStmnt CovItemId="S43" CovItemPrefix="game.Game.java" Intrnl_Id="242">
<LocList>
<Loc EndOffset="3615" SrcFileId="2" StartOffset="3609"/>
</LocList>
</BasicStmnt>
</StmntSeq>
</Branch>
<Branch CovItemId="B21" CovItemPrefix="game.Game.java" Implct="false" Intrnl_Id="243">
<Cond>
<Loc EndOffset="3625" SrcFileId="2" StartOffset="3619"/>
</Cond>
<LocList>
<Loc EndOffset="3877" SrcFileId="2" StartOffset="3667"/>
</LocList>
<StmntSeq Intrnl_Id="244">
<LocList>
<Loc EndOffset="3866" SrcFileId="2" StartOffset="3667"/>
<Loc EndOffset="3877" SrcFileId="2" StartOffset="3871"/>
</LocList>
<CondStmnt CovItemId="S44" CovItemPrefix="game.Game.java" Intrnl_Id="245">
<Branch CovItemId="B22" CovItemPrefix="game.Game.java" Implct="false" Intrnl_Id="246">
<Cond/>
<LocList>
<Loc EndOffset="3866" SrcFileId="2" StartOffset="3687"/>
</LocList>
<StmntSeq Intrnl_Id="247">
<LocList>
<Loc EndOffset="3811" SrcFileId="2" StartOffset="3781"/>
<Loc EndOffset="3860" SrcFileId="2" StartOffset="3848"/>
</LocList>
<BasicStmnt CovItemId="S45" CovItemPrefix="game.Game.java" Intrnl_Id="248">
<LocList>
<Loc EndOffset="3811" SrcFileId="2" StartOffset="3781"/>
</LocList>
</BasicStmnt>
<BasicStmnt CovItemId="S46" CovItemPrefix="game.Game.java" Intrnl_Id="249">
<LocList>
<Loc EndOffset="3860" SrcFileId="2" StartOffset="3848"/>
</LocList>
</BasicStmnt>
</StmntSeq>
</Branch>
<Branch CovItemId="B23" CovItemPrefix="game.Game.java" Implct="true" Intrnl_Id="250">
<Cond/>
<LocList/>
<StmntSeq Intrnl_Id="251">
<LocList/>
</StmntSeq>
</Branch>
<Keyword EndOffset="3669" SrcFileId="2" StartOffset="3667"/>
<LocList>
<Loc EndOffset="3866" SrcFileId="2" StartOffset="3667"/>
</LocList>
<RootTerm CovItemId="C8" CovItemPrefix="game.Game.java" Intrnl_Id="252">
<BasicBoolTerm Intrnl_Id="253">
<LocList>
<Loc EndOffset="3686" SrcFileId="2" StartOffset="3670"/>
</LocList>
</BasicBoolTerm>
</RootTerm>
</CondStmnt>
<BasicStmnt CovItemId="S47" CovItemPrefix="game.Game.java" Intrnl_Id="254">
<LocList>
<Loc EndOffset="3877" SrcFileId="2" StartOffset="3871"/>
</LocList>
</BasicStmnt>
</StmntSeq>
</Branch>
<Branch CovItemId="B24" CovItemPrefix="game.Game.java" Implct="false" Intrnl_Id="255">
<Cond>
<Loc EndOffset="3887" SrcFileId="2" StartOffset="3881"/>
</Cond>
<LocList>
<Loc EndOffset="4143" SrcFileId="2" StartOffset="3929"/>
</LocList>
<StmntSeq Intrnl_Id="256">
<LocList>
<Loc EndOffset="4132" SrcFileId="2" StartOffset="3929"/>
<Loc EndOffset="4143" SrcFileId="2" StartOffset="4137"/>
</LocList>
<CondStmnt CovItemId="S48" CovItemPrefix="game.Game.java" Intrnl_Id="257">
<Branch CovItemId="B25" CovItemPrefix="game.Game.java" Implct="false" Intrnl_Id="258">
<Cond/>
<LocList>
<Loc EndOffset="4132" SrcFileId="2" StartOffset="3949"/>
</LocList>
<StmntSeq Intrnl_Id="259">
<LocList>
<Loc EndOffset="4075" SrcFileId="2" StartOffset="4045"/>
<Loc EndOffset="4126" SrcFileId="2" StartOffset="4114"/>
</LocList>
<BasicStmnt CovItemId="S49" CovItemPrefix="game.Game.java" Intrnl_Id="260">
<LocList>
<Loc EndOffset="4075" SrcFileId="2" StartOffset="4045"/>
</LocList>
</BasicStmnt>
<BasicStmnt CovItemId="S50" CovItemPrefix="game.Game.java" Intrnl_Id="261">
<LocList>
<Loc EndOffset="4126" SrcFileId="2" StartOffset="4114"/>
</LocList>
</BasicStmnt>
</StmntSeq>
</Branch>
<Branch CovItemId="B26" CovItemPrefix="game.Game.java" Implct="true" Intrnl_Id="262">
<Cond/>
<LocList/>
<StmntSeq Intrnl_Id="263">
<LocList/>
</StmntSeq>
</Branch>
<Keyword EndOffset="3931" SrcFileId="2" StartOffset="3929"/>
<LocList>
<Loc EndOffset="4132" SrcFileId="2" StartOffset="3929"/>
</LocList>
<RootTerm CovItemId="C9" CovItemPrefix="game.Game.java" Intrnl_Id="264">
<BasicBoolTerm Intrnl_Id="265">
<LocList>
<Loc EndOffset="3948" SrcFileId="2" StartOffset="3932"/>
</LocList>
</BasicBoolTerm>
</RootTerm>
</CondStmnt>
<BasicStmnt CovItemId="S51" CovItemPrefix="game.Game.java" Intrnl_Id="266">
<LocList>
<Loc EndOffset="4143" SrcFileId="2" StartOffset="4137"/>
</LocList>
</BasicStmnt>
</StmntSeq>
</Branch>
<Branch CovItemId="B27" CovItemPrefix="game.Game.java" Implct="false" Intrnl_Id="267">
<Cond>
<Loc EndOffset="4153" SrcFileId="2" StartOffset="4147"/>
</Cond>
<LocList>
<Loc EndOffset="4411" SrcFileId="2" StartOffset="4195"/>
</LocList>
<StmntSeq Intrnl_Id="268">
<LocList>
<Loc EndOffset="4400" SrcFileId="2" StartOffset="4195"/>
<Loc EndOffset="4411" SrcFileId="2" StartOffset="4405"/>
</LocList>
<CondStmnt CovItemId="S52" CovItemPrefix="game.Game.java" Intrnl_Id="269">
<Branch CovItemId="B28" CovItemPrefix="game.Game.java" Implct="false" Intrnl_Id="270">
<Cond/>
<LocList>
<Loc EndOffset="4400" SrcFileId="2" StartOffset="4215"/>
</LocList>
<StmntSeq Intrnl_Id="271">
<LocList>
<Loc EndOffset="4343" SrcFileId="2" StartOffset="4313"/>
<Loc EndOffset="4394" SrcFileId="2" StartOffset="4382"/>
</LocList>
<BasicStmnt CovItemId="S53" CovItemPrefix="game.Game.java" Intrnl_Id="272">
<LocList>
<Loc EndOffset="4343" SrcFileId="2" StartOffset="4313"/>
</LocList>
</BasicStmnt>
<BasicStmnt CovItemId="S54" CovItemPrefix="game.Game.java" Intrnl_Id="273">
<LocList>
<Loc EndOffset="4394" SrcFileId="2" StartOffset="4382"/>
</LocList>
</BasicStmnt>
</StmntSeq>
</Branch>
<Branch CovItemId="B29" CovItemPrefix="game.Game.java" Implct="true" Intrnl_Id="274">
<Cond/>
<LocList/>
<StmntSeq Intrnl_Id="275">
<LocList/>
</StmntSeq>
</Branch>
<Keyword EndOffset="4197" SrcFileId="2" StartOffset="4195"/>
<LocList>
<Loc EndOffset="4400" SrcFileId="2" StartOffset="4195"/>
</LocList>
<RootTerm CovItemId="C10" CovItemPrefix="game.Game.java" Intrnl_Id="276">
<BasicBoolTerm Intrnl_Id="277">
<LocList>
<Loc EndOffset="4214" SrcFileId="2" StartOffset="4198"/>
</LocList>
</BasicBoolTerm>
</RootTerm>
</CondStmnt>
<BasicStmnt CovItemId="S55" CovItemPrefix="game.Game.java" Intrnl_Id="278">
<LocList>
<Loc EndOffset="4411" SrcFileId="2" StartOffset="4405"/>
</LocList>
</BasicStmnt>
</StmntSeq>
</Branch>
<Branch CovItemId="B30" CovItemPrefix="game.Game.java" Implct="true" Intrnl_Id="279">
<Cond/>
<LocList/>
<StmntSeq Intrnl_Id="280">
<LocList/>
</StmntSeq>
</Branch>
<Keyword EndOffset="3257" SrcFileId="2" StartOffset="3251"/>
<LocList>
<Loc EndOffset="4420" SrcFileId="2" StartOffset="3251"/>
</LocList>
</CondStmnt>
<BasicStmnt CovItemId="S56" CovItemPrefix="game.Game.java" Intrnl_Id="281">
<LocList>
<Loc EndOffset="4437" SrcFileId="2" StartOffset="4424"/>
</LocList>
</BasicStmnt>
</StmntSeq>
</HierarchyLvl>
<HierarchyLvl HierarchyLvlId="378" HierarchyLvlTypeId="7" Intrnl_Id="282" Name="pull">
<Header>
<Loc EndOffset="4623" SrcFileId="2" StartOffset="4570"/>
</Header>
<LocList>
<Loc EndOffset="5573" SrcFileId="2" StartOffset="4570"/>
</LocList>
<StmntSeq Intrnl_Id="283">
<LocList>
<Loc EndOffset="4670" SrcFileId="2" StartOffset="4628"/>
<Loc EndOffset="5552" SrcFileId="2" StartOffset="4711"/>
<Loc EndOffset="5569" SrcFileId="2" StartOffset="5556"/>
</LocList>
<CondStmnt CovItemId="S57" CovItemPrefix="game.Game.java" Intrnl_Id="284">
<Branch CovItemId="B31" CovItemPrefix="game.Game.java" Implct="false" Intrnl_Id="285">
<Cond/>
<LocList>
<Loc EndOffset="4670" SrcFileId="2" StartOffset="4657"/>
</LocList>
<StmntSeq Intrnl_Id="286">
<LocList>
<Loc EndOffset="4670" SrcFileId="2" StartOffset="4657"/>
</LocList>
<BasicStmnt CovItemId="S58" CovItemPrefix="game.Game.java" Intrnl_Id="287">
<LocList>
<Loc EndOffset="4670" SrcFileId="2" StartOffset="4657"/>
</LocList>
</BasicStmnt>
</StmntSeq>
</Branch>
<Branch CovItemId="B32" CovItemPrefix="game.Game.java" Implct="true" Intrnl_Id="288">
<Cond/>
<LocList/>
<StmntSeq Intrnl_Id="289">
<LocList/>
</StmntSeq>
</Branch>
<Keyword EndOffset="4630" SrcFileId="2" StartOffset="4628"/>
<LocList>
<Loc EndOffset="4670" SrcFileId="2" StartOffset="4628"/>
</LocList>
<RootTerm CovItemId="C11" CovItemPrefix="game.Game.java" Intrnl_Id="290">
<BasicBoolTerm Intrnl_Id="291">
<LocList>
<Loc EndOffset="4651" SrcFileId="2" StartOffset="4631"/>
</LocList>
</BasicBoolTerm>
</RootTerm>
</CondStmnt>
<CondStmnt CovItemId="S59" CovItemPrefix="game.Game.java" Intrnl_Id="292">
<Branch CovItemId="B33" CovItemPrefix="game.Game.java" Implct="false" Intrnl_Id="293">
<Cond>
<Loc EndOffset="4734" SrcFileId="2" StartOffset="4728"/>
</Cond>
<LocList>
<Loc EndOffset="4927" SrcFileId="2" StartOffset="4740"/>
</LocList>
<StmntSeq Intrnl_Id="294">
<LocList>
<Loc EndOffset="4769" SrcFileId="2" StartOffset="4740"/>
<Loc EndOffset="4916" SrcFileId="2" StartOffset="4774"/>
<Loc EndOffset="4927" SrcFileId="2" StartOffset="4921"/>
</LocList>
<BasicStmnt CovItemId="S60" CovItemPrefix="game.Game.java" Intrnl_Id="295">
<LocList>
<Loc EndOffset="4769" SrcFileId="2" StartOffset="4740"/>
</LocList>
</BasicStmnt>
<CondStmnt CovItemId="S61" CovItemPrefix="game.Game.java" Intrnl_Id="296">
<Branch CovItemId="B34" CovItemPrefix="game.Game.java" Implct="false" Intrnl_Id="297">
<Cond/>
<LocList>
<Loc EndOffset="4916" SrcFileId="2" StartOffset="4794"/>
</LocList>
<StmntSeq Intrnl_Id="298">
<LocList>
<Loc EndOffset="4853" SrcFileId="2" StartOffset="4801"/>
<Loc EndOffset="4910" SrcFileId="2" StartOffset="4888"/>
</LocList>
<BasicStmnt CovItemId="S62" CovItemPrefix="game.Game.java" Intrnl_Id="299">
<LocList>
<Loc EndOffset="4853" SrcFileId="2" StartOffset="4801"/>
</LocList>
</BasicStmnt>
<BasicStmnt CovItemId="S63" CovItemPrefix="game.Game.java" Intrnl_Id="300">
<LocList>
<Loc EndOffset="4910" SrcFileId="2" StartOffset="4888"/>
</LocList>
</BasicStmnt>
</StmntSeq>
</Branch>
<Branch CovItemId="B35" CovItemPrefix="game.Game.java" Implct="true" Intrnl_Id="301">
<Cond/>
<LocList/>
<StmntSeq Intrnl_Id="302">
<LocList/>
</StmntSeq>
</Branch>
<Keyword EndOffset="4776" SrcFileId="2" StartOffset="4774"/>
<LocList>
<Loc EndOffset="4916" SrcFileId="2" StartOffset="4774"/>
</LocList>
<RootTerm CovItemId="C12" CovItemPrefix="game.Game.java" Intrnl_Id="303">
<BasicBoolTerm Intrnl_Id="304">
<LocList>
<Loc EndOffset="4793" SrcFileId="2" StartOffset="4777"/>
</LocList>
</BasicBoolTerm>
</RootTerm>
</CondStmnt>
<BasicStmnt CovItemId="S64" CovItemPrefix="game.Game.java" Intrnl_Id="305">
<LocList>
<Loc EndOffset="4927" SrcFileId="2" StartOffset="4921"/>
</LocList>
</BasicStmnt>
</StmntSeq>
</Branch>
<Branch CovItemId="B36" CovItemPrefix="game.Game.java" Implct="false" Intrnl_Id="306">
<Cond>
<Loc EndOffset="4937" SrcFileId="2" StartOffset="4931"/>
</Cond>
<LocList>
<Loc EndOffset="5131" SrcFileId="2" StartOffset="4979"/>
</LocList>
<StmntSeq Intrnl_Id="307">
<LocList>
<Loc EndOffset="5120" SrcFileId="2" StartOffset="4979"/>
<Loc EndOffset="5131" SrcFileId="2" StartOffset="5125"/>
</LocList>
<CondStmnt CovItemId="S65" CovItemPrefix="game.Game.java" Intrnl_Id="308">
<Branch CovItemId="B37" CovItemPrefix="game.Game.java" Implct="false" Intrnl_Id="309">
<Cond/>
<LocList>
<Loc EndOffset="5120" SrcFileId="2" StartOffset="4999"/>
</LocList>
<StmntSeq Intrnl_Id="310">
<LocList>
<Loc EndOffset="5058" SrcFileId="2" StartOffset="5006"/>
<Loc EndOffset="5114" SrcFileId="2" StartOffset="5092"/>
</LocList>
<BasicStmnt CovItemId="S66" CovItemPrefix="game.Game.java" Intrnl_Id="311">
<LocList>
<Loc EndOffset="5058" SrcFileId="2" StartOffset="5006"/>
</LocList>
</BasicStmnt>
<BasicStmnt CovItemId="S67" CovItemPrefix="game.Game.java" Intrnl_Id="312">
<LocList>
<Loc EndOffset="5114" SrcFileId="2" StartOffset="5092"/>
</LocList>
</BasicStmnt>
</StmntSeq>
</Branch>
<Branch CovItemId="B38" CovItemPrefix="game.Game.java" Implct="true" Intrnl_Id="313">
<Cond/>
<LocList/>
<StmntSeq Intrnl_Id="314">
<LocList/>
</StmntSeq>
</Branch>
<Keyword EndOffset="4981" SrcFileId="2" StartOffset="4979"/>
<LocList>
<Loc EndOffset="5120" SrcFileId="2" StartOffset="4979"/>
</LocList>
<RootTerm CovItemId="C13" CovItemPrefix="game.Game.java" Intrnl_Id="315">
<BasicBoolTerm Intrnl_Id="316">
<LocList>
<Loc EndOffset="4998" SrcFileId="2" StartOffset="4982"/>
</LocList>
</BasicBoolTerm>
</RootTerm>
</CondStmnt>
<BasicStmnt CovItemId="S68" CovItemPrefix="game.Game.java" Intrnl_Id="317">
<LocList>
<Loc EndOffset="5131" SrcFileId="2" StartOffset="5125"/>
</LocList>
</BasicStmnt>
</StmntSeq>
</Branch>
<Branch CovItemId="B39" CovItemPrefix="game.Game.java" Implct="false" Intrnl_Id="318">
<Cond>
<Loc EndOffset="5141" SrcFileId="2" StartOffset="5135"/>
</Cond>
<LocList>
<Loc EndOffset="5338" SrcFileId="2" StartOffset="5183"/>
</LocList>
<StmntSeq Intrnl_Id="319">
<LocList>
<Loc EndOffset="5327" SrcFileId="2" StartOffset="5183"/>
<Loc EndOffset="5338" SrcFileId="2" StartOffset="5332"/>
</LocList>
<CondStmnt CovItemId="S69" CovItemPrefix="game.Game.java" Intrnl_Id="320">
<Branch CovItemId="B40" CovItemPrefix="game.Game.java" Implct="false" Intrnl_Id="321">
<Cond/>
<LocList>
<Loc EndOffset="5327" SrcFileId="2" StartOffset="5203"/>
</LocList>
<StmntSeq Intrnl_Id="322">
<LocList>
<Loc EndOffset="5321" SrcFileId="2" StartOffset="5299"/>
</LocList>
<BasicStmnt CovItemId="S70" CovItemPrefix="game.Game.java" Intrnl_Id="323">
<LocList>
<Loc EndOffset="5321" SrcFileId="2" StartOffset="5299"/>
</LocList>
</BasicStmnt>
</StmntSeq>
</Branch>
<Branch CovItemId="B41" CovItemPrefix="game.Game.java" Implct="true" Intrnl_Id="324">
<Cond/>
<LocList/>
<StmntSeq Intrnl_Id="325">
<LocList/>
</StmntSeq>
</Branch>
<Keyword EndOffset="5185" SrcFileId="2" StartOffset="5183"/>
<LocList>
<Loc EndOffset="5327" SrcFileId="2" StartOffset="5183"/>
</LocList>
<RootTerm CovItemId="C14" CovItemPrefix="game.Game.java" Intrnl_Id="326">
<BasicBoolTerm Intrnl_Id="327">
<LocList>
<Loc EndOffset="5202" SrcFileId="2" StartOffset="5186"/>
</LocList>
</BasicBoolTerm>
</RootTerm>
</CondStmnt>
<BasicStmnt CovItemId="S71" CovItemPrefix="game.Game.java" Intrnl_Id="328">
<LocList>
<Loc EndOffset="5338" SrcFileId="2" StartOffset="5332"/>
</LocList>
</BasicStmnt>
</StmntSeq>
</Branch>
<Branch CovItemId="B42" CovItemPrefix="game.Game.java" Implct="false" Intrnl_Id="329">
<Cond>
<Loc EndOffset="5348" SrcFileId="2" StartOffset="5342"/>
</Cond>
<LocList>
<Loc EndOffset="5543" SrcFileId="2" StartOffset="5354"/>
</LocList>
<StmntSeq Intrnl_Id="330">
<LocList>
<Loc EndOffset="5383" SrcFileId="2" StartOffset="5354"/>
<Loc EndOffset="5532" SrcFileId="2" StartOffset="5388"/>
<Loc EndOffset="5543" SrcFileId="2" StartOffset="5537"/>
</LocList>
<BasicStmnt CovItemId="S72" CovItemPrefix="game.Game.java" Intrnl_Id="331">
<LocList>
<Loc EndOffset="5383" SrcFileId="2" StartOffset="5354"/>
</LocList>
</BasicStmnt>
<CondStmnt CovItemId="S73" CovItemPrefix="game.Game.java" Intrnl_Id="332">
<Branch CovItemId="B43" CovItemPrefix="game.Game.java" Implct="false" Intrnl_Id="333">
<Cond/>
<LocList>
<Loc EndOffset="5532" SrcFileId="2" StartOffset="5408"/>
</LocList>
<StmntSeq Intrnl_Id="334">
<LocList>
<Loc EndOffset="5469" SrcFileId="2" StartOffset="5415"/>
<Loc EndOffset="5526" SrcFileId="2" StartOffset="5504"/>
</LocList>
<BasicStmnt CovItemId="S74" CovItemPrefix="game.Game.java" Intrnl_Id="335">
<LocList>
<Loc EndOffset="5469" SrcFileId="2" StartOffset="5415"/>
</LocList>
</BasicStmnt>
<BasicStmnt CovItemId="S75" CovItemPrefix="game.Game.java" Intrnl_Id="336">
<LocList>
<Loc EndOffset="5526" SrcFileId="2" StartOffset="5504"/>
</LocList>
</BasicStmnt>
</StmntSeq>
</Branch>
<Branch CovItemId="B44" CovItemPrefix="game.Game.java" Implct="true" Intrnl_Id="337">
<Cond/>
<LocList/>
<StmntSeq Intrnl_Id="338">
<LocList/>
</StmntSeq>
</Branch>
<Keyword EndOffset="5390" SrcFileId="2" StartOffset="5388"/>
<LocList>
<Loc EndOffset="5532" SrcFileId="2" StartOffset="5388"/>
</LocList>
<RootTerm CovItemId="C15" CovItemPrefix="game.Game.java" Intrnl_Id="339">
<BasicBoolTerm Intrnl_Id="340">
<LocList>
<Loc EndOffset="5407" SrcFileId="2" StartOffset="5391"/>
</LocList>
</BasicBoolTerm>
</RootTerm>
</CondStmnt>
<BasicStmnt CovItemId="S76" CovItemPrefix="game.Game.java" Intrnl_Id="341">
<LocList>
<Loc EndOffset="5543" SrcFileId="2" StartOffset="5537"/>
</LocList>
</BasicStmnt>
</StmntSeq>
</Branch>
<Branch CovItemId="B45" CovItemPrefix="game.Game.java" Implct="true" Intrnl_Id="342">
<Cond/>
<LocList/>
<StmntSeq Intrnl_Id="343">
<LocList/>
</StmntSeq>
</Branch>
<Keyword EndOffset="4717" SrcFileId="2" StartOffset="4711"/>
<LocList>
<Loc EndOffset="5552" SrcFileId="2" StartOffset="4711"/>
</LocList>
</CondStmnt>
<BasicStmnt CovItemId="S77" CovItemPrefix="game.Game.java" Intrnl_Id="344">
<LocList>
<Loc EndOffset="5569" SrcFileId="2" StartOffset="5556"/>
</LocList>
</BasicStmnt>
</StmntSeq>
</HierarchyLvl>
</HierarchyLvl>
<HierarchyLvl HierarchyLvlId="387" HierarchyLvlTypeId="8" Intrnl_Id="345" Name="BoardState">
<Header>
<Loc EndOffset="129" SrcFileId="3" StartOffset="106"/>
</Header>
<LocList>
<Loc EndOffset="804" SrcFileId="3" StartOffset="106"/>
</LocList>
<HierarchyLvl HierarchyLvlId="380" HierarchyLvlTypeId="7" Intrnl_Id="346" Name="BoardState">
<Header>
<Loc EndOffset="296" SrcFileId="3" StartOffset="249"/>
</Header>
<LocList>
<Loc EndOffset="360" SrcFileId="3" StartOffset="249"/>
</LocList>
<StmntSeq Intrnl_Id="347">
<LocList>
<Loc EndOffset="323" SrcFileId="3" StartOffset="301"/>
<Loc EndOffset="356" SrcFileId="3" StartOffset="327"/>
</LocList>
<BasicStmnt CovItemId="S1" CovItemPrefix="game.BoardState.java" Intrnl_Id="348">
<LocList>
<Loc EndOffset="323" SrcFileId="3" StartOffset="301"/>
</LocList>
</BasicStmnt>
<BasicStmnt CovItemId="S2" CovItemPrefix="game.BoardState.java" Intrnl_Id="349">
<LocList>
<Loc EndOffset="356" SrcFileId="3" StartOffset="327"/>
</LocList>
</BasicStmnt>
</StmntSeq>
</HierarchyLvl>
<HierarchyLvl HierarchyLvlId="381" HierarchyLvlTypeId="7" Intrnl_Id="350" Name="getBoardArray">
<Header>
<Loc EndOffset="396" SrcFileId="3" StartOffset="365"/>
</Header>
<LocList>
<Loc EndOffset="424" SrcFileId="3" StartOffset="365"/>
</LocList>
<StmntSeq Intrnl_Id="351">
<LocList>
<Loc EndOffset="420" SrcFileId="3" StartOffset="402"/>
</LocList>
<BasicStmnt CovItemId="S3" CovItemPrefix="game.BoardState.java" Intrnl_Id="352">
<LocList>
<Loc EndOffset="420" SrcFileId="3" StartOffset="402"/>
</LocList>
</BasicStmnt>
</StmntSeq>
</HierarchyLvl>
<HierarchyLvl HierarchyLvlId="382" HierarchyLvlTypeId="7" Intrnl_Id="353" Name="setBoardArray">
<Header>
<Loc EndOffset="475" SrcFileId="3" StartOffset="429"/>
</Header>
<LocList>
<Loc EndOffset="514" SrcFileId="3" StartOffset="429"/>
</LocList>
<StmntSeq Intrnl_Id="354">
<LocList>
<Loc EndOffset="510" SrcFileId="3" StartOffset="481"/>
</LocList>
<BasicStmnt CovItemId="S4" CovItemPrefix="game.BoardState.java" Intrnl_Id="355">
<LocList>
<Loc EndOffset="510" SrcFileId="3" StartOffset="481"/>
</LocList>
</BasicStmnt>
</StmntSeq>
</HierarchyLvl>
<HierarchyLvl HierarchyLvlId="383" HierarchyLvlTypeId="7" Intrnl_Id="356" Name="getTurnNumber">
<Header>
<Loc EndOffset="545" SrcFileId="3" StartOffset="519"/>
</Header>
<LocList>
<Loc EndOffset="573" SrcFileId="3" StartOffset="519"/>
</LocList>
<StmntSeq Intrnl_Id="357">
<LocList>
<Loc EndOffset="569" SrcFileId="3" StartOffset="551"/>
</LocList>
<BasicStmnt CovItemId="S5" CovItemPrefix="game.BoardState.java" Intrnl_Id="358">
<LocList>
<Loc EndOffset="569" SrcFileId="3" StartOffset="551"/>
</LocList>
</BasicStmnt>
</StmntSeq>
</HierarchyLvl>
<HierarchyLvl HierarchyLvlId="384" HierarchyLvlTypeId="7" Intrnl_Id="359" Name="setTurnNumber">
<Header>
<Loc EndOffset="619" SrcFileId="3" StartOffset="578"/>
</Header>
<LocList>
<Loc EndOffset="658" SrcFileId="3" StartOffset="578"/>
</LocList>
<StmntSeq Intrnl_Id="360">
<LocList>
<Loc EndOffset="654" SrcFileId="3" StartOffset="625"/>
</LocList>
<BasicStmnt CovItemId="S6" CovItemPrefix="game.BoardState.java" Intrnl_Id="361">
<LocList>
<Loc EndOffset="654" SrcFileId="3" StartOffset="625"/>
</LocList>
</BasicStmnt>
</StmntSeq>
</HierarchyLvl>
<HierarchyLvl HierarchyLvlId="385" HierarchyLvlTypeId="7" Intrnl_Id="362" Name="incrementTurn">
<Header>
<Loc EndOffset="691" SrcFileId="3" StartOffset="664"/>
</Header>
<LocList>
<Loc EndOffset="718" SrcFileId="3" StartOffset="664"/>
</LocList>
<StmntSeq Intrnl_Id="363">
<LocList>
<Loc EndOffset="714" SrcFileId="3" StartOffset="696"/>
</LocList>
<BasicStmnt CovItemId="S7" CovItemPrefix="game.BoardState.java" Intrnl_Id="364">
<LocList>
<Loc EndOffset="714" SrcFileId="3" StartOffset="696"/>
</LocList>
</BasicStmnt>
</StmntSeq>
</HierarchyLvl>
<HierarchyLvl HierarchyLvlId="386" HierarchyLvlTypeId="7" Intrnl_Id="365" Name="clone">
<Header>
<Loc EndOffset="746" SrcFileId="3" StartOffset="721"/>
</Header>
<LocList>
<Loc EndOffset="801" SrcFileId="3" StartOffset="721"/>
</LocList>
<StmntSeq Intrnl_Id="366">
<LocList>
<Loc EndOffset="797" SrcFileId="3" StartOffset="751"/>
</LocList>
<BasicStmnt CovItemId="S8" CovItemPrefix="game.BoardState.java" Intrnl_Id="367">
<LocList>
<Loc EndOffset="797" SrcFileId="3" StartOffset="751"/>
</LocList>
</BasicStmnt>
</StmntSeq>
</HierarchyLvl>
</HierarchyLvl>
</HierarchyLvl>
</HierarchyLvl>
</MASTRoot>
</TestSessionContainer>
