<?xml version="1.0" encoding="UTF-8"?><TestSessionContainer xmlns="http://www.codecover.org/xml/testsession-container" Date="1430412062807" TestSessionContainerId="def16f94-a0dc-4058-a4a0-6ffa3c661c56" version="1.0">
<SrcFileList>
<SrcFile Content="package game;&#13;&#10;import java.awt.Image;&#13;&#10;&#13;&#10;public class Piece {&#13;&#10;&#9;private PieceType type;&#13;&#10;&#9;private Image image;&#13;&#10;&#9;private Owner owner;&#13;&#10;&#9;private int rank;&#13;&#10;&#9;&#13;&#10;&#9;public enum Owner{&#13;&#10;&#9;&#9;Player1, Player2&#13;&#10;&#9;}&#13;&#10;&#9;&#13;&#10;&#9;public enum PieceType{&#13;&#10;&#9;&#9;Elephant, Camel, Horse, Dog, Cat, Rabbit&#13;&#10;&#9;}&#13;&#10;&#9;&#13;&#10;&#9;public Piece(char c){&#13;&#10;&#9;&#9;switch(c){&#13;&#10;&#9;&#9;case 'E':&#13;&#10;&#9;&#9;&#9;this.type=PieceType.Elephant;&#13;&#10;&#9;&#9;&#9;this.owner=Owner.Player1;&#13;&#10;&#9;&#9;&#9;this.rank = 5;&#13;&#10;&#9;&#9;&#9;break;&#13;&#10;&#9;&#9;case 'C':&#13;&#10;&#9;&#9;&#9;this.type=PieceType.Camel;&#13;&#10;&#9;&#9;&#9;this.owner=Owner.Player1;&#13;&#10;&#9;&#9;&#9;this.rank = 4;&#13;&#10;&#9;&#9;&#9;break;&#13;&#10;&#9;&#9;case 'H':&#13;&#10;&#9;&#9;&#9;this.type=PieceType.Horse;&#13;&#10;&#9;&#9;&#9;this.owner=Owner.Player1;&#13;&#10;&#9;&#9;&#9;this.rank = 3;&#13;&#10;&#9;&#9;&#9;break;&#13;&#10;&#9;&#9;case 'D':&#13;&#10;&#9;&#9;&#9;this.type=PieceType.Dog;&#13;&#10;&#9;&#9;&#9;this.owner=Owner.Player1;&#13;&#10;&#9;&#9;&#9;this.rank = 2;&#13;&#10;&#9;&#9;&#9;break;&#13;&#10;&#9;&#9;case 'K':&#13;&#10;&#9;&#9;&#9;this.type=PieceType.Cat;&#13;&#10;&#9;&#9;&#9;this.owner=Owner.Player1;&#13;&#10;&#9;&#9;&#9;this.rank = 1;&#13;&#10;&#9;&#9;&#9;break;&#13;&#10;&#9;&#9;case 'R':&#13;&#10;&#9;&#9;&#9;this.type=PieceType.Rabbit;&#13;&#10;&#9;&#9;&#9;this.owner=Owner.Player1;&#13;&#10;&#9;&#9;&#9;this.rank = 0;&#13;&#10;&#9;&#9;&#9;break;&#13;&#10;&#9;&#9;case 'e':&#13;&#10;&#9;&#9;&#9;this.type=PieceType.Elephant;&#13;&#10;&#9;&#9;&#9;this.owner=Owner.Player2;&#13;&#10;&#9;&#9;&#9;this.rank = 5;&#13;&#10;&#9;&#9;&#9;break;&#13;&#10;&#9;&#9;case 'c':&#13;&#10;&#9;&#9;&#9;this.type=PieceType.Camel;&#13;&#10;&#9;&#9;&#9;this.owner=Owner.Player2;&#13;&#10;&#9;&#9;&#9;this.rank = 4;&#13;&#10;&#9;&#9;&#9;break;&#13;&#10;&#9;&#9;case 'h':&#13;&#10;&#9;&#9;&#9;this.type=PieceType.Horse;&#13;&#10;&#9;&#9;&#9;this.owner=Owner.Player2;&#13;&#10;&#9;&#9;&#9;this.rank = 3;&#13;&#10;&#9;&#9;&#9;break;&#13;&#10;&#9;&#9;case 'd':&#13;&#10;&#9;&#9;&#9;this.type=PieceType.Dog;&#13;&#10;&#9;&#9;&#9;this.owner=Owner.Player2;&#13;&#10;&#9;&#9;&#9;this.rank = 2;&#13;&#10;&#9;&#9;&#9;break;&#13;&#10;&#9;&#9;case 'k':&#13;&#10;&#9;&#9;&#9;this.type=PieceType.Cat;&#13;&#10;&#9;&#9;&#9;this.owner=Owner.Player2;&#13;&#10;&#9;&#9;&#9;this.rank = 1;&#13;&#10;&#9;&#9;&#9;break;&#13;&#10;&#9;&#9;case 'r':&#13;&#10;&#9;&#9;&#9;this.type=PieceType.Rabbit;&#13;&#10;&#9;&#9;&#9;this.owner=Owner.Player2;&#13;&#10;&#9;&#9;&#9;this.rank = 0;&#13;&#10;&#9;&#9;&#9;break;&#13;&#10;&#9;&#9;default:&#13;&#10;&#9;&#9;&#9;System.out.println(&quot;Invalid character used in Piece constructor!&quot;);&#13;&#10;&#9;&#9;}&#13;&#10;&#9;}&#13;&#10;&#9;&#13;&#10;&#9;public Piece(PieceType t, Image i, Owner o){&#13;&#10;&#9;&#9;this.type = t;&#13;&#10;&#9;&#9;this.image = i;&#13;&#10;&#9;&#9;this.owner = o;&#13;&#10;&#9;}&#13;&#10;&#13;&#10;&#9;public PieceType getType() {&#13;&#10;&#9;&#9;return this.type;&#13;&#10;&#9;}&#13;&#10;&#13;&#10;&#9;public void setType(PieceType type) {&#13;&#10;&#9;&#9;this.type = type; &#13;&#10;&#9;}&#13;&#10;&#13;&#10;&#9;public Image getImage() {&#13;&#10;&#9;&#9;return this.image;&#13;&#10;&#9;}&#13;&#10;&#13;&#10;&#9;public void setImg(Image img) {&#13;&#10;&#9;&#9;this.image = img;&#13;&#10;&#9;}&#13;&#10;&#13;&#10;&#9;public Owner getOwner() {&#13;&#10;&#9;&#9;return this.owner;&#13;&#10;&#9;}&#13;&#10;&#13;&#10;&#9;public void setOwner(Owner owner) {&#13;&#10;&#9;&#9;this.owner = owner;&#13;&#10;&#9;}&#13;&#10;&#9;&#13;&#10;&#9;public int getRank(){&#13;&#10;&#9;&#9;return this.rank;&#13;&#10;&#9;}&#13;&#10;&#9;&#13;&#10;&#9;public void setRank(int rank){&#13;&#10;&#9;&#9;this.rank = rank;&#13;&#10;&#9;}&#13;&#10;&#9;&#13;&#10;&#9;public boolean equals(Object p2){&#13;&#10;&#9;&#9;if((p2 instanceof Piece)){&#13;&#10;&#9;&#9;&#9;if(((Piece) p2).getType()==this.getType() &amp;&amp; (((Piece) p2).getOwner()==this.getOwner())){&#13;&#10;&#9;&#9;&#9;&#9;return true;&#13;&#10;&#9;&#9;&#9;}&#13;&#10;&#9;&#9;}&#13;&#10;&#9;&#9;return false;&#13;&#10;&#9;&#9;&#13;&#10;&#9;}&#13;&#10;&#9;&#13;&#10;&#9;public boolean isStrongerThan(Piece p2){&#13;&#10;&#9;&#9;return (this.getRank() &gt; p2.getRank());&#13;&#10;&#9;}&#13;&#10;}&#13;&#10;" Filename="Piece.java" Intrnl_Id="1"/>
<SrcFile Content="package game;&#13;&#10;import java.util.ArrayList;&#13;&#10;import java.util.Arrays;&#13;&#10;&#13;&#10;&#13;&#10;public class Game {&#13;&#10;&#9;//fields&#13;&#10;&#9;ArrayList&lt;BoardState&gt; boards= new ArrayList&lt;BoardState&gt;();&#13;&#10;&#9;public BoardState currentBoard=null;&#13;&#10;&#9;int numMovesLeft =0;&#13;&#10;&#9;int moveTimer =0;&#13;&#10;&#9;int p1TimeBank=0;&#13;&#10;&#9;int p2TimeBank =0;&#13;&#10;&#9;&#13;&#10;&#9;public Game(BoardState b) {&#13;&#10;&#9;&#9;currentBoard = b;&#13;&#10;&#9;}&#13;&#10;&#9;/**&#13;&#10;&#9; * Creates a board with a default starting layout&#13;&#10;&#9; */&#13;&#10;&#9;public Game(){&#13;&#10;&#9;&#9;currentBoard=new BoardState(new char[][]{&#13;&#10;&#9;&#9;&#9;&#9;{'K','D','H','C','E','H','D','K'},&#13;&#10;&#9;&#9;&#9;&#9;{'R','R','R','R','R','R','R','R'},&#13;&#10;&#9;&#9;&#9;&#9;{' ',' ',' ',' ',' ',' ',' ',' '},&#13;&#10;&#9;&#9;&#9;&#9;{' ',' ',' ',' ',' ',' ',' ',' '},&#13;&#10;&#9;&#9;&#9;&#9;{' ',' ',' ',' ',' ',' ',' ',' '},&#13;&#10;&#9;&#9;&#9;&#9;{' ',' ',' ',' ',' ',' ',' ',' '},&#13;&#10;&#9;&#9;&#9;&#9;{'r','r','r','r','r','r','r','r'},&#13;&#10;&#9;&#9;&#9;&#9;{'k','d','h','c','e','h','d','k'},&#13;&#10;&#9;&#9;},0);&#13;&#10;&#9;}&#13;&#10;&#13;&#10;&#9;/**&#13;&#10;&#9; * &#13;&#10;&#9; * @param x&#13;&#10;&#9; * @param y&#13;&#10;&#9; * @return&#13;&#10;&#9; */&#13;&#10;&#9;public Piece getSpace(int row, int column){&#13;&#10;&#9;&#9;if(currentBoard.getBoardArray()[row][column]==' ')&#13;&#10;&#9;&#9;&#9;return null;&#13;&#10;&#9;&#9;return new Piece(currentBoard.getBoardArray()[row][column]);&#13;&#10;&#9;&#9;&#13;&#10;&#9;}&#13;&#10;&#9;/**&#13;&#10;&#9; * &#13;&#10;&#9; * @param row&#13;&#10;&#9; * @param column&#13;&#10;&#9; * @param dir 0: up, 1: right, 2: down, 3: left&#13;&#10;&#9; * @return&#13;&#10;&#9; */&#13;&#10;&#9;public boolean move(int row, int column, int dir){&#13;&#10;&#9;&#9;boards.add(currentBoard);&#13;&#10;&#9;&#9;currentBoard=currentBoard.clone();&#13;&#10;&#9;&#9;switch(dir){&#13;&#10;&#9;&#9;case 0:&#13;&#10;&#9;&#9;&#9;//Moving UP&#13;&#10;&#9;&#9;&#9;if (row - 1 &gt;= 0 &amp;&amp; currentBoard.getBoardArray()[row-1][column] == ' ') {&#13;&#10;&#9;&#9;&#9;&#9;switchPiece(row, column, row-1, column);&#13;&#10;&#9;&#9;&#9;&#9;return true;&#13;&#10;&#9;&#9;&#9;}&#13;&#10;&#9;&#9;&#9;return false;&#13;&#10;&#9;&#9;case 1:&#13;&#10;&#9;&#9;&#9;//Moving RIGHT&#13;&#10;&#9;&#9;&#9;if (column + 1 &lt;= 7 &amp;&amp; currentBoard.getBoardArray()[row][column+1] == ' ') {&#13;&#10;&#9;&#9;&#9;&#9;switchPiece(row, column, row, column+1);&#13;&#10;&#9;&#9;&#9;&#9;return true;&#13;&#10;&#9;&#9;&#9;}&#13;&#10;&#9;&#9;&#9;return false;&#13;&#10;&#9;&#9;case 2:&#13;&#10;&#9;&#9;&#9;//Moving DOWN&#13;&#10;&#9;&#9;&#9;if (row + 1 &lt;= 7 &amp;&amp; currentBoard.getBoardArray()[row+1][column] == ' ') {&#13;&#10;&#9;&#9;&#9;&#9;switchPiece(row, column, row + 1, column);&#13;&#10;&#9;&#9;&#9;&#9;return true;&#13;&#10;&#9;&#9;&#9;}&#13;&#10;&#9;&#9;&#9;return false;&#13;&#10;&#9;&#9;case 3:&#13;&#10;&#9;&#9;&#9;//Moving LEFT&#13;&#10;&#9;&#9;&#9;if (column - 1 &gt;= 0 &amp;&amp; currentBoard.getBoardArray()[row][column-1] == ' ') {&#13;&#10;&#9;&#9;&#9;&#9;switchPiece(row, column, row, column - 1);&#13;&#10;&#9;&#9;&#9;&#9;return true;&#13;&#10;&#9;&#9;&#9;}&#13;&#10;&#9;&#9;&#9;return false;&#13;&#10;&#9;&#9;default:&#13;&#10;&#9;&#9;&#9;return false;&#13;&#10;&#9;&#9;}&#13;&#10;&#9;}&#13;&#10;&#9;//helper for move&#13;&#10;&#9;private void switchPiece(int row1, int column1, int row2, int column2) {&#13;&#10;&#9;&#9;//System.out.println(x+&quot; &quot;+ y+&quot;  &quot;+x2+&quot; &quot;+y2);&#13;&#10;&#9;&#9;char[][] boardArray = currentBoard.getBoardArray();&#13;&#10;//&#9;&#9;System.out.println(Arrays.deepToString(boardArray));&#13;&#10;&#9;&#9;char temp = boardArray[row1][column1];&#13;&#10;&#9;&#9;//System.out.println(temp+&quot; &quot;&#9;+boardArray[y][x]+&quot; &quot;+boardArray[y2][x2]);&#13;&#10;&#9;&#9;boardArray[row1][column1]=boardArray[row2][column2];&#13;&#10;&#9;&#9;boardArray[row2][column2]=temp;&#13;&#10;&#13;&#10;//&#9;&#9;System.out.println(Arrays.deepToString(boardArray));&#13;&#10;&#9;&#9;//System.out.println(&quot;SWITCH &quot;+temp+&quot; &quot;&#9;+boardArray[x][y]+&quot; &quot;+boardArray[x2][y2]);&#13;&#10;&#9;&#9;currentBoard.setBoardArray(boardArray);&#13;&#10;&#9;}&#13;&#10;&#9;/**&#13;&#10;&#9; * 0: up, 1: right, 2: down, 3: left&#13;&#10;&#9; * @param row&#13;&#10;&#9; * @param column&#13;&#10;&#9; * @param dir1 the direction the pushing piece will move&#13;&#10;&#9; * @param dir2 the direction the pushed piece will move&#13;&#10;&#9; * @return&#13;&#10;&#9; */&#13;&#10;&#9;public boolean push(int row, int column, int dir1, int dir2){&#13;&#10;&#9;&#9;//System.out.println(Arrays.deepToString(this.currentBoard.getBoardArray()));&#13;&#10;&#9;&#9;if (getSpace(row, column) == null){&#13;&#10;&#9;&#9;&#9;return false; // trying to push with an empty square&#13;&#10;&#9;&#9;}&#13;&#10;&#9;&#9;switch (dir1) {&#13;&#10;&#9;&#9;case 0:&#13;&#10;//&#9;&#9;&#9; System.out.println(&quot;Case 0&quot;);&#13;&#10;&#9;&#9;&#9;if (move(row - 1, column, dir2)) {&#13;&#10;&#9;&#9;&#9;&#9;// System.out.println(&quot;(&quot;+row+&quot;,&quot;+y+&quot;) trying move &quot;+dir2);&#13;&#10;&#9;&#9;&#9;&#9;// should always be true&#13;&#10;&#9;&#9;&#9;&#9;boolean move = move(row, column, dir1);&#13;&#10;&#9;&#9;&#9;&#9;// System.out.println(move);&#13;&#10;&#9;&#9;&#9;&#9;// System.out.println(Arrays.deepToString(this.currentBoard.getBoardArray()));&#13;&#10;&#9;&#9;&#9;&#9;return move;&#13;&#10;&#9;&#9;&#9;}&#13;&#10;&#9;&#9;&#9;break;&#13;&#10;&#9;&#9;case 1:&#13;&#10;//&#9;&#9;&#9; System.out.println(&quot;Case 1&quot;);&#13;&#10;&#9;&#9;&#9;if (move(row, column + 1, dir2)) {&#13;&#10;&#9;&#9;&#9;&#9;// System.out.println(&quot;(&quot;+row+&quot;,&quot;+y+&quot;trying move &quot;+dir2);&#13;&#10;&#9;&#9;&#9;&#9;// should always be true&#13;&#10;&#9;&#9;&#9;&#9;boolean move = move(row, column, dir1);&#13;&#10;&#9;&#9;&#9;&#9;// System.out.println(move);&#13;&#10;&#9;&#9;&#9;&#9;return move;&#13;&#10;&#9;&#9;&#9;}&#13;&#10;&#9;&#9;&#9;break;&#13;&#10;&#9;&#9;case 2:&#13;&#10;//&#9;&#9;&#9;System.out.println(&quot;Case 2&quot;);&#13;&#10;&#9;&#9;&#9;if (move(row + 1, column, dir2)) {&#13;&#10;&#9;&#9;&#9;&#9;// System.out.println(&quot;(&quot;+row+&quot;,&quot;+column+&quot;trying move &quot;+dir2);&#13;&#10;&#9;&#9;&#9;&#9;// should always be true&#13;&#10;&#9;&#9;&#9;&#9;boolean move = move(row, column, dir1);&#13;&#10;&#9;&#9;&#9;&#9;// System.out.println(move);&#13;&#10;&#9;&#9;&#9;&#9;return move;&#13;&#10;&#9;&#9;&#9;}&#13;&#10;&#9;&#9;&#9;break;&#13;&#10;&#9;&#9;case 3:&#13;&#10;//&#9;&#9;&#9; System.out.println(&quot;Case 3&quot;);&#13;&#10;&#9;&#9;&#9;if (move(row, column - 1, dir2)) {&#13;&#10;&#9;&#9;&#9;&#9;// System.out.println(&quot;(&quot;+row+&quot;,&quot;+column+&quot;) trying move &quot;+dir2);&#13;&#10;&#9;&#9;&#9;&#9;// should always be true&#13;&#10;&#9;&#9;&#9;&#9;boolean move = move(row, column, dir1);&#13;&#10;&#9;&#9;&#9;&#9;// System.out.println(move);&#13;&#10;&#9;&#9;&#9;&#9;return move;&#13;&#10;&#9;&#9;&#9;}&#13;&#10;&#9;&#9;&#9;break;&#13;&#10;&#9;&#9;}&#13;&#10;&#9;&#9;return false;&#13;&#10;&#9;}&#13;&#10;&#9;&#13;&#10;&#9;/**&#13;&#10;&#9; * 0: up, 1: right, 2: down, 3: left&#13;&#10;&#9; * @param row: row that contains the pulling piece&#13;&#10;&#9; * @param column: column that contains the pulling piece&#13;&#10;&#9; * @param direction: direction the pulling piece will move&#13;&#10;&#9; * @return True if pull succeeds, False if it fails&#13;&#10;&#9; */&#13;&#10;&#9;//Still need to test piece strength comparison&#13;&#10;&#9;public boolean pull(int row, int column, int direction){&#13;&#10;&#9;&#9;//There's no piece here to pull with, nimrod&#13;&#10;&#9;&#9;if(getSpace(row, column)==null) return false;&#13;&#10;&#9;&#9;&#13;&#10;&#9;&#9;//Congratulations, you selected a valid piece!&#13;&#10;&#9;&#9;switch(direction){&#13;&#10;&#9;&#9;case 0:&#13;&#10;&#9;&#9;&#9;if (getSpace(row+1, column)!=null &amp;&amp; getSpace(row, column).getOwner() != getSpace(row+1, column).getOwner() &amp;&amp; move(row, column, direction)) {&#13;&#10;&#9;&#9;&#9;&#9;move(row + 1, column, direction);&#13;&#10;&#9;&#9;&#9;&#9;return true;&#13;&#10;&#9;&#9;&#9;}&#13;&#10;&#9;&#9;&#9;break;&#13;&#10;&#9;&#9;case 1:&#13;&#10;&#9;&#9;&#9;if (getSpace(row, column-1)!=null &amp;&amp; getSpace(row, column).getOwner() != getSpace(row, column-1).getOwner() &amp;&amp; move(row, column, direction)) {&#13;&#10;&#9;&#9;&#9;&#9;move(row, column - 1, direction);&#13;&#10;&#9;&#9;&#9;&#9;return true;&#13;&#10;&#9;&#9;&#9;}&#13;&#10;&#9;&#9;&#9;break;&#13;&#10;&#9;&#9;case 2:&#13;&#10;&#9;&#9;&#9;if(getSpace(row-1, column)!=null &amp;&amp; getSpace(row, column).getOwner() != getSpace(row-1, column).getOwner() &amp;&amp; move(row, column, direction)){&#13;&#10;&#9;&#9;&#9;&#9;move(row - 1, column, direction);&#13;&#10;&#9;&#9;&#9;&#9;return true;&#13;&#10;&#9;&#9;&#9;}&#13;&#10;&#9;&#9;&#9;break;&#13;&#10;&#9;&#9;case 3:&#13;&#10;&#9;&#9;&#9;if (getSpace(row, column+1)!=null &amp;&amp; getSpace(row, column).getOwner() != getSpace(row, column+1).getOwner() &amp;&amp; move(row, column, direction)) {&#13;&#10;&#9;&#9;&#9;&#9;move(row, column + 1, direction);&#13;&#10;&#9;&#9;&#9;&#9;return true;&#13;&#10;&#9;&#9;&#9;}&#13;&#10;&#9;&#9;&#9;break;&#13;&#10;&#9;&#9;}&#13;&#10;&#9;&#9;return false;&#13;&#10;&#9;}&#13;&#10;}&#13;&#10;" Filename="Game.java" Intrnl_Id="2"/>
<SrcFile Content="package game;&#13;&#10;&#13;&#10;import java.awt.Color;&#13;&#10;&#13;&#10;import javax.swing.JButton;&#13;&#10;import javax.swing.JComboBox;&#13;&#10;import javax.swing.JFileChooser;&#13;&#10;import javax.swing.JFrame;&#13;&#10;import javax.swing.JLabel;&#13;&#10;import javax.swing.JPanel;&#13;&#10;import javax.swing.JTextField;&#13;&#10;&#13;&#10;import java.awt.Dimension;&#13;&#10;import java.awt.Font;&#13;&#10;import java.awt.Graphics;&#13;&#10;import java.awt.Image;&#13;&#10;import java.awt.event.ActionEvent;&#13;&#10;import java.awt.event.ActionListener;&#13;&#10;import java.awt.event.MouseEvent;&#13;&#10;import java.awt.event.MouseListener;&#13;&#10;import java.io.File;&#13;&#10;import java.util.ArrayList;&#13;&#10;&#13;&#10;import javax.swing.ImageIcon;&#13;&#10;&#13;&#10;public class GUI {&#13;&#10;&#9;private String p1name;&#13;&#10;&#9;private String p2name;&#13;&#10;&#9;private ArrayList&lt;JFrame&gt; activeFrames;&#13;&#10;&#9;private Game game;&#13;&#10;&#9;private ImagePanel gameBoardPanel = null;&#13;&#10;&#9;private ImagePanel[][] boardPieces;&#13;&#10;&#13;&#10;&#9;public GUI() {&#13;&#10;&#9;&#9;this.p1name = &quot;Player 1&quot;;&#13;&#10;&#9;&#9;this.p2name = &quot;Player 2&quot;;&#13;&#10;&#9;&#9;this.game = new Game();&#13;&#10;&#9;&#9;this.boardPieces = new ImagePanel[8][8];&#13;&#10;&#9;&#9;this.activeFrames = new ArrayList&lt;JFrame&gt;();&#13;&#10;&#9;&#9;JFrame mainMenuFrame = new JFrame();&#13;&#10;&#9;&#9;this.activeFrames.add(mainMenuFrame);&#13;&#10;&#9;&#9;mainMenuFrame.setTitle(&quot;Welcome to Arimaa!&quot;);&#13;&#10;&#9;&#9;mainMenuFrame.setDefaultCloseOperation(JFrame.EXIT_ON_CLOSE);&#13;&#10;&#13;&#10;&#9;}&#13;&#10;&#13;&#10;&#9;public static void main(String[] args) {&#13;&#10;&#9;&#9;GUI g = new GUI();&#13;&#10;&#13;&#10;&#9;&#9;// Add MAIN MENU panel with appropriate background image&#13;&#10;&#9;&#9;ImagePanel panel = new ImagePanel(new ImageIcon(&#13;&#10;&#9;&#9;&#9;&#9;&quot;resources/BoardStoneBig.jpg&quot;).getImage());&#13;&#10;&#9;&#9;g.activeFrames.get(0).getContentPane().add(panel);&#13;&#10;&#9;&#9;g.activeFrames.get(0).pack();&#13;&#10;&#9;&#9;panel.setVisible(true);&#13;&#10;&#13;&#10;&#9;&#9;// Add the NEW GAME button to the Main Menu&#13;&#10;&#9;&#9;JButton newGameButton = new JButton();&#13;&#10;&#9;&#9;newGameButton.setSize(150, 75);&#13;&#10;&#9;&#9;newGameButton.setText(&quot;New Game&quot;);&#13;&#10;&#9;&#9;Font newGameFont = newGameButton.getFont();&#13;&#10;&#9;&#9;newGameButton.setFont(new Font(newGameFont.getName(), 4, 20));&#13;&#10;&#9;&#9;newGameButton.setLocation((panel.getWidth() / 4) - 35,&#13;&#10;&#9;&#9;&#9;&#9;(panel.getHeight() / 2) - 37);&#13;&#10;&#9;&#9;panel.add(newGameButton);&#13;&#10;&#9;&#9;newGameButton.setVisible(true);&#13;&#10;&#13;&#10;&#9;&#9;// Setup ActionListener for NEW GAME button&#13;&#10;&#9;&#9;newGameButton.addActionListener(g.new newGameListener());&#13;&#10;&#13;&#10;&#9;&#9;// Add the LOAD GAME button to the Main Menu&#13;&#10;&#9;&#9;JButton loadGameButton = new JButton();&#13;&#10;&#9;&#9;loadGameButton.setSize(150, 75);&#13;&#10;&#9;&#9;loadGameButton.setText(&quot;Load Game&quot;);&#13;&#10;&#9;&#9;Font loadGameFont = loadGameButton.getFont();&#13;&#10;&#9;&#9;loadGameButton.setFont(new Font(loadGameFont.getName(), 4, 20));&#13;&#10;&#9;&#9;loadGameButton.setLocation((panel.getWidth() / 4) * 3 - 110,&#13;&#10;&#9;&#9;&#9;&#9;(panel.getHeight() / 2) - 37);&#13;&#10;&#9;&#9;panel.add(loadGameButton);&#13;&#10;&#9;&#9;loadGameButton.setVisible(true);&#13;&#10;&#13;&#10;&#9;&#9;// Setup ActionListener for the LOAD GAME button&#13;&#10;&#9;&#9;loadGameButton.addActionListener(g.new loadGameListener());&#13;&#10;&#13;&#10;&#9;&#9;g.activeFrames.get(0).setVisible(true);&#13;&#10;&#9;}&#13;&#10;&#13;&#10;&#9;public String getP1name() {&#13;&#10;&#9;&#9;return p1name;&#13;&#10;&#9;}&#13;&#10;&#13;&#10;&#9;public void setP1name(String p1name) {&#13;&#10;&#9;&#9;this.p1name = p1name;&#13;&#10;&#9;}&#13;&#10;&#13;&#10;&#9;public String getP2name() {&#13;&#10;&#9;&#9;return p2name;&#13;&#10;&#9;}&#13;&#10;&#13;&#10;&#9;public void setP2name(String p2name) {&#13;&#10;&#9;&#9;this.p2name = p2name;&#13;&#10;&#9;}&#13;&#10;&#13;&#10;&#9;public ArrayList&lt;JFrame&gt; getActiveFrames() {&#13;&#10;&#9;&#9;return activeFrames;&#13;&#10;&#9;}&#13;&#10;&#13;&#10;&#9;public void setActiveFrames(ArrayList&lt;JFrame&gt; frames) {&#13;&#10;&#9;&#9;this.activeFrames = frames;&#13;&#10;&#9;}&#13;&#10;&#13;&#10;&#9;private void renderInitialBoard() {&#13;&#10;&#9;&#9;char[][] boardArray = this.game.currentBoard.getBoardArray();&#13;&#10;&#9;&#9;for (int row = 0; row &lt; 8; row++) {&#13;&#10;&#9;&#9;&#9;for (int column = 0; column &lt; 8; column++) {&#13;&#10;&#9;&#9;&#9;&#9;char c = boardArray[row][column];&#13;&#10;&#9;&#9;&#9;&#9;switch (c) {&#13;&#10;&#9;&#9;&#9;&#9;case 'E':&#13;&#10;&#9;&#9;&#9;&#9;&#9;ImagePanel whiteElephantPanel = new ImagePanel(&#13;&#10;&#9;&#9;&#9;&#9;&#9;&#9;&#9;new ImageIcon(&quot;resources/White elephant.png&quot;)&#13;&#10;&#9;&#9;&#9;&#9;&#9;&#9;&#9;&#9;&#9;.getImage());&#13;&#10;&#9;&#9;&#9;&#9;&#9;this.gameBoardPanel.add(whiteElephantPanel);&#13;&#10;&#9;&#9;&#9;&#9;&#9;whiteElephantPanel.setRow(row);&#13;&#10;&#9;&#9;&#9;&#9;&#9;whiteElephantPanel.setColumn(column);&#13;&#10;&#9;&#9;&#9;&#9;&#9;whiteElephantPanel.setLocation(&#13;&#10;&#9;&#9;&#9;&#9;&#9;&#9;&#9;whiteElephantPanel.getPixelX(),&#13;&#10;&#9;&#9;&#9;&#9;&#9;&#9;&#9;whiteElephantPanel.getPixelY());&#13;&#10;&#9;&#9;&#9;&#9;&#9;whiteElephantPanel.setVisible(true);&#13;&#10;&#9;&#9;&#9;&#9;&#9;this.boardPieces[row][column] = whiteElephantPanel;&#13;&#10;&#9;&#9;&#9;&#9;&#9;break;&#13;&#10;&#9;&#9;&#9;&#9;case 'C':&#13;&#10;&#9;&#9;&#9;&#9;&#9;ImagePanel whiteCamelPanel = new ImagePanel(new ImageIcon(&#13;&#10;&#9;&#9;&#9;&#9;&#9;&#9;&#9;&quot;resources/White camel.png&quot;).getImage());&#13;&#10;&#9;&#9;&#9;&#9;&#9;this.gameBoardPanel.add(whiteCamelPanel);&#13;&#10;&#9;&#9;&#9;&#9;&#9;whiteCamelPanel.setRow(row);&#13;&#10;&#9;&#9;&#9;&#9;&#9;whiteCamelPanel.setColumn(column);&#13;&#10;&#9;&#9;&#9;&#9;&#9;whiteCamelPanel.setLocation(whiteCamelPanel.getPixelX(),&#13;&#10;&#9;&#9;&#9;&#9;&#9;&#9;&#9;whiteCamelPanel.getPixelY());&#13;&#10;&#9;&#9;&#9;&#9;&#9;whiteCamelPanel.setVisible(true);&#13;&#10;&#9;&#9;&#9;&#9;&#9;this.boardPieces[row][column] = whiteCamelPanel;&#13;&#10;&#9;&#9;&#9;&#9;&#9;break;&#13;&#10;&#9;&#9;&#9;&#9;case 'H':&#13;&#10;&#9;&#9;&#9;&#9;&#9;ImagePanel whiteHorsePanel = new ImagePanel(new ImageIcon(&#13;&#10;&#9;&#9;&#9;&#9;&#9;&#9;&#9;&quot;resources/White horse.png&quot;).getImage());&#13;&#10;&#9;&#9;&#9;&#9;&#9;this.gameBoardPanel.add(whiteHorsePanel);&#13;&#10;&#9;&#9;&#9;&#9;&#9;whiteHorsePanel.setRow(row);&#13;&#10;&#9;&#9;&#9;&#9;&#9;whiteHorsePanel.setColumn(column);&#13;&#10;&#9;&#9;&#9;&#9;&#9;whiteHorsePanel.setLocation(whiteHorsePanel.getPixelX(),&#13;&#10;&#9;&#9;&#9;&#9;&#9;&#9;&#9;whiteHorsePanel.getPixelY());&#13;&#10;&#9;&#9;&#9;&#9;&#9;whiteHorsePanel.setVisible(true);&#13;&#10;&#9;&#9;&#9;&#9;&#9;this.boardPieces[row][column] = whiteHorsePanel;&#13;&#10;&#9;&#9;&#9;&#9;&#9;break;&#13;&#10;&#9;&#9;&#9;&#9;case 'D':&#13;&#10;&#9;&#9;&#9;&#9;&#9;ImagePanel whiteDogPanel = new ImagePanel(new ImageIcon(&#13;&#10;&#9;&#9;&#9;&#9;&#9;&#9;&#9;&quot;resources/White dog.png&quot;).getImage());&#13;&#10;&#9;&#9;&#9;&#9;&#9;this.gameBoardPanel.add(whiteDogPanel);&#13;&#10;&#9;&#9;&#9;&#9;&#9;whiteDogPanel.setRow(row);&#13;&#10;&#9;&#9;&#9;&#9;&#9;whiteDogPanel.setColumn(column);&#13;&#10;&#9;&#9;&#9;&#9;&#9;whiteDogPanel.setLocation(whiteDogPanel.getPixelX(),&#13;&#10;&#9;&#9;&#9;&#9;&#9;&#9;&#9;whiteDogPanel.getPixelY());&#13;&#10;&#9;&#9;&#9;&#9;&#9;whiteDogPanel.setVisible(true);&#13;&#10;&#9;&#9;&#9;&#9;&#9;this.boardPieces[row][column] = whiteDogPanel;&#13;&#10;&#9;&#9;&#9;&#9;&#9;break;&#13;&#10;&#9;&#9;&#9;&#9;case 'K':&#13;&#10;&#9;&#9;&#9;&#9;&#9;ImagePanel whiteCatPanel = new ImagePanel(new ImageIcon(&#13;&#10;&#9;&#9;&#9;&#9;&#9;&#9;&#9;&quot;resources/White cat.png&quot;).getImage());&#13;&#10;&#9;&#9;&#9;&#9;&#9;this.gameBoardPanel.add(whiteCatPanel);&#13;&#10;&#9;&#9;&#9;&#9;&#9;whiteCatPanel.setRow(row);&#13;&#10;&#9;&#9;&#9;&#9;&#9;whiteCatPanel.setColumn(column);&#13;&#10;&#9;&#9;&#9;&#9;&#9;whiteCatPanel.setLocation(whiteCatPanel.getPixelX(),&#13;&#10;&#9;&#9;&#9;&#9;&#9;&#9;&#9;whiteCatPanel.getPixelY());&#13;&#10;&#9;&#9;&#9;&#9;&#9;whiteCatPanel.setVisible(true);&#13;&#10;&#9;&#9;&#9;&#9;&#9;this.boardPieces[row][column] = whiteCatPanel;&#13;&#10;&#9;&#9;&#9;&#9;&#9;break;&#13;&#10;&#9;&#9;&#9;&#9;case 'R':&#13;&#10;&#9;&#9;&#9;&#9;&#9;ImagePanel whiteRabbitPanel = new ImagePanel(new ImageIcon(&#13;&#10;&#9;&#9;&#9;&#9;&#9;&#9;&#9;&quot;resources/White rabbit.png&quot;).getImage());&#13;&#10;&#9;&#9;&#9;&#9;&#9;this.gameBoardPanel.add(whiteRabbitPanel);&#13;&#10;&#9;&#9;&#9;&#9;&#9;whiteRabbitPanel.setRow(row);&#13;&#10;&#9;&#9;&#9;&#9;&#9;whiteRabbitPanel.setColumn(column);&#13;&#10;&#9;&#9;&#9;&#9;&#9;whiteRabbitPanel.setLocation(whiteRabbitPanel.getPixelX(),&#13;&#10;&#9;&#9;&#9;&#9;&#9;&#9;&#9;whiteRabbitPanel.getPixelY());&#13;&#10;&#9;&#9;&#9;&#9;&#9;whiteRabbitPanel.setVisible(true);&#13;&#10;&#9;&#9;&#9;&#9;&#9;this.boardPieces[row][column] = whiteRabbitPanel;&#13;&#10;&#9;&#9;&#9;&#9;&#9;break;&#13;&#10;&#9;&#9;&#9;&#9;case 'e':&#13;&#10;&#9;&#9;&#9;&#9;&#9;ImagePanel blackElephantPanel = new ImagePanel(&#13;&#10;&#9;&#9;&#9;&#9;&#9;&#9;&#9;new ImageIcon(&quot;resources/Black elephant.png&quot;)&#13;&#10;&#9;&#9;&#9;&#9;&#9;&#9;&#9;&#9;&#9;.getImage());&#13;&#10;&#9;&#9;&#9;&#9;&#9;this.gameBoardPanel.add(blackElephantPanel);&#13;&#10;&#9;&#9;&#9;&#9;&#9;blackElephantPanel.setRow(row);&#13;&#10;&#9;&#9;&#9;&#9;&#9;blackElephantPanel.setColumn(column);&#13;&#10;&#9;&#9;&#9;&#9;&#9;blackElephantPanel.setLocation(&#13;&#10;&#9;&#9;&#9;&#9;&#9;&#9;&#9;blackElephantPanel.getPixelX(),&#13;&#10;&#9;&#9;&#9;&#9;&#9;&#9;&#9;blackElephantPanel.getPixelY());&#13;&#10;&#9;&#9;&#9;&#9;&#9;blackElephantPanel.setVisible(true);&#13;&#10;&#9;&#9;&#9;&#9;&#9;this.boardPieces[row][column] = blackElephantPanel;&#13;&#10;&#9;&#9;&#9;&#9;&#9;break;&#13;&#10;&#9;&#9;&#9;&#9;case 'c':&#13;&#10;&#9;&#9;&#9;&#9;&#9;ImagePanel blackCamelPanel = new ImagePanel(new ImageIcon(&#13;&#10;&#9;&#9;&#9;&#9;&#9;&#9;&#9;&quot;resources/Black camel.png&quot;).getImage());&#13;&#10;&#9;&#9;&#9;&#9;&#9;this.gameBoardPanel.add(blackCamelPanel);&#13;&#10;&#9;&#9;&#9;&#9;&#9;blackCamelPanel.setRow(row);&#13;&#10;&#9;&#9;&#9;&#9;&#9;blackCamelPanel.setColumn(column);&#13;&#10;&#9;&#9;&#9;&#9;&#9;blackCamelPanel.setLocation(blackCamelPanel.getPixelX(),&#13;&#10;&#9;&#9;&#9;&#9;&#9;&#9;&#9;blackCamelPanel.getPixelY());&#13;&#10;&#9;&#9;&#9;&#9;&#9;blackCamelPanel.setVisible(true);&#13;&#10;&#9;&#9;&#9;&#9;&#9;this.boardPieces[row][column] = blackCamelPanel;&#13;&#10;&#9;&#9;&#9;&#9;&#9;break;&#13;&#10;&#9;&#9;&#9;&#9;case 'h':&#13;&#10;&#9;&#9;&#9;&#9;&#9;ImagePanel blackHorsePanel = new ImagePanel(new ImageIcon(&#13;&#10;&#9;&#9;&#9;&#9;&#9;&#9;&#9;&quot;resources/Black horse.png&quot;).getImage());&#13;&#10;&#9;&#9;&#9;&#9;&#9;this.gameBoardPanel.add(blackHorsePanel);&#13;&#10;&#9;&#9;&#9;&#9;&#9;blackHorsePanel.setRow(row);&#13;&#10;&#9;&#9;&#9;&#9;&#9;blackHorsePanel.setColumn(column);&#13;&#10;&#9;&#9;&#9;&#9;&#9;blackHorsePanel.setLocation(blackHorsePanel.getPixelX(),&#13;&#10;&#9;&#9;&#9;&#9;&#9;&#9;&#9;blackHorsePanel.getPixelY());&#13;&#10;&#9;&#9;&#9;&#9;&#9;blackHorsePanel.setVisible(true);&#13;&#10;&#9;&#9;&#9;&#9;&#9;this.boardPieces[row][column] = blackHorsePanel;&#13;&#10;&#9;&#9;&#9;&#9;&#9;break;&#13;&#10;&#9;&#9;&#9;&#9;case 'd':&#13;&#10;&#9;&#9;&#9;&#9;&#9;ImagePanel blackDogPanel = new ImagePanel(new ImageIcon(&#13;&#10;&#9;&#9;&#9;&#9;&#9;&#9;&#9;&quot;resources/Black dog.png&quot;).getImage());&#13;&#10;&#9;&#9;&#9;&#9;&#9;this.gameBoardPanel.add(blackDogPanel);&#13;&#10;&#9;&#9;&#9;&#9;&#9;blackDogPanel.setRow(row);&#13;&#10;&#9;&#9;&#9;&#9;&#9;blackDogPanel.setColumn(column);&#13;&#10;&#9;&#9;&#9;&#9;&#9;blackDogPanel.setLocation(blackDogPanel.getPixelX(),&#13;&#10;&#9;&#9;&#9;&#9;&#9;&#9;&#9;blackDogPanel.getPixelY());&#13;&#10;&#9;&#9;&#9;&#9;&#9;blackDogPanel.setVisible(true);&#13;&#10;&#9;&#9;&#9;&#9;&#9;this.boardPieces[row][column] = blackDogPanel;&#13;&#10;&#9;&#9;&#9;&#9;&#9;break;&#13;&#10;&#9;&#9;&#9;&#9;case 'k':&#13;&#10;&#9;&#9;&#9;&#9;&#9;ImagePanel blackCatPanel = new ImagePanel(new ImageIcon(&#13;&#10;&#9;&#9;&#9;&#9;&#9;&#9;&#9;&quot;resources/Black cat.png&quot;).getImage());&#13;&#10;&#9;&#9;&#9;&#9;&#9;this.gameBoardPanel.add(blackCatPanel);&#13;&#10;&#9;&#9;&#9;&#9;&#9;blackCatPanel.setRow(row);&#13;&#10;&#9;&#9;&#9;&#9;&#9;blackCatPanel.setColumn(column);&#13;&#10;&#9;&#9;&#9;&#9;&#9;blackCatPanel.setLocation(blackCatPanel.getPixelX(),&#13;&#10;&#9;&#9;&#9;&#9;&#9;&#9;&#9;blackCatPanel.getPixelY());&#13;&#10;&#9;&#9;&#9;&#9;&#9;blackCatPanel.setVisible(true);&#13;&#10;&#9;&#9;&#9;&#9;&#9;this.boardPieces[row][column] = blackCatPanel;&#13;&#10;&#9;&#9;&#9;&#9;&#9;break;&#13;&#10;&#9;&#9;&#9;&#9;case 'r':&#13;&#10;&#9;&#9;&#9;&#9;&#9;ImagePanel blackRabbitPanel = new ImagePanel(new ImageIcon(&#13;&#10;&#9;&#9;&#9;&#9;&#9;&#9;&#9;&quot;resources/Black rabbit.png&quot;).getImage());&#13;&#10;&#9;&#9;&#9;&#9;&#9;this.gameBoardPanel.add(blackRabbitPanel);&#13;&#10;&#9;&#9;&#9;&#9;&#9;blackRabbitPanel.setRow(row);&#13;&#10;&#9;&#9;&#9;&#9;&#9;blackRabbitPanel.setColumn(column);&#13;&#10;&#9;&#9;&#9;&#9;&#9;blackRabbitPanel.setLocation(blackRabbitPanel.getPixelX(),&#13;&#10;&#9;&#9;&#9;&#9;&#9;&#9;&#9;blackRabbitPanel.getPixelY());&#13;&#10;&#9;&#9;&#9;&#9;&#9;blackRabbitPanel.setVisible(true);&#13;&#10;&#9;&#9;&#9;&#9;&#9;this.boardPieces[row][column] = blackRabbitPanel;&#13;&#10;&#9;&#9;&#9;&#9;&#9;break;&#13;&#10;&#9;&#9;&#9;&#9;default:&#13;&#10;&#9;&#9;&#9;&#9;}&#13;&#10;&#9;&#9;&#9;}&#13;&#10;&#9;&#9;}&#13;&#10;&#9;}&#13;&#10;&#9;&#13;&#10;&#9;/**&#13;&#10;&#9; * @param row&#13;&#10;&#9; * @param column&#13;&#10;&#9; * @param dir 0: up, 1: right, 2: down, 3: left&#13;&#10;&#9; */&#13;&#10;&#9;//Helper fuction for the action listener handling piece move&#13;&#10;&#9;private boolean movePieceIcon(int row, int column, int dir){&#13;&#10;&#9;&#9;switch(dir){&#13;&#10;&#9;&#9;case 0:&#13;&#10;&#9;&#9;&#9;//Moving UP&#13;&#10;&#9;&#9;&#9;if (row - 1 &gt;= 0 &amp;&amp; boardPieces[row-1][column] == null) {&#13;&#10;&#9;&#9;&#9;&#9;switchPiece(row, column, row-1, column);&#13;&#10;&#9;&#9;&#9;&#9;boardPieces[row-1][column].setRow(row-1);&#13;&#10;&#9;&#9;&#9;&#9;boardPieces[row-1][column].setColumn(column);&#13;&#10;&#9;&#9;&#9;&#9;boardPieces[row-1][column].setLocation(boardPieces[row-1][column].getPixelX(), &#13;&#10;&#9;&#9;&#9;&#9;&#9;&#9;boardPieces[row-1][column].getPixelY());&#13;&#10;&#9;&#9;&#9;&#9;boardPieces[row-1][column].setVisible(true);&#13;&#10;&#9;&#9;&#9;&#9;return true;&#13;&#10;&#9;&#9;&#9;}&#13;&#10;&#9;&#9;&#9;return false;&#13;&#10;&#9;&#9;case 1:&#13;&#10;&#9;&#9;&#9;//Moving RIGHT&#13;&#10;&#9;&#9;&#9;if (column + 1 &lt;= 7 &amp;&amp; boardPieces[row][column+1] == null) {&#13;&#10;&#9;&#9;&#9;&#9;switchPiece(row, column, row, column+1);&#13;&#10;&#9;&#9;&#9;&#9;boardPieces[row][column+1].setRow(row);&#13;&#10;&#9;&#9;&#9;&#9;boardPieces[row][column+1].setColumn(column+1);&#13;&#10;&#9;&#9;&#9;&#9;boardPieces[row][column+1].setLocation(boardPieces[row][column+1].getPixelX(), &#13;&#10;&#9;&#9;&#9;&#9;&#9;&#9;boardPieces[row][column+1].getPixelY());&#13;&#10;&#9;&#9;&#9;&#9;boardPieces[row][column+1].setVisible(true);&#13;&#10;&#9;&#9;&#9;&#9;return true;&#13;&#10;&#9;&#9;&#9;}&#13;&#10;&#9;&#9;&#9;return false;&#13;&#10;&#9;&#9;case 2:&#13;&#10;&#9;&#9;&#9;//Moving DOWN&#13;&#10;&#9;&#9;&#9;if (row + 1 &lt;= 7 &amp;&amp; boardPieces[row+1][column] == null) {&#13;&#10;&#9;&#9;&#9;&#9;switchPiece(row, column, row + 1, column);&#13;&#10;&#9;&#9;&#9;&#9;boardPieces[row+1][column].setRow(row+1);&#13;&#10;&#9;&#9;&#9;&#9;boardPieces[row+1][column].setColumn(column);&#13;&#10;&#9;&#9;&#9;&#9;boardPieces[row+1][column].setLocation(boardPieces[row+1][column].getPixelX(), &#13;&#10;&#9;&#9;&#9;&#9;&#9;&#9;boardPieces[row+1][column].getPixelY());&#13;&#10;&#9;&#9;&#9;&#9;boardPieces[row+1][column].setVisible(true);&#13;&#10;&#9;&#9;&#9;&#9;return true;&#13;&#10;&#9;&#9;&#9;}&#13;&#10;&#9;&#9;&#9;return false;&#13;&#10;&#9;&#9;case 3:&#13;&#10;&#9;&#9;&#9;//Moving LEFT&#13;&#10;&#9;&#9;&#9;if (column - 1 &gt;= 0 &amp;&amp; boardPieces[row][column-1] == null) {&#13;&#10;&#9;&#9;&#9;&#9;switchPiece(row, column, row, column - 1);&#13;&#10;&#9;&#9;&#9;&#9;boardPieces[row][column-1].setRow(row);&#13;&#10;&#9;&#9;&#9;&#9;boardPieces[row][column-1].setColumn(column-1);&#13;&#10;&#9;&#9;&#9;&#9;boardPieces[row][column-1].setLocation(boardPieces[row][column-1].getPixelX(), &#13;&#10;&#9;&#9;&#9;&#9;&#9;&#9;boardPieces[row][column-1].getPixelY());&#13;&#10;&#9;&#9;&#9;&#9;boardPieces[row][column-1].setVisible(true);&#13;&#10;&#9;&#9;&#9;&#9;return true;&#13;&#10;&#9;&#9;&#9;}&#13;&#10;&#9;&#9;&#9;return false;&#13;&#10;&#9;&#9;default:&#13;&#10;&#9;&#9;&#9;return false;&#13;&#10;&#9;&#9;}&#13;&#10;&#9;}&#13;&#10;&#13;&#10;&#9;// helper for movePieceIcon&#13;&#10;&#9;//Switches pieces in row1, column1 and row2,column2&#13;&#10;&#9;private void switchPiece(int row1, int column1, int row2, int column2) {&#13;&#10;&#9;&#9;ImagePanel[][] boardArray = boardPieces;&#13;&#10;&#9;&#9;ImagePanel temp = boardArray[row1][column1];&#13;&#10;&#13;&#10;&#9;&#9;boardArray[row1][column1] = boardArray[row2][column2];&#13;&#10;&#9;&#9;boardArray[row2][column2] = temp;&#13;&#10;&#13;&#10;&#9;&#9;boardPieces = boardArray;&#13;&#10;&#9;}&#13;&#10;&#13;&#10;&#9;class newGameListener implements ActionListener {&#13;&#10;&#13;&#10;&#9;&#9;@Override&#13;&#10;&#9;&#9;public void actionPerformed(ActionEvent e) {&#13;&#10;&#9;&#9;&#9;JFrame settingsFrame = new JFrame();&#13;&#10;&#9;&#9;&#9;activeFrames.add(settingsFrame);&#13;&#10;&#9;&#9;&#9;settingsFrame.setTitle(&quot;New Game Options&quot;);&#13;&#10;&#9;&#9;&#9;settingsFrame.setLocation(650 / 2 - 324 / 2 + 5, 650 / 2 - 324 / 2&#13;&#10;&#9;&#9;&#9;&#9;&#9;+ 44);&#13;&#10;&#9;&#9;&#9;settingsFrame.setVisible(true);&#13;&#10;&#13;&#10;&#9;&#9;&#9;ImagePanel panel = new ImagePanel(new ImageIcon(&#13;&#10;&#9;&#9;&#9;&#9;&#9;&quot;resources/BoardStoneBigCropped.jpg&quot;).getImage());&#13;&#10;&#9;&#9;&#9;settingsFrame.getContentPane().add(panel);&#13;&#10;&#9;&#9;&#9;settingsFrame.pack();&#13;&#10;&#9;&#9;&#9;panel.setVisible(true);&#13;&#10;&#13;&#10;&#9;&#9;&#9;// Set up Player 1 Name Label and Text Field&#13;&#10;&#9;&#9;&#9;JLabel p1NameLabel = new JLabel();&#13;&#10;&#9;&#9;&#9;&#13;&#10;&#9;&#9;&#9;// On Mac, the bolded text causes layout issues&#13;&#10;&#9;&#9;&#9;p1NameLabel.setText(&quot;&lt;html&gt;&lt;b&gt;Player 1 Name:&lt;/b&gt;&lt;html&gt;&quot;);&#13;&#10;&#9;&#9;&#9;p1NameLabel.setForeground(Color.WHITE);&#13;&#10;&#9;&#9;&#9;Font p1NameFont = p1NameLabel.getFont();&#13;&#10;&#9;&#9;&#9;p1NameLabel.setFont(new Font(p1NameFont.getName(), 4, 14));&#13;&#10;&#9;&#9;&#9;p1NameLabel.setSize(110, 25);&#13;&#10;&#9;&#9;&#9;panel.add(p1NameLabel);&#13;&#10;&#9;&#9;&#9;p1NameLabel.setLocation(&#13;&#10;&#9;&#9;&#9;&#9;&#9;panel.getWidth() / 2 - p1NameLabel.getWidth(),&#13;&#10;&#9;&#9;&#9;&#9;&#9;panel.getHeight() / 2 - p1NameLabel.getHeight() * 2);&#13;&#10;&#9;&#9;&#9;p1NameLabel.setVisible(true);&#13;&#10;&#13;&#10;&#9;&#9;&#9;JTextField p1NameField = new JTextField();&#13;&#10;&#9;&#9;&#9;p1NameField.setSize(110, 25);&#13;&#10;&#9;&#9;&#9;Font p1FieldFont = p1NameField.getFont();&#13;&#10;&#9;&#9;&#9;p1NameLabel.setFont(new Font(p1FieldFont.getName(), 4, 14));&#13;&#10;&#9;&#9;&#9;panel.add(p1NameField);&#13;&#10;&#9;&#9;&#9;p1NameField.setLocation(panel.getWidth() / 2, panel.getHeight() / 2&#13;&#10;&#9;&#9;&#9;&#9;&#9;- p1NameField.getHeight() * 2);&#13;&#10;&#9;&#9;&#9;p1NameField.setVisible(true);&#13;&#10;&#13;&#10;&#9;&#9;&#9;// Set up Player 2 Name Label and Text Field&#13;&#10;&#9;&#9;&#9;JLabel p2NameLabel = new JLabel();&#13;&#10;&#9;&#9;&#9;p2NameLabel.setText(&quot;&lt;html&gt;&lt;b&gt;Player 2 Name:&lt;/b&gt;&lt;/hmtl&gt;&quot;);&#13;&#10;&#9;&#9;&#9;p2NameLabel.setForeground(Color.WHITE);&#13;&#10;&#9;&#9;&#9;Font p2NameFont = p2NameLabel.getFont();&#13;&#10;&#9;&#9;&#9;p2NameLabel.setFont(new Font(p2NameFont.getName(), 4, 14));&#13;&#10;&#9;&#9;&#9;p2NameLabel.setSize(110, 25);&#13;&#10;&#9;&#9;&#9;panel.add(p2NameLabel);&#13;&#10;&#9;&#9;&#9;p2NameLabel.setLocation(&#13;&#10;&#9;&#9;&#9;&#9;&#9;panel.getWidth() / 2 - p2NameLabel.getWidth(),&#13;&#10;&#9;&#9;&#9;&#9;&#9;panel.getHeight() / 2 - p2NameLabel.getHeight());&#13;&#10;&#9;&#9;&#9;p2NameLabel.setVisible(true);&#13;&#10;&#13;&#10;&#9;&#9;&#9;JTextField p2NameField = new JTextField();&#13;&#10;&#9;&#9;&#9;p2NameField.setSize(110, 25);&#13;&#10;&#9;&#9;&#9;Font p2FieldFont = p2NameField.getFont();&#13;&#10;&#9;&#9;&#9;p2NameLabel.setFont(new Font(p2FieldFont.getName(), 4, 14));&#13;&#10;&#9;&#9;&#9;panel.add(p2NameField);&#13;&#10;&#9;&#9;&#9;p2NameField.setLocation(panel.getWidth() / 2, panel.getHeight() / 2&#13;&#10;&#9;&#9;&#9;&#9;&#9;- p2NameField.getHeight());&#13;&#10;&#9;&#9;&#9;p2NameField.setVisible(true);&#13;&#10;&#13;&#10;&#9;&#9;&#9;// Set up Turn Timer Label and Text Field&#13;&#10;&#9;&#9;&#9;JLabel turnTimerLabel = new JLabel();&#13;&#10;&#9;&#9;&#9;turnTimerLabel.setText(&quot;&lt;html&gt;&lt;b&gt;Turn Timer:&lt;/b&gt;&lt;/html&gt;&quot;);&#13;&#10;&#9;&#9;&#9;turnTimerLabel.setForeground(Color.WHITE);&#13;&#10;&#9;&#9;&#9;Font turnTimerFont = turnTimerLabel.getFont();&#13;&#10;&#9;&#9;&#9;turnTimerLabel.setFont(new Font(turnTimerFont.getName(), 4, 14));&#13;&#10;&#9;&#9;&#9;turnTimerLabel.setSize(110, 25);&#13;&#10;&#9;&#9;&#9;panel.add(turnTimerLabel);&#13;&#10;&#9;&#9;&#9;turnTimerLabel.setLocation(&#13;&#10;&#9;&#9;&#9;&#9;&#9;panel.getWidth() / 2 - turnTimerLabel.getWidth(),&#13;&#10;&#9;&#9;&#9;&#9;&#9;panel.getHeight() / 2);&#13;&#10;&#9;&#9;&#9;turnTimerLabel.setVisible(true);&#13;&#10;&#13;&#10;&#9;&#9;&#9;String[] turnTimerPresets = { &quot;0:30&quot;, &quot;0:45&quot;, &quot;1:00&quot;, &quot;1:15&quot;,&#13;&#10;&#9;&#9;&#9;&#9;&#9;&quot;1:30&quot;, &quot;1:45&quot;, &quot;2:00&quot;, &quot;M:SS&quot; };&#13;&#10;&#9;&#9;&#9;JComboBox&lt;String&gt; turnTimerComboBox = new JComboBox&lt;String&gt;(&#13;&#10;&#9;&#9;&#9;&#9;&#9;turnTimerPresets);&#13;&#10;&#9;&#9;&#9;turnTimerComboBox.setEditable(true);&#13;&#10;&#9;&#9;&#9;turnTimerComboBox.setSize(110, 25);&#13;&#10;&#9;&#9;&#9;panel.add(turnTimerComboBox);&#13;&#10;&#9;&#9;&#9;turnTimerComboBox.setLocation(panel.getWidth() / 2,&#13;&#10;&#9;&#9;&#9;&#9;&#9;panel.getHeight() / 2);&#13;&#10;&#9;&#9;&#9;turnTimerComboBox.setVisible(true);&#13;&#10;&#13;&#10;&#9;&#9;&#9;// Set up Turn Timer Label and Text Field&#13;&#10;&#9;&#9;&#9;JLabel timeBankLabel = new JLabel();&#13;&#10;&#9;&#9;&#9;timeBankLabel.setText(&quot;&lt;html&gt; &lt;b&gt;Time Bank Cap:&lt;/b&gt;&lt;/html&gt;&quot;);&#13;&#10;&#9;&#9;&#9;timeBankLabel.setForeground(Color.WHITE);&#13;&#10;&#9;&#9;&#9;Font timeBankFont = timeBankLabel.getFont();&#13;&#10;&#9;&#9;&#9;timeBankLabel.setFont(new Font(timeBankFont.getName(), 4, 14));&#13;&#10;&#9;&#9;&#9;timeBankLabel.setSize(110, 25);&#13;&#10;&#9;&#9;&#9;panel.add(timeBankLabel);&#13;&#10;&#9;&#9;&#9;timeBankLabel.setLocation(&#13;&#10;&#9;&#9;&#9;&#9;&#9;panel.getWidth() / 2 - timeBankLabel.getWidth(),&#13;&#10;&#9;&#9;&#9;&#9;&#9;panel.getHeight() / 2 + timeBankLabel.getHeight());&#13;&#10;&#9;&#9;&#9;timeBankLabel.setVisible(true);&#13;&#10;&#13;&#10;&#9;&#9;&#9;String[] timeBankPresets = { &quot;0:30&quot;, &quot;0:45&quot;, &quot;1:00&quot;, &quot;1:15&quot;,&#13;&#10;&#9;&#9;&#9;&#9;&#9;&quot;1:30&quot;, &quot;1:45&quot;, &quot;2:00&quot;, &quot;M:SS&quot; };&#13;&#10;&#9;&#9;&#9;JComboBox&lt;String&gt; timeBankComboBox = new JComboBox&lt;String&gt;(&#13;&#10;&#9;&#9;&#9;&#9;&#9;timeBankPresets);&#13;&#10;&#9;&#9;&#9;timeBankComboBox.setEditable(true);&#13;&#10;&#9;&#9;&#9;timeBankComboBox.setSize(110, 25);&#13;&#10;&#9;&#9;&#9;panel.add(timeBankComboBox);&#13;&#10;&#9;&#9;&#9;timeBankComboBox.setLocation(panel.getWidth() / 2,&#13;&#10;&#9;&#9;&#9;&#9;&#9;panel.getHeight() / 2 + timeBankComboBox.getHeight());&#13;&#10;&#9;&#9;&#9;timeBankComboBox.setVisible(true);&#13;&#10;&#13;&#10;&#9;&#9;&#9;// Set up Start Game Button&#13;&#10;&#9;&#9;&#9;JButton startGameButton = new JButton();&#13;&#10;&#9;&#9;&#9;startGameButton.setSize(110, 25);&#13;&#10;&#9;&#9;&#9;startGameButton.setText(&quot;Start Game&quot;);&#13;&#10;&#9;&#9;&#9;startGameButton.setLocation((panel.getWidth() / 2)&#13;&#10;&#9;&#9;&#9;&#9;&#9;- startGameButton.getWidth(), (panel.getHeight() / 2)&#13;&#10;&#9;&#9;&#9;&#9;&#9;+ (2 * startGameButton.getHeight()));&#13;&#10;&#9;&#9;&#9;panel.add(startGameButton);&#13;&#10;&#9;&#9;&#9;startGameButton.addActionListener(new startGameListener());&#13;&#10;&#9;&#9;&#9;startGameButton.setVisible(true);&#13;&#10;&#13;&#10;&#9;&#9;&#9;// Set up Cancel Button&#13;&#10;&#9;&#9;&#9;JButton cancelButton = new JButton();&#13;&#10;&#9;&#9;&#9;cancelButton.setSize(110, 25);&#13;&#10;&#9;&#9;&#9;cancelButton.setText(&quot;Cancel&quot;);&#13;&#10;&#9;&#9;&#9;cancelButton.setLocation((panel.getWidth() / 2),&#13;&#10;&#9;&#9;&#9;&#9;&#9;(panel.getHeight() / 2) + (2 * cancelButton.getHeight()));&#13;&#10;&#9;&#9;&#9;panel.add(cancelButton);&#13;&#10;&#9;&#9;&#9;cancelButton.addActionListener(new cancelListener());&#13;&#10;&#9;&#9;&#9;cancelButton.setVisible(true);&#13;&#10;&#9;&#9;}&#13;&#10;&#9;}&#13;&#10;&#13;&#10;&#9;class loadGameListener implements ActionListener {&#13;&#10;&#13;&#10;&#9;&#9;@Override&#13;&#10;&#9;&#9;public void actionPerformed(ActionEvent e) {&#13;&#10;&#9;&#9;&#9;JFileChooser fileChooser = new JFileChooser();&#13;&#10;&#9;&#9;&#9;fileChooser.setCurrentDirectory(new File(System&#13;&#10;&#9;&#9;&#9;&#9;&#9;.getProperty(&quot;user.home&quot;)));&#13;&#10;&#9;&#9;&#9;int result = fileChooser.showOpenDialog(activeFrames.get(0));&#13;&#10;&#9;&#9;&#9;if (result == JFileChooser.APPROVE_OPTION) {&#13;&#10;&#9;&#9;&#9;&#9;File selectedFile = fileChooser.getSelectedFile();&#13;&#10;&#9;&#9;&#9;&#9;System.out.println(&quot;Selected file: &quot;&#13;&#10;&#9;&#9;&#9;&#9;&#9;&#9;+ selectedFile.getAbsolutePath());&#13;&#10;&#9;&#9;&#9;}&#13;&#10;&#9;&#9;}&#13;&#10;&#9;}&#13;&#10;&#13;&#10;&#9;class cancelListener implements ActionListener {&#13;&#10;&#13;&#10;&#9;&#9;@Override&#13;&#10;&#9;&#9;public void actionPerformed(ActionEvent e) {&#13;&#10;&#9;&#9;&#9;JFrame settingsFrame = activeFrames.get(1);&#13;&#10;&#9;&#9;&#9;activeFrames.remove(1);&#13;&#10;&#9;&#9;&#9;settingsFrame.dispose();&#13;&#10;&#9;&#9;}&#13;&#10;&#9;}&#13;&#10;&#13;&#10;&#9;class startGameListener implements ActionListener {&#13;&#10;&#13;&#10;&#9;&#9;@Override&#13;&#10;&#9;&#9;public void actionPerformed(ActionEvent e) {&#13;&#10;&#9;&#9;&#9;JFrame settings = activeFrames.get(1);&#13;&#10;&#9;&#9;&#9;activeFrames.remove(1);&#13;&#10;&#9;&#9;&#9;settings.dispose();&#13;&#10;&#13;&#10;&#9;&#9;&#9;JFrame mainMenu = activeFrames.get(0);&#13;&#10;&#9;&#9;&#9;activeFrames.remove(0);&#13;&#10;&#9;&#9;&#9;mainMenu.dispose();&#13;&#10;&#13;&#10;&#9;&#9;&#9;JFrame gameFrame = new JFrame();&#13;&#10;&#9;&#9;&#9;activeFrames.add(gameFrame);&#13;&#10;&#9;&#9;&#9;gameFrame.setTitle(&quot;Let's Play!&quot;);&#13;&#10;&#9;&#9;&#9;gameFrame.setDefaultCloseOperation(JFrame.EXIT_ON_CLOSE);&#13;&#10;&#13;&#10;&#9;&#9;&#9;ImagePanel panel = new ImagePanel(new ImageIcon(&#13;&#10;&#9;&#9;&#9;&#9;&#9;&quot;resources/BoardStoneBig.jpg&quot;).getImage());&#13;&#10;&#9;&#9;&#9;activeFrames.get(0).getContentPane().add(panel);&#13;&#10;&#9;&#9;&#9;activeFrames.get(0).pack();&#13;&#10;&#9;&#9;&#9;panel.setVisible(true);&#13;&#10;&#9;&#9;&#9;gameBoardPanel = panel;&#13;&#10;&#9;&#9;&#9;gameBoardPanel.addMouseListener(new MovementListener());&#13;&#10;&#9;&#13;&#10;&#9;&#9;&#9;gameFrame.setVisible(true);&#13;&#10;&#13;&#10;&#9;&#9;&#9;renderInitialBoard();&#13;&#10;&#9;&#9;}&#13;&#10;&#9;}&#13;&#10;&#9;&#13;&#10;&#9;private class MovementListener implements MouseListener {&#13;&#10;&#9;&#9;boolean pieceSelectedFlag;&#13;&#10;&#9;&#9;ImagePanel selectedPiece;&#13;&#10;&#9;&#9;&#13;&#10;&#9;&#9;private MovementListener(){&#13;&#10;&#9;&#9;&#9;this.pieceSelectedFlag = true;&#13;&#10;&#9;&#9;&#9;this.selectedPiece = null;&#13;&#10;&#9;&#9;}&#13;&#10;&#13;&#10;&#9;&#9;@Override&#13;&#10;&#9;&#9;public void mouseClicked(MouseEvent e) {&#13;&#10;&#9;&#9;&#9;//Not needed&#13;&#10;&#9;&#9;}&#13;&#10;&#13;&#10;&#9;&#9;@Override&#13;&#10;&#9;&#9;public void mouseReleased(MouseEvent e) {&#13;&#10;&#9;&#9;&#9;//Not needed&#9;&#9;&#13;&#10;&#9;&#9;}&#13;&#10;&#13;&#10;&#9;&#9;@Override&#13;&#10;&#9;&#9;public void mouseEntered(MouseEvent e) {&#13;&#10;&#9;&#9;&#9;//Not needed&#13;&#10;&#9;&#9;}&#13;&#10;&#13;&#10;&#9;&#9;@Override&#13;&#10;&#9;&#9;public void mouseExited(MouseEvent e) {&#13;&#10;&#9;&#9;&#9;//Not needed&#13;&#10;&#9;&#9;}&#13;&#10;&#13;&#10;&#9;&#9;@Override&#13;&#10;&#9;&#9;public void mousePressed(MouseEvent e) {&#13;&#10;&#9;&#9;&#9;//Starting Hardcore Logic here...&#13;&#10;&#9;&#9;&#9;&#13;&#10;&#9;&#9;&#9;ArrayList&lt;Integer&gt; directions = new ArrayList&lt;Integer&gt;();&#13;&#10;&#9;&#9;&#9;for(int i=0; i&lt;4; i++) directions.add(i);&#13;&#10;&#9;&#9;&#9;&#13;&#10;&#9;&#9;&#9;int sourceX = (int) e.getPoint().getX();&#13;&#10;&#9;&#9;&#9;int sourceY = (int) e.getPoint().getY();&#13;&#10;&#9;&#9;&#9;&#13;&#10;&#9;&#9;&#9;//Get rid of X and Y ASAP!!!&#13;&#10;&#9;&#9;&#9;int rowClicked = (sourceY - 10) / 80;&#13;&#10;&#9;&#9;&#9;int columnClicked = (sourceX - 10) / 80;&#13;&#10;&#9;&#9;&#9;&#13;&#10;&#9;&#9;&#9;if (rowClicked &lt;= 7 &amp;&amp; rowClicked &gt;= 0 &amp;&amp; columnClicked &lt;= 7&#13;&#10;&#9;&#9;&#9;&#9;&#9;&amp;&amp; columnClicked &gt;= 0) {&#13;&#10;&#9;&#9;&#9;&#9;if (boardPieces[rowClicked][columnClicked] != null&#13;&#10;&#9;&#9;&#9;&#9;&#9;&#9;&amp;&amp; this.pieceSelectedFlag == false) {&#13;&#10;&#9;&#9;&#9;&#9;&#9;this.pieceSelectedFlag = true;&#13;&#10;&#9;&#9;&#9;&#9;&#9;this.selectedPiece = boardPieces[rowClicked][columnClicked];&#13;&#10;&#9;&#9;&#9;&#9;}&#13;&#10;&#13;&#10;&#9;&#9;&#9;&#9;else if (this.selectedPiece != null&#13;&#10;&#9;&#9;&#9;&#9;&#9;&#9;&amp;&amp; boardPieces[rowClicked][columnClicked] == null) {&#13;&#10;&#9;&#9;&#9;&#9;&#9;int calculatedDirection = -1;&#13;&#10;&#9;&#9;&#9;&#9;&#9;if (selectedPiece.getRow() - 1 == rowClicked&#13;&#10;&#9;&#9;&#9;&#9;&#9;&#9;&#9;&amp;&amp; selectedPiece.getColumn() == columnClicked)&#13;&#10;&#9;&#9;&#9;&#9;&#9;&#9;calculatedDirection = 0;&#13;&#10;&#9;&#9;&#9;&#9;&#9;if (selectedPiece.getColumn() + 1 == columnClicked&#13;&#10;&#9;&#9;&#9;&#9;&#9;&#9;&#9;&amp;&amp; selectedPiece.getRow() == rowClicked)&#13;&#10;&#9;&#9;&#9;&#9;&#9;&#9;calculatedDirection = 1;&#13;&#10;&#9;&#9;&#9;&#9;&#9;if (selectedPiece.getRow() + 1 == rowClicked&#13;&#10;&#9;&#9;&#9;&#9;&#9;&#9;&#9;&amp;&amp; selectedPiece.getColumn() == columnClicked)&#13;&#10;&#9;&#9;&#9;&#9;&#9;&#9;calculatedDirection = 2;&#13;&#10;&#9;&#9;&#9;&#9;&#9;if (selectedPiece.getColumn() - 1 == columnClicked&#13;&#10;&#9;&#9;&#9;&#9;&#9;&#9;&#9;&amp;&amp; selectedPiece.getRow() == rowClicked)&#13;&#10;&#9;&#9;&#9;&#9;&#9;&#9;calculatedDirection = 3;&#13;&#10;&#13;&#10;&#9;&#9;&#9;&#9;&#9;// Using move to check for valid move&#13;&#10;&#9;&#9;&#9;&#9;&#9;if (game.move(selectedPiece.getRow(),&#13;&#10;&#9;&#9;&#9;&#9;&#9;&#9;&#9;selectedPiece.getColumn(), calculatedDirection)) {&#13;&#10;&#9;&#9;&#9;&#9;&#9;&#9;movePieceIcon(selectedPiece.getRow(),&#13;&#10;&#9;&#9;&#9;&#9;&#9;&#9;&#9;&#9;selectedPiece.getColumn(), calculatedDirection);&#13;&#10;&#9;&#9;&#9;&#9;&#9;}&#13;&#10;&#9;&#9;&#9;&#9;&#9;this.selectedPiece = null;&#13;&#10;&#9;&#9;&#9;&#9;&#9;this.pieceSelectedFlag = false;&#13;&#10;&#9;&#9;&#9;&#9;} else {&#13;&#10;&#9;&#9;&#9;&#9;&#9;this.selectedPiece = null;&#13;&#10;&#9;&#9;&#9;&#9;&#9;this.pieceSelectedFlag = false;&#13;&#10;&#9;&#9;&#9;&#9;}&#13;&#10;&#9;&#9;&#9;}&#13;&#10;&#9;&#9;}&#13;&#10;&#9;}&#13;&#10;}&#13;&#10;&#13;&#10;class ImagePanel extends JPanel {&#13;&#10;&#13;&#10;&#9;private Image img;&#13;&#10;&#9;private int row;&#13;&#10;&#9;private int column;&#13;&#10;&#13;&#10;&#9;public ImagePanel(String img) {&#13;&#10;&#9;&#9;this(new ImageIcon(img).getImage());&#13;&#10;&#9;}&#13;&#10;&#13;&#10;&#9;public ImagePanel(Image img) {&#13;&#10;&#9;&#9;this.img = img;&#13;&#10;&#9;&#9;Dimension size = new Dimension(img.getWidth(null), img.getHeight(null));&#13;&#10;&#9;&#9;setPreferredSize(size);&#13;&#10;&#9;&#9;setMinimumSize(size);&#13;&#10;&#9;&#9;setMaximumSize(size);&#13;&#10;&#9;&#9;setSize(size);&#13;&#10;&#9;&#9;setLayout(null);&#13;&#10;&#9;}&#13;&#10;&#13;&#10;&#9;public void paintComponent(Graphics g) {&#13;&#10;&#9;&#9;g.drawImage(img, 0, 0, null);&#13;&#10;&#9;}&#13;&#10;&#13;&#10;&#9;public void setRow(int row) {&#13;&#10;&#9;&#9;this.row = row;&#13;&#10;&#9;}&#13;&#10;&#13;&#10;&#9;public int getRow() {&#13;&#10;&#9;&#9;return this.row;&#13;&#10;&#9;}&#13;&#10;&#13;&#10;&#9;public void setColumn(int column) {&#13;&#10;&#9;&#9;this.column = column;&#13;&#10;&#9;}&#13;&#10;&#13;&#10;&#9;public int getColumn() {&#13;&#10;&#9;&#9;return this.column;&#13;&#10;&#9;}&#13;&#10;&#13;&#10;&#9;public int getPixelX() {&#13;&#10;&#9;&#9;return this.column * 80 + 10;&#13;&#10;&#9;}&#13;&#10;&#13;&#10;&#9;public int getPixelY() {&#13;&#10;&#9;&#9;return this.row * 80 + 10;&#13;&#10;&#9;}&#13;&#10;&#13;&#10;}" Filename="GUI.java" Intrnl_Id="3"/>
<SrcFile Content="package game;&#13;&#10;/**&#13;&#10; * This class represents the states of the board.&#13;&#10; * &#13;&#10; * @author shellajt&#13;&#10; *&#13;&#10; */&#13;&#10;public class BoardState {&#13;&#10;&#9;//Fields&#13;&#10;&#9;private char[][] boardArray; //Represents the current state of the board&#13;&#10;&#9;private int turnNumber;&#13;&#10;&#9;&#13;&#10;&#9;public BoardState(char[][] map, int turnNumber){&#13;&#10;&#9;&#9;this.boardArray = map;&#13;&#10;&#9;&#9;this.turnNumber = turnNumber;&#13;&#10;&#9;}&#13;&#10;&#13;&#10;&#9;public char[][] getBoardArray() {&#13;&#10;&#9;&#9;return boardArray;&#13;&#10;&#9;}&#13;&#10;&#13;&#10;&#9;public void setBoardArray(char[][] boardArray) {&#13;&#10;&#9;&#9;this.boardArray = boardArray;&#13;&#10;&#9;}&#13;&#10;&#13;&#10;&#9;public int getTurnNumber() {&#13;&#10;&#9;&#9;return turnNumber;&#13;&#10;&#9;}&#13;&#10;&#13;&#10;&#9;public void setTurnNumber(int turnNumber) {&#13;&#10;&#9;&#9;this.turnNumber = turnNumber;&#13;&#10;&#9;}&#13;&#10;&#9;&#13;&#10;&#9;public void incrementTurn(){&#13;&#10;&#9;&#9;this.turnNumber++;&#13;&#10;&#9;}&#13;&#10;&#9;public BoardState clone(){&#13;&#10;&#9;&#9;return new BoardState(boardArray, turnNumber);&#13;&#10;&#9;}&#13;&#10;}&#13;&#10;" Filename="BoardState.java" Intrnl_Id="4"/>
</SrcFileList>
<CritList>
<CritListEntry Name="org.codecover.model.utils.criteria.LoopCoverage" PluginName="org.codecover"/>
<CritListEntry Name="org.codecover.model.utils.criteria.QMOCoverage" PluginName="org.codecover"/>
<CritListEntry Name="org.codecover.model.utils.criteria.ConditionCoverage" PluginName="org.codecover"/>
<CritListEntry Name="org.codecover.model.utils.criteria.BranchCoverage" PluginName="org.codecover"/>
<CritListEntry Name="org.codecover.model.utils.criteria.SynchronizedStatementCoverage" PluginName="org.codecover"/>
<CritListEntry Name="org.codecover.model.utils.criteria.StatementCoverage" PluginName="org.codecover"/>
</CritList>
<BoolOpList>
<BoolOp Arity="2" Intrnl_Id="5" Name="conditional and (&amp;&amp;)">
<BoolAssgnmntBoolMapList>
<MapEntry BoolAssgnmnt="02" Value="false"/>
<MapEntry BoolAssgnmnt="10" Value="false"/>
<MapEntry BoolAssgnmnt="11" Value="true"/>
</BoolAssgnmntBoolMapList>
</BoolOp>
</BoolOpList>
<HierarchyLvlTypeList>
<HierarchyLvlType EnglishName="enumeration" IntrnlName="enum" Intrnl_Id="6"/>
<HierarchyLvlType EnglishName="package" IntrnlName="package" Intrnl_Id="7"/>
<HierarchyLvlType EnglishName="method" IntrnlName="method" Intrnl_Id="8"/>
<HierarchyLvlType EnglishName="class" IntrnlName="class" Intrnl_Id="9"/>
<HierarchyLvlType EnglishName="default package" IntrnlName="default package" Intrnl_Id="10"/>
</HierarchyLvlTypeList>
<MASTRoot>
<HierarchyLvl HierarchyLvlId="70" HierarchyLvlTypeId="10" Intrnl_Id="11" Name="default package">
<Header/>
<LocList/>
<HierarchyLvl HierarchyLvlId="69" HierarchyLvlTypeId="7" Intrnl_Id="12" Name="game">
<Header/>
<LocList/>
<HierarchyLvl HierarchyLvlId="15" HierarchyLvlTypeId="9" Intrnl_Id="13" Name="Piece">
<Header>
<Loc EndOffset="59" SrcFileId="1" StartOffset="41"/>
</Header>
<LocList>
<Loc EndOffset="159" SrcFileId="1" StartOffset="41"/>
<Loc EndOffset="207" SrcFileId="1" StartOffset="201"/>
<Loc EndOffset="2561" SrcFileId="1" StartOffset="277"/>
</LocList>
<HierarchyLvl HierarchyLvlId="1" HierarchyLvlTypeId="6" Intrnl_Id="14" Name="Owner">
<Header>
<Loc EndOffset="176" SrcFileId="1" StartOffset="159"/>
</Header>
<LocList>
<Loc EndOffset="201" SrcFileId="1" StartOffset="159"/>
</LocList>
</HierarchyLvl>
<HierarchyLvl HierarchyLvlId="2" HierarchyLvlTypeId="6" Intrnl_Id="15" Name="PieceType">
<Header>
<Loc EndOffset="228" SrcFileId="1" StartOffset="207"/>
</Header>
<LocList>
<Loc EndOffset="277" SrcFileId="1" StartOffset="207"/>
</LocList>
</HierarchyLvl>
<HierarchyLvl HierarchyLvlId="3" HierarchyLvlTypeId="8" Intrnl_Id="16" Name="Piece">
<Header>
<Loc EndOffset="303" SrcFileId="1" StartOffset="283"/>
</Header>
<LocList>
<Loc EndOffset="1659" SrcFileId="1" StartOffset="283"/>
</LocList>
<StmntSeq Intrnl_Id="17">
<LocList>
<Loc EndOffset="1655" SrcFileId="1" StartOffset="308"/>
</LocList>
<CondStmnt CovItemId="S1" CovItemPrefix="game.Piece.java" Intrnl_Id="18">
<Branch CovItemId="B1" CovItemPrefix="game.Piece.java" Implct="false" Intrnl_Id="19">
<Cond>
<Loc EndOffset="330" SrcFileId="1" StartOffset="322"/>
</Cond>
<LocList>
<Loc EndOffset="425" SrcFileId="1" StartOffset="336"/>
</LocList>
<StmntSeq Intrnl_Id="20">
<LocList>
<Loc EndOffset="365" SrcFileId="1" StartOffset="336"/>
<Loc EndOffset="395" SrcFileId="1" StartOffset="370"/>
<Loc EndOffset="414" SrcFileId="1" StartOffset="400"/>
<Loc EndOffset="425" SrcFileId="1" StartOffset="419"/>
</LocList>
<BasicStmnt CovItemId="S2" CovItemPrefix="game.Piece.java" Intrnl_Id="21">
<LocList>
<Loc EndOffset="365" SrcFileId="1" StartOffset="336"/>
</LocList>
</BasicStmnt>
<BasicStmnt CovItemId="S3" CovItemPrefix="game.Piece.java" Intrnl_Id="22">
<LocList>
<Loc EndOffset="395" SrcFileId="1" StartOffset="370"/>
</LocList>
</BasicStmnt>
<BasicStmnt CovItemId="S4" CovItemPrefix="game.Piece.java" Intrnl_Id="23">
<LocList>
<Loc EndOffset="414" SrcFileId="1" StartOffset="400"/>
</LocList>
</BasicStmnt>
<BasicStmnt CovItemId="S5" CovItemPrefix="game.Piece.java" Intrnl_Id="24">
<LocList>
<Loc EndOffset="425" SrcFileId="1" StartOffset="419"/>
</LocList>
</BasicStmnt>
</StmntSeq>
</Branch>
<Branch CovItemId="B2" CovItemPrefix="game.Piece.java" Implct="false" Intrnl_Id="25">
<Cond>
<Loc EndOffset="437" SrcFileId="1" StartOffset="429"/>
</Cond>
<LocList>
<Loc EndOffset="529" SrcFileId="1" StartOffset="443"/>
</LocList>
<StmntSeq Intrnl_Id="26">
<LocList>
<Loc EndOffset="469" SrcFileId="1" StartOffset="443"/>
<Loc EndOffset="499" SrcFileId="1" StartOffset="474"/>
<Loc EndOffset="518" SrcFileId="1" StartOffset="504"/>
<Loc EndOffset="529" SrcFileId="1" StartOffset="523"/>
</LocList>
<BasicStmnt CovItemId="S6" CovItemPrefix="game.Piece.java" Intrnl_Id="27">
<LocList>
<Loc EndOffset="469" SrcFileId="1" StartOffset="443"/>
</LocList>
</BasicStmnt>
<BasicStmnt CovItemId="S7" CovItemPrefix="game.Piece.java" Intrnl_Id="28">
<LocList>
<Loc EndOffset="499" SrcFileId="1" StartOffset="474"/>
</LocList>
</BasicStmnt>
<BasicStmnt CovItemId="S8" CovItemPrefix="game.Piece.java" Intrnl_Id="29">
<LocList>
<Loc EndOffset="518" SrcFileId="1" StartOffset="504"/>
</LocList>
</BasicStmnt>
<BasicStmnt CovItemId="S9" CovItemPrefix="game.Piece.java" Intrnl_Id="30">
<LocList>
<Loc EndOffset="529" SrcFileId="1" StartOffset="523"/>
</LocList>
</BasicStmnt>
</StmntSeq>
</Branch>
<Branch CovItemId="B3" CovItemPrefix="game.Piece.java" Implct="false" Intrnl_Id="31">
<Cond>
<Loc EndOffset="541" SrcFileId="1" StartOffset="533"/>
</Cond>
<LocList>
<Loc EndOffset="633" SrcFileId="1" StartOffset="547"/>
</LocList>
<StmntSeq Intrnl_Id="32">
<LocList>
<Loc EndOffset="573" SrcFileId="1" StartOffset="547"/>
<Loc EndOffset="603" SrcFileId="1" StartOffset="578"/>
<Loc EndOffset="622" SrcFileId="1" StartOffset="608"/>
<Loc EndOffset="633" SrcFileId="1" StartOffset="627"/>
</LocList>
<BasicStmnt CovItemId="S10" CovItemPrefix="game.Piece.java" Intrnl_Id="33">
<LocList>
<Loc EndOffset="573" SrcFileId="1" StartOffset="547"/>
</LocList>
</BasicStmnt>
<BasicStmnt CovItemId="S11" CovItemPrefix="game.Piece.java" Intrnl_Id="34">
<LocList>
<Loc EndOffset="603" SrcFileId="1" StartOffset="578"/>
</LocList>
</BasicStmnt>
<BasicStmnt CovItemId="S12" CovItemPrefix="game.Piece.java" Intrnl_Id="35">
<LocList>
<Loc EndOffset="622" SrcFileId="1" StartOffset="608"/>
</LocList>
</BasicStmnt>
<BasicStmnt CovItemId="S13" CovItemPrefix="game.Piece.java" Intrnl_Id="36">
<LocList>
<Loc EndOffset="633" SrcFileId="1" StartOffset="627"/>
</LocList>
</BasicStmnt>
</StmntSeq>
</Branch>
<Branch CovItemId="B4" CovItemPrefix="game.Piece.java" Implct="false" Intrnl_Id="37">
<Cond>
<Loc EndOffset="645" SrcFileId="1" StartOffset="637"/>
</Cond>
<LocList>
<Loc EndOffset="735" SrcFileId="1" StartOffset="651"/>
</LocList>
<StmntSeq Intrnl_Id="38">
<LocList>
<Loc EndOffset="675" SrcFileId="1" StartOffset="651"/>
<Loc EndOffset="705" SrcFileId="1" StartOffset="680"/>
<Loc EndOffset="724" SrcFileId="1" StartOffset="710"/>
<Loc EndOffset="735" SrcFileId="1" StartOffset="729"/>
</LocList>
<BasicStmnt CovItemId="S14" CovItemPrefix="game.Piece.java" Intrnl_Id="39">
<LocList>
<Loc EndOffset="675" SrcFileId="1" StartOffset="651"/>
</LocList>
</BasicStmnt>
<BasicStmnt CovItemId="S15" CovItemPrefix="game.Piece.java" Intrnl_Id="40">
<LocList>
<Loc EndOffset="705" SrcFileId="1" StartOffset="680"/>
</LocList>
</BasicStmnt>
<BasicStmnt CovItemId="S16" CovItemPrefix="game.Piece.java" Intrnl_Id="41">
<LocList>
<Loc EndOffset="724" SrcFileId="1" StartOffset="710"/>
</LocList>
</BasicStmnt>
<BasicStmnt CovItemId="S17" CovItemPrefix="game.Piece.java" Intrnl_Id="42">
<LocList>
<Loc EndOffset="735" SrcFileId="1" StartOffset="729"/>
</LocList>
</BasicStmnt>
</StmntSeq>
</Branch>
<Branch CovItemId="B5" CovItemPrefix="game.Piece.java" Implct="false" Intrnl_Id="43">
<Cond>
<Loc EndOffset="747" SrcFileId="1" StartOffset="739"/>
</Cond>
<LocList>
<Loc EndOffset="837" SrcFileId="1" StartOffset="753"/>
</LocList>
<StmntSeq Intrnl_Id="44">
<LocList>
<Loc EndOffset="777" SrcFileId="1" StartOffset="753"/>
<Loc EndOffset="807" SrcFileId="1" StartOffset="782"/>
<Loc EndOffset="826" SrcFileId="1" StartOffset="812"/>
<Loc EndOffset="837" SrcFileId="1" StartOffset="831"/>
</LocList>
<BasicStmnt CovItemId="S18" CovItemPrefix="game.Piece.java" Intrnl_Id="45">
<LocList>
<Loc EndOffset="777" SrcFileId="1" StartOffset="753"/>
</LocList>
</BasicStmnt>
<BasicStmnt CovItemId="S19" CovItemPrefix="game.Piece.java" Intrnl_Id="46">
<LocList>
<Loc EndOffset="807" SrcFileId="1" StartOffset="782"/>
</LocList>
</BasicStmnt>
<BasicStmnt CovItemId="S20" CovItemPrefix="game.Piece.java" Intrnl_Id="47">
<LocList>
<Loc EndOffset="826" SrcFileId="1" StartOffset="812"/>
</LocList>
</BasicStmnt>
<BasicStmnt CovItemId="S21" CovItemPrefix="game.Piece.java" Intrnl_Id="48">
<LocList>
<Loc EndOffset="837" SrcFileId="1" StartOffset="831"/>
</LocList>
</BasicStmnt>
</StmntSeq>
</Branch>
<Branch CovItemId="B6" CovItemPrefix="game.Piece.java" Implct="false" Intrnl_Id="49">
<Cond>
<Loc EndOffset="849" SrcFileId="1" StartOffset="841"/>
</Cond>
<LocList>
<Loc EndOffset="942" SrcFileId="1" StartOffset="855"/>
</LocList>
<StmntSeq Intrnl_Id="50">
<LocList>
<Loc EndOffset="882" SrcFileId="1" StartOffset="855"/>
<Loc EndOffset="912" SrcFileId="1" StartOffset="887"/>
<Loc EndOffset="931" SrcFileId="1" StartOffset="917"/>
<Loc EndOffset="942" SrcFileId="1" StartOffset="936"/>
</LocList>
<BasicStmnt CovItemId="S22" CovItemPrefix="game.Piece.java" Intrnl_Id="51">
<LocList>
<Loc EndOffset="882" SrcFileId="1" StartOffset="855"/>
</LocList>
</BasicStmnt>
<BasicStmnt CovItemId="S23" CovItemPrefix="game.Piece.java" Intrnl_Id="52">
<LocList>
<Loc EndOffset="912" SrcFileId="1" StartOffset="887"/>
</LocList>
</BasicStmnt>
<BasicStmnt CovItemId="S24" CovItemPrefix="game.Piece.java" Intrnl_Id="53">
<LocList>
<Loc EndOffset="931" SrcFileId="1" StartOffset="917"/>
</LocList>
</BasicStmnt>
<BasicStmnt CovItemId="S25" CovItemPrefix="game.Piece.java" Intrnl_Id="54">
<LocList>
<Loc EndOffset="942" SrcFileId="1" StartOffset="936"/>
</LocList>
</BasicStmnt>
</StmntSeq>
</Branch>
<Branch CovItemId="B7" CovItemPrefix="game.Piece.java" Implct="false" Intrnl_Id="55">
<Cond>
<Loc EndOffset="954" SrcFileId="1" StartOffset="946"/>
</Cond>
<LocList>
<Loc EndOffset="1049" SrcFileId="1" StartOffset="960"/>
</LocList>
<StmntSeq Intrnl_Id="56">
<LocList>
<Loc EndOffset="989" SrcFileId="1" StartOffset="960"/>
<Loc EndOffset="1019" SrcFileId="1" StartOffset="994"/>
<Loc EndOffset="1038" SrcFileId="1" StartOffset="1024"/>
<Loc EndOffset="1049" SrcFileId="1" StartOffset="1043"/>
</LocList>
<BasicStmnt CovItemId="S26" CovItemPrefix="game.Piece.java" Intrnl_Id="57">
<LocList>
<Loc EndOffset="989" SrcFileId="1" StartOffset="960"/>
</LocList>
</BasicStmnt>
<BasicStmnt CovItemId="S27" CovItemPrefix="game.Piece.java" Intrnl_Id="58">
<LocList>
<Loc EndOffset="1019" SrcFileId="1" StartOffset="994"/>
</LocList>
</BasicStmnt>
<BasicStmnt CovItemId="S28" CovItemPrefix="game.Piece.java" Intrnl_Id="59">
<LocList>
<Loc EndOffset="1038" SrcFileId="1" StartOffset="1024"/>
</LocList>
</BasicStmnt>
<BasicStmnt CovItemId="S29" CovItemPrefix="game.Piece.java" Intrnl_Id="60">
<LocList>
<Loc EndOffset="1049" SrcFileId="1" StartOffset="1043"/>
</LocList>
</BasicStmnt>
</StmntSeq>
</Branch>
<Branch CovItemId="B8" CovItemPrefix="game.Piece.java" Implct="false" Intrnl_Id="61">
<Cond>
<Loc EndOffset="1061" SrcFileId="1" StartOffset="1053"/>
</Cond>
<LocList>
<Loc EndOffset="1153" SrcFileId="1" StartOffset="1067"/>
</LocList>
<StmntSeq Intrnl_Id="62">
<LocList>
<Loc EndOffset="1093" SrcFileId="1" StartOffset="1067"/>
<Loc EndOffset="1123" SrcFileId="1" StartOffset="1098"/>
<Loc EndOffset="1142" SrcFileId="1" StartOffset="1128"/>
<Loc EndOffset="1153" SrcFileId="1" StartOffset="1147"/>
</LocList>
<BasicStmnt CovItemId="S30" CovItemPrefix="game.Piece.java" Intrnl_Id="63">
<LocList>
<Loc EndOffset="1093" SrcFileId="1" StartOffset="1067"/>
</LocList>
</BasicStmnt>
<BasicStmnt CovItemId="S31" CovItemPrefix="game.Piece.java" Intrnl_Id="64">
<LocList>
<Loc EndOffset="1123" SrcFileId="1" StartOffset="1098"/>
</LocList>
</BasicStmnt>
<BasicStmnt CovItemId="S32" CovItemPrefix="game.Piece.java" Intrnl_Id="65">
<LocList>
<Loc EndOffset="1142" SrcFileId="1" StartOffset="1128"/>
</LocList>
</BasicStmnt>
<BasicStmnt CovItemId="S33" CovItemPrefix="game.Piece.java" Intrnl_Id="66">
<LocList>
<Loc EndOffset="1153" SrcFileId="1" StartOffset="1147"/>
</LocList>
</BasicStmnt>
</StmntSeq>
</Branch>
<Branch CovItemId="B9" CovItemPrefix="game.Piece.java" Implct="false" Intrnl_Id="67">
<Cond>
<Loc EndOffset="1165" SrcFileId="1" StartOffset="1157"/>
</Cond>
<LocList>
<Loc EndOffset="1257" SrcFileId="1" StartOffset="1171"/>
</LocList>
<StmntSeq Intrnl_Id="68">
<LocList>
<Loc EndOffset="1197" SrcFileId="1" StartOffset="1171"/>
<Loc EndOffset="1227" SrcFileId="1" StartOffset="1202"/>
<Loc EndOffset="1246" SrcFileId="1" StartOffset="1232"/>
<Loc EndOffset="1257" SrcFileId="1" StartOffset="1251"/>
</LocList>
<BasicStmnt CovItemId="S34" CovItemPrefix="game.Piece.java" Intrnl_Id="69">
<LocList>
<Loc EndOffset="1197" SrcFileId="1" StartOffset="1171"/>
</LocList>
</BasicStmnt>
<BasicStmnt CovItemId="S35" CovItemPrefix="game.Piece.java" Intrnl_Id="70">
<LocList>
<Loc EndOffset="1227" SrcFileId="1" StartOffset="1202"/>
</LocList>
</BasicStmnt>
<BasicStmnt CovItemId="S36" CovItemPrefix="game.Piece.java" Intrnl_Id="71">
<LocList>
<Loc EndOffset="1246" SrcFileId="1" StartOffset="1232"/>
</LocList>
</BasicStmnt>
<BasicStmnt CovItemId="S37" CovItemPrefix="game.Piece.java" Intrnl_Id="72">
<LocList>
<Loc EndOffset="1257" SrcFileId="1" StartOffset="1251"/>
</LocList>
</BasicStmnt>
</StmntSeq>
</Branch>
<Branch CovItemId="B10" CovItemPrefix="game.Piece.java" Implct="false" Intrnl_Id="73">
<Cond>
<Loc EndOffset="1269" SrcFileId="1" StartOffset="1261"/>
</Cond>
<LocList>
<Loc EndOffset="1359" SrcFileId="1" StartOffset="1275"/>
</LocList>
<StmntSeq Intrnl_Id="74">
<LocList>
<Loc EndOffset="1299" SrcFileId="1" StartOffset="1275"/>
<Loc EndOffset="1329" SrcFileId="1" StartOffset="1304"/>
<Loc EndOffset="1348" SrcFileId="1" StartOffset="1334"/>
<Loc EndOffset="1359" SrcFileId="1" StartOffset="1353"/>
</LocList>
<BasicStmnt CovItemId="S38" CovItemPrefix="game.Piece.java" Intrnl_Id="75">
<LocList>
<Loc EndOffset="1299" SrcFileId="1" StartOffset="1275"/>
</LocList>
</BasicStmnt>
<BasicStmnt CovItemId="S39" CovItemPrefix="game.Piece.java" Intrnl_Id="76">
<LocList>
<Loc EndOffset="1329" SrcFileId="1" StartOffset="1304"/>
</LocList>
</BasicStmnt>
<BasicStmnt CovItemId="S40" CovItemPrefix="game.Piece.java" Intrnl_Id="77">
<LocList>
<Loc EndOffset="1348" SrcFileId="1" StartOffset="1334"/>
</LocList>
</BasicStmnt>
<BasicStmnt CovItemId="S41" CovItemPrefix="game.Piece.java" Intrnl_Id="78">
<LocList>
<Loc EndOffset="1359" SrcFileId="1" StartOffset="1353"/>
</LocList>
</BasicStmnt>
</StmntSeq>
</Branch>
<Branch CovItemId="B11" CovItemPrefix="game.Piece.java" Implct="false" Intrnl_Id="79">
<Cond>
<Loc EndOffset="1371" SrcFileId="1" StartOffset="1363"/>
</Cond>
<LocList>
<Loc EndOffset="1461" SrcFileId="1" StartOffset="1377"/>
</LocList>
<StmntSeq Intrnl_Id="80">
<LocList>
<Loc EndOffset="1401" SrcFileId="1" StartOffset="1377"/>
<Loc EndOffset="1431" SrcFileId="1" StartOffset="1406"/>
<Loc EndOffset="1450" SrcFileId="1" StartOffset="1436"/>
<Loc EndOffset="1461" SrcFileId="1" StartOffset="1455"/>
</LocList>
<BasicStmnt CovItemId="S42" CovItemPrefix="game.Piece.java" Intrnl_Id="81">
<LocList>
<Loc EndOffset="1401" SrcFileId="1" StartOffset="1377"/>
</LocList>
</BasicStmnt>
<BasicStmnt CovItemId="S43" CovItemPrefix="game.Piece.java" Intrnl_Id="82">
<LocList>
<Loc EndOffset="1431" SrcFileId="1" StartOffset="1406"/>
</LocList>
</BasicStmnt>
<BasicStmnt CovItemId="S44" CovItemPrefix="game.Piece.java" Intrnl_Id="83">
<LocList>
<Loc EndOffset="1450" SrcFileId="1" StartOffset="1436"/>
</LocList>
</BasicStmnt>
<BasicStmnt CovItemId="S45" CovItemPrefix="game.Piece.java" Intrnl_Id="84">
<LocList>
<Loc EndOffset="1461" SrcFileId="1" StartOffset="1455"/>
</LocList>
</BasicStmnt>
</StmntSeq>
</Branch>
<Branch CovItemId="B12" CovItemPrefix="game.Piece.java" Implct="false" Intrnl_Id="85">
<Cond>
<Loc EndOffset="1473" SrcFileId="1" StartOffset="1465"/>
</Cond>
<LocList>
<Loc EndOffset="1566" SrcFileId="1" StartOffset="1479"/>
</LocList>
<StmntSeq Intrnl_Id="86">
<LocList>
<Loc EndOffset="1506" SrcFileId="1" StartOffset="1479"/>
<Loc EndOffset="1536" SrcFileId="1" StartOffset="1511"/>
<Loc EndOffset="1555" SrcFileId="1" StartOffset="1541"/>
<Loc EndOffset="1566" SrcFileId="1" StartOffset="1560"/>
</LocList>
<BasicStmnt CovItemId="S46" CovItemPrefix="game.Piece.java" Intrnl_Id="87">
<LocList>
<Loc EndOffset="1506" SrcFileId="1" StartOffset="1479"/>
</LocList>
</BasicStmnt>
<BasicStmnt CovItemId="S47" CovItemPrefix="game.Piece.java" Intrnl_Id="88">
<LocList>
<Loc EndOffset="1536" SrcFileId="1" StartOffset="1511"/>
</LocList>
</BasicStmnt>
<BasicStmnt CovItemId="S48" CovItemPrefix="game.Piece.java" Intrnl_Id="89">
<LocList>
<Loc EndOffset="1555" SrcFileId="1" StartOffset="1541"/>
</LocList>
</BasicStmnt>
<BasicStmnt CovItemId="S49" CovItemPrefix="game.Piece.java" Intrnl_Id="90">
<LocList>
<Loc EndOffset="1566" SrcFileId="1" StartOffset="1560"/>
</LocList>
</BasicStmnt>
</StmntSeq>
</Branch>
<Branch CovItemId="B13" CovItemPrefix="game.Piece.java" Implct="false" Intrnl_Id="91">
<Cond>
<Loc EndOffset="1577" SrcFileId="1" StartOffset="1570"/>
</Cond>
<LocList>
<Loc EndOffset="1650" SrcFileId="1" StartOffset="1583"/>
</LocList>
<StmntSeq Intrnl_Id="92">
<LocList>
<Loc EndOffset="1650" SrcFileId="1" StartOffset="1583"/>
</LocList>
<BasicStmnt CovItemId="S50" CovItemPrefix="game.Piece.java" Intrnl_Id="93">
<LocList>
<Loc EndOffset="1650" SrcFileId="1" StartOffset="1583"/>
</LocList>
</BasicStmnt>
</StmntSeq>
</Branch>
<Keyword EndOffset="314" SrcFileId="1" StartOffset="308"/>
<LocList>
<Loc EndOffset="1655" SrcFileId="1" StartOffset="308"/>
</LocList>
</CondStmnt>
</StmntSeq>
</HierarchyLvl>
<HierarchyLvl HierarchyLvlId="4" HierarchyLvlTypeId="8" Intrnl_Id="94" Name="Piece">
<Header>
<Loc EndOffset="1708" SrcFileId="1" StartOffset="1665"/>
</Header>
<LocList>
<Loc EndOffset="1769" SrcFileId="1" StartOffset="1665"/>
</LocList>
<StmntSeq Intrnl_Id="95">
<LocList>
<Loc EndOffset="1727" SrcFileId="1" StartOffset="1713"/>
<Loc EndOffset="1746" SrcFileId="1" StartOffset="1731"/>
<Loc EndOffset="1765" SrcFileId="1" StartOffset="1750"/>
</LocList>
<BasicStmnt CovItemId="S51" CovItemPrefix="game.Piece.java" Intrnl_Id="96">
<LocList>
<Loc EndOffset="1727" SrcFileId="1" StartOffset="1713"/>
</LocList>
</BasicStmnt>
<BasicStmnt CovItemId="S52" CovItemPrefix="game.Piece.java" Intrnl_Id="97">
<LocList>
<Loc EndOffset="1746" SrcFileId="1" StartOffset="1731"/>
</LocList>
</BasicStmnt>
<BasicStmnt CovItemId="S53" CovItemPrefix="game.Piece.java" Intrnl_Id="98">
<LocList>
<Loc EndOffset="1765" SrcFileId="1" StartOffset="1750"/>
</LocList>
</BasicStmnt>
</StmntSeq>
</HierarchyLvl>
<HierarchyLvl HierarchyLvlId="5" HierarchyLvlTypeId="8" Intrnl_Id="99" Name="getType">
<Header>
<Loc EndOffset="1800" SrcFileId="1" StartOffset="1774"/>
</Header>
<LocList>
<Loc EndOffset="1827" SrcFileId="1" StartOffset="1774"/>
</LocList>
<StmntSeq Intrnl_Id="100">
<LocList>
<Loc EndOffset="1823" SrcFileId="1" StartOffset="1806"/>
</LocList>
<BasicStmnt CovItemId="S54" CovItemPrefix="game.Piece.java" Intrnl_Id="101">
<LocList>
<Loc EndOffset="1823" SrcFileId="1" StartOffset="1806"/>
</LocList>
</BasicStmnt>
</StmntSeq>
</HierarchyLvl>
<HierarchyLvl HierarchyLvlId="6" HierarchyLvlTypeId="8" Intrnl_Id="102" Name="setType">
<Header>
<Loc EndOffset="1867" SrcFileId="1" StartOffset="1832"/>
</Header>
<LocList>
<Loc EndOffset="1895" SrcFileId="1" StartOffset="1832"/>
</LocList>
<StmntSeq Intrnl_Id="103">
<LocList>
<Loc EndOffset="1890" SrcFileId="1" StartOffset="1873"/>
</LocList>
<BasicStmnt CovItemId="S55" CovItemPrefix="game.Piece.java" Intrnl_Id="104">
<LocList>
<Loc EndOffset="1890" SrcFileId="1" StartOffset="1873"/>
</LocList>
</BasicStmnt>
</StmntSeq>
</HierarchyLvl>
<HierarchyLvl HierarchyLvlId="7" HierarchyLvlTypeId="8" Intrnl_Id="105" Name="getImage">
<Header>
<Loc EndOffset="1923" SrcFileId="1" StartOffset="1900"/>
</Header>
<LocList>
<Loc EndOffset="1951" SrcFileId="1" StartOffset="1900"/>
</LocList>
<StmntSeq Intrnl_Id="106">
<LocList>
<Loc EndOffset="1947" SrcFileId="1" StartOffset="1929"/>
</LocList>
<BasicStmnt CovItemId="S56" CovItemPrefix="game.Piece.java" Intrnl_Id="107">
<LocList>
<Loc EndOffset="1947" SrcFileId="1" StartOffset="1929"/>
</LocList>
</BasicStmnt>
</StmntSeq>
</HierarchyLvl>
<HierarchyLvl HierarchyLvlId="8" HierarchyLvlTypeId="8" Intrnl_Id="108" Name="setImg">
<Header>
<Loc EndOffset="1985" SrcFileId="1" StartOffset="1956"/>
</Header>
<LocList>
<Loc EndOffset="2012" SrcFileId="1" StartOffset="1956"/>
</LocList>
<StmntSeq Intrnl_Id="109">
<LocList>
<Loc EndOffset="2008" SrcFileId="1" StartOffset="1991"/>
</LocList>
<BasicStmnt CovItemId="S57" CovItemPrefix="game.Piece.java" Intrnl_Id="110">
<LocList>
<Loc EndOffset="2008" SrcFileId="1" StartOffset="1991"/>
</LocList>
</BasicStmnt>
</StmntSeq>
</HierarchyLvl>
<HierarchyLvl HierarchyLvlId="9" HierarchyLvlTypeId="8" Intrnl_Id="111" Name="getOwner">
<Header>
<Loc EndOffset="2040" SrcFileId="1" StartOffset="2017"/>
</Header>
<LocList>
<Loc EndOffset="2068" SrcFileId="1" StartOffset="2017"/>
</LocList>
<StmntSeq Intrnl_Id="112">
<LocList>
<Loc EndOffset="2064" SrcFileId="1" StartOffset="2046"/>
</LocList>
<BasicStmnt CovItemId="S58" CovItemPrefix="game.Piece.java" Intrnl_Id="113">
<LocList>
<Loc EndOffset="2064" SrcFileId="1" StartOffset="2046"/>
</LocList>
</BasicStmnt>
</StmntSeq>
</HierarchyLvl>
<HierarchyLvl HierarchyLvlId="10" HierarchyLvlTypeId="8" Intrnl_Id="114" Name="setOwner">
<Header>
<Loc EndOffset="2106" SrcFileId="1" StartOffset="2073"/>
</Header>
<LocList>
<Loc EndOffset="2135" SrcFileId="1" StartOffset="2073"/>
</LocList>
<StmntSeq Intrnl_Id="115">
<LocList>
<Loc EndOffset="2131" SrcFileId="1" StartOffset="2112"/>
</LocList>
<BasicStmnt CovItemId="S59" CovItemPrefix="game.Piece.java" Intrnl_Id="116">
<LocList>
<Loc EndOffset="2131" SrcFileId="1" StartOffset="2112"/>
</LocList>
</BasicStmnt>
</StmntSeq>
</HierarchyLvl>
<HierarchyLvl HierarchyLvlId="11" HierarchyLvlTypeId="8" Intrnl_Id="117" Name="getRank">
<Header>
<Loc EndOffset="2161" SrcFileId="1" StartOffset="2141"/>
</Header>
<LocList>
<Loc EndOffset="2187" SrcFileId="1" StartOffset="2141"/>
</LocList>
<StmntSeq Intrnl_Id="118">
<LocList>
<Loc EndOffset="2183" SrcFileId="1" StartOffset="2166"/>
</LocList>
<BasicStmnt CovItemId="S60" CovItemPrefix="game.Piece.java" Intrnl_Id="119">
<LocList>
<Loc EndOffset="2183" SrcFileId="1" StartOffset="2166"/>
</LocList>
</BasicStmnt>
</StmntSeq>
</HierarchyLvl>
<HierarchyLvl HierarchyLvlId="12" HierarchyLvlTypeId="8" Intrnl_Id="120" Name="setRank">
<Header>
<Loc EndOffset="2222" SrcFileId="1" StartOffset="2193"/>
</Header>
<LocList>
<Loc EndOffset="2248" SrcFileId="1" StartOffset="2193"/>
</LocList>
<StmntSeq Intrnl_Id="121">
<LocList>
<Loc EndOffset="2244" SrcFileId="1" StartOffset="2227"/>
</LocList>
<BasicStmnt CovItemId="S61" CovItemPrefix="game.Piece.java" Intrnl_Id="122">
<LocList>
<Loc EndOffset="2244" SrcFileId="1" StartOffset="2227"/>
</LocList>
</BasicStmnt>
</StmntSeq>
</HierarchyLvl>
<HierarchyLvl HierarchyLvlId="13" HierarchyLvlTypeId="8" Intrnl_Id="123" Name="equals">
<Header>
<Loc EndOffset="2286" SrcFileId="1" StartOffset="2254"/>
</Header>
<LocList>
<Loc EndOffset="2465" SrcFileId="1" StartOffset="2254"/>
</LocList>
<StmntSeq Intrnl_Id="124">
<LocList>
<Loc EndOffset="2440" SrcFileId="1" StartOffset="2291"/>
<Loc EndOffset="2457" SrcFileId="1" StartOffset="2444"/>
</LocList>
<CondStmnt CovItemId="S62" CovItemPrefix="game.Piece.java" Intrnl_Id="125">
<Branch CovItemId="B14" CovItemPrefix="game.Piece.java" Implct="false" Intrnl_Id="126">
<Cond/>
<LocList>
<Loc EndOffset="2440" SrcFileId="1" StartOffset="2316"/>
</LocList>
<StmntSeq Intrnl_Id="127">
<LocList>
<Loc EndOffset="2435" SrcFileId="1" StartOffset="2322"/>
</LocList>
<CondStmnt CovItemId="S63" CovItemPrefix="game.Piece.java" Intrnl_Id="128">
<Branch CovItemId="B16" CovItemPrefix="game.Piece.java" Implct="false" Intrnl_Id="129">
<Cond/>
<LocList>
<Loc EndOffset="2435" SrcFileId="1" StartOffset="2410"/>
</LocList>
<StmntSeq Intrnl_Id="130">
<LocList>
<Loc EndOffset="2429" SrcFileId="1" StartOffset="2417"/>
</LocList>
<BasicStmnt CovItemId="S64" CovItemPrefix="game.Piece.java" Intrnl_Id="131">
<LocList>
<Loc EndOffset="2429" SrcFileId="1" StartOffset="2417"/>
</LocList>
</BasicStmnt>
</StmntSeq>
</Branch>
<Branch CovItemId="B17" CovItemPrefix="game.Piece.java" Implct="true" Intrnl_Id="132">
<Cond/>
<LocList/>
<StmntSeq Intrnl_Id="133">
<LocList/>
</StmntSeq>
</Branch>
<Keyword EndOffset="2324" SrcFileId="1" StartOffset="2322"/>
<LocList>
<Loc EndOffset="2435" SrcFileId="1" StartOffset="2322"/>
</LocList>
<RootTerm CovItemId="C2" CovItemPrefix="game.Piece.java" Intrnl_Id="134">
<OpTerm BooleanOpId="5" Intrnl_Id="135">
<BasicBoolTerm Intrnl_Id="136">
<LocList>
<Loc EndOffset="2363" SrcFileId="1" StartOffset="2325"/>
</LocList>
</BasicBoolTerm>
<BasicBoolTerm Intrnl_Id="137">
<LocList>
<Loc EndOffset="2408" SrcFileId="1" StartOffset="2368"/>
</LocList>
</BasicBoolTerm>
<LocList>
<Loc EndOffset="2366" SrcFileId="1" StartOffset="2364"/>
</LocList>
</OpTerm>
</RootTerm>
</CondStmnt>
</StmntSeq>
</Branch>
<Branch CovItemId="B15" CovItemPrefix="game.Piece.java" Implct="true" Intrnl_Id="138">
<Cond/>
<LocList/>
<StmntSeq Intrnl_Id="139">
<LocList/>
</StmntSeq>
</Branch>
<Keyword EndOffset="2293" SrcFileId="1" StartOffset="2291"/>
<LocList>
<Loc EndOffset="2440" SrcFileId="1" StartOffset="2291"/>
</LocList>
<RootTerm CovItemId="C1" CovItemPrefix="game.Piece.java" Intrnl_Id="140">
<BasicBoolTerm Intrnl_Id="141">
<LocList>
<Loc EndOffset="2314" SrcFileId="1" StartOffset="2295"/>
</LocList>
</BasicBoolTerm>
</RootTerm>
</CondStmnt>
<BasicStmnt CovItemId="S65" CovItemPrefix="game.Piece.java" Intrnl_Id="142">
<LocList>
<Loc EndOffset="2457" SrcFileId="1" StartOffset="2444"/>
</LocList>
</BasicStmnt>
</StmntSeq>
</HierarchyLvl>
<HierarchyLvl HierarchyLvlId="14" HierarchyLvlTypeId="8" Intrnl_Id="143" Name="isStrongerThan">
<Header>
<Loc EndOffset="2510" SrcFileId="1" StartOffset="2471"/>
</Header>
<LocList>
<Loc EndOffset="2558" SrcFileId="1" StartOffset="2471"/>
</LocList>
<StmntSeq Intrnl_Id="144">
<LocList>
<Loc EndOffset="2554" SrcFileId="1" StartOffset="2515"/>
</LocList>
<BasicStmnt CovItemId="S66" CovItemPrefix="game.Piece.java" Intrnl_Id="145">
<LocList>
<Loc EndOffset="2554" SrcFileId="1" StartOffset="2515"/>
</LocList>
</BasicStmnt>
</StmntSeq>
</HierarchyLvl>
</HierarchyLvl>
<HierarchyLvl HierarchyLvlId="23" HierarchyLvlTypeId="9" Intrnl_Id="146" Name="Game">
<Header>
<Loc EndOffset="91" SrcFileId="2" StartOffset="74"/>
</Header>
<LocList>
<Loc EndOffset="6092" SrcFileId="2" StartOffset="74"/>
</LocList>
<StmntSeq Intrnl_Id="147">
<LocList>
<Loc EndOffset="165" SrcFileId="2" StartOffset="107"/>
<Loc EndOffset="204" SrcFileId="2" StartOffset="168"/>
<Loc EndOffset="227" SrcFileId="2" StartOffset="207"/>
<Loc EndOffset="247" SrcFileId="2" StartOffset="230"/>
<Loc EndOffset="267" SrcFileId="2" StartOffset="250"/>
<Loc EndOffset="288" SrcFileId="2" StartOffset="270"/>
</LocList>
<BasicStmnt CovItemId="S1" CovItemPrefix="game.Game.java" Intrnl_Id="148">
<LocList>
<Loc EndOffset="165" SrcFileId="2" StartOffset="107"/>
</LocList>
</BasicStmnt>
<BasicStmnt CovItemId="S2" CovItemPrefix="game.Game.java" Intrnl_Id="149">
<LocList>
<Loc EndOffset="204" SrcFileId="2" StartOffset="168"/>
</LocList>
</BasicStmnt>
<BasicStmnt CovItemId="S3" CovItemPrefix="game.Game.java" Intrnl_Id="150">
<LocList>
<Loc EndOffset="227" SrcFileId="2" StartOffset="207"/>
</LocList>
</BasicStmnt>
<BasicStmnt CovItemId="S4" CovItemPrefix="game.Game.java" Intrnl_Id="151">
<LocList>
<Loc EndOffset="247" SrcFileId="2" StartOffset="230"/>
</LocList>
</BasicStmnt>
<BasicStmnt CovItemId="S5" CovItemPrefix="game.Game.java" Intrnl_Id="152">
<LocList>
<Loc EndOffset="267" SrcFileId="2" StartOffset="250"/>
</LocList>
</BasicStmnt>
<BasicStmnt CovItemId="S6" CovItemPrefix="game.Game.java" Intrnl_Id="153">
<LocList>
<Loc EndOffset="288" SrcFileId="2" StartOffset="270"/>
</LocList>
</BasicStmnt>
</StmntSeq>
<HierarchyLvl HierarchyLvlId="16" HierarchyLvlTypeId="8" Intrnl_Id="154" Name="Game">
<Header>
<Loc EndOffset="319" SrcFileId="2" StartOffset="294"/>
</Header>
<LocList>
<Loc EndOffset="346" SrcFileId="2" StartOffset="294"/>
</LocList>
<StmntSeq Intrnl_Id="155">
<LocList>
<Loc EndOffset="342" SrcFileId="2" StartOffset="325"/>
</LocList>
<BasicStmnt CovItemId="S7" CovItemPrefix="game.Game.java" Intrnl_Id="156">
<LocList>
<Loc EndOffset="342" SrcFileId="2" StartOffset="325"/>
</LocList>
</BasicStmnt>
</StmntSeq>
</HierarchyLvl>
<HierarchyLvl HierarchyLvlId="17" HierarchyLvlTypeId="8" Intrnl_Id="157" Name="Game">
<Header>
<Loc EndOffset="426" SrcFileId="2" StartOffset="413"/>
</Header>
<LocList>
<Loc EndOffset="805" SrcFileId="2" StartOffset="413"/>
</LocList>
<StmntSeq Intrnl_Id="158">
<LocList>
<Loc EndOffset="801" SrcFileId="2" StartOffset="431"/>
</LocList>
<BasicStmnt CovItemId="S8" CovItemPrefix="game.Game.java" Intrnl_Id="159">
<LocList>
<Loc EndOffset="801" SrcFileId="2" StartOffset="431"/>
</LocList>
</BasicStmnt>
</StmntSeq>
</HierarchyLvl>
<HierarchyLvl HierarchyLvlId="18" HierarchyLvlTypeId="8" Intrnl_Id="160" Name="getSpace">
<Header>
<Loc EndOffset="911" SrcFileId="2" StartOffset="869"/>
</Header>
<LocList>
<Loc EndOffset="1055" SrcFileId="2" StartOffset="869"/>
</LocList>
<StmntSeq Intrnl_Id="161">
<LocList>
<Loc EndOffset="983" SrcFileId="2" StartOffset="916"/>
<Loc EndOffset="1047" SrcFileId="2" StartOffset="987"/>
</LocList>
<CondStmnt CovItemId="S9" CovItemPrefix="game.Game.java" Intrnl_Id="162">
<Branch CovItemId="B1" CovItemPrefix="game.Game.java" Implct="false" Intrnl_Id="163">
<Cond/>
<LocList>
<Loc EndOffset="983" SrcFileId="2" StartOffset="971"/>
</LocList>
<StmntSeq Intrnl_Id="164">
<LocList>
<Loc EndOffset="983" SrcFileId="2" StartOffset="971"/>
</LocList>
<BasicStmnt CovItemId="S10" CovItemPrefix="game.Game.java" Intrnl_Id="165">
<LocList>
<Loc EndOffset="983" SrcFileId="2" StartOffset="971"/>
</LocList>
</BasicStmnt>
</StmntSeq>
</Branch>
<Branch CovItemId="B2" CovItemPrefix="game.Game.java" Implct="true" Intrnl_Id="166">
<Cond/>
<LocList/>
<StmntSeq Intrnl_Id="167">
<LocList/>
</StmntSeq>
</Branch>
<Keyword EndOffset="918" SrcFileId="2" StartOffset="916"/>
<LocList>
<Loc EndOffset="983" SrcFileId="2" StartOffset="916"/>
</LocList>
<RootTerm CovItemId="C1" CovItemPrefix="game.Game.java" Intrnl_Id="168">
<BasicBoolTerm Intrnl_Id="169">
<LocList>
<Loc EndOffset="965" SrcFileId="2" StartOffset="919"/>
</LocList>
</BasicBoolTerm>
</RootTerm>
</CondStmnt>
<BasicStmnt CovItemId="S11" CovItemPrefix="game.Game.java" Intrnl_Id="170">
<LocList>
<Loc EndOffset="1047" SrcFileId="2" StartOffset="987"/>
</LocList>
</BasicStmnt>
</StmntSeq>
</HierarchyLvl>
<HierarchyLvl HierarchyLvlId="19" HierarchyLvlTypeId="8" Intrnl_Id="171" Name="move">
<Header>
<Loc EndOffset="1223" SrcFileId="2" StartOffset="1174"/>
</Header>
<LocList>
<Loc EndOffset="2135" SrcFileId="2" StartOffset="1174"/>
</LocList>
<StmntSeq Intrnl_Id="172">
<LocList>
<Loc EndOffset="1253" SrcFileId="2" StartOffset="1228"/>
<Loc EndOffset="1291" SrcFileId="2" StartOffset="1257"/>
<Loc EndOffset="2131" SrcFileId="2" StartOffset="1295"/>
</LocList>
<BasicStmnt CovItemId="S12" CovItemPrefix="game.Game.java" Intrnl_Id="173">
<LocList>
<Loc EndOffset="1253" SrcFileId="2" StartOffset="1228"/>
</LocList>
</BasicStmnt>
<BasicStmnt CovItemId="S13" CovItemPrefix="game.Game.java" Intrnl_Id="174">
<LocList>
<Loc EndOffset="1291" SrcFileId="2" StartOffset="1257"/>
</LocList>
</BasicStmnt>
<CondStmnt CovItemId="S14" CovItemPrefix="game.Game.java" Intrnl_Id="175">
<Branch CovItemId="B3" CovItemPrefix="game.Game.java" Implct="false" Intrnl_Id="176">
<Cond>
<Loc EndOffset="1317" SrcFileId="2" StartOffset="1311"/>
</Cond>
<LocList>
<Loc EndOffset="1500" SrcFileId="2" StartOffset="1339"/>
</LocList>
<StmntSeq Intrnl_Id="177">
<LocList>
<Loc EndOffset="1482" SrcFileId="2" StartOffset="1339"/>
<Loc EndOffset="1500" SrcFileId="2" StartOffset="1487"/>
</LocList>
<CondStmnt CovItemId="S15" CovItemPrefix="game.Game.java" Intrnl_Id="178">
<Branch CovItemId="B4" CovItemPrefix="game.Game.java" Implct="false" Intrnl_Id="179">
<Cond/>
<LocList>
<Loc EndOffset="1482" SrcFileId="2" StartOffset="1411"/>
</LocList>
<StmntSeq Intrnl_Id="180">
<LocList>
<Loc EndOffset="1458" SrcFileId="2" StartOffset="1418"/>
<Loc EndOffset="1476" SrcFileId="2" StartOffset="1464"/>
</LocList>
<BasicStmnt CovItemId="S16" CovItemPrefix="game.Game.java" Intrnl_Id="181">
<LocList>
<Loc EndOffset="1458" SrcFileId="2" StartOffset="1418"/>
</LocList>
</BasicStmnt>
<BasicStmnt CovItemId="S17" CovItemPrefix="game.Game.java" Intrnl_Id="182">
<LocList>
<Loc EndOffset="1476" SrcFileId="2" StartOffset="1464"/>
</LocList>
</BasicStmnt>
</StmntSeq>
</Branch>
<Branch CovItemId="B5" CovItemPrefix="game.Game.java" Implct="true" Intrnl_Id="183">
<Cond/>
<LocList/>
<StmntSeq Intrnl_Id="184">
<LocList/>
</StmntSeq>
</Branch>
<Keyword EndOffset="1341" SrcFileId="2" StartOffset="1339"/>
<LocList>
<Loc EndOffset="1482" SrcFileId="2" StartOffset="1339"/>
</LocList>
<RootTerm CovItemId="C2" CovItemPrefix="game.Game.java" Intrnl_Id="185">
<OpTerm BooleanOpId="5" Intrnl_Id="186">
<BasicBoolTerm Intrnl_Id="187">
<LocList>
<Loc EndOffset="1355" SrcFileId="2" StartOffset="1343"/>
</LocList>
</BasicBoolTerm>
<BasicBoolTerm Intrnl_Id="188">
<LocList>
<Loc EndOffset="1409" SrcFileId="2" StartOffset="1359"/>
</LocList>
</BasicBoolTerm>
<LocList>
<Loc EndOffset="1358" SrcFileId="2" StartOffset="1356"/>
</LocList>
</OpTerm>
</RootTerm>
</CondStmnt>
<BasicStmnt CovItemId="S18" CovItemPrefix="game.Game.java" Intrnl_Id="189">
<LocList>
<Loc EndOffset="1500" SrcFileId="2" StartOffset="1487"/>
</LocList>
</BasicStmnt>
</StmntSeq>
</Branch>
<Branch CovItemId="B6" CovItemPrefix="game.Game.java" Implct="false" Intrnl_Id="190">
<Cond>
<Loc EndOffset="1510" SrcFileId="2" StartOffset="1504"/>
</Cond>
<LocList>
<Loc EndOffset="1699" SrcFileId="2" StartOffset="1535"/>
</LocList>
<StmntSeq Intrnl_Id="191">
<LocList>
<Loc EndOffset="1681" SrcFileId="2" StartOffset="1535"/>
<Loc EndOffset="1699" SrcFileId="2" StartOffset="1686"/>
</LocList>
<CondStmnt CovItemId="S19" CovItemPrefix="game.Game.java" Intrnl_Id="192">
<Branch CovItemId="B7" CovItemPrefix="game.Game.java" Implct="false" Intrnl_Id="193">
<Cond/>
<LocList>
<Loc EndOffset="1681" SrcFileId="2" StartOffset="1610"/>
</LocList>
<StmntSeq Intrnl_Id="194">
<LocList>
<Loc EndOffset="1657" SrcFileId="2" StartOffset="1617"/>
<Loc EndOffset="1675" SrcFileId="2" StartOffset="1663"/>
</LocList>
<BasicStmnt CovItemId="S20" CovItemPrefix="game.Game.java" Intrnl_Id="195">
<LocList>
<Loc EndOffset="1657" SrcFileId="2" StartOffset="1617"/>
</LocList>
</BasicStmnt>
<BasicStmnt CovItemId="S21" CovItemPrefix="game.Game.java" Intrnl_Id="196">
<LocList>
<Loc EndOffset="1675" SrcFileId="2" StartOffset="1663"/>
</LocList>
</BasicStmnt>
</StmntSeq>
</Branch>
<Branch CovItemId="B8" CovItemPrefix="game.Game.java" Implct="true" Intrnl_Id="197">
<Cond/>
<LocList/>
<StmntSeq Intrnl_Id="198">
<LocList/>
</StmntSeq>
</Branch>
<Keyword EndOffset="1537" SrcFileId="2" StartOffset="1535"/>
<LocList>
<Loc EndOffset="1681" SrcFileId="2" StartOffset="1535"/>
</LocList>
<RootTerm CovItemId="C3" CovItemPrefix="game.Game.java" Intrnl_Id="199">
<OpTerm BooleanOpId="5" Intrnl_Id="200">
<BasicBoolTerm Intrnl_Id="201">
<LocList>
<Loc EndOffset="1554" SrcFileId="2" StartOffset="1539"/>
</LocList>
</BasicBoolTerm>
<BasicBoolTerm Intrnl_Id="202">
<LocList>
<Loc EndOffset="1608" SrcFileId="2" StartOffset="1558"/>
</LocList>
</BasicBoolTerm>
<LocList>
<Loc EndOffset="1557" SrcFileId="2" StartOffset="1555"/>
</LocList>
</OpTerm>
</RootTerm>
</CondStmnt>
<BasicStmnt CovItemId="S22" CovItemPrefix="game.Game.java" Intrnl_Id="203">
<LocList>
<Loc EndOffset="1699" SrcFileId="2" StartOffset="1686"/>
</LocList>
</BasicStmnt>
</StmntSeq>
</Branch>
<Branch CovItemId="B9" CovItemPrefix="game.Game.java" Implct="false" Intrnl_Id="204">
<Cond>
<Loc EndOffset="1709" SrcFileId="2" StartOffset="1703"/>
</Cond>
<LocList>
<Loc EndOffset="1896" SrcFileId="2" StartOffset="1733"/>
</LocList>
<StmntSeq Intrnl_Id="205">
<LocList>
<Loc EndOffset="1878" SrcFileId="2" StartOffset="1733"/>
<Loc EndOffset="1896" SrcFileId="2" StartOffset="1883"/>
</LocList>
<CondStmnt CovItemId="S23" CovItemPrefix="game.Game.java" Intrnl_Id="206">
<Branch CovItemId="B10" CovItemPrefix="game.Game.java" Implct="false" Intrnl_Id="207">
<Cond/>
<LocList>
<Loc EndOffset="1878" SrcFileId="2" StartOffset="1805"/>
</LocList>
<StmntSeq Intrnl_Id="208">
<LocList>
<Loc EndOffset="1854" SrcFileId="2" StartOffset="1812"/>
<Loc EndOffset="1872" SrcFileId="2" StartOffset="1860"/>
</LocList>
<BasicStmnt CovItemId="S24" CovItemPrefix="game.Game.java" Intrnl_Id="209">
<LocList>
<Loc EndOffset="1854" SrcFileId="2" StartOffset="1812"/>
</LocList>
</BasicStmnt>
<BasicStmnt CovItemId="S25" CovItemPrefix="game.Game.java" Intrnl_Id="210">
<LocList>
<Loc EndOffset="1872" SrcFileId="2" StartOffset="1860"/>
</LocList>
</BasicStmnt>
</StmntSeq>
</Branch>
<Branch CovItemId="B11" CovItemPrefix="game.Game.java" Implct="true" Intrnl_Id="211">
<Cond/>
<LocList/>
<StmntSeq Intrnl_Id="212">
<LocList/>
</StmntSeq>
</Branch>
<Keyword EndOffset="1735" SrcFileId="2" StartOffset="1733"/>
<LocList>
<Loc EndOffset="1878" SrcFileId="2" StartOffset="1733"/>
</LocList>
<RootTerm CovItemId="C4" CovItemPrefix="game.Game.java" Intrnl_Id="213">
<OpTerm BooleanOpId="5" Intrnl_Id="214">
<BasicBoolTerm Intrnl_Id="215">
<LocList>
<Loc EndOffset="1749" SrcFileId="2" StartOffset="1737"/>
</LocList>
</BasicBoolTerm>
<BasicBoolTerm Intrnl_Id="216">
<LocList>
<Loc EndOffset="1803" SrcFileId="2" StartOffset="1753"/>
</LocList>
</BasicBoolTerm>
<LocList>
<Loc EndOffset="1752" SrcFileId="2" StartOffset="1750"/>
</LocList>
</OpTerm>
</RootTerm>
</CondStmnt>
<BasicStmnt CovItemId="S26" CovItemPrefix="game.Game.java" Intrnl_Id="217">
<LocList>
<Loc EndOffset="1896" SrcFileId="2" StartOffset="1883"/>
</LocList>
</BasicStmnt>
</StmntSeq>
</Branch>
<Branch CovItemId="B12" CovItemPrefix="game.Game.java" Implct="false" Intrnl_Id="218">
<Cond>
<Loc EndOffset="1906" SrcFileId="2" StartOffset="1900"/>
</Cond>
<LocList>
<Loc EndOffset="2096" SrcFileId="2" StartOffset="1930"/>
</LocList>
<StmntSeq Intrnl_Id="219">
<LocList>
<Loc EndOffset="2078" SrcFileId="2" StartOffset="1930"/>
<Loc EndOffset="2096" SrcFileId="2" StartOffset="2083"/>
</LocList>
<CondStmnt CovItemId="S27" CovItemPrefix="game.Game.java" Intrnl_Id="220">
<Branch CovItemId="B13" CovItemPrefix="game.Game.java" Implct="false" Intrnl_Id="221">
<Cond/>
<LocList>
<Loc EndOffset="2078" SrcFileId="2" StartOffset="2005"/>
</LocList>
<StmntSeq Intrnl_Id="222">
<LocList>
<Loc EndOffset="2054" SrcFileId="2" StartOffset="2012"/>
<Loc EndOffset="2072" SrcFileId="2" StartOffset="2060"/>
</LocList>
<BasicStmnt CovItemId="S28" CovItemPrefix="game.Game.java" Intrnl_Id="223">
<LocList>
<Loc EndOffset="2054" SrcFileId="2" StartOffset="2012"/>
</LocList>
</BasicStmnt>
<BasicStmnt CovItemId="S29" CovItemPrefix="game.Game.java" Intrnl_Id="224">
<LocList>
<Loc EndOffset="2072" SrcFileId="2" StartOffset="2060"/>
</LocList>
</BasicStmnt>
</StmntSeq>
</Branch>
<Branch CovItemId="B14" CovItemPrefix="game.Game.java" Implct="true" Intrnl_Id="225">
<Cond/>
<LocList/>
<StmntSeq Intrnl_Id="226">
<LocList/>
</StmntSeq>
</Branch>
<Keyword EndOffset="1932" SrcFileId="2" StartOffset="1930"/>
<LocList>
<Loc EndOffset="2078" SrcFileId="2" StartOffset="1930"/>
</LocList>
<RootTerm CovItemId="C5" CovItemPrefix="game.Game.java" Intrnl_Id="227">
<OpTerm BooleanOpId="5" Intrnl_Id="228">
<BasicBoolTerm Intrnl_Id="229">
<LocList>
<Loc EndOffset="1949" SrcFileId="2" StartOffset="1934"/>
</LocList>
</BasicBoolTerm>
<BasicBoolTerm Intrnl_Id="230">
<LocList>
<Loc EndOffset="2003" SrcFileId="2" StartOffset="1953"/>
</LocList>
</BasicBoolTerm>
<LocList>
<Loc EndOffset="1952" SrcFileId="2" StartOffset="1950"/>
</LocList>
</OpTerm>
</RootTerm>
</CondStmnt>
<BasicStmnt CovItemId="S30" CovItemPrefix="game.Game.java" Intrnl_Id="231">
<LocList>
<Loc EndOffset="2096" SrcFileId="2" StartOffset="2083"/>
</LocList>
</BasicStmnt>
</StmntSeq>
</Branch>
<Branch CovItemId="B15" CovItemPrefix="game.Game.java" Implct="false" Intrnl_Id="232">
<Cond>
<Loc EndOffset="2107" SrcFileId="2" StartOffset="2100"/>
</Cond>
<LocList>
<Loc EndOffset="2126" SrcFileId="2" StartOffset="2113"/>
</LocList>
<StmntSeq Intrnl_Id="233">
<LocList>
<Loc EndOffset="2126" SrcFileId="2" StartOffset="2113"/>
</LocList>
<BasicStmnt CovItemId="S31" CovItemPrefix="game.Game.java" Intrnl_Id="234">
<LocList>
<Loc EndOffset="2126" SrcFileId="2" StartOffset="2113"/>
</LocList>
</BasicStmnt>
</StmntSeq>
</Branch>
<Keyword EndOffset="1301" SrcFileId="2" StartOffset="1295"/>
<LocList>
<Loc EndOffset="2131" SrcFileId="2" StartOffset="1295"/>
</LocList>
</CondStmnt>
</StmntSeq>
</HierarchyLvl>
<HierarchyLvl HierarchyLvlId="20" HierarchyLvlTypeId="8" Intrnl_Id="235" Name="switchPiece">
<Header>
<Loc EndOffset="2228" SrcFileId="2" StartOffset="2158"/>
</Header>
<LocList>
<Loc EndOffset="2795" SrcFileId="2" StartOffset="2158"/>
</LocList>
<StmntSeq Intrnl_Id="236">
<LocList>
<Loc EndOffset="2335" SrcFileId="2" StartOffset="2284"/>
<Loc EndOffset="2435" SrcFileId="2" StartOffset="2397"/>
<Loc EndOffset="2567" SrcFileId="2" StartOffset="2515"/>
<Loc EndOffset="2602" SrcFileId="2" StartOffset="2571"/>
<Loc EndOffset="2791" SrcFileId="2" StartOffset="2752"/>
</LocList>
<BasicStmnt CovItemId="S32" CovItemPrefix="game.Game.java" Intrnl_Id="237">
<LocList>
<Loc EndOffset="2335" SrcFileId="2" StartOffset="2284"/>
</LocList>
</BasicStmnt>
<BasicStmnt CovItemId="S33" CovItemPrefix="game.Game.java" Intrnl_Id="238">
<LocList>
<Loc EndOffset="2435" SrcFileId="2" StartOffset="2397"/>
</LocList>
</BasicStmnt>
<BasicStmnt CovItemId="S34" CovItemPrefix="game.Game.java" Intrnl_Id="239">
<LocList>
<Loc EndOffset="2567" SrcFileId="2" StartOffset="2515"/>
</LocList>
</BasicStmnt>
<BasicStmnt CovItemId="S35" CovItemPrefix="game.Game.java" Intrnl_Id="240">
<LocList>
<Loc EndOffset="2602" SrcFileId="2" StartOffset="2571"/>
</LocList>
</BasicStmnt>
<BasicStmnt CovItemId="S36" CovItemPrefix="game.Game.java" Intrnl_Id="241">
<LocList>
<Loc EndOffset="2791" SrcFileId="2" StartOffset="2752"/>
</LocList>
</BasicStmnt>
</StmntSeq>
</HierarchyLvl>
<HierarchyLvl HierarchyLvlId="21" HierarchyLvlTypeId="8" Intrnl_Id="242" Name="push">
<Header>
<Loc EndOffset="3074" SrcFileId="2" StartOffset="3014"/>
</Header>
<LocList>
<Loc EndOffset="4575" SrcFileId="2" StartOffset="3014"/>
</LocList>
<StmntSeq Intrnl_Id="243">
<LocList>
<Loc EndOffset="3257" SrcFileId="2" StartOffset="3160"/>
<Loc EndOffset="4554" SrcFileId="2" StartOffset="3261"/>
<Loc EndOffset="4571" SrcFileId="2" StartOffset="4558"/>
</LocList>
<CondStmnt CovItemId="S37" CovItemPrefix="game.Game.java" Intrnl_Id="244">
<Branch CovItemId="B16" CovItemPrefix="game.Game.java" Implct="false" Intrnl_Id="245">
<Cond/>
<LocList>
<Loc EndOffset="3257" SrcFileId="2" StartOffset="3194"/>
</LocList>
<StmntSeq Intrnl_Id="246">
<LocList>
<Loc EndOffset="3213" SrcFileId="2" StartOffset="3200"/>
</LocList>
<BasicStmnt CovItemId="S38" CovItemPrefix="game.Game.java" Intrnl_Id="247">
<LocList>
<Loc EndOffset="3213" SrcFileId="2" StartOffset="3200"/>
</LocList>
</BasicStmnt>
</StmntSeq>
</Branch>
<Branch CovItemId="B17" CovItemPrefix="game.Game.java" Implct="true" Intrnl_Id="248">
<Cond/>
<LocList/>
<StmntSeq Intrnl_Id="249">
<LocList/>
</StmntSeq>
</Branch>
<Keyword EndOffset="3162" SrcFileId="2" StartOffset="3160"/>
<LocList>
<Loc EndOffset="3257" SrcFileId="2" StartOffset="3160"/>
</LocList>
<RootTerm CovItemId="C6" CovItemPrefix="game.Game.java" Intrnl_Id="250">
<BasicBoolTerm Intrnl_Id="251">
<LocList>
<Loc EndOffset="3193" SrcFileId="2" StartOffset="3164"/>
</LocList>
</BasicBoolTerm>
</RootTerm>
</CondStmnt>
<CondStmnt CovItemId="S39" CovItemPrefix="game.Game.java" Intrnl_Id="252">
<Branch CovItemId="B18" CovItemPrefix="game.Game.java" Implct="false" Intrnl_Id="253">
<Cond>
<Loc EndOffset="3286" SrcFileId="2" StartOffset="3280"/>
</Cond>
<LocList>
<Loc EndOffset="3656" SrcFileId="2" StartOffset="3329"/>
</LocList>
<StmntSeq Intrnl_Id="254">
<LocList>
<Loc EndOffset="3645" SrcFileId="2" StartOffset="3329"/>
<Loc EndOffset="3656" SrcFileId="2" StartOffset="3650"/>
</LocList>
<CondStmnt CovItemId="S40" CovItemPrefix="game.Game.java" Intrnl_Id="255">
<Branch CovItemId="B19" CovItemPrefix="game.Game.java" Implct="false" Intrnl_Id="256">
<Cond/>
<LocList>
<Loc EndOffset="3645" SrcFileId="2" StartOffset="3362"/>
</LocList>
<StmntSeq Intrnl_Id="257">
<LocList>
<Loc EndOffset="3503" SrcFileId="2" StartOffset="3464"/>
<Loc EndOffset="3639" SrcFileId="2" StartOffset="3627"/>
</LocList>
<BasicStmnt CovItemId="S41" CovItemPrefix="game.Game.java" Intrnl_Id="258">
<LocList>
<Loc EndOffset="3503" SrcFileId="2" StartOffset="3464"/>
</LocList>
</BasicStmnt>
<BasicStmnt CovItemId="S42" CovItemPrefix="game.Game.java" Intrnl_Id="259">
<LocList>
<Loc EndOffset="3639" SrcFileId="2" StartOffset="3627"/>
</LocList>
</BasicStmnt>
</StmntSeq>
</Branch>
<Branch CovItemId="B20" CovItemPrefix="game.Game.java" Implct="true" Intrnl_Id="260">
<Cond/>
<LocList/>
<StmntSeq Intrnl_Id="261">
<LocList/>
</StmntSeq>
</Branch>
<Keyword EndOffset="3331" SrcFileId="2" StartOffset="3329"/>
<LocList>
<Loc EndOffset="3645" SrcFileId="2" StartOffset="3329"/>
</LocList>
<RootTerm CovItemId="C7" CovItemPrefix="game.Game.java" Intrnl_Id="262">
<BasicBoolTerm Intrnl_Id="263">
<LocList>
<Loc EndOffset="3360" SrcFileId="2" StartOffset="3333"/>
</LocList>
</BasicBoolTerm>
</RootTerm>
</CondStmnt>
<BasicStmnt CovItemId="S43" CovItemPrefix="game.Game.java" Intrnl_Id="264">
<LocList>
<Loc EndOffset="3656" SrcFileId="2" StartOffset="3650"/>
</LocList>
</BasicStmnt>
</StmntSeq>
</Branch>
<Branch CovItemId="B21" CovItemPrefix="game.Game.java" Implct="false" Intrnl_Id="265">
<Cond>
<Loc EndOffset="3666" SrcFileId="2" StartOffset="3660"/>
</Cond>
<LocList>
<Loc EndOffset="3950" SrcFileId="2" StartOffset="3709"/>
</LocList>
<StmntSeq Intrnl_Id="266">
<LocList>
<Loc EndOffset="3939" SrcFileId="2" StartOffset="3709"/>
<Loc EndOffset="3950" SrcFileId="2" StartOffset="3944"/>
</LocList>
<CondStmnt CovItemId="S44" CovItemPrefix="game.Game.java" Intrnl_Id="267">
<Branch CovItemId="B22" CovItemPrefix="game.Game.java" Implct="false" Intrnl_Id="268">
<Cond/>
<LocList>
<Loc EndOffset="3939" SrcFileId="2" StartOffset="3742"/>
</LocList>
<StmntSeq Intrnl_Id="269">
<LocList>
<Loc EndOffset="3881" SrcFileId="2" StartOffset="3842"/>
<Loc EndOffset="3933" SrcFileId="2" StartOffset="3921"/>
</LocList>
<BasicStmnt CovItemId="S45" CovItemPrefix="game.Game.java" Intrnl_Id="270">
<LocList>
<Loc EndOffset="3881" SrcFileId="2" StartOffset="3842"/>
</LocList>
</BasicStmnt>
<BasicStmnt CovItemId="S46" CovItemPrefix="game.Game.java" Intrnl_Id="271">
<LocList>
<Loc EndOffset="3933" SrcFileId="2" StartOffset="3921"/>
</LocList>
</BasicStmnt>
</StmntSeq>
</Branch>
<Branch CovItemId="B23" CovItemPrefix="game.Game.java" Implct="true" Intrnl_Id="272">
<Cond/>
<LocList/>
<StmntSeq Intrnl_Id="273">
<LocList/>
</StmntSeq>
</Branch>
<Keyword EndOffset="3711" SrcFileId="2" StartOffset="3709"/>
<LocList>
<Loc EndOffset="3939" SrcFileId="2" StartOffset="3709"/>
</LocList>
<RootTerm CovItemId="C8" CovItemPrefix="game.Game.java" Intrnl_Id="274">
<BasicBoolTerm Intrnl_Id="275">
<LocList>
<Loc EndOffset="3740" SrcFileId="2" StartOffset="3713"/>
</LocList>
</BasicBoolTerm>
</RootTerm>
</CondStmnt>
<BasicStmnt CovItemId="S47" CovItemPrefix="game.Game.java" Intrnl_Id="276">
<LocList>
<Loc EndOffset="3950" SrcFileId="2" StartOffset="3944"/>
</LocList>
</BasicStmnt>
</StmntSeq>
</Branch>
<Branch CovItemId="B24" CovItemPrefix="game.Game.java" Implct="false" Intrnl_Id="277">
<Cond>
<Loc EndOffset="3960" SrcFileId="2" StartOffset="3954"/>
</Cond>
<LocList>
<Loc EndOffset="4248" SrcFileId="2" StartOffset="4002"/>
</LocList>
<StmntSeq Intrnl_Id="278">
<LocList>
<Loc EndOffset="4237" SrcFileId="2" StartOffset="4002"/>
<Loc EndOffset="4248" SrcFileId="2" StartOffset="4242"/>
</LocList>
<CondStmnt CovItemId="S48" CovItemPrefix="game.Game.java" Intrnl_Id="279">
<Branch CovItemId="B25" CovItemPrefix="game.Game.java" Implct="false" Intrnl_Id="280">
<Cond/>
<LocList>
<Loc EndOffset="4237" SrcFileId="2" StartOffset="4035"/>
</LocList>
<StmntSeq Intrnl_Id="281">
<LocList>
<Loc EndOffset="4179" SrcFileId="2" StartOffset="4140"/>
<Loc EndOffset="4231" SrcFileId="2" StartOffset="4219"/>
</LocList>
<BasicStmnt CovItemId="S49" CovItemPrefix="game.Game.java" Intrnl_Id="282">
<LocList>
<Loc EndOffset="4179" SrcFileId="2" StartOffset="4140"/>
</LocList>
</BasicStmnt>
<BasicStmnt CovItemId="S50" CovItemPrefix="game.Game.java" Intrnl_Id="283">
<LocList>
<Loc EndOffset="4231" SrcFileId="2" StartOffset="4219"/>
</LocList>
</BasicStmnt>
</StmntSeq>
</Branch>
<Branch CovItemId="B26" CovItemPrefix="game.Game.java" Implct="true" Intrnl_Id="284">
<Cond/>
<LocList/>
<StmntSeq Intrnl_Id="285">
<LocList/>
</StmntSeq>
</Branch>
<Keyword EndOffset="4004" SrcFileId="2" StartOffset="4002"/>
<LocList>
<Loc EndOffset="4237" SrcFileId="2" StartOffset="4002"/>
</LocList>
<RootTerm CovItemId="C9" CovItemPrefix="game.Game.java" Intrnl_Id="286">
<BasicBoolTerm Intrnl_Id="287">
<LocList>
<Loc EndOffset="4033" SrcFileId="2" StartOffset="4006"/>
</LocList>
</BasicBoolTerm>
</RootTerm>
</CondStmnt>
<BasicStmnt CovItemId="S51" CovItemPrefix="game.Game.java" Intrnl_Id="288">
<LocList>
<Loc EndOffset="4248" SrcFileId="2" StartOffset="4242"/>
</LocList>
</BasicStmnt>
</StmntSeq>
</Branch>
<Branch CovItemId="B27" CovItemPrefix="game.Game.java" Implct="false" Intrnl_Id="289">
<Cond>
<Loc EndOffset="4258" SrcFileId="2" StartOffset="4252"/>
</Cond>
<LocList>
<Loc EndOffset="4549" SrcFileId="2" StartOffset="4301"/>
</LocList>
<StmntSeq Intrnl_Id="290">
<LocList>
<Loc EndOffset="4538" SrcFileId="2" StartOffset="4301"/>
<Loc EndOffset="4549" SrcFileId="2" StartOffset="4543"/>
</LocList>
<CondStmnt CovItemId="S52" CovItemPrefix="game.Game.java" Intrnl_Id="291">
<Branch CovItemId="B28" CovItemPrefix="game.Game.java" Implct="false" Intrnl_Id="292">
<Cond/>
<LocList>
<Loc EndOffset="4538" SrcFileId="2" StartOffset="4334"/>
</LocList>
<StmntSeq Intrnl_Id="293">
<LocList>
<Loc EndOffset="4480" SrcFileId="2" StartOffset="4441"/>
<Loc EndOffset="4532" SrcFileId="2" StartOffset="4520"/>
</LocList>
<BasicStmnt CovItemId="S53" CovItemPrefix="game.Game.java" Intrnl_Id="294">
<LocList>
<Loc EndOffset="4480" SrcFileId="2" StartOffset="4441"/>
</LocList>
</BasicStmnt>
<BasicStmnt CovItemId="S54" CovItemPrefix="game.Game.java" Intrnl_Id="295">
<LocList>
<Loc EndOffset="4532" SrcFileId="2" StartOffset="4520"/>
</LocList>
</BasicStmnt>
</StmntSeq>
</Branch>
<Branch CovItemId="B29" CovItemPrefix="game.Game.java" Implct="true" Intrnl_Id="296">
<Cond/>
<LocList/>
<StmntSeq Intrnl_Id="297">
<LocList/>
</StmntSeq>
</Branch>
<Keyword EndOffset="4303" SrcFileId="2" StartOffset="4301"/>
<LocList>
<Loc EndOffset="4538" SrcFileId="2" StartOffset="4301"/>
</LocList>
<RootTerm CovItemId="C10" CovItemPrefix="game.Game.java" Intrnl_Id="298">
<BasicBoolTerm Intrnl_Id="299">
<LocList>
<Loc EndOffset="4332" SrcFileId="2" StartOffset="4305"/>
</LocList>
</BasicBoolTerm>
</RootTerm>
</CondStmnt>
<BasicStmnt CovItemId="S55" CovItemPrefix="game.Game.java" Intrnl_Id="300">
<LocList>
<Loc EndOffset="4549" SrcFileId="2" StartOffset="4543"/>
</LocList>
</BasicStmnt>
</StmntSeq>
</Branch>
<Branch CovItemId="B30" CovItemPrefix="game.Game.java" Implct="true" Intrnl_Id="301">
<Cond/>
<LocList/>
<StmntSeq Intrnl_Id="302">
<LocList/>
</StmntSeq>
</Branch>
<Keyword EndOffset="3267" SrcFileId="2" StartOffset="3261"/>
<LocList>
<Loc EndOffset="4554" SrcFileId="2" StartOffset="3261"/>
</LocList>
</CondStmnt>
<BasicStmnt CovItemId="S56" CovItemPrefix="game.Game.java" Intrnl_Id="303">
<LocList>
<Loc EndOffset="4571" SrcFileId="2" StartOffset="4558"/>
</LocList>
</BasicStmnt>
</StmntSeq>
</HierarchyLvl>
<HierarchyLvl HierarchyLvlId="22" HierarchyLvlTypeId="8" Intrnl_Id="304" Name="pull">
<Header>
<Loc EndOffset="4963" SrcFileId="2" StartOffset="4908"/>
</Header>
<LocList>
<Loc EndOffset="6089" SrcFileId="2" StartOffset="4908"/>
</LocList>
<StmntSeq Intrnl_Id="305">
<LocList>
<Loc EndOffset="5061" SrcFileId="2" StartOffset="5016"/>
<Loc EndOffset="6068" SrcFileId="2" StartOffset="5119"/>
<Loc EndOffset="6085" SrcFileId="2" StartOffset="6072"/>
</LocList>
<CondStmnt CovItemId="S57" CovItemPrefix="game.Game.java" Intrnl_Id="306">
<Branch CovItemId="B31" CovItemPrefix="game.Game.java" Implct="false" Intrnl_Id="307">
<Cond/>
<LocList>
<Loc EndOffset="5061" SrcFileId="2" StartOffset="5048"/>
</LocList>
<StmntSeq Intrnl_Id="308">
<LocList>
<Loc EndOffset="5061" SrcFileId="2" StartOffset="5048"/>
</LocList>
<BasicStmnt CovItemId="S58" CovItemPrefix="game.Game.java" Intrnl_Id="309">
<LocList>
<Loc EndOffset="5061" SrcFileId="2" StartOffset="5048"/>
</LocList>
</BasicStmnt>
</StmntSeq>
</Branch>
<Branch CovItemId="B32" CovItemPrefix="game.Game.java" Implct="true" Intrnl_Id="310">
<Cond/>
<LocList/>
<StmntSeq Intrnl_Id="311">
<LocList/>
</StmntSeq>
</Branch>
<Keyword EndOffset="5018" SrcFileId="2" StartOffset="5016"/>
<LocList>
<Loc EndOffset="5061" SrcFileId="2" StartOffset="5016"/>
</LocList>
<RootTerm CovItemId="C11" CovItemPrefix="game.Game.java" Intrnl_Id="312">
<BasicBoolTerm Intrnl_Id="313">
<LocList>
<Loc EndOffset="5046" SrcFileId="2" StartOffset="5019"/>
</LocList>
</BasicBoolTerm>
</RootTerm>
</CondStmnt>
<CondStmnt CovItemId="S59" CovItemPrefix="game.Game.java" Intrnl_Id="314">
<Branch CovItemId="B33" CovItemPrefix="game.Game.java" Implct="false" Intrnl_Id="315">
<Cond>
<Loc EndOffset="5147" SrcFileId="2" StartOffset="5141"/>
</Cond>
<LocList>
<Loc EndOffset="5369" SrcFileId="2" StartOffset="5153"/>
</LocList>
<StmntSeq Intrnl_Id="316">
<LocList>
<Loc EndOffset="5358" SrcFileId="2" StartOffset="5153"/>
<Loc EndOffset="5369" SrcFileId="2" StartOffset="5363"/>
</LocList>
<CondStmnt CovItemId="S60" CovItemPrefix="game.Game.java" Intrnl_Id="317">
<Branch CovItemId="B34" CovItemPrefix="game.Game.java" Implct="false" Intrnl_Id="318">
<Cond/>
<LocList>
<Loc EndOffset="5358" SrcFileId="2" StartOffset="5294"/>
</LocList>
<StmntSeq Intrnl_Id="319">
<LocList>
<Loc EndOffset="5334" SrcFileId="2" StartOffset="5301"/>
<Loc EndOffset="5352" SrcFileId="2" StartOffset="5340"/>
</LocList>
<BasicStmnt CovItemId="S61" CovItemPrefix="game.Game.java" Intrnl_Id="320">
<LocList>
<Loc EndOffset="5334" SrcFileId="2" StartOffset="5301"/>
</LocList>
</BasicStmnt>
<BasicStmnt CovItemId="S62" CovItemPrefix="game.Game.java" Intrnl_Id="321">
<LocList>
<Loc EndOffset="5352" SrcFileId="2" StartOffset="5340"/>
</LocList>
</BasicStmnt>
</StmntSeq>
</Branch>
<Branch CovItemId="B35" CovItemPrefix="game.Game.java" Implct="true" Intrnl_Id="322">
<Cond/>
<LocList/>
<StmntSeq Intrnl_Id="323">
<LocList/>
</StmntSeq>
</Branch>
<Keyword EndOffset="5155" SrcFileId="2" StartOffset="5153"/>
<LocList>
<Loc EndOffset="5358" SrcFileId="2" StartOffset="5153"/>
</LocList>
<RootTerm CovItemId="C12" CovItemPrefix="game.Game.java" Intrnl_Id="324">
<OpTerm BooleanOpId="5" Intrnl_Id="325">
<OpTerm BooleanOpId="5" Intrnl_Id="326">
<BasicBoolTerm Intrnl_Id="327">
<LocList>
<Loc EndOffset="5186" SrcFileId="2" StartOffset="5157"/>
</LocList>
</BasicBoolTerm>
<BasicBoolTerm Intrnl_Id="328">
<LocList>
<Loc EndOffset="5260" SrcFileId="2" StartOffset="5190"/>
</LocList>
</BasicBoolTerm>
<LocList>
<Loc EndOffset="5189" SrcFileId="2" StartOffset="5187"/>
</LocList>
</OpTerm>
<BasicBoolTerm Intrnl_Id="329">
<LocList>
<Loc EndOffset="5292" SrcFileId="2" StartOffset="5264"/>
</LocList>
</BasicBoolTerm>
<LocList>
<Loc EndOffset="5263" SrcFileId="2" StartOffset="5261"/>
</LocList>
</OpTerm>
</RootTerm>
</CondStmnt>
<BasicStmnt CovItemId="S63" CovItemPrefix="game.Game.java" Intrnl_Id="330">
<LocList>
<Loc EndOffset="5369" SrcFileId="2" StartOffset="5363"/>
</LocList>
</BasicStmnt>
</StmntSeq>
</Branch>
<Branch CovItemId="B36" CovItemPrefix="game.Game.java" Implct="false" Intrnl_Id="331">
<Cond>
<Loc EndOffset="5379" SrcFileId="2" StartOffset="5373"/>
</Cond>
<LocList>
<Loc EndOffset="5601" SrcFileId="2" StartOffset="5385"/>
</LocList>
<StmntSeq Intrnl_Id="332">
<LocList>
<Loc EndOffset="5590" SrcFileId="2" StartOffset="5385"/>
<Loc EndOffset="5601" SrcFileId="2" StartOffset="5595"/>
</LocList>
<CondStmnt CovItemId="S64" CovItemPrefix="game.Game.java" Intrnl_Id="333">
<Branch CovItemId="B37" CovItemPrefix="game.Game.java" Implct="false" Intrnl_Id="334">
<Cond/>
<LocList>
<Loc EndOffset="5590" SrcFileId="2" StartOffset="5526"/>
</LocList>
<StmntSeq Intrnl_Id="335">
<LocList>
<Loc EndOffset="5566" SrcFileId="2" StartOffset="5533"/>
<Loc EndOffset="5584" SrcFileId="2" StartOffset="5572"/>
</LocList>
<BasicStmnt CovItemId="S65" CovItemPrefix="game.Game.java" Intrnl_Id="336">
<LocList>
<Loc EndOffset="5566" SrcFileId="2" StartOffset="5533"/>
</LocList>
</BasicStmnt>
<BasicStmnt CovItemId="S66" CovItemPrefix="game.Game.java" Intrnl_Id="337">
<LocList>
<Loc EndOffset="5584" SrcFileId="2" StartOffset="5572"/>
</LocList>
</BasicStmnt>
</StmntSeq>
</Branch>
<Branch CovItemId="B38" CovItemPrefix="game.Game.java" Implct="true" Intrnl_Id="338">
<Cond/>
<LocList/>
<StmntSeq Intrnl_Id="339">
<LocList/>
</StmntSeq>
</Branch>
<Keyword EndOffset="5387" SrcFileId="2" StartOffset="5385"/>
<LocList>
<Loc EndOffset="5590" SrcFileId="2" StartOffset="5385"/>
</LocList>
<RootTerm CovItemId="C13" CovItemPrefix="game.Game.java" Intrnl_Id="340">
<OpTerm BooleanOpId="5" Intrnl_Id="341">
<OpTerm BooleanOpId="5" Intrnl_Id="342">
<BasicBoolTerm Intrnl_Id="343">
<LocList>
<Loc EndOffset="5418" SrcFileId="2" StartOffset="5389"/>
</LocList>
</BasicBoolTerm>
<BasicBoolTerm Intrnl_Id="344">
<LocList>
<Loc EndOffset="5492" SrcFileId="2" StartOffset="5422"/>
</LocList>
</BasicBoolTerm>
<LocList>
<Loc EndOffset="5421" SrcFileId="2" StartOffset="5419"/>
</LocList>
</OpTerm>
<BasicBoolTerm Intrnl_Id="345">
<LocList>
<Loc EndOffset="5524" SrcFileId="2" StartOffset="5496"/>
</LocList>
</BasicBoolTerm>
<LocList>
<Loc EndOffset="5495" SrcFileId="2" StartOffset="5493"/>
</LocList>
</OpTerm>
</RootTerm>
</CondStmnt>
<BasicStmnt CovItemId="S67" CovItemPrefix="game.Game.java" Intrnl_Id="346">
<LocList>
<Loc EndOffset="5601" SrcFileId="2" StartOffset="5595"/>
</LocList>
</BasicStmnt>
</StmntSeq>
</Branch>
<Branch CovItemId="B39" CovItemPrefix="game.Game.java" Implct="false" Intrnl_Id="347">
<Cond>
<Loc EndOffset="5611" SrcFileId="2" StartOffset="5605"/>
</Cond>
<LocList>
<Loc EndOffset="5831" SrcFileId="2" StartOffset="5617"/>
</LocList>
<StmntSeq Intrnl_Id="348">
<LocList>
<Loc EndOffset="5820" SrcFileId="2" StartOffset="5617"/>
<Loc EndOffset="5831" SrcFileId="2" StartOffset="5825"/>
</LocList>
<CondStmnt CovItemId="S68" CovItemPrefix="game.Game.java" Intrnl_Id="349">
<Branch CovItemId="B40" CovItemPrefix="game.Game.java" Implct="false" Intrnl_Id="350">
<Cond/>
<LocList>
<Loc EndOffset="5820" SrcFileId="2" StartOffset="5756"/>
</LocList>
<StmntSeq Intrnl_Id="351">
<LocList>
<Loc EndOffset="5796" SrcFileId="2" StartOffset="5763"/>
<Loc EndOffset="5814" SrcFileId="2" StartOffset="5802"/>
</LocList>
<BasicStmnt CovItemId="S69" CovItemPrefix="game.Game.java" Intrnl_Id="352">
<LocList>
<Loc EndOffset="5796" SrcFileId="2" StartOffset="5763"/>
</LocList>
</BasicStmnt>
<BasicStmnt CovItemId="S70" CovItemPrefix="game.Game.java" Intrnl_Id="353">
<LocList>
<Loc EndOffset="5814" SrcFileId="2" StartOffset="5802"/>
</LocList>
</BasicStmnt>
</StmntSeq>
</Branch>
<Branch CovItemId="B41" CovItemPrefix="game.Game.java" Implct="true" Intrnl_Id="354">
<Cond/>
<LocList/>
<StmntSeq Intrnl_Id="355">
<LocList/>
</StmntSeq>
</Branch>
<Keyword EndOffset="5619" SrcFileId="2" StartOffset="5617"/>
<LocList>
<Loc EndOffset="5820" SrcFileId="2" StartOffset="5617"/>
</LocList>
<RootTerm CovItemId="C14" CovItemPrefix="game.Game.java" Intrnl_Id="356">
<OpTerm BooleanOpId="5" Intrnl_Id="357">
<OpTerm BooleanOpId="5" Intrnl_Id="358">
<BasicBoolTerm Intrnl_Id="359">
<LocList>
<Loc EndOffset="5649" SrcFileId="2" StartOffset="5620"/>
</LocList>
</BasicBoolTerm>
<BasicBoolTerm Intrnl_Id="360">
<LocList>
<Loc EndOffset="5723" SrcFileId="2" StartOffset="5653"/>
</LocList>
</BasicBoolTerm>
<LocList>
<Loc EndOffset="5652" SrcFileId="2" StartOffset="5650"/>
</LocList>
</OpTerm>
<BasicBoolTerm Intrnl_Id="361">
<LocList>
<Loc EndOffset="5755" SrcFileId="2" StartOffset="5727"/>
</LocList>
</BasicBoolTerm>
<LocList>
<Loc EndOffset="5726" SrcFileId="2" StartOffset="5724"/>
</LocList>
</OpTerm>
</RootTerm>
</CondStmnt>
<BasicStmnt CovItemId="S71" CovItemPrefix="game.Game.java" Intrnl_Id="362">
<LocList>
<Loc EndOffset="5831" SrcFileId="2" StartOffset="5825"/>
</LocList>
</BasicStmnt>
</StmntSeq>
</Branch>
<Branch CovItemId="B42" CovItemPrefix="game.Game.java" Implct="false" Intrnl_Id="363">
<Cond>
<Loc EndOffset="5841" SrcFileId="2" StartOffset="5835"/>
</Cond>
<LocList>
<Loc EndOffset="6063" SrcFileId="2" StartOffset="5847"/>
</LocList>
<StmntSeq Intrnl_Id="364">
<LocList>
<Loc EndOffset="6052" SrcFileId="2" StartOffset="5847"/>
<Loc EndOffset="6063" SrcFileId="2" StartOffset="6057"/>
</LocList>
<CondStmnt CovItemId="S72" CovItemPrefix="game.Game.java" Intrnl_Id="365">
<Branch CovItemId="B43" CovItemPrefix="game.Game.java" Implct="false" Intrnl_Id="366">
<Cond/>
<LocList>
<Loc EndOffset="6052" SrcFileId="2" StartOffset="5988"/>
</LocList>
<StmntSeq Intrnl_Id="367">
<LocList>
<Loc EndOffset="6028" SrcFileId="2" StartOffset="5995"/>
<Loc EndOffset="6046" SrcFileId="2" StartOffset="6034"/>
</LocList>
<BasicStmnt CovItemId="S73" CovItemPrefix="game.Game.java" Intrnl_Id="368">
<LocList>
<Loc EndOffset="6028" SrcFileId="2" StartOffset="5995"/>
</LocList>
</BasicStmnt>
<BasicStmnt CovItemId="S74" CovItemPrefix="game.Game.java" Intrnl_Id="369">
<LocList>
<Loc EndOffset="6046" SrcFileId="2" StartOffset="6034"/>
</LocList>
</BasicStmnt>
</StmntSeq>
</Branch>
<Branch CovItemId="B44" CovItemPrefix="game.Game.java" Implct="true" Intrnl_Id="370">
<Cond/>
<LocList/>
<StmntSeq Intrnl_Id="371">
<LocList/>
</StmntSeq>
</Branch>
<Keyword EndOffset="5849" SrcFileId="2" StartOffset="5847"/>
<LocList>
<Loc EndOffset="6052" SrcFileId="2" StartOffset="5847"/>
</LocList>
<RootTerm CovItemId="C15" CovItemPrefix="game.Game.java" Intrnl_Id="372">
<OpTerm BooleanOpId="5" Intrnl_Id="373">
<OpTerm BooleanOpId="5" Intrnl_Id="374">
<BasicBoolTerm Intrnl_Id="375">
<LocList>
<Loc EndOffset="5880" SrcFileId="2" StartOffset="5851"/>
</LocList>
</BasicBoolTerm>
<BasicBoolTerm Intrnl_Id="376">
<LocList>
<Loc EndOffset="5954" SrcFileId="2" StartOffset="5884"/>
</LocList>
</BasicBoolTerm>
<LocList>
<Loc EndOffset="5883" SrcFileId="2" StartOffset="5881"/>
</LocList>
</OpTerm>
<BasicBoolTerm Intrnl_Id="377">
<LocList>
<Loc EndOffset="5986" SrcFileId="2" StartOffset="5958"/>
</LocList>
</BasicBoolTerm>
<LocList>
<Loc EndOffset="5957" SrcFileId="2" StartOffset="5955"/>
</LocList>
</OpTerm>
</RootTerm>
</CondStmnt>
<BasicStmnt CovItemId="S75" CovItemPrefix="game.Game.java" Intrnl_Id="378">
<LocList>
<Loc EndOffset="6063" SrcFileId="2" StartOffset="6057"/>
</LocList>
</BasicStmnt>
</StmntSeq>
</Branch>
<Branch CovItemId="B45" CovItemPrefix="game.Game.java" Implct="true" Intrnl_Id="379">
<Cond/>
<LocList/>
<StmntSeq Intrnl_Id="380">
<LocList/>
</StmntSeq>
</Branch>
<Keyword EndOffset="5125" SrcFileId="2" StartOffset="5119"/>
<LocList>
<Loc EndOffset="6068" SrcFileId="2" StartOffset="5119"/>
</LocList>
</CondStmnt>
<BasicStmnt CovItemId="S76" CovItemPrefix="game.Game.java" Intrnl_Id="381">
<LocList>
<Loc EndOffset="6085" SrcFileId="2" StartOffset="6072"/>
</LocList>
</BasicStmnt>
</StmntSeq>
</HierarchyLvl>
</HierarchyLvl>
<HierarchyLvl HierarchyLvlId="50" HierarchyLvlTypeId="9" Intrnl_Id="382" Name="GUI">
<Header>
<Loc EndOffset="607" SrcFileId="3" StartOffset="591"/>
</Header>
<LocList>
<Loc EndOffset="11534" SrcFileId="3" StartOffset="591"/>
<Loc EndOffset="16832" SrcFileId="3" StartOffset="16827"/>
<Loc EndOffset="17358" SrcFileId="3" StartOffset="17353"/>
<Loc EndOffset="17588" SrcFileId="3" StartOffset="17583"/>
<Loc EndOffset="18452" SrcFileId="3" StartOffset="18446"/>
<Loc EndOffset="20875" SrcFileId="3" StartOffset="20872"/>
</LocList>
<StmntSeq Intrnl_Id="383">
<LocList>
<Loc EndOffset="766" SrcFileId="3" StartOffset="725"/>
</LocList>
<BasicStmnt CovItemId="S1" CovItemPrefix="game.GUI.java" Intrnl_Id="384">
<LocList>
<Loc EndOffset="766" SrcFileId="3" StartOffset="725"/>
</LocList>
</BasicStmnt>
</StmntSeq>
<HierarchyLvl HierarchyLvlId="24" HierarchyLvlTypeId="8" Intrnl_Id="385" Name="GUI">
<Header>
<Loc EndOffset="821" SrcFileId="3" StartOffset="809"/>
</Header>
<LocList>
<Loc EndOffset="1201" SrcFileId="3" StartOffset="809"/>
</LocList>
<StmntSeq Intrnl_Id="386">
<LocList>
<Loc EndOffset="852" SrcFileId="3" StartOffset="827"/>
<Loc EndOffset="881" SrcFileId="3" StartOffset="856"/>
<Loc EndOffset="908" SrcFileId="3" StartOffset="885"/>
<Loc EndOffset="952" SrcFileId="3" StartOffset="912"/>
<Loc EndOffset="1000" SrcFileId="3" StartOffset="956"/>
<Loc EndOffset="1040" SrcFileId="3" StartOffset="1004"/>
<Loc EndOffset="1081" SrcFileId="3" StartOffset="1044"/>
<Loc EndOffset="1130" SrcFileId="3" StartOffset="1085"/>
<Loc EndOffset="1195" SrcFileId="3" StartOffset="1134"/>
</LocList>
<BasicStmnt CovItemId="S2" CovItemPrefix="game.GUI.java" Intrnl_Id="387">
<LocList>
<Loc EndOffset="852" SrcFileId="3" StartOffset="827"/>
</LocList>
</BasicStmnt>
<BasicStmnt CovItemId="S3" CovItemPrefix="game.GUI.java" Intrnl_Id="388">
<LocList>
<Loc EndOffset="881" SrcFileId="3" StartOffset="856"/>
</LocList>
</BasicStmnt>
<BasicStmnt CovItemId="S4" CovItemPrefix="game.GUI.java" Intrnl_Id="389">
<LocList>
<Loc EndOffset="908" SrcFileId="3" StartOffset="885"/>
</LocList>
</BasicStmnt>
<BasicStmnt CovItemId="S5" CovItemPrefix="game.GUI.java" Intrnl_Id="390">
<LocList>
<Loc EndOffset="952" SrcFileId="3" StartOffset="912"/>
</LocList>
</BasicStmnt>
<BasicStmnt CovItemId="S6" CovItemPrefix="game.GUI.java" Intrnl_Id="391">
<LocList>
<Loc EndOffset="1000" SrcFileId="3" StartOffset="956"/>
</LocList>
</BasicStmnt>
<BasicStmnt CovItemId="S7" CovItemPrefix="game.GUI.java" Intrnl_Id="392">
<LocList>
<Loc EndOffset="1040" SrcFileId="3" StartOffset="1004"/>
</LocList>
</BasicStmnt>
<BasicStmnt CovItemId="S8" CovItemPrefix="game.GUI.java" Intrnl_Id="393">
<LocList>
<Loc EndOffset="1081" SrcFileId="3" StartOffset="1044"/>
</LocList>
</BasicStmnt>
<BasicStmnt CovItemId="S9" CovItemPrefix="game.GUI.java" Intrnl_Id="394">
<LocList>
<Loc EndOffset="1130" SrcFileId="3" StartOffset="1085"/>
</LocList>
</BasicStmnt>
<BasicStmnt CovItemId="S10" CovItemPrefix="game.GUI.java" Intrnl_Id="395">
<LocList>
<Loc EndOffset="1195" SrcFileId="3" StartOffset="1134"/>
</LocList>
</BasicStmnt>
</StmntSeq>
</HierarchyLvl>
<HierarchyLvl HierarchyLvlId="25" HierarchyLvlTypeId="8" Intrnl_Id="396" Name="main">
<Header>
<Loc EndOffset="1244" SrcFileId="3" StartOffset="1206"/>
</Header>
<LocList>
<Loc EndOffset="2708" SrcFileId="3" StartOffset="1206"/>
</LocList>
<StmntSeq Intrnl_Id="397">
<LocList>
<Loc EndOffset="1268" SrcFileId="3" StartOffset="1250"/>
<Loc EndOffset="1431" SrcFileId="3" StartOffset="1334"/>
<Loc EndOffset="1485" SrcFileId="3" StartOffset="1435"/>
<Loc EndOffset="1518" SrcFileId="3" StartOffset="1489"/>
<Loc EndOffset="1545" SrcFileId="3" StartOffset="1522"/>
<Loc EndOffset="1636" SrcFileId="3" StartOffset="1598"/>
<Loc EndOffset="1671" SrcFileId="3" StartOffset="1640"/>
<Loc EndOffset="1709" SrcFileId="3" StartOffset="1675"/>
<Loc EndOffset="1756" SrcFileId="3" StartOffset="1713"/>
<Loc EndOffset="1822" SrcFileId="3" StartOffset="1760"/>
<Loc EndOffset="1916" SrcFileId="3" StartOffset="1826"/>
<Loc EndOffset="1945" SrcFileId="3" StartOffset="1920"/>
<Loc EndOffset="1980" SrcFileId="3" StartOffset="1949"/>
<Loc EndOffset="2090" SrcFileId="3" StartOffset="2033"/>
<Loc EndOffset="2183" SrcFileId="3" StartOffset="2144"/>
<Loc EndOffset="2219" SrcFileId="3" StartOffset="2187"/>
<Loc EndOffset="2259" SrcFileId="3" StartOffset="2223"/>
<Loc EndOffset="2308" SrcFileId="3" StartOffset="2263"/>
<Loc EndOffset="2376" SrcFileId="3" StartOffset="2312"/>
<Loc EndOffset="2476" SrcFileId="3" StartOffset="2380"/>
<Loc EndOffset="2506" SrcFileId="3" StartOffset="2480"/>
<Loc EndOffset="2542" SrcFileId="3" StartOffset="2510"/>
<Loc EndOffset="2659" SrcFileId="3" StartOffset="2600"/>
<Loc EndOffset="2704" SrcFileId="3" StartOffset="2665"/>
</LocList>
<BasicStmnt CovItemId="S11" CovItemPrefix="game.GUI.java" Intrnl_Id="398">
<LocList>
<Loc EndOffset="1268" SrcFileId="3" StartOffset="1250"/>
</LocList>
</BasicStmnt>
<BasicStmnt CovItemId="S12" CovItemPrefix="game.GUI.java" Intrnl_Id="399">
<LocList>
<Loc EndOffset="1431" SrcFileId="3" StartOffset="1334"/>
</LocList>
</BasicStmnt>
<BasicStmnt CovItemId="S13" CovItemPrefix="game.GUI.java" Intrnl_Id="400">
<LocList>
<Loc EndOffset="1485" SrcFileId="3" StartOffset="1435"/>
</LocList>
</BasicStmnt>
<BasicStmnt CovItemId="S14" CovItemPrefix="game.GUI.java" Intrnl_Id="401">
<LocList>
<Loc EndOffset="1518" SrcFileId="3" StartOffset="1489"/>
</LocList>
</BasicStmnt>
<BasicStmnt CovItemId="S15" CovItemPrefix="game.GUI.java" Intrnl_Id="402">
<LocList>
<Loc EndOffset="1545" SrcFileId="3" StartOffset="1522"/>
</LocList>
</BasicStmnt>
<BasicStmnt CovItemId="S16" CovItemPrefix="game.GUI.java" Intrnl_Id="403">
<LocList>
<Loc EndOffset="1636" SrcFileId="3" StartOffset="1598"/>
</LocList>
</BasicStmnt>
<BasicStmnt CovItemId="S17" CovItemPrefix="game.GUI.java" Intrnl_Id="404">
<LocList>
<Loc EndOffset="1671" SrcFileId="3" StartOffset="1640"/>
</LocList>
</BasicStmnt>
<BasicStmnt CovItemId="S18" CovItemPrefix="game.GUI.java" Intrnl_Id="405">
<LocList>
<Loc EndOffset="1709" SrcFileId="3" StartOffset="1675"/>
</LocList>
</BasicStmnt>
<BasicStmnt CovItemId="S19" CovItemPrefix="game.GUI.java" Intrnl_Id="406">
<LocList>
<Loc EndOffset="1756" SrcFileId="3" StartOffset="1713"/>
</LocList>
</BasicStmnt>
<BasicStmnt CovItemId="S20" CovItemPrefix="game.GUI.java" Intrnl_Id="407">
<LocList>
<Loc EndOffset="1822" SrcFileId="3" StartOffset="1760"/>
</LocList>
</BasicStmnt>
<BasicStmnt CovItemId="S21" CovItemPrefix="game.GUI.java" Intrnl_Id="408">
<LocList>
<Loc EndOffset="1916" SrcFileId="3" StartOffset="1826"/>
</LocList>
</BasicStmnt>
<BasicStmnt CovItemId="S22" CovItemPrefix="game.GUI.java" Intrnl_Id="409">
<LocList>
<Loc EndOffset="1945" SrcFileId="3" StartOffset="1920"/>
</LocList>
</BasicStmnt>
<BasicStmnt CovItemId="S23" CovItemPrefix="game.GUI.java" Intrnl_Id="410">
<LocList>
<Loc EndOffset="1980" SrcFileId="3" StartOffset="1949"/>
</LocList>
</BasicStmnt>
<BasicStmnt CovItemId="S24" CovItemPrefix="game.GUI.java" Intrnl_Id="411">
<LocList>
<Loc EndOffset="2090" SrcFileId="3" StartOffset="2033"/>
</LocList>
</BasicStmnt>
<BasicStmnt CovItemId="S25" CovItemPrefix="game.GUI.java" Intrnl_Id="412">
<LocList>
<Loc EndOffset="2183" SrcFileId="3" StartOffset="2144"/>
</LocList>
</BasicStmnt>
<BasicStmnt CovItemId="S26" CovItemPrefix="game.GUI.java" Intrnl_Id="413">
<LocList>
<Loc EndOffset="2219" SrcFileId="3" StartOffset="2187"/>
</LocList>
</BasicStmnt>
<BasicStmnt CovItemId="S27" CovItemPrefix="game.GUI.java" Intrnl_Id="414">
<LocList>
<Loc EndOffset="2259" SrcFileId="3" StartOffset="2223"/>
</LocList>
</BasicStmnt>
<BasicStmnt CovItemId="S28" CovItemPrefix="game.GUI.java" Intrnl_Id="415">
<LocList>
<Loc EndOffset="2308" SrcFileId="3" StartOffset="2263"/>
</LocList>
</BasicStmnt>
<BasicStmnt CovItemId="S29" CovItemPrefix="game.GUI.java" Intrnl_Id="416">
<LocList>
<Loc EndOffset="2376" SrcFileId="3" StartOffset="2312"/>
</LocList>
</BasicStmnt>
<BasicStmnt CovItemId="S30" CovItemPrefix="game.GUI.java" Intrnl_Id="417">
<LocList>
<Loc EndOffset="2476" SrcFileId="3" StartOffset="2380"/>
</LocList>
</BasicStmnt>
<BasicStmnt CovItemId="S31" CovItemPrefix="game.GUI.java" Intrnl_Id="418">
<LocList>
<Loc EndOffset="2506" SrcFileId="3" StartOffset="2480"/>
</LocList>
</BasicStmnt>
<BasicStmnt CovItemId="S32" CovItemPrefix="game.GUI.java" Intrnl_Id="419">
<LocList>
<Loc EndOffset="2542" SrcFileId="3" StartOffset="2510"/>
</LocList>
</BasicStmnt>
<BasicStmnt CovItemId="S33" CovItemPrefix="game.GUI.java" Intrnl_Id="420">
<LocList>
<Loc EndOffset="2659" SrcFileId="3" StartOffset="2600"/>
</LocList>
</BasicStmnt>
<BasicStmnt CovItemId="S34" CovItemPrefix="game.GUI.java" Intrnl_Id="421">
<LocList>
<Loc EndOffset="2704" SrcFileId="3" StartOffset="2665"/>
</LocList>
</BasicStmnt>
</StmntSeq>
</HierarchyLvl>
<HierarchyLvl HierarchyLvlId="26" HierarchyLvlTypeId="8" Intrnl_Id="422" Name="getP1name">
<Header>
<Loc EndOffset="2738" SrcFileId="3" StartOffset="2713"/>
</Header>
<LocList>
<Loc EndOffset="2762" SrcFileId="3" StartOffset="2713"/>
</LocList>
<StmntSeq Intrnl_Id="423">
<LocList>
<Loc EndOffset="2758" SrcFileId="3" StartOffset="2744"/>
</LocList>
<BasicStmnt CovItemId="S35" CovItemPrefix="game.GUI.java" Intrnl_Id="424">
<LocList>
<Loc EndOffset="2758" SrcFileId="3" StartOffset="2744"/>
</LocList>
</BasicStmnt>
</StmntSeq>
</HierarchyLvl>
<HierarchyLvl HierarchyLvlId="27" HierarchyLvlTypeId="8" Intrnl_Id="425" Name="setP1name">
<Header>
<Loc EndOffset="2803" SrcFileId="3" StartOffset="2767"/>
</Header>
<LocList>
<Loc EndOffset="2834" SrcFileId="3" StartOffset="2767"/>
</LocList>
<StmntSeq Intrnl_Id="426">
<LocList>
<Loc EndOffset="2830" SrcFileId="3" StartOffset="2809"/>
</LocList>
<BasicStmnt CovItemId="S36" CovItemPrefix="game.GUI.java" Intrnl_Id="427">
<LocList>
<Loc EndOffset="2830" SrcFileId="3" StartOffset="2809"/>
</LocList>
</BasicStmnt>
</StmntSeq>
</HierarchyLvl>
<HierarchyLvl HierarchyLvlId="28" HierarchyLvlTypeId="8" Intrnl_Id="428" Name="getP2name">
<Header>
<Loc EndOffset="2864" SrcFileId="3" StartOffset="2839"/>
</Header>
<LocList>
<Loc EndOffset="2888" SrcFileId="3" StartOffset="2839"/>
</LocList>
<StmntSeq Intrnl_Id="429">
<LocList>
<Loc EndOffset="2884" SrcFileId="3" StartOffset="2870"/>
</LocList>
<BasicStmnt CovItemId="S37" CovItemPrefix="game.GUI.java" Intrnl_Id="430">
<LocList>
<Loc EndOffset="2884" SrcFileId="3" StartOffset="2870"/>
</LocList>
</BasicStmnt>
</StmntSeq>
</HierarchyLvl>
<HierarchyLvl HierarchyLvlId="29" HierarchyLvlTypeId="8" Intrnl_Id="431" Name="setP2name">
<Header>
<Loc EndOffset="2929" SrcFileId="3" StartOffset="2893"/>
</Header>
<LocList>
<Loc EndOffset="2960" SrcFileId="3" StartOffset="2893"/>
</LocList>
<StmntSeq Intrnl_Id="432">
<LocList>
<Loc EndOffset="2956" SrcFileId="3" StartOffset="2935"/>
</LocList>
<BasicStmnt CovItemId="S38" CovItemPrefix="game.GUI.java" Intrnl_Id="433">
<LocList>
<Loc EndOffset="2956" SrcFileId="3" StartOffset="2935"/>
</LocList>
</BasicStmnt>
</StmntSeq>
</HierarchyLvl>
<HierarchyLvl HierarchyLvlId="30" HierarchyLvlTypeId="8" Intrnl_Id="434" Name="getActiveFrames">
<Header>
<Loc EndOffset="3007" SrcFileId="3" StartOffset="2965"/>
</Header>
<LocList>
<Loc EndOffset="3037" SrcFileId="3" StartOffset="2965"/>
</LocList>
<StmntSeq Intrnl_Id="435">
<LocList>
<Loc EndOffset="3033" SrcFileId="3" StartOffset="3013"/>
</LocList>
<BasicStmnt CovItemId="S39" CovItemPrefix="game.GUI.java" Intrnl_Id="436">
<LocList>
<Loc EndOffset="3033" SrcFileId="3" StartOffset="3013"/>
</LocList>
</BasicStmnt>
</StmntSeq>
</HierarchyLvl>
<HierarchyLvl HierarchyLvlId="31" HierarchyLvlTypeId="8" Intrnl_Id="437" Name="setActiveFrames">
<Header>
<Loc EndOffset="3095" SrcFileId="3" StartOffset="3042"/>
</Header>
<LocList>
<Loc EndOffset="3132" SrcFileId="3" StartOffset="3042"/>
</LocList>
<StmntSeq Intrnl_Id="438">
<LocList>
<Loc EndOffset="3128" SrcFileId="3" StartOffset="3101"/>
</LocList>
<BasicStmnt CovItemId="S40" CovItemPrefix="game.GUI.java" Intrnl_Id="439">
<LocList>
<Loc EndOffset="3128" SrcFileId="3" StartOffset="3101"/>
</LocList>
</BasicStmnt>
</StmntSeq>
</HierarchyLvl>
<HierarchyLvl HierarchyLvlId="32" HierarchyLvlTypeId="8" Intrnl_Id="440" Name="renderInitialBoard">
<Header>
<Loc EndOffset="3170" SrcFileId="3" StartOffset="3137"/>
</Header>
<LocList>
<Loc EndOffset="9014" SrcFileId="3" StartOffset="3137"/>
</LocList>
<StmntSeq Intrnl_Id="441">
<LocList>
<Loc EndOffset="3237" SrcFileId="3" StartOffset="3176"/>
<Loc EndOffset="9010" SrcFileId="3" StartOffset="3241"/>
</LocList>
<BasicStmnt CovItemId="S41" CovItemPrefix="game.GUI.java" Intrnl_Id="442">
<LocList>
<Loc EndOffset="3237" SrcFileId="3" StartOffset="3176"/>
</LocList>
</BasicStmnt>
<LoopStmnt CovItemId="S42" CovItemPrefix="game.GUI.java" Intrnl_Id="443" MltplExecId="L1-2" MltplExecPrefix="game.GUI.java" NvrExecId="L1-0" NvrExecPrefix="game.GUI.java" OnceExecutedId="L1-1" OnceExecutedPrefix="game.GUI.java" OptBodyExec="true">
<StmntSeq Intrnl_Id="444">
<LocList>
<Loc EndOffset="9005" SrcFileId="3" StartOffset="3281"/>
</LocList>
<LoopStmnt CovItemId="S43" CovItemPrefix="game.GUI.java" Intrnl_Id="445" MltplExecId="L2-2" MltplExecPrefix="game.GUI.java" NvrExecId="L2-0" NvrExecPrefix="game.GUI.java" OnceExecutedId="L2-1" OnceExecutedPrefix="game.GUI.java" OptBodyExec="true">
<StmntSeq Intrnl_Id="446">
<LocList>
<Loc EndOffset="3364" SrcFileId="3" StartOffset="3331"/>
<Loc EndOffset="8999" SrcFileId="3" StartOffset="3370"/>
</LocList>
<BasicStmnt CovItemId="S44" CovItemPrefix="game.GUI.java" Intrnl_Id="447">
<LocList>
<Loc EndOffset="3364" SrcFileId="3" StartOffset="3331"/>
</LocList>
</BasicStmnt>
<CondStmnt CovItemId="S45" CovItemPrefix="game.GUI.java" Intrnl_Id="448">
<Branch CovItemId="B1" CovItemPrefix="game.GUI.java" Implct="false" Intrnl_Id="449">
<Cond>
<Loc EndOffset="3396" SrcFileId="3" StartOffset="3388"/>
</Cond>
<LocList>
<Loc EndOffset="3895" SrcFileId="3" StartOffset="3404"/>
</LocList>
<StmntSeq Intrnl_Id="450">
<LocList>
<Loc EndOffset="3529" SrcFileId="3" StartOffset="3404"/>
<Loc EndOffset="3580" SrcFileId="3" StartOffset="3536"/>
<Loc EndOffset="3618" SrcFileId="3" StartOffset="3587"/>
<Loc EndOffset="3662" SrcFileId="3" StartOffset="3625"/>
<Loc EndOffset="3781" SrcFileId="3" StartOffset="3669"/>
<Loc EndOffset="3824" SrcFileId="3" StartOffset="3788"/>
<Loc EndOffset="3882" SrcFileId="3" StartOffset="3831"/>
<Loc EndOffset="3895" SrcFileId="3" StartOffset="3889"/>
</LocList>
<BasicStmnt CovItemId="S46" CovItemPrefix="game.GUI.java" Intrnl_Id="451">
<LocList>
<Loc EndOffset="3529" SrcFileId="3" StartOffset="3404"/>
</LocList>
</BasicStmnt>
<BasicStmnt CovItemId="S47" CovItemPrefix="game.GUI.java" Intrnl_Id="452">
<LocList>
<Loc EndOffset="3580" SrcFileId="3" StartOffset="3536"/>
</LocList>
</BasicStmnt>
<BasicStmnt CovItemId="S48" CovItemPrefix="game.GUI.java" Intrnl_Id="453">
<LocList>
<Loc EndOffset="3618" SrcFileId="3" StartOffset="3587"/>
</LocList>
</BasicStmnt>
<BasicStmnt CovItemId="S49" CovItemPrefix="game.GUI.java" Intrnl_Id="454">
<LocList>
<Loc EndOffset="3662" SrcFileId="3" StartOffset="3625"/>
</LocList>
</BasicStmnt>
<BasicStmnt CovItemId="S50" CovItemPrefix="game.GUI.java" Intrnl_Id="455">
<LocList>
<Loc EndOffset="3781" SrcFileId="3" StartOffset="3669"/>
</LocList>
</BasicStmnt>
<BasicStmnt CovItemId="S51" CovItemPrefix="game.GUI.java" Intrnl_Id="456">
<LocList>
<Loc EndOffset="3824" SrcFileId="3" StartOffset="3788"/>
</LocList>
</BasicStmnt>
<BasicStmnt CovItemId="S52" CovItemPrefix="game.GUI.java" Intrnl_Id="457">
<LocList>
<Loc EndOffset="3882" SrcFileId="3" StartOffset="3831"/>
</LocList>
</BasicStmnt>
<BasicStmnt CovItemId="S53" CovItemPrefix="game.GUI.java" Intrnl_Id="458">
<LocList>
<Loc EndOffset="3895" SrcFileId="3" StartOffset="3889"/>
</LocList>
</BasicStmnt>
</StmntSeq>
</Branch>
<Branch CovItemId="B2" CovItemPrefix="game.GUI.java" Implct="false" Intrnl_Id="459">
<Cond>
<Loc EndOffset="3909" SrcFileId="3" StartOffset="3901"/>
</Cond>
<LocList>
<Loc EndOffset="4358" SrcFileId="3" StartOffset="3917"/>
</LocList>
<StmntSeq Intrnl_Id="460">
<LocList>
<Loc EndOffset="4025" SrcFileId="3" StartOffset="3917"/>
<Loc EndOffset="4073" SrcFileId="3" StartOffset="4032"/>
<Loc EndOffset="4108" SrcFileId="3" StartOffset="4080"/>
<Loc EndOffset="4149" SrcFileId="3" StartOffset="4115"/>
<Loc EndOffset="4250" SrcFileId="3" StartOffset="4156"/>
<Loc EndOffset="4290" SrcFileId="3" StartOffset="4257"/>
<Loc EndOffset="4345" SrcFileId="3" StartOffset="4297"/>
<Loc EndOffset="4358" SrcFileId="3" StartOffset="4352"/>
</LocList>
<BasicStmnt CovItemId="S54" CovItemPrefix="game.GUI.java" Intrnl_Id="461">
<LocList>
<Loc EndOffset="4025" SrcFileId="3" StartOffset="3917"/>
</LocList>
</BasicStmnt>
<BasicStmnt CovItemId="S55" CovItemPrefix="game.GUI.java" Intrnl_Id="462">
<LocList>
<Loc EndOffset="4073" SrcFileId="3" StartOffset="4032"/>
</LocList>
</BasicStmnt>
<BasicStmnt CovItemId="S56" CovItemPrefix="game.GUI.java" Intrnl_Id="463">
<LocList>
<Loc EndOffset="4108" SrcFileId="3" StartOffset="4080"/>
</LocList>
</BasicStmnt>
<BasicStmnt CovItemId="S57" CovItemPrefix="game.GUI.java" Intrnl_Id="464">
<LocList>
<Loc EndOffset="4149" SrcFileId="3" StartOffset="4115"/>
</LocList>
</BasicStmnt>
<BasicStmnt CovItemId="S58" CovItemPrefix="game.GUI.java" Intrnl_Id="465">
<LocList>
<Loc EndOffset="4250" SrcFileId="3" StartOffset="4156"/>
</LocList>
</BasicStmnt>
<BasicStmnt CovItemId="S59" CovItemPrefix="game.GUI.java" Intrnl_Id="466">
<LocList>
<Loc EndOffset="4290" SrcFileId="3" StartOffset="4257"/>
</LocList>
</BasicStmnt>
<BasicStmnt CovItemId="S60" CovItemPrefix="game.GUI.java" Intrnl_Id="467">
<LocList>
<Loc EndOffset="4345" SrcFileId="3" StartOffset="4297"/>
</LocList>
</BasicStmnt>
<BasicStmnt CovItemId="S61" CovItemPrefix="game.GUI.java" Intrnl_Id="468">
<LocList>
<Loc EndOffset="4358" SrcFileId="3" StartOffset="4352"/>
</LocList>
</BasicStmnt>
</StmntSeq>
</Branch>
<Branch CovItemId="B3" CovItemPrefix="game.GUI.java" Implct="false" Intrnl_Id="469">
<Cond>
<Loc EndOffset="4372" SrcFileId="3" StartOffset="4364"/>
</Cond>
<LocList>
<Loc EndOffset="4821" SrcFileId="3" StartOffset="4380"/>
</LocList>
<StmntSeq Intrnl_Id="470">
<LocList>
<Loc EndOffset="4488" SrcFileId="3" StartOffset="4380"/>
<Loc EndOffset="4536" SrcFileId="3" StartOffset="4495"/>
<Loc EndOffset="4571" SrcFileId="3" StartOffset="4543"/>
<Loc EndOffset="4612" SrcFileId="3" StartOffset="4578"/>
<Loc EndOffset="4713" SrcFileId="3" StartOffset="4619"/>
<Loc EndOffset="4753" SrcFileId="3" StartOffset="4720"/>
<Loc EndOffset="4808" SrcFileId="3" StartOffset="4760"/>
<Loc EndOffset="4821" SrcFileId="3" StartOffset="4815"/>
</LocList>
<BasicStmnt CovItemId="S62" CovItemPrefix="game.GUI.java" Intrnl_Id="471">
<LocList>
<Loc EndOffset="4488" SrcFileId="3" StartOffset="4380"/>
</LocList>
</BasicStmnt>
<BasicStmnt CovItemId="S63" CovItemPrefix="game.GUI.java" Intrnl_Id="472">
<LocList>
<Loc EndOffset="4536" SrcFileId="3" StartOffset="4495"/>
</LocList>
</BasicStmnt>
<BasicStmnt CovItemId="S64" CovItemPrefix="game.GUI.java" Intrnl_Id="473">
<LocList>
<Loc EndOffset="4571" SrcFileId="3" StartOffset="4543"/>
</LocList>
</BasicStmnt>
<BasicStmnt CovItemId="S65" CovItemPrefix="game.GUI.java" Intrnl_Id="474">
<LocList>
<Loc EndOffset="4612" SrcFileId="3" StartOffset="4578"/>
</LocList>
</BasicStmnt>
<BasicStmnt CovItemId="S66" CovItemPrefix="game.GUI.java" Intrnl_Id="475">
<LocList>
<Loc EndOffset="4713" SrcFileId="3" StartOffset="4619"/>
</LocList>
</BasicStmnt>
<BasicStmnt CovItemId="S67" CovItemPrefix="game.GUI.java" Intrnl_Id="476">
<LocList>
<Loc EndOffset="4753" SrcFileId="3" StartOffset="4720"/>
</LocList>
</BasicStmnt>
<BasicStmnt CovItemId="S68" CovItemPrefix="game.GUI.java" Intrnl_Id="477">
<LocList>
<Loc EndOffset="4808" SrcFileId="3" StartOffset="4760"/>
</LocList>
</BasicStmnt>
<BasicStmnt CovItemId="S69" CovItemPrefix="game.GUI.java" Intrnl_Id="478">
<LocList>
<Loc EndOffset="4821" SrcFileId="3" StartOffset="4815"/>
</LocList>
</BasicStmnt>
</StmntSeq>
</Branch>
<Branch CovItemId="B4" CovItemPrefix="game.GUI.java" Implct="false" Intrnl_Id="479">
<Cond>
<Loc EndOffset="4835" SrcFileId="3" StartOffset="4827"/>
</Cond>
<LocList>
<Loc EndOffset="5264" SrcFileId="3" StartOffset="4843"/>
</LocList>
<StmntSeq Intrnl_Id="480">
<LocList>
<Loc EndOffset="4947" SrcFileId="3" StartOffset="4843"/>
<Loc EndOffset="4993" SrcFileId="3" StartOffset="4954"/>
<Loc EndOffset="5026" SrcFileId="3" StartOffset="5000"/>
<Loc EndOffset="5065" SrcFileId="3" StartOffset="5033"/>
<Loc EndOffset="5160" SrcFileId="3" StartOffset="5072"/>
<Loc EndOffset="5198" SrcFileId="3" StartOffset="5167"/>
<Loc EndOffset="5251" SrcFileId="3" StartOffset="5205"/>
<Loc EndOffset="5264" SrcFileId="3" StartOffset="5258"/>
</LocList>
<BasicStmnt CovItemId="S70" CovItemPrefix="game.GUI.java" Intrnl_Id="481">
<LocList>
<Loc EndOffset="4947" SrcFileId="3" StartOffset="4843"/>
</LocList>
</BasicStmnt>
<BasicStmnt CovItemId="S71" CovItemPrefix="game.GUI.java" Intrnl_Id="482">
<LocList>
<Loc EndOffset="4993" SrcFileId="3" StartOffset="4954"/>
</LocList>
</BasicStmnt>
<BasicStmnt CovItemId="S72" CovItemPrefix="game.GUI.java" Intrnl_Id="483">
<LocList>
<Loc EndOffset="5026" SrcFileId="3" StartOffset="5000"/>
</LocList>
</BasicStmnt>
<BasicStmnt CovItemId="S73" CovItemPrefix="game.GUI.java" Intrnl_Id="484">
<LocList>
<Loc EndOffset="5065" SrcFileId="3" StartOffset="5033"/>
</LocList>
</BasicStmnt>
<BasicStmnt CovItemId="S74" CovItemPrefix="game.GUI.java" Intrnl_Id="485">
<LocList>
<Loc EndOffset="5160" SrcFileId="3" StartOffset="5072"/>
</LocList>
</BasicStmnt>
<BasicStmnt CovItemId="S75" CovItemPrefix="game.GUI.java" Intrnl_Id="486">
<LocList>
<Loc EndOffset="5198" SrcFileId="3" StartOffset="5167"/>
</LocList>
</BasicStmnt>
<BasicStmnt CovItemId="S76" CovItemPrefix="game.GUI.java" Intrnl_Id="487">
<LocList>
<Loc EndOffset="5251" SrcFileId="3" StartOffset="5205"/>
</LocList>
</BasicStmnt>
<BasicStmnt CovItemId="S77" CovItemPrefix="game.GUI.java" Intrnl_Id="488">
<LocList>
<Loc EndOffset="5264" SrcFileId="3" StartOffset="5258"/>
</LocList>
</BasicStmnt>
</StmntSeq>
</Branch>
<Branch CovItemId="B5" CovItemPrefix="game.GUI.java" Implct="false" Intrnl_Id="489">
<Cond>
<Loc EndOffset="5278" SrcFileId="3" StartOffset="5270"/>
</Cond>
<LocList>
<Loc EndOffset="5707" SrcFileId="3" StartOffset="5286"/>
</LocList>
<StmntSeq Intrnl_Id="490">
<LocList>
<Loc EndOffset="5390" SrcFileId="3" StartOffset="5286"/>
<Loc EndOffset="5436" SrcFileId="3" StartOffset="5397"/>
<Loc EndOffset="5469" SrcFileId="3" StartOffset="5443"/>
<Loc EndOffset="5508" SrcFileId="3" StartOffset="5476"/>
<Loc EndOffset="5603" SrcFileId="3" StartOffset="5515"/>
<Loc EndOffset="5641" SrcFileId="3" StartOffset="5610"/>
<Loc EndOffset="5694" SrcFileId="3" StartOffset="5648"/>
<Loc EndOffset="5707" SrcFileId="3" StartOffset="5701"/>
</LocList>
<BasicStmnt CovItemId="S78" CovItemPrefix="game.GUI.java" Intrnl_Id="491">
<LocList>
<Loc EndOffset="5390" SrcFileId="3" StartOffset="5286"/>
</LocList>
</BasicStmnt>
<BasicStmnt CovItemId="S79" CovItemPrefix="game.GUI.java" Intrnl_Id="492">
<LocList>
<Loc EndOffset="5436" SrcFileId="3" StartOffset="5397"/>
</LocList>
</BasicStmnt>
<BasicStmnt CovItemId="S80" CovItemPrefix="game.GUI.java" Intrnl_Id="493">
<LocList>
<Loc EndOffset="5469" SrcFileId="3" StartOffset="5443"/>
</LocList>
</BasicStmnt>
<BasicStmnt CovItemId="S81" CovItemPrefix="game.GUI.java" Intrnl_Id="494">
<LocList>
<Loc EndOffset="5508" SrcFileId="3" StartOffset="5476"/>
</LocList>
</BasicStmnt>
<BasicStmnt CovItemId="S82" CovItemPrefix="game.GUI.java" Intrnl_Id="495">
<LocList>
<Loc EndOffset="5603" SrcFileId="3" StartOffset="5515"/>
</LocList>
</BasicStmnt>
<BasicStmnt CovItemId="S83" CovItemPrefix="game.GUI.java" Intrnl_Id="496">
<LocList>
<Loc EndOffset="5641" SrcFileId="3" StartOffset="5610"/>
</LocList>
</BasicStmnt>
<BasicStmnt CovItemId="S84" CovItemPrefix="game.GUI.java" Intrnl_Id="497">
<LocList>
<Loc EndOffset="5694" SrcFileId="3" StartOffset="5648"/>
</LocList>
</BasicStmnt>
<BasicStmnt CovItemId="S85" CovItemPrefix="game.GUI.java" Intrnl_Id="498">
<LocList>
<Loc EndOffset="5707" SrcFileId="3" StartOffset="5701"/>
</LocList>
</BasicStmnt>
</StmntSeq>
</Branch>
<Branch CovItemId="B6" CovItemPrefix="game.GUI.java" Implct="false" Intrnl_Id="499">
<Cond>
<Loc EndOffset="5721" SrcFileId="3" StartOffset="5713"/>
</Cond>
<LocList>
<Loc EndOffset="6180" SrcFileId="3" StartOffset="5729"/>
</LocList>
<StmntSeq Intrnl_Id="500">
<LocList>
<Loc EndOffset="5839" SrcFileId="3" StartOffset="5729"/>
<Loc EndOffset="5888" SrcFileId="3" StartOffset="5846"/>
<Loc EndOffset="5924" SrcFileId="3" StartOffset="5895"/>
<Loc EndOffset="5966" SrcFileId="3" StartOffset="5931"/>
<Loc EndOffset="6070" SrcFileId="3" StartOffset="5973"/>
<Loc EndOffset="6111" SrcFileId="3" StartOffset="6077"/>
<Loc EndOffset="6167" SrcFileId="3" StartOffset="6118"/>
<Loc EndOffset="6180" SrcFileId="3" StartOffset="6174"/>
</LocList>
<BasicStmnt CovItemId="S86" CovItemPrefix="game.GUI.java" Intrnl_Id="501">
<LocList>
<Loc EndOffset="5839" SrcFileId="3" StartOffset="5729"/>
</LocList>
</BasicStmnt>
<BasicStmnt CovItemId="S87" CovItemPrefix="game.GUI.java" Intrnl_Id="502">
<LocList>
<Loc EndOffset="5888" SrcFileId="3" StartOffset="5846"/>
</LocList>
</BasicStmnt>
<BasicStmnt CovItemId="S88" CovItemPrefix="game.GUI.java" Intrnl_Id="503">
<LocList>
<Loc EndOffset="5924" SrcFileId="3" StartOffset="5895"/>
</LocList>
</BasicStmnt>
<BasicStmnt CovItemId="S89" CovItemPrefix="game.GUI.java" Intrnl_Id="504">
<LocList>
<Loc EndOffset="5966" SrcFileId="3" StartOffset="5931"/>
</LocList>
</BasicStmnt>
<BasicStmnt CovItemId="S90" CovItemPrefix="game.GUI.java" Intrnl_Id="505">
<LocList>
<Loc EndOffset="6070" SrcFileId="3" StartOffset="5973"/>
</LocList>
</BasicStmnt>
<BasicStmnt CovItemId="S91" CovItemPrefix="game.GUI.java" Intrnl_Id="506">
<LocList>
<Loc EndOffset="6111" SrcFileId="3" StartOffset="6077"/>
</LocList>
</BasicStmnt>
<BasicStmnt CovItemId="S92" CovItemPrefix="game.GUI.java" Intrnl_Id="507">
<LocList>
<Loc EndOffset="6167" SrcFileId="3" StartOffset="6118"/>
</LocList>
</BasicStmnt>
<BasicStmnt CovItemId="S93" CovItemPrefix="game.GUI.java" Intrnl_Id="508">
<LocList>
<Loc EndOffset="6180" SrcFileId="3" StartOffset="6174"/>
</LocList>
</BasicStmnt>
</StmntSeq>
</Branch>
<Branch CovItemId="B7" CovItemPrefix="game.GUI.java" Implct="false" Intrnl_Id="509">
<Cond>
<Loc EndOffset="6194" SrcFileId="3" StartOffset="6186"/>
</Cond>
<LocList>
<Loc EndOffset="6693" SrcFileId="3" StartOffset="6202"/>
</LocList>
<StmntSeq Intrnl_Id="510">
<LocList>
<Loc EndOffset="6327" SrcFileId="3" StartOffset="6202"/>
<Loc EndOffset="6378" SrcFileId="3" StartOffset="6334"/>
<Loc EndOffset="6416" SrcFileId="3" StartOffset="6385"/>
<Loc EndOffset="6460" SrcFileId="3" StartOffset="6423"/>
<Loc EndOffset="6579" SrcFileId="3" StartOffset="6467"/>
<Loc EndOffset="6622" SrcFileId="3" StartOffset="6586"/>
<Loc EndOffset="6680" SrcFileId="3" StartOffset="6629"/>
<Loc EndOffset="6693" SrcFileId="3" StartOffset="6687"/>
</LocList>
<BasicStmnt CovItemId="S94" CovItemPrefix="game.GUI.java" Intrnl_Id="511">
<LocList>
<Loc EndOffset="6327" SrcFileId="3" StartOffset="6202"/>
</LocList>
</BasicStmnt>
<BasicStmnt CovItemId="S95" CovItemPrefix="game.GUI.java" Intrnl_Id="512">
<LocList>
<Loc EndOffset="6378" SrcFileId="3" StartOffset="6334"/>
</LocList>
</BasicStmnt>
<BasicStmnt CovItemId="S96" CovItemPrefix="game.GUI.java" Intrnl_Id="513">
<LocList>
<Loc EndOffset="6416" SrcFileId="3" StartOffset="6385"/>
</LocList>
</BasicStmnt>
<BasicStmnt CovItemId="S97" CovItemPrefix="game.GUI.java" Intrnl_Id="514">
<LocList>
<Loc EndOffset="6460" SrcFileId="3" StartOffset="6423"/>
</LocList>
</BasicStmnt>
<BasicStmnt CovItemId="S98" CovItemPrefix="game.GUI.java" Intrnl_Id="515">
<LocList>
<Loc EndOffset="6579" SrcFileId="3" StartOffset="6467"/>
</LocList>
</BasicStmnt>
<BasicStmnt CovItemId="S99" CovItemPrefix="game.GUI.java" Intrnl_Id="516">
<LocList>
<Loc EndOffset="6622" SrcFileId="3" StartOffset="6586"/>
</LocList>
</BasicStmnt>
<BasicStmnt CovItemId="S100" CovItemPrefix="game.GUI.java" Intrnl_Id="517">
<LocList>
<Loc EndOffset="6680" SrcFileId="3" StartOffset="6629"/>
</LocList>
</BasicStmnt>
<BasicStmnt CovItemId="S101" CovItemPrefix="game.GUI.java" Intrnl_Id="518">
<LocList>
<Loc EndOffset="6693" SrcFileId="3" StartOffset="6687"/>
</LocList>
</BasicStmnt>
</StmntSeq>
</Branch>
<Branch CovItemId="B8" CovItemPrefix="game.GUI.java" Implct="false" Intrnl_Id="519">
<Cond>
<Loc EndOffset="6707" SrcFileId="3" StartOffset="6699"/>
</Cond>
<LocList>
<Loc EndOffset="7156" SrcFileId="3" StartOffset="6715"/>
</LocList>
<StmntSeq Intrnl_Id="520">
<LocList>
<Loc EndOffset="6823" SrcFileId="3" StartOffset="6715"/>
<Loc EndOffset="6871" SrcFileId="3" StartOffset="6830"/>
<Loc EndOffset="6906" SrcFileId="3" StartOffset="6878"/>
<Loc EndOffset="6947" SrcFileId="3" StartOffset="6913"/>
<Loc EndOffset="7048" SrcFileId="3" StartOffset="6954"/>
<Loc EndOffset="7088" SrcFileId="3" StartOffset="7055"/>
<Loc EndOffset="7143" SrcFileId="3" StartOffset="7095"/>
<Loc EndOffset="7156" SrcFileId="3" StartOffset="7150"/>
</LocList>
<BasicStmnt CovItemId="S102" CovItemPrefix="game.GUI.java" Intrnl_Id="521">
<LocList>
<Loc EndOffset="6823" SrcFileId="3" StartOffset="6715"/>
</LocList>
</BasicStmnt>
<BasicStmnt CovItemId="S103" CovItemPrefix="game.GUI.java" Intrnl_Id="522">
<LocList>
<Loc EndOffset="6871" SrcFileId="3" StartOffset="6830"/>
</LocList>
</BasicStmnt>
<BasicStmnt CovItemId="S104" CovItemPrefix="game.GUI.java" Intrnl_Id="523">
<LocList>
<Loc EndOffset="6906" SrcFileId="3" StartOffset="6878"/>
</LocList>
</BasicStmnt>
<BasicStmnt CovItemId="S105" CovItemPrefix="game.GUI.java" Intrnl_Id="524">
<LocList>
<Loc EndOffset="6947" SrcFileId="3" StartOffset="6913"/>
</LocList>
</BasicStmnt>
<BasicStmnt CovItemId="S106" CovItemPrefix="game.GUI.java" Intrnl_Id="525">
<LocList>
<Loc EndOffset="7048" SrcFileId="3" StartOffset="6954"/>
</LocList>
</BasicStmnt>
<BasicStmnt CovItemId="S107" CovItemPrefix="game.GUI.java" Intrnl_Id="526">
<LocList>
<Loc EndOffset="7088" SrcFileId="3" StartOffset="7055"/>
</LocList>
</BasicStmnt>
<BasicStmnt CovItemId="S108" CovItemPrefix="game.GUI.java" Intrnl_Id="527">
<LocList>
<Loc EndOffset="7143" SrcFileId="3" StartOffset="7095"/>
</LocList>
</BasicStmnt>
<BasicStmnt CovItemId="S109" CovItemPrefix="game.GUI.java" Intrnl_Id="528">
<LocList>
<Loc EndOffset="7156" SrcFileId="3" StartOffset="7150"/>
</LocList>
</BasicStmnt>
</StmntSeq>
</Branch>
<Branch CovItemId="B9" CovItemPrefix="game.GUI.java" Implct="false" Intrnl_Id="529">
<Cond>
<Loc EndOffset="7170" SrcFileId="3" StartOffset="7162"/>
</Cond>
<LocList>
<Loc EndOffset="7619" SrcFileId="3" StartOffset="7178"/>
</LocList>
<StmntSeq Intrnl_Id="530">
<LocList>
<Loc EndOffset="7286" SrcFileId="3" StartOffset="7178"/>
<Loc EndOffset="7334" SrcFileId="3" StartOffset="7293"/>
<Loc EndOffset="7369" SrcFileId="3" StartOffset="7341"/>
<Loc EndOffset="7410" SrcFileId="3" StartOffset="7376"/>
<Loc EndOffset="7511" SrcFileId="3" StartOffset="7417"/>
<Loc EndOffset="7551" SrcFileId="3" StartOffset="7518"/>
<Loc EndOffset="7606" SrcFileId="3" StartOffset="7558"/>
<Loc EndOffset="7619" SrcFileId="3" StartOffset="7613"/>
</LocList>
<BasicStmnt CovItemId="S110" CovItemPrefix="game.GUI.java" Intrnl_Id="531">
<LocList>
<Loc EndOffset="7286" SrcFileId="3" StartOffset="7178"/>
</LocList>
</BasicStmnt>
<BasicStmnt CovItemId="S111" CovItemPrefix="game.GUI.java" Intrnl_Id="532">
<LocList>
<Loc EndOffset="7334" SrcFileId="3" StartOffset="7293"/>
</LocList>
</BasicStmnt>
<BasicStmnt CovItemId="S112" CovItemPrefix="game.GUI.java" Intrnl_Id="533">
<LocList>
<Loc EndOffset="7369" SrcFileId="3" StartOffset="7341"/>
</LocList>
</BasicStmnt>
<BasicStmnt CovItemId="S113" CovItemPrefix="game.GUI.java" Intrnl_Id="534">
<LocList>
<Loc EndOffset="7410" SrcFileId="3" StartOffset="7376"/>
</LocList>
</BasicStmnt>
<BasicStmnt CovItemId="S114" CovItemPrefix="game.GUI.java" Intrnl_Id="535">
<LocList>
<Loc EndOffset="7511" SrcFileId="3" StartOffset="7417"/>
</LocList>
</BasicStmnt>
<BasicStmnt CovItemId="S115" CovItemPrefix="game.GUI.java" Intrnl_Id="536">
<LocList>
<Loc EndOffset="7551" SrcFileId="3" StartOffset="7518"/>
</LocList>
</BasicStmnt>
<BasicStmnt CovItemId="S116" CovItemPrefix="game.GUI.java" Intrnl_Id="537">
<LocList>
<Loc EndOffset="7606" SrcFileId="3" StartOffset="7558"/>
</LocList>
</BasicStmnt>
<BasicStmnt CovItemId="S117" CovItemPrefix="game.GUI.java" Intrnl_Id="538">
<LocList>
<Loc EndOffset="7619" SrcFileId="3" StartOffset="7613"/>
</LocList>
</BasicStmnt>
</StmntSeq>
</Branch>
<Branch CovItemId="B10" CovItemPrefix="game.GUI.java" Implct="false" Intrnl_Id="539">
<Cond>
<Loc EndOffset="7633" SrcFileId="3" StartOffset="7625"/>
</Cond>
<LocList>
<Loc EndOffset="8062" SrcFileId="3" StartOffset="7641"/>
</LocList>
<StmntSeq Intrnl_Id="540">
<LocList>
<Loc EndOffset="7745" SrcFileId="3" StartOffset="7641"/>
<Loc EndOffset="7791" SrcFileId="3" StartOffset="7752"/>
<Loc EndOffset="7824" SrcFileId="3" StartOffset="7798"/>
<Loc EndOffset="7863" SrcFileId="3" StartOffset="7831"/>
<Loc EndOffset="7958" SrcFileId="3" StartOffset="7870"/>
<Loc EndOffset="7996" SrcFileId="3" StartOffset="7965"/>
<Loc EndOffset="8049" SrcFileId="3" StartOffset="8003"/>
<Loc EndOffset="8062" SrcFileId="3" StartOffset="8056"/>
</LocList>
<BasicStmnt CovItemId="S118" CovItemPrefix="game.GUI.java" Intrnl_Id="541">
<LocList>
<Loc EndOffset="7745" SrcFileId="3" StartOffset="7641"/>
</LocList>
</BasicStmnt>
<BasicStmnt CovItemId="S119" CovItemPrefix="game.GUI.java" Intrnl_Id="542">
<LocList>
<Loc EndOffset="7791" SrcFileId="3" StartOffset="7752"/>
</LocList>
</BasicStmnt>
<BasicStmnt CovItemId="S120" CovItemPrefix="game.GUI.java" Intrnl_Id="543">
<LocList>
<Loc EndOffset="7824" SrcFileId="3" StartOffset="7798"/>
</LocList>
</BasicStmnt>
<BasicStmnt CovItemId="S121" CovItemPrefix="game.GUI.java" Intrnl_Id="544">
<LocList>
<Loc EndOffset="7863" SrcFileId="3" StartOffset="7831"/>
</LocList>
</BasicStmnt>
<BasicStmnt CovItemId="S122" CovItemPrefix="game.GUI.java" Intrnl_Id="545">
<LocList>
<Loc EndOffset="7958" SrcFileId="3" StartOffset="7870"/>
</LocList>
</BasicStmnt>
<BasicStmnt CovItemId="S123" CovItemPrefix="game.GUI.java" Intrnl_Id="546">
<LocList>
<Loc EndOffset="7996" SrcFileId="3" StartOffset="7965"/>
</LocList>
</BasicStmnt>
<BasicStmnt CovItemId="S124" CovItemPrefix="game.GUI.java" Intrnl_Id="547">
<LocList>
<Loc EndOffset="8049" SrcFileId="3" StartOffset="8003"/>
</LocList>
</BasicStmnt>
<BasicStmnt CovItemId="S125" CovItemPrefix="game.GUI.java" Intrnl_Id="548">
<LocList>
<Loc EndOffset="8062" SrcFileId="3" StartOffset="8056"/>
</LocList>
</BasicStmnt>
</StmntSeq>
</Branch>
<Branch CovItemId="B11" CovItemPrefix="game.GUI.java" Implct="false" Intrnl_Id="549">
<Cond>
<Loc EndOffset="8076" SrcFileId="3" StartOffset="8068"/>
</Cond>
<LocList>
<Loc EndOffset="8505" SrcFileId="3" StartOffset="8084"/>
</LocList>
<StmntSeq Intrnl_Id="550">
<LocList>
<Loc EndOffset="8188" SrcFileId="3" StartOffset="8084"/>
<Loc EndOffset="8234" SrcFileId="3" StartOffset="8195"/>
<Loc EndOffset="8267" SrcFileId="3" StartOffset="8241"/>
<Loc EndOffset="8306" SrcFileId="3" StartOffset="8274"/>
<Loc EndOffset="8401" SrcFileId="3" StartOffset="8313"/>
<Loc EndOffset="8439" SrcFileId="3" StartOffset="8408"/>
<Loc EndOffset="8492" SrcFileId="3" StartOffset="8446"/>
<Loc EndOffset="8505" SrcFileId="3" StartOffset="8499"/>
</LocList>
<BasicStmnt CovItemId="S126" CovItemPrefix="game.GUI.java" Intrnl_Id="551">
<LocList>
<Loc EndOffset="8188" SrcFileId="3" StartOffset="8084"/>
</LocList>
</BasicStmnt>
<BasicStmnt CovItemId="S127" CovItemPrefix="game.GUI.java" Intrnl_Id="552">
<LocList>
<Loc EndOffset="8234" SrcFileId="3" StartOffset="8195"/>
</LocList>
</BasicStmnt>
<BasicStmnt CovItemId="S128" CovItemPrefix="game.GUI.java" Intrnl_Id="553">
<LocList>
<Loc EndOffset="8267" SrcFileId="3" StartOffset="8241"/>
</LocList>
</BasicStmnt>
<BasicStmnt CovItemId="S129" CovItemPrefix="game.GUI.java" Intrnl_Id="554">
<LocList>
<Loc EndOffset="8306" SrcFileId="3" StartOffset="8274"/>
</LocList>
</BasicStmnt>
<BasicStmnt CovItemId="S130" CovItemPrefix="game.GUI.java" Intrnl_Id="555">
<LocList>
<Loc EndOffset="8401" SrcFileId="3" StartOffset="8313"/>
</LocList>
</BasicStmnt>
<BasicStmnt CovItemId="S131" CovItemPrefix="game.GUI.java" Intrnl_Id="556">
<LocList>
<Loc EndOffset="8439" SrcFileId="3" StartOffset="8408"/>
</LocList>
</BasicStmnt>
<BasicStmnt CovItemId="S132" CovItemPrefix="game.GUI.java" Intrnl_Id="557">
<LocList>
<Loc EndOffset="8492" SrcFileId="3" StartOffset="8446"/>
</LocList>
</BasicStmnt>
<BasicStmnt CovItemId="S133" CovItemPrefix="game.GUI.java" Intrnl_Id="558">
<LocList>
<Loc EndOffset="8505" SrcFileId="3" StartOffset="8499"/>
</LocList>
</BasicStmnt>
</StmntSeq>
</Branch>
<Branch CovItemId="B12" CovItemPrefix="game.GUI.java" Implct="false" Intrnl_Id="559">
<Cond>
<Loc EndOffset="8519" SrcFileId="3" StartOffset="8511"/>
</Cond>
<LocList>
<Loc EndOffset="8978" SrcFileId="3" StartOffset="8527"/>
</LocList>
<StmntSeq Intrnl_Id="560">
<LocList>
<Loc EndOffset="8637" SrcFileId="3" StartOffset="8527"/>
<Loc EndOffset="8686" SrcFileId="3" StartOffset="8644"/>
<Loc EndOffset="8722" SrcFileId="3" StartOffset="8693"/>
<Loc EndOffset="8764" SrcFileId="3" StartOffset="8729"/>
<Loc EndOffset="8868" SrcFileId="3" StartOffset="8771"/>
<Loc EndOffset="8909" SrcFileId="3" StartOffset="8875"/>
<Loc EndOffset="8965" SrcFileId="3" StartOffset="8916"/>
<Loc EndOffset="8978" SrcFileId="3" StartOffset="8972"/>
</LocList>
<BasicStmnt CovItemId="S134" CovItemPrefix="game.GUI.java" Intrnl_Id="561">
<LocList>
<Loc EndOffset="8637" SrcFileId="3" StartOffset="8527"/>
</LocList>
</BasicStmnt>
<BasicStmnt CovItemId="S135" CovItemPrefix="game.GUI.java" Intrnl_Id="562">
<LocList>
<Loc EndOffset="8686" SrcFileId="3" StartOffset="8644"/>
</LocList>
</BasicStmnt>
<BasicStmnt CovItemId="S136" CovItemPrefix="game.GUI.java" Intrnl_Id="563">
<LocList>
<Loc EndOffset="8722" SrcFileId="3" StartOffset="8693"/>
</LocList>
</BasicStmnt>
<BasicStmnt CovItemId="S137" CovItemPrefix="game.GUI.java" Intrnl_Id="564">
<LocList>
<Loc EndOffset="8764" SrcFileId="3" StartOffset="8729"/>
</LocList>
</BasicStmnt>
<BasicStmnt CovItemId="S138" CovItemPrefix="game.GUI.java" Intrnl_Id="565">
<LocList>
<Loc EndOffset="8868" SrcFileId="3" StartOffset="8771"/>
</LocList>
</BasicStmnt>
<BasicStmnt CovItemId="S139" CovItemPrefix="game.GUI.java" Intrnl_Id="566">
<LocList>
<Loc EndOffset="8909" SrcFileId="3" StartOffset="8875"/>
</LocList>
</BasicStmnt>
<BasicStmnt CovItemId="S140" CovItemPrefix="game.GUI.java" Intrnl_Id="567">
<LocList>
<Loc EndOffset="8965" SrcFileId="3" StartOffset="8916"/>
</LocList>
</BasicStmnt>
<BasicStmnt CovItemId="S141" CovItemPrefix="game.GUI.java" Intrnl_Id="568">
<LocList>
<Loc EndOffset="8978" SrcFileId="3" StartOffset="8972"/>
</LocList>
</BasicStmnt>
</StmntSeq>
</Branch>
<Branch CovItemId="B13" CovItemPrefix="game.GUI.java" Implct="false" Intrnl_Id="569">
<Cond>
<Loc EndOffset="8991" SrcFileId="3" StartOffset="8984"/>
</Cond>
<LocList/>
<StmntSeq Intrnl_Id="570">
<LocList/>
</StmntSeq>
</Branch>
<Keyword EndOffset="3376" SrcFileId="3" StartOffset="3370"/>
<LocList>
<Loc EndOffset="8999" SrcFileId="3" StartOffset="3370"/>
</LocList>
</CondStmnt>
</StmntSeq>
<Keyword EndOffset="3284" SrcFileId="3" StartOffset="3281"/>
<LocList>
<Loc EndOffset="9005" SrcFileId="3" StartOffset="3281"/>
</LocList>
<RootTerm CovItemId="C2" CovItemPrefix="game.GUI.java" Intrnl_Id="571">
<BasicBoolTerm Intrnl_Id="572">
<LocList>
<Loc EndOffset="3312" SrcFileId="3" StartOffset="3302"/>
</LocList>
</BasicBoolTerm>
</RootTerm>
</LoopStmnt>
</StmntSeq>
<Keyword EndOffset="3244" SrcFileId="3" StartOffset="3241"/>
<LocList>
<Loc EndOffset="9010" SrcFileId="3" StartOffset="3241"/>
</LocList>
<RootTerm CovItemId="C1" CovItemPrefix="game.GUI.java" Intrnl_Id="573">
<BasicBoolTerm Intrnl_Id="574">
<LocList>
<Loc EndOffset="3266" SrcFileId="3" StartOffset="3259"/>
</LocList>
</BasicBoolTerm>
</RootTerm>
</LoopStmnt>
</StmntSeq>
</HierarchyLvl>
<HierarchyLvl HierarchyLvlId="33" HierarchyLvlTypeId="8" Intrnl_Id="575" Name="movePieceIcon">
<Header>
<Loc EndOffset="9239" SrcFileId="3" StartOffset="9180"/>
</Header>
<LocList>
<Loc EndOffset="11144" SrcFileId="3" StartOffset="9180"/>
</LocList>
<StmntSeq Intrnl_Id="576">
<LocList>
<Loc EndOffset="11140" SrcFileId="3" StartOffset="9244"/>
</LocList>
<CondStmnt CovItemId="S142" CovItemPrefix="game.GUI.java" Intrnl_Id="577">
<Branch CovItemId="B14" CovItemPrefix="game.GUI.java" Implct="false" Intrnl_Id="578">
<Cond>
<Loc EndOffset="9266" SrcFileId="3" StartOffset="9260"/>
</Cond>
<LocList>
<Loc EndOffset="9714" SrcFileId="3" StartOffset="9288"/>
</LocList>
<StmntSeq Intrnl_Id="579">
<LocList>
<Loc EndOffset="9696" SrcFileId="3" StartOffset="9288"/>
<Loc EndOffset="9714" SrcFileId="3" StartOffset="9701"/>
</LocList>
<CondStmnt CovItemId="S143" CovItemPrefix="game.GUI.java" Intrnl_Id="580">
<Branch CovItemId="B15" CovItemPrefix="game.GUI.java" Implct="false" Intrnl_Id="581">
<Cond/>
<LocList>
<Loc EndOffset="9696" SrcFileId="3" StartOffset="9344"/>
</LocList>
<StmntSeq Intrnl_Id="582">
<LocList>
<Loc EndOffset="9391" SrcFileId="3" StartOffset="9351"/>
<Loc EndOffset="9438" SrcFileId="3" StartOffset="9397"/>
<Loc EndOffset="9489" SrcFileId="3" StartOffset="9444"/>
<Loc EndOffset="9622" SrcFileId="3" StartOffset="9495"/>
<Loc EndOffset="9672" SrcFileId="3" StartOffset="9628"/>
<Loc EndOffset="9690" SrcFileId="3" StartOffset="9678"/>
</LocList>
<BasicStmnt CovItemId="S144" CovItemPrefix="game.GUI.java" Intrnl_Id="583">
<LocList>
<Loc EndOffset="9391" SrcFileId="3" StartOffset="9351"/>
</LocList>
</BasicStmnt>
<BasicStmnt CovItemId="S145" CovItemPrefix="game.GUI.java" Intrnl_Id="584">
<LocList>
<Loc EndOffset="9438" SrcFileId="3" StartOffset="9397"/>
</LocList>
</BasicStmnt>
<BasicStmnt CovItemId="S146" CovItemPrefix="game.GUI.java" Intrnl_Id="585">
<LocList>
<Loc EndOffset="9489" SrcFileId="3" StartOffset="9444"/>
</LocList>
</BasicStmnt>
<BasicStmnt CovItemId="S147" CovItemPrefix="game.GUI.java" Intrnl_Id="586">
<LocList>
<Loc EndOffset="9622" SrcFileId="3" StartOffset="9495"/>
</LocList>
</BasicStmnt>
<BasicStmnt CovItemId="S148" CovItemPrefix="game.GUI.java" Intrnl_Id="587">
<LocList>
<Loc EndOffset="9672" SrcFileId="3" StartOffset="9628"/>
</LocList>
</BasicStmnt>
<BasicStmnt CovItemId="S149" CovItemPrefix="game.GUI.java" Intrnl_Id="588">
<LocList>
<Loc EndOffset="9690" SrcFileId="3" StartOffset="9678"/>
</LocList>
</BasicStmnt>
</StmntSeq>
</Branch>
<Branch CovItemId="B16" CovItemPrefix="game.GUI.java" Implct="true" Intrnl_Id="589">
<Cond/>
<LocList/>
<StmntSeq Intrnl_Id="590">
<LocList/>
</StmntSeq>
</Branch>
<Keyword EndOffset="9290" SrcFileId="3" StartOffset="9288"/>
<LocList>
<Loc EndOffset="9696" SrcFileId="3" StartOffset="9288"/>
</LocList>
<RootTerm CovItemId="C3" CovItemPrefix="game.GUI.java" Intrnl_Id="591">
<OpTerm BooleanOpId="5" Intrnl_Id="592">
<BasicBoolTerm Intrnl_Id="593">
<LocList>
<Loc EndOffset="9304" SrcFileId="3" StartOffset="9292"/>
</LocList>
</BasicBoolTerm>
<BasicBoolTerm Intrnl_Id="594">
<LocList>
<Loc EndOffset="9342" SrcFileId="3" StartOffset="9308"/>
</LocList>
</BasicBoolTerm>
<LocList>
<Loc EndOffset="9307" SrcFileId="3" StartOffset="9305"/>
</LocList>
</OpTerm>
</RootTerm>
</CondStmnt>
<BasicStmnt CovItemId="S150" CovItemPrefix="game.GUI.java" Intrnl_Id="595">
<LocList>
<Loc EndOffset="9714" SrcFileId="3" StartOffset="9701"/>
</LocList>
</BasicStmnt>
</StmntSeq>
</Branch>
<Branch CovItemId="B17" CovItemPrefix="game.GUI.java" Implct="false" Intrnl_Id="596">
<Cond>
<Loc EndOffset="9724" SrcFileId="3" StartOffset="9718"/>
</Cond>
<LocList>
<Loc EndOffset="10178" SrcFileId="3" StartOffset="9749"/>
</LocList>
<StmntSeq Intrnl_Id="597">
<LocList>
<Loc EndOffset="10160" SrcFileId="3" StartOffset="9749"/>
<Loc EndOffset="10178" SrcFileId="3" StartOffset="10165"/>
</LocList>
<CondStmnt CovItemId="S151" CovItemPrefix="game.GUI.java" Intrnl_Id="598">
<Branch CovItemId="B18" CovItemPrefix="game.GUI.java" Implct="false" Intrnl_Id="599">
<Cond/>
<LocList>
<Loc EndOffset="10160" SrcFileId="3" StartOffset="9808"/>
</LocList>
<StmntSeq Intrnl_Id="600">
<LocList>
<Loc EndOffset="9855" SrcFileId="3" StartOffset="9815"/>
<Loc EndOffset="9900" SrcFileId="3" StartOffset="9861"/>
<Loc EndOffset="9953" SrcFileId="3" StartOffset="9906"/>
<Loc EndOffset="10086" SrcFileId="3" StartOffset="9959"/>
<Loc EndOffset="10136" SrcFileId="3" StartOffset="10092"/>
<Loc EndOffset="10154" SrcFileId="3" StartOffset="10142"/>
</LocList>
<BasicStmnt CovItemId="S152" CovItemPrefix="game.GUI.java" Intrnl_Id="601">
<LocList>
<Loc EndOffset="9855" SrcFileId="3" StartOffset="9815"/>
</LocList>
</BasicStmnt>
<BasicStmnt CovItemId="S153" CovItemPrefix="game.GUI.java" Intrnl_Id="602">
<LocList>
<Loc EndOffset="9900" SrcFileId="3" StartOffset="9861"/>
</LocList>
</BasicStmnt>
<BasicStmnt CovItemId="S154" CovItemPrefix="game.GUI.java" Intrnl_Id="603">
<LocList>
<Loc EndOffset="9953" SrcFileId="3" StartOffset="9906"/>
</LocList>
</BasicStmnt>
<BasicStmnt CovItemId="S155" CovItemPrefix="game.GUI.java" Intrnl_Id="604">
<LocList>
<Loc EndOffset="10086" SrcFileId="3" StartOffset="9959"/>
</LocList>
</BasicStmnt>
<BasicStmnt CovItemId="S156" CovItemPrefix="game.GUI.java" Intrnl_Id="605">
<LocList>
<Loc EndOffset="10136" SrcFileId="3" StartOffset="10092"/>
</LocList>
</BasicStmnt>
<BasicStmnt CovItemId="S157" CovItemPrefix="game.GUI.java" Intrnl_Id="606">
<LocList>
<Loc EndOffset="10154" SrcFileId="3" StartOffset="10142"/>
</LocList>
</BasicStmnt>
</StmntSeq>
</Branch>
<Branch CovItemId="B19" CovItemPrefix="game.GUI.java" Implct="true" Intrnl_Id="607">
<Cond/>
<LocList/>
<StmntSeq Intrnl_Id="608">
<LocList/>
</StmntSeq>
</Branch>
<Keyword EndOffset="9751" SrcFileId="3" StartOffset="9749"/>
<LocList>
<Loc EndOffset="10160" SrcFileId="3" StartOffset="9749"/>
</LocList>
<RootTerm CovItemId="C4" CovItemPrefix="game.GUI.java" Intrnl_Id="609">
<OpTerm BooleanOpId="5" Intrnl_Id="610">
<BasicBoolTerm Intrnl_Id="611">
<LocList>
<Loc EndOffset="9768" SrcFileId="3" StartOffset="9753"/>
</LocList>
</BasicBoolTerm>
<BasicBoolTerm Intrnl_Id="612">
<LocList>
<Loc EndOffset="9806" SrcFileId="3" StartOffset="9772"/>
</LocList>
</BasicBoolTerm>
<LocList>
<Loc EndOffset="9771" SrcFileId="3" StartOffset="9769"/>
</LocList>
</OpTerm>
</RootTerm>
</CondStmnt>
<BasicStmnt CovItemId="S158" CovItemPrefix="game.GUI.java" Intrnl_Id="613">
<LocList>
<Loc EndOffset="10178" SrcFileId="3" StartOffset="10165"/>
</LocList>
</BasicStmnt>
</StmntSeq>
</Branch>
<Branch CovItemId="B20" CovItemPrefix="game.GUI.java" Implct="false" Intrnl_Id="614">
<Cond>
<Loc EndOffset="10188" SrcFileId="3" StartOffset="10182"/>
</Cond>
<LocList>
<Loc EndOffset="10640" SrcFileId="3" StartOffset="10212"/>
</LocList>
<StmntSeq Intrnl_Id="615">
<LocList>
<Loc EndOffset="10622" SrcFileId="3" StartOffset="10212"/>
<Loc EndOffset="10640" SrcFileId="3" StartOffset="10627"/>
</LocList>
<CondStmnt CovItemId="S159" CovItemPrefix="game.GUI.java" Intrnl_Id="616">
<Branch CovItemId="B21" CovItemPrefix="game.GUI.java" Implct="false" Intrnl_Id="617">
<Cond/>
<LocList>
<Loc EndOffset="10622" SrcFileId="3" StartOffset="10268"/>
</LocList>
<StmntSeq Intrnl_Id="618">
<LocList>
<Loc EndOffset="10317" SrcFileId="3" StartOffset="10275"/>
<Loc EndOffset="10364" SrcFileId="3" StartOffset="10323"/>
<Loc EndOffset="10415" SrcFileId="3" StartOffset="10370"/>
<Loc EndOffset="10548" SrcFileId="3" StartOffset="10421"/>
<Loc EndOffset="10598" SrcFileId="3" StartOffset="10554"/>
<Loc EndOffset="10616" SrcFileId="3" StartOffset="10604"/>
</LocList>
<BasicStmnt CovItemId="S160" CovItemPrefix="game.GUI.java" Intrnl_Id="619">
<LocList>
<Loc EndOffset="10317" SrcFileId="3" StartOffset="10275"/>
</LocList>
</BasicStmnt>
<BasicStmnt CovItemId="S161" CovItemPrefix="game.GUI.java" Intrnl_Id="620">
<LocList>
<Loc EndOffset="10364" SrcFileId="3" StartOffset="10323"/>
</LocList>
</BasicStmnt>
<BasicStmnt CovItemId="S162" CovItemPrefix="game.GUI.java" Intrnl_Id="621">
<LocList>
<Loc EndOffset="10415" SrcFileId="3" StartOffset="10370"/>
</LocList>
</BasicStmnt>
<BasicStmnt CovItemId="S163" CovItemPrefix="game.GUI.java" Intrnl_Id="622">
<LocList>
<Loc EndOffset="10548" SrcFileId="3" StartOffset="10421"/>
</LocList>
</BasicStmnt>
<BasicStmnt CovItemId="S164" CovItemPrefix="game.GUI.java" Intrnl_Id="623">
<LocList>
<Loc EndOffset="10598" SrcFileId="3" StartOffset="10554"/>
</LocList>
</BasicStmnt>
<BasicStmnt CovItemId="S165" CovItemPrefix="game.GUI.java" Intrnl_Id="624">
<LocList>
<Loc EndOffset="10616" SrcFileId="3" StartOffset="10604"/>
</LocList>
</BasicStmnt>
</StmntSeq>
</Branch>
<Branch CovItemId="B22" CovItemPrefix="game.GUI.java" Implct="true" Intrnl_Id="625">
<Cond/>
<LocList/>
<StmntSeq Intrnl_Id="626">
<LocList/>
</StmntSeq>
</Branch>
<Keyword EndOffset="10214" SrcFileId="3" StartOffset="10212"/>
<LocList>
<Loc EndOffset="10622" SrcFileId="3" StartOffset="10212"/>
</LocList>
<RootTerm CovItemId="C5" CovItemPrefix="game.GUI.java" Intrnl_Id="627">
<OpTerm BooleanOpId="5" Intrnl_Id="628">
<BasicBoolTerm Intrnl_Id="629">
<LocList>
<Loc EndOffset="10228" SrcFileId="3" StartOffset="10216"/>
</LocList>
</BasicBoolTerm>
<BasicBoolTerm Intrnl_Id="630">
<LocList>
<Loc EndOffset="10266" SrcFileId="3" StartOffset="10232"/>
</LocList>
</BasicBoolTerm>
<LocList>
<Loc EndOffset="10231" SrcFileId="3" StartOffset="10229"/>
</LocList>
</OpTerm>
</RootTerm>
</CondStmnt>
<BasicStmnt CovItemId="S166" CovItemPrefix="game.GUI.java" Intrnl_Id="631">
<LocList>
<Loc EndOffset="10640" SrcFileId="3" StartOffset="10627"/>
</LocList>
</BasicStmnt>
</StmntSeq>
</Branch>
<Branch CovItemId="B23" CovItemPrefix="game.GUI.java" Implct="false" Intrnl_Id="632">
<Cond>
<Loc EndOffset="10650" SrcFileId="3" StartOffset="10644"/>
</Cond>
<LocList>
<Loc EndOffset="11105" SrcFileId="3" StartOffset="10674"/>
</LocList>
<StmntSeq Intrnl_Id="633">
<LocList>
<Loc EndOffset="11087" SrcFileId="3" StartOffset="10674"/>
<Loc EndOffset="11105" SrcFileId="3" StartOffset="11092"/>
</LocList>
<CondStmnt CovItemId="S167" CovItemPrefix="game.GUI.java" Intrnl_Id="634">
<Branch CovItemId="B24" CovItemPrefix="game.GUI.java" Implct="false" Intrnl_Id="635">
<Cond/>
<LocList>
<Loc EndOffset="11087" SrcFileId="3" StartOffset="10733"/>
</LocList>
<StmntSeq Intrnl_Id="636">
<LocList>
<Loc EndOffset="10782" SrcFileId="3" StartOffset="10740"/>
<Loc EndOffset="10827" SrcFileId="3" StartOffset="10788"/>
<Loc EndOffset="10880" SrcFileId="3" StartOffset="10833"/>
<Loc EndOffset="11013" SrcFileId="3" StartOffset="10886"/>
<Loc EndOffset="11063" SrcFileId="3" StartOffset="11019"/>
<Loc EndOffset="11081" SrcFileId="3" StartOffset="11069"/>
</LocList>
<BasicStmnt CovItemId="S168" CovItemPrefix="game.GUI.java" Intrnl_Id="637">
<LocList>
<Loc EndOffset="10782" SrcFileId="3" StartOffset="10740"/>
</LocList>
</BasicStmnt>
<BasicStmnt CovItemId="S169" CovItemPrefix="game.GUI.java" Intrnl_Id="638">
<LocList>
<Loc EndOffset="10827" SrcFileId="3" StartOffset="10788"/>
</LocList>
</BasicStmnt>
<BasicStmnt CovItemId="S170" CovItemPrefix="game.GUI.java" Intrnl_Id="639">
<LocList>
<Loc EndOffset="10880" SrcFileId="3" StartOffset="10833"/>
</LocList>
</BasicStmnt>
<BasicStmnt CovItemId="S171" CovItemPrefix="game.GUI.java" Intrnl_Id="640">
<LocList>
<Loc EndOffset="11013" SrcFileId="3" StartOffset="10886"/>
</LocList>
</BasicStmnt>
<BasicStmnt CovItemId="S172" CovItemPrefix="game.GUI.java" Intrnl_Id="641">
<LocList>
<Loc EndOffset="11063" SrcFileId="3" StartOffset="11019"/>
</LocList>
</BasicStmnt>
<BasicStmnt CovItemId="S173" CovItemPrefix="game.GUI.java" Intrnl_Id="642">
<LocList>
<Loc EndOffset="11081" SrcFileId="3" StartOffset="11069"/>
</LocList>
</BasicStmnt>
</StmntSeq>
</Branch>
<Branch CovItemId="B25" CovItemPrefix="game.GUI.java" Implct="true" Intrnl_Id="643">
<Cond/>
<LocList/>
<StmntSeq Intrnl_Id="644">
<LocList/>
</StmntSeq>
</Branch>
<Keyword EndOffset="10676" SrcFileId="3" StartOffset="10674"/>
<LocList>
<Loc EndOffset="11087" SrcFileId="3" StartOffset="10674"/>
</LocList>
<RootTerm CovItemId="C6" CovItemPrefix="game.GUI.java" Intrnl_Id="645">
<OpTerm BooleanOpId="5" Intrnl_Id="646">
<BasicBoolTerm Intrnl_Id="647">
<LocList>
<Loc EndOffset="10693" SrcFileId="3" StartOffset="10678"/>
</LocList>
</BasicBoolTerm>
<BasicBoolTerm Intrnl_Id="648">
<LocList>
<Loc EndOffset="10731" SrcFileId="3" StartOffset="10697"/>
</LocList>
</BasicBoolTerm>
<LocList>
<Loc EndOffset="10696" SrcFileId="3" StartOffset="10694"/>
</LocList>
</OpTerm>
</RootTerm>
</CondStmnt>
<BasicStmnt CovItemId="S174" CovItemPrefix="game.GUI.java" Intrnl_Id="649">
<LocList>
<Loc EndOffset="11105" SrcFileId="3" StartOffset="11092"/>
</LocList>
</BasicStmnt>
</StmntSeq>
</Branch>
<Branch CovItemId="B26" CovItemPrefix="game.GUI.java" Implct="false" Intrnl_Id="650">
<Cond>
<Loc EndOffset="11116" SrcFileId="3" StartOffset="11109"/>
</Cond>
<LocList>
<Loc EndOffset="11135" SrcFileId="3" StartOffset="11122"/>
</LocList>
<StmntSeq Intrnl_Id="651">
<LocList>
<Loc EndOffset="11135" SrcFileId="3" StartOffset="11122"/>
</LocList>
<BasicStmnt CovItemId="S175" CovItemPrefix="game.GUI.java" Intrnl_Id="652">
<LocList>
<Loc EndOffset="11135" SrcFileId="3" StartOffset="11122"/>
</LocList>
</BasicStmnt>
</StmntSeq>
</Branch>
<Keyword EndOffset="9250" SrcFileId="3" StartOffset="9244"/>
<LocList>
<Loc EndOffset="11140" SrcFileId="3" StartOffset="9244"/>
</LocList>
</CondStmnt>
</StmntSeq>
</HierarchyLvl>
<HierarchyLvl HierarchyLvlId="34" HierarchyLvlTypeId="8" Intrnl_Id="653" Name="switchPiece">
<Header>
<Loc EndOffset="11303" SrcFileId="3" StartOffset="11233"/>
</Header>
<LocList>
<Loc EndOffset="11529" SrcFileId="3" StartOffset="11233"/>
</LocList>
<StmntSeq Intrnl_Id="654">
<LocList>
<Loc EndOffset="11349" SrcFileId="3" StartOffset="11309"/>
<Loc EndOffset="11397" SrcFileId="3" StartOffset="11353"/>
<Loc EndOffset="11457" SrcFileId="3" StartOffset="11403"/>
<Loc EndOffset="11494" SrcFileId="3" StartOffset="11461"/>
<Loc EndOffset="11525" SrcFileId="3" StartOffset="11500"/>
</LocList>
<BasicStmnt CovItemId="S176" CovItemPrefix="game.GUI.java" Intrnl_Id="655">
<LocList>
<Loc EndOffset="11349" SrcFileId="3" StartOffset="11309"/>
</LocList>
</BasicStmnt>
<BasicStmnt CovItemId="S177" CovItemPrefix="game.GUI.java" Intrnl_Id="656">
<LocList>
<Loc EndOffset="11397" SrcFileId="3" StartOffset="11353"/>
</LocList>
</BasicStmnt>
<BasicStmnt CovItemId="S178" CovItemPrefix="game.GUI.java" Intrnl_Id="657">
<LocList>
<Loc EndOffset="11457" SrcFileId="3" StartOffset="11403"/>
</LocList>
</BasicStmnt>
<BasicStmnt CovItemId="S179" CovItemPrefix="game.GUI.java" Intrnl_Id="658">
<LocList>
<Loc EndOffset="11494" SrcFileId="3" StartOffset="11461"/>
</LocList>
</BasicStmnt>
<BasicStmnt CovItemId="S180" CovItemPrefix="game.GUI.java" Intrnl_Id="659">
<LocList>
<Loc EndOffset="11525" SrcFileId="3" StartOffset="11500"/>
</LocList>
</BasicStmnt>
</StmntSeq>
</HierarchyLvl>
<HierarchyLvl HierarchyLvlId="36" HierarchyLvlTypeId="9" Intrnl_Id="660" Name="newGameListener">
<Header>
<Loc EndOffset="11581" SrcFileId="3" StartOffset="11534"/>
</Header>
<LocList>
<Loc EndOffset="16827" SrcFileId="3" StartOffset="11534"/>
</LocList>
<HierarchyLvl HierarchyLvlId="35" HierarchyLvlTypeId="8" Intrnl_Id="661" Name="actionPerformed">
<Header>
<Loc EndOffset="11644" SrcFileId="3" StartOffset="11589"/>
</Header>
<LocList>
<Loc EndOffset="16823" SrcFileId="3" StartOffset="11589"/>
</LocList>
<StmntSeq Intrnl_Id="662">
<LocList>
<Loc EndOffset="11687" SrcFileId="3" StartOffset="11651"/>
<Loc EndOffset="11724" SrcFileId="3" StartOffset="11692"/>
<Loc EndOffset="11772" SrcFileId="3" StartOffset="11729"/>
<Loc EndOffset="11856" SrcFileId="3" StartOffset="11777"/>
<Loc EndOffset="11892" SrcFileId="3" StartOffset="11861"/>
<Loc EndOffset="12004" SrcFileId="3" StartOffset="11899"/>
<Loc EndOffset="12051" SrcFileId="3" StartOffset="12009"/>
<Loc EndOffset="12077" SrcFileId="3" StartOffset="12056"/>
<Loc EndOffset="12105" SrcFileId="3" StartOffset="12082"/>
<Loc EndOffset="12195" SrcFileId="3" StartOffset="12161"/>
<Loc EndOffset="12314" SrcFileId="3" StartOffset="12257"/>
<Loc EndOffset="12358" SrcFileId="3" StartOffset="12319"/>
<Loc EndOffset="12403" SrcFileId="3" StartOffset="12363"/>
<Loc EndOffset="12467" SrcFileId="3" StartOffset="12408"/>
<Loc EndOffset="12501" SrcFileId="3" StartOffset="12472"/>
<Loc EndOffset="12529" SrcFileId="3" StartOffset="12506"/>
<Loc EndOffset="12671" SrcFileId="3" StartOffset="12534"/>
<Loc EndOffset="12705" SrcFileId="3" StartOffset="12676"/>
<Loc EndOffset="12754" SrcFileId="3" StartOffset="12712"/>
<Loc EndOffset="12788" SrcFileId="3" StartOffset="12759"/>
<Loc EndOffset="12834" SrcFileId="3" StartOffset="12793"/>
<Loc EndOffset="12899" SrcFileId="3" StartOffset="12839"/>
<Loc EndOffset="12927" SrcFileId="3" StartOffset="12904"/>
<Loc EndOffset="13037" SrcFileId="3" StartOffset="12932"/>
<Loc EndOffset="13071" SrcFileId="3" StartOffset="13042"/>
<Loc EndOffset="13161" SrcFileId="3" StartOffset="13127"/>
<Loc EndOffset="13224" SrcFileId="3" StartOffset="13166"/>
<Loc EndOffset="13268" SrcFileId="3" StartOffset="13229"/>
<Loc EndOffset="13313" SrcFileId="3" StartOffset="13273"/>
<Loc EndOffset="13377" SrcFileId="3" StartOffset="13318"/>
<Loc EndOffset="13411" SrcFileId="3" StartOffset="13382"/>
<Loc EndOffset="13439" SrcFileId="3" StartOffset="13416"/>
<Loc EndOffset="13577" SrcFileId="3" StartOffset="13444"/>
<Loc EndOffset="13611" SrcFileId="3" StartOffset="13582"/>
<Loc EndOffset="13660" SrcFileId="3" StartOffset="13618"/>
<Loc EndOffset="13694" SrcFileId="3" StartOffset="13665"/>
<Loc EndOffset="13740" SrcFileId="3" StartOffset="13699"/>
<Loc EndOffset="13805" SrcFileId="3" StartOffset="13745"/>
<Loc EndOffset="13833" SrcFileId="3" StartOffset="13810"/>
<Loc EndOffset="13939" SrcFileId="3" StartOffset="13838"/>
<Loc EndOffset="13973" SrcFileId="3" StartOffset="13944"/>
<Loc EndOffset="14063" SrcFileId="3" StartOffset="14026"/>
<Loc EndOffset="14126" SrcFileId="3" StartOffset="14068"/>
<Loc EndOffset="14173" SrcFileId="3" StartOffset="14131"/>
<Loc EndOffset="14224" SrcFileId="3" StartOffset="14178"/>
<Loc EndOffset="14294" SrcFileId="3" StartOffset="14229"/>
<Loc EndOffset="14331" SrcFileId="3" StartOffset="14299"/>
<Loc EndOffset="14362" SrcFileId="3" StartOffset="14336"/>
<Loc EndOffset="14480" SrcFileId="3" StartOffset="14367"/>
<Loc EndOffset="14517" SrcFileId="3" StartOffset="14485"/>
<Loc EndOffset="14625" SrcFileId="3" StartOffset="14524"/>
<Loc EndOffset="14715" SrcFileId="3" StartOffset="14630"/>
<Loc EndOffset="14756" SrcFileId="3" StartOffset="14720"/>
<Loc EndOffset="14796" SrcFileId="3" StartOffset="14761"/>
<Loc EndOffset="14830" SrcFileId="3" StartOffset="14801"/>
<Loc EndOffset="14916" SrcFileId="3" StartOffset="14835"/>
<Loc EndOffset="14956" SrcFileId="3" StartOffset="14921"/>
<Loc EndOffset="15045" SrcFileId="3" StartOffset="15009"/>
<Loc EndOffset="15111" SrcFileId="3" StartOffset="15050"/>
<Loc EndOffset="15157" SrcFileId="3" StartOffset="15116"/>
<Loc EndOffset="15206" SrcFileId="3" StartOffset="15162"/>
<Loc EndOffset="15274" SrcFileId="3" StartOffset="15211"/>
<Loc EndOffset="15310" SrcFileId="3" StartOffset="15279"/>
<Loc EndOffset="15340" SrcFileId="3" StartOffset="15315"/>
<Loc EndOffset="15484" SrcFileId="3" StartOffset="15345"/>
<Loc EndOffset="15520" SrcFileId="3" StartOffset="15489"/>
<Loc EndOffset="15627" SrcFileId="3" StartOffset="15527"/>
<Loc EndOffset="15715" SrcFileId="3" StartOffset="15632"/>
<Loc EndOffset="15755" SrcFileId="3" StartOffset="15720"/>
<Loc EndOffset="15794" SrcFileId="3" StartOffset="15760"/>
<Loc EndOffset="15827" SrcFileId="3" StartOffset="15799"/>
<Loc EndOffset="15943" SrcFileId="3" StartOffset="15832"/>
<Loc EndOffset="15982" SrcFileId="3" StartOffset="15948"/>
<Loc EndOffset="16061" SrcFileId="3" StartOffset="16021"/>
<Loc EndOffset="16099" SrcFileId="3" StartOffset="16066"/>
<Loc EndOffset="16142" SrcFileId="3" StartOffset="16104"/>
<Loc EndOffset="16301" SrcFileId="3" StartOffset="16147"/>
<Loc EndOffset="16333" SrcFileId="3" StartOffset="16306"/>
<Loc EndOffset="16397" SrcFileId="3" StartOffset="16338"/>
<Loc EndOffset="16435" SrcFileId="3" StartOffset="16402"/>
<Loc EndOffset="16507" SrcFileId="3" StartOffset="16470"/>
<Loc EndOffset="16542" SrcFileId="3" StartOffset="16512"/>
<Loc EndOffset="16578" SrcFileId="3" StartOffset="16547"/>
<Loc EndOffset="16696" SrcFileId="3" StartOffset="16583"/>
<Loc EndOffset="16725" SrcFileId="3" StartOffset="16701"/>
<Loc EndOffset="16783" SrcFileId="3" StartOffset="16730"/>
<Loc EndOffset="16818" SrcFileId="3" StartOffset="16788"/>
</LocList>
<BasicStmnt CovItemId="S181" CovItemPrefix="game.GUI.java" Intrnl_Id="663">
<LocList>
<Loc EndOffset="11687" SrcFileId="3" StartOffset="11651"/>
</LocList>
</BasicStmnt>
<BasicStmnt CovItemId="S182" CovItemPrefix="game.GUI.java" Intrnl_Id="664">
<LocList>
<Loc EndOffset="11724" SrcFileId="3" StartOffset="11692"/>
</LocList>
</BasicStmnt>
<BasicStmnt CovItemId="S183" CovItemPrefix="game.GUI.java" Intrnl_Id="665">
<LocList>
<Loc EndOffset="11772" SrcFileId="3" StartOffset="11729"/>
</LocList>
</BasicStmnt>
<BasicStmnt CovItemId="S184" CovItemPrefix="game.GUI.java" Intrnl_Id="666">
<LocList>
<Loc EndOffset="11856" SrcFileId="3" StartOffset="11777"/>
</LocList>
</BasicStmnt>
<BasicStmnt CovItemId="S185" CovItemPrefix="game.GUI.java" Intrnl_Id="667">
<LocList>
<Loc EndOffset="11892" SrcFileId="3" StartOffset="11861"/>
</LocList>
</BasicStmnt>
<BasicStmnt CovItemId="S186" CovItemPrefix="game.GUI.java" Intrnl_Id="668">
<LocList>
<Loc EndOffset="12004" SrcFileId="3" StartOffset="11899"/>
</LocList>
</BasicStmnt>
<BasicStmnt CovItemId="S187" CovItemPrefix="game.GUI.java" Intrnl_Id="669">
<LocList>
<Loc EndOffset="12051" SrcFileId="3" StartOffset="12009"/>
</LocList>
</BasicStmnt>
<BasicStmnt CovItemId="S188" CovItemPrefix="game.GUI.java" Intrnl_Id="670">
<LocList>
<Loc EndOffset="12077" SrcFileId="3" StartOffset="12056"/>
</LocList>
</BasicStmnt>
<BasicStmnt CovItemId="S189" CovItemPrefix="game.GUI.java" Intrnl_Id="671">
<LocList>
<Loc EndOffset="12105" SrcFileId="3" StartOffset="12082"/>
</LocList>
</BasicStmnt>
<BasicStmnt CovItemId="S190" CovItemPrefix="game.GUI.java" Intrnl_Id="672">
<LocList>
<Loc EndOffset="12195" SrcFileId="3" StartOffset="12161"/>
</LocList>
</BasicStmnt>
<BasicStmnt CovItemId="S191" CovItemPrefix="game.GUI.java" Intrnl_Id="673">
<LocList>
<Loc EndOffset="12314" SrcFileId="3" StartOffset="12257"/>
</LocList>
</BasicStmnt>
<BasicStmnt CovItemId="S192" CovItemPrefix="game.GUI.java" Intrnl_Id="674">
<LocList>
<Loc EndOffset="12358" SrcFileId="3" StartOffset="12319"/>
</LocList>
</BasicStmnt>
<BasicStmnt CovItemId="S193" CovItemPrefix="game.GUI.java" Intrnl_Id="675">
<LocList>
<Loc EndOffset="12403" SrcFileId="3" StartOffset="12363"/>
</LocList>
</BasicStmnt>
<BasicStmnt CovItemId="S194" CovItemPrefix="game.GUI.java" Intrnl_Id="676">
<LocList>
<Loc EndOffset="12467" SrcFileId="3" StartOffset="12408"/>
</LocList>
</BasicStmnt>
<BasicStmnt CovItemId="S195" CovItemPrefix="game.GUI.java" Intrnl_Id="677">
<LocList>
<Loc EndOffset="12501" SrcFileId="3" StartOffset="12472"/>
</LocList>
</BasicStmnt>
<BasicStmnt CovItemId="S196" CovItemPrefix="game.GUI.java" Intrnl_Id="678">
<LocList>
<Loc EndOffset="12529" SrcFileId="3" StartOffset="12506"/>
</LocList>
</BasicStmnt>
<BasicStmnt CovItemId="S197" CovItemPrefix="game.GUI.java" Intrnl_Id="679">
<LocList>
<Loc EndOffset="12671" SrcFileId="3" StartOffset="12534"/>
</LocList>
</BasicStmnt>
<BasicStmnt CovItemId="S198" CovItemPrefix="game.GUI.java" Intrnl_Id="680">
<LocList>
<Loc EndOffset="12705" SrcFileId="3" StartOffset="12676"/>
</LocList>
</BasicStmnt>
<BasicStmnt CovItemId="S199" CovItemPrefix="game.GUI.java" Intrnl_Id="681">
<LocList>
<Loc EndOffset="12754" SrcFileId="3" StartOffset="12712"/>
</LocList>
</BasicStmnt>
<BasicStmnt CovItemId="S200" CovItemPrefix="game.GUI.java" Intrnl_Id="682">
<LocList>
<Loc EndOffset="12788" SrcFileId="3" StartOffset="12759"/>
</LocList>
</BasicStmnt>
<BasicStmnt CovItemId="S201" CovItemPrefix="game.GUI.java" Intrnl_Id="683">
<LocList>
<Loc EndOffset="12834" SrcFileId="3" StartOffset="12793"/>
</LocList>
</BasicStmnt>
<BasicStmnt CovItemId="S202" CovItemPrefix="game.GUI.java" Intrnl_Id="684">
<LocList>
<Loc EndOffset="12899" SrcFileId="3" StartOffset="12839"/>
</LocList>
</BasicStmnt>
<BasicStmnt CovItemId="S203" CovItemPrefix="game.GUI.java" Intrnl_Id="685">
<LocList>
<Loc EndOffset="12927" SrcFileId="3" StartOffset="12904"/>
</LocList>
</BasicStmnt>
<BasicStmnt CovItemId="S204" CovItemPrefix="game.GUI.java" Intrnl_Id="686">
<LocList>
<Loc EndOffset="13037" SrcFileId="3" StartOffset="12932"/>
</LocList>
</BasicStmnt>
<BasicStmnt CovItemId="S205" CovItemPrefix="game.GUI.java" Intrnl_Id="687">
<LocList>
<Loc EndOffset="13071" SrcFileId="3" StartOffset="13042"/>
</LocList>
</BasicStmnt>
<BasicStmnt CovItemId="S206" CovItemPrefix="game.GUI.java" Intrnl_Id="688">
<LocList>
<Loc EndOffset="13161" SrcFileId="3" StartOffset="13127"/>
</LocList>
</BasicStmnt>
<BasicStmnt CovItemId="S207" CovItemPrefix="game.GUI.java" Intrnl_Id="689">
<LocList>
<Loc EndOffset="13224" SrcFileId="3" StartOffset="13166"/>
</LocList>
</BasicStmnt>
<BasicStmnt CovItemId="S208" CovItemPrefix="game.GUI.java" Intrnl_Id="690">
<LocList>
<Loc EndOffset="13268" SrcFileId="3" StartOffset="13229"/>
</LocList>
</BasicStmnt>
<BasicStmnt CovItemId="S209" CovItemPrefix="game.GUI.java" Intrnl_Id="691">
<LocList>
<Loc EndOffset="13313" SrcFileId="3" StartOffset="13273"/>
</LocList>
</BasicStmnt>
<BasicStmnt CovItemId="S210" CovItemPrefix="game.GUI.java" Intrnl_Id="692">
<LocList>
<Loc EndOffset="13377" SrcFileId="3" StartOffset="13318"/>
</LocList>
</BasicStmnt>
<BasicStmnt CovItemId="S211" CovItemPrefix="game.GUI.java" Intrnl_Id="693">
<LocList>
<Loc EndOffset="13411" SrcFileId="3" StartOffset="13382"/>
</LocList>
</BasicStmnt>
<BasicStmnt CovItemId="S212" CovItemPrefix="game.GUI.java" Intrnl_Id="694">
<LocList>
<Loc EndOffset="13439" SrcFileId="3" StartOffset="13416"/>
</LocList>
</BasicStmnt>
<BasicStmnt CovItemId="S213" CovItemPrefix="game.GUI.java" Intrnl_Id="695">
<LocList>
<Loc EndOffset="13577" SrcFileId="3" StartOffset="13444"/>
</LocList>
</BasicStmnt>
<BasicStmnt CovItemId="S214" CovItemPrefix="game.GUI.java" Intrnl_Id="696">
<LocList>
<Loc EndOffset="13611" SrcFileId="3" StartOffset="13582"/>
</LocList>
</BasicStmnt>
<BasicStmnt CovItemId="S215" CovItemPrefix="game.GUI.java" Intrnl_Id="697">
<LocList>
<Loc EndOffset="13660" SrcFileId="3" StartOffset="13618"/>
</LocList>
</BasicStmnt>
<BasicStmnt CovItemId="S216" CovItemPrefix="game.GUI.java" Intrnl_Id="698">
<LocList>
<Loc EndOffset="13694" SrcFileId="3" StartOffset="13665"/>
</LocList>
</BasicStmnt>
<BasicStmnt CovItemId="S217" CovItemPrefix="game.GUI.java" Intrnl_Id="699">
<LocList>
<Loc EndOffset="13740" SrcFileId="3" StartOffset="13699"/>
</LocList>
</BasicStmnt>
<BasicStmnt CovItemId="S218" CovItemPrefix="game.GUI.java" Intrnl_Id="700">
<LocList>
<Loc EndOffset="13805" SrcFileId="3" StartOffset="13745"/>
</LocList>
</BasicStmnt>
<BasicStmnt CovItemId="S219" CovItemPrefix="game.GUI.java" Intrnl_Id="701">
<LocList>
<Loc EndOffset="13833" SrcFileId="3" StartOffset="13810"/>
</LocList>
</BasicStmnt>
<BasicStmnt CovItemId="S220" CovItemPrefix="game.GUI.java" Intrnl_Id="702">
<LocList>
<Loc EndOffset="13939" SrcFileId="3" StartOffset="13838"/>
</LocList>
</BasicStmnt>
<BasicStmnt CovItemId="S221" CovItemPrefix="game.GUI.java" Intrnl_Id="703">
<LocList>
<Loc EndOffset="13973" SrcFileId="3" StartOffset="13944"/>
</LocList>
</BasicStmnt>
<BasicStmnt CovItemId="S222" CovItemPrefix="game.GUI.java" Intrnl_Id="704">
<LocList>
<Loc EndOffset="14063" SrcFileId="3" StartOffset="14026"/>
</LocList>
</BasicStmnt>
<BasicStmnt CovItemId="S223" CovItemPrefix="game.GUI.java" Intrnl_Id="705">
<LocList>
<Loc EndOffset="14126" SrcFileId="3" StartOffset="14068"/>
</LocList>
</BasicStmnt>
<BasicStmnt CovItemId="S224" CovItemPrefix="game.GUI.java" Intrnl_Id="706">
<LocList>
<Loc EndOffset="14173" SrcFileId="3" StartOffset="14131"/>
</LocList>
</BasicStmnt>
<BasicStmnt CovItemId="S225" CovItemPrefix="game.GUI.java" Intrnl_Id="707">
<LocList>
<Loc EndOffset="14224" SrcFileId="3" StartOffset="14178"/>
</LocList>
</BasicStmnt>
<BasicStmnt CovItemId="S226" CovItemPrefix="game.GUI.java" Intrnl_Id="708">
<LocList>
<Loc EndOffset="14294" SrcFileId="3" StartOffset="14229"/>
</LocList>
</BasicStmnt>
<BasicStmnt CovItemId="S227" CovItemPrefix="game.GUI.java" Intrnl_Id="709">
<LocList>
<Loc EndOffset="14331" SrcFileId="3" StartOffset="14299"/>
</LocList>
</BasicStmnt>
<BasicStmnt CovItemId="S228" CovItemPrefix="game.GUI.java" Intrnl_Id="710">
<LocList>
<Loc EndOffset="14362" SrcFileId="3" StartOffset="14336"/>
</LocList>
</BasicStmnt>
<BasicStmnt CovItemId="S229" CovItemPrefix="game.GUI.java" Intrnl_Id="711">
<LocList>
<Loc EndOffset="14480" SrcFileId="3" StartOffset="14367"/>
</LocList>
</BasicStmnt>
<BasicStmnt CovItemId="S230" CovItemPrefix="game.GUI.java" Intrnl_Id="712">
<LocList>
<Loc EndOffset="14517" SrcFileId="3" StartOffset="14485"/>
</LocList>
</BasicStmnt>
<BasicStmnt CovItemId="S231" CovItemPrefix="game.GUI.java" Intrnl_Id="713">
<LocList>
<Loc EndOffset="14625" SrcFileId="3" StartOffset="14524"/>
</LocList>
</BasicStmnt>
<BasicStmnt CovItemId="S232" CovItemPrefix="game.GUI.java" Intrnl_Id="714">
<LocList>
<Loc EndOffset="14715" SrcFileId="3" StartOffset="14630"/>
</LocList>
</BasicStmnt>
<BasicStmnt CovItemId="S233" CovItemPrefix="game.GUI.java" Intrnl_Id="715">
<LocList>
<Loc EndOffset="14756" SrcFileId="3" StartOffset="14720"/>
</LocList>
</BasicStmnt>
<BasicStmnt CovItemId="S234" CovItemPrefix="game.GUI.java" Intrnl_Id="716">
<LocList>
<Loc EndOffset="14796" SrcFileId="3" StartOffset="14761"/>
</LocList>
</BasicStmnt>
<BasicStmnt CovItemId="S235" CovItemPrefix="game.GUI.java" Intrnl_Id="717">
<LocList>
<Loc EndOffset="14830" SrcFileId="3" StartOffset="14801"/>
</LocList>
</BasicStmnt>
<BasicStmnt CovItemId="S236" CovItemPrefix="game.GUI.java" Intrnl_Id="718">
<LocList>
<Loc EndOffset="14916" SrcFileId="3" StartOffset="14835"/>
</LocList>
</BasicStmnt>
<BasicStmnt CovItemId="S237" CovItemPrefix="game.GUI.java" Intrnl_Id="719">
<LocList>
<Loc EndOffset="14956" SrcFileId="3" StartOffset="14921"/>
</LocList>
</BasicStmnt>
<BasicStmnt CovItemId="S238" CovItemPrefix="game.GUI.java" Intrnl_Id="720">
<LocList>
<Loc EndOffset="15045" SrcFileId="3" StartOffset="15009"/>
</LocList>
</BasicStmnt>
<BasicStmnt CovItemId="S239" CovItemPrefix="game.GUI.java" Intrnl_Id="721">
<LocList>
<Loc EndOffset="15111" SrcFileId="3" StartOffset="15050"/>
</LocList>
</BasicStmnt>
<BasicStmnt CovItemId="S240" CovItemPrefix="game.GUI.java" Intrnl_Id="722">
<LocList>
<Loc EndOffset="15157" SrcFileId="3" StartOffset="15116"/>
</LocList>
</BasicStmnt>
<BasicStmnt CovItemId="S241" CovItemPrefix="game.GUI.java" Intrnl_Id="723">
<LocList>
<Loc EndOffset="15206" SrcFileId="3" StartOffset="15162"/>
</LocList>
</BasicStmnt>
<BasicStmnt CovItemId="S242" CovItemPrefix="game.GUI.java" Intrnl_Id="724">
<LocList>
<Loc EndOffset="15274" SrcFileId="3" StartOffset="15211"/>
</LocList>
</BasicStmnt>
<BasicStmnt CovItemId="S243" CovItemPrefix="game.GUI.java" Intrnl_Id="725">
<LocList>
<Loc EndOffset="15310" SrcFileId="3" StartOffset="15279"/>
</LocList>
</BasicStmnt>
<BasicStmnt CovItemId="S244" CovItemPrefix="game.GUI.java" Intrnl_Id="726">
<LocList>
<Loc EndOffset="15340" SrcFileId="3" StartOffset="15315"/>
</LocList>
</BasicStmnt>
<BasicStmnt CovItemId="S245" CovItemPrefix="game.GUI.java" Intrnl_Id="727">
<LocList>
<Loc EndOffset="15484" SrcFileId="3" StartOffset="15345"/>
</LocList>
</BasicStmnt>
<BasicStmnt CovItemId="S246" CovItemPrefix="game.GUI.java" Intrnl_Id="728">
<LocList>
<Loc EndOffset="15520" SrcFileId="3" StartOffset="15489"/>
</LocList>
</BasicStmnt>
<BasicStmnt CovItemId="S247" CovItemPrefix="game.GUI.java" Intrnl_Id="729">
<LocList>
<Loc EndOffset="15627" SrcFileId="3" StartOffset="15527"/>
</LocList>
</BasicStmnt>
<BasicStmnt CovItemId="S248" CovItemPrefix="game.GUI.java" Intrnl_Id="730">
<LocList>
<Loc EndOffset="15715" SrcFileId="3" StartOffset="15632"/>
</LocList>
</BasicStmnt>
<BasicStmnt CovItemId="S249" CovItemPrefix="game.GUI.java" Intrnl_Id="731">
<LocList>
<Loc EndOffset="15755" SrcFileId="3" StartOffset="15720"/>
</LocList>
</BasicStmnt>
<BasicStmnt CovItemId="S250" CovItemPrefix="game.GUI.java" Intrnl_Id="732">
<LocList>
<Loc EndOffset="15794" SrcFileId="3" StartOffset="15760"/>
</LocList>
</BasicStmnt>
<BasicStmnt CovItemId="S251" CovItemPrefix="game.GUI.java" Intrnl_Id="733">
<LocList>
<Loc EndOffset="15827" SrcFileId="3" StartOffset="15799"/>
</LocList>
</BasicStmnt>
<BasicStmnt CovItemId="S252" CovItemPrefix="game.GUI.java" Intrnl_Id="734">
<LocList>
<Loc EndOffset="15943" SrcFileId="3" StartOffset="15832"/>
</LocList>
</BasicStmnt>
<BasicStmnt CovItemId="S253" CovItemPrefix="game.GUI.java" Intrnl_Id="735">
<LocList>
<Loc EndOffset="15982" SrcFileId="3" StartOffset="15948"/>
</LocList>
</BasicStmnt>
<BasicStmnt CovItemId="S254" CovItemPrefix="game.GUI.java" Intrnl_Id="736">
<LocList>
<Loc EndOffset="16061" SrcFileId="3" StartOffset="16021"/>
</LocList>
</BasicStmnt>
<BasicStmnt CovItemId="S255" CovItemPrefix="game.GUI.java" Intrnl_Id="737">
<LocList>
<Loc EndOffset="16099" SrcFileId="3" StartOffset="16066"/>
</LocList>
</BasicStmnt>
<BasicStmnt CovItemId="S256" CovItemPrefix="game.GUI.java" Intrnl_Id="738">
<LocList>
<Loc EndOffset="16142" SrcFileId="3" StartOffset="16104"/>
</LocList>
</BasicStmnt>
<BasicStmnt CovItemId="S257" CovItemPrefix="game.GUI.java" Intrnl_Id="739">
<LocList>
<Loc EndOffset="16301" SrcFileId="3" StartOffset="16147"/>
</LocList>
</BasicStmnt>
<BasicStmnt CovItemId="S258" CovItemPrefix="game.GUI.java" Intrnl_Id="740">
<LocList>
<Loc EndOffset="16333" SrcFileId="3" StartOffset="16306"/>
</LocList>
</BasicStmnt>
<BasicStmnt CovItemId="S259" CovItemPrefix="game.GUI.java" Intrnl_Id="741">
<LocList>
<Loc EndOffset="16397" SrcFileId="3" StartOffset="16338"/>
</LocList>
</BasicStmnt>
<BasicStmnt CovItemId="S260" CovItemPrefix="game.GUI.java" Intrnl_Id="742">
<LocList>
<Loc EndOffset="16435" SrcFileId="3" StartOffset="16402"/>
</LocList>
</BasicStmnt>
<BasicStmnt CovItemId="S261" CovItemPrefix="game.GUI.java" Intrnl_Id="743">
<LocList>
<Loc EndOffset="16507" SrcFileId="3" StartOffset="16470"/>
</LocList>
</BasicStmnt>
<BasicStmnt CovItemId="S262" CovItemPrefix="game.GUI.java" Intrnl_Id="744">
<LocList>
<Loc EndOffset="16542" SrcFileId="3" StartOffset="16512"/>
</LocList>
</BasicStmnt>
<BasicStmnt CovItemId="S263" CovItemPrefix="game.GUI.java" Intrnl_Id="745">
<LocList>
<Loc EndOffset="16578" SrcFileId="3" StartOffset="16547"/>
</LocList>
</BasicStmnt>
<BasicStmnt CovItemId="S264" CovItemPrefix="game.GUI.java" Intrnl_Id="746">
<LocList>
<Loc EndOffset="16696" SrcFileId="3" StartOffset="16583"/>
</LocList>
</BasicStmnt>
<BasicStmnt CovItemId="S265" CovItemPrefix="game.GUI.java" Intrnl_Id="747">
<LocList>
<Loc EndOffset="16725" SrcFileId="3" StartOffset="16701"/>
</LocList>
</BasicStmnt>
<BasicStmnt CovItemId="S266" CovItemPrefix="game.GUI.java" Intrnl_Id="748">
<LocList>
<Loc EndOffset="16783" SrcFileId="3" StartOffset="16730"/>
</LocList>
</BasicStmnt>
<BasicStmnt CovItemId="S267" CovItemPrefix="game.GUI.java" Intrnl_Id="749">
<LocList>
<Loc EndOffset="16818" SrcFileId="3" StartOffset="16788"/>
</LocList>
</BasicStmnt>
</StmntSeq>
</HierarchyLvl>
</HierarchyLvl>
<HierarchyLvl HierarchyLvlId="38" HierarchyLvlTypeId="9" Intrnl_Id="750" Name="loadGameListener">
<Header>
<Loc EndOffset="16880" SrcFileId="3" StartOffset="16832"/>
</Header>
<LocList>
<Loc EndOffset="17353" SrcFileId="3" StartOffset="16832"/>
</LocList>
<HierarchyLvl HierarchyLvlId="37" HierarchyLvlTypeId="8" Intrnl_Id="751" Name="actionPerformed">
<Header>
<Loc EndOffset="16943" SrcFileId="3" StartOffset="16888"/>
</Header>
<LocList>
<Loc EndOffset="17349" SrcFileId="3" StartOffset="16888"/>
</LocList>
<StmntSeq Intrnl_Id="752">
<LocList>
<Loc EndOffset="16996" SrcFileId="3" StartOffset="16950"/>
<Loc EndOffset="17083" SrcFileId="3" StartOffset="17001"/>
<Loc EndOffset="17149" SrcFileId="3" StartOffset="17088"/>
<Loc EndOffset="17344" SrcFileId="3" StartOffset="17154"/>
</LocList>
<BasicStmnt CovItemId="S268" CovItemPrefix="game.GUI.java" Intrnl_Id="753">
<LocList>
<Loc EndOffset="16996" SrcFileId="3" StartOffset="16950"/>
</LocList>
</BasicStmnt>
<BasicStmnt CovItemId="S269" CovItemPrefix="game.GUI.java" Intrnl_Id="754">
<LocList>
<Loc EndOffset="17083" SrcFileId="3" StartOffset="17001"/>
</LocList>
</BasicStmnt>
<BasicStmnt CovItemId="S270" CovItemPrefix="game.GUI.java" Intrnl_Id="755">
<LocList>
<Loc EndOffset="17149" SrcFileId="3" StartOffset="17088"/>
</LocList>
</BasicStmnt>
<CondStmnt CovItemId="S271" CovItemPrefix="game.GUI.java" Intrnl_Id="756">
<Branch CovItemId="B27" CovItemPrefix="game.GUI.java" Implct="false" Intrnl_Id="757">
<Cond/>
<LocList>
<Loc EndOffset="17344" SrcFileId="3" StartOffset="17197"/>
</LocList>
<StmntSeq Intrnl_Id="758">
<LocList>
<Loc EndOffset="17254" SrcFileId="3" StartOffset="17204"/>
<Loc EndOffset="17338" SrcFileId="3" StartOffset="17260"/>
</LocList>
<BasicStmnt CovItemId="S272" CovItemPrefix="game.GUI.java" Intrnl_Id="759">
<LocList>
<Loc EndOffset="17254" SrcFileId="3" StartOffset="17204"/>
</LocList>
</BasicStmnt>
<BasicStmnt CovItemId="S273" CovItemPrefix="game.GUI.java" Intrnl_Id="760">
<LocList>
<Loc EndOffset="17338" SrcFileId="3" StartOffset="17260"/>
</LocList>
</BasicStmnt>
</StmntSeq>
</Branch>
<Branch CovItemId="B28" CovItemPrefix="game.GUI.java" Implct="true" Intrnl_Id="761">
<Cond/>
<LocList/>
<StmntSeq Intrnl_Id="762">
<LocList/>
</StmntSeq>
</Branch>
<Keyword EndOffset="17156" SrcFileId="3" StartOffset="17154"/>
<LocList>
<Loc EndOffset="17344" SrcFileId="3" StartOffset="17154"/>
</LocList>
<RootTerm CovItemId="C7" CovItemPrefix="game.GUI.java" Intrnl_Id="763">
<BasicBoolTerm Intrnl_Id="764">
<LocList>
<Loc EndOffset="17195" SrcFileId="3" StartOffset="17158"/>
</LocList>
</BasicBoolTerm>
</RootTerm>
</CondStmnt>
</StmntSeq>
</HierarchyLvl>
</HierarchyLvl>
<HierarchyLvl HierarchyLvlId="40" HierarchyLvlTypeId="9" Intrnl_Id="765" Name="cancelListener">
<Header>
<Loc EndOffset="17404" SrcFileId="3" StartOffset="17358"/>
</Header>
<LocList>
<Loc EndOffset="17583" SrcFileId="3" StartOffset="17358"/>
</LocList>
<HierarchyLvl HierarchyLvlId="39" HierarchyLvlTypeId="8" Intrnl_Id="766" Name="actionPerformed">
<Header>
<Loc EndOffset="17467" SrcFileId="3" StartOffset="17412"/>
</Header>
<LocList>
<Loc EndOffset="17579" SrcFileId="3" StartOffset="17412"/>
</LocList>
<StmntSeq Intrnl_Id="767">
<LocList>
<Loc EndOffset="17517" SrcFileId="3" StartOffset="17474"/>
<Loc EndOffset="17545" SrcFileId="3" StartOffset="17522"/>
<Loc EndOffset="17574" SrcFileId="3" StartOffset="17550"/>
</LocList>
<BasicStmnt CovItemId="S274" CovItemPrefix="game.GUI.java" Intrnl_Id="768">
<LocList>
<Loc EndOffset="17517" SrcFileId="3" StartOffset="17474"/>
</LocList>
</BasicStmnt>
<BasicStmnt CovItemId="S275" CovItemPrefix="game.GUI.java" Intrnl_Id="769">
<LocList>
<Loc EndOffset="17545" SrcFileId="3" StartOffset="17522"/>
</LocList>
</BasicStmnt>
<BasicStmnt CovItemId="S276" CovItemPrefix="game.GUI.java" Intrnl_Id="770">
<LocList>
<Loc EndOffset="17574" SrcFileId="3" StartOffset="17550"/>
</LocList>
</BasicStmnt>
</StmntSeq>
</HierarchyLvl>
</HierarchyLvl>
<HierarchyLvl HierarchyLvlId="42" HierarchyLvlTypeId="9" Intrnl_Id="771" Name="startGameListener">
<Header>
<Loc EndOffset="17637" SrcFileId="3" StartOffset="17588"/>
</Header>
<LocList>
<Loc EndOffset="18446" SrcFileId="3" StartOffset="17588"/>
</LocList>
<HierarchyLvl HierarchyLvlId="41" HierarchyLvlTypeId="8" Intrnl_Id="772" Name="actionPerformed">
<Header>
<Loc EndOffset="17700" SrcFileId="3" StartOffset="17645"/>
</Header>
<LocList>
<Loc EndOffset="18442" SrcFileId="3" StartOffset="17645"/>
</LocList>
<StmntSeq Intrnl_Id="773">
<LocList>
<Loc EndOffset="17745" SrcFileId="3" StartOffset="17707"/>
<Loc EndOffset="17773" SrcFileId="3" StartOffset="17750"/>
<Loc EndOffset="17797" SrcFileId="3" StartOffset="17778"/>
<Loc EndOffset="17842" SrcFileId="3" StartOffset="17804"/>
<Loc EndOffset="17870" SrcFileId="3" StartOffset="17847"/>
<Loc EndOffset="17894" SrcFileId="3" StartOffset="17875"/>
<Loc EndOffset="17933" SrcFileId="3" StartOffset="17901"/>
<Loc EndOffset="17966" SrcFileId="3" StartOffset="17938"/>
<Loc EndOffset="18005" SrcFileId="3" StartOffset="17971"/>
<Loc EndOffset="18067" SrcFileId="3" StartOffset="18010"/>
<Loc EndOffset="18172" SrcFileId="3" StartOffset="18074"/>
<Loc EndOffset="18225" SrcFileId="3" StartOffset="18177"/>
<Loc EndOffset="18257" SrcFileId="3" StartOffset="18230"/>
<Loc EndOffset="18285" SrcFileId="3" StartOffset="18262"/>
<Loc EndOffset="18313" SrcFileId="3" StartOffset="18290"/>
<Loc EndOffset="18374" SrcFileId="3" StartOffset="18318"/>
<Loc EndOffset="18409" SrcFileId="3" StartOffset="18382"/>
<Loc EndOffset="18437" SrcFileId="3" StartOffset="18416"/>
</LocList>
<BasicStmnt CovItemId="S277" CovItemPrefix="game.GUI.java" Intrnl_Id="774">
<LocList>
<Loc EndOffset="17745" SrcFileId="3" StartOffset="17707"/>
</LocList>
</BasicStmnt>
<BasicStmnt CovItemId="S278" CovItemPrefix="game.GUI.java" Intrnl_Id="775">
<LocList>
<Loc EndOffset="17773" SrcFileId="3" StartOffset="17750"/>
</LocList>
</BasicStmnt>
<BasicStmnt CovItemId="S279" CovItemPrefix="game.GUI.java" Intrnl_Id="776">
<LocList>
<Loc EndOffset="17797" SrcFileId="3" StartOffset="17778"/>
</LocList>
</BasicStmnt>
<BasicStmnt CovItemId="S280" CovItemPrefix="game.GUI.java" Intrnl_Id="777">
<LocList>
<Loc EndOffset="17842" SrcFileId="3" StartOffset="17804"/>
</LocList>
</BasicStmnt>
<BasicStmnt CovItemId="S281" CovItemPrefix="game.GUI.java" Intrnl_Id="778">
<LocList>
<Loc EndOffset="17870" SrcFileId="3" StartOffset="17847"/>
</LocList>
</BasicStmnt>
<BasicStmnt CovItemId="S282" CovItemPrefix="game.GUI.java" Intrnl_Id="779">
<LocList>
<Loc EndOffset="17894" SrcFileId="3" StartOffset="17875"/>
</LocList>
</BasicStmnt>
<BasicStmnt CovItemId="S283" CovItemPrefix="game.GUI.java" Intrnl_Id="780">
<LocList>
<Loc EndOffset="17933" SrcFileId="3" StartOffset="17901"/>
</LocList>
</BasicStmnt>
<BasicStmnt CovItemId="S284" CovItemPrefix="game.GUI.java" Intrnl_Id="781">
<LocList>
<Loc EndOffset="17966" SrcFileId="3" StartOffset="17938"/>
</LocList>
</BasicStmnt>
<BasicStmnt CovItemId="S285" CovItemPrefix="game.GUI.java" Intrnl_Id="782">
<LocList>
<Loc EndOffset="18005" SrcFileId="3" StartOffset="17971"/>
</LocList>
</BasicStmnt>
<BasicStmnt CovItemId="S286" CovItemPrefix="game.GUI.java" Intrnl_Id="783">
<LocList>
<Loc EndOffset="18067" SrcFileId="3" StartOffset="18010"/>
</LocList>
</BasicStmnt>
<BasicStmnt CovItemId="S287" CovItemPrefix="game.GUI.java" Intrnl_Id="784">
<LocList>
<Loc EndOffset="18172" SrcFileId="3" StartOffset="18074"/>
</LocList>
</BasicStmnt>
<BasicStmnt CovItemId="S288" CovItemPrefix="game.GUI.java" Intrnl_Id="785">
<LocList>
<Loc EndOffset="18225" SrcFileId="3" StartOffset="18177"/>
</LocList>
</BasicStmnt>
<BasicStmnt CovItemId="S289" CovItemPrefix="game.GUI.java" Intrnl_Id="786">
<LocList>
<Loc EndOffset="18257" SrcFileId="3" StartOffset="18230"/>
</LocList>
</BasicStmnt>
<BasicStmnt CovItemId="S290" CovItemPrefix="game.GUI.java" Intrnl_Id="787">
<LocList>
<Loc EndOffset="18285" SrcFileId="3" StartOffset="18262"/>
</LocList>
</BasicStmnt>
<BasicStmnt CovItemId="S291" CovItemPrefix="game.GUI.java" Intrnl_Id="788">
<LocList>
<Loc EndOffset="18313" SrcFileId="3" StartOffset="18290"/>
</LocList>
</BasicStmnt>
<BasicStmnt CovItemId="S292" CovItemPrefix="game.GUI.java" Intrnl_Id="789">
<LocList>
<Loc EndOffset="18374" SrcFileId="3" StartOffset="18318"/>
</LocList>
</BasicStmnt>
<BasicStmnt CovItemId="S293" CovItemPrefix="game.GUI.java" Intrnl_Id="790">
<LocList>
<Loc EndOffset="18409" SrcFileId="3" StartOffset="18382"/>
</LocList>
</BasicStmnt>
<BasicStmnt CovItemId="S294" CovItemPrefix="game.GUI.java" Intrnl_Id="791">
<LocList>
<Loc EndOffset="18437" SrcFileId="3" StartOffset="18416"/>
</LocList>
</BasicStmnt>
</StmntSeq>
</HierarchyLvl>
</HierarchyLvl>
<HierarchyLvl HierarchyLvlId="49" HierarchyLvlTypeId="9" Intrnl_Id="792" Name="MovementListener">
<Header>
<Loc EndOffset="18507" SrcFileId="3" StartOffset="18452"/>
</Header>
<LocList>
<Loc EndOffset="20872" SrcFileId="3" StartOffset="18452"/>
</LocList>
<HierarchyLvl HierarchyLvlId="43" HierarchyLvlTypeId="8" Intrnl_Id="793" Name="MovementListener">
<Header>
<Loc EndOffset="18602" SrcFileId="3" StartOffset="18576"/>
</Header>
<LocList>
<Loc EndOffset="18674" SrcFileId="3" StartOffset="18576"/>
</LocList>
<StmntSeq Intrnl_Id="794">
<LocList>
<Loc EndOffset="18638" SrcFileId="3" StartOffset="18608"/>
<Loc EndOffset="18669" SrcFileId="3" StartOffset="18643"/>
</LocList>
<BasicStmnt CovItemId="S295" CovItemPrefix="game.GUI.java" Intrnl_Id="795">
<LocList>
<Loc EndOffset="18638" SrcFileId="3" StartOffset="18608"/>
</LocList>
</BasicStmnt>
<BasicStmnt CovItemId="S296" CovItemPrefix="game.GUI.java" Intrnl_Id="796">
<LocList>
<Loc EndOffset="18669" SrcFileId="3" StartOffset="18643"/>
</LocList>
</BasicStmnt>
</StmntSeq>
</HierarchyLvl>
<HierarchyLvl HierarchyLvlId="44" HierarchyLvlTypeId="8" Intrnl_Id="797" Name="mouseClicked">
<Header>
<Loc EndOffset="18731" SrcFileId="3" StartOffset="18680"/>
</Header>
<LocList>
<Loc EndOffset="18755" SrcFileId="3" StartOffset="18680"/>
</LocList>
</HierarchyLvl>
<HierarchyLvl HierarchyLvlId="45" HierarchyLvlTypeId="8" Intrnl_Id="798" Name="mouseReleased">
<Header>
<Loc EndOffset="18813" SrcFileId="3" StartOffset="18761"/>
</Header>
<LocList>
<Loc EndOffset="18839" SrcFileId="3" StartOffset="18761"/>
</LocList>
</HierarchyLvl>
<HierarchyLvl HierarchyLvlId="46" HierarchyLvlTypeId="8" Intrnl_Id="799" Name="mouseEntered">
<Header>
<Loc EndOffset="18896" SrcFileId="3" StartOffset="18845"/>
</Header>
<LocList>
<Loc EndOffset="18920" SrcFileId="3" StartOffset="18845"/>
</LocList>
</HierarchyLvl>
<HierarchyLvl HierarchyLvlId="47" HierarchyLvlTypeId="8" Intrnl_Id="800" Name="mouseExited">
<Header>
<Loc EndOffset="18976" SrcFileId="3" StartOffset="18926"/>
</Header>
<LocList>
<Loc EndOffset="19000" SrcFileId="3" StartOffset="18926"/>
</LocList>
</HierarchyLvl>
<HierarchyLvl HierarchyLvlId="48" HierarchyLvlTypeId="8" Intrnl_Id="801" Name="mousePressed">
<Header>
<Loc EndOffset="19057" SrcFileId="3" StartOffset="19006"/>
</Header>
<LocList>
<Loc EndOffset="20868" SrcFileId="3" StartOffset="19006"/>
</LocList>
<StmntSeq Intrnl_Id="802">
<LocList>
<Loc EndOffset="19164" SrcFileId="3" StartOffset="19107"/>
<Loc EndOffset="19210" SrcFileId="3" StartOffset="19169"/>
<Loc EndOffset="19260" SrcFileId="3" StartOffset="19220"/>
<Loc EndOffset="19305" SrcFileId="3" StartOffset="19265"/>
<Loc EndOffset="19385" SrcFileId="3" StartOffset="19348"/>
<Loc EndOffset="19430" SrcFileId="3" StartOffset="19390"/>
<Loc EndOffset="20863" SrcFileId="3" StartOffset="19440"/>
</LocList>
<BasicStmnt CovItemId="S297" CovItemPrefix="game.GUI.java" Intrnl_Id="803">
<LocList>
<Loc EndOffset="19164" SrcFileId="3" StartOffset="19107"/>
</LocList>
</BasicStmnt>
<LoopStmnt CovItemId="S298" CovItemPrefix="game.GUI.java" Intrnl_Id="804" MltplExecId="L3-2" MltplExecPrefix="game.GUI.java" NvrExecId="L3-0" NvrExecPrefix="game.GUI.java" OnceExecutedId="L3-1" OnceExecutedPrefix="game.GUI.java" OptBodyExec="true">
<StmntSeq Intrnl_Id="805">
<LocList>
<Loc EndOffset="19210" SrcFileId="3" StartOffset="19192"/>
</LocList>
<BasicStmnt CovItemId="S299" CovItemPrefix="game.GUI.java" Intrnl_Id="806">
<LocList>
<Loc EndOffset="19210" SrcFileId="3" StartOffset="19192"/>
</LocList>
</BasicStmnt>
</StmntSeq>
<Keyword EndOffset="19172" SrcFileId="3" StartOffset="19169"/>
<LocList>
<Loc EndOffset="19210" SrcFileId="3" StartOffset="19169"/>
</LocList>
<RootTerm CovItemId="C8" CovItemPrefix="game.GUI.java" Intrnl_Id="807">
<BasicBoolTerm Intrnl_Id="808">
<LocList>
<Loc EndOffset="19185" SrcFileId="3" StartOffset="19182"/>
</LocList>
</BasicBoolTerm>
</RootTerm>
</LoopStmnt>
<BasicStmnt CovItemId="S300" CovItemPrefix="game.GUI.java" Intrnl_Id="809">
<LocList>
<Loc EndOffset="19260" SrcFileId="3" StartOffset="19220"/>
</LocList>
</BasicStmnt>
<BasicStmnt CovItemId="S301" CovItemPrefix="game.GUI.java" Intrnl_Id="810">
<LocList>
<Loc EndOffset="19305" SrcFileId="3" StartOffset="19265"/>
</LocList>
</BasicStmnt>
<BasicStmnt CovItemId="S302" CovItemPrefix="game.GUI.java" Intrnl_Id="811">
<LocList>
<Loc EndOffset="19385" SrcFileId="3" StartOffset="19348"/>
</LocList>
</BasicStmnt>
<BasicStmnt CovItemId="S303" CovItemPrefix="game.GUI.java" Intrnl_Id="812">
<LocList>
<Loc EndOffset="19430" SrcFileId="3" StartOffset="19390"/>
</LocList>
</BasicStmnt>
<CondStmnt CovItemId="S304" CovItemPrefix="game.GUI.java" Intrnl_Id="813">
<Branch CovItemId="B29" CovItemPrefix="game.GUI.java" Implct="false" Intrnl_Id="814">
<Cond/>
<LocList>
<Loc EndOffset="20863" SrcFileId="3" StartOffset="19530"/>
</LocList>
<StmntSeq Intrnl_Id="815">
<LocList>
<Loc EndOffset="20857" SrcFileId="3" StartOffset="19537"/>
</LocList>
<CondStmnt CovItemId="S305" CovItemPrefix="game.GUI.java" Intrnl_Id="816">
<Branch CovItemId="B31" CovItemPrefix="game.GUI.java" Implct="false" Intrnl_Id="817">
<Cond/>
<LocList>
<Loc EndOffset="19743" SrcFileId="3" StartOffset="19631"/>
</LocList>
<StmntSeq Intrnl_Id="818">
<LocList>
<Loc EndOffset="19669" SrcFileId="3" StartOffset="19639"/>
<Loc EndOffset="19736" SrcFileId="3" StartOffset="19676"/>
</LocList>
<BasicStmnt CovItemId="S306" CovItemPrefix="game.GUI.java" Intrnl_Id="819">
<LocList>
<Loc EndOffset="19669" SrcFileId="3" StartOffset="19639"/>
</LocList>
</BasicStmnt>
<BasicStmnt CovItemId="S307" CovItemPrefix="game.GUI.java" Intrnl_Id="820">
<LocList>
<Loc EndOffset="19736" SrcFileId="3" StartOffset="19676"/>
</LocList>
</BasicStmnt>
</StmntSeq>
</Branch>
<Branch CovItemId="B32" CovItemPrefix="game.GUI.java" Implct="false" Intrnl_Id="821">
<Cond>
<Loc EndOffset="19755" SrcFileId="3" StartOffset="19751"/>
</Cond>
<LocList>
<Loc EndOffset="20857" SrcFileId="3" StartOffset="19756"/>
</LocList>
<StmntSeq Intrnl_Id="822">
<LocList>
<Loc EndOffset="20857" SrcFileId="3" StartOffset="19756"/>
</LocList>
<CondStmnt CovItemId="S308" CovItemPrefix="game.GUI.java" Intrnl_Id="823">
<Branch CovItemId="B33" CovItemPrefix="game.GUI.java" Implct="false" Intrnl_Id="824">
<Cond/>
<LocList>
<Loc EndOffset="20772" SrcFileId="3" StartOffset="19845"/>
</LocList>
<StmntSeq Intrnl_Id="825">
<LocList>
<Loc EndOffset="19882" SrcFileId="3" StartOffset="19853"/>
<Loc EndOffset="20020" SrcFileId="3" StartOffset="19889"/>
<Loc EndOffset="20158" SrcFileId="3" StartOffset="20027"/>
<Loc EndOffset="20296" SrcFileId="3" StartOffset="20165"/>
<Loc EndOffset="20434" SrcFileId="3" StartOffset="20303"/>
<Loc EndOffset="20694" SrcFileId="3" StartOffset="20487"/>
<Loc EndOffset="20727" SrcFileId="3" StartOffset="20701"/>
<Loc EndOffset="20765" SrcFileId="3" StartOffset="20734"/>
</LocList>
<BasicStmnt CovItemId="S309" CovItemPrefix="game.GUI.java" Intrnl_Id="826">
<LocList>
<Loc EndOffset="19882" SrcFileId="3" StartOffset="19853"/>
</LocList>
</BasicStmnt>
<CondStmnt CovItemId="S310" CovItemPrefix="game.GUI.java" Intrnl_Id="827">
<Branch CovItemId="B35" CovItemPrefix="game.GUI.java" Implct="false" Intrnl_Id="828">
<Cond/>
<LocList>
<Loc EndOffset="20020" SrcFileId="3" StartOffset="19996"/>
</LocList>
<StmntSeq Intrnl_Id="829">
<LocList>
<Loc EndOffset="20020" SrcFileId="3" StartOffset="19996"/>
</LocList>
<BasicStmnt CovItemId="S311" CovItemPrefix="game.GUI.java" Intrnl_Id="830">
<LocList>
<Loc EndOffset="20020" SrcFileId="3" StartOffset="19996"/>
</LocList>
</BasicStmnt>
</StmntSeq>
</Branch>
<Branch CovItemId="B36" CovItemPrefix="game.GUI.java" Implct="true" Intrnl_Id="831">
<Cond/>
<LocList/>
<StmntSeq Intrnl_Id="832">
<LocList/>
</StmntSeq>
</Branch>
<Keyword EndOffset="19891" SrcFileId="3" StartOffset="19889"/>
<LocList>
<Loc EndOffset="20020" SrcFileId="3" StartOffset="19889"/>
</LocList>
<RootTerm CovItemId="C12" CovItemPrefix="game.GUI.java" Intrnl_Id="833">
<OpTerm BooleanOpId="5" Intrnl_Id="834">
<BasicBoolTerm Intrnl_Id="835">
<LocList>
<Loc EndOffset="19933" SrcFileId="3" StartOffset="19893"/>
</LocList>
</BasicBoolTerm>
<BasicBoolTerm Intrnl_Id="836">
<LocList>
<Loc EndOffset="19987" SrcFileId="3" StartOffset="19945"/>
</LocList>
</BasicBoolTerm>
<LocList>
<Loc EndOffset="19944" SrcFileId="3" StartOffset="19942"/>
</LocList>
</OpTerm>
</RootTerm>
</CondStmnt>
<CondStmnt CovItemId="S312" CovItemPrefix="game.GUI.java" Intrnl_Id="837">
<Branch CovItemId="B37" CovItemPrefix="game.GUI.java" Implct="false" Intrnl_Id="838">
<Cond/>
<LocList>
<Loc EndOffset="20158" SrcFileId="3" StartOffset="20134"/>
</LocList>
<StmntSeq Intrnl_Id="839">
<LocList>
<Loc EndOffset="20158" SrcFileId="3" StartOffset="20134"/>
</LocList>
<BasicStmnt CovItemId="S313" CovItemPrefix="game.GUI.java" Intrnl_Id="840">
<LocList>
<Loc EndOffset="20158" SrcFileId="3" StartOffset="20134"/>
</LocList>
</BasicStmnt>
</StmntSeq>
</Branch>
<Branch CovItemId="B38" CovItemPrefix="game.GUI.java" Implct="true" Intrnl_Id="841">
<Cond/>
<LocList/>
<StmntSeq Intrnl_Id="842">
<LocList/>
</StmntSeq>
</Branch>
<Keyword EndOffset="20029" SrcFileId="3" StartOffset="20027"/>
<LocList>
<Loc EndOffset="20158" SrcFileId="3" StartOffset="20027"/>
</LocList>
<RootTerm CovItemId="C13" CovItemPrefix="game.GUI.java" Intrnl_Id="843">
<OpTerm BooleanOpId="5" Intrnl_Id="844">
<BasicBoolTerm Intrnl_Id="845">
<LocList>
<Loc EndOffset="20077" SrcFileId="3" StartOffset="20031"/>
</LocList>
</BasicBoolTerm>
<BasicBoolTerm Intrnl_Id="846">
<LocList>
<Loc EndOffset="20125" SrcFileId="3" StartOffset="20089"/>
</LocList>
</BasicBoolTerm>
<LocList>
<Loc EndOffset="20088" SrcFileId="3" StartOffset="20086"/>
</LocList>
</OpTerm>
</RootTerm>
</CondStmnt>
<CondStmnt CovItemId="S314" CovItemPrefix="game.GUI.java" Intrnl_Id="847">
<Branch CovItemId="B39" CovItemPrefix="game.GUI.java" Implct="false" Intrnl_Id="848">
<Cond/>
<LocList>
<Loc EndOffset="20296" SrcFileId="3" StartOffset="20272"/>
</LocList>
<StmntSeq Intrnl_Id="849">
<LocList>
<Loc EndOffset="20296" SrcFileId="3" StartOffset="20272"/>
</LocList>
<BasicStmnt CovItemId="S315" CovItemPrefix="game.GUI.java" Intrnl_Id="850">
<LocList>
<Loc EndOffset="20296" SrcFileId="3" StartOffset="20272"/>
</LocList>
</BasicStmnt>
</StmntSeq>
</Branch>
<Branch CovItemId="B40" CovItemPrefix="game.GUI.java" Implct="true" Intrnl_Id="851">
<Cond/>
<LocList/>
<StmntSeq Intrnl_Id="852">
<LocList/>
</StmntSeq>
</Branch>
<Keyword EndOffset="20167" SrcFileId="3" StartOffset="20165"/>
<LocList>
<Loc EndOffset="20296" SrcFileId="3" StartOffset="20165"/>
</LocList>
<RootTerm CovItemId="C14" CovItemPrefix="game.GUI.java" Intrnl_Id="853">
<OpTerm BooleanOpId="5" Intrnl_Id="854">
<BasicBoolTerm Intrnl_Id="855">
<LocList>
<Loc EndOffset="20209" SrcFileId="3" StartOffset="20169"/>
</LocList>
</BasicBoolTerm>
<BasicBoolTerm Intrnl_Id="856">
<LocList>
<Loc EndOffset="20263" SrcFileId="3" StartOffset="20221"/>
</LocList>
</BasicBoolTerm>
<LocList>
<Loc EndOffset="20220" SrcFileId="3" StartOffset="20218"/>
</LocList>
</OpTerm>
</RootTerm>
</CondStmnt>
<CondStmnt CovItemId="S316" CovItemPrefix="game.GUI.java" Intrnl_Id="857">
<Branch CovItemId="B41" CovItemPrefix="game.GUI.java" Implct="false" Intrnl_Id="858">
<Cond/>
<LocList>
<Loc EndOffset="20434" SrcFileId="3" StartOffset="20410"/>
</LocList>
<StmntSeq Intrnl_Id="859">
<LocList>
<Loc EndOffset="20434" SrcFileId="3" StartOffset="20410"/>
</LocList>
<BasicStmnt CovItemId="S317" CovItemPrefix="game.GUI.java" Intrnl_Id="860">
<LocList>
<Loc EndOffset="20434" SrcFileId="3" StartOffset="20410"/>
</LocList>
</BasicStmnt>
</StmntSeq>
</Branch>
<Branch CovItemId="B42" CovItemPrefix="game.GUI.java" Implct="true" Intrnl_Id="861">
<Cond/>
<LocList/>
<StmntSeq Intrnl_Id="862">
<LocList/>
</StmntSeq>
</Branch>
<Keyword EndOffset="20305" SrcFileId="3" StartOffset="20303"/>
<LocList>
<Loc EndOffset="20434" SrcFileId="3" StartOffset="20303"/>
</LocList>
<RootTerm CovItemId="C15" CovItemPrefix="game.GUI.java" Intrnl_Id="863">
<OpTerm BooleanOpId="5" Intrnl_Id="864">
<BasicBoolTerm Intrnl_Id="865">
<LocList>
<Loc EndOffset="20353" SrcFileId="3" StartOffset="20307"/>
</LocList>
</BasicBoolTerm>
<BasicBoolTerm Intrnl_Id="866">
<LocList>
<Loc EndOffset="20401" SrcFileId="3" StartOffset="20365"/>
</LocList>
</BasicBoolTerm>
<LocList>
<Loc EndOffset="20364" SrcFileId="3" StartOffset="20362"/>
</LocList>
</OpTerm>
</RootTerm>
</CondStmnt>
<CondStmnt CovItemId="S318" CovItemPrefix="game.GUI.java" Intrnl_Id="867">
<Branch CovItemId="B43" CovItemPrefix="game.GUI.java" Implct="false" Intrnl_Id="868">
<Cond/>
<LocList>
<Loc EndOffset="20694" SrcFileId="3" StartOffset="20582"/>
</LocList>
<StmntSeq Intrnl_Id="869">
<LocList>
<Loc EndOffset="20686" SrcFileId="3" StartOffset="20591"/>
</LocList>
<BasicStmnt CovItemId="S319" CovItemPrefix="game.GUI.java" Intrnl_Id="870">
<LocList>
<Loc EndOffset="20686" SrcFileId="3" StartOffset="20591"/>
</LocList>
</BasicStmnt>
</StmntSeq>
</Branch>
<Branch CovItemId="B44" CovItemPrefix="game.GUI.java" Implct="true" Intrnl_Id="871">
<Cond/>
<LocList/>
<StmntSeq Intrnl_Id="872">
<LocList/>
</StmntSeq>
</Branch>
<Keyword EndOffset="20489" SrcFileId="3" StartOffset="20487"/>
<LocList>
<Loc EndOffset="20694" SrcFileId="3" StartOffset="20487"/>
</LocList>
<RootTerm CovItemId="C16" CovItemPrefix="game.GUI.java" Intrnl_Id="873">
<BasicBoolTerm Intrnl_Id="874">
<LocList>
<Loc EndOffset="20580" SrcFileId="3" StartOffset="20491"/>
</LocList>
</BasicBoolTerm>
</RootTerm>
</CondStmnt>
<BasicStmnt CovItemId="S320" CovItemPrefix="game.GUI.java" Intrnl_Id="875">
<LocList>
<Loc EndOffset="20727" SrcFileId="3" StartOffset="20701"/>
</LocList>
</BasicStmnt>
<BasicStmnt CovItemId="S321" CovItemPrefix="game.GUI.java" Intrnl_Id="876">
<LocList>
<Loc EndOffset="20765" SrcFileId="3" StartOffset="20734"/>
</LocList>
</BasicStmnt>
</StmntSeq>
</Branch>
<Branch CovItemId="B34" CovItemPrefix="game.GUI.java" Implct="false" Intrnl_Id="877">
<Cond>
<Loc EndOffset="20777" SrcFileId="3" StartOffset="20773"/>
</Cond>
<LocList>
<Loc EndOffset="20857" SrcFileId="3" StartOffset="20778"/>
</LocList>
<StmntSeq Intrnl_Id="878">
<LocList>
<Loc EndOffset="20812" SrcFileId="3" StartOffset="20786"/>
<Loc EndOffset="20850" SrcFileId="3" StartOffset="20819"/>
</LocList>
<BasicStmnt CovItemId="S322" CovItemPrefix="game.GUI.java" Intrnl_Id="879">
<LocList>
<Loc EndOffset="20812" SrcFileId="3" StartOffset="20786"/>
</LocList>
</BasicStmnt>
<BasicStmnt CovItemId="S323" CovItemPrefix="game.GUI.java" Intrnl_Id="880">
<LocList>
<Loc EndOffset="20850" SrcFileId="3" StartOffset="20819"/>
</LocList>
</BasicStmnt>
</StmntSeq>
</Branch>
<Keyword EndOffset="19758" SrcFileId="3" StartOffset="19756"/>
<LocList>
<Loc EndOffset="20857" SrcFileId="3" StartOffset="19756"/>
</LocList>
<RootTerm CovItemId="C11" CovItemPrefix="game.GUI.java" Intrnl_Id="881">
<OpTerm BooleanOpId="5" Intrnl_Id="882">
<BasicBoolTerm Intrnl_Id="883">
<LocList>
<Loc EndOffset="19786" SrcFileId="3" StartOffset="19760"/>
</LocList>
</BasicBoolTerm>
<BasicBoolTerm Intrnl_Id="884">
<LocList>
<Loc EndOffset="19843" SrcFileId="3" StartOffset="19797"/>
</LocList>
</BasicBoolTerm>
<LocList>
<Loc EndOffset="19796" SrcFileId="3" StartOffset="19794"/>
</LocList>
</OpTerm>
</RootTerm>
</CondStmnt>
</StmntSeq>
</Branch>
<Keyword EndOffset="19539" SrcFileId="3" StartOffset="19537"/>
<LocList>
<Loc EndOffset="20857" SrcFileId="3" StartOffset="19537"/>
</LocList>
<RootTerm CovItemId="C10" CovItemPrefix="game.GUI.java" Intrnl_Id="885">
<OpTerm BooleanOpId="5" Intrnl_Id="886">
<BasicBoolTerm Intrnl_Id="887">
<LocList>
<Loc EndOffset="19587" SrcFileId="3" StartOffset="19541"/>
</LocList>
</BasicBoolTerm>
<BasicBoolTerm Intrnl_Id="888">
<LocList>
<Loc EndOffset="19629" SrcFileId="3" StartOffset="19598"/>
</LocList>
</BasicBoolTerm>
<LocList>
<Loc EndOffset="19597" SrcFileId="3" StartOffset="19595"/>
</LocList>
</OpTerm>
</RootTerm>
</CondStmnt>
</StmntSeq>
</Branch>
<Branch CovItemId="B30" CovItemPrefix="game.GUI.java" Implct="true" Intrnl_Id="889">
<Cond/>
<LocList/>
<StmntSeq Intrnl_Id="890">
<LocList/>
</StmntSeq>
</Branch>
<Keyword EndOffset="19442" SrcFileId="3" StartOffset="19440"/>
<LocList>
<Loc EndOffset="20863" SrcFileId="3" StartOffset="19440"/>
</LocList>
<RootTerm CovItemId="C9" CovItemPrefix="game.GUI.java" Intrnl_Id="891">
<OpTerm BooleanOpId="5" Intrnl_Id="892">
<OpTerm BooleanOpId="5" Intrnl_Id="893">
<OpTerm BooleanOpId="5" Intrnl_Id="894">
<BasicBoolTerm Intrnl_Id="895">
<LocList>
<Loc EndOffset="19459" SrcFileId="3" StartOffset="19444"/>
</LocList>
</BasicBoolTerm>
<BasicBoolTerm Intrnl_Id="896">
<LocList>
<Loc EndOffset="19478" SrcFileId="3" StartOffset="19463"/>
</LocList>
</BasicBoolTerm>
<LocList>
<Loc EndOffset="19462" SrcFileId="3" StartOffset="19460"/>
</LocList>
</OpTerm>
<BasicBoolTerm Intrnl_Id="897">
<LocList>
<Loc EndOffset="19500" SrcFileId="3" StartOffset="19482"/>
</LocList>
</BasicBoolTerm>
<LocList>
<Loc EndOffset="19481" SrcFileId="3" StartOffset="19479"/>
</LocList>
</OpTerm>
<BasicBoolTerm Intrnl_Id="898">
<LocList>
<Loc EndOffset="19528" SrcFileId="3" StartOffset="19510"/>
</LocList>
</BasicBoolTerm>
<LocList>
<Loc EndOffset="19509" SrcFileId="3" StartOffset="19507"/>
</LocList>
</OpTerm>
</RootTerm>
</CondStmnt>
</StmntSeq>
</HierarchyLvl>
</HierarchyLvl>
</HierarchyLvl>
<HierarchyLvl HierarchyLvlId="60" HierarchyLvlTypeId="9" Intrnl_Id="899" Name="ImagePanel">
<Header>
<Loc EndOffset="20910" SrcFileId="3" StartOffset="20879"/>
</Header>
<LocList>
<Loc EndOffset="21753" SrcFileId="3" StartOffset="20879"/>
</LocList>
<HierarchyLvl HierarchyLvlId="51" HierarchyLvlTypeId="8" Intrnl_Id="900" Name="ImagePanel">
<Header>
<Loc EndOffset="21010" SrcFileId="3" StartOffset="20981"/>
</Header>
<LocList>
<Loc EndOffset="21056" SrcFileId="3" StartOffset="20981"/>
</LocList>
<StmntSeq Intrnl_Id="901">
<LocList>
<Loc EndOffset="21052" SrcFileId="3" StartOffset="21016"/>
</LocList>
<BasicStmnt CovItemId="S324" CovItemPrefix="game.GUI.java" Intrnl_Id="902">
<LocList>
<Loc EndOffset="21052" SrcFileId="3" StartOffset="21016"/>
</LocList>
</BasicStmnt>
</StmntSeq>
</HierarchyLvl>
<HierarchyLvl HierarchyLvlId="52" HierarchyLvlTypeId="8" Intrnl_Id="903" Name="ImagePanel">
<Header>
<Loc EndOffset="21089" SrcFileId="3" StartOffset="21061"/>
</Header>
<LocList>
<Loc EndOffset="21305" SrcFileId="3" StartOffset="21061"/>
</LocList>
<StmntSeq Intrnl_Id="904">
<LocList>
<Loc EndOffset="21110" SrcFileId="3" StartOffset="21095"/>
<Loc EndOffset="21186" SrcFileId="3" StartOffset="21114"/>
<Loc EndOffset="21213" SrcFileId="3" StartOffset="21190"/>
<Loc EndOffset="21238" SrcFileId="3" StartOffset="21217"/>
<Loc EndOffset="21263" SrcFileId="3" StartOffset="21242"/>
<Loc EndOffset="21281" SrcFileId="3" StartOffset="21267"/>
<Loc EndOffset="21301" SrcFileId="3" StartOffset="21285"/>
</LocList>
<BasicStmnt CovItemId="S325" CovItemPrefix="game.GUI.java" Intrnl_Id="905">
<LocList>
<Loc EndOffset="21110" SrcFileId="3" StartOffset="21095"/>
</LocList>
</BasicStmnt>
<BasicStmnt CovItemId="S326" CovItemPrefix="game.GUI.java" Intrnl_Id="906">
<LocList>
<Loc EndOffset="21186" SrcFileId="3" StartOffset="21114"/>
</LocList>
</BasicStmnt>
<BasicStmnt CovItemId="S327" CovItemPrefix="game.GUI.java" Intrnl_Id="907">
<LocList>
<Loc EndOffset="21213" SrcFileId="3" StartOffset="21190"/>
</LocList>
</BasicStmnt>
<BasicStmnt CovItemId="S328" CovItemPrefix="game.GUI.java" Intrnl_Id="908">
<LocList>
<Loc EndOffset="21238" SrcFileId="3" StartOffset="21217"/>
</LocList>
</BasicStmnt>
<BasicStmnt CovItemId="S329" CovItemPrefix="game.GUI.java" Intrnl_Id="909">
<LocList>
<Loc EndOffset="21263" SrcFileId="3" StartOffset="21242"/>
</LocList>
</BasicStmnt>
<BasicStmnt CovItemId="S330" CovItemPrefix="game.GUI.java" Intrnl_Id="910">
<LocList>
<Loc EndOffset="21281" SrcFileId="3" StartOffset="21267"/>
</LocList>
</BasicStmnt>
<BasicStmnt CovItemId="S331" CovItemPrefix="game.GUI.java" Intrnl_Id="911">
<LocList>
<Loc EndOffset="21301" SrcFileId="3" StartOffset="21285"/>
</LocList>
</BasicStmnt>
</StmntSeq>
</HierarchyLvl>
<HierarchyLvl HierarchyLvlId="53" HierarchyLvlTypeId="8" Intrnl_Id="912" Name="paintComponent">
<Header>
<Loc EndOffset="21348" SrcFileId="3" StartOffset="21310"/>
</Header>
<LocList>
<Loc EndOffset="21387" SrcFileId="3" StartOffset="21310"/>
</LocList>
<StmntSeq Intrnl_Id="913">
<LocList>
<Loc EndOffset="21383" SrcFileId="3" StartOffset="21354"/>
</LocList>
<BasicStmnt CovItemId="S332" CovItemPrefix="game.GUI.java" Intrnl_Id="914">
<LocList>
<Loc EndOffset="21383" SrcFileId="3" StartOffset="21354"/>
</LocList>
</BasicStmnt>
</StmntSeq>
</HierarchyLvl>
<HierarchyLvl HierarchyLvlId="54" HierarchyLvlTypeId="8" Intrnl_Id="915" Name="setRow">
<Header>
<Loc EndOffset="21419" SrcFileId="3" StartOffset="21392"/>
</Header>
<LocList>
<Loc EndOffset="21444" SrcFileId="3" StartOffset="21392"/>
</LocList>
<StmntSeq Intrnl_Id="916">
<LocList>
<Loc EndOffset="21440" SrcFileId="3" StartOffset="21425"/>
</LocList>
<BasicStmnt CovItemId="S333" CovItemPrefix="game.GUI.java" Intrnl_Id="917">
<LocList>
<Loc EndOffset="21440" SrcFileId="3" StartOffset="21425"/>
</LocList>
</BasicStmnt>
</StmntSeq>
</HierarchyLvl>
<HierarchyLvl HierarchyLvlId="55" HierarchyLvlTypeId="8" Intrnl_Id="918" Name="getRow">
<Header>
<Loc EndOffset="21468" SrcFileId="3" StartOffset="21449"/>
</Header>
<LocList>
<Loc EndOffset="21494" SrcFileId="3" StartOffset="21449"/>
</LocList>
<StmntSeq Intrnl_Id="919">
<LocList>
<Loc EndOffset="21490" SrcFileId="3" StartOffset="21474"/>
</LocList>
<BasicStmnt CovItemId="S334" CovItemPrefix="game.GUI.java" Intrnl_Id="920">
<LocList>
<Loc EndOffset="21490" SrcFileId="3" StartOffset="21474"/>
</LocList>
</BasicStmnt>
</StmntSeq>
</HierarchyLvl>
<HierarchyLvl HierarchyLvlId="56" HierarchyLvlTypeId="8" Intrnl_Id="921" Name="setColumn">
<Header>
<Loc EndOffset="21532" SrcFileId="3" StartOffset="21499"/>
</Header>
<LocList>
<Loc EndOffset="21563" SrcFileId="3" StartOffset="21499"/>
</LocList>
<StmntSeq Intrnl_Id="922">
<LocList>
<Loc EndOffset="21559" SrcFileId="3" StartOffset="21538"/>
</LocList>
<BasicStmnt CovItemId="S335" CovItemPrefix="game.GUI.java" Intrnl_Id="923">
<LocList>
<Loc EndOffset="21559" SrcFileId="3" StartOffset="21538"/>
</LocList>
</BasicStmnt>
</StmntSeq>
</HierarchyLvl>
<HierarchyLvl HierarchyLvlId="57" HierarchyLvlTypeId="8" Intrnl_Id="924" Name="getColumn">
<Header>
<Loc EndOffset="21590" SrcFileId="3" StartOffset="21568"/>
</Header>
<LocList>
<Loc EndOffset="21619" SrcFileId="3" StartOffset="21568"/>
</LocList>
<StmntSeq Intrnl_Id="925">
<LocList>
<Loc EndOffset="21615" SrcFileId="3" StartOffset="21596"/>
</LocList>
<BasicStmnt CovItemId="S336" CovItemPrefix="game.GUI.java" Intrnl_Id="926">
<LocList>
<Loc EndOffset="21615" SrcFileId="3" StartOffset="21596"/>
</LocList>
</BasicStmnt>
</StmntSeq>
</HierarchyLvl>
<HierarchyLvl HierarchyLvlId="58" HierarchyLvlTypeId="8" Intrnl_Id="927" Name="getPixelX">
<Header>
<Loc EndOffset="21646" SrcFileId="3" StartOffset="21624"/>
</Header>
<LocList>
<Loc EndOffset="21685" SrcFileId="3" StartOffset="21624"/>
</LocList>
<StmntSeq Intrnl_Id="928">
<LocList>
<Loc EndOffset="21681" SrcFileId="3" StartOffset="21652"/>
</LocList>
<BasicStmnt CovItemId="S337" CovItemPrefix="game.GUI.java" Intrnl_Id="929">
<LocList>
<Loc EndOffset="21681" SrcFileId="3" StartOffset="21652"/>
</LocList>
</BasicStmnt>
</StmntSeq>
</HierarchyLvl>
<HierarchyLvl HierarchyLvlId="59" HierarchyLvlTypeId="8" Intrnl_Id="930" Name="getPixelY">
<Header>
<Loc EndOffset="21712" SrcFileId="3" StartOffset="21690"/>
</Header>
<LocList>
<Loc EndOffset="21748" SrcFileId="3" StartOffset="21690"/>
</LocList>
<StmntSeq Intrnl_Id="931">
<LocList>
<Loc EndOffset="21744" SrcFileId="3" StartOffset="21718"/>
</LocList>
<BasicStmnt CovItemId="S338" CovItemPrefix="game.GUI.java" Intrnl_Id="932">
<LocList>
<Loc EndOffset="21744" SrcFileId="3" StartOffset="21718"/>
</LocList>
</BasicStmnt>
</StmntSeq>
</HierarchyLvl>
</HierarchyLvl>
<HierarchyLvl HierarchyLvlId="68" HierarchyLvlTypeId="9" Intrnl_Id="933" Name="BoardState">
<Header>
<Loc EndOffset="129" SrcFileId="4" StartOffset="106"/>
</Header>
<LocList>
<Loc EndOffset="804" SrcFileId="4" StartOffset="106"/>
</LocList>
<HierarchyLvl HierarchyLvlId="61" HierarchyLvlTypeId="8" Intrnl_Id="934" Name="BoardState">
<Header>
<Loc EndOffset="296" SrcFileId="4" StartOffset="249"/>
</Header>
<LocList>
<Loc EndOffset="360" SrcFileId="4" StartOffset="249"/>
</LocList>
<StmntSeq Intrnl_Id="935">
<LocList>
<Loc EndOffset="323" SrcFileId="4" StartOffset="301"/>
<Loc EndOffset="356" SrcFileId="4" StartOffset="327"/>
</LocList>
<BasicStmnt CovItemId="S1" CovItemPrefix="game.BoardState.java" Intrnl_Id="936">
<LocList>
<Loc EndOffset="323" SrcFileId="4" StartOffset="301"/>
</LocList>
</BasicStmnt>
<BasicStmnt CovItemId="S2" CovItemPrefix="game.BoardState.java" Intrnl_Id="937">
<LocList>
<Loc EndOffset="356" SrcFileId="4" StartOffset="327"/>
</LocList>
</BasicStmnt>
</StmntSeq>
</HierarchyLvl>
<HierarchyLvl HierarchyLvlId="62" HierarchyLvlTypeId="8" Intrnl_Id="938" Name="getBoardArray">
<Header>
<Loc EndOffset="396" SrcFileId="4" StartOffset="365"/>
</Header>
<LocList>
<Loc EndOffset="424" SrcFileId="4" StartOffset="365"/>
</LocList>
<StmntSeq Intrnl_Id="939">
<LocList>
<Loc EndOffset="420" SrcFileId="4" StartOffset="402"/>
</LocList>
<BasicStmnt CovItemId="S3" CovItemPrefix="game.BoardState.java" Intrnl_Id="940">
<LocList>
<Loc EndOffset="420" SrcFileId="4" StartOffset="402"/>
</LocList>
</BasicStmnt>
</StmntSeq>
</HierarchyLvl>
<HierarchyLvl HierarchyLvlId="63" HierarchyLvlTypeId="8" Intrnl_Id="941" Name="setBoardArray">
<Header>
<Loc EndOffset="475" SrcFileId="4" StartOffset="429"/>
</Header>
<LocList>
<Loc EndOffset="514" SrcFileId="4" StartOffset="429"/>
</LocList>
<StmntSeq Intrnl_Id="942">
<LocList>
<Loc EndOffset="510" SrcFileId="4" StartOffset="481"/>
</LocList>
<BasicStmnt CovItemId="S4" CovItemPrefix="game.BoardState.java" Intrnl_Id="943">
<LocList>
<Loc EndOffset="510" SrcFileId="4" StartOffset="481"/>
</LocList>
</BasicStmnt>
</StmntSeq>
</HierarchyLvl>
<HierarchyLvl HierarchyLvlId="64" HierarchyLvlTypeId="8" Intrnl_Id="944" Name="getTurnNumber">
<Header>
<Loc EndOffset="545" SrcFileId="4" StartOffset="519"/>
</Header>
<LocList>
<Loc EndOffset="573" SrcFileId="4" StartOffset="519"/>
</LocList>
<StmntSeq Intrnl_Id="945">
<LocList>
<Loc EndOffset="569" SrcFileId="4" StartOffset="551"/>
</LocList>
<BasicStmnt CovItemId="S5" CovItemPrefix="game.BoardState.java" Intrnl_Id="946">
<LocList>
<Loc EndOffset="569" SrcFileId="4" StartOffset="551"/>
</LocList>
</BasicStmnt>
</StmntSeq>
</HierarchyLvl>
<HierarchyLvl HierarchyLvlId="65" HierarchyLvlTypeId="8" Intrnl_Id="947" Name="setTurnNumber">
<Header>
<Loc EndOffset="619" SrcFileId="4" StartOffset="578"/>
</Header>
<LocList>
<Loc EndOffset="658" SrcFileId="4" StartOffset="578"/>
</LocList>
<StmntSeq Intrnl_Id="948">
<LocList>
<Loc EndOffset="654" SrcFileId="4" StartOffset="625"/>
</LocList>
<BasicStmnt CovItemId="S6" CovItemPrefix="game.BoardState.java" Intrnl_Id="949">
<LocList>
<Loc EndOffset="654" SrcFileId="4" StartOffset="625"/>
</LocList>
</BasicStmnt>
</StmntSeq>
</HierarchyLvl>
<HierarchyLvl HierarchyLvlId="66" HierarchyLvlTypeId="8" Intrnl_Id="950" Name="incrementTurn">
<Header>
<Loc EndOffset="691" SrcFileId="4" StartOffset="664"/>
</Header>
<LocList>
<Loc EndOffset="718" SrcFileId="4" StartOffset="664"/>
</LocList>
<StmntSeq Intrnl_Id="951">
<LocList>
<Loc EndOffset="714" SrcFileId="4" StartOffset="696"/>
</LocList>
<BasicStmnt CovItemId="S7" CovItemPrefix="game.BoardState.java" Intrnl_Id="952">
<LocList>
<Loc EndOffset="714" SrcFileId="4" StartOffset="696"/>
</LocList>
</BasicStmnt>
</StmntSeq>
</HierarchyLvl>
<HierarchyLvl HierarchyLvlId="67" HierarchyLvlTypeId="8" Intrnl_Id="953" Name="clone">
<Header>
<Loc EndOffset="746" SrcFileId="4" StartOffset="721"/>
</Header>
<LocList>
<Loc EndOffset="801" SrcFileId="4" StartOffset="721"/>
</LocList>
<StmntSeq Intrnl_Id="954">
<LocList>
<Loc EndOffset="797" SrcFileId="4" StartOffset="751"/>
</LocList>
<BasicStmnt CovItemId="S8" CovItemPrefix="game.BoardState.java" Intrnl_Id="955">
<LocList>
<Loc EndOffset="797" SrcFileId="4" StartOffset="751"/>
</LocList>
</BasicStmnt>
</StmntSeq>
</HierarchyLvl>
</HierarchyLvl>
</HierarchyLvl>
</HierarchyLvl>
</MASTRoot>
</TestSessionContainer>
