<?xml version="1.0" encoding="UTF-8"?><TestSessionContainer xmlns="http://www.codecover.org/xml/testsession-container" Date="1430431088523" TestSessionContainerId="d789751e-12c8-4279-b459-74e5023653bb" version="1.0">
<SrcFileList>
<SrcFile Content="package game;&#10;import java.awt.Image;&#10;&#10;public class Piece {&#10;&#9;private PieceType type;&#10;&#9;private Image image;&#10;&#9;private Owner owner;&#10;&#9;private int rank;&#10;&#9;&#10;&#9;public enum Owner{&#10;&#9;&#9;Player1, Player2&#10;&#9;}&#10;&#9;&#10;&#9;public enum PieceType{&#10;&#9;&#9;Elephant, Camel, Horse, Dog, Cat, Rabbit&#10;&#9;}&#10;&#9;&#10;&#9;public Piece(char c){&#10;&#9;&#9;switch(c){&#10;&#9;&#9;case 'E':&#10;&#9;&#9;&#9;this.type=PieceType.Elephant;&#10;&#9;&#9;&#9;this.owner=Owner.Player1;&#10;&#9;&#9;&#9;this.rank = 5;&#10;&#9;&#9;&#9;break;&#10;&#9;&#9;case 'C':&#10;&#9;&#9;&#9;this.type=PieceType.Camel;&#10;&#9;&#9;&#9;this.owner=Owner.Player1;&#10;&#9;&#9;&#9;this.rank = 4;&#10;&#9;&#9;&#9;break;&#10;&#9;&#9;case 'H':&#10;&#9;&#9;&#9;this.type=PieceType.Horse;&#10;&#9;&#9;&#9;this.owner=Owner.Player1;&#10;&#9;&#9;&#9;this.rank = 3;&#10;&#9;&#9;&#9;break;&#10;&#9;&#9;case 'D':&#10;&#9;&#9;&#9;this.type=PieceType.Dog;&#10;&#9;&#9;&#9;this.owner=Owner.Player1;&#10;&#9;&#9;&#9;this.rank = 2;&#10;&#9;&#9;&#9;break;&#10;&#9;&#9;case 'K':&#10;&#9;&#9;&#9;this.type=PieceType.Cat;&#10;&#9;&#9;&#9;this.owner=Owner.Player1;&#10;&#9;&#9;&#9;this.rank = 1;&#10;&#9;&#9;&#9;break;&#10;&#9;&#9;case 'R':&#10;&#9;&#9;&#9;this.type=PieceType.Rabbit;&#10;&#9;&#9;&#9;this.owner=Owner.Player1;&#10;&#9;&#9;&#9;this.rank = 0;&#10;&#9;&#9;&#9;break;&#10;&#9;&#9;case 'e':&#10;&#9;&#9;&#9;this.type=PieceType.Elephant;&#10;&#9;&#9;&#9;this.owner=Owner.Player2;&#10;&#9;&#9;&#9;this.rank = 5;&#10;&#9;&#9;&#9;break;&#10;&#9;&#9;case 'c':&#10;&#9;&#9;&#9;this.type=PieceType.Camel;&#10;&#9;&#9;&#9;this.owner=Owner.Player2;&#10;&#9;&#9;&#9;this.rank = 4;&#10;&#9;&#9;&#9;break;&#10;&#9;&#9;case 'h':&#10;&#9;&#9;&#9;this.type=PieceType.Horse;&#10;&#9;&#9;&#9;this.owner=Owner.Player2;&#10;&#9;&#9;&#9;this.rank = 3;&#10;&#9;&#9;&#9;break;&#10;&#9;&#9;case 'd':&#10;&#9;&#9;&#9;this.type=PieceType.Dog;&#10;&#9;&#9;&#9;this.owner=Owner.Player2;&#10;&#9;&#9;&#9;this.rank = 2;&#10;&#9;&#9;&#9;break;&#10;&#9;&#9;case 'k':&#10;&#9;&#9;&#9;this.type=PieceType.Cat;&#10;&#9;&#9;&#9;this.owner=Owner.Player2;&#10;&#9;&#9;&#9;this.rank = 1;&#10;&#9;&#9;&#9;break;&#10;&#9;&#9;case 'r':&#10;&#9;&#9;&#9;this.type=PieceType.Rabbit;&#10;&#9;&#9;&#9;this.owner=Owner.Player2;&#10;&#9;&#9;&#9;this.rank = 0;&#10;&#9;&#9;&#9;break;&#10;&#9;&#9;default:&#10;&#9;&#9;&#9;System.out.println(&quot;Invalid character used in Piece constructor!&quot;);&#10;&#9;&#9;}&#10;&#9;}&#10;&#9;&#10;&#9;public Piece(PieceType t, Image i, Owner o){&#10;&#9;&#9;this.type = t;&#10;&#9;&#9;this.image = i;&#10;&#9;&#9;this.owner = o;&#10;&#9;}&#10;&#10;&#9;public PieceType getType() {&#10;&#9;&#9;return this.type;&#10;&#9;}&#10;&#10;&#9;public void setType(PieceType type) {&#10;&#9;&#9;this.type = type; &#10;&#9;}&#10;&#10;&#9;public Image getImage() {&#10;&#9;&#9;return this.image;&#10;&#9;}&#10;&#10;&#9;public void setImg(Image img) {&#10;&#9;&#9;this.image = img;&#10;&#9;}&#10;&#10;&#9;public Owner getOwner() {&#10;&#9;&#9;return this.owner;&#10;&#9;}&#10;&#10;&#9;public void setOwner(Owner owner) {&#10;&#9;&#9;this.owner = owner;&#10;&#9;}&#10;&#9;&#10;&#9;public int getRank(){&#10;&#9;&#9;return this.rank;&#10;&#9;}&#10;&#9;&#10;&#9;public void setRank(int rank){&#10;&#9;&#9;this.rank = rank;&#10;&#9;}&#10;&#9;&#10;&#9;public boolean equals(Object p2){&#10;&#9;&#9;if((p2 instanceof Piece)){&#10;&#9;&#9;&#9;if(((Piece) p2).getType()==this.getType() &amp;&amp; (((Piece) p2).getOwner()==this.getOwner())){&#10;&#9;&#9;&#9;&#9;return true;&#10;&#9;&#9;&#9;}&#10;&#9;&#9;}&#10;&#9;&#9;return false;&#10;&#9;&#9;&#10;&#9;}&#10;&#9;&#10;&#9;public boolean isStrongerThan(Piece p2){&#10;&#9;&#9;return (this.getRank() &gt; p2.getRank());&#10;&#9;}&#10;}&#10;" Filename="Piece.java" Intrnl_Id="1"/>
<SrcFile Content="package game;&#10;import java.util.ArrayList;&#10;import java.util.Arrays;&#10;&#10;&#10;public class Game {&#10;&#9;//fields&#10;&#9;ArrayList&lt;BoardState&gt; boards= new ArrayList&lt;BoardState&gt;();&#10;&#9;public BoardState currentBoard=null;&#10;&#9;int numMovesLeft =0;&#10;&#9;int moveTimer =0;&#10;&#9;int p1TimeBank=0;&#10;&#9;int p2TimeBank =0;&#10;&#9;&#10;&#9;public Game(BoardState b) {&#10;&#9;&#9;currentBoard = b;&#10;&#9;}&#10;&#9;/**&#10;&#9; * Creates a board with a default starting layout&#10;&#9; */&#10;&#9;public Game(){&#10;&#9;&#9;currentBoard=new BoardState(new char[][]{&#10;&#9;&#9;&#9;&#9;{'K','D','H','C','E','H','D','K'},&#10;&#9;&#9;&#9;&#9;{'R','R','R','R','R','R','R','R'},&#10;&#9;&#9;&#9;&#9;{' ',' ',' ',' ',' ',' ',' ',' '},&#10;&#9;&#9;&#9;&#9;{' ',' ',' ',' ',' ',' ',' ',' '},&#10;&#9;&#9;&#9;&#9;{' ',' ',' ',' ',' ',' ',' ',' '},&#10;&#9;&#9;&#9;&#9;{' ',' ',' ',' ',' ',' ',' ',' '},&#10;&#9;&#9;&#9;&#9;{'r','r','r','r','r','r','r','r'},&#10;&#9;&#9;&#9;&#9;{'k','d','h','c','e','h','d','k'},&#10;&#9;&#9;},0);&#10;&#9;}&#10;&#10;&#9;/**&#10;&#9; * &#10;&#9; * @param x&#10;&#9; * @param y&#10;&#9; * @return&#10;&#9; */&#10;&#9;public Piece getSpace(int row, int column){&#10;&#9;&#9;if(row &lt; 0 || row &gt; 7 || column &lt; 0 || column &gt; 7) return null;&#10;&#9;&#9;if(currentBoard.getBoardArray()[row][column]==' ')&#10;&#9;&#9;&#9;return null;&#10;&#9;&#9;return new Piece(currentBoard.getBoardArray()[row][column]);&#10;&#9;&#9;&#10;&#9;}&#10;&#9;/**&#10;&#9; * &#10;&#9; * @param row&#10;&#9; * @param column&#10;&#9; * @param dir 0: up, 1: right, 2: down, 3: left&#10;&#9; * @return&#10;&#9; */&#10;&#9;public boolean move(int row, int column, int dir){&#10;&#9;&#9;if(getSpace(row,column) == null) return false;&#10;&#9;&#9;boards.add(currentBoard);&#10;&#9;&#9;currentBoard=currentBoard.clone();&#10;&#9;&#9;switch(dir){&#10;&#9;&#9;case 0:&#10;&#9;&#9;&#9;//Moving UP&#10;&#9;&#9;&#9;if (row - 1 &gt;= 0 &amp;&amp; currentBoard.getBoardArray()[row-1][column] == ' ') {&#10;&#9;&#9;&#9;&#9;switchPiece(row, column, row-1, column);&#10;&#9;&#9;&#9;&#9;return true;&#10;&#9;&#9;&#9;}&#10;&#9;&#9;&#9;return false;&#10;&#9;&#9;case 1:&#10;&#9;&#9;&#9;//Moving RIGHT&#10;&#9;&#9;&#9;if (column + 1 &lt;= 7 &amp;&amp; currentBoard.getBoardArray()[row][column+1] == ' ') {&#10;&#9;&#9;&#9;&#9;switchPiece(row, column, row, column+1);&#10;&#9;&#9;&#9;&#9;return true;&#10;&#9;&#9;&#9;}&#10;&#9;&#9;&#9;return false;&#10;&#9;&#9;case 2:&#10;&#9;&#9;&#9;//Moving DOWN&#10;&#9;&#9;&#9;if (row + 1 &lt;= 7 &amp;&amp; currentBoard.getBoardArray()[row+1][column] == ' ') {&#10;&#9;&#9;&#9;&#9;switchPiece(row, column, row + 1, column);&#10;&#9;&#9;&#9;&#9;return true;&#10;&#9;&#9;&#9;}&#10;&#9;&#9;&#9;return false;&#10;&#9;&#9;case 3:&#10;&#9;&#9;&#9;//Moving LEFT&#10;&#9;&#9;&#9;if (column - 1 &gt;= 0 &amp;&amp; currentBoard.getBoardArray()[row][column-1] == ' ') {&#10;&#9;&#9;&#9;&#9;switchPiece(row, column, row, column - 1);&#10;&#9;&#9;&#9;&#9;return true;&#10;&#9;&#9;&#9;}&#10;&#9;&#9;&#9;return false;&#10;&#9;&#9;default:&#10;&#9;&#9;&#9;return false;&#10;&#9;&#9;}&#10;&#9;}&#10;&#9;//helper for move&#10;&#9;private void switchPiece(int row1, int column1, int row2, int column2) {&#10;&#9;&#9;char[][] boardArray = currentBoard.getBoardArray();&#10;&#9;&#9;char temp = boardArray[row1][column1];&#10;&#10;&#9;&#9;boardArray[row1][column1]=boardArray[row2][column2];&#10;&#9;&#9;boardArray[row2][column2]=temp;&#10;&#10;&#9;&#9;currentBoard.setBoardArray(boardArray);&#10;&#9;}&#10;&#9;/**&#10;&#9; * 0: up, 1: right, 2: down, 3: left&#10;&#9; * @param row&#10;&#9; * @param column&#10;&#9; * @param dir1 the direction the pushing piece will move&#10;&#9; * @param dir2 the direction the pushed piece will move&#10;&#9; * @return&#10;&#9; */&#10;&#9;public boolean push(int row, int column, int dir1, int dir2){&#10;&#9;&#9;if (getSpace(row, column) == null){&#10;&#9;&#9;&#9;return false; // trying to push with an empty square&#10;&#9;&#9;}&#10;&#9;&#9;&#10;&#9;&#9;switch (dir1) {&#10;&#9;&#9;case 0:&#10;&#9;&#9;&#9;if (row - 1 &gt;= 0) {&#10;&#9;&#9;&#9;&#9;Piece pushingPiece = getSpace(row, column);&#10;&#9;&#9;&#9;&#9;Piece pushedPiece = getSpace(row - 1, column);&#10;&#9;&#9;&#9;&#9;if (pushedPiece != null&amp;&amp; pushingPiece.isStrongerThan(pushedPiece)) {&#10;&#9;&#9;&#9;&#9;&#9;if (pushingPiece.getOwner() != pushedPiece.getOwner()&#10;&#9;&#9;&#9;&#9;&#9;&#9;&#9;&amp;&amp; move(row - 1, column, dir2)) {&#10;&#9;&#9;&#9;&#9;&#9;&#9;// should always be true&#10;&#9;&#9;&#9;&#9;&#9;&#9;return move(row, column, dir1);&#10;&#9;&#9;&#9;&#9;&#9;}&#10;&#9;&#9;&#9;&#9;}&#10;&#9;&#9;&#9;}&#10;&#9;&#9;&#9;break;&#10;&#9;&#9;case 1:&#10;&#9;&#9;&#9;if (column + 1 &lt;= 7) {&#10;&#9;&#9;&#9;&#9;Piece pushingPiece2 = getSpace(row, column);&#10;&#9;&#9;&#9;&#9;Piece pushedPiece2 = getSpace(row, column + 1);&#10;&#9;&#9;&#9;&#9;if (pushedPiece2 != null&amp;&amp; pushingPiece2.isStrongerThan(pushedPiece2)) {&#10;&#9;&#9;&#9;&#9;&#9;if (pushingPiece2.getOwner() != pushedPiece2.getOwner()&#10;&#9;&#9;&#9;&#9;&#9;&#9;&#9;&amp;&amp; move(row, column + 1, dir2)) {&#10;&#9;&#9;&#9;&#9;&#9;&#9;// should always be true&#10;&#9;&#9;&#9;&#9;&#9;&#9;return move(row, column, dir1);&#10;&#9;&#9;&#9;&#9;&#9;}&#10;&#9;&#9;&#9;&#9;}&#10;&#9;&#9;&#9;}&#10;&#9;&#9;&#9;break;&#10;&#9;&#9;case 2:&#10;&#9;&#9;&#9;if (row + 1 &lt;= 7) {&#10;&#9;&#9;&#9;&#9;Piece pushingPiece3 = getSpace(row, column);&#10;&#9;&#9;&#9;&#9;Piece pushedPiece3 = getSpace(row + 1, column);&#10;&#9;&#9;&#9;&#9;if(pushingPiece3.isStrongerThan(pushedPiece3)){&#10;&#9;&#9;&#9;&#9;&#9;if (pushingPiece3.getOwner() != pushedPiece3.getOwner()&#10;&#9;&#9;&#9;&#9;&#9;&#9;&#9;&amp;&amp; move(row + 1, column, dir2)) {&#10;&#9;&#9;&#9;&#9;&#9;&#9;// should always be true&#10;&#9;&#9;&#9;&#9;&#9;&#9;return move(row, column, dir1);&#10;&#9;&#9;&#9;&#9;&#9;}&#10;&#9;&#9;&#9;&#9;}&#10;&#9;&#9;&#9;}&#10;&#9;&#9;&#9;break;&#10;&#9;&#9;case 3:&#10;&#9;&#9;&#9;if (column - 1 &gt;= 0) {&#10;&#9;&#9;&#9;&#9;Piece pushingPiece4 = getSpace(row, column);&#10;&#9;&#9;&#9;&#9;Piece pushedPiece4 = getSpace(row, column - 1);&#10;&#9;&#9;&#9;&#9;if(pushingPiece4.isStrongerThan(pushedPiece4)){&#10;&#9;&#9;&#9;&#9;&#9;if (pushingPiece4.getOwner() != pushedPiece4.getOwner()&#10;&#9;&#9;&#9;&#9;&#9;&#9;&#9;&amp;&amp; move(row, column - 1, dir2)) {&#10;&#9;&#9;&#9;&#9;&#9;&#9;// should always be true&#10;&#9;&#9;&#9;&#9;&#9;&#9;return move(row, column, dir1);&#10;&#9;&#9;&#9;&#9;&#9;}&#10;&#9;&#9;&#9;&#9;}&#10;&#9;&#9;&#9;}&#10;&#9;&#9;&#9;break;&#10;&#9;&#9;}&#10;&#9;&#9;return false;&#10;&#9;}&#10;&#9;&#10;&#9;/**&#10;&#9; * 0: up, 1: right, 2: down, 3: left&#10;&#9; * @param row: row that contains the pulling piece&#10;&#9; * @param column: column that contains the pulling piece&#10;&#9; * @param direction1: direction the pulling piece will move&#10;&#9; * @param direction2: direction the piece being pulled will move&#10;&#9; * @return True if pull succeeds, False if it fails&#10;&#9; */&#10;&#9;//Still need to test piece strength comparison&#10;&#9;public boolean pull(int row1, int column1, int row2, int column2, int direction1){&#10;&#9;&#9;//Check that both pieces exist&#10;&#9;&#9;if(getSpace(row1, column1)==null || getSpace(row2, column2)==null) return false;&#10;&#9;&#9;&#10;&#9;&#9;//Check that pulling piece is strong than other piece&#10;&#9;&#9;if(!getSpace(row1, column1).isStrongerThan(getSpace(row2, column2))) return false;&#10;&#9;&#9;&#9;&#9;&#10;&#9;&#9;//Get direction that pulled piece will move&#10;&#9;&#9;int direction2 = getDirection(row2, column2, row1, column1);&#10;&#9;&#9;&#10;&#9;&#9;//Check that getDirection didn't fail&#10;&#9;&#9;if(direction2 == -1) return false;&#10;&#9;&#9;&#10;&#9;&#9;//Attempt to perform move operations on both pieces&#10;&#9;&#9;switch(direction1){&#10;&#9;&#9;case 0:&#10;&#9;&#9;&#9;if (getSpace(row1, column1).getOwner() != getSpace(row2, column2).getOwner() &amp;&amp; move(row1, column1, direction1)) {&#10;&#9;&#9;&#9;&#9;move(row2, column2, direction2);&#10;&#9;&#9;&#9;&#9;return true;&#10;&#9;&#9;&#9;}&#10;&#9;&#9;&#9;break;&#10;&#9;&#9;case 1:&#10;&#9;&#9;&#9;if (getSpace(row1, column1).getOwner() != getSpace(row2, column2).getOwner() &amp;&amp; move(row1, column1, direction1)) {&#10;&#9;&#9;&#9;&#9;move(row2, column2, direction2);&#10;&#9;&#9;&#9;&#9;return true;&#10;&#9;&#9;&#9;}&#10;&#9;&#9;&#9;break;&#10;&#9;&#9;case 2:&#10;&#9;&#9;&#9;if(getSpace(row1, column1).getOwner() != getSpace(row2, column2).getOwner() &amp;&amp; move(row1, column1, direction1)){&#10;&#9;&#9;&#9;&#9;move(row2, column2, direction2);&#10;&#9;&#9;&#9;&#9;return true;&#10;&#9;&#9;&#9;}&#10;&#9;&#9;&#9;break;&#10;&#9;&#9;case 3:&#10;&#9;&#9;&#9;if (getSpace(row1, column1).getOwner() != getSpace(row2, column2).getOwner() &amp;&amp; move(row1, column1, direction1)) {&#10;&#9;&#9;&#9;&#9;move(row2, column2, direction2);&#10;&#9;&#9;&#9;&#9;return true;&#10;&#9;&#9;&#9;}&#10;&#9;&#9;&#9;break;&#10;&#9;&#9;}&#10;&#9;&#9;return false;&#10;&#9;}&#10;&#9;&#10;&#9;/**&#10;&#9; * 0: up, 1: right, 2: down, 3: left&#10;&#9; * @param row1: row of space1&#10;&#9; * @param column1: column of space1&#10;&#9; * @param row2: row of space2&#10;&#9; * @param column2: column of space2&#10;&#9; * @return integer representing the direction required to move from space1 to space2&#10;&#9; */&#10;&#9;public int getDirection(int row1, int column1, int row2, int column2){&#10;&#9;&#9;if(row1 == row2){&#10;&#9;&#9;&#9;if(column1 - 1 == column2) return 3;&#10;&#9;&#9;&#9;if(column1 + 1 == column2) return 1;&#10;&#9;&#9;}&#10;&#9;&#9;if(column1 == column2){&#10;&#9;&#9;&#9;if(row1 - 1 == row2) return 0;&#10;&#9;&#9;&#9;if(row1 + 1 == row2) return 2;&#10;&#9;&#9;}&#10;&#9;&#9;return -1;&#10;&#9;}&#10;}&#10;" Filename="Game.java" Intrnl_Id="2"/>
<SrcFile Content="package game;&#10;&#10;import java.awt.Color;&#10;&#10;import javax.swing.JButton;&#10;import javax.swing.JComboBox;&#10;import javax.swing.JFileChooser;&#10;import javax.swing.JFrame;&#10;import javax.swing.JLabel;&#10;import javax.swing.JPanel;&#10;import javax.swing.JTextField;&#10;&#10;import java.awt.Dimension;&#10;import java.awt.Font;&#10;import java.awt.Graphics;&#10;import java.awt.Image;&#10;import java.awt.event.ActionEvent;&#10;import java.awt.event.ActionListener;&#10;import java.awt.event.MouseEvent;&#10;import java.awt.event.MouseListener;&#10;import java.io.File;&#10;import java.util.ArrayList;&#10;&#10;import javax.swing.ImageIcon;&#10;&#10;public class GUI {&#10;&#9;private String p1name;&#10;&#9;private String p2name;&#10;&#9;private ArrayList&lt;JFrame&gt; activeFrames;&#10;&#9;private Game game;&#10;&#9;private ImagePanel gameBoardPanel = null;&#10;&#9;private ImagePanel[][] boardPieces;&#10;&#10;&#9;public GUI() {&#10;&#9;&#9;this.p1name = &quot;Player 1&quot;;&#10;&#9;&#9;this.p2name = &quot;Player 2&quot;;&#10;&#9;&#9;this.game = new Game();&#10;&#9;&#9;this.boardPieces = new ImagePanel[8][8];&#10;&#9;&#9;this.activeFrames = new ArrayList&lt;JFrame&gt;();&#10;&#9;&#9;JFrame mainMenuFrame = new JFrame();&#10;&#9;&#9;this.activeFrames.add(mainMenuFrame);&#10;&#9;&#9;mainMenuFrame.setTitle(&quot;Welcome to Arimaa!&quot;);&#10;&#9;&#9;mainMenuFrame.setDefaultCloseOperation(JFrame.EXIT_ON_CLOSE);&#10;&#10;&#9;}&#10;&#10;&#9;public static void main(String[] args) {&#10;&#9;&#9;GUI g = new GUI();&#10;&#10;&#9;&#9;// Add MAIN MENU panel with appropriate background image&#10;&#9;&#9;ImagePanel panel = new ImagePanel(new ImageIcon(&#10;&#9;&#9;&#9;&#9;&quot;resources/BoardStoneBig.jpg&quot;).getImage());&#10;&#9;&#9;g.activeFrames.get(0).getContentPane().add(panel);&#10;&#9;&#9;g.activeFrames.get(0).pack();&#10;&#9;&#9;panel.setVisible(true);&#10;&#10;&#9;&#9;// Add the NEW GAME button to the Main Menu&#10;&#9;&#9;JButton newGameButton = new JButton();&#10;&#9;&#9;newGameButton.setSize(150, 75);&#10;&#9;&#9;newGameButton.setText(&quot;New Game&quot;);&#10;&#9;&#9;Font newGameFont = newGameButton.getFont();&#10;&#9;&#9;newGameButton.setFont(new Font(newGameFont.getName(), 4, 20));&#10;&#9;&#9;newGameButton.setLocation((panel.getWidth() / 4) - 35,&#10;&#9;&#9;&#9;&#9;(panel.getHeight() / 2) - 37);&#10;&#9;&#9;panel.add(newGameButton);&#10;&#9;&#9;newGameButton.setVisible(true);&#10;&#10;&#9;&#9;// Setup ActionListener for NEW GAME button&#10;&#9;&#9;newGameButton.addActionListener(g.new newGameListener());&#10;&#10;&#9;&#9;// Add the LOAD GAME button to the Main Menu&#10;&#9;&#9;JButton loadGameButton = new JButton();&#10;&#9;&#9;loadGameButton.setSize(150, 75);&#10;&#9;&#9;loadGameButton.setText(&quot;Load Game&quot;);&#10;&#9;&#9;Font loadGameFont = loadGameButton.getFont();&#10;&#9;&#9;loadGameButton.setFont(new Font(loadGameFont.getName(), 4, 20));&#10;&#9;&#9;loadGameButton.setLocation((panel.getWidth() / 4) * 3 - 110,&#10;&#9;&#9;&#9;&#9;(panel.getHeight() / 2) - 37);&#10;&#9;&#9;panel.add(loadGameButton);&#10;&#9;&#9;loadGameButton.setVisible(true);&#10;&#10;&#9;&#9;// Setup ActionListener for the LOAD GAME button&#10;&#9;&#9;loadGameButton.addActionListener(g.new loadGameListener());&#10;&#10;&#9;&#9;g.activeFrames.get(0).setVisible(true);&#10;&#9;}&#10;&#10;&#9;public String getP1name() {&#10;&#9;&#9;return p1name;&#10;&#9;}&#10;&#10;&#9;public void setP1name(String p1name) {&#10;&#9;&#9;this.p1name = p1name;&#10;&#9;}&#10;&#10;&#9;public String getP2name() {&#10;&#9;&#9;return p2name;&#10;&#9;}&#10;&#10;&#9;public void setP2name(String p2name) {&#10;&#9;&#9;this.p2name = p2name;&#10;&#9;}&#10;&#10;&#9;public ArrayList&lt;JFrame&gt; getActiveFrames() {&#10;&#9;&#9;return activeFrames;&#10;&#9;}&#10;&#10;&#9;public void setActiveFrames(ArrayList&lt;JFrame&gt; frames) {&#10;&#9;&#9;this.activeFrames = frames;&#10;&#9;}&#10;&#10;&#9;private void renderInitialBoard() {&#10;&#9;&#9;char[][] boardArray = this.game.currentBoard.getBoardArray();&#10;&#9;&#9;for (int row = 0; row &lt; 8; row++) {&#10;&#9;&#9;&#9;for (int column = 0; column &lt; 8; column++) {&#10;&#9;&#9;&#9;&#9;char c = boardArray[row][column];&#10;&#9;&#9;&#9;&#9;switch (c) {&#10;&#9;&#9;&#9;&#9;case 'E':&#10;&#9;&#9;&#9;&#9;&#9;ImagePanel whiteElephantPanel = new ImagePanel(&#10;&#9;&#9;&#9;&#9;&#9;&#9;&#9;new ImageIcon(&quot;resources/White elephant.png&quot;)&#10;&#9;&#9;&#9;&#9;&#9;&#9;&#9;&#9;&#9;.getImage());&#10;&#9;&#9;&#9;&#9;&#9;this.gameBoardPanel.add(whiteElephantPanel);&#10;&#9;&#9;&#9;&#9;&#9;whiteElephantPanel.setRow(row);&#10;&#9;&#9;&#9;&#9;&#9;whiteElephantPanel.setColumn(column);&#10;&#9;&#9;&#9;&#9;&#9;whiteElephantPanel.setLocation(&#10;&#9;&#9;&#9;&#9;&#9;&#9;&#9;whiteElephantPanel.getPixelX(),&#10;&#9;&#9;&#9;&#9;&#9;&#9;&#9;whiteElephantPanel.getPixelY());&#10;&#9;&#9;&#9;&#9;&#9;whiteElephantPanel.setVisible(true);&#10;&#9;&#9;&#9;&#9;&#9;this.boardPieces[row][column] = whiteElephantPanel;&#10;&#9;&#9;&#9;&#9;&#9;break;&#10;&#9;&#9;&#9;&#9;case 'C':&#10;&#9;&#9;&#9;&#9;&#9;ImagePanel whiteCamelPanel = new ImagePanel(new ImageIcon(&#10;&#9;&#9;&#9;&#9;&#9;&#9;&#9;&quot;resources/White camel.png&quot;).getImage());&#10;&#9;&#9;&#9;&#9;&#9;this.gameBoardPanel.add(whiteCamelPanel);&#10;&#9;&#9;&#9;&#9;&#9;whiteCamelPanel.setRow(row);&#10;&#9;&#9;&#9;&#9;&#9;whiteCamelPanel.setColumn(column);&#10;&#9;&#9;&#9;&#9;&#9;whiteCamelPanel.setLocation(whiteCamelPanel.getPixelX(),&#10;&#9;&#9;&#9;&#9;&#9;&#9;&#9;whiteCamelPanel.getPixelY());&#10;&#9;&#9;&#9;&#9;&#9;whiteCamelPanel.setVisible(true);&#10;&#9;&#9;&#9;&#9;&#9;this.boardPieces[row][column] = whiteCamelPanel;&#10;&#9;&#9;&#9;&#9;&#9;break;&#10;&#9;&#9;&#9;&#9;case 'H':&#10;&#9;&#9;&#9;&#9;&#9;ImagePanel whiteHorsePanel = new ImagePanel(new ImageIcon(&#10;&#9;&#9;&#9;&#9;&#9;&#9;&#9;&quot;resources/White horse.png&quot;).getImage());&#10;&#9;&#9;&#9;&#9;&#9;this.gameBoardPanel.add(whiteHorsePanel);&#10;&#9;&#9;&#9;&#9;&#9;whiteHorsePanel.setRow(row);&#10;&#9;&#9;&#9;&#9;&#9;whiteHorsePanel.setColumn(column);&#10;&#9;&#9;&#9;&#9;&#9;whiteHorsePanel.setLocation(whiteHorsePanel.getPixelX(),&#10;&#9;&#9;&#9;&#9;&#9;&#9;&#9;whiteHorsePanel.getPixelY());&#10;&#9;&#9;&#9;&#9;&#9;whiteHorsePanel.setVisible(true);&#10;&#9;&#9;&#9;&#9;&#9;this.boardPieces[row][column] = whiteHorsePanel;&#10;&#9;&#9;&#9;&#9;&#9;break;&#10;&#9;&#9;&#9;&#9;case 'D':&#10;&#9;&#9;&#9;&#9;&#9;ImagePanel whiteDogPanel = new ImagePanel(new ImageIcon(&#10;&#9;&#9;&#9;&#9;&#9;&#9;&#9;&quot;resources/White dog.png&quot;).getImage());&#10;&#9;&#9;&#9;&#9;&#9;this.gameBoardPanel.add(whiteDogPanel);&#10;&#9;&#9;&#9;&#9;&#9;whiteDogPanel.setRow(row);&#10;&#9;&#9;&#9;&#9;&#9;whiteDogPanel.setColumn(column);&#10;&#9;&#9;&#9;&#9;&#9;whiteDogPanel.setLocation(whiteDogPanel.getPixelX(),&#10;&#9;&#9;&#9;&#9;&#9;&#9;&#9;whiteDogPanel.getPixelY());&#10;&#9;&#9;&#9;&#9;&#9;whiteDogPanel.setVisible(true);&#10;&#9;&#9;&#9;&#9;&#9;this.boardPieces[row][column] = whiteDogPanel;&#10;&#9;&#9;&#9;&#9;&#9;break;&#10;&#9;&#9;&#9;&#9;case 'K':&#10;&#9;&#9;&#9;&#9;&#9;ImagePanel whiteCatPanel = new ImagePanel(new ImageIcon(&#10;&#9;&#9;&#9;&#9;&#9;&#9;&#9;&quot;resources/White cat.png&quot;).getImage());&#10;&#9;&#9;&#9;&#9;&#9;this.gameBoardPanel.add(whiteCatPanel);&#10;&#9;&#9;&#9;&#9;&#9;whiteCatPanel.setRow(row);&#10;&#9;&#9;&#9;&#9;&#9;whiteCatPanel.setColumn(column);&#10;&#9;&#9;&#9;&#9;&#9;whiteCatPanel.setLocation(whiteCatPanel.getPixelX(),&#10;&#9;&#9;&#9;&#9;&#9;&#9;&#9;whiteCatPanel.getPixelY());&#10;&#9;&#9;&#9;&#9;&#9;whiteCatPanel.setVisible(true);&#10;&#9;&#9;&#9;&#9;&#9;this.boardPieces[row][column] = whiteCatPanel;&#10;&#9;&#9;&#9;&#9;&#9;break;&#10;&#9;&#9;&#9;&#9;case 'R':&#10;&#9;&#9;&#9;&#9;&#9;ImagePanel whiteRabbitPanel = new ImagePanel(new ImageIcon(&#10;&#9;&#9;&#9;&#9;&#9;&#9;&#9;&quot;resources/White rabbit.png&quot;).getImage());&#10;&#9;&#9;&#9;&#9;&#9;this.gameBoardPanel.add(whiteRabbitPanel);&#10;&#9;&#9;&#9;&#9;&#9;whiteRabbitPanel.setRow(row);&#10;&#9;&#9;&#9;&#9;&#9;whiteRabbitPanel.setColumn(column);&#10;&#9;&#9;&#9;&#9;&#9;whiteRabbitPanel.setLocation(whiteRabbitPanel.getPixelX(),&#10;&#9;&#9;&#9;&#9;&#9;&#9;&#9;whiteRabbitPanel.getPixelY());&#10;&#9;&#9;&#9;&#9;&#9;whiteRabbitPanel.setVisible(true);&#10;&#9;&#9;&#9;&#9;&#9;this.boardPieces[row][column] = whiteRabbitPanel;&#10;&#9;&#9;&#9;&#9;&#9;break;&#10;&#9;&#9;&#9;&#9;case 'e':&#10;&#9;&#9;&#9;&#9;&#9;ImagePanel blackElephantPanel = new ImagePanel(&#10;&#9;&#9;&#9;&#9;&#9;&#9;&#9;new ImageIcon(&quot;resources/Black elephant.png&quot;)&#10;&#9;&#9;&#9;&#9;&#9;&#9;&#9;&#9;&#9;.getImage());&#10;&#9;&#9;&#9;&#9;&#9;this.gameBoardPanel.add(blackElephantPanel);&#10;&#9;&#9;&#9;&#9;&#9;blackElephantPanel.setRow(row);&#10;&#9;&#9;&#9;&#9;&#9;blackElephantPanel.setColumn(column);&#10;&#9;&#9;&#9;&#9;&#9;blackElephantPanel.setLocation(&#10;&#9;&#9;&#9;&#9;&#9;&#9;&#9;blackElephantPanel.getPixelX(),&#10;&#9;&#9;&#9;&#9;&#9;&#9;&#9;blackElephantPanel.getPixelY());&#10;&#9;&#9;&#9;&#9;&#9;blackElephantPanel.setVisible(true);&#10;&#9;&#9;&#9;&#9;&#9;this.boardPieces[row][column] = blackElephantPanel;&#10;&#9;&#9;&#9;&#9;&#9;break;&#10;&#9;&#9;&#9;&#9;case 'c':&#10;&#9;&#9;&#9;&#9;&#9;ImagePanel blackCamelPanel = new ImagePanel(new ImageIcon(&#10;&#9;&#9;&#9;&#9;&#9;&#9;&#9;&quot;resources/Black camel.png&quot;).getImage());&#10;&#9;&#9;&#9;&#9;&#9;this.gameBoardPanel.add(blackCamelPanel);&#10;&#9;&#9;&#9;&#9;&#9;blackCamelPanel.setRow(row);&#10;&#9;&#9;&#9;&#9;&#9;blackCamelPanel.setColumn(column);&#10;&#9;&#9;&#9;&#9;&#9;blackCamelPanel.setLocation(blackCamelPanel.getPixelX(),&#10;&#9;&#9;&#9;&#9;&#9;&#9;&#9;blackCamelPanel.getPixelY());&#10;&#9;&#9;&#9;&#9;&#9;blackCamelPanel.setVisible(true);&#10;&#9;&#9;&#9;&#9;&#9;this.boardPieces[row][column] = blackCamelPanel;&#10;&#9;&#9;&#9;&#9;&#9;break;&#10;&#9;&#9;&#9;&#9;case 'h':&#10;&#9;&#9;&#9;&#9;&#9;ImagePanel blackHorsePanel = new ImagePanel(new ImageIcon(&#10;&#9;&#9;&#9;&#9;&#9;&#9;&#9;&quot;resources/Black horse.png&quot;).getImage());&#10;&#9;&#9;&#9;&#9;&#9;this.gameBoardPanel.add(blackHorsePanel);&#10;&#9;&#9;&#9;&#9;&#9;blackHorsePanel.setRow(row);&#10;&#9;&#9;&#9;&#9;&#9;blackHorsePanel.setColumn(column);&#10;&#9;&#9;&#9;&#9;&#9;blackHorsePanel.setLocation(blackHorsePanel.getPixelX(),&#10;&#9;&#9;&#9;&#9;&#9;&#9;&#9;blackHorsePanel.getPixelY());&#10;&#9;&#9;&#9;&#9;&#9;blackHorsePanel.setVisible(true);&#10;&#9;&#9;&#9;&#9;&#9;this.boardPieces[row][column] = blackHorsePanel;&#10;&#9;&#9;&#9;&#9;&#9;break;&#10;&#9;&#9;&#9;&#9;case 'd':&#10;&#9;&#9;&#9;&#9;&#9;ImagePanel blackDogPanel = new ImagePanel(new ImageIcon(&#10;&#9;&#9;&#9;&#9;&#9;&#9;&#9;&quot;resources/Black dog.png&quot;).getImage());&#10;&#9;&#9;&#9;&#9;&#9;this.gameBoardPanel.add(blackDogPanel);&#10;&#9;&#9;&#9;&#9;&#9;blackDogPanel.setRow(row);&#10;&#9;&#9;&#9;&#9;&#9;blackDogPanel.setColumn(column);&#10;&#9;&#9;&#9;&#9;&#9;blackDogPanel.setLocation(blackDogPanel.getPixelX(),&#10;&#9;&#9;&#9;&#9;&#9;&#9;&#9;blackDogPanel.getPixelY());&#10;&#9;&#9;&#9;&#9;&#9;blackDogPanel.setVisible(true);&#10;&#9;&#9;&#9;&#9;&#9;this.boardPieces[row][column] = blackDogPanel;&#10;&#9;&#9;&#9;&#9;&#9;break;&#10;&#9;&#9;&#9;&#9;case 'k':&#10;&#9;&#9;&#9;&#9;&#9;ImagePanel blackCatPanel = new ImagePanel(new ImageIcon(&#10;&#9;&#9;&#9;&#9;&#9;&#9;&#9;&quot;resources/Black cat.png&quot;).getImage());&#10;&#9;&#9;&#9;&#9;&#9;this.gameBoardPanel.add(blackCatPanel);&#10;&#9;&#9;&#9;&#9;&#9;blackCatPanel.setRow(row);&#10;&#9;&#9;&#9;&#9;&#9;blackCatPanel.setColumn(column);&#10;&#9;&#9;&#9;&#9;&#9;blackCatPanel.setLocation(blackCatPanel.getPixelX(),&#10;&#9;&#9;&#9;&#9;&#9;&#9;&#9;blackCatPanel.getPixelY());&#10;&#9;&#9;&#9;&#9;&#9;blackCatPanel.setVisible(true);&#10;&#9;&#9;&#9;&#9;&#9;this.boardPieces[row][column] = blackCatPanel;&#10;&#9;&#9;&#9;&#9;&#9;break;&#10;&#9;&#9;&#9;&#9;case 'r':&#10;&#9;&#9;&#9;&#9;&#9;ImagePanel blackRabbitPanel = new ImagePanel(new ImageIcon(&#10;&#9;&#9;&#9;&#9;&#9;&#9;&#9;&quot;resources/Black rabbit.png&quot;).getImage());&#10;&#9;&#9;&#9;&#9;&#9;this.gameBoardPanel.add(blackRabbitPanel);&#10;&#9;&#9;&#9;&#9;&#9;blackRabbitPanel.setRow(row);&#10;&#9;&#9;&#9;&#9;&#9;blackRabbitPanel.setColumn(column);&#10;&#9;&#9;&#9;&#9;&#9;blackRabbitPanel.setLocation(blackRabbitPanel.getPixelX(),&#10;&#9;&#9;&#9;&#9;&#9;&#9;&#9;blackRabbitPanel.getPixelY());&#10;&#9;&#9;&#9;&#9;&#9;blackRabbitPanel.setVisible(true);&#10;&#9;&#9;&#9;&#9;&#9;this.boardPieces[row][column] = blackRabbitPanel;&#10;&#9;&#9;&#9;&#9;&#9;break;&#10;&#9;&#9;&#9;&#9;default:&#10;&#9;&#9;&#9;&#9;}&#10;&#9;&#9;&#9;}&#10;&#9;&#9;}&#10;&#9;}&#10;&#9;&#10;&#9;/**&#10;&#9; * @param row&#10;&#9; * @param column&#10;&#9; * @param dir 0: up, 1: right, 2: down, 3: left&#10;&#9; */&#10;&#9;//Helper fuction for the action listener handling piece move&#10;&#9;private boolean movePieceIcon(int row, int column, int dir){&#10;&#9;&#9;switch(dir){&#10;&#9;&#9;case 0:&#10;&#9;&#9;&#9;//Moving UP&#10;&#9;&#9;&#9;if (row - 1 &gt;= 0 &amp;&amp; boardPieces[row-1][column] == null) {&#10;&#9;&#9;&#9;&#9;switchPiece(row, column, row-1, column);&#10;&#9;&#9;&#9;&#9;boardPieces[row-1][column].setRow(row-1);&#10;&#9;&#9;&#9;&#9;boardPieces[row-1][column].setColumn(column);&#10;&#9;&#9;&#9;&#9;boardPieces[row-1][column].setLocation(boardPieces[row-1][column].getPixelX(), &#10;&#9;&#9;&#9;&#9;&#9;&#9;boardPieces[row-1][column].getPixelY());&#10;&#9;&#9;&#9;&#9;boardPieces[row-1][column].setVisible(true);&#10;&#9;&#9;&#9;&#9;return true;&#10;&#9;&#9;&#9;}&#10;&#9;&#9;&#9;return false;&#10;&#9;&#9;case 1:&#10;&#9;&#9;&#9;//Moving RIGHT&#10;&#9;&#9;&#9;if (column + 1 &lt;= 7 &amp;&amp; boardPieces[row][column+1] == null) {&#10;&#9;&#9;&#9;&#9;switchPiece(row, column, row, column+1);&#10;&#9;&#9;&#9;&#9;boardPieces[row][column+1].setRow(row);&#10;&#9;&#9;&#9;&#9;boardPieces[row][column+1].setColumn(column+1);&#10;&#9;&#9;&#9;&#9;boardPieces[row][column+1].setLocation(boardPieces[row][column+1].getPixelX(), &#10;&#9;&#9;&#9;&#9;&#9;&#9;boardPieces[row][column+1].getPixelY());&#10;&#9;&#9;&#9;&#9;boardPieces[row][column+1].setVisible(true);&#10;&#9;&#9;&#9;&#9;return true;&#10;&#9;&#9;&#9;}&#10;&#9;&#9;&#9;return false;&#10;&#9;&#9;case 2:&#10;&#9;&#9;&#9;//Moving DOWN&#10;&#9;&#9;&#9;if (row + 1 &lt;= 7 &amp;&amp; boardPieces[row+1][column] == null) {&#10;&#9;&#9;&#9;&#9;switchPiece(row, column, row + 1, column);&#10;&#9;&#9;&#9;&#9;boardPieces[row+1][column].setRow(row+1);&#10;&#9;&#9;&#9;&#9;boardPieces[row+1][column].setColumn(column);&#10;&#9;&#9;&#9;&#9;boardPieces[row+1][column].setLocation(boardPieces[row+1][column].getPixelX(), &#10;&#9;&#9;&#9;&#9;&#9;&#9;boardPieces[row+1][column].getPixelY());&#10;&#9;&#9;&#9;&#9;boardPieces[row+1][column].setVisible(true);&#10;&#9;&#9;&#9;&#9;return true;&#10;&#9;&#9;&#9;}&#10;&#9;&#9;&#9;return false;&#10;&#9;&#9;case 3:&#10;&#9;&#9;&#9;//Moving LEFT&#10;&#9;&#9;&#9;if (column - 1 &gt;= 0 &amp;&amp; boardPieces[row][column-1] == null) {&#10;&#9;&#9;&#9;&#9;switchPiece(row, column, row, column - 1);&#10;&#9;&#9;&#9;&#9;boardPieces[row][column-1].setRow(row);&#10;&#9;&#9;&#9;&#9;boardPieces[row][column-1].setColumn(column-1);&#10;&#9;&#9;&#9;&#9;boardPieces[row][column-1].setLocation(boardPieces[row][column-1].getPixelX(), &#10;&#9;&#9;&#9;&#9;&#9;&#9;boardPieces[row][column-1].getPixelY());&#10;&#9;&#9;&#9;&#9;boardPieces[row][column-1].setVisible(true);&#10;&#9;&#9;&#9;&#9;return true;&#10;&#9;&#9;&#9;}&#10;&#9;&#9;&#9;return false;&#10;&#9;&#9;default:&#10;&#9;&#9;&#9;return false;&#10;&#9;&#9;}&#10;&#9;}&#10;&#10;&#9;// helper for movePieceIcon&#10;&#9;//Switches pieces in row1, column1 and row2,column2&#10;&#9;private void switchPiece(int row1, int column1, int row2, int column2) {&#10;&#9;&#9;ImagePanel[][] boardArray = boardPieces;&#10;&#9;&#9;ImagePanel temp = boardArray[row1][column1];&#10;&#10;&#9;&#9;boardArray[row1][column1] = boardArray[row2][column2];&#10;&#9;&#9;boardArray[row2][column2] = temp;&#10;&#10;&#9;&#9;boardPieces = boardArray;&#10;&#9;}&#10;&#10;&#9;class newGameListener implements ActionListener {&#10;&#10;&#9;&#9;@Override&#10;&#9;&#9;public void actionPerformed(ActionEvent e) {&#10;&#9;&#9;&#9;JFrame settingsFrame = new JFrame();&#10;&#9;&#9;&#9;activeFrames.add(settingsFrame);&#10;&#9;&#9;&#9;settingsFrame.setTitle(&quot;New Game Options&quot;);&#10;&#9;&#9;&#9;settingsFrame.setLocation(650 / 2 - 324 / 2 + 5, 650 / 2 - 324 / 2&#10;&#9;&#9;&#9;&#9;&#9;+ 44);&#10;&#9;&#9;&#9;settingsFrame.setVisible(true);&#10;&#10;&#9;&#9;&#9;ImagePanel panel = new ImagePanel(new ImageIcon(&#10;&#9;&#9;&#9;&#9;&#9;&quot;resources/BoardStoneBigCropped.jpg&quot;).getImage());&#10;&#9;&#9;&#9;settingsFrame.getContentPane().add(panel);&#10;&#9;&#9;&#9;settingsFrame.pack();&#10;&#9;&#9;&#9;panel.setVisible(true);&#10;&#10;&#9;&#9;&#9;// Set up Player 1 Name Label and Text Field&#10;&#9;&#9;&#9;JLabel p1NameLabel = new JLabel();&#10;&#9;&#9;&#9;&#10;&#9;&#9;&#9;// On Mac, the bolded text causes layout issues&#10;&#9;&#9;&#9;p1NameLabel.setText(&quot;&lt;html&gt;&lt;b&gt;Player 1 Name:&lt;/b&gt;&lt;html&gt;&quot;);&#10;&#9;&#9;&#9;p1NameLabel.setForeground(Color.WHITE);&#10;&#9;&#9;&#9;Font p1NameFont = p1NameLabel.getFont();&#10;&#9;&#9;&#9;p1NameLabel.setFont(new Font(p1NameFont.getName(), 4, 14));&#10;&#9;&#9;&#9;p1NameLabel.setSize(110, 25);&#10;&#9;&#9;&#9;panel.add(p1NameLabel);&#10;&#9;&#9;&#9;p1NameLabel.setLocation(&#10;&#9;&#9;&#9;&#9;&#9;panel.getWidth() / 2 - p1NameLabel.getWidth(),&#10;&#9;&#9;&#9;&#9;&#9;panel.getHeight() / 2 - p1NameLabel.getHeight() * 2);&#10;&#9;&#9;&#9;p1NameLabel.setVisible(true);&#10;&#10;&#9;&#9;&#9;JTextField p1NameField = new JTextField();&#10;&#9;&#9;&#9;p1NameField.setSize(110, 25);&#10;&#9;&#9;&#9;Font p1FieldFont = p1NameField.getFont();&#10;&#9;&#9;&#9;p1NameLabel.setFont(new Font(p1FieldFont.getName(), 4, 14));&#10;&#9;&#9;&#9;panel.add(p1NameField);&#10;&#9;&#9;&#9;p1NameField.setLocation(panel.getWidth() / 2, panel.getHeight() / 2&#10;&#9;&#9;&#9;&#9;&#9;- p1NameField.getHeight() * 2);&#10;&#9;&#9;&#9;p1NameField.setVisible(true);&#10;&#10;&#9;&#9;&#9;// Set up Player 2 Name Label and Text Field&#10;&#9;&#9;&#9;JLabel p2NameLabel = new JLabel();&#10;&#9;&#9;&#9;p2NameLabel.setText(&quot;&lt;html&gt;&lt;b&gt;Player 2 Name:&lt;/b&gt;&lt;/hmtl&gt;&quot;);&#10;&#9;&#9;&#9;p2NameLabel.setForeground(Color.WHITE);&#10;&#9;&#9;&#9;Font p2NameFont = p2NameLabel.getFont();&#10;&#9;&#9;&#9;p2NameLabel.setFont(new Font(p2NameFont.getName(), 4, 14));&#10;&#9;&#9;&#9;p2NameLabel.setSize(110, 25);&#10;&#9;&#9;&#9;panel.add(p2NameLabel);&#10;&#9;&#9;&#9;p2NameLabel.setLocation(&#10;&#9;&#9;&#9;&#9;&#9;panel.getWidth() / 2 - p2NameLabel.getWidth(),&#10;&#9;&#9;&#9;&#9;&#9;panel.getHeight() / 2 - p2NameLabel.getHeight());&#10;&#9;&#9;&#9;p2NameLabel.setVisible(true);&#10;&#10;&#9;&#9;&#9;JTextField p2NameField = new JTextField();&#10;&#9;&#9;&#9;p2NameField.setSize(110, 25);&#10;&#9;&#9;&#9;Font p2FieldFont = p2NameField.getFont();&#10;&#9;&#9;&#9;p2NameLabel.setFont(new Font(p2FieldFont.getName(), 4, 14));&#10;&#9;&#9;&#9;panel.add(p2NameField);&#10;&#9;&#9;&#9;p2NameField.setLocation(panel.getWidth() / 2, panel.getHeight() / 2&#10;&#9;&#9;&#9;&#9;&#9;- p2NameField.getHeight());&#10;&#9;&#9;&#9;p2NameField.setVisible(true);&#10;&#10;&#9;&#9;&#9;// Set up Turn Timer Label and Text Field&#10;&#9;&#9;&#9;JLabel turnTimerLabel = new JLabel();&#10;&#9;&#9;&#9;turnTimerLabel.setText(&quot;&lt;html&gt;&lt;b&gt;Turn Timer:&lt;/b&gt;&lt;/html&gt;&quot;);&#10;&#9;&#9;&#9;turnTimerLabel.setForeground(Color.WHITE);&#10;&#9;&#9;&#9;Font turnTimerFont = turnTimerLabel.getFont();&#10;&#9;&#9;&#9;turnTimerLabel.setFont(new Font(turnTimerFont.getName(), 4, 14));&#10;&#9;&#9;&#9;turnTimerLabel.setSize(110, 25);&#10;&#9;&#9;&#9;panel.add(turnTimerLabel);&#10;&#9;&#9;&#9;turnTimerLabel.setLocation(&#10;&#9;&#9;&#9;&#9;&#9;panel.getWidth() / 2 - turnTimerLabel.getWidth(),&#10;&#9;&#9;&#9;&#9;&#9;panel.getHeight() / 2);&#10;&#9;&#9;&#9;turnTimerLabel.setVisible(true);&#10;&#10;&#9;&#9;&#9;String[] turnTimerPresets = { &quot;0:30&quot;, &quot;0:45&quot;, &quot;1:00&quot;, &quot;1:15&quot;,&#10;&#9;&#9;&#9;&#9;&#9;&quot;1:30&quot;, &quot;1:45&quot;, &quot;2:00&quot;, &quot;M:SS&quot; };&#10;&#9;&#9;&#9;JComboBox&lt;String&gt; turnTimerComboBox = new JComboBox&lt;String&gt;(&#10;&#9;&#9;&#9;&#9;&#9;turnTimerPresets);&#10;&#9;&#9;&#9;turnTimerComboBox.setEditable(true);&#10;&#9;&#9;&#9;turnTimerComboBox.setSize(110, 25);&#10;&#9;&#9;&#9;panel.add(turnTimerComboBox);&#10;&#9;&#9;&#9;turnTimerComboBox.setLocation(panel.getWidth() / 2,&#10;&#9;&#9;&#9;&#9;&#9;panel.getHeight() / 2);&#10;&#9;&#9;&#9;turnTimerComboBox.setVisible(true);&#10;&#10;&#9;&#9;&#9;// Set up Turn Timer Label and Text Field&#10;&#9;&#9;&#9;JLabel timeBankLabel = new JLabel();&#10;&#9;&#9;&#9;timeBankLabel.setText(&quot;&lt;html&gt; &lt;b&gt;Time Bank Cap:&lt;/b&gt;&lt;/html&gt;&quot;);&#10;&#9;&#9;&#9;timeBankLabel.setForeground(Color.WHITE);&#10;&#9;&#9;&#9;Font timeBankFont = timeBankLabel.getFont();&#10;&#9;&#9;&#9;timeBankLabel.setFont(new Font(timeBankFont.getName(), 4, 14));&#10;&#9;&#9;&#9;timeBankLabel.setSize(110, 25);&#10;&#9;&#9;&#9;panel.add(timeBankLabel);&#10;&#9;&#9;&#9;timeBankLabel.setLocation(&#10;&#9;&#9;&#9;&#9;&#9;panel.getWidth() / 2 - timeBankLabel.getWidth(),&#10;&#9;&#9;&#9;&#9;&#9;panel.getHeight() / 2 + timeBankLabel.getHeight());&#10;&#9;&#9;&#9;timeBankLabel.setVisible(true);&#10;&#10;&#9;&#9;&#9;String[] timeBankPresets = { &quot;0:30&quot;, &quot;0:45&quot;, &quot;1:00&quot;, &quot;1:15&quot;,&#10;&#9;&#9;&#9;&#9;&#9;&quot;1:30&quot;, &quot;1:45&quot;, &quot;2:00&quot;, &quot;M:SS&quot; };&#10;&#9;&#9;&#9;JComboBox&lt;String&gt; timeBankComboBox = new JComboBox&lt;String&gt;(&#10;&#9;&#9;&#9;&#9;&#9;timeBankPresets);&#10;&#9;&#9;&#9;timeBankComboBox.setEditable(true);&#10;&#9;&#9;&#9;timeBankComboBox.setSize(110, 25);&#10;&#9;&#9;&#9;panel.add(timeBankComboBox);&#10;&#9;&#9;&#9;timeBankComboBox.setLocation(panel.getWidth() / 2,&#10;&#9;&#9;&#9;&#9;&#9;panel.getHeight() / 2 + timeBankComboBox.getHeight());&#10;&#9;&#9;&#9;timeBankComboBox.setVisible(true);&#10;&#10;&#9;&#9;&#9;// Set up Start Game Button&#10;&#9;&#9;&#9;JButton startGameButton = new JButton();&#10;&#9;&#9;&#9;startGameButton.setSize(110, 25);&#10;&#9;&#9;&#9;startGameButton.setText(&quot;Start Game&quot;);&#10;&#9;&#9;&#9;startGameButton.setLocation((panel.getWidth() / 2)&#10;&#9;&#9;&#9;&#9;&#9;- startGameButton.getWidth(), (panel.getHeight() / 2)&#10;&#9;&#9;&#9;&#9;&#9;+ (2 * startGameButton.getHeight()));&#10;&#9;&#9;&#9;panel.add(startGameButton);&#10;&#9;&#9;&#9;startGameButton.addActionListener(new startGameListener());&#10;&#9;&#9;&#9;startGameButton.setVisible(true);&#10;&#10;&#9;&#9;&#9;// Set up Cancel Button&#10;&#9;&#9;&#9;JButton cancelButton = new JButton();&#10;&#9;&#9;&#9;cancelButton.setSize(110, 25);&#10;&#9;&#9;&#9;cancelButton.setText(&quot;Cancel&quot;);&#10;&#9;&#9;&#9;cancelButton.setLocation((panel.getWidth() / 2),&#10;&#9;&#9;&#9;&#9;&#9;(panel.getHeight() / 2) + (2 * cancelButton.getHeight()));&#10;&#9;&#9;&#9;panel.add(cancelButton);&#10;&#9;&#9;&#9;cancelButton.addActionListener(new cancelListener());&#10;&#9;&#9;&#9;cancelButton.setVisible(true);&#10;&#9;&#9;}&#10;&#9;}&#10;&#10;&#9;class loadGameListener implements ActionListener {&#10;&#10;&#9;&#9;@Override&#10;&#9;&#9;public void actionPerformed(ActionEvent e) {&#10;&#9;&#9;&#9;JFileChooser fileChooser = new JFileChooser();&#10;&#9;&#9;&#9;fileChooser.setCurrentDirectory(new File(System&#10;&#9;&#9;&#9;&#9;&#9;.getProperty(&quot;user.home&quot;)));&#10;&#9;&#9;&#9;int result = fileChooser.showOpenDialog(activeFrames.get(0));&#10;&#9;&#9;&#9;if (result == JFileChooser.APPROVE_OPTION) {&#10;&#9;&#9;&#9;&#9;File selectedFile = fileChooser.getSelectedFile();&#10;&#9;&#9;&#9;&#9;System.out.println(&quot;Selected file: &quot;&#10;&#9;&#9;&#9;&#9;&#9;&#9;+ selectedFile.getAbsolutePath());&#10;&#9;&#9;&#9;}&#10;&#9;&#9;}&#10;&#9;}&#10;&#10;&#9;class cancelListener implements ActionListener {&#10;&#10;&#9;&#9;@Override&#10;&#9;&#9;public void actionPerformed(ActionEvent e) {&#10;&#9;&#9;&#9;JFrame settingsFrame = activeFrames.get(1);&#10;&#9;&#9;&#9;activeFrames.remove(1);&#10;&#9;&#9;&#9;settingsFrame.dispose();&#10;&#9;&#9;}&#10;&#9;}&#10;&#10;&#9;class startGameListener implements ActionListener {&#10;&#10;&#9;&#9;@Override&#10;&#9;&#9;public void actionPerformed(ActionEvent e) {&#10;&#9;&#9;&#9;JFrame settings = activeFrames.get(1);&#10;&#9;&#9;&#9;activeFrames.remove(1);&#10;&#9;&#9;&#9;settings.dispose();&#10;&#10;&#9;&#9;&#9;JFrame mainMenu = activeFrames.get(0);&#10;&#9;&#9;&#9;activeFrames.remove(0);&#10;&#9;&#9;&#9;mainMenu.dispose();&#10;&#10;&#9;&#9;&#9;JFrame gameFrame = new JFrame();&#10;&#9;&#9;&#9;activeFrames.add(gameFrame);&#10;&#9;&#9;&#9;gameFrame.setTitle(&quot;Let's Play!&quot;);&#10;&#9;&#9;&#9;gameFrame.setDefaultCloseOperation(JFrame.EXIT_ON_CLOSE);&#10;&#10;&#9;&#9;&#9;ImagePanel panel = new ImagePanel(new ImageIcon(&#10;&#9;&#9;&#9;&#9;&#9;&quot;resources/BoardStoneBig.jpg&quot;).getImage());&#10;&#9;&#9;&#9;activeFrames.get(0).getContentPane().add(panel);&#10;&#9;&#9;&#9;activeFrames.get(0).pack();&#10;&#9;&#9;&#9;panel.setVisible(true);&#10;&#9;&#9;&#9;gameBoardPanel = panel;&#10;&#9;&#9;&#9;gameBoardPanel.addMouseListener(new MovementListener());&#10;&#9;&#10;&#9;&#9;&#9;gameFrame.setVisible(true);&#10;&#10;&#9;&#9;&#9;renderInitialBoard();&#10;&#9;&#9;}&#10;&#9;}&#10;&#9;&#10;&#9;private class MovementListener implements MouseListener {&#10;&#9;&#9;boolean pieceSelectedFlag;&#10;&#9;&#9;ImagePanel selectedPiece;&#10;&#9;&#9;&#10;&#9;&#9;private MovementListener(){&#10;&#9;&#9;&#9;this.pieceSelectedFlag = true;&#10;&#9;&#9;&#9;this.selectedPiece = null;&#10;&#9;&#9;}&#10;&#10;&#9;&#9;@Override&#10;&#9;&#9;public void mouseClicked(MouseEvent e) {&#10;&#9;&#9;&#9;//Not needed&#10;&#9;&#9;}&#10;&#10;&#9;&#9;@Override&#10;&#9;&#9;public void mouseReleased(MouseEvent e) {&#10;&#9;&#9;&#9;//Not needed&#9;&#9;&#10;&#9;&#9;}&#10;&#10;&#9;&#9;@Override&#10;&#9;&#9;public void mouseEntered(MouseEvent e) {&#10;&#9;&#9;&#9;//Not needed&#10;&#9;&#9;}&#10;&#10;&#9;&#9;@Override&#10;&#9;&#9;public void mouseExited(MouseEvent e) {&#10;&#9;&#9;&#9;//Not needed&#10;&#9;&#9;}&#10;&#10;&#9;&#9;@Override&#10;&#9;&#9;public void mousePressed(MouseEvent e) {&#10;&#9;&#9;&#9;//Starting Hardcore Logic here...&#10;&#9;&#9;&#9;&#10;&#9;&#9;&#9;ArrayList&lt;Integer&gt; directions = new ArrayList&lt;Integer&gt;();&#10;&#9;&#9;&#9;for(int i=0; i&lt;4; i++) directions.add(i);&#10;&#9;&#9;&#9;&#10;&#9;&#9;&#9;int sourceX = (int) e.getPoint().getX();&#10;&#9;&#9;&#9;int sourceY = (int) e.getPoint().getY();&#10;&#9;&#9;&#9;&#10;&#9;&#9;&#9;//Get rid of X and Y ASAP!!!&#10;&#9;&#9;&#9;int rowClicked = (sourceY - 10) / 80;&#10;&#9;&#9;&#9;int columnClicked = (sourceX - 10) / 80;&#10;&#9;&#9;&#9;&#10;&#9;&#9;&#9;if (rowClicked &lt;= 7 &amp;&amp; rowClicked &gt;= 0 &amp;&amp; columnClicked &lt;= 7&#10;&#9;&#9;&#9;&#9;&#9;&amp;&amp; columnClicked &gt;= 0) {&#10;&#9;&#9;&#9;&#9;if (boardPieces[rowClicked][columnClicked] != null&#10;&#9;&#9;&#9;&#9;&#9;&#9;&amp;&amp; this.pieceSelectedFlag == false) {&#10;&#9;&#9;&#9;&#9;&#9;this.pieceSelectedFlag = true;&#10;&#9;&#9;&#9;&#9;&#9;this.selectedPiece = boardPieces[rowClicked][columnClicked];&#10;&#9;&#9;&#9;&#9;}&#10;&#10;&#9;&#9;&#9;&#9;else if (this.selectedPiece != null&#10;&#9;&#9;&#9;&#9;&#9;&#9;&amp;&amp; boardPieces[rowClicked][columnClicked] == null) {&#10;&#9;&#9;&#9;&#9;&#9;int calculatedDirection = -1;&#10;&#9;&#9;&#9;&#9;&#9;if (selectedPiece.getRow() - 1 == rowClicked&#10;&#9;&#9;&#9;&#9;&#9;&#9;&#9;&amp;&amp; selectedPiece.getColumn() == columnClicked)&#10;&#9;&#9;&#9;&#9;&#9;&#9;calculatedDirection = 0;&#10;&#9;&#9;&#9;&#9;&#9;if (selectedPiece.getColumn() + 1 == columnClicked&#10;&#9;&#9;&#9;&#9;&#9;&#9;&#9;&amp;&amp; selectedPiece.getRow() == rowClicked)&#10;&#9;&#9;&#9;&#9;&#9;&#9;calculatedDirection = 1;&#10;&#9;&#9;&#9;&#9;&#9;if (selectedPiece.getRow() + 1 == rowClicked&#10;&#9;&#9;&#9;&#9;&#9;&#9;&#9;&amp;&amp; selectedPiece.getColumn() == columnClicked)&#10;&#9;&#9;&#9;&#9;&#9;&#9;calculatedDirection = 2;&#10;&#9;&#9;&#9;&#9;&#9;if (selectedPiece.getColumn() - 1 == columnClicked&#10;&#9;&#9;&#9;&#9;&#9;&#9;&#9;&amp;&amp; selectedPiece.getRow() == rowClicked)&#10;&#9;&#9;&#9;&#9;&#9;&#9;calculatedDirection = 3;&#10;&#10;&#9;&#9;&#9;&#9;&#9;// Using move to check for valid move&#10;&#9;&#9;&#9;&#9;&#9;if (game.move(selectedPiece.getRow(),&#10;&#9;&#9;&#9;&#9;&#9;&#9;&#9;selectedPiece.getColumn(), calculatedDirection)) {&#10;&#9;&#9;&#9;&#9;&#9;&#9;movePieceIcon(selectedPiece.getRow(),&#10;&#9;&#9;&#9;&#9;&#9;&#9;&#9;&#9;selectedPiece.getColumn(), calculatedDirection);&#10;&#9;&#9;&#9;&#9;&#9;}&#10;&#9;&#9;&#9;&#9;&#9;this.selectedPiece = null;&#10;&#9;&#9;&#9;&#9;&#9;this.pieceSelectedFlag = false;&#10;&#9;&#9;&#9;&#9;} else {&#10;&#9;&#9;&#9;&#9;&#9;this.selectedPiece = null;&#10;&#9;&#9;&#9;&#9;&#9;this.pieceSelectedFlag = false;&#10;&#9;&#9;&#9;&#9;}&#10;&#9;&#9;&#9;}&#10;&#9;&#9;}&#10;&#9;}&#10;}&#10;&#10;class ImagePanel extends JPanel {&#10;&#10;&#9;private Image img;&#10;&#9;private int row;&#10;&#9;private int column;&#10;&#10;&#9;public ImagePanel(String img) {&#10;&#9;&#9;this(new ImageIcon(img).getImage());&#10;&#9;}&#10;&#10;&#9;public ImagePanel(Image img) {&#10;&#9;&#9;this.img = img;&#10;&#9;&#9;Dimension size = new Dimension(img.getWidth(null), img.getHeight(null));&#10;&#9;&#9;setPreferredSize(size);&#10;&#9;&#9;setMinimumSize(size);&#10;&#9;&#9;setMaximumSize(size);&#10;&#9;&#9;setSize(size);&#10;&#9;&#9;setLayout(null);&#10;&#9;}&#10;&#10;&#9;public void paintComponent(Graphics g) {&#10;&#9;&#9;g.drawImage(img, 0, 0, null);&#10;&#9;}&#10;&#10;&#9;public void setRow(int row) {&#10;&#9;&#9;this.row = row;&#10;&#9;}&#10;&#10;&#9;public int getRow() {&#10;&#9;&#9;return this.row;&#10;&#9;}&#10;&#10;&#9;public void setColumn(int column) {&#10;&#9;&#9;this.column = column;&#10;&#9;}&#10;&#10;&#9;public int getColumn() {&#10;&#9;&#9;return this.column;&#10;&#9;}&#10;&#10;&#9;public int getPixelX() {&#10;&#9;&#9;return this.column * 80 + 10;&#10;&#9;}&#10;&#10;&#9;public int getPixelY() {&#10;&#9;&#9;return this.row * 80 + 10;&#10;&#9;}&#10;&#10;}" Filename="GUI.java" Intrnl_Id="3"/>
<SrcFile Content="package game;&#10;/**&#10; * This class represents the states of the board.&#10; * &#10; * @author shellajt&#10; *&#10; */&#10;public class BoardState {&#10;&#9;//Fields&#10;&#9;private char[][] boardArray; //Represents the current state of the board&#10;&#9;private int turnNumber;&#10;&#9;&#10;&#9;public BoardState(char[][] map, int turnNumber){&#10;&#9;&#9;this.boardArray = map;&#10;&#9;&#9;this.turnNumber = turnNumber;&#10;&#9;}&#10;&#10;&#9;public char[][] getBoardArray() {&#10;&#9;&#9;return boardArray;&#10;&#9;}&#10;&#10;&#9;public void setBoardArray(char[][] boardArray) {&#10;&#9;&#9;this.boardArray = boardArray;&#10;&#9;}&#10;&#10;&#9;public int getTurnNumber() {&#10;&#9;&#9;return turnNumber;&#10;&#9;}&#10;&#10;&#9;public void setTurnNumber(int turnNumber) {&#10;&#9;&#9;this.turnNumber = turnNumber;&#10;&#9;}&#10;&#9;&#10;&#9;public void incrementTurn(){&#10;&#9;&#9;this.turnNumber++;&#10;&#9;}&#10;&#9;public BoardState clone(){&#10;&#9;&#9;return new BoardState(boardArray, turnNumber);&#10;&#9;}&#10;}&#10;" Filename="BoardState.java" Intrnl_Id="4"/>
</SrcFileList>
<CritList>
<CritListEntry Name="org.codecover.model.utils.criteria.LoopCoverage" PluginName="org.codecover"/>
<CritListEntry Name="org.codecover.model.utils.criteria.QMOCoverage" PluginName="org.codecover"/>
<CritListEntry Name="org.codecover.model.utils.criteria.ConditionCoverage" PluginName="org.codecover"/>
<CritListEntry Name="org.codecover.model.utils.criteria.BranchCoverage" PluginName="org.codecover"/>
<CritListEntry Name="org.codecover.model.utils.criteria.SynchronizedStatementCoverage" PluginName="org.codecover"/>
<CritListEntry Name="org.codecover.model.utils.criteria.StatementCoverage" PluginName="org.codecover"/>
</CritList>
<BoolOpList>
<BoolOp Arity="2" Intrnl_Id="5" Name="conditional and (&amp;&amp;)">
<BoolAssgnmntBoolMapList>
<MapEntry BoolAssgnmnt="02" Value="false"/>
<MapEntry BoolAssgnmnt="10" Value="false"/>
<MapEntry BoolAssgnmnt="11" Value="true"/>
</BoolAssgnmntBoolMapList>
</BoolOp>
<BoolOp Arity="2" Intrnl_Id="6" Name="conditional or (||)">
<BoolAssgnmntBoolMapList>
<MapEntry BoolAssgnmnt="00" Value="false"/>
<MapEntry BoolAssgnmnt="01" Value="true"/>
<MapEntry BoolAssgnmnt="12" Value="true"/>
</BoolAssgnmntBoolMapList>
</BoolOp>
<BoolOp Arity="1" Intrnl_Id="7" Name="not (!)">
<BoolAssgnmntBoolMapList>
<MapEntry BoolAssgnmnt="1" Value="false"/>
<MapEntry BoolAssgnmnt="0" Value="true"/>
</BoolAssgnmntBoolMapList>
</BoolOp>
</BoolOpList>
<HierarchyLvlTypeList>
<HierarchyLvlType EnglishName="enumeration" IntrnlName="enum" Intrnl_Id="8"/>
<HierarchyLvlType EnglishName="package" IntrnlName="package" Intrnl_Id="9"/>
<HierarchyLvlType EnglishName="method" IntrnlName="method" Intrnl_Id="10"/>
<HierarchyLvlType EnglishName="class" IntrnlName="class" Intrnl_Id="11"/>
<HierarchyLvlType EnglishName="default package" IntrnlName="default package" Intrnl_Id="12"/>
</HierarchyLvlTypeList>
<MASTRoot>
<HierarchyLvl HierarchyLvlId="280" HierarchyLvlTypeId="12" Intrnl_Id="13" Name="default package">
<Header/>
<LocList/>
<HierarchyLvl HierarchyLvlId="279" HierarchyLvlTypeId="9" Intrnl_Id="14" Name="game">
<Header/>
<LocList/>
<HierarchyLvl HierarchyLvlId="224" HierarchyLvlTypeId="11" Intrnl_Id="15" Name="Piece">
<Header>
<Loc EndOffset="56" SrcFileId="1" StartOffset="38"/>
</Header>
<LocList>
<Loc EndOffset="150" SrcFileId="1" StartOffset="38"/>
<Loc EndOffset="194" SrcFileId="1" StartOffset="190"/>
<Loc EndOffset="2426" SrcFileId="1" StartOffset="262"/>
</LocList>
<HierarchyLvl HierarchyLvlId="210" HierarchyLvlTypeId="8" Intrnl_Id="16" Name="Owner">
<Header>
<Loc EndOffset="167" SrcFileId="1" StartOffset="150"/>
</Header>
<LocList>
<Loc EndOffset="190" SrcFileId="1" StartOffset="150"/>
</LocList>
</HierarchyLvl>
<HierarchyLvl HierarchyLvlId="211" HierarchyLvlTypeId="8" Intrnl_Id="17" Name="PieceType">
<Header>
<Loc EndOffset="215" SrcFileId="1" StartOffset="194"/>
</Header>
<LocList>
<Loc EndOffset="262" SrcFileId="1" StartOffset="194"/>
</LocList>
</HierarchyLvl>
<HierarchyLvl HierarchyLvlId="212" HierarchyLvlTypeId="10" Intrnl_Id="18" Name="Piece">
<Header>
<Loc EndOffset="286" SrcFileId="1" StartOffset="266"/>
</Header>
<LocList>
<Loc EndOffset="1577" SrcFileId="1" StartOffset="266"/>
</LocList>
<StmntSeq Intrnl_Id="19">
<LocList>
<Loc EndOffset="1574" SrcFileId="1" StartOffset="290"/>
</LocList>
<CondStmnt CovItemId="S1" CovItemPrefix="game.Piece.java" Intrnl_Id="20">
<Branch CovItemId="B1" CovItemPrefix="game.Piece.java" Implct="false" Intrnl_Id="21">
<Cond>
<Loc EndOffset="311" SrcFileId="1" StartOffset="303"/>
</Cond>
<LocList>
<Loc EndOffset="402" SrcFileId="1" StartOffset="316"/>
</LocList>
<StmntSeq Intrnl_Id="22">
<LocList>
<Loc EndOffset="345" SrcFileId="1" StartOffset="316"/>
<Loc EndOffset="374" SrcFileId="1" StartOffset="349"/>
<Loc EndOffset="392" SrcFileId="1" StartOffset="378"/>
<Loc EndOffset="402" SrcFileId="1" StartOffset="396"/>
</LocList>
<BasicStmnt CovItemId="S2" CovItemPrefix="game.Piece.java" Intrnl_Id="23">
<LocList>
<Loc EndOffset="345" SrcFileId="1" StartOffset="316"/>
</LocList>
</BasicStmnt>
<BasicStmnt CovItemId="S3" CovItemPrefix="game.Piece.java" Intrnl_Id="24">
<LocList>
<Loc EndOffset="374" SrcFileId="1" StartOffset="349"/>
</LocList>
</BasicStmnt>
<BasicStmnt CovItemId="S4" CovItemPrefix="game.Piece.java" Intrnl_Id="25">
<LocList>
<Loc EndOffset="392" SrcFileId="1" StartOffset="378"/>
</LocList>
</BasicStmnt>
<BasicStmnt CovItemId="S5" CovItemPrefix="game.Piece.java" Intrnl_Id="26">
<LocList>
<Loc EndOffset="402" SrcFileId="1" StartOffset="396"/>
</LocList>
</BasicStmnt>
</StmntSeq>
</Branch>
<Branch CovItemId="B2" CovItemPrefix="game.Piece.java" Implct="false" Intrnl_Id="27">
<Cond>
<Loc EndOffset="413" SrcFileId="1" StartOffset="405"/>
</Cond>
<LocList>
<Loc EndOffset="501" SrcFileId="1" StartOffset="418"/>
</LocList>
<StmntSeq Intrnl_Id="28">
<LocList>
<Loc EndOffset="444" SrcFileId="1" StartOffset="418"/>
<Loc EndOffset="473" SrcFileId="1" StartOffset="448"/>
<Loc EndOffset="491" SrcFileId="1" StartOffset="477"/>
<Loc EndOffset="501" SrcFileId="1" StartOffset="495"/>
</LocList>
<BasicStmnt CovItemId="S6" CovItemPrefix="game.Piece.java" Intrnl_Id="29">
<LocList>
<Loc EndOffset="444" SrcFileId="1" StartOffset="418"/>
</LocList>
</BasicStmnt>
<BasicStmnt CovItemId="S7" CovItemPrefix="game.Piece.java" Intrnl_Id="30">
<LocList>
<Loc EndOffset="473" SrcFileId="1" StartOffset="448"/>
</LocList>
</BasicStmnt>
<BasicStmnt CovItemId="S8" CovItemPrefix="game.Piece.java" Intrnl_Id="31">
<LocList>
<Loc EndOffset="491" SrcFileId="1" StartOffset="477"/>
</LocList>
</BasicStmnt>
<BasicStmnt CovItemId="S9" CovItemPrefix="game.Piece.java" Intrnl_Id="32">
<LocList>
<Loc EndOffset="501" SrcFileId="1" StartOffset="495"/>
</LocList>
</BasicStmnt>
</StmntSeq>
</Branch>
<Branch CovItemId="B3" CovItemPrefix="game.Piece.java" Implct="false" Intrnl_Id="33">
<Cond>
<Loc EndOffset="512" SrcFileId="1" StartOffset="504"/>
</Cond>
<LocList>
<Loc EndOffset="600" SrcFileId="1" StartOffset="517"/>
</LocList>
<StmntSeq Intrnl_Id="34">
<LocList>
<Loc EndOffset="543" SrcFileId="1" StartOffset="517"/>
<Loc EndOffset="572" SrcFileId="1" StartOffset="547"/>
<Loc EndOffset="590" SrcFileId="1" StartOffset="576"/>
<Loc EndOffset="600" SrcFileId="1" StartOffset="594"/>
</LocList>
<BasicStmnt CovItemId="S10" CovItemPrefix="game.Piece.java" Intrnl_Id="35">
<LocList>
<Loc EndOffset="543" SrcFileId="1" StartOffset="517"/>
</LocList>
</BasicStmnt>
<BasicStmnt CovItemId="S11" CovItemPrefix="game.Piece.java" Intrnl_Id="36">
<LocList>
<Loc EndOffset="572" SrcFileId="1" StartOffset="547"/>
</LocList>
</BasicStmnt>
<BasicStmnt CovItemId="S12" CovItemPrefix="game.Piece.java" Intrnl_Id="37">
<LocList>
<Loc EndOffset="590" SrcFileId="1" StartOffset="576"/>
</LocList>
</BasicStmnt>
<BasicStmnt CovItemId="S13" CovItemPrefix="game.Piece.java" Intrnl_Id="38">
<LocList>
<Loc EndOffset="600" SrcFileId="1" StartOffset="594"/>
</LocList>
</BasicStmnt>
</StmntSeq>
</Branch>
<Branch CovItemId="B4" CovItemPrefix="game.Piece.java" Implct="false" Intrnl_Id="39">
<Cond>
<Loc EndOffset="611" SrcFileId="1" StartOffset="603"/>
</Cond>
<LocList>
<Loc EndOffset="697" SrcFileId="1" StartOffset="616"/>
</LocList>
<StmntSeq Intrnl_Id="40">
<LocList>
<Loc EndOffset="640" SrcFileId="1" StartOffset="616"/>
<Loc EndOffset="669" SrcFileId="1" StartOffset="644"/>
<Loc EndOffset="687" SrcFileId="1" StartOffset="673"/>
<Loc EndOffset="697" SrcFileId="1" StartOffset="691"/>
</LocList>
<BasicStmnt CovItemId="S14" CovItemPrefix="game.Piece.java" Intrnl_Id="41">
<LocList>
<Loc EndOffset="640" SrcFileId="1" StartOffset="616"/>
</LocList>
</BasicStmnt>
<BasicStmnt CovItemId="S15" CovItemPrefix="game.Piece.java" Intrnl_Id="42">
<LocList>
<Loc EndOffset="669" SrcFileId="1" StartOffset="644"/>
</LocList>
</BasicStmnt>
<BasicStmnt CovItemId="S16" CovItemPrefix="game.Piece.java" Intrnl_Id="43">
<LocList>
<Loc EndOffset="687" SrcFileId="1" StartOffset="673"/>
</LocList>
</BasicStmnt>
<BasicStmnt CovItemId="S17" CovItemPrefix="game.Piece.java" Intrnl_Id="44">
<LocList>
<Loc EndOffset="697" SrcFileId="1" StartOffset="691"/>
</LocList>
</BasicStmnt>
</StmntSeq>
</Branch>
<Branch CovItemId="B5" CovItemPrefix="game.Piece.java" Implct="false" Intrnl_Id="45">
<Cond>
<Loc EndOffset="708" SrcFileId="1" StartOffset="700"/>
</Cond>
<LocList>
<Loc EndOffset="794" SrcFileId="1" StartOffset="713"/>
</LocList>
<StmntSeq Intrnl_Id="46">
<LocList>
<Loc EndOffset="737" SrcFileId="1" StartOffset="713"/>
<Loc EndOffset="766" SrcFileId="1" StartOffset="741"/>
<Loc EndOffset="784" SrcFileId="1" StartOffset="770"/>
<Loc EndOffset="794" SrcFileId="1" StartOffset="788"/>
</LocList>
<BasicStmnt CovItemId="S18" CovItemPrefix="game.Piece.java" Intrnl_Id="47">
<LocList>
<Loc EndOffset="737" SrcFileId="1" StartOffset="713"/>
</LocList>
</BasicStmnt>
<BasicStmnt CovItemId="S19" CovItemPrefix="game.Piece.java" Intrnl_Id="48">
<LocList>
<Loc EndOffset="766" SrcFileId="1" StartOffset="741"/>
</LocList>
</BasicStmnt>
<BasicStmnt CovItemId="S20" CovItemPrefix="game.Piece.java" Intrnl_Id="49">
<LocList>
<Loc EndOffset="784" SrcFileId="1" StartOffset="770"/>
</LocList>
</BasicStmnt>
<BasicStmnt CovItemId="S21" CovItemPrefix="game.Piece.java" Intrnl_Id="50">
<LocList>
<Loc EndOffset="794" SrcFileId="1" StartOffset="788"/>
</LocList>
</BasicStmnt>
</StmntSeq>
</Branch>
<Branch CovItemId="B6" CovItemPrefix="game.Piece.java" Implct="false" Intrnl_Id="51">
<Cond>
<Loc EndOffset="805" SrcFileId="1" StartOffset="797"/>
</Cond>
<LocList>
<Loc EndOffset="894" SrcFileId="1" StartOffset="810"/>
</LocList>
<StmntSeq Intrnl_Id="52">
<LocList>
<Loc EndOffset="837" SrcFileId="1" StartOffset="810"/>
<Loc EndOffset="866" SrcFileId="1" StartOffset="841"/>
<Loc EndOffset="884" SrcFileId="1" StartOffset="870"/>
<Loc EndOffset="894" SrcFileId="1" StartOffset="888"/>
</LocList>
<BasicStmnt CovItemId="S22" CovItemPrefix="game.Piece.java" Intrnl_Id="53">
<LocList>
<Loc EndOffset="837" SrcFileId="1" StartOffset="810"/>
</LocList>
</BasicStmnt>
<BasicStmnt CovItemId="S23" CovItemPrefix="game.Piece.java" Intrnl_Id="54">
<LocList>
<Loc EndOffset="866" SrcFileId="1" StartOffset="841"/>
</LocList>
</BasicStmnt>
<BasicStmnt CovItemId="S24" CovItemPrefix="game.Piece.java" Intrnl_Id="55">
<LocList>
<Loc EndOffset="884" SrcFileId="1" StartOffset="870"/>
</LocList>
</BasicStmnt>
<BasicStmnt CovItemId="S25" CovItemPrefix="game.Piece.java" Intrnl_Id="56">
<LocList>
<Loc EndOffset="894" SrcFileId="1" StartOffset="888"/>
</LocList>
</BasicStmnt>
</StmntSeq>
</Branch>
<Branch CovItemId="B7" CovItemPrefix="game.Piece.java" Implct="false" Intrnl_Id="57">
<Cond>
<Loc EndOffset="905" SrcFileId="1" StartOffset="897"/>
</Cond>
<LocList>
<Loc EndOffset="996" SrcFileId="1" StartOffset="910"/>
</LocList>
<StmntSeq Intrnl_Id="58">
<LocList>
<Loc EndOffset="939" SrcFileId="1" StartOffset="910"/>
<Loc EndOffset="968" SrcFileId="1" StartOffset="943"/>
<Loc EndOffset="986" SrcFileId="1" StartOffset="972"/>
<Loc EndOffset="996" SrcFileId="1" StartOffset="990"/>
</LocList>
<BasicStmnt CovItemId="S26" CovItemPrefix="game.Piece.java" Intrnl_Id="59">
<LocList>
<Loc EndOffset="939" SrcFileId="1" StartOffset="910"/>
</LocList>
</BasicStmnt>
<BasicStmnt CovItemId="S27" CovItemPrefix="game.Piece.java" Intrnl_Id="60">
<LocList>
<Loc EndOffset="968" SrcFileId="1" StartOffset="943"/>
</LocList>
</BasicStmnt>
<BasicStmnt CovItemId="S28" CovItemPrefix="game.Piece.java" Intrnl_Id="61">
<LocList>
<Loc EndOffset="986" SrcFileId="1" StartOffset="972"/>
</LocList>
</BasicStmnt>
<BasicStmnt CovItemId="S29" CovItemPrefix="game.Piece.java" Intrnl_Id="62">
<LocList>
<Loc EndOffset="996" SrcFileId="1" StartOffset="990"/>
</LocList>
</BasicStmnt>
</StmntSeq>
</Branch>
<Branch CovItemId="B8" CovItemPrefix="game.Piece.java" Implct="false" Intrnl_Id="63">
<Cond>
<Loc EndOffset="1007" SrcFileId="1" StartOffset="999"/>
</Cond>
<LocList>
<Loc EndOffset="1095" SrcFileId="1" StartOffset="1012"/>
</LocList>
<StmntSeq Intrnl_Id="64">
<LocList>
<Loc EndOffset="1038" SrcFileId="1" StartOffset="1012"/>
<Loc EndOffset="1067" SrcFileId="1" StartOffset="1042"/>
<Loc EndOffset="1085" SrcFileId="1" StartOffset="1071"/>
<Loc EndOffset="1095" SrcFileId="1" StartOffset="1089"/>
</LocList>
<BasicStmnt CovItemId="S30" CovItemPrefix="game.Piece.java" Intrnl_Id="65">
<LocList>
<Loc EndOffset="1038" SrcFileId="1" StartOffset="1012"/>
</LocList>
</BasicStmnt>
<BasicStmnt CovItemId="S31" CovItemPrefix="game.Piece.java" Intrnl_Id="66">
<LocList>
<Loc EndOffset="1067" SrcFileId="1" StartOffset="1042"/>
</LocList>
</BasicStmnt>
<BasicStmnt CovItemId="S32" CovItemPrefix="game.Piece.java" Intrnl_Id="67">
<LocList>
<Loc EndOffset="1085" SrcFileId="1" StartOffset="1071"/>
</LocList>
</BasicStmnt>
<BasicStmnt CovItemId="S33" CovItemPrefix="game.Piece.java" Intrnl_Id="68">
<LocList>
<Loc EndOffset="1095" SrcFileId="1" StartOffset="1089"/>
</LocList>
</BasicStmnt>
</StmntSeq>
</Branch>
<Branch CovItemId="B9" CovItemPrefix="game.Piece.java" Implct="false" Intrnl_Id="69">
<Cond>
<Loc EndOffset="1106" SrcFileId="1" StartOffset="1098"/>
</Cond>
<LocList>
<Loc EndOffset="1194" SrcFileId="1" StartOffset="1111"/>
</LocList>
<StmntSeq Intrnl_Id="70">
<LocList>
<Loc EndOffset="1137" SrcFileId="1" StartOffset="1111"/>
<Loc EndOffset="1166" SrcFileId="1" StartOffset="1141"/>
<Loc EndOffset="1184" SrcFileId="1" StartOffset="1170"/>
<Loc EndOffset="1194" SrcFileId="1" StartOffset="1188"/>
</LocList>
<BasicStmnt CovItemId="S34" CovItemPrefix="game.Piece.java" Intrnl_Id="71">
<LocList>
<Loc EndOffset="1137" SrcFileId="1" StartOffset="1111"/>
</LocList>
</BasicStmnt>
<BasicStmnt CovItemId="S35" CovItemPrefix="game.Piece.java" Intrnl_Id="72">
<LocList>
<Loc EndOffset="1166" SrcFileId="1" StartOffset="1141"/>
</LocList>
</BasicStmnt>
<BasicStmnt CovItemId="S36" CovItemPrefix="game.Piece.java" Intrnl_Id="73">
<LocList>
<Loc EndOffset="1184" SrcFileId="1" StartOffset="1170"/>
</LocList>
</BasicStmnt>
<BasicStmnt CovItemId="S37" CovItemPrefix="game.Piece.java" Intrnl_Id="74">
<LocList>
<Loc EndOffset="1194" SrcFileId="1" StartOffset="1188"/>
</LocList>
</BasicStmnt>
</StmntSeq>
</Branch>
<Branch CovItemId="B10" CovItemPrefix="game.Piece.java" Implct="false" Intrnl_Id="75">
<Cond>
<Loc EndOffset="1205" SrcFileId="1" StartOffset="1197"/>
</Cond>
<LocList>
<Loc EndOffset="1291" SrcFileId="1" StartOffset="1210"/>
</LocList>
<StmntSeq Intrnl_Id="76">
<LocList>
<Loc EndOffset="1234" SrcFileId="1" StartOffset="1210"/>
<Loc EndOffset="1263" SrcFileId="1" StartOffset="1238"/>
<Loc EndOffset="1281" SrcFileId="1" StartOffset="1267"/>
<Loc EndOffset="1291" SrcFileId="1" StartOffset="1285"/>
</LocList>
<BasicStmnt CovItemId="S38" CovItemPrefix="game.Piece.java" Intrnl_Id="77">
<LocList>
<Loc EndOffset="1234" SrcFileId="1" StartOffset="1210"/>
</LocList>
</BasicStmnt>
<BasicStmnt CovItemId="S39" CovItemPrefix="game.Piece.java" Intrnl_Id="78">
<LocList>
<Loc EndOffset="1263" SrcFileId="1" StartOffset="1238"/>
</LocList>
</BasicStmnt>
<BasicStmnt CovItemId="S40" CovItemPrefix="game.Piece.java" Intrnl_Id="79">
<LocList>
<Loc EndOffset="1281" SrcFileId="1" StartOffset="1267"/>
</LocList>
</BasicStmnt>
<BasicStmnt CovItemId="S41" CovItemPrefix="game.Piece.java" Intrnl_Id="80">
<LocList>
<Loc EndOffset="1291" SrcFileId="1" StartOffset="1285"/>
</LocList>
</BasicStmnt>
</StmntSeq>
</Branch>
<Branch CovItemId="B11" CovItemPrefix="game.Piece.java" Implct="false" Intrnl_Id="81">
<Cond>
<Loc EndOffset="1302" SrcFileId="1" StartOffset="1294"/>
</Cond>
<LocList>
<Loc EndOffset="1388" SrcFileId="1" StartOffset="1307"/>
</LocList>
<StmntSeq Intrnl_Id="82">
<LocList>
<Loc EndOffset="1331" SrcFileId="1" StartOffset="1307"/>
<Loc EndOffset="1360" SrcFileId="1" StartOffset="1335"/>
<Loc EndOffset="1378" SrcFileId="1" StartOffset="1364"/>
<Loc EndOffset="1388" SrcFileId="1" StartOffset="1382"/>
</LocList>
<BasicStmnt CovItemId="S42" CovItemPrefix="game.Piece.java" Intrnl_Id="83">
<LocList>
<Loc EndOffset="1331" SrcFileId="1" StartOffset="1307"/>
</LocList>
</BasicStmnt>
<BasicStmnt CovItemId="S43" CovItemPrefix="game.Piece.java" Intrnl_Id="84">
<LocList>
<Loc EndOffset="1360" SrcFileId="1" StartOffset="1335"/>
</LocList>
</BasicStmnt>
<BasicStmnt CovItemId="S44" CovItemPrefix="game.Piece.java" Intrnl_Id="85">
<LocList>
<Loc EndOffset="1378" SrcFileId="1" StartOffset="1364"/>
</LocList>
</BasicStmnt>
<BasicStmnt CovItemId="S45" CovItemPrefix="game.Piece.java" Intrnl_Id="86">
<LocList>
<Loc EndOffset="1388" SrcFileId="1" StartOffset="1382"/>
</LocList>
</BasicStmnt>
</StmntSeq>
</Branch>
<Branch CovItemId="B12" CovItemPrefix="game.Piece.java" Implct="false" Intrnl_Id="87">
<Cond>
<Loc EndOffset="1399" SrcFileId="1" StartOffset="1391"/>
</Cond>
<LocList>
<Loc EndOffset="1488" SrcFileId="1" StartOffset="1404"/>
</LocList>
<StmntSeq Intrnl_Id="88">
<LocList>
<Loc EndOffset="1431" SrcFileId="1" StartOffset="1404"/>
<Loc EndOffset="1460" SrcFileId="1" StartOffset="1435"/>
<Loc EndOffset="1478" SrcFileId="1" StartOffset="1464"/>
<Loc EndOffset="1488" SrcFileId="1" StartOffset="1482"/>
</LocList>
<BasicStmnt CovItemId="S46" CovItemPrefix="game.Piece.java" Intrnl_Id="89">
<LocList>
<Loc EndOffset="1431" SrcFileId="1" StartOffset="1404"/>
</LocList>
</BasicStmnt>
<BasicStmnt CovItemId="S47" CovItemPrefix="game.Piece.java" Intrnl_Id="90">
<LocList>
<Loc EndOffset="1460" SrcFileId="1" StartOffset="1435"/>
</LocList>
</BasicStmnt>
<BasicStmnt CovItemId="S48" CovItemPrefix="game.Piece.java" Intrnl_Id="91">
<LocList>
<Loc EndOffset="1478" SrcFileId="1" StartOffset="1464"/>
</LocList>
</BasicStmnt>
<BasicStmnt CovItemId="S49" CovItemPrefix="game.Piece.java" Intrnl_Id="92">
<LocList>
<Loc EndOffset="1488" SrcFileId="1" StartOffset="1482"/>
</LocList>
</BasicStmnt>
</StmntSeq>
</Branch>
<Branch CovItemId="B13" CovItemPrefix="game.Piece.java" Implct="false" Intrnl_Id="93">
<Cond>
<Loc EndOffset="1498" SrcFileId="1" StartOffset="1491"/>
</Cond>
<LocList>
<Loc EndOffset="1570" SrcFileId="1" StartOffset="1503"/>
</LocList>
<StmntSeq Intrnl_Id="94">
<LocList>
<Loc EndOffset="1570" SrcFileId="1" StartOffset="1503"/>
</LocList>
<BasicStmnt CovItemId="S50" CovItemPrefix="game.Piece.java" Intrnl_Id="95">
<LocList>
<Loc EndOffset="1570" SrcFileId="1" StartOffset="1503"/>
</LocList>
</BasicStmnt>
</StmntSeq>
</Branch>
<Keyword EndOffset="296" SrcFileId="1" StartOffset="290"/>
<LocList>
<Loc EndOffset="1574" SrcFileId="1" StartOffset="290"/>
</LocList>
</CondStmnt>
</StmntSeq>
</HierarchyLvl>
<HierarchyLvl HierarchyLvlId="213" HierarchyLvlTypeId="10" Intrnl_Id="96" Name="Piece">
<Header>
<Loc EndOffset="1624" SrcFileId="1" StartOffset="1581"/>
</Header>
<LocList>
<Loc EndOffset="1681" SrcFileId="1" StartOffset="1581"/>
</LocList>
<StmntSeq Intrnl_Id="97">
<LocList>
<Loc EndOffset="1642" SrcFileId="1" StartOffset="1628"/>
<Loc EndOffset="1660" SrcFileId="1" StartOffset="1645"/>
<Loc EndOffset="1678" SrcFileId="1" StartOffset="1663"/>
</LocList>
<BasicStmnt CovItemId="S51" CovItemPrefix="game.Piece.java" Intrnl_Id="98">
<LocList>
<Loc EndOffset="1642" SrcFileId="1" StartOffset="1628"/>
</LocList>
</BasicStmnt>
<BasicStmnt CovItemId="S52" CovItemPrefix="game.Piece.java" Intrnl_Id="99">
<LocList>
<Loc EndOffset="1660" SrcFileId="1" StartOffset="1645"/>
</LocList>
</BasicStmnt>
<BasicStmnt CovItemId="S53" CovItemPrefix="game.Piece.java" Intrnl_Id="100">
<LocList>
<Loc EndOffset="1678" SrcFileId="1" StartOffset="1663"/>
</LocList>
</BasicStmnt>
</StmntSeq>
</HierarchyLvl>
<HierarchyLvl HierarchyLvlId="214" HierarchyLvlTypeId="10" Intrnl_Id="101" Name="getType">
<Header>
<Loc EndOffset="1710" SrcFileId="1" StartOffset="1684"/>
</Header>
<LocList>
<Loc EndOffset="1735" SrcFileId="1" StartOffset="1684"/>
</LocList>
<StmntSeq Intrnl_Id="102">
<LocList>
<Loc EndOffset="1732" SrcFileId="1" StartOffset="1715"/>
</LocList>
<BasicStmnt CovItemId="S54" CovItemPrefix="game.Piece.java" Intrnl_Id="103">
<LocList>
<Loc EndOffset="1732" SrcFileId="1" StartOffset="1715"/>
</LocList>
</BasicStmnt>
</StmntSeq>
</HierarchyLvl>
<HierarchyLvl HierarchyLvlId="215" HierarchyLvlTypeId="10" Intrnl_Id="104" Name="setType">
<Header>
<Loc EndOffset="1773" SrcFileId="1" StartOffset="1738"/>
</Header>
<LocList>
<Loc EndOffset="1799" SrcFileId="1" StartOffset="1738"/>
</LocList>
<StmntSeq Intrnl_Id="105">
<LocList>
<Loc EndOffset="1795" SrcFileId="1" StartOffset="1778"/>
</LocList>
<BasicStmnt CovItemId="S55" CovItemPrefix="game.Piece.java" Intrnl_Id="106">
<LocList>
<Loc EndOffset="1795" SrcFileId="1" StartOffset="1778"/>
</LocList>
</BasicStmnt>
</StmntSeq>
</HierarchyLvl>
<HierarchyLvl HierarchyLvlId="216" HierarchyLvlTypeId="10" Intrnl_Id="107" Name="getImage">
<Header>
<Loc EndOffset="1825" SrcFileId="1" StartOffset="1802"/>
</Header>
<LocList>
<Loc EndOffset="1851" SrcFileId="1" StartOffset="1802"/>
</LocList>
<StmntSeq Intrnl_Id="108">
<LocList>
<Loc EndOffset="1848" SrcFileId="1" StartOffset="1830"/>
</LocList>
<BasicStmnt CovItemId="S56" CovItemPrefix="game.Piece.java" Intrnl_Id="109">
<LocList>
<Loc EndOffset="1848" SrcFileId="1" StartOffset="1830"/>
</LocList>
</BasicStmnt>
</StmntSeq>
</HierarchyLvl>
<HierarchyLvl HierarchyLvlId="217" HierarchyLvlTypeId="10" Intrnl_Id="110" Name="setImg">
<Header>
<Loc EndOffset="1883" SrcFileId="1" StartOffset="1854"/>
</Header>
<LocList>
<Loc EndOffset="1908" SrcFileId="1" StartOffset="1854"/>
</LocList>
<StmntSeq Intrnl_Id="111">
<LocList>
<Loc EndOffset="1905" SrcFileId="1" StartOffset="1888"/>
</LocList>
<BasicStmnt CovItemId="S57" CovItemPrefix="game.Piece.java" Intrnl_Id="112">
<LocList>
<Loc EndOffset="1905" SrcFileId="1" StartOffset="1888"/>
</LocList>
</BasicStmnt>
</StmntSeq>
</HierarchyLvl>
<HierarchyLvl HierarchyLvlId="218" HierarchyLvlTypeId="10" Intrnl_Id="113" Name="getOwner">
<Header>
<Loc EndOffset="1934" SrcFileId="1" StartOffset="1911"/>
</Header>
<LocList>
<Loc EndOffset="1960" SrcFileId="1" StartOffset="1911"/>
</LocList>
<StmntSeq Intrnl_Id="114">
<LocList>
<Loc EndOffset="1957" SrcFileId="1" StartOffset="1939"/>
</LocList>
<BasicStmnt CovItemId="S58" CovItemPrefix="game.Piece.java" Intrnl_Id="115">
<LocList>
<Loc EndOffset="1957" SrcFileId="1" StartOffset="1939"/>
</LocList>
</BasicStmnt>
</StmntSeq>
</HierarchyLvl>
<HierarchyLvl HierarchyLvlId="219" HierarchyLvlTypeId="10" Intrnl_Id="116" Name="setOwner">
<Header>
<Loc EndOffset="1996" SrcFileId="1" StartOffset="1963"/>
</Header>
<LocList>
<Loc EndOffset="2023" SrcFileId="1" StartOffset="1963"/>
</LocList>
<StmntSeq Intrnl_Id="117">
<LocList>
<Loc EndOffset="2020" SrcFileId="1" StartOffset="2001"/>
</LocList>
<BasicStmnt CovItemId="S59" CovItemPrefix="game.Piece.java" Intrnl_Id="118">
<LocList>
<Loc EndOffset="2020" SrcFileId="1" StartOffset="2001"/>
</LocList>
</BasicStmnt>
</StmntSeq>
</HierarchyLvl>
<HierarchyLvl HierarchyLvlId="220" HierarchyLvlTypeId="10" Intrnl_Id="119" Name="getRank">
<Header>
<Loc EndOffset="2047" SrcFileId="1" StartOffset="2027"/>
</Header>
<LocList>
<Loc EndOffset="2071" SrcFileId="1" StartOffset="2027"/>
</LocList>
<StmntSeq Intrnl_Id="120">
<LocList>
<Loc EndOffset="2068" SrcFileId="1" StartOffset="2051"/>
</LocList>
<BasicStmnt CovItemId="S60" CovItemPrefix="game.Piece.java" Intrnl_Id="121">
<LocList>
<Loc EndOffset="2068" SrcFileId="1" StartOffset="2051"/>
</LocList>
</BasicStmnt>
</StmntSeq>
</HierarchyLvl>
<HierarchyLvl HierarchyLvlId="221" HierarchyLvlTypeId="10" Intrnl_Id="122" Name="setRank">
<Header>
<Loc EndOffset="2104" SrcFileId="1" StartOffset="2075"/>
</Header>
<LocList>
<Loc EndOffset="2128" SrcFileId="1" StartOffset="2075"/>
</LocList>
<StmntSeq Intrnl_Id="123">
<LocList>
<Loc EndOffset="2125" SrcFileId="1" StartOffset="2108"/>
</LocList>
<BasicStmnt CovItemId="S61" CovItemPrefix="game.Piece.java" Intrnl_Id="124">
<LocList>
<Loc EndOffset="2125" SrcFileId="1" StartOffset="2108"/>
</LocList>
</BasicStmnt>
</StmntSeq>
</HierarchyLvl>
<HierarchyLvl HierarchyLvlId="222" HierarchyLvlTypeId="10" Intrnl_Id="125" Name="equals">
<Header>
<Loc EndOffset="2164" SrcFileId="1" StartOffset="2132"/>
</Header>
<LocList>
<Loc EndOffset="2335" SrcFileId="1" StartOffset="2132"/>
</LocList>
<StmntSeq Intrnl_Id="126">
<LocList>
<Loc EndOffset="2313" SrcFileId="1" StartOffset="2168"/>
<Loc EndOffset="2329" SrcFileId="1" StartOffset="2316"/>
</LocList>
<CondStmnt CovItemId="S62" CovItemPrefix="game.Piece.java" Intrnl_Id="127">
<Branch CovItemId="B14" CovItemPrefix="game.Piece.java" Implct="false" Intrnl_Id="128">
<Cond/>
<LocList>
<Loc EndOffset="2313" SrcFileId="1" StartOffset="2193"/>
</LocList>
<StmntSeq Intrnl_Id="129">
<LocList>
<Loc EndOffset="2309" SrcFileId="1" StartOffset="2198"/>
</LocList>
<CondStmnt CovItemId="S63" CovItemPrefix="game.Piece.java" Intrnl_Id="130">
<Branch CovItemId="B16" CovItemPrefix="game.Piece.java" Implct="false" Intrnl_Id="131">
<Cond/>
<LocList>
<Loc EndOffset="2309" SrcFileId="1" StartOffset="2286"/>
</LocList>
<StmntSeq Intrnl_Id="132">
<LocList>
<Loc EndOffset="2304" SrcFileId="1" StartOffset="2292"/>
</LocList>
<BasicStmnt CovItemId="S64" CovItemPrefix="game.Piece.java" Intrnl_Id="133">
<LocList>
<Loc EndOffset="2304" SrcFileId="1" StartOffset="2292"/>
</LocList>
</BasicStmnt>
</StmntSeq>
</Branch>
<Branch CovItemId="B17" CovItemPrefix="game.Piece.java" Implct="true" Intrnl_Id="134">
<Cond/>
<LocList/>
<StmntSeq Intrnl_Id="135">
<LocList/>
</StmntSeq>
</Branch>
<Keyword EndOffset="2200" SrcFileId="1" StartOffset="2198"/>
<LocList>
<Loc EndOffset="2309" SrcFileId="1" StartOffset="2198"/>
</LocList>
<RootTerm CovItemId="C2" CovItemPrefix="game.Piece.java" Intrnl_Id="136">
<OpTerm BooleanOpId="5" Intrnl_Id="137">
<BasicBoolTerm Intrnl_Id="138">
<LocList>
<Loc EndOffset="2239" SrcFileId="1" StartOffset="2201"/>
</LocList>
</BasicBoolTerm>
<BasicBoolTerm Intrnl_Id="139">
<LocList>
<Loc EndOffset="2284" SrcFileId="1" StartOffset="2244"/>
</LocList>
</BasicBoolTerm>
<LocList>
<Loc EndOffset="2242" SrcFileId="1" StartOffset="2240"/>
</LocList>
</OpTerm>
</RootTerm>
</CondStmnt>
</StmntSeq>
</Branch>
<Branch CovItemId="B15" CovItemPrefix="game.Piece.java" Implct="true" Intrnl_Id="140">
<Cond/>
<LocList/>
<StmntSeq Intrnl_Id="141">
<LocList/>
</StmntSeq>
</Branch>
<Keyword EndOffset="2170" SrcFileId="1" StartOffset="2168"/>
<LocList>
<Loc EndOffset="2313" SrcFileId="1" StartOffset="2168"/>
</LocList>
<RootTerm CovItemId="C1" CovItemPrefix="game.Piece.java" Intrnl_Id="142">
<BasicBoolTerm Intrnl_Id="143">
<LocList>
<Loc EndOffset="2191" SrcFileId="1" StartOffset="2172"/>
</LocList>
</BasicBoolTerm>
</RootTerm>
</CondStmnt>
<BasicStmnt CovItemId="S65" CovItemPrefix="game.Piece.java" Intrnl_Id="144">
<LocList>
<Loc EndOffset="2329" SrcFileId="1" StartOffset="2316"/>
</LocList>
</BasicStmnt>
</StmntSeq>
</HierarchyLvl>
<HierarchyLvl HierarchyLvlId="223" HierarchyLvlTypeId="10" Intrnl_Id="145" Name="isStrongerThan">
<Header>
<Loc EndOffset="2378" SrcFileId="1" StartOffset="2339"/>
</Header>
<LocList>
<Loc EndOffset="2424" SrcFileId="1" StartOffset="2339"/>
</LocList>
<StmntSeq Intrnl_Id="146">
<LocList>
<Loc EndOffset="2421" SrcFileId="1" StartOffset="2382"/>
</LocList>
<BasicStmnt CovItemId="S66" CovItemPrefix="game.Piece.java" Intrnl_Id="147">
<LocList>
<Loc EndOffset="2421" SrcFileId="1" StartOffset="2382"/>
</LocList>
</BasicStmnt>
</StmntSeq>
</HierarchyLvl>
</HierarchyLvl>
<HierarchyLvl HierarchyLvlId="233" HierarchyLvlTypeId="11" Intrnl_Id="148" Name="Game">
<Header>
<Loc EndOffset="86" SrcFileId="2" StartOffset="69"/>
</Header>
<LocList>
<Loc EndOffset="6867" SrcFileId="2" StartOffset="69"/>
</LocList>
<StmntSeq Intrnl_Id="149">
<LocList>
<Loc EndOffset="158" SrcFileId="2" StartOffset="100"/>
<Loc EndOffset="196" SrcFileId="2" StartOffset="160"/>
<Loc EndOffset="218" SrcFileId="2" StartOffset="198"/>
<Loc EndOffset="237" SrcFileId="2" StartOffset="220"/>
<Loc EndOffset="256" SrcFileId="2" StartOffset="239"/>
<Loc EndOffset="276" SrcFileId="2" StartOffset="258"/>
</LocList>
<BasicStmnt CovItemId="S1" CovItemPrefix="game.Game.java" Intrnl_Id="150">
<LocList>
<Loc EndOffset="158" SrcFileId="2" StartOffset="100"/>
</LocList>
</BasicStmnt>
<BasicStmnt CovItemId="S2" CovItemPrefix="game.Game.java" Intrnl_Id="151">
<LocList>
<Loc EndOffset="196" SrcFileId="2" StartOffset="160"/>
</LocList>
</BasicStmnt>
<BasicStmnt CovItemId="S3" CovItemPrefix="game.Game.java" Intrnl_Id="152">
<LocList>
<Loc EndOffset="218" SrcFileId="2" StartOffset="198"/>
</LocList>
</BasicStmnt>
<BasicStmnt CovItemId="S4" CovItemPrefix="game.Game.java" Intrnl_Id="153">
<LocList>
<Loc EndOffset="237" SrcFileId="2" StartOffset="220"/>
</LocList>
</BasicStmnt>
<BasicStmnt CovItemId="S5" CovItemPrefix="game.Game.java" Intrnl_Id="154">
<LocList>
<Loc EndOffset="256" SrcFileId="2" StartOffset="239"/>
</LocList>
</BasicStmnt>
<BasicStmnt CovItemId="S6" CovItemPrefix="game.Game.java" Intrnl_Id="155">
<LocList>
<Loc EndOffset="276" SrcFileId="2" StartOffset="258"/>
</LocList>
</BasicStmnt>
</StmntSeq>
<HierarchyLvl HierarchyLvlId="225" HierarchyLvlTypeId="10" Intrnl_Id="156" Name="Game">
<Header>
<Loc EndOffset="305" SrcFileId="2" StartOffset="280"/>
</Header>
<LocList>
<Loc EndOffset="330" SrcFileId="2" StartOffset="280"/>
</LocList>
<StmntSeq Intrnl_Id="157">
<LocList>
<Loc EndOffset="327" SrcFileId="2" StartOffset="310"/>
</LocList>
<BasicStmnt CovItemId="S7" CovItemPrefix="game.Game.java" Intrnl_Id="158">
<LocList>
<Loc EndOffset="327" SrcFileId="2" StartOffset="310"/>
</LocList>
</BasicStmnt>
</StmntSeq>
</HierarchyLvl>
<HierarchyLvl HierarchyLvlId="226" HierarchyLvlTypeId="10" Intrnl_Id="159" Name="Game">
<Header>
<Loc EndOffset="406" SrcFileId="2" StartOffset="393"/>
</Header>
<LocList>
<Loc EndOffset="774" SrcFileId="2" StartOffset="393"/>
</LocList>
<StmntSeq Intrnl_Id="160">
<LocList>
<Loc EndOffset="771" SrcFileId="2" StartOffset="410"/>
</LocList>
<BasicStmnt CovItemId="S8" CovItemPrefix="game.Game.java" Intrnl_Id="161">
<LocList>
<Loc EndOffset="771" SrcFileId="2" StartOffset="410"/>
</LocList>
</BasicStmnt>
</StmntSeq>
</HierarchyLvl>
<HierarchyLvl HierarchyLvlId="227" HierarchyLvlTypeId="10" Intrnl_Id="162" Name="getSpace">
<Header>
<Loc EndOffset="872" SrcFileId="2" StartOffset="830"/>
</Header>
<LocList>
<Loc EndOffset="1077" SrcFileId="2" StartOffset="830"/>
</LocList>
<StmntSeq Intrnl_Id="163">
<LocList>
<Loc EndOffset="939" SrcFileId="2" StartOffset="876"/>
<Loc EndOffset="1008" SrcFileId="2" StartOffset="942"/>
<Loc EndOffset="1071" SrcFileId="2" StartOffset="1011"/>
</LocList>
<CondStmnt CovItemId="S9" CovItemPrefix="game.Game.java" Intrnl_Id="164">
<Branch CovItemId="B1" CovItemPrefix="game.Game.java" Implct="false" Intrnl_Id="165">
<Cond/>
<LocList>
<Loc EndOffset="939" SrcFileId="2" StartOffset="927"/>
</LocList>
<StmntSeq Intrnl_Id="166">
<LocList>
<Loc EndOffset="939" SrcFileId="2" StartOffset="927"/>
</LocList>
<BasicStmnt CovItemId="S10" CovItemPrefix="game.Game.java" Intrnl_Id="167">
<LocList>
<Loc EndOffset="939" SrcFileId="2" StartOffset="927"/>
</LocList>
</BasicStmnt>
</StmntSeq>
</Branch>
<Branch CovItemId="B2" CovItemPrefix="game.Game.java" Implct="true" Intrnl_Id="168">
<Cond/>
<LocList/>
<StmntSeq Intrnl_Id="169">
<LocList/>
</StmntSeq>
</Branch>
<Keyword EndOffset="878" SrcFileId="2" StartOffset="876"/>
<LocList>
<Loc EndOffset="939" SrcFileId="2" StartOffset="876"/>
</LocList>
<RootTerm CovItemId="C1" CovItemPrefix="game.Game.java" Intrnl_Id="170">
<OpTerm BooleanOpId="6" Intrnl_Id="171">
<OpTerm BooleanOpId="6" Intrnl_Id="172">
<OpTerm BooleanOpId="6" Intrnl_Id="173">
<BasicBoolTerm Intrnl_Id="174">
<LocList>
<Loc EndOffset="886" SrcFileId="2" StartOffset="879"/>
</LocList>
</BasicBoolTerm>
<BasicBoolTerm Intrnl_Id="175">
<LocList>
<Loc EndOffset="897" SrcFileId="2" StartOffset="890"/>
</LocList>
</BasicBoolTerm>
<LocList>
<Loc EndOffset="889" SrcFileId="2" StartOffset="887"/>
</LocList>
</OpTerm>
<BasicBoolTerm Intrnl_Id="176">
<LocList>
<Loc EndOffset="911" SrcFileId="2" StartOffset="901"/>
</LocList>
</BasicBoolTerm>
<LocList>
<Loc EndOffset="900" SrcFileId="2" StartOffset="898"/>
</LocList>
</OpTerm>
<BasicBoolTerm Intrnl_Id="177">
<LocList>
<Loc EndOffset="925" SrcFileId="2" StartOffset="915"/>
</LocList>
</BasicBoolTerm>
<LocList>
<Loc EndOffset="914" SrcFileId="2" StartOffset="912"/>
</LocList>
</OpTerm>
</RootTerm>
</CondStmnt>
<CondStmnt CovItemId="S11" CovItemPrefix="game.Game.java" Intrnl_Id="178">
<Branch CovItemId="B3" CovItemPrefix="game.Game.java" Implct="false" Intrnl_Id="179">
<Cond/>
<LocList>
<Loc EndOffset="1008" SrcFileId="2" StartOffset="996"/>
</LocList>
<StmntSeq Intrnl_Id="180">
<LocList>
<Loc EndOffset="1008" SrcFileId="2" StartOffset="996"/>
</LocList>
<BasicStmnt CovItemId="S12" CovItemPrefix="game.Game.java" Intrnl_Id="181">
<LocList>
<Loc EndOffset="1008" SrcFileId="2" StartOffset="996"/>
</LocList>
</BasicStmnt>
</StmntSeq>
</Branch>
<Branch CovItemId="B4" CovItemPrefix="game.Game.java" Implct="true" Intrnl_Id="182">
<Cond/>
<LocList/>
<StmntSeq Intrnl_Id="183">
<LocList/>
</StmntSeq>
</Branch>
<Keyword EndOffset="944" SrcFileId="2" StartOffset="942"/>
<LocList>
<Loc EndOffset="1008" SrcFileId="2" StartOffset="942"/>
</LocList>
<RootTerm CovItemId="C2" CovItemPrefix="game.Game.java" Intrnl_Id="184">
<BasicBoolTerm Intrnl_Id="185">
<LocList>
<Loc EndOffset="991" SrcFileId="2" StartOffset="945"/>
</LocList>
</BasicBoolTerm>
</RootTerm>
</CondStmnt>
<BasicStmnt CovItemId="S13" CovItemPrefix="game.Game.java" Intrnl_Id="186">
<LocList>
<Loc EndOffset="1071" SrcFileId="2" StartOffset="1011"/>
</LocList>
</BasicStmnt>
</StmntSeq>
</HierarchyLvl>
<HierarchyLvl HierarchyLvlId="228" HierarchyLvlTypeId="10" Intrnl_Id="187" Name="move">
<Header>
<Loc EndOffset="1237" SrcFileId="2" StartOffset="1188"/>
</Header>
<LocList>
<Loc EndOffset="2163" SrcFileId="2" StartOffset="1188"/>
</LocList>
<StmntSeq Intrnl_Id="188">
<LocList>
<Loc EndOffset="1287" SrcFileId="2" StartOffset="1241"/>
<Loc EndOffset="1315" SrcFileId="2" StartOffset="1290"/>
<Loc EndOffset="1352" SrcFileId="2" StartOffset="1318"/>
<Loc EndOffset="2160" SrcFileId="2" StartOffset="1355"/>
</LocList>
<CondStmnt CovItemId="S14" CovItemPrefix="game.Game.java" Intrnl_Id="189">
<Branch CovItemId="B5" CovItemPrefix="game.Game.java" Implct="false" Intrnl_Id="190">
<Cond/>
<LocList>
<Loc EndOffset="1287" SrcFileId="2" StartOffset="1274"/>
</LocList>
<StmntSeq Intrnl_Id="191">
<LocList>
<Loc EndOffset="1287" SrcFileId="2" StartOffset="1274"/>
</LocList>
<BasicStmnt CovItemId="S15" CovItemPrefix="game.Game.java" Intrnl_Id="192">
<LocList>
<Loc EndOffset="1287" SrcFileId="2" StartOffset="1274"/>
</LocList>
</BasicStmnt>
</StmntSeq>
</Branch>
<Branch CovItemId="B6" CovItemPrefix="game.Game.java" Implct="true" Intrnl_Id="193">
<Cond/>
<LocList/>
<StmntSeq Intrnl_Id="194">
<LocList/>
</StmntSeq>
</Branch>
<Keyword EndOffset="1243" SrcFileId="2" StartOffset="1241"/>
<LocList>
<Loc EndOffset="1287" SrcFileId="2" StartOffset="1241"/>
</LocList>
<RootTerm CovItemId="C3" CovItemPrefix="game.Game.java" Intrnl_Id="195">
<BasicBoolTerm Intrnl_Id="196">
<LocList>
<Loc EndOffset="1272" SrcFileId="2" StartOffset="1244"/>
</LocList>
</BasicBoolTerm>
</RootTerm>
</CondStmnt>
<BasicStmnt CovItemId="S16" CovItemPrefix="game.Game.java" Intrnl_Id="197">
<LocList>
<Loc EndOffset="1315" SrcFileId="2" StartOffset="1290"/>
</LocList>
</BasicStmnt>
<BasicStmnt CovItemId="S17" CovItemPrefix="game.Game.java" Intrnl_Id="198">
<LocList>
<Loc EndOffset="1352" SrcFileId="2" StartOffset="1318"/>
</LocList>
</BasicStmnt>
<CondStmnt CovItemId="S18" CovItemPrefix="game.Game.java" Intrnl_Id="199">
<Branch CovItemId="B7" CovItemPrefix="game.Game.java" Implct="false" Intrnl_Id="200">
<Cond>
<Loc EndOffset="1376" SrcFileId="2" StartOffset="1370"/>
</Cond>
<LocList>
<Loc EndOffset="1553" SrcFileId="2" StartOffset="1396"/>
</LocList>
<StmntSeq Intrnl_Id="201">
<LocList>
<Loc EndOffset="1536" SrcFileId="2" StartOffset="1396"/>
<Loc EndOffset="1553" SrcFileId="2" StartOffset="1540"/>
</LocList>
<CondStmnt CovItemId="S19" CovItemPrefix="game.Game.java" Intrnl_Id="202">
<Branch CovItemId="B8" CovItemPrefix="game.Game.java" Implct="false" Intrnl_Id="203">
<Cond/>
<LocList>
<Loc EndOffset="1536" SrcFileId="2" StartOffset="1468"/>
</LocList>
<StmntSeq Intrnl_Id="204">
<LocList>
<Loc EndOffset="1514" SrcFileId="2" StartOffset="1474"/>
<Loc EndOffset="1531" SrcFileId="2" StartOffset="1519"/>
</LocList>
<BasicStmnt CovItemId="S20" CovItemPrefix="game.Game.java" Intrnl_Id="205">
<LocList>
<Loc EndOffset="1514" SrcFileId="2" StartOffset="1474"/>
</LocList>
</BasicStmnt>
<BasicStmnt CovItemId="S21" CovItemPrefix="game.Game.java" Intrnl_Id="206">
<LocList>
<Loc EndOffset="1531" SrcFileId="2" StartOffset="1519"/>
</LocList>
</BasicStmnt>
</StmntSeq>
</Branch>
<Branch CovItemId="B9" CovItemPrefix="game.Game.java" Implct="true" Intrnl_Id="207">
<Cond/>
<LocList/>
<StmntSeq Intrnl_Id="208">
<LocList/>
</StmntSeq>
</Branch>
<Keyword EndOffset="1398" SrcFileId="2" StartOffset="1396"/>
<LocList>
<Loc EndOffset="1536" SrcFileId="2" StartOffset="1396"/>
</LocList>
<RootTerm CovItemId="C4" CovItemPrefix="game.Game.java" Intrnl_Id="209">
<OpTerm BooleanOpId="5" Intrnl_Id="210">
<BasicBoolTerm Intrnl_Id="211">
<LocList>
<Loc EndOffset="1412" SrcFileId="2" StartOffset="1400"/>
</LocList>
</BasicBoolTerm>
<BasicBoolTerm Intrnl_Id="212">
<LocList>
<Loc EndOffset="1466" SrcFileId="2" StartOffset="1416"/>
</LocList>
</BasicBoolTerm>
<LocList>
<Loc EndOffset="1415" SrcFileId="2" StartOffset="1413"/>
</LocList>
</OpTerm>
</RootTerm>
</CondStmnt>
<BasicStmnt CovItemId="S22" CovItemPrefix="game.Game.java" Intrnl_Id="213">
<LocList>
<Loc EndOffset="1553" SrcFileId="2" StartOffset="1540"/>
</LocList>
</BasicStmnt>
</StmntSeq>
</Branch>
<Branch CovItemId="B10" CovItemPrefix="game.Game.java" Implct="false" Intrnl_Id="214">
<Cond>
<Loc EndOffset="1562" SrcFileId="2" StartOffset="1556"/>
</Cond>
<LocList>
<Loc EndOffset="1745" SrcFileId="2" StartOffset="1585"/>
</LocList>
<StmntSeq Intrnl_Id="215">
<LocList>
<Loc EndOffset="1728" SrcFileId="2" StartOffset="1585"/>
<Loc EndOffset="1745" SrcFileId="2" StartOffset="1732"/>
</LocList>
<CondStmnt CovItemId="S23" CovItemPrefix="game.Game.java" Intrnl_Id="216">
<Branch CovItemId="B11" CovItemPrefix="game.Game.java" Implct="false" Intrnl_Id="217">
<Cond/>
<LocList>
<Loc EndOffset="1728" SrcFileId="2" StartOffset="1660"/>
</LocList>
<StmntSeq Intrnl_Id="218">
<LocList>
<Loc EndOffset="1706" SrcFileId="2" StartOffset="1666"/>
<Loc EndOffset="1723" SrcFileId="2" StartOffset="1711"/>
</LocList>
<BasicStmnt CovItemId="S24" CovItemPrefix="game.Game.java" Intrnl_Id="219">
<LocList>
<Loc EndOffset="1706" SrcFileId="2" StartOffset="1666"/>
</LocList>
</BasicStmnt>
<BasicStmnt CovItemId="S25" CovItemPrefix="game.Game.java" Intrnl_Id="220">
<LocList>
<Loc EndOffset="1723" SrcFileId="2" StartOffset="1711"/>
</LocList>
</BasicStmnt>
</StmntSeq>
</Branch>
<Branch CovItemId="B12" CovItemPrefix="game.Game.java" Implct="true" Intrnl_Id="221">
<Cond/>
<LocList/>
<StmntSeq Intrnl_Id="222">
<LocList/>
</StmntSeq>
</Branch>
<Keyword EndOffset="1587" SrcFileId="2" StartOffset="1585"/>
<LocList>
<Loc EndOffset="1728" SrcFileId="2" StartOffset="1585"/>
</LocList>
<RootTerm CovItemId="C5" CovItemPrefix="game.Game.java" Intrnl_Id="223">
<OpTerm BooleanOpId="5" Intrnl_Id="224">
<BasicBoolTerm Intrnl_Id="225">
<LocList>
<Loc EndOffset="1604" SrcFileId="2" StartOffset="1589"/>
</LocList>
</BasicBoolTerm>
<BasicBoolTerm Intrnl_Id="226">
<LocList>
<Loc EndOffset="1658" SrcFileId="2" StartOffset="1608"/>
</LocList>
</BasicBoolTerm>
<LocList>
<Loc EndOffset="1607" SrcFileId="2" StartOffset="1605"/>
</LocList>
</OpTerm>
</RootTerm>
</CondStmnt>
<BasicStmnt CovItemId="S26" CovItemPrefix="game.Game.java" Intrnl_Id="227">
<LocList>
<Loc EndOffset="1745" SrcFileId="2" StartOffset="1732"/>
</LocList>
</BasicStmnt>
</StmntSeq>
</Branch>
<Branch CovItemId="B13" CovItemPrefix="game.Game.java" Implct="false" Intrnl_Id="228">
<Cond>
<Loc EndOffset="1754" SrcFileId="2" StartOffset="1748"/>
</Cond>
<LocList>
<Loc EndOffset="1935" SrcFileId="2" StartOffset="1776"/>
</LocList>
<StmntSeq Intrnl_Id="229">
<LocList>
<Loc EndOffset="1918" SrcFileId="2" StartOffset="1776"/>
<Loc EndOffset="1935" SrcFileId="2" StartOffset="1922"/>
</LocList>
<CondStmnt CovItemId="S27" CovItemPrefix="game.Game.java" Intrnl_Id="230">
<Branch CovItemId="B14" CovItemPrefix="game.Game.java" Implct="false" Intrnl_Id="231">
<Cond/>
<LocList>
<Loc EndOffset="1918" SrcFileId="2" StartOffset="1848"/>
</LocList>
<StmntSeq Intrnl_Id="232">
<LocList>
<Loc EndOffset="1896" SrcFileId="2" StartOffset="1854"/>
<Loc EndOffset="1913" SrcFileId="2" StartOffset="1901"/>
</LocList>
<BasicStmnt CovItemId="S28" CovItemPrefix="game.Game.java" Intrnl_Id="233">
<LocList>
<Loc EndOffset="1896" SrcFileId="2" StartOffset="1854"/>
</LocList>
</BasicStmnt>
<BasicStmnt CovItemId="S29" CovItemPrefix="game.Game.java" Intrnl_Id="234">
<LocList>
<Loc EndOffset="1913" SrcFileId="2" StartOffset="1901"/>
</LocList>
</BasicStmnt>
</StmntSeq>
</Branch>
<Branch CovItemId="B15" CovItemPrefix="game.Game.java" Implct="true" Intrnl_Id="235">
<Cond/>
<LocList/>
<StmntSeq Intrnl_Id="236">
<LocList/>
</StmntSeq>
</Branch>
<Keyword EndOffset="1778" SrcFileId="2" StartOffset="1776"/>
<LocList>
<Loc EndOffset="1918" SrcFileId="2" StartOffset="1776"/>
</LocList>
<RootTerm CovItemId="C6" CovItemPrefix="game.Game.java" Intrnl_Id="237">
<OpTerm BooleanOpId="5" Intrnl_Id="238">
<BasicBoolTerm Intrnl_Id="239">
<LocList>
<Loc EndOffset="1792" SrcFileId="2" StartOffset="1780"/>
</LocList>
</BasicBoolTerm>
<BasicBoolTerm Intrnl_Id="240">
<LocList>
<Loc EndOffset="1846" SrcFileId="2" StartOffset="1796"/>
</LocList>
</BasicBoolTerm>
<LocList>
<Loc EndOffset="1795" SrcFileId="2" StartOffset="1793"/>
</LocList>
</OpTerm>
</RootTerm>
</CondStmnt>
<BasicStmnt CovItemId="S30" CovItemPrefix="game.Game.java" Intrnl_Id="241">
<LocList>
<Loc EndOffset="1935" SrcFileId="2" StartOffset="1922"/>
</LocList>
</BasicStmnt>
</StmntSeq>
</Branch>
<Branch CovItemId="B16" CovItemPrefix="game.Game.java" Implct="false" Intrnl_Id="242">
<Cond>
<Loc EndOffset="1944" SrcFileId="2" StartOffset="1938"/>
</Cond>
<LocList>
<Loc EndOffset="2128" SrcFileId="2" StartOffset="1966"/>
</LocList>
<StmntSeq Intrnl_Id="243">
<LocList>
<Loc EndOffset="2111" SrcFileId="2" StartOffset="1966"/>
<Loc EndOffset="2128" SrcFileId="2" StartOffset="2115"/>
</LocList>
<CondStmnt CovItemId="S31" CovItemPrefix="game.Game.java" Intrnl_Id="244">
<Branch CovItemId="B17" CovItemPrefix="game.Game.java" Implct="false" Intrnl_Id="245">
<Cond/>
<LocList>
<Loc EndOffset="2111" SrcFileId="2" StartOffset="2041"/>
</LocList>
<StmntSeq Intrnl_Id="246">
<LocList>
<Loc EndOffset="2089" SrcFileId="2" StartOffset="2047"/>
<Loc EndOffset="2106" SrcFileId="2" StartOffset="2094"/>
</LocList>
<BasicStmnt CovItemId="S32" CovItemPrefix="game.Game.java" Intrnl_Id="247">
<LocList>
<Loc EndOffset="2089" SrcFileId="2" StartOffset="2047"/>
</LocList>
</BasicStmnt>
<BasicStmnt CovItemId="S33" CovItemPrefix="game.Game.java" Intrnl_Id="248">
<LocList>
<Loc EndOffset="2106" SrcFileId="2" StartOffset="2094"/>
</LocList>
</BasicStmnt>
</StmntSeq>
</Branch>
<Branch CovItemId="B18" CovItemPrefix="game.Game.java" Implct="true" Intrnl_Id="249">
<Cond/>
<LocList/>
<StmntSeq Intrnl_Id="250">
<LocList/>
</StmntSeq>
</Branch>
<Keyword EndOffset="1968" SrcFileId="2" StartOffset="1966"/>
<LocList>
<Loc EndOffset="2111" SrcFileId="2" StartOffset="1966"/>
</LocList>
<RootTerm CovItemId="C7" CovItemPrefix="game.Game.java" Intrnl_Id="251">
<OpTerm BooleanOpId="5" Intrnl_Id="252">
<BasicBoolTerm Intrnl_Id="253">
<LocList>
<Loc EndOffset="1985" SrcFileId="2" StartOffset="1970"/>
</LocList>
</BasicBoolTerm>
<BasicBoolTerm Intrnl_Id="254">
<LocList>
<Loc EndOffset="2039" SrcFileId="2" StartOffset="1989"/>
</LocList>
</BasicBoolTerm>
<LocList>
<Loc EndOffset="1988" SrcFileId="2" StartOffset="1986"/>
</LocList>
</OpTerm>
</RootTerm>
</CondStmnt>
<BasicStmnt CovItemId="S34" CovItemPrefix="game.Game.java" Intrnl_Id="255">
<LocList>
<Loc EndOffset="2128" SrcFileId="2" StartOffset="2115"/>
</LocList>
</BasicStmnt>
</StmntSeq>
</Branch>
<Branch CovItemId="B19" CovItemPrefix="game.Game.java" Implct="false" Intrnl_Id="256">
<Cond>
<Loc EndOffset="2138" SrcFileId="2" StartOffset="2131"/>
</Cond>
<LocList>
<Loc EndOffset="2156" SrcFileId="2" StartOffset="2143"/>
</LocList>
<StmntSeq Intrnl_Id="257">
<LocList>
<Loc EndOffset="2156" SrcFileId="2" StartOffset="2143"/>
</LocList>
<BasicStmnt CovItemId="S35" CovItemPrefix="game.Game.java" Intrnl_Id="258">
<LocList>
<Loc EndOffset="2156" SrcFileId="2" StartOffset="2143"/>
</LocList>
</BasicStmnt>
</StmntSeq>
</Branch>
<Keyword EndOffset="1361" SrcFileId="2" StartOffset="1355"/>
<LocList>
<Loc EndOffset="2160" SrcFileId="2" StartOffset="1355"/>
</LocList>
</CondStmnt>
</StmntSeq>
</HierarchyLvl>
<HierarchyLvl HierarchyLvlId="229" HierarchyLvlTypeId="10" Intrnl_Id="259" Name="switchPiece">
<Header>
<Loc EndOffset="2254" SrcFileId="2" StartOffset="2184"/>
</Header>
<LocList>
<Loc EndOffset="2487" SrcFileId="2" StartOffset="2184"/>
</LocList>
<StmntSeq Intrnl_Id="260">
<LocList>
<Loc EndOffset="2310" SrcFileId="2" StartOffset="2259"/>
<Loc EndOffset="2351" SrcFileId="2" StartOffset="2313"/>
<Loc EndOffset="2407" SrcFileId="2" StartOffset="2355"/>
<Loc EndOffset="2441" SrcFileId="2" StartOffset="2410"/>
<Loc EndOffset="2484" SrcFileId="2" StartOffset="2445"/>
</LocList>
<BasicStmnt CovItemId="S36" CovItemPrefix="game.Game.java" Intrnl_Id="261">
<LocList>
<Loc EndOffset="2310" SrcFileId="2" StartOffset="2259"/>
</LocList>
</BasicStmnt>
<BasicStmnt CovItemId="S37" CovItemPrefix="game.Game.java" Intrnl_Id="262">
<LocList>
<Loc EndOffset="2351" SrcFileId="2" StartOffset="2313"/>
</LocList>
</BasicStmnt>
<BasicStmnt CovItemId="S38" CovItemPrefix="game.Game.java" Intrnl_Id="263">
<LocList>
<Loc EndOffset="2407" SrcFileId="2" StartOffset="2355"/>
</LocList>
</BasicStmnt>
<BasicStmnt CovItemId="S39" CovItemPrefix="game.Game.java" Intrnl_Id="264">
<LocList>
<Loc EndOffset="2441" SrcFileId="2" StartOffset="2410"/>
</LocList>
</BasicStmnt>
<BasicStmnt CovItemId="S40" CovItemPrefix="game.Game.java" Intrnl_Id="265">
<LocList>
<Loc EndOffset="2484" SrcFileId="2" StartOffset="2445"/>
</LocList>
</BasicStmnt>
</StmntSeq>
</HierarchyLvl>
<HierarchyLvl HierarchyLvlId="230" HierarchyLvlTypeId="10" Intrnl_Id="266" Name="push">
<Header>
<Loc EndOffset="2757" SrcFileId="2" StartOffset="2697"/>
</Header>
<LocList>
<Loc EndOffset="4489" SrcFileId="2" StartOffset="2697"/>
</LocList>
<StmntSeq Intrnl_Id="267">
<LocList>
<Loc EndOffset="2856" SrcFileId="2" StartOffset="2761"/>
<Loc EndOffset="4470" SrcFileId="2" StartOffset="2862"/>
<Loc EndOffset="4486" SrcFileId="2" StartOffset="4473"/>
</LocList>
<CondStmnt CovItemId="S41" CovItemPrefix="game.Game.java" Intrnl_Id="268">
<Branch CovItemId="B20" CovItemPrefix="game.Game.java" Implct="false" Intrnl_Id="269">
<Cond/>
<LocList>
<Loc EndOffset="2856" SrcFileId="2" StartOffset="2795"/>
</LocList>
<StmntSeq Intrnl_Id="270">
<LocList>
<Loc EndOffset="2813" SrcFileId="2" StartOffset="2800"/>
</LocList>
<BasicStmnt CovItemId="S42" CovItemPrefix="game.Game.java" Intrnl_Id="271">
<LocList>
<Loc EndOffset="2813" SrcFileId="2" StartOffset="2800"/>
</LocList>
</BasicStmnt>
</StmntSeq>
</Branch>
<Branch CovItemId="B21" CovItemPrefix="game.Game.java" Implct="true" Intrnl_Id="272">
<Cond/>
<LocList/>
<StmntSeq Intrnl_Id="273">
<LocList/>
</StmntSeq>
</Branch>
<Keyword EndOffset="2763" SrcFileId="2" StartOffset="2761"/>
<LocList>
<Loc EndOffset="2856" SrcFileId="2" StartOffset="2761"/>
</LocList>
<RootTerm CovItemId="C8" CovItemPrefix="game.Game.java" Intrnl_Id="274">
<BasicBoolTerm Intrnl_Id="275">
<LocList>
<Loc EndOffset="2794" SrcFileId="2" StartOffset="2765"/>
</LocList>
</BasicBoolTerm>
</RootTerm>
</CondStmnt>
<CondStmnt CovItemId="S43" CovItemPrefix="game.Game.java" Intrnl_Id="276">
<Branch CovItemId="B22" CovItemPrefix="game.Game.java" Implct="false" Intrnl_Id="277">
<Cond>
<Loc EndOffset="2886" SrcFileId="2" StartOffset="2880"/>
</Cond>
<LocList>
<Loc EndOffset="3280" SrcFileId="2" StartOffset="2891"/>
</LocList>
<StmntSeq Intrnl_Id="278">
<LocList>
<Loc EndOffset="3270" SrcFileId="2" StartOffset="2891"/>
<Loc EndOffset="3280" SrcFileId="2" StartOffset="3274"/>
</LocList>
<CondStmnt CovItemId="S44" CovItemPrefix="game.Game.java" Intrnl_Id="279">
<Branch CovItemId="B23" CovItemPrefix="game.Game.java" Implct="false" Intrnl_Id="280">
<Cond/>
<LocList>
<Loc EndOffset="3270" SrcFileId="2" StartOffset="2909"/>
</LocList>
<StmntSeq Intrnl_Id="281">
<LocList>
<Loc EndOffset="2958" SrcFileId="2" StartOffset="2915"/>
<Loc EndOffset="3009" SrcFileId="2" StartOffset="2963"/>
<Loc EndOffset="3265" SrcFileId="2" StartOffset="3014"/>
</LocList>
<BasicStmnt CovItemId="S45" CovItemPrefix="game.Game.java" Intrnl_Id="282">
<LocList>
<Loc EndOffset="2958" SrcFileId="2" StartOffset="2915"/>
</LocList>
</BasicStmnt>
<BasicStmnt CovItemId="S46" CovItemPrefix="game.Game.java" Intrnl_Id="283">
<LocList>
<Loc EndOffset="3009" SrcFileId="2" StartOffset="2963"/>
</LocList>
</BasicStmnt>
<CondStmnt CovItemId="S47" CovItemPrefix="game.Game.java" Intrnl_Id="284">
<Branch CovItemId="B25" CovItemPrefix="game.Game.java" Implct="false" Intrnl_Id="285">
<Cond/>
<LocList>
<Loc EndOffset="3265" SrcFileId="2" StartOffset="3082"/>
</LocList>
<StmntSeq Intrnl_Id="286">
<LocList>
<Loc EndOffset="3259" SrcFileId="2" StartOffset="3089"/>
</LocList>
<CondStmnt CovItemId="S48" CovItemPrefix="game.Game.java" Intrnl_Id="287">
<Branch CovItemId="B27" CovItemPrefix="game.Game.java" Implct="false" Intrnl_Id="288">
<Cond/>
<LocList>
<Loc EndOffset="3259" SrcFileId="2" StartOffset="3182"/>
</LocList>
<StmntSeq Intrnl_Id="289">
<LocList>
<Loc EndOffset="3252" SrcFileId="2" StartOffset="3221"/>
</LocList>
<BasicStmnt CovItemId="S49" CovItemPrefix="game.Game.java" Intrnl_Id="290">
<LocList>
<Loc EndOffset="3252" SrcFileId="2" StartOffset="3221"/>
</LocList>
</BasicStmnt>
</StmntSeq>
</Branch>
<Branch CovItemId="B28" CovItemPrefix="game.Game.java" Implct="true" Intrnl_Id="291">
<Cond/>
<LocList/>
<StmntSeq Intrnl_Id="292">
<LocList/>
</StmntSeq>
</Branch>
<Keyword EndOffset="3091" SrcFileId="2" StartOffset="3089"/>
<LocList>
<Loc EndOffset="3259" SrcFileId="2" StartOffset="3089"/>
</LocList>
<RootTerm CovItemId="C11" CovItemPrefix="game.Game.java" Intrnl_Id="293">
<OpTerm BooleanOpId="5" Intrnl_Id="294">
<BasicBoolTerm Intrnl_Id="295">
<LocList>
<Loc EndOffset="3142" SrcFileId="2" StartOffset="3093"/>
</LocList>
</BasicBoolTerm>
<BasicBoolTerm Intrnl_Id="296">
<LocList>
<Loc EndOffset="3180" SrcFileId="2" StartOffset="3153"/>
</LocList>
</BasicBoolTerm>
<LocList>
<Loc EndOffset="3152" SrcFileId="2" StartOffset="3150"/>
</LocList>
</OpTerm>
</RootTerm>
</CondStmnt>
</StmntSeq>
</Branch>
<Branch CovItemId="B26" CovItemPrefix="game.Game.java" Implct="true" Intrnl_Id="297">
<Cond/>
<LocList/>
<StmntSeq Intrnl_Id="298">
<LocList/>
</StmntSeq>
</Branch>
<Keyword EndOffset="3016" SrcFileId="2" StartOffset="3014"/>
<LocList>
<Loc EndOffset="3265" SrcFileId="2" StartOffset="3014"/>
</LocList>
<RootTerm CovItemId="C10" CovItemPrefix="game.Game.java" Intrnl_Id="299">
<OpTerm BooleanOpId="5" Intrnl_Id="300">
<BasicBoolTerm Intrnl_Id="301">
<LocList>
<Loc EndOffset="3037" SrcFileId="2" StartOffset="3018"/>
</LocList>
</BasicBoolTerm>
<BasicBoolTerm Intrnl_Id="302">
<LocList>
<Loc EndOffset="3080" SrcFileId="2" StartOffset="3040"/>
</LocList>
</BasicBoolTerm>
<LocList>
<Loc EndOffset="3039" SrcFileId="2" StartOffset="3037"/>
</LocList>
</OpTerm>
</RootTerm>
</CondStmnt>
</StmntSeq>
</Branch>
<Branch CovItemId="B24" CovItemPrefix="game.Game.java" Implct="true" Intrnl_Id="303">
<Cond/>
<LocList/>
<StmntSeq Intrnl_Id="304">
<LocList/>
</StmntSeq>
</Branch>
<Keyword EndOffset="2893" SrcFileId="2" StartOffset="2891"/>
<LocList>
<Loc EndOffset="3270" SrcFileId="2" StartOffset="2891"/>
</LocList>
<RootTerm CovItemId="C9" CovItemPrefix="game.Game.java" Intrnl_Id="305">
<BasicBoolTerm Intrnl_Id="306">
<LocList>
<Loc EndOffset="2907" SrcFileId="2" StartOffset="2895"/>
</LocList>
</BasicBoolTerm>
</RootTerm>
</CondStmnt>
<BasicStmnt CovItemId="S50" CovItemPrefix="game.Game.java" Intrnl_Id="307">
<LocList>
<Loc EndOffset="3280" SrcFileId="2" StartOffset="3274"/>
</LocList>
</BasicStmnt>
</StmntSeq>
</Branch>
<Branch CovItemId="B29" CovItemPrefix="game.Game.java" Implct="false" Intrnl_Id="308">
<Cond>
<Loc EndOffset="3289" SrcFileId="2" StartOffset="3283"/>
</Cond>
<LocList>
<Loc EndOffset="3693" SrcFileId="2" StartOffset="3294"/>
</LocList>
<StmntSeq Intrnl_Id="309">
<LocList>
<Loc EndOffset="3683" SrcFileId="2" StartOffset="3294"/>
<Loc EndOffset="3693" SrcFileId="2" StartOffset="3687"/>
</LocList>
<CondStmnt CovItemId="S51" CovItemPrefix="game.Game.java" Intrnl_Id="310">
<Branch CovItemId="B30" CovItemPrefix="game.Game.java" Implct="false" Intrnl_Id="311">
<Cond/>
<LocList>
<Loc EndOffset="3683" SrcFileId="2" StartOffset="3315"/>
</LocList>
<StmntSeq Intrnl_Id="312">
<LocList>
<Loc EndOffset="3365" SrcFileId="2" StartOffset="3321"/>
<Loc EndOffset="3417" SrcFileId="2" StartOffset="3370"/>
<Loc EndOffset="3678" SrcFileId="2" StartOffset="3422"/>
</LocList>
<BasicStmnt CovItemId="S52" CovItemPrefix="game.Game.java" Intrnl_Id="313">
<LocList>
<Loc EndOffset="3365" SrcFileId="2" StartOffset="3321"/>
</LocList>
</BasicStmnt>
<BasicStmnt CovItemId="S53" CovItemPrefix="game.Game.java" Intrnl_Id="314">
<LocList>
<Loc EndOffset="3417" SrcFileId="2" StartOffset="3370"/>
</LocList>
</BasicStmnt>
<CondStmnt CovItemId="S54" CovItemPrefix="game.Game.java" Intrnl_Id="315">
<Branch CovItemId="B32" CovItemPrefix="game.Game.java" Implct="false" Intrnl_Id="316">
<Cond/>
<LocList>
<Loc EndOffset="3678" SrcFileId="2" StartOffset="3493"/>
</LocList>
<StmntSeq Intrnl_Id="317">
<LocList>
<Loc EndOffset="3672" SrcFileId="2" StartOffset="3500"/>
</LocList>
<CondStmnt CovItemId="S55" CovItemPrefix="game.Game.java" Intrnl_Id="318">
<Branch CovItemId="B34" CovItemPrefix="game.Game.java" Implct="false" Intrnl_Id="319">
<Cond/>
<LocList>
<Loc EndOffset="3672" SrcFileId="2" StartOffset="3595"/>
</LocList>
<StmntSeq Intrnl_Id="320">
<LocList>
<Loc EndOffset="3665" SrcFileId="2" StartOffset="3634"/>
</LocList>
<BasicStmnt CovItemId="S56" CovItemPrefix="game.Game.java" Intrnl_Id="321">
<LocList>
<Loc EndOffset="3665" SrcFileId="2" StartOffset="3634"/>
</LocList>
</BasicStmnt>
</StmntSeq>
</Branch>
<Branch CovItemId="B35" CovItemPrefix="game.Game.java" Implct="true" Intrnl_Id="322">
<Cond/>
<LocList/>
<StmntSeq Intrnl_Id="323">
<LocList/>
</StmntSeq>
</Branch>
<Keyword EndOffset="3502" SrcFileId="2" StartOffset="3500"/>
<LocList>
<Loc EndOffset="3672" SrcFileId="2" StartOffset="3500"/>
</LocList>
<RootTerm CovItemId="C14" CovItemPrefix="game.Game.java" Intrnl_Id="324">
<OpTerm BooleanOpId="5" Intrnl_Id="325">
<BasicBoolTerm Intrnl_Id="326">
<LocList>
<Loc EndOffset="3555" SrcFileId="2" StartOffset="3504"/>
</LocList>
</BasicBoolTerm>
<BasicBoolTerm Intrnl_Id="327">
<LocList>
<Loc EndOffset="3593" SrcFileId="2" StartOffset="3566"/>
</LocList>
</BasicBoolTerm>
<LocList>
<Loc EndOffset="3565" SrcFileId="2" StartOffset="3563"/>
</LocList>
</OpTerm>
</RootTerm>
</CondStmnt>
</StmntSeq>
</Branch>
<Branch CovItemId="B33" CovItemPrefix="game.Game.java" Implct="true" Intrnl_Id="328">
<Cond/>
<LocList/>
<StmntSeq Intrnl_Id="329">
<LocList/>
</StmntSeq>
</Branch>
<Keyword EndOffset="3424" SrcFileId="2" StartOffset="3422"/>
<LocList>
<Loc EndOffset="3678" SrcFileId="2" StartOffset="3422"/>
</LocList>
<RootTerm CovItemId="C13" CovItemPrefix="game.Game.java" Intrnl_Id="330">
<OpTerm BooleanOpId="5" Intrnl_Id="331">
<BasicBoolTerm Intrnl_Id="332">
<LocList>
<Loc EndOffset="3446" SrcFileId="2" StartOffset="3426"/>
</LocList>
</BasicBoolTerm>
<BasicBoolTerm Intrnl_Id="333">
<LocList>
<Loc EndOffset="3491" SrcFileId="2" StartOffset="3449"/>
</LocList>
</BasicBoolTerm>
<LocList>
<Loc EndOffset="3448" SrcFileId="2" StartOffset="3446"/>
</LocList>
</OpTerm>
</RootTerm>
</CondStmnt>
</StmntSeq>
</Branch>
<Branch CovItemId="B31" CovItemPrefix="game.Game.java" Implct="true" Intrnl_Id="334">
<Cond/>
<LocList/>
<StmntSeq Intrnl_Id="335">
<LocList/>
</StmntSeq>
</Branch>
<Keyword EndOffset="3296" SrcFileId="2" StartOffset="3294"/>
<LocList>
<Loc EndOffset="3683" SrcFileId="2" StartOffset="3294"/>
</LocList>
<RootTerm CovItemId="C12" CovItemPrefix="game.Game.java" Intrnl_Id="336">
<BasicBoolTerm Intrnl_Id="337">
<LocList>
<Loc EndOffset="3313" SrcFileId="2" StartOffset="3298"/>
</LocList>
</BasicBoolTerm>
</RootTerm>
</CondStmnt>
<BasicStmnt CovItemId="S57" CovItemPrefix="game.Game.java" Intrnl_Id="338">
<LocList>
<Loc EndOffset="3693" SrcFileId="2" StartOffset="3687"/>
</LocList>
</BasicStmnt>
</StmntSeq>
</Branch>
<Branch CovItemId="B36" CovItemPrefix="game.Game.java" Implct="false" Intrnl_Id="339">
<Cond>
<Loc EndOffset="3702" SrcFileId="2" StartOffset="3696"/>
</Cond>
<LocList>
<Loc EndOffset="4078" SrcFileId="2" StartOffset="3707"/>
</LocList>
<StmntSeq Intrnl_Id="340">
<LocList>
<Loc EndOffset="4068" SrcFileId="2" StartOffset="3707"/>
<Loc EndOffset="4078" SrcFileId="2" StartOffset="4072"/>
</LocList>
<CondStmnt CovItemId="S58" CovItemPrefix="game.Game.java" Intrnl_Id="341">
<Branch CovItemId="B37" CovItemPrefix="game.Game.java" Implct="false" Intrnl_Id="342">
<Cond/>
<LocList>
<Loc EndOffset="4068" SrcFileId="2" StartOffset="3725"/>
</LocList>
<StmntSeq Intrnl_Id="343">
<LocList>
<Loc EndOffset="3775" SrcFileId="2" StartOffset="3731"/>
<Loc EndOffset="3827" SrcFileId="2" StartOffset="3780"/>
<Loc EndOffset="4063" SrcFileId="2" StartOffset="3832"/>
</LocList>
<BasicStmnt CovItemId="S59" CovItemPrefix="game.Game.java" Intrnl_Id="344">
<LocList>
<Loc EndOffset="3775" SrcFileId="2" StartOffset="3731"/>
</LocList>
</BasicStmnt>
<BasicStmnt CovItemId="S60" CovItemPrefix="game.Game.java" Intrnl_Id="345">
<LocList>
<Loc EndOffset="3827" SrcFileId="2" StartOffset="3780"/>
</LocList>
</BasicStmnt>
<CondStmnt CovItemId="S61" CovItemPrefix="game.Game.java" Intrnl_Id="346">
<Branch CovItemId="B39" CovItemPrefix="game.Game.java" Implct="false" Intrnl_Id="347">
<Cond/>
<LocList>
<Loc EndOffset="4063" SrcFileId="2" StartOffset="3878"/>
</LocList>
<StmntSeq Intrnl_Id="348">
<LocList>
<Loc EndOffset="4057" SrcFileId="2" StartOffset="3885"/>
</LocList>
<CondStmnt CovItemId="S62" CovItemPrefix="game.Game.java" Intrnl_Id="349">
<Branch CovItemId="B41" CovItemPrefix="game.Game.java" Implct="false" Intrnl_Id="350">
<Cond/>
<LocList>
<Loc EndOffset="4057" SrcFileId="2" StartOffset="3980"/>
</LocList>
<StmntSeq Intrnl_Id="351">
<LocList>
<Loc EndOffset="4050" SrcFileId="2" StartOffset="4019"/>
</LocList>
<BasicStmnt CovItemId="S63" CovItemPrefix="game.Game.java" Intrnl_Id="352">
<LocList>
<Loc EndOffset="4050" SrcFileId="2" StartOffset="4019"/>
</LocList>
</BasicStmnt>
</StmntSeq>
</Branch>
<Branch CovItemId="B42" CovItemPrefix="game.Game.java" Implct="true" Intrnl_Id="353">
<Cond/>
<LocList/>
<StmntSeq Intrnl_Id="354">
<LocList/>
</StmntSeq>
</Branch>
<Keyword EndOffset="3887" SrcFileId="2" StartOffset="3885"/>
<LocList>
<Loc EndOffset="4057" SrcFileId="2" StartOffset="3885"/>
</LocList>
<RootTerm CovItemId="C17" CovItemPrefix="game.Game.java" Intrnl_Id="355">
<OpTerm BooleanOpId="5" Intrnl_Id="356">
<BasicBoolTerm Intrnl_Id="357">
<LocList>
<Loc EndOffset="3940" SrcFileId="2" StartOffset="3889"/>
</LocList>
</BasicBoolTerm>
<BasicBoolTerm Intrnl_Id="358">
<LocList>
<Loc EndOffset="3978" SrcFileId="2" StartOffset="3951"/>
</LocList>
</BasicBoolTerm>
<LocList>
<Loc EndOffset="3950" SrcFileId="2" StartOffset="3948"/>
</LocList>
</OpTerm>
</RootTerm>
</CondStmnt>
</StmntSeq>
</Branch>
<Branch CovItemId="B40" CovItemPrefix="game.Game.java" Implct="true" Intrnl_Id="359">
<Cond/>
<LocList/>
<StmntSeq Intrnl_Id="360">
<LocList/>
</StmntSeq>
</Branch>
<Keyword EndOffset="3834" SrcFileId="2" StartOffset="3832"/>
<LocList>
<Loc EndOffset="4063" SrcFileId="2" StartOffset="3832"/>
</LocList>
<RootTerm CovItemId="C16" CovItemPrefix="game.Game.java" Intrnl_Id="361">
<BasicBoolTerm Intrnl_Id="362">
<LocList>
<Loc EndOffset="3877" SrcFileId="2" StartOffset="3835"/>
</LocList>
</BasicBoolTerm>
</RootTerm>
</CondStmnt>
</StmntSeq>
</Branch>
<Branch CovItemId="B38" CovItemPrefix="game.Game.java" Implct="true" Intrnl_Id="363">
<Cond/>
<LocList/>
<StmntSeq Intrnl_Id="364">
<LocList/>
</StmntSeq>
</Branch>
<Keyword EndOffset="3709" SrcFileId="2" StartOffset="3707"/>
<LocList>
<Loc EndOffset="4068" SrcFileId="2" StartOffset="3707"/>
</LocList>
<RootTerm CovItemId="C15" CovItemPrefix="game.Game.java" Intrnl_Id="365">
<BasicBoolTerm Intrnl_Id="366">
<LocList>
<Loc EndOffset="3723" SrcFileId="2" StartOffset="3711"/>
</LocList>
</BasicBoolTerm>
</RootTerm>
</CondStmnt>
<BasicStmnt CovItemId="S64" CovItemPrefix="game.Game.java" Intrnl_Id="367">
<LocList>
<Loc EndOffset="4078" SrcFileId="2" StartOffset="4072"/>
</LocList>
</BasicStmnt>
</StmntSeq>
</Branch>
<Branch CovItemId="B43" CovItemPrefix="game.Game.java" Implct="false" Intrnl_Id="368">
<Cond>
<Loc EndOffset="4087" SrcFileId="2" StartOffset="4081"/>
</Cond>
<LocList>
<Loc EndOffset="4466" SrcFileId="2" StartOffset="4092"/>
</LocList>
<StmntSeq Intrnl_Id="369">
<LocList>
<Loc EndOffset="4456" SrcFileId="2" StartOffset="4092"/>
<Loc EndOffset="4466" SrcFileId="2" StartOffset="4460"/>
</LocList>
<CondStmnt CovItemId="S65" CovItemPrefix="game.Game.java" Intrnl_Id="370">
<Branch CovItemId="B44" CovItemPrefix="game.Game.java" Implct="false" Intrnl_Id="371">
<Cond/>
<LocList>
<Loc EndOffset="4456" SrcFileId="2" StartOffset="4113"/>
</LocList>
<StmntSeq Intrnl_Id="372">
<LocList>
<Loc EndOffset="4163" SrcFileId="2" StartOffset="4119"/>
<Loc EndOffset="4215" SrcFileId="2" StartOffset="4168"/>
<Loc EndOffset="4451" SrcFileId="2" StartOffset="4220"/>
</LocList>
<BasicStmnt CovItemId="S66" CovItemPrefix="game.Game.java" Intrnl_Id="373">
<LocList>
<Loc EndOffset="4163" SrcFileId="2" StartOffset="4119"/>
</LocList>
</BasicStmnt>
<BasicStmnt CovItemId="S67" CovItemPrefix="game.Game.java" Intrnl_Id="374">
<LocList>
<Loc EndOffset="4215" SrcFileId="2" StartOffset="4168"/>
</LocList>
</BasicStmnt>
<CondStmnt CovItemId="S68" CovItemPrefix="game.Game.java" Intrnl_Id="375">
<Branch CovItemId="B46" CovItemPrefix="game.Game.java" Implct="false" Intrnl_Id="376">
<Cond/>
<LocList>
<Loc EndOffset="4451" SrcFileId="2" StartOffset="4266"/>
</LocList>
<StmntSeq Intrnl_Id="377">
<LocList>
<Loc EndOffset="4445" SrcFileId="2" StartOffset="4273"/>
</LocList>
<CondStmnt CovItemId="S69" CovItemPrefix="game.Game.java" Intrnl_Id="378">
<Branch CovItemId="B48" CovItemPrefix="game.Game.java" Implct="false" Intrnl_Id="379">
<Cond/>
<LocList>
<Loc EndOffset="4445" SrcFileId="2" StartOffset="4368"/>
</LocList>
<StmntSeq Intrnl_Id="380">
<LocList>
<Loc EndOffset="4438" SrcFileId="2" StartOffset="4407"/>
</LocList>
<BasicStmnt CovItemId="S70" CovItemPrefix="game.Game.java" Intrnl_Id="381">
<LocList>
<Loc EndOffset="4438" SrcFileId="2" StartOffset="4407"/>
</LocList>
</BasicStmnt>
</StmntSeq>
</Branch>
<Branch CovItemId="B49" CovItemPrefix="game.Game.java" Implct="true" Intrnl_Id="382">
<Cond/>
<LocList/>
<StmntSeq Intrnl_Id="383">
<LocList/>
</StmntSeq>
</Branch>
<Keyword EndOffset="4275" SrcFileId="2" StartOffset="4273"/>
<LocList>
<Loc EndOffset="4445" SrcFileId="2" StartOffset="4273"/>
</LocList>
<RootTerm CovItemId="C20" CovItemPrefix="game.Game.java" Intrnl_Id="384">
<OpTerm BooleanOpId="5" Intrnl_Id="385">
<BasicBoolTerm Intrnl_Id="386">
<LocList>
<Loc EndOffset="4328" SrcFileId="2" StartOffset="4277"/>
</LocList>
</BasicBoolTerm>
<BasicBoolTerm Intrnl_Id="387">
<LocList>
<Loc EndOffset="4366" SrcFileId="2" StartOffset="4339"/>
</LocList>
</BasicBoolTerm>
<LocList>
<Loc EndOffset="4338" SrcFileId="2" StartOffset="4336"/>
</LocList>
</OpTerm>
</RootTerm>
</CondStmnt>
</StmntSeq>
</Branch>
<Branch CovItemId="B47" CovItemPrefix="game.Game.java" Implct="true" Intrnl_Id="388">
<Cond/>
<LocList/>
<StmntSeq Intrnl_Id="389">
<LocList/>
</StmntSeq>
</Branch>
<Keyword EndOffset="4222" SrcFileId="2" StartOffset="4220"/>
<LocList>
<Loc EndOffset="4451" SrcFileId="2" StartOffset="4220"/>
</LocList>
<RootTerm CovItemId="C19" CovItemPrefix="game.Game.java" Intrnl_Id="390">
<BasicBoolTerm Intrnl_Id="391">
<LocList>
<Loc EndOffset="4265" SrcFileId="2" StartOffset="4223"/>
</LocList>
</BasicBoolTerm>
</RootTerm>
</CondStmnt>
</StmntSeq>
</Branch>
<Branch CovItemId="B45" CovItemPrefix="game.Game.java" Implct="true" Intrnl_Id="392">
<Cond/>
<LocList/>
<StmntSeq Intrnl_Id="393">
<LocList/>
</StmntSeq>
</Branch>
<Keyword EndOffset="4094" SrcFileId="2" StartOffset="4092"/>
<LocList>
<Loc EndOffset="4456" SrcFileId="2" StartOffset="4092"/>
</LocList>
<RootTerm CovItemId="C18" CovItemPrefix="game.Game.java" Intrnl_Id="394">
<BasicBoolTerm Intrnl_Id="395">
<LocList>
<Loc EndOffset="4111" SrcFileId="2" StartOffset="4096"/>
</LocList>
</BasicBoolTerm>
</RootTerm>
</CondStmnt>
<BasicStmnt CovItemId="S71" CovItemPrefix="game.Game.java" Intrnl_Id="396">
<LocList>
<Loc EndOffset="4466" SrcFileId="2" StartOffset="4460"/>
</LocList>
</BasicStmnt>
</StmntSeq>
</Branch>
<Branch CovItemId="B50" CovItemPrefix="game.Game.java" Implct="true" Intrnl_Id="397">
<Cond/>
<LocList/>
<StmntSeq Intrnl_Id="398">
<LocList/>
</StmntSeq>
</Branch>
<Keyword EndOffset="2868" SrcFileId="2" StartOffset="2862"/>
<LocList>
<Loc EndOffset="4470" SrcFileId="2" StartOffset="2862"/>
</LocList>
</CondStmnt>
<BasicStmnt CovItemId="S72" CovItemPrefix="game.Game.java" Intrnl_Id="399">
<LocList>
<Loc EndOffset="4486" SrcFileId="2" StartOffset="4473"/>
</LocList>
</BasicStmnt>
</StmntSeq>
</HierarchyLvl>
<HierarchyLvl HierarchyLvlId="231" HierarchyLvlTypeId="10" Intrnl_Id="400" Name="pull">
<Header>
<Loc EndOffset="4960" SrcFileId="2" StartOffset="4879"/>
</Header>
<LocList>
<Loc EndOffset="6303" SrcFileId="2" StartOffset="4879"/>
</LocList>
<StmntSeq Intrnl_Id="401">
<LocList>
<Loc EndOffset="5077" SrcFileId="2" StartOffset="4997"/>
<Loc EndOffset="5221" SrcFileId="2" StartOffset="5139"/>
<Loc EndOffset="5335" SrcFileId="2" StartOffset="5275"/>
<Loc EndOffset="5415" SrcFileId="2" StartOffset="5381"/>
<Loc EndOffset="6284" SrcFileId="2" StartOffset="5475"/>
<Loc EndOffset="6300" SrcFileId="2" StartOffset="6287"/>
</LocList>
<CondStmnt CovItemId="S73" CovItemPrefix="game.Game.java" Intrnl_Id="402">
<Branch CovItemId="B51" CovItemPrefix="game.Game.java" Implct="false" Intrnl_Id="403">
<Cond/>
<LocList>
<Loc EndOffset="5077" SrcFileId="2" StartOffset="5064"/>
</LocList>
<StmntSeq Intrnl_Id="404">
<LocList>
<Loc EndOffset="5077" SrcFileId="2" StartOffset="5064"/>
</LocList>
<BasicStmnt CovItemId="S74" CovItemPrefix="game.Game.java" Intrnl_Id="405">
<LocList>
<Loc EndOffset="5077" SrcFileId="2" StartOffset="5064"/>
</LocList>
</BasicStmnt>
</StmntSeq>
</Branch>
<Branch CovItemId="B52" CovItemPrefix="game.Game.java" Implct="true" Intrnl_Id="406">
<Cond/>
<LocList/>
<StmntSeq Intrnl_Id="407">
<LocList/>
</StmntSeq>
</Branch>
<Keyword EndOffset="4999" SrcFileId="2" StartOffset="4997"/>
<LocList>
<Loc EndOffset="5077" SrcFileId="2" StartOffset="4997"/>
</LocList>
<RootTerm CovItemId="C21" CovItemPrefix="game.Game.java" Intrnl_Id="408">
<OpTerm BooleanOpId="6" Intrnl_Id="409">
<BasicBoolTerm Intrnl_Id="410">
<LocList>
<Loc EndOffset="5029" SrcFileId="2" StartOffset="5000"/>
</LocList>
</BasicBoolTerm>
<BasicBoolTerm Intrnl_Id="411">
<LocList>
<Loc EndOffset="5062" SrcFileId="2" StartOffset="5033"/>
</LocList>
</BasicBoolTerm>
<LocList>
<Loc EndOffset="5032" SrcFileId="2" StartOffset="5030"/>
</LocList>
</OpTerm>
</RootTerm>
</CondStmnt>
<CondStmnt CovItemId="S75" CovItemPrefix="game.Game.java" Intrnl_Id="412">
<Branch CovItemId="B53" CovItemPrefix="game.Game.java" Implct="false" Intrnl_Id="413">
<Cond/>
<LocList>
<Loc EndOffset="5221" SrcFileId="2" StartOffset="5208"/>
</LocList>
<StmntSeq Intrnl_Id="414">
<LocList>
<Loc EndOffset="5221" SrcFileId="2" StartOffset="5208"/>
</LocList>
<BasicStmnt CovItemId="S76" CovItemPrefix="game.Game.java" Intrnl_Id="415">
<LocList>
<Loc EndOffset="5221" SrcFileId="2" StartOffset="5208"/>
</LocList>
</BasicStmnt>
</StmntSeq>
</Branch>
<Branch CovItemId="B54" CovItemPrefix="game.Game.java" Implct="true" Intrnl_Id="416">
<Cond/>
<LocList/>
<StmntSeq Intrnl_Id="417">
<LocList/>
</StmntSeq>
</Branch>
<Keyword EndOffset="5141" SrcFileId="2" StartOffset="5139"/>
<LocList>
<Loc EndOffset="5221" SrcFileId="2" StartOffset="5139"/>
</LocList>
<RootTerm CovItemId="C22" CovItemPrefix="game.Game.java" Intrnl_Id="418">
<OpTerm BooleanOpId="7" Intrnl_Id="419">
<BasicBoolTerm Intrnl_Id="420">
<LocList>
<Loc EndOffset="5206" SrcFileId="2" StartOffset="5143"/>
</LocList>
</BasicBoolTerm>
<LocList>
<Loc EndOffset="5143" SrcFileId="2" StartOffset="5142"/>
</LocList>
</OpTerm>
</RootTerm>
</CondStmnt>
<BasicStmnt CovItemId="S77" CovItemPrefix="game.Game.java" Intrnl_Id="421">
<LocList>
<Loc EndOffset="5335" SrcFileId="2" StartOffset="5275"/>
</LocList>
</BasicStmnt>
<CondStmnt CovItemId="S78" CovItemPrefix="game.Game.java" Intrnl_Id="422">
<Branch CovItemId="B55" CovItemPrefix="game.Game.java" Implct="false" Intrnl_Id="423">
<Cond/>
<LocList>
<Loc EndOffset="5415" SrcFileId="2" StartOffset="5402"/>
</LocList>
<StmntSeq Intrnl_Id="424">
<LocList>
<Loc EndOffset="5415" SrcFileId="2" StartOffset="5402"/>
</LocList>
<BasicStmnt CovItemId="S79" CovItemPrefix="game.Game.java" Intrnl_Id="425">
<LocList>
<Loc EndOffset="5415" SrcFileId="2" StartOffset="5402"/>
</LocList>
</BasicStmnt>
</StmntSeq>
</Branch>
<Branch CovItemId="B56" CovItemPrefix="game.Game.java" Implct="true" Intrnl_Id="426">
<Cond/>
<LocList/>
<StmntSeq Intrnl_Id="427">
<LocList/>
</StmntSeq>
</Branch>
<Keyword EndOffset="5383" SrcFileId="2" StartOffset="5381"/>
<LocList>
<Loc EndOffset="5415" SrcFileId="2" StartOffset="5381"/>
</LocList>
<RootTerm CovItemId="C23" CovItemPrefix="game.Game.java" Intrnl_Id="428">
<BasicBoolTerm Intrnl_Id="429">
<LocList>
<Loc EndOffset="5400" SrcFileId="2" StartOffset="5384"/>
</LocList>
</BasicBoolTerm>
</RootTerm>
</CondStmnt>
<CondStmnt CovItemId="S80" CovItemPrefix="game.Game.java" Intrnl_Id="430">
<Branch CovItemId="B57" CovItemPrefix="game.Game.java" Implct="false" Intrnl_Id="431">
<Cond>
<Loc EndOffset="5503" SrcFileId="2" StartOffset="5497"/>
</Cond>
<LocList>
<Loc EndOffset="5691" SrcFileId="2" StartOffset="5508"/>
</LocList>
<StmntSeq Intrnl_Id="432">
<LocList>
<Loc EndOffset="5681" SrcFileId="2" StartOffset="5508"/>
<Loc EndOffset="5691" SrcFileId="2" StartOffset="5685"/>
</LocList>
<CondStmnt CovItemId="S81" CovItemPrefix="game.Game.java" Intrnl_Id="433">
<Branch CovItemId="B58" CovItemPrefix="game.Game.java" Implct="false" Intrnl_Id="434">
<Cond/>
<LocList>
<Loc EndOffset="5681" SrcFileId="2" StartOffset="5621"/>
</LocList>
<StmntSeq Intrnl_Id="435">
<LocList>
<Loc EndOffset="5659" SrcFileId="2" StartOffset="5627"/>
<Loc EndOffset="5676" SrcFileId="2" StartOffset="5664"/>
</LocList>
<BasicStmnt CovItemId="S82" CovItemPrefix="game.Game.java" Intrnl_Id="436">
<LocList>
<Loc EndOffset="5659" SrcFileId="2" StartOffset="5627"/>
</LocList>
</BasicStmnt>
<BasicStmnt CovItemId="S83" CovItemPrefix="game.Game.java" Intrnl_Id="437">
<LocList>
<Loc EndOffset="5676" SrcFileId="2" StartOffset="5664"/>
</LocList>
</BasicStmnt>
</StmntSeq>
</Branch>
<Branch CovItemId="B59" CovItemPrefix="game.Game.java" Implct="true" Intrnl_Id="438">
<Cond/>
<LocList/>
<StmntSeq Intrnl_Id="439">
<LocList/>
</StmntSeq>
</Branch>
<Keyword EndOffset="5510" SrcFileId="2" StartOffset="5508"/>
<LocList>
<Loc EndOffset="5681" SrcFileId="2" StartOffset="5508"/>
</LocList>
<RootTerm CovItemId="C24" CovItemPrefix="game.Game.java" Intrnl_Id="440">
<OpTerm BooleanOpId="5" Intrnl_Id="441">
<BasicBoolTerm Intrnl_Id="442">
<LocList>
<Loc EndOffset="5584" SrcFileId="2" StartOffset="5512"/>
</LocList>
</BasicBoolTerm>
<BasicBoolTerm Intrnl_Id="443">
<LocList>
<Loc EndOffset="5619" SrcFileId="2" StartOffset="5588"/>
</LocList>
</BasicBoolTerm>
<LocList>
<Loc EndOffset="5587" SrcFileId="2" StartOffset="5585"/>
</LocList>
</OpTerm>
</RootTerm>
</CondStmnt>
<BasicStmnt CovItemId="S84" CovItemPrefix="game.Game.java" Intrnl_Id="444">
<LocList>
<Loc EndOffset="5691" SrcFileId="2" StartOffset="5685"/>
</LocList>
</BasicStmnt>
</StmntSeq>
</Branch>
<Branch CovItemId="B60" CovItemPrefix="game.Game.java" Implct="false" Intrnl_Id="445">
<Cond>
<Loc EndOffset="5700" SrcFileId="2" StartOffset="5694"/>
</Cond>
<LocList>
<Loc EndOffset="5888" SrcFileId="2" StartOffset="5705"/>
</LocList>
<StmntSeq Intrnl_Id="446">
<LocList>
<Loc EndOffset="5878" SrcFileId="2" StartOffset="5705"/>
<Loc EndOffset="5888" SrcFileId="2" StartOffset="5882"/>
</LocList>
<CondStmnt CovItemId="S85" CovItemPrefix="game.Game.java" Intrnl_Id="447">
<Branch CovItemId="B61" CovItemPrefix="game.Game.java" Implct="false" Intrnl_Id="448">
<Cond/>
<LocList>
<Loc EndOffset="5878" SrcFileId="2" StartOffset="5818"/>
</LocList>
<StmntSeq Intrnl_Id="449">
<LocList>
<Loc EndOffset="5856" SrcFileId="2" StartOffset="5824"/>
<Loc EndOffset="5873" SrcFileId="2" StartOffset="5861"/>
</LocList>
<BasicStmnt CovItemId="S86" CovItemPrefix="game.Game.java" Intrnl_Id="450">
<LocList>
<Loc EndOffset="5856" SrcFileId="2" StartOffset="5824"/>
</LocList>
</BasicStmnt>
<BasicStmnt CovItemId="S87" CovItemPrefix="game.Game.java" Intrnl_Id="451">
<LocList>
<Loc EndOffset="5873" SrcFileId="2" StartOffset="5861"/>
</LocList>
</BasicStmnt>
</StmntSeq>
</Branch>
<Branch CovItemId="B62" CovItemPrefix="game.Game.java" Implct="true" Intrnl_Id="452">
<Cond/>
<LocList/>
<StmntSeq Intrnl_Id="453">
<LocList/>
</StmntSeq>
</Branch>
<Keyword EndOffset="5707" SrcFileId="2" StartOffset="5705"/>
<LocList>
<Loc EndOffset="5878" SrcFileId="2" StartOffset="5705"/>
</LocList>
<RootTerm CovItemId="C25" CovItemPrefix="game.Game.java" Intrnl_Id="454">
<OpTerm BooleanOpId="5" Intrnl_Id="455">
<BasicBoolTerm Intrnl_Id="456">
<LocList>
<Loc EndOffset="5781" SrcFileId="2" StartOffset="5709"/>
</LocList>
</BasicBoolTerm>
<BasicBoolTerm Intrnl_Id="457">
<LocList>
<Loc EndOffset="5816" SrcFileId="2" StartOffset="5785"/>
</LocList>
</BasicBoolTerm>
<LocList>
<Loc EndOffset="5784" SrcFileId="2" StartOffset="5782"/>
</LocList>
</OpTerm>
</RootTerm>
</CondStmnt>
<BasicStmnt CovItemId="S88" CovItemPrefix="game.Game.java" Intrnl_Id="458">
<LocList>
<Loc EndOffset="5888" SrcFileId="2" StartOffset="5882"/>
</LocList>
</BasicStmnt>
</StmntSeq>
</Branch>
<Branch CovItemId="B63" CovItemPrefix="game.Game.java" Implct="false" Intrnl_Id="459">
<Cond>
<Loc EndOffset="5897" SrcFileId="2" StartOffset="5891"/>
</Cond>
<LocList>
<Loc EndOffset="6083" SrcFileId="2" StartOffset="5902"/>
</LocList>
<StmntSeq Intrnl_Id="460">
<LocList>
<Loc EndOffset="6073" SrcFileId="2" StartOffset="5902"/>
<Loc EndOffset="6083" SrcFileId="2" StartOffset="6077"/>
</LocList>
<CondStmnt CovItemId="S89" CovItemPrefix="game.Game.java" Intrnl_Id="461">
<Branch CovItemId="B64" CovItemPrefix="game.Game.java" Implct="false" Intrnl_Id="462">
<Cond/>
<LocList>
<Loc EndOffset="6073" SrcFileId="2" StartOffset="6013"/>
</LocList>
<StmntSeq Intrnl_Id="463">
<LocList>
<Loc EndOffset="6051" SrcFileId="2" StartOffset="6019"/>
<Loc EndOffset="6068" SrcFileId="2" StartOffset="6056"/>
</LocList>
<BasicStmnt CovItemId="S90" CovItemPrefix="game.Game.java" Intrnl_Id="464">
<LocList>
<Loc EndOffset="6051" SrcFileId="2" StartOffset="6019"/>
</LocList>
</BasicStmnt>
<BasicStmnt CovItemId="S91" CovItemPrefix="game.Game.java" Intrnl_Id="465">
<LocList>
<Loc EndOffset="6068" SrcFileId="2" StartOffset="6056"/>
</LocList>
</BasicStmnt>
</StmntSeq>
</Branch>
<Branch CovItemId="B65" CovItemPrefix="game.Game.java" Implct="true" Intrnl_Id="466">
<Cond/>
<LocList/>
<StmntSeq Intrnl_Id="467">
<LocList/>
</StmntSeq>
</Branch>
<Keyword EndOffset="5904" SrcFileId="2" StartOffset="5902"/>
<LocList>
<Loc EndOffset="6073" SrcFileId="2" StartOffset="5902"/>
</LocList>
<RootTerm CovItemId="C26" CovItemPrefix="game.Game.java" Intrnl_Id="468">
<OpTerm BooleanOpId="5" Intrnl_Id="469">
<BasicBoolTerm Intrnl_Id="470">
<LocList>
<Loc EndOffset="5977" SrcFileId="2" StartOffset="5905"/>
</LocList>
</BasicBoolTerm>
<BasicBoolTerm Intrnl_Id="471">
<LocList>
<Loc EndOffset="6012" SrcFileId="2" StartOffset="5981"/>
</LocList>
</BasicBoolTerm>
<LocList>
<Loc EndOffset="5980" SrcFileId="2" StartOffset="5978"/>
</LocList>
</OpTerm>
</RootTerm>
</CondStmnt>
<BasicStmnt CovItemId="S92" CovItemPrefix="game.Game.java" Intrnl_Id="472">
<LocList>
<Loc EndOffset="6083" SrcFileId="2" StartOffset="6077"/>
</LocList>
</BasicStmnt>
</StmntSeq>
</Branch>
<Branch CovItemId="B66" CovItemPrefix="game.Game.java" Implct="false" Intrnl_Id="473">
<Cond>
<Loc EndOffset="6092" SrcFileId="2" StartOffset="6086"/>
</Cond>
<LocList>
<Loc EndOffset="6280" SrcFileId="2" StartOffset="6097"/>
</LocList>
<StmntSeq Intrnl_Id="474">
<LocList>
<Loc EndOffset="6270" SrcFileId="2" StartOffset="6097"/>
<Loc EndOffset="6280" SrcFileId="2" StartOffset="6274"/>
</LocList>
<CondStmnt CovItemId="S93" CovItemPrefix="game.Game.java" Intrnl_Id="475">
<Branch CovItemId="B67" CovItemPrefix="game.Game.java" Implct="false" Intrnl_Id="476">
<Cond/>
<LocList>
<Loc EndOffset="6270" SrcFileId="2" StartOffset="6210"/>
</LocList>
<StmntSeq Intrnl_Id="477">
<LocList>
<Loc EndOffset="6248" SrcFileId="2" StartOffset="6216"/>
<Loc EndOffset="6265" SrcFileId="2" StartOffset="6253"/>
</LocList>
<BasicStmnt CovItemId="S94" CovItemPrefix="game.Game.java" Intrnl_Id="478">
<LocList>
<Loc EndOffset="6248" SrcFileId="2" StartOffset="6216"/>
</LocList>
</BasicStmnt>
<BasicStmnt CovItemId="S95" CovItemPrefix="game.Game.java" Intrnl_Id="479">
<LocList>
<Loc EndOffset="6265" SrcFileId="2" StartOffset="6253"/>
</LocList>
</BasicStmnt>
</StmntSeq>
</Branch>
<Branch CovItemId="B68" CovItemPrefix="game.Game.java" Implct="true" Intrnl_Id="480">
<Cond/>
<LocList/>
<StmntSeq Intrnl_Id="481">
<LocList/>
</StmntSeq>
</Branch>
<Keyword EndOffset="6099" SrcFileId="2" StartOffset="6097"/>
<LocList>
<Loc EndOffset="6270" SrcFileId="2" StartOffset="6097"/>
</LocList>
<RootTerm CovItemId="C27" CovItemPrefix="game.Game.java" Intrnl_Id="482">
<OpTerm BooleanOpId="5" Intrnl_Id="483">
<BasicBoolTerm Intrnl_Id="484">
<LocList>
<Loc EndOffset="6173" SrcFileId="2" StartOffset="6101"/>
</LocList>
</BasicBoolTerm>
<BasicBoolTerm Intrnl_Id="485">
<LocList>
<Loc EndOffset="6208" SrcFileId="2" StartOffset="6177"/>
</LocList>
</BasicBoolTerm>
<LocList>
<Loc EndOffset="6176" SrcFileId="2" StartOffset="6174"/>
</LocList>
</OpTerm>
</RootTerm>
</CondStmnt>
<BasicStmnt CovItemId="S96" CovItemPrefix="game.Game.java" Intrnl_Id="486">
<LocList>
<Loc EndOffset="6280" SrcFileId="2" StartOffset="6274"/>
</LocList>
</BasicStmnt>
</StmntSeq>
</Branch>
<Branch CovItemId="B69" CovItemPrefix="game.Game.java" Implct="true" Intrnl_Id="487">
<Cond/>
<LocList/>
<StmntSeq Intrnl_Id="488">
<LocList/>
</StmntSeq>
</Branch>
<Keyword EndOffset="5481" SrcFileId="2" StartOffset="5475"/>
<LocList>
<Loc EndOffset="6284" SrcFileId="2" StartOffset="5475"/>
</LocList>
</CondStmnt>
<BasicStmnt CovItemId="S97" CovItemPrefix="game.Game.java" Intrnl_Id="489">
<LocList>
<Loc EndOffset="6300" SrcFileId="2" StartOffset="6287"/>
</LocList>
</BasicStmnt>
</StmntSeq>
</HierarchyLvl>
<HierarchyLvl HierarchyLvlId="232" HierarchyLvlTypeId="10" Intrnl_Id="490" Name="getDirection">
<Header>
<Loc EndOffset="6646" SrcFileId="2" StartOffset="6577"/>
</Header>
<LocList>
<Loc EndOffset="6865" SrcFileId="2" StartOffset="6577"/>
</LocList>
<StmntSeq Intrnl_Id="491">
<LocList>
<Loc EndOffset="6751" SrcFileId="2" StartOffset="6650"/>
<Loc EndOffset="6849" SrcFileId="2" StartOffset="6754"/>
<Loc EndOffset="6862" SrcFileId="2" StartOffset="6852"/>
</LocList>
<CondStmnt CovItemId="S98" CovItemPrefix="game.Game.java" Intrnl_Id="492">
<Branch CovItemId="B70" CovItemPrefix="game.Game.java" Implct="false" Intrnl_Id="493">
<Cond/>
<LocList>
<Loc EndOffset="6751" SrcFileId="2" StartOffset="6666"/>
</LocList>
<StmntSeq Intrnl_Id="494">
<LocList>
<Loc EndOffset="6707" SrcFileId="2" StartOffset="6671"/>
<Loc EndOffset="6747" SrcFileId="2" StartOffset="6711"/>
</LocList>
<CondStmnt CovItemId="S99" CovItemPrefix="game.Game.java" Intrnl_Id="495">
<Branch CovItemId="B72" CovItemPrefix="game.Game.java" Implct="false" Intrnl_Id="496">
<Cond/>
<LocList>
<Loc EndOffset="6707" SrcFileId="2" StartOffset="6698"/>
</LocList>
<StmntSeq Intrnl_Id="497">
<LocList>
<Loc EndOffset="6707" SrcFileId="2" StartOffset="6698"/>
</LocList>
<BasicStmnt CovItemId="S100" CovItemPrefix="game.Game.java" Intrnl_Id="498">
<LocList>
<Loc EndOffset="6707" SrcFileId="2" StartOffset="6698"/>
</LocList>
</BasicStmnt>
</StmntSeq>
</Branch>
<Branch CovItemId="B73" CovItemPrefix="game.Game.java" Implct="true" Intrnl_Id="499">
<Cond/>
<LocList/>
<StmntSeq Intrnl_Id="500">
<LocList/>
</StmntSeq>
</Branch>
<Keyword EndOffset="6673" SrcFileId="2" StartOffset="6671"/>
<LocList>
<Loc EndOffset="6707" SrcFileId="2" StartOffset="6671"/>
</LocList>
<RootTerm CovItemId="C29" CovItemPrefix="game.Game.java" Intrnl_Id="501">
<BasicBoolTerm Intrnl_Id="502">
<LocList>
<Loc EndOffset="6696" SrcFileId="2" StartOffset="6674"/>
</LocList>
</BasicBoolTerm>
</RootTerm>
</CondStmnt>
<CondStmnt CovItemId="S101" CovItemPrefix="game.Game.java" Intrnl_Id="503">
<Branch CovItemId="B74" CovItemPrefix="game.Game.java" Implct="false" Intrnl_Id="504">
<Cond/>
<LocList>
<Loc EndOffset="6747" SrcFileId="2" StartOffset="6738"/>
</LocList>
<StmntSeq Intrnl_Id="505">
<LocList>
<Loc EndOffset="6747" SrcFileId="2" StartOffset="6738"/>
</LocList>
<BasicStmnt CovItemId="S102" CovItemPrefix="game.Game.java" Intrnl_Id="506">
<LocList>
<Loc EndOffset="6747" SrcFileId="2" StartOffset="6738"/>
</LocList>
</BasicStmnt>
</StmntSeq>
</Branch>
<Branch CovItemId="B75" CovItemPrefix="game.Game.java" Implct="true" Intrnl_Id="507">
<Cond/>
<LocList/>
<StmntSeq Intrnl_Id="508">
<LocList/>
</StmntSeq>
</Branch>
<Keyword EndOffset="6713" SrcFileId="2" StartOffset="6711"/>
<LocList>
<Loc EndOffset="6747" SrcFileId="2" StartOffset="6711"/>
</LocList>
<RootTerm CovItemId="C30" CovItemPrefix="game.Game.java" Intrnl_Id="509">
<BasicBoolTerm Intrnl_Id="510">
<LocList>
<Loc EndOffset="6736" SrcFileId="2" StartOffset="6714"/>
</LocList>
</BasicBoolTerm>
</RootTerm>
</CondStmnt>
</StmntSeq>
</Branch>
<Branch CovItemId="B71" CovItemPrefix="game.Game.java" Implct="true" Intrnl_Id="511">
<Cond/>
<LocList/>
<StmntSeq Intrnl_Id="512">
<LocList/>
</StmntSeq>
</Branch>
<Keyword EndOffset="6652" SrcFileId="2" StartOffset="6650"/>
<LocList>
<Loc EndOffset="6751" SrcFileId="2" StartOffset="6650"/>
</LocList>
<RootTerm CovItemId="C28" CovItemPrefix="game.Game.java" Intrnl_Id="513">
<BasicBoolTerm Intrnl_Id="514">
<LocList>
<Loc EndOffset="6665" SrcFileId="2" StartOffset="6653"/>
</LocList>
</BasicBoolTerm>
</RootTerm>
</CondStmnt>
<CondStmnt CovItemId="S103" CovItemPrefix="game.Game.java" Intrnl_Id="515">
<Branch CovItemId="B76" CovItemPrefix="game.Game.java" Implct="false" Intrnl_Id="516">
<Cond/>
<LocList>
<Loc EndOffset="6849" SrcFileId="2" StartOffset="6776"/>
</LocList>
<StmntSeq Intrnl_Id="517">
<LocList>
<Loc EndOffset="6811" SrcFileId="2" StartOffset="6781"/>
<Loc EndOffset="6845" SrcFileId="2" StartOffset="6815"/>
</LocList>
<CondStmnt CovItemId="S104" CovItemPrefix="game.Game.java" Intrnl_Id="518">
<Branch CovItemId="B78" CovItemPrefix="game.Game.java" Implct="false" Intrnl_Id="519">
<Cond/>
<LocList>
<Loc EndOffset="6811" SrcFileId="2" StartOffset="6802"/>
</LocList>
<StmntSeq Intrnl_Id="520">
<LocList>
<Loc EndOffset="6811" SrcFileId="2" StartOffset="6802"/>
</LocList>
<BasicStmnt CovItemId="S105" CovItemPrefix="game.Game.java" Intrnl_Id="521">
<LocList>
<Loc EndOffset="6811" SrcFileId="2" StartOffset="6802"/>
</LocList>
</BasicStmnt>
</StmntSeq>
</Branch>
<Branch CovItemId="B79" CovItemPrefix="game.Game.java" Implct="true" Intrnl_Id="522">
<Cond/>
<LocList/>
<StmntSeq Intrnl_Id="523">
<LocList/>
</StmntSeq>
</Branch>
<Keyword EndOffset="6783" SrcFileId="2" StartOffset="6781"/>
<LocList>
<Loc EndOffset="6811" SrcFileId="2" StartOffset="6781"/>
</LocList>
<RootTerm CovItemId="C32" CovItemPrefix="game.Game.java" Intrnl_Id="524">
<BasicBoolTerm Intrnl_Id="525">
<LocList>
<Loc EndOffset="6800" SrcFileId="2" StartOffset="6784"/>
</LocList>
</BasicBoolTerm>
</RootTerm>
</CondStmnt>
<CondStmnt CovItemId="S106" CovItemPrefix="game.Game.java" Intrnl_Id="526">
<Branch CovItemId="B80" CovItemPrefix="game.Game.java" Implct="false" Intrnl_Id="527">
<Cond/>
<LocList>
<Loc EndOffset="6845" SrcFileId="2" StartOffset="6836"/>
</LocList>
<StmntSeq Intrnl_Id="528">
<LocList>
<Loc EndOffset="6845" SrcFileId="2" StartOffset="6836"/>
</LocList>
<BasicStmnt CovItemId="S107" CovItemPrefix="game.Game.java" Intrnl_Id="529">
<LocList>
<Loc EndOffset="6845" SrcFileId="2" StartOffset="6836"/>
</LocList>
</BasicStmnt>
</StmntSeq>
</Branch>
<Branch CovItemId="B81" CovItemPrefix="game.Game.java" Implct="true" Intrnl_Id="530">
<Cond/>
<LocList/>
<StmntSeq Intrnl_Id="531">
<LocList/>
</StmntSeq>
</Branch>
<Keyword EndOffset="6817" SrcFileId="2" StartOffset="6815"/>
<LocList>
<Loc EndOffset="6845" SrcFileId="2" StartOffset="6815"/>
</LocList>
<RootTerm CovItemId="C33" CovItemPrefix="game.Game.java" Intrnl_Id="532">
<BasicBoolTerm Intrnl_Id="533">
<LocList>
<Loc EndOffset="6834" SrcFileId="2" StartOffset="6818"/>
</LocList>
</BasicBoolTerm>
</RootTerm>
</CondStmnt>
</StmntSeq>
</Branch>
<Branch CovItemId="B77" CovItemPrefix="game.Game.java" Implct="true" Intrnl_Id="534">
<Cond/>
<LocList/>
<StmntSeq Intrnl_Id="535">
<LocList/>
</StmntSeq>
</Branch>
<Keyword EndOffset="6756" SrcFileId="2" StartOffset="6754"/>
<LocList>
<Loc EndOffset="6849" SrcFileId="2" StartOffset="6754"/>
</LocList>
<RootTerm CovItemId="C31" CovItemPrefix="game.Game.java" Intrnl_Id="536">
<BasicBoolTerm Intrnl_Id="537">
<LocList>
<Loc EndOffset="6775" SrcFileId="2" StartOffset="6757"/>
</LocList>
</BasicBoolTerm>
</RootTerm>
</CondStmnt>
<BasicStmnt CovItemId="S108" CovItemPrefix="game.Game.java" Intrnl_Id="538">
<LocList>
<Loc EndOffset="6862" SrcFileId="2" StartOffset="6852"/>
</LocList>
</BasicStmnt>
</StmntSeq>
</HierarchyLvl>
</HierarchyLvl>
<HierarchyLvl HierarchyLvlId="260" HierarchyLvlTypeId="11" Intrnl_Id="539" Name="GUI">
<Header>
<Loc EndOffset="582" SrcFileId="3" StartOffset="566"/>
</Header>
<LocList>
<Loc EndOffset="11202" SrcFileId="3" StartOffset="566"/>
<Loc EndOffset="16366" SrcFileId="3" StartOffset="16363"/>
<Loc EndOffset="16876" SrcFileId="3" StartOffset="16873"/>
<Loc EndOffset="17096" SrcFileId="3" StartOffset="17093"/>
<Loc EndOffset="17929" SrcFileId="3" StartOffset="17925"/>
<Loc EndOffset="20270" SrcFileId="3" StartOffset="20268"/>
</LocList>
<StmntSeq Intrnl_Id="540">
<LocList>
<Loc EndOffset="736" SrcFileId="3" StartOffset="695"/>
</LocList>
<BasicStmnt CovItemId="S1" CovItemPrefix="game.GUI.java" Intrnl_Id="541">
<LocList>
<Loc EndOffset="736" SrcFileId="3" StartOffset="695"/>
</LocList>
</BasicStmnt>
</StmntSeq>
<HierarchyLvl HierarchyLvlId="234" HierarchyLvlTypeId="10" Intrnl_Id="542" Name="GUI">
<Header>
<Loc EndOffset="788" SrcFileId="3" StartOffset="776"/>
</Header>
<LocList>
<Loc EndOffset="1157" SrcFileId="3" StartOffset="776"/>
</LocList>
<StmntSeq Intrnl_Id="543">
<LocList>
<Loc EndOffset="818" SrcFileId="3" StartOffset="793"/>
<Loc EndOffset="846" SrcFileId="3" StartOffset="821"/>
<Loc EndOffset="872" SrcFileId="3" StartOffset="849"/>
<Loc EndOffset="915" SrcFileId="3" StartOffset="875"/>
<Loc EndOffset="962" SrcFileId="3" StartOffset="918"/>
<Loc EndOffset="1001" SrcFileId="3" StartOffset="965"/>
<Loc EndOffset="1041" SrcFileId="3" StartOffset="1004"/>
<Loc EndOffset="1089" SrcFileId="3" StartOffset="1044"/>
<Loc EndOffset="1153" SrcFileId="3" StartOffset="1092"/>
</LocList>
<BasicStmnt CovItemId="S2" CovItemPrefix="game.GUI.java" Intrnl_Id="544">
<LocList>
<Loc EndOffset="818" SrcFileId="3" StartOffset="793"/>
</LocList>
</BasicStmnt>
<BasicStmnt CovItemId="S3" CovItemPrefix="game.GUI.java" Intrnl_Id="545">
<LocList>
<Loc EndOffset="846" SrcFileId="3" StartOffset="821"/>
</LocList>
</BasicStmnt>
<BasicStmnt CovItemId="S4" CovItemPrefix="game.GUI.java" Intrnl_Id="546">
<LocList>
<Loc EndOffset="872" SrcFileId="3" StartOffset="849"/>
</LocList>
</BasicStmnt>
<BasicStmnt CovItemId="S5" CovItemPrefix="game.GUI.java" Intrnl_Id="547">
<LocList>
<Loc EndOffset="915" SrcFileId="3" StartOffset="875"/>
</LocList>
</BasicStmnt>
<BasicStmnt CovItemId="S6" CovItemPrefix="game.GUI.java" Intrnl_Id="548">
<LocList>
<Loc EndOffset="962" SrcFileId="3" StartOffset="918"/>
</LocList>
</BasicStmnt>
<BasicStmnt CovItemId="S7" CovItemPrefix="game.GUI.java" Intrnl_Id="549">
<LocList>
<Loc EndOffset="1001" SrcFileId="3" StartOffset="965"/>
</LocList>
</BasicStmnt>
<BasicStmnt CovItemId="S8" CovItemPrefix="game.GUI.java" Intrnl_Id="550">
<LocList>
<Loc EndOffset="1041" SrcFileId="3" StartOffset="1004"/>
</LocList>
</BasicStmnt>
<BasicStmnt CovItemId="S9" CovItemPrefix="game.GUI.java" Intrnl_Id="551">
<LocList>
<Loc EndOffset="1089" SrcFileId="3" StartOffset="1044"/>
</LocList>
</BasicStmnt>
<BasicStmnt CovItemId="S10" CovItemPrefix="game.GUI.java" Intrnl_Id="552">
<LocList>
<Loc EndOffset="1153" SrcFileId="3" StartOffset="1092"/>
</LocList>
</BasicStmnt>
</StmntSeq>
</HierarchyLvl>
<HierarchyLvl HierarchyLvlId="235" HierarchyLvlTypeId="10" Intrnl_Id="553" Name="main">
<Header>
<Loc EndOffset="1198" SrcFileId="3" StartOffset="1160"/>
</Header>
<LocList>
<Loc EndOffset="2623" SrcFileId="3" StartOffset="1160"/>
</LocList>
<StmntSeq Intrnl_Id="554">
<LocList>
<Loc EndOffset="1221" SrcFileId="3" StartOffset="1203"/>
<Loc EndOffset="1380" SrcFileId="3" StartOffset="1284"/>
<Loc EndOffset="1433" SrcFileId="3" StartOffset="1383"/>
<Loc EndOffset="1465" SrcFileId="3" StartOffset="1436"/>
<Loc EndOffset="1491" SrcFileId="3" StartOffset="1468"/>
<Loc EndOffset="1579" SrcFileId="3" StartOffset="1541"/>
<Loc EndOffset="1613" SrcFileId="3" StartOffset="1582"/>
<Loc EndOffset="1650" SrcFileId="3" StartOffset="1616"/>
<Loc EndOffset="1696" SrcFileId="3" StartOffset="1653"/>
<Loc EndOffset="1761" SrcFileId="3" StartOffset="1699"/>
<Loc EndOffset="1853" SrcFileId="3" StartOffset="1764"/>
<Loc EndOffset="1881" SrcFileId="3" StartOffset="1856"/>
<Loc EndOffset="1915" SrcFileId="3" StartOffset="1884"/>
<Loc EndOffset="2022" SrcFileId="3" StartOffset="1965"/>
<Loc EndOffset="2112" SrcFileId="3" StartOffset="2073"/>
<Loc EndOffset="2147" SrcFileId="3" StartOffset="2115"/>
<Loc EndOffset="2186" SrcFileId="3" StartOffset="2150"/>
<Loc EndOffset="2234" SrcFileId="3" StartOffset="2189"/>
<Loc EndOffset="2301" SrcFileId="3" StartOffset="2237"/>
<Loc EndOffset="2399" SrcFileId="3" StartOffset="2304"/>
<Loc EndOffset="2428" SrcFileId="3" StartOffset="2402"/>
<Loc EndOffset="2463" SrcFileId="3" StartOffset="2431"/>
<Loc EndOffset="2577" SrcFileId="3" StartOffset="2518"/>
<Loc EndOffset="2620" SrcFileId="3" StartOffset="2581"/>
</LocList>
<BasicStmnt CovItemId="S11" CovItemPrefix="game.GUI.java" Intrnl_Id="555">
<LocList>
<Loc EndOffset="1221" SrcFileId="3" StartOffset="1203"/>
</LocList>
</BasicStmnt>
<BasicStmnt CovItemId="S12" CovItemPrefix="game.GUI.java" Intrnl_Id="556">
<LocList>
<Loc EndOffset="1380" SrcFileId="3" StartOffset="1284"/>
</LocList>
</BasicStmnt>
<BasicStmnt CovItemId="S13" CovItemPrefix="game.GUI.java" Intrnl_Id="557">
<LocList>
<Loc EndOffset="1433" SrcFileId="3" StartOffset="1383"/>
</LocList>
</BasicStmnt>
<BasicStmnt CovItemId="S14" CovItemPrefix="game.GUI.java" Intrnl_Id="558">
<LocList>
<Loc EndOffset="1465" SrcFileId="3" StartOffset="1436"/>
</LocList>
</BasicStmnt>
<BasicStmnt CovItemId="S15" CovItemPrefix="game.GUI.java" Intrnl_Id="559">
<LocList>
<Loc EndOffset="1491" SrcFileId="3" StartOffset="1468"/>
</LocList>
</BasicStmnt>
<BasicStmnt CovItemId="S16" CovItemPrefix="game.GUI.java" Intrnl_Id="560">
<LocList>
<Loc EndOffset="1579" SrcFileId="3" StartOffset="1541"/>
</LocList>
</BasicStmnt>
<BasicStmnt CovItemId="S17" CovItemPrefix="game.GUI.java" Intrnl_Id="561">
<LocList>
<Loc EndOffset="1613" SrcFileId="3" StartOffset="1582"/>
</LocList>
</BasicStmnt>
<BasicStmnt CovItemId="S18" CovItemPrefix="game.GUI.java" Intrnl_Id="562">
<LocList>
<Loc EndOffset="1650" SrcFileId="3" StartOffset="1616"/>
</LocList>
</BasicStmnt>
<BasicStmnt CovItemId="S19" CovItemPrefix="game.GUI.java" Intrnl_Id="563">
<LocList>
<Loc EndOffset="1696" SrcFileId="3" StartOffset="1653"/>
</LocList>
</BasicStmnt>
<BasicStmnt CovItemId="S20" CovItemPrefix="game.GUI.java" Intrnl_Id="564">
<LocList>
<Loc EndOffset="1761" SrcFileId="3" StartOffset="1699"/>
</LocList>
</BasicStmnt>
<BasicStmnt CovItemId="S21" CovItemPrefix="game.GUI.java" Intrnl_Id="565">
<LocList>
<Loc EndOffset="1853" SrcFileId="3" StartOffset="1764"/>
</LocList>
</BasicStmnt>
<BasicStmnt CovItemId="S22" CovItemPrefix="game.GUI.java" Intrnl_Id="566">
<LocList>
<Loc EndOffset="1881" SrcFileId="3" StartOffset="1856"/>
</LocList>
</BasicStmnt>
<BasicStmnt CovItemId="S23" CovItemPrefix="game.GUI.java" Intrnl_Id="567">
<LocList>
<Loc EndOffset="1915" SrcFileId="3" StartOffset="1884"/>
</LocList>
</BasicStmnt>
<BasicStmnt CovItemId="S24" CovItemPrefix="game.GUI.java" Intrnl_Id="568">
<LocList>
<Loc EndOffset="2022" SrcFileId="3" StartOffset="1965"/>
</LocList>
</BasicStmnt>
<BasicStmnt CovItemId="S25" CovItemPrefix="game.GUI.java" Intrnl_Id="569">
<LocList>
<Loc EndOffset="2112" SrcFileId="3" StartOffset="2073"/>
</LocList>
</BasicStmnt>
<BasicStmnt CovItemId="S26" CovItemPrefix="game.GUI.java" Intrnl_Id="570">
<LocList>
<Loc EndOffset="2147" SrcFileId="3" StartOffset="2115"/>
</LocList>
</BasicStmnt>
<BasicStmnt CovItemId="S27" CovItemPrefix="game.GUI.java" Intrnl_Id="571">
<LocList>
<Loc EndOffset="2186" SrcFileId="3" StartOffset="2150"/>
</LocList>
</BasicStmnt>
<BasicStmnt CovItemId="S28" CovItemPrefix="game.GUI.java" Intrnl_Id="572">
<LocList>
<Loc EndOffset="2234" SrcFileId="3" StartOffset="2189"/>
</LocList>
</BasicStmnt>
<BasicStmnt CovItemId="S29" CovItemPrefix="game.GUI.java" Intrnl_Id="573">
<LocList>
<Loc EndOffset="2301" SrcFileId="3" StartOffset="2237"/>
</LocList>
</BasicStmnt>
<BasicStmnt CovItemId="S30" CovItemPrefix="game.GUI.java" Intrnl_Id="574">
<LocList>
<Loc EndOffset="2399" SrcFileId="3" StartOffset="2304"/>
</LocList>
</BasicStmnt>
<BasicStmnt CovItemId="S31" CovItemPrefix="game.GUI.java" Intrnl_Id="575">
<LocList>
<Loc EndOffset="2428" SrcFileId="3" StartOffset="2402"/>
</LocList>
</BasicStmnt>
<BasicStmnt CovItemId="S32" CovItemPrefix="game.GUI.java" Intrnl_Id="576">
<LocList>
<Loc EndOffset="2463" SrcFileId="3" StartOffset="2431"/>
</LocList>
</BasicStmnt>
<BasicStmnt CovItemId="S33" CovItemPrefix="game.GUI.java" Intrnl_Id="577">
<LocList>
<Loc EndOffset="2577" SrcFileId="3" StartOffset="2518"/>
</LocList>
</BasicStmnt>
<BasicStmnt CovItemId="S34" CovItemPrefix="game.GUI.java" Intrnl_Id="578">
<LocList>
<Loc EndOffset="2620" SrcFileId="3" StartOffset="2581"/>
</LocList>
</BasicStmnt>
</StmntSeq>
</HierarchyLvl>
<HierarchyLvl HierarchyLvlId="236" HierarchyLvlTypeId="10" Intrnl_Id="579" Name="getP1name">
<Header>
<Loc EndOffset="2651" SrcFileId="3" StartOffset="2626"/>
</Header>
<LocList>
<Loc EndOffset="2673" SrcFileId="3" StartOffset="2626"/>
</LocList>
<StmntSeq Intrnl_Id="580">
<LocList>
<Loc EndOffset="2670" SrcFileId="3" StartOffset="2656"/>
</LocList>
<BasicStmnt CovItemId="S35" CovItemPrefix="game.GUI.java" Intrnl_Id="581">
<LocList>
<Loc EndOffset="2670" SrcFileId="3" StartOffset="2656"/>
</LocList>
</BasicStmnt>
</StmntSeq>
</HierarchyLvl>
<HierarchyLvl HierarchyLvlId="237" HierarchyLvlTypeId="10" Intrnl_Id="582" Name="setP1name">
<Header>
<Loc EndOffset="2712" SrcFileId="3" StartOffset="2676"/>
</Header>
<LocList>
<Loc EndOffset="2741" SrcFileId="3" StartOffset="2676"/>
</LocList>
<StmntSeq Intrnl_Id="583">
<LocList>
<Loc EndOffset="2738" SrcFileId="3" StartOffset="2717"/>
</LocList>
<BasicStmnt CovItemId="S36" CovItemPrefix="game.GUI.java" Intrnl_Id="584">
<LocList>
<Loc EndOffset="2738" SrcFileId="3" StartOffset="2717"/>
</LocList>
</BasicStmnt>
</StmntSeq>
</HierarchyLvl>
<HierarchyLvl HierarchyLvlId="238" HierarchyLvlTypeId="10" Intrnl_Id="585" Name="getP2name">
<Header>
<Loc EndOffset="2769" SrcFileId="3" StartOffset="2744"/>
</Header>
<LocList>
<Loc EndOffset="2791" SrcFileId="3" StartOffset="2744"/>
</LocList>
<StmntSeq Intrnl_Id="586">
<LocList>
<Loc EndOffset="2788" SrcFileId="3" StartOffset="2774"/>
</LocList>
<BasicStmnt CovItemId="S37" CovItemPrefix="game.GUI.java" Intrnl_Id="587">
<LocList>
<Loc EndOffset="2788" SrcFileId="3" StartOffset="2774"/>
</LocList>
</BasicStmnt>
</StmntSeq>
</HierarchyLvl>
<HierarchyLvl HierarchyLvlId="239" HierarchyLvlTypeId="10" Intrnl_Id="588" Name="setP2name">
<Header>
<Loc EndOffset="2830" SrcFileId="3" StartOffset="2794"/>
</Header>
<LocList>
<Loc EndOffset="2859" SrcFileId="3" StartOffset="2794"/>
</LocList>
<StmntSeq Intrnl_Id="589">
<LocList>
<Loc EndOffset="2856" SrcFileId="3" StartOffset="2835"/>
</LocList>
<BasicStmnt CovItemId="S38" CovItemPrefix="game.GUI.java" Intrnl_Id="590">
<LocList>
<Loc EndOffset="2856" SrcFileId="3" StartOffset="2835"/>
</LocList>
</BasicStmnt>
</StmntSeq>
</HierarchyLvl>
<HierarchyLvl HierarchyLvlId="240" HierarchyLvlTypeId="10" Intrnl_Id="591" Name="getActiveFrames">
<Header>
<Loc EndOffset="2904" SrcFileId="3" StartOffset="2862"/>
</Header>
<LocList>
<Loc EndOffset="2932" SrcFileId="3" StartOffset="2862"/>
</LocList>
<StmntSeq Intrnl_Id="592">
<LocList>
<Loc EndOffset="2929" SrcFileId="3" StartOffset="2909"/>
</LocList>
<BasicStmnt CovItemId="S39" CovItemPrefix="game.GUI.java" Intrnl_Id="593">
<LocList>
<Loc EndOffset="2929" SrcFileId="3" StartOffset="2909"/>
</LocList>
</BasicStmnt>
</StmntSeq>
</HierarchyLvl>
<HierarchyLvl HierarchyLvlId="241" HierarchyLvlTypeId="10" Intrnl_Id="594" Name="setActiveFrames">
<Header>
<Loc EndOffset="2988" SrcFileId="3" StartOffset="2935"/>
</Header>
<LocList>
<Loc EndOffset="3023" SrcFileId="3" StartOffset="2935"/>
</LocList>
<StmntSeq Intrnl_Id="595">
<LocList>
<Loc EndOffset="3020" SrcFileId="3" StartOffset="2993"/>
</LocList>
<BasicStmnt CovItemId="S40" CovItemPrefix="game.GUI.java" Intrnl_Id="596">
<LocList>
<Loc EndOffset="3020" SrcFileId="3" StartOffset="2993"/>
</LocList>
</BasicStmnt>
</StmntSeq>
</HierarchyLvl>
<HierarchyLvl HierarchyLvlId="242" HierarchyLvlTypeId="10" Intrnl_Id="597" Name="renderInitialBoard">
<Header>
<Loc EndOffset="3059" SrcFileId="3" StartOffset="3026"/>
</Header>
<LocList>
<Loc EndOffset="8757" SrcFileId="3" StartOffset="3026"/>
</LocList>
<StmntSeq Intrnl_Id="598">
<LocList>
<Loc EndOffset="3125" SrcFileId="3" StartOffset="3064"/>
<Loc EndOffset="8754" SrcFileId="3" StartOffset="3128"/>
</LocList>
<BasicStmnt CovItemId="S41" CovItemPrefix="game.GUI.java" Intrnl_Id="599">
<LocList>
<Loc EndOffset="3125" SrcFileId="3" StartOffset="3064"/>
</LocList>
</BasicStmnt>
<LoopStmnt CovItemId="S42" CovItemPrefix="game.GUI.java" Intrnl_Id="600" MltplExecId="L1-2" MltplExecPrefix="game.GUI.java" NvrExecId="L1-0" NvrExecPrefix="game.GUI.java" OnceExecutedId="L1-1" OnceExecutedPrefix="game.GUI.java" OptBodyExec="true">
<StmntSeq Intrnl_Id="601">
<LocList>
<Loc EndOffset="8750" SrcFileId="3" StartOffset="3167"/>
</LocList>
<LoopStmnt CovItemId="S43" CovItemPrefix="game.GUI.java" Intrnl_Id="602" MltplExecId="L2-2" MltplExecPrefix="game.GUI.java" NvrExecId="L2-0" NvrExecPrefix="game.GUI.java" OnceExecutedId="L2-1" OnceExecutedPrefix="game.GUI.java" OptBodyExec="true">
<StmntSeq Intrnl_Id="603">
<LocList>
<Loc EndOffset="3249" SrcFileId="3" StartOffset="3216"/>
<Loc EndOffset="8745" SrcFileId="3" StartOffset="3254"/>
</LocList>
<BasicStmnt CovItemId="S44" CovItemPrefix="game.GUI.java" Intrnl_Id="604">
<LocList>
<Loc EndOffset="3249" SrcFileId="3" StartOffset="3216"/>
</LocList>
</BasicStmnt>
<CondStmnt CovItemId="S45" CovItemPrefix="game.GUI.java" Intrnl_Id="605">
<Branch CovItemId="B1" CovItemPrefix="game.GUI.java" Implct="false" Intrnl_Id="606">
<Cond>
<Loc EndOffset="3279" SrcFileId="3" StartOffset="3271"/>
</Cond>
<LocList>
<Loc EndOffset="3766" SrcFileId="3" StartOffset="3286"/>
</LocList>
<StmntSeq Intrnl_Id="607">
<LocList>
<Loc EndOffset="3409" SrcFileId="3" StartOffset="3286"/>
<Loc EndOffset="3459" SrcFileId="3" StartOffset="3415"/>
<Loc EndOffset="3496" SrcFileId="3" StartOffset="3465"/>
<Loc EndOffset="3539" SrcFileId="3" StartOffset="3502"/>
<Loc EndOffset="3655" SrcFileId="3" StartOffset="3545"/>
<Loc EndOffset="3697" SrcFileId="3" StartOffset="3661"/>
<Loc EndOffset="3754" SrcFileId="3" StartOffset="3703"/>
<Loc EndOffset="3766" SrcFileId="3" StartOffset="3760"/>
</LocList>
<BasicStmnt CovItemId="S46" CovItemPrefix="game.GUI.java" Intrnl_Id="608">
<LocList>
<Loc EndOffset="3409" SrcFileId="3" StartOffset="3286"/>
</LocList>
</BasicStmnt>
<BasicStmnt CovItemId="S47" CovItemPrefix="game.GUI.java" Intrnl_Id="609">
<LocList>
<Loc EndOffset="3459" SrcFileId="3" StartOffset="3415"/>
</LocList>
</BasicStmnt>
<BasicStmnt CovItemId="S48" CovItemPrefix="game.GUI.java" Intrnl_Id="610">
<LocList>
<Loc EndOffset="3496" SrcFileId="3" StartOffset="3465"/>
</LocList>
</BasicStmnt>
<BasicStmnt CovItemId="S49" CovItemPrefix="game.GUI.java" Intrnl_Id="611">
<LocList>
<Loc EndOffset="3539" SrcFileId="3" StartOffset="3502"/>
</LocList>
</BasicStmnt>
<BasicStmnt CovItemId="S50" CovItemPrefix="game.GUI.java" Intrnl_Id="612">
<LocList>
<Loc EndOffset="3655" SrcFileId="3" StartOffset="3545"/>
</LocList>
</BasicStmnt>
<BasicStmnt CovItemId="S51" CovItemPrefix="game.GUI.java" Intrnl_Id="613">
<LocList>
<Loc EndOffset="3697" SrcFileId="3" StartOffset="3661"/>
</LocList>
</BasicStmnt>
<BasicStmnt CovItemId="S52" CovItemPrefix="game.GUI.java" Intrnl_Id="614">
<LocList>
<Loc EndOffset="3754" SrcFileId="3" StartOffset="3703"/>
</LocList>
</BasicStmnt>
<BasicStmnt CovItemId="S53" CovItemPrefix="game.GUI.java" Intrnl_Id="615">
<LocList>
<Loc EndOffset="3766" SrcFileId="3" StartOffset="3760"/>
</LocList>
</BasicStmnt>
</StmntSeq>
</Branch>
<Branch CovItemId="B2" CovItemPrefix="game.GUI.java" Implct="false" Intrnl_Id="616">
<Cond>
<Loc EndOffset="3779" SrcFileId="3" StartOffset="3771"/>
</Cond>
<LocList>
<Loc EndOffset="4218" SrcFileId="3" StartOffset="3786"/>
</LocList>
<StmntSeq Intrnl_Id="617">
<LocList>
<Loc EndOffset="3893" SrcFileId="3" StartOffset="3786"/>
<Loc EndOffset="3940" SrcFileId="3" StartOffset="3899"/>
<Loc EndOffset="3974" SrcFileId="3" StartOffset="3946"/>
<Loc EndOffset="4014" SrcFileId="3" StartOffset="3980"/>
<Loc EndOffset="4113" SrcFileId="3" StartOffset="4020"/>
<Loc EndOffset="4152" SrcFileId="3" StartOffset="4119"/>
<Loc EndOffset="4206" SrcFileId="3" StartOffset="4158"/>
<Loc EndOffset="4218" SrcFileId="3" StartOffset="4212"/>
</LocList>
<BasicStmnt CovItemId="S54" CovItemPrefix="game.GUI.java" Intrnl_Id="618">
<LocList>
<Loc EndOffset="3893" SrcFileId="3" StartOffset="3786"/>
</LocList>
</BasicStmnt>
<BasicStmnt CovItemId="S55" CovItemPrefix="game.GUI.java" Intrnl_Id="619">
<LocList>
<Loc EndOffset="3940" SrcFileId="3" StartOffset="3899"/>
</LocList>
</BasicStmnt>
<BasicStmnt CovItemId="S56" CovItemPrefix="game.GUI.java" Intrnl_Id="620">
<LocList>
<Loc EndOffset="3974" SrcFileId="3" StartOffset="3946"/>
</LocList>
</BasicStmnt>
<BasicStmnt CovItemId="S57" CovItemPrefix="game.GUI.java" Intrnl_Id="621">
<LocList>
<Loc EndOffset="4014" SrcFileId="3" StartOffset="3980"/>
</LocList>
</BasicStmnt>
<BasicStmnt CovItemId="S58" CovItemPrefix="game.GUI.java" Intrnl_Id="622">
<LocList>
<Loc EndOffset="4113" SrcFileId="3" StartOffset="4020"/>
</LocList>
</BasicStmnt>
<BasicStmnt CovItemId="S59" CovItemPrefix="game.GUI.java" Intrnl_Id="623">
<LocList>
<Loc EndOffset="4152" SrcFileId="3" StartOffset="4119"/>
</LocList>
</BasicStmnt>
<BasicStmnt CovItemId="S60" CovItemPrefix="game.GUI.java" Intrnl_Id="624">
<LocList>
<Loc EndOffset="4206" SrcFileId="3" StartOffset="4158"/>
</LocList>
</BasicStmnt>
<BasicStmnt CovItemId="S61" CovItemPrefix="game.GUI.java" Intrnl_Id="625">
<LocList>
<Loc EndOffset="4218" SrcFileId="3" StartOffset="4212"/>
</LocList>
</BasicStmnt>
</StmntSeq>
</Branch>
<Branch CovItemId="B3" CovItemPrefix="game.GUI.java" Implct="false" Intrnl_Id="626">
<Cond>
<Loc EndOffset="4231" SrcFileId="3" StartOffset="4223"/>
</Cond>
<LocList>
<Loc EndOffset="4670" SrcFileId="3" StartOffset="4238"/>
</LocList>
<StmntSeq Intrnl_Id="627">
<LocList>
<Loc EndOffset="4345" SrcFileId="3" StartOffset="4238"/>
<Loc EndOffset="4392" SrcFileId="3" StartOffset="4351"/>
<Loc EndOffset="4426" SrcFileId="3" StartOffset="4398"/>
<Loc EndOffset="4466" SrcFileId="3" StartOffset="4432"/>
<Loc EndOffset="4565" SrcFileId="3" StartOffset="4472"/>
<Loc EndOffset="4604" SrcFileId="3" StartOffset="4571"/>
<Loc EndOffset="4658" SrcFileId="3" StartOffset="4610"/>
<Loc EndOffset="4670" SrcFileId="3" StartOffset="4664"/>
</LocList>
<BasicStmnt CovItemId="S62" CovItemPrefix="game.GUI.java" Intrnl_Id="628">
<LocList>
<Loc EndOffset="4345" SrcFileId="3" StartOffset="4238"/>
</LocList>
</BasicStmnt>
<BasicStmnt CovItemId="S63" CovItemPrefix="game.GUI.java" Intrnl_Id="629">
<LocList>
<Loc EndOffset="4392" SrcFileId="3" StartOffset="4351"/>
</LocList>
</BasicStmnt>
<BasicStmnt CovItemId="S64" CovItemPrefix="game.GUI.java" Intrnl_Id="630">
<LocList>
<Loc EndOffset="4426" SrcFileId="3" StartOffset="4398"/>
</LocList>
</BasicStmnt>
<BasicStmnt CovItemId="S65" CovItemPrefix="game.GUI.java" Intrnl_Id="631">
<LocList>
<Loc EndOffset="4466" SrcFileId="3" StartOffset="4432"/>
</LocList>
</BasicStmnt>
<BasicStmnt CovItemId="S66" CovItemPrefix="game.GUI.java" Intrnl_Id="632">
<LocList>
<Loc EndOffset="4565" SrcFileId="3" StartOffset="4472"/>
</LocList>
</BasicStmnt>
<BasicStmnt CovItemId="S67" CovItemPrefix="game.GUI.java" Intrnl_Id="633">
<LocList>
<Loc EndOffset="4604" SrcFileId="3" StartOffset="4571"/>
</LocList>
</BasicStmnt>
<BasicStmnt CovItemId="S68" CovItemPrefix="game.GUI.java" Intrnl_Id="634">
<LocList>
<Loc EndOffset="4658" SrcFileId="3" StartOffset="4610"/>
</LocList>
</BasicStmnt>
<BasicStmnt CovItemId="S69" CovItemPrefix="game.GUI.java" Intrnl_Id="635">
<LocList>
<Loc EndOffset="4670" SrcFileId="3" StartOffset="4664"/>
</LocList>
</BasicStmnt>
</StmntSeq>
</Branch>
<Branch CovItemId="B4" CovItemPrefix="game.GUI.java" Implct="false" Intrnl_Id="636">
<Cond>
<Loc EndOffset="4683" SrcFileId="3" StartOffset="4675"/>
</Cond>
<LocList>
<Loc EndOffset="5102" SrcFileId="3" StartOffset="4690"/>
</LocList>
<StmntSeq Intrnl_Id="637">
<LocList>
<Loc EndOffset="4793" SrcFileId="3" StartOffset="4690"/>
<Loc EndOffset="4838" SrcFileId="3" StartOffset="4799"/>
<Loc EndOffset="4870" SrcFileId="3" StartOffset="4844"/>
<Loc EndOffset="4908" SrcFileId="3" StartOffset="4876"/>
<Loc EndOffset="5001" SrcFileId="3" StartOffset="4914"/>
<Loc EndOffset="5038" SrcFileId="3" StartOffset="5007"/>
<Loc EndOffset="5090" SrcFileId="3" StartOffset="5044"/>
<Loc EndOffset="5102" SrcFileId="3" StartOffset="5096"/>
</LocList>
<BasicStmnt CovItemId="S70" CovItemPrefix="game.GUI.java" Intrnl_Id="638">
<LocList>
<Loc EndOffset="4793" SrcFileId="3" StartOffset="4690"/>
</LocList>
</BasicStmnt>
<BasicStmnt CovItemId="S71" CovItemPrefix="game.GUI.java" Intrnl_Id="639">
<LocList>
<Loc EndOffset="4838" SrcFileId="3" StartOffset="4799"/>
</LocList>
</BasicStmnt>
<BasicStmnt CovItemId="S72" CovItemPrefix="game.GUI.java" Intrnl_Id="640">
<LocList>
<Loc EndOffset="4870" SrcFileId="3" StartOffset="4844"/>
</LocList>
</BasicStmnt>
<BasicStmnt CovItemId="S73" CovItemPrefix="game.GUI.java" Intrnl_Id="641">
<LocList>
<Loc EndOffset="4908" SrcFileId="3" StartOffset="4876"/>
</LocList>
</BasicStmnt>
<BasicStmnt CovItemId="S74" CovItemPrefix="game.GUI.java" Intrnl_Id="642">
<LocList>
<Loc EndOffset="5001" SrcFileId="3" StartOffset="4914"/>
</LocList>
</BasicStmnt>
<BasicStmnt CovItemId="S75" CovItemPrefix="game.GUI.java" Intrnl_Id="643">
<LocList>
<Loc EndOffset="5038" SrcFileId="3" StartOffset="5007"/>
</LocList>
</BasicStmnt>
<BasicStmnt CovItemId="S76" CovItemPrefix="game.GUI.java" Intrnl_Id="644">
<LocList>
<Loc EndOffset="5090" SrcFileId="3" StartOffset="5044"/>
</LocList>
</BasicStmnt>
<BasicStmnt CovItemId="S77" CovItemPrefix="game.GUI.java" Intrnl_Id="645">
<LocList>
<Loc EndOffset="5102" SrcFileId="3" StartOffset="5096"/>
</LocList>
</BasicStmnt>
</StmntSeq>
</Branch>
<Branch CovItemId="B5" CovItemPrefix="game.GUI.java" Implct="false" Intrnl_Id="646">
<Cond>
<Loc EndOffset="5115" SrcFileId="3" StartOffset="5107"/>
</Cond>
<LocList>
<Loc EndOffset="5534" SrcFileId="3" StartOffset="5122"/>
</LocList>
<StmntSeq Intrnl_Id="647">
<LocList>
<Loc EndOffset="5225" SrcFileId="3" StartOffset="5122"/>
<Loc EndOffset="5270" SrcFileId="3" StartOffset="5231"/>
<Loc EndOffset="5302" SrcFileId="3" StartOffset="5276"/>
<Loc EndOffset="5340" SrcFileId="3" StartOffset="5308"/>
<Loc EndOffset="5433" SrcFileId="3" StartOffset="5346"/>
<Loc EndOffset="5470" SrcFileId="3" StartOffset="5439"/>
<Loc EndOffset="5522" SrcFileId="3" StartOffset="5476"/>
<Loc EndOffset="5534" SrcFileId="3" StartOffset="5528"/>
</LocList>
<BasicStmnt CovItemId="S78" CovItemPrefix="game.GUI.java" Intrnl_Id="648">
<LocList>
<Loc EndOffset="5225" SrcFileId="3" StartOffset="5122"/>
</LocList>
</BasicStmnt>
<BasicStmnt CovItemId="S79" CovItemPrefix="game.GUI.java" Intrnl_Id="649">
<LocList>
<Loc EndOffset="5270" SrcFileId="3" StartOffset="5231"/>
</LocList>
</BasicStmnt>
<BasicStmnt CovItemId="S80" CovItemPrefix="game.GUI.java" Intrnl_Id="650">
<LocList>
<Loc EndOffset="5302" SrcFileId="3" StartOffset="5276"/>
</LocList>
</BasicStmnt>
<BasicStmnt CovItemId="S81" CovItemPrefix="game.GUI.java" Intrnl_Id="651">
<LocList>
<Loc EndOffset="5340" SrcFileId="3" StartOffset="5308"/>
</LocList>
</BasicStmnt>
<BasicStmnt CovItemId="S82" CovItemPrefix="game.GUI.java" Intrnl_Id="652">
<LocList>
<Loc EndOffset="5433" SrcFileId="3" StartOffset="5346"/>
</LocList>
</BasicStmnt>
<BasicStmnt CovItemId="S83" CovItemPrefix="game.GUI.java" Intrnl_Id="653">
<LocList>
<Loc EndOffset="5470" SrcFileId="3" StartOffset="5439"/>
</LocList>
</BasicStmnt>
<BasicStmnt CovItemId="S84" CovItemPrefix="game.GUI.java" Intrnl_Id="654">
<LocList>
<Loc EndOffset="5522" SrcFileId="3" StartOffset="5476"/>
</LocList>
</BasicStmnt>
<BasicStmnt CovItemId="S85" CovItemPrefix="game.GUI.java" Intrnl_Id="655">
<LocList>
<Loc EndOffset="5534" SrcFileId="3" StartOffset="5528"/>
</LocList>
</BasicStmnt>
</StmntSeq>
</Branch>
<Branch CovItemId="B6" CovItemPrefix="game.GUI.java" Implct="false" Intrnl_Id="656">
<Cond>
<Loc EndOffset="5547" SrcFileId="3" StartOffset="5539"/>
</Cond>
<LocList>
<Loc EndOffset="5996" SrcFileId="3" StartOffset="5554"/>
</LocList>
<StmntSeq Intrnl_Id="657">
<LocList>
<Loc EndOffset="5663" SrcFileId="3" StartOffset="5554"/>
<Loc EndOffset="5711" SrcFileId="3" StartOffset="5669"/>
<Loc EndOffset="5746" SrcFileId="3" StartOffset="5717"/>
<Loc EndOffset="5787" SrcFileId="3" StartOffset="5752"/>
<Loc EndOffset="5889" SrcFileId="3" StartOffset="5793"/>
<Loc EndOffset="5929" SrcFileId="3" StartOffset="5895"/>
<Loc EndOffset="5984" SrcFileId="3" StartOffset="5935"/>
<Loc EndOffset="5996" SrcFileId="3" StartOffset="5990"/>
</LocList>
<BasicStmnt CovItemId="S86" CovItemPrefix="game.GUI.java" Intrnl_Id="658">
<LocList>
<Loc EndOffset="5663" SrcFileId="3" StartOffset="5554"/>
</LocList>
</BasicStmnt>
<BasicStmnt CovItemId="S87" CovItemPrefix="game.GUI.java" Intrnl_Id="659">
<LocList>
<Loc EndOffset="5711" SrcFileId="3" StartOffset="5669"/>
</LocList>
</BasicStmnt>
<BasicStmnt CovItemId="S88" CovItemPrefix="game.GUI.java" Intrnl_Id="660">
<LocList>
<Loc EndOffset="5746" SrcFileId="3" StartOffset="5717"/>
</LocList>
</BasicStmnt>
<BasicStmnt CovItemId="S89" CovItemPrefix="game.GUI.java" Intrnl_Id="661">
<LocList>
<Loc EndOffset="5787" SrcFileId="3" StartOffset="5752"/>
</LocList>
</BasicStmnt>
<BasicStmnt CovItemId="S90" CovItemPrefix="game.GUI.java" Intrnl_Id="662">
<LocList>
<Loc EndOffset="5889" SrcFileId="3" StartOffset="5793"/>
</LocList>
</BasicStmnt>
<BasicStmnt CovItemId="S91" CovItemPrefix="game.GUI.java" Intrnl_Id="663">
<LocList>
<Loc EndOffset="5929" SrcFileId="3" StartOffset="5895"/>
</LocList>
</BasicStmnt>
<BasicStmnt CovItemId="S92" CovItemPrefix="game.GUI.java" Intrnl_Id="664">
<LocList>
<Loc EndOffset="5984" SrcFileId="3" StartOffset="5935"/>
</LocList>
</BasicStmnt>
<BasicStmnt CovItemId="S93" CovItemPrefix="game.GUI.java" Intrnl_Id="665">
<LocList>
<Loc EndOffset="5996" SrcFileId="3" StartOffset="5990"/>
</LocList>
</BasicStmnt>
</StmntSeq>
</Branch>
<Branch CovItemId="B7" CovItemPrefix="game.GUI.java" Implct="false" Intrnl_Id="666">
<Cond>
<Loc EndOffset="6009" SrcFileId="3" StartOffset="6001"/>
</Cond>
<LocList>
<Loc EndOffset="6496" SrcFileId="3" StartOffset="6016"/>
</LocList>
<StmntSeq Intrnl_Id="667">
<LocList>
<Loc EndOffset="6139" SrcFileId="3" StartOffset="6016"/>
<Loc EndOffset="6189" SrcFileId="3" StartOffset="6145"/>
<Loc EndOffset="6226" SrcFileId="3" StartOffset="6195"/>
<Loc EndOffset="6269" SrcFileId="3" StartOffset="6232"/>
<Loc EndOffset="6385" SrcFileId="3" StartOffset="6275"/>
<Loc EndOffset="6427" SrcFileId="3" StartOffset="6391"/>
<Loc EndOffset="6484" SrcFileId="3" StartOffset="6433"/>
<Loc EndOffset="6496" SrcFileId="3" StartOffset="6490"/>
</LocList>
<BasicStmnt CovItemId="S94" CovItemPrefix="game.GUI.java" Intrnl_Id="668">
<LocList>
<Loc EndOffset="6139" SrcFileId="3" StartOffset="6016"/>
</LocList>
</BasicStmnt>
<BasicStmnt CovItemId="S95" CovItemPrefix="game.GUI.java" Intrnl_Id="669">
<LocList>
<Loc EndOffset="6189" SrcFileId="3" StartOffset="6145"/>
</LocList>
</BasicStmnt>
<BasicStmnt CovItemId="S96" CovItemPrefix="game.GUI.java" Intrnl_Id="670">
<LocList>
<Loc EndOffset="6226" SrcFileId="3" StartOffset="6195"/>
</LocList>
</BasicStmnt>
<BasicStmnt CovItemId="S97" CovItemPrefix="game.GUI.java" Intrnl_Id="671">
<LocList>
<Loc EndOffset="6269" SrcFileId="3" StartOffset="6232"/>
</LocList>
</BasicStmnt>
<BasicStmnt CovItemId="S98" CovItemPrefix="game.GUI.java" Intrnl_Id="672">
<LocList>
<Loc EndOffset="6385" SrcFileId="3" StartOffset="6275"/>
</LocList>
</BasicStmnt>
<BasicStmnt CovItemId="S99" CovItemPrefix="game.GUI.java" Intrnl_Id="673">
<LocList>
<Loc EndOffset="6427" SrcFileId="3" StartOffset="6391"/>
</LocList>
</BasicStmnt>
<BasicStmnt CovItemId="S100" CovItemPrefix="game.GUI.java" Intrnl_Id="674">
<LocList>
<Loc EndOffset="6484" SrcFileId="3" StartOffset="6433"/>
</LocList>
</BasicStmnt>
<BasicStmnt CovItemId="S101" CovItemPrefix="game.GUI.java" Intrnl_Id="675">
<LocList>
<Loc EndOffset="6496" SrcFileId="3" StartOffset="6490"/>
</LocList>
</BasicStmnt>
</StmntSeq>
</Branch>
<Branch CovItemId="B8" CovItemPrefix="game.GUI.java" Implct="false" Intrnl_Id="676">
<Cond>
<Loc EndOffset="6509" SrcFileId="3" StartOffset="6501"/>
</Cond>
<LocList>
<Loc EndOffset="6948" SrcFileId="3" StartOffset="6516"/>
</LocList>
<StmntSeq Intrnl_Id="677">
<LocList>
<Loc EndOffset="6623" SrcFileId="3" StartOffset="6516"/>
<Loc EndOffset="6670" SrcFileId="3" StartOffset="6629"/>
<Loc EndOffset="6704" SrcFileId="3" StartOffset="6676"/>
<Loc EndOffset="6744" SrcFileId="3" StartOffset="6710"/>
<Loc EndOffset="6843" SrcFileId="3" StartOffset="6750"/>
<Loc EndOffset="6882" SrcFileId="3" StartOffset="6849"/>
<Loc EndOffset="6936" SrcFileId="3" StartOffset="6888"/>
<Loc EndOffset="6948" SrcFileId="3" StartOffset="6942"/>
</LocList>
<BasicStmnt CovItemId="S102" CovItemPrefix="game.GUI.java" Intrnl_Id="678">
<LocList>
<Loc EndOffset="6623" SrcFileId="3" StartOffset="6516"/>
</LocList>
</BasicStmnt>
<BasicStmnt CovItemId="S103" CovItemPrefix="game.GUI.java" Intrnl_Id="679">
<LocList>
<Loc EndOffset="6670" SrcFileId="3" StartOffset="6629"/>
</LocList>
</BasicStmnt>
<BasicStmnt CovItemId="S104" CovItemPrefix="game.GUI.java" Intrnl_Id="680">
<LocList>
<Loc EndOffset="6704" SrcFileId="3" StartOffset="6676"/>
</LocList>
</BasicStmnt>
<BasicStmnt CovItemId="S105" CovItemPrefix="game.GUI.java" Intrnl_Id="681">
<LocList>
<Loc EndOffset="6744" SrcFileId="3" StartOffset="6710"/>
</LocList>
</BasicStmnt>
<BasicStmnt CovItemId="S106" CovItemPrefix="game.GUI.java" Intrnl_Id="682">
<LocList>
<Loc EndOffset="6843" SrcFileId="3" StartOffset="6750"/>
</LocList>
</BasicStmnt>
<BasicStmnt CovItemId="S107" CovItemPrefix="game.GUI.java" Intrnl_Id="683">
<LocList>
<Loc EndOffset="6882" SrcFileId="3" StartOffset="6849"/>
</LocList>
</BasicStmnt>
<BasicStmnt CovItemId="S108" CovItemPrefix="game.GUI.java" Intrnl_Id="684">
<LocList>
<Loc EndOffset="6936" SrcFileId="3" StartOffset="6888"/>
</LocList>
</BasicStmnt>
<BasicStmnt CovItemId="S109" CovItemPrefix="game.GUI.java" Intrnl_Id="685">
<LocList>
<Loc EndOffset="6948" SrcFileId="3" StartOffset="6942"/>
</LocList>
</BasicStmnt>
</StmntSeq>
</Branch>
<Branch CovItemId="B9" CovItemPrefix="game.GUI.java" Implct="false" Intrnl_Id="686">
<Cond>
<Loc EndOffset="6961" SrcFileId="3" StartOffset="6953"/>
</Cond>
<LocList>
<Loc EndOffset="7400" SrcFileId="3" StartOffset="6968"/>
</LocList>
<StmntSeq Intrnl_Id="687">
<LocList>
<Loc EndOffset="7075" SrcFileId="3" StartOffset="6968"/>
<Loc EndOffset="7122" SrcFileId="3" StartOffset="7081"/>
<Loc EndOffset="7156" SrcFileId="3" StartOffset="7128"/>
<Loc EndOffset="7196" SrcFileId="3" StartOffset="7162"/>
<Loc EndOffset="7295" SrcFileId="3" StartOffset="7202"/>
<Loc EndOffset="7334" SrcFileId="3" StartOffset="7301"/>
<Loc EndOffset="7388" SrcFileId="3" StartOffset="7340"/>
<Loc EndOffset="7400" SrcFileId="3" StartOffset="7394"/>
</LocList>
<BasicStmnt CovItemId="S110" CovItemPrefix="game.GUI.java" Intrnl_Id="688">
<LocList>
<Loc EndOffset="7075" SrcFileId="3" StartOffset="6968"/>
</LocList>
</BasicStmnt>
<BasicStmnt CovItemId="S111" CovItemPrefix="game.GUI.java" Intrnl_Id="689">
<LocList>
<Loc EndOffset="7122" SrcFileId="3" StartOffset="7081"/>
</LocList>
</BasicStmnt>
<BasicStmnt CovItemId="S112" CovItemPrefix="game.GUI.java" Intrnl_Id="690">
<LocList>
<Loc EndOffset="7156" SrcFileId="3" StartOffset="7128"/>
</LocList>
</BasicStmnt>
<BasicStmnt CovItemId="S113" CovItemPrefix="game.GUI.java" Intrnl_Id="691">
<LocList>
<Loc EndOffset="7196" SrcFileId="3" StartOffset="7162"/>
</LocList>
</BasicStmnt>
<BasicStmnt CovItemId="S114" CovItemPrefix="game.GUI.java" Intrnl_Id="692">
<LocList>
<Loc EndOffset="7295" SrcFileId="3" StartOffset="7202"/>
</LocList>
</BasicStmnt>
<BasicStmnt CovItemId="S115" CovItemPrefix="game.GUI.java" Intrnl_Id="693">
<LocList>
<Loc EndOffset="7334" SrcFileId="3" StartOffset="7301"/>
</LocList>
</BasicStmnt>
<BasicStmnt CovItemId="S116" CovItemPrefix="game.GUI.java" Intrnl_Id="694">
<LocList>
<Loc EndOffset="7388" SrcFileId="3" StartOffset="7340"/>
</LocList>
</BasicStmnt>
<BasicStmnt CovItemId="S117" CovItemPrefix="game.GUI.java" Intrnl_Id="695">
<LocList>
<Loc EndOffset="7400" SrcFileId="3" StartOffset="7394"/>
</LocList>
</BasicStmnt>
</StmntSeq>
</Branch>
<Branch CovItemId="B10" CovItemPrefix="game.GUI.java" Implct="false" Intrnl_Id="696">
<Cond>
<Loc EndOffset="7413" SrcFileId="3" StartOffset="7405"/>
</Cond>
<LocList>
<Loc EndOffset="7832" SrcFileId="3" StartOffset="7420"/>
</LocList>
<StmntSeq Intrnl_Id="697">
<LocList>
<Loc EndOffset="7523" SrcFileId="3" StartOffset="7420"/>
<Loc EndOffset="7568" SrcFileId="3" StartOffset="7529"/>
<Loc EndOffset="7600" SrcFileId="3" StartOffset="7574"/>
<Loc EndOffset="7638" SrcFileId="3" StartOffset="7606"/>
<Loc EndOffset="7731" SrcFileId="3" StartOffset="7644"/>
<Loc EndOffset="7768" SrcFileId="3" StartOffset="7737"/>
<Loc EndOffset="7820" SrcFileId="3" StartOffset="7774"/>
<Loc EndOffset="7832" SrcFileId="3" StartOffset="7826"/>
</LocList>
<BasicStmnt CovItemId="S118" CovItemPrefix="game.GUI.java" Intrnl_Id="698">
<LocList>
<Loc EndOffset="7523" SrcFileId="3" StartOffset="7420"/>
</LocList>
</BasicStmnt>
<BasicStmnt CovItemId="S119" CovItemPrefix="game.GUI.java" Intrnl_Id="699">
<LocList>
<Loc EndOffset="7568" SrcFileId="3" StartOffset="7529"/>
</LocList>
</BasicStmnt>
<BasicStmnt CovItemId="S120" CovItemPrefix="game.GUI.java" Intrnl_Id="700">
<LocList>
<Loc EndOffset="7600" SrcFileId="3" StartOffset="7574"/>
</LocList>
</BasicStmnt>
<BasicStmnt CovItemId="S121" CovItemPrefix="game.GUI.java" Intrnl_Id="701">
<LocList>
<Loc EndOffset="7638" SrcFileId="3" StartOffset="7606"/>
</LocList>
</BasicStmnt>
<BasicStmnt CovItemId="S122" CovItemPrefix="game.GUI.java" Intrnl_Id="702">
<LocList>
<Loc EndOffset="7731" SrcFileId="3" StartOffset="7644"/>
</LocList>
</BasicStmnt>
<BasicStmnt CovItemId="S123" CovItemPrefix="game.GUI.java" Intrnl_Id="703">
<LocList>
<Loc EndOffset="7768" SrcFileId="3" StartOffset="7737"/>
</LocList>
</BasicStmnt>
<BasicStmnt CovItemId="S124" CovItemPrefix="game.GUI.java" Intrnl_Id="704">
<LocList>
<Loc EndOffset="7820" SrcFileId="3" StartOffset="7774"/>
</LocList>
</BasicStmnt>
<BasicStmnt CovItemId="S125" CovItemPrefix="game.GUI.java" Intrnl_Id="705">
<LocList>
<Loc EndOffset="7832" SrcFileId="3" StartOffset="7826"/>
</LocList>
</BasicStmnt>
</StmntSeq>
</Branch>
<Branch CovItemId="B11" CovItemPrefix="game.GUI.java" Implct="false" Intrnl_Id="706">
<Cond>
<Loc EndOffset="7845" SrcFileId="3" StartOffset="7837"/>
</Cond>
<LocList>
<Loc EndOffset="8264" SrcFileId="3" StartOffset="7852"/>
</LocList>
<StmntSeq Intrnl_Id="707">
<LocList>
<Loc EndOffset="7955" SrcFileId="3" StartOffset="7852"/>
<Loc EndOffset="8000" SrcFileId="3" StartOffset="7961"/>
<Loc EndOffset="8032" SrcFileId="3" StartOffset="8006"/>
<Loc EndOffset="8070" SrcFileId="3" StartOffset="8038"/>
<Loc EndOffset="8163" SrcFileId="3" StartOffset="8076"/>
<Loc EndOffset="8200" SrcFileId="3" StartOffset="8169"/>
<Loc EndOffset="8252" SrcFileId="3" StartOffset="8206"/>
<Loc EndOffset="8264" SrcFileId="3" StartOffset="8258"/>
</LocList>
<BasicStmnt CovItemId="S126" CovItemPrefix="game.GUI.java" Intrnl_Id="708">
<LocList>
<Loc EndOffset="7955" SrcFileId="3" StartOffset="7852"/>
</LocList>
</BasicStmnt>
<BasicStmnt CovItemId="S127" CovItemPrefix="game.GUI.java" Intrnl_Id="709">
<LocList>
<Loc EndOffset="8000" SrcFileId="3" StartOffset="7961"/>
</LocList>
</BasicStmnt>
<BasicStmnt CovItemId="S128" CovItemPrefix="game.GUI.java" Intrnl_Id="710">
<LocList>
<Loc EndOffset="8032" SrcFileId="3" StartOffset="8006"/>
</LocList>
</BasicStmnt>
<BasicStmnt CovItemId="S129" CovItemPrefix="game.GUI.java" Intrnl_Id="711">
<LocList>
<Loc EndOffset="8070" SrcFileId="3" StartOffset="8038"/>
</LocList>
</BasicStmnt>
<BasicStmnt CovItemId="S130" CovItemPrefix="game.GUI.java" Intrnl_Id="712">
<LocList>
<Loc EndOffset="8163" SrcFileId="3" StartOffset="8076"/>
</LocList>
</BasicStmnt>
<BasicStmnt CovItemId="S131" CovItemPrefix="game.GUI.java" Intrnl_Id="713">
<LocList>
<Loc EndOffset="8200" SrcFileId="3" StartOffset="8169"/>
</LocList>
</BasicStmnt>
<BasicStmnt CovItemId="S132" CovItemPrefix="game.GUI.java" Intrnl_Id="714">
<LocList>
<Loc EndOffset="8252" SrcFileId="3" StartOffset="8206"/>
</LocList>
</BasicStmnt>
<BasicStmnt CovItemId="S133" CovItemPrefix="game.GUI.java" Intrnl_Id="715">
<LocList>
<Loc EndOffset="8264" SrcFileId="3" StartOffset="8258"/>
</LocList>
</BasicStmnt>
</StmntSeq>
</Branch>
<Branch CovItemId="B12" CovItemPrefix="game.GUI.java" Implct="false" Intrnl_Id="716">
<Cond>
<Loc EndOffset="8277" SrcFileId="3" StartOffset="8269"/>
</Cond>
<LocList>
<Loc EndOffset="8726" SrcFileId="3" StartOffset="8284"/>
</LocList>
<StmntSeq Intrnl_Id="717">
<LocList>
<Loc EndOffset="8393" SrcFileId="3" StartOffset="8284"/>
<Loc EndOffset="8441" SrcFileId="3" StartOffset="8399"/>
<Loc EndOffset="8476" SrcFileId="3" StartOffset="8447"/>
<Loc EndOffset="8517" SrcFileId="3" StartOffset="8482"/>
<Loc EndOffset="8619" SrcFileId="3" StartOffset="8523"/>
<Loc EndOffset="8659" SrcFileId="3" StartOffset="8625"/>
<Loc EndOffset="8714" SrcFileId="3" StartOffset="8665"/>
<Loc EndOffset="8726" SrcFileId="3" StartOffset="8720"/>
</LocList>
<BasicStmnt CovItemId="S134" CovItemPrefix="game.GUI.java" Intrnl_Id="718">
<LocList>
<Loc EndOffset="8393" SrcFileId="3" StartOffset="8284"/>
</LocList>
</BasicStmnt>
<BasicStmnt CovItemId="S135" CovItemPrefix="game.GUI.java" Intrnl_Id="719">
<LocList>
<Loc EndOffset="8441" SrcFileId="3" StartOffset="8399"/>
</LocList>
</BasicStmnt>
<BasicStmnt CovItemId="S136" CovItemPrefix="game.GUI.java" Intrnl_Id="720">
<LocList>
<Loc EndOffset="8476" SrcFileId="3" StartOffset="8447"/>
</LocList>
</BasicStmnt>
<BasicStmnt CovItemId="S137" CovItemPrefix="game.GUI.java" Intrnl_Id="721">
<LocList>
<Loc EndOffset="8517" SrcFileId="3" StartOffset="8482"/>
</LocList>
</BasicStmnt>
<BasicStmnt CovItemId="S138" CovItemPrefix="game.GUI.java" Intrnl_Id="722">
<LocList>
<Loc EndOffset="8619" SrcFileId="3" StartOffset="8523"/>
</LocList>
</BasicStmnt>
<BasicStmnt CovItemId="S139" CovItemPrefix="game.GUI.java" Intrnl_Id="723">
<LocList>
<Loc EndOffset="8659" SrcFileId="3" StartOffset="8625"/>
</LocList>
</BasicStmnt>
<BasicStmnt CovItemId="S140" CovItemPrefix="game.GUI.java" Intrnl_Id="724">
<LocList>
<Loc EndOffset="8714" SrcFileId="3" StartOffset="8665"/>
</LocList>
</BasicStmnt>
<BasicStmnt CovItemId="S141" CovItemPrefix="game.GUI.java" Intrnl_Id="725">
<LocList>
<Loc EndOffset="8726" SrcFileId="3" StartOffset="8720"/>
</LocList>
</BasicStmnt>
</StmntSeq>
</Branch>
<Branch CovItemId="B13" CovItemPrefix="game.GUI.java" Implct="false" Intrnl_Id="726">
<Cond>
<Loc EndOffset="8738" SrcFileId="3" StartOffset="8731"/>
</Cond>
<LocList/>
<StmntSeq Intrnl_Id="727">
<LocList/>
</StmntSeq>
</Branch>
<Keyword EndOffset="3260" SrcFileId="3" StartOffset="3254"/>
<LocList>
<Loc EndOffset="8745" SrcFileId="3" StartOffset="3254"/>
</LocList>
</CondStmnt>
</StmntSeq>
<Keyword EndOffset="3170" SrcFileId="3" StartOffset="3167"/>
<LocList>
<Loc EndOffset="8750" SrcFileId="3" StartOffset="3167"/>
</LocList>
<RootTerm CovItemId="C2" CovItemPrefix="game.GUI.java" Intrnl_Id="728">
<BasicBoolTerm Intrnl_Id="729">
<LocList>
<Loc EndOffset="3198" SrcFileId="3" StartOffset="3188"/>
</LocList>
</BasicBoolTerm>
</RootTerm>
</LoopStmnt>
</StmntSeq>
<Keyword EndOffset="3131" SrcFileId="3" StartOffset="3128"/>
<LocList>
<Loc EndOffset="8754" SrcFileId="3" StartOffset="3128"/>
</LocList>
<RootTerm CovItemId="C1" CovItemPrefix="game.GUI.java" Intrnl_Id="730">
<BasicBoolTerm Intrnl_Id="731">
<LocList>
<Loc EndOffset="3153" SrcFileId="3" StartOffset="3146"/>
</LocList>
</BasicBoolTerm>
</RootTerm>
</LoopStmnt>
</StmntSeq>
</HierarchyLvl>
<HierarchyLvl HierarchyLvlId="243" HierarchyLvlTypeId="10" Intrnl_Id="732" Name="movePieceIcon">
<Header>
<Loc EndOffset="8974" SrcFileId="3" StartOffset="8915"/>
</Header>
<LocList>
<Loc EndOffset="10826" SrcFileId="3" StartOffset="8915"/>
</LocList>
<StmntSeq Intrnl_Id="733">
<LocList>
<Loc EndOffset="10823" SrcFileId="3" StartOffset="8978"/>
</LocList>
<CondStmnt CovItemId="S142" CovItemPrefix="game.GUI.java" Intrnl_Id="734">
<Branch CovItemId="B14" CovItemPrefix="game.GUI.java" Implct="false" Intrnl_Id="735">
<Cond>
<Loc EndOffset="8999" SrcFileId="3" StartOffset="8993"/>
</Cond>
<LocList>
<Loc EndOffset="9436" SrcFileId="3" StartOffset="9019"/>
</LocList>
<StmntSeq Intrnl_Id="736">
<LocList>
<Loc EndOffset="9419" SrcFileId="3" StartOffset="9019"/>
<Loc EndOffset="9436" SrcFileId="3" StartOffset="9423"/>
</LocList>
<CondStmnt CovItemId="S143" CovItemPrefix="game.GUI.java" Intrnl_Id="737">
<Branch CovItemId="B15" CovItemPrefix="game.GUI.java" Implct="false" Intrnl_Id="738">
<Cond/>
<LocList>
<Loc EndOffset="9419" SrcFileId="3" StartOffset="9075"/>
</LocList>
<StmntSeq Intrnl_Id="739">
<LocList>
<Loc EndOffset="9121" SrcFileId="3" StartOffset="9081"/>
<Loc EndOffset="9167" SrcFileId="3" StartOffset="9126"/>
<Loc EndOffset="9217" SrcFileId="3" StartOffset="9172"/>
<Loc EndOffset="9348" SrcFileId="3" StartOffset="9222"/>
<Loc EndOffset="9397" SrcFileId="3" StartOffset="9353"/>
<Loc EndOffset="9414" SrcFileId="3" StartOffset="9402"/>
</LocList>
<BasicStmnt CovItemId="S144" CovItemPrefix="game.GUI.java" Intrnl_Id="740">
<LocList>
<Loc EndOffset="9121" SrcFileId="3" StartOffset="9081"/>
</LocList>
</BasicStmnt>
<BasicStmnt CovItemId="S145" CovItemPrefix="game.GUI.java" Intrnl_Id="741">
<LocList>
<Loc EndOffset="9167" SrcFileId="3" StartOffset="9126"/>
</LocList>
</BasicStmnt>
<BasicStmnt CovItemId="S146" CovItemPrefix="game.GUI.java" Intrnl_Id="742">
<LocList>
<Loc EndOffset="9217" SrcFileId="3" StartOffset="9172"/>
</LocList>
</BasicStmnt>
<BasicStmnt CovItemId="S147" CovItemPrefix="game.GUI.java" Intrnl_Id="743">
<LocList>
<Loc EndOffset="9348" SrcFileId="3" StartOffset="9222"/>
</LocList>
</BasicStmnt>
<BasicStmnt CovItemId="S148" CovItemPrefix="game.GUI.java" Intrnl_Id="744">
<LocList>
<Loc EndOffset="9397" SrcFileId="3" StartOffset="9353"/>
</LocList>
</BasicStmnt>
<BasicStmnt CovItemId="S149" CovItemPrefix="game.GUI.java" Intrnl_Id="745">
<LocList>
<Loc EndOffset="9414" SrcFileId="3" StartOffset="9402"/>
</LocList>
</BasicStmnt>
</StmntSeq>
</Branch>
<Branch CovItemId="B16" CovItemPrefix="game.GUI.java" Implct="true" Intrnl_Id="746">
<Cond/>
<LocList/>
<StmntSeq Intrnl_Id="747">
<LocList/>
</StmntSeq>
</Branch>
<Keyword EndOffset="9021" SrcFileId="3" StartOffset="9019"/>
<LocList>
<Loc EndOffset="9419" SrcFileId="3" StartOffset="9019"/>
</LocList>
<RootTerm CovItemId="C3" CovItemPrefix="game.GUI.java" Intrnl_Id="748">
<OpTerm BooleanOpId="5" Intrnl_Id="749">
<BasicBoolTerm Intrnl_Id="750">
<LocList>
<Loc EndOffset="9035" SrcFileId="3" StartOffset="9023"/>
</LocList>
</BasicBoolTerm>
<BasicBoolTerm Intrnl_Id="751">
<LocList>
<Loc EndOffset="9073" SrcFileId="3" StartOffset="9039"/>
</LocList>
</BasicBoolTerm>
<LocList>
<Loc EndOffset="9038" SrcFileId="3" StartOffset="9036"/>
</LocList>
</OpTerm>
</RootTerm>
</CondStmnt>
<BasicStmnt CovItemId="S150" CovItemPrefix="game.GUI.java" Intrnl_Id="752">
<LocList>
<Loc EndOffset="9436" SrcFileId="3" StartOffset="9423"/>
</LocList>
</BasicStmnt>
</StmntSeq>
</Branch>
<Branch CovItemId="B17" CovItemPrefix="game.GUI.java" Implct="false" Intrnl_Id="753">
<Cond>
<Loc EndOffset="9445" SrcFileId="3" StartOffset="9439"/>
</Cond>
<LocList>
<Loc EndOffset="9888" SrcFileId="3" StartOffset="9468"/>
</LocList>
<StmntSeq Intrnl_Id="754">
<LocList>
<Loc EndOffset="9871" SrcFileId="3" StartOffset="9468"/>
<Loc EndOffset="9888" SrcFileId="3" StartOffset="9875"/>
</LocList>
<CondStmnt CovItemId="S151" CovItemPrefix="game.GUI.java" Intrnl_Id="755">
<Branch CovItemId="B18" CovItemPrefix="game.GUI.java" Implct="false" Intrnl_Id="756">
<Cond/>
<LocList>
<Loc EndOffset="9871" SrcFileId="3" StartOffset="9527"/>
</LocList>
<StmntSeq Intrnl_Id="757">
<LocList>
<Loc EndOffset="9573" SrcFileId="3" StartOffset="9533"/>
<Loc EndOffset="9617" SrcFileId="3" StartOffset="9578"/>
<Loc EndOffset="9669" SrcFileId="3" StartOffset="9622"/>
<Loc EndOffset="9800" SrcFileId="3" StartOffset="9674"/>
<Loc EndOffset="9849" SrcFileId="3" StartOffset="9805"/>
<Loc EndOffset="9866" SrcFileId="3" StartOffset="9854"/>
</LocList>
<BasicStmnt CovItemId="S152" CovItemPrefix="game.GUI.java" Intrnl_Id="758">
<LocList>
<Loc EndOffset="9573" SrcFileId="3" StartOffset="9533"/>
</LocList>
</BasicStmnt>
<BasicStmnt CovItemId="S153" CovItemPrefix="game.GUI.java" Intrnl_Id="759">
<LocList>
<Loc EndOffset="9617" SrcFileId="3" StartOffset="9578"/>
</LocList>
</BasicStmnt>
<BasicStmnt CovItemId="S154" CovItemPrefix="game.GUI.java" Intrnl_Id="760">
<LocList>
<Loc EndOffset="9669" SrcFileId="3" StartOffset="9622"/>
</LocList>
</BasicStmnt>
<BasicStmnt CovItemId="S155" CovItemPrefix="game.GUI.java" Intrnl_Id="761">
<LocList>
<Loc EndOffset="9800" SrcFileId="3" StartOffset="9674"/>
</LocList>
</BasicStmnt>
<BasicStmnt CovItemId="S156" CovItemPrefix="game.GUI.java" Intrnl_Id="762">
<LocList>
<Loc EndOffset="9849" SrcFileId="3" StartOffset="9805"/>
</LocList>
</BasicStmnt>
<BasicStmnt CovItemId="S157" CovItemPrefix="game.GUI.java" Intrnl_Id="763">
<LocList>
<Loc EndOffset="9866" SrcFileId="3" StartOffset="9854"/>
</LocList>
</BasicStmnt>
</StmntSeq>
</Branch>
<Branch CovItemId="B19" CovItemPrefix="game.GUI.java" Implct="true" Intrnl_Id="764">
<Cond/>
<LocList/>
<StmntSeq Intrnl_Id="765">
<LocList/>
</StmntSeq>
</Branch>
<Keyword EndOffset="9470" SrcFileId="3" StartOffset="9468"/>
<LocList>
<Loc EndOffset="9871" SrcFileId="3" StartOffset="9468"/>
</LocList>
<RootTerm CovItemId="C4" CovItemPrefix="game.GUI.java" Intrnl_Id="766">
<OpTerm BooleanOpId="5" Intrnl_Id="767">
<BasicBoolTerm Intrnl_Id="768">
<LocList>
<Loc EndOffset="9487" SrcFileId="3" StartOffset="9472"/>
</LocList>
</BasicBoolTerm>
<BasicBoolTerm Intrnl_Id="769">
<LocList>
<Loc EndOffset="9525" SrcFileId="3" StartOffset="9491"/>
</LocList>
</BasicBoolTerm>
<LocList>
<Loc EndOffset="9490" SrcFileId="3" StartOffset="9488"/>
</LocList>
</OpTerm>
</RootTerm>
</CondStmnt>
<BasicStmnt CovItemId="S158" CovItemPrefix="game.GUI.java" Intrnl_Id="770">
<LocList>
<Loc EndOffset="9888" SrcFileId="3" StartOffset="9875"/>
</LocList>
</BasicStmnt>
</StmntSeq>
</Branch>
<Branch CovItemId="B20" CovItemPrefix="game.GUI.java" Implct="false" Intrnl_Id="771">
<Cond>
<Loc EndOffset="9897" SrcFileId="3" StartOffset="9891"/>
</Cond>
<LocList>
<Loc EndOffset="10338" SrcFileId="3" StartOffset="9919"/>
</LocList>
<StmntSeq Intrnl_Id="772">
<LocList>
<Loc EndOffset="10321" SrcFileId="3" StartOffset="9919"/>
<Loc EndOffset="10338" SrcFileId="3" StartOffset="10325"/>
</LocList>
<CondStmnt CovItemId="S159" CovItemPrefix="game.GUI.java" Intrnl_Id="773">
<Branch CovItemId="B21" CovItemPrefix="game.GUI.java" Implct="false" Intrnl_Id="774">
<Cond/>
<LocList>
<Loc EndOffset="10321" SrcFileId="3" StartOffset="9975"/>
</LocList>
<StmntSeq Intrnl_Id="775">
<LocList>
<Loc EndOffset="10023" SrcFileId="3" StartOffset="9981"/>
<Loc EndOffset="10069" SrcFileId="3" StartOffset="10028"/>
<Loc EndOffset="10119" SrcFileId="3" StartOffset="10074"/>
<Loc EndOffset="10250" SrcFileId="3" StartOffset="10124"/>
<Loc EndOffset="10299" SrcFileId="3" StartOffset="10255"/>
<Loc EndOffset="10316" SrcFileId="3" StartOffset="10304"/>
</LocList>
<BasicStmnt CovItemId="S160" CovItemPrefix="game.GUI.java" Intrnl_Id="776">
<LocList>
<Loc EndOffset="10023" SrcFileId="3" StartOffset="9981"/>
</LocList>
</BasicStmnt>
<BasicStmnt CovItemId="S161" CovItemPrefix="game.GUI.java" Intrnl_Id="777">
<LocList>
<Loc EndOffset="10069" SrcFileId="3" StartOffset="10028"/>
</LocList>
</BasicStmnt>
<BasicStmnt CovItemId="S162" CovItemPrefix="game.GUI.java" Intrnl_Id="778">
<LocList>
<Loc EndOffset="10119" SrcFileId="3" StartOffset="10074"/>
</LocList>
</BasicStmnt>
<BasicStmnt CovItemId="S163" CovItemPrefix="game.GUI.java" Intrnl_Id="779">
<LocList>
<Loc EndOffset="10250" SrcFileId="3" StartOffset="10124"/>
</LocList>
</BasicStmnt>
<BasicStmnt CovItemId="S164" CovItemPrefix="game.GUI.java" Intrnl_Id="780">
<LocList>
<Loc EndOffset="10299" SrcFileId="3" StartOffset="10255"/>
</LocList>
</BasicStmnt>
<BasicStmnt CovItemId="S165" CovItemPrefix="game.GUI.java" Intrnl_Id="781">
<LocList>
<Loc EndOffset="10316" SrcFileId="3" StartOffset="10304"/>
</LocList>
</BasicStmnt>
</StmntSeq>
</Branch>
<Branch CovItemId="B22" CovItemPrefix="game.GUI.java" Implct="true" Intrnl_Id="782">
<Cond/>
<LocList/>
<StmntSeq Intrnl_Id="783">
<LocList/>
</StmntSeq>
</Branch>
<Keyword EndOffset="9921" SrcFileId="3" StartOffset="9919"/>
<LocList>
<Loc EndOffset="10321" SrcFileId="3" StartOffset="9919"/>
</LocList>
<RootTerm CovItemId="C5" CovItemPrefix="game.GUI.java" Intrnl_Id="784">
<OpTerm BooleanOpId="5" Intrnl_Id="785">
<BasicBoolTerm Intrnl_Id="786">
<LocList>
<Loc EndOffset="9935" SrcFileId="3" StartOffset="9923"/>
</LocList>
</BasicBoolTerm>
<BasicBoolTerm Intrnl_Id="787">
<LocList>
<Loc EndOffset="9973" SrcFileId="3" StartOffset="9939"/>
</LocList>
</BasicBoolTerm>
<LocList>
<Loc EndOffset="9938" SrcFileId="3" StartOffset="9936"/>
</LocList>
</OpTerm>
</RootTerm>
</CondStmnt>
<BasicStmnt CovItemId="S166" CovItemPrefix="game.GUI.java" Intrnl_Id="788">
<LocList>
<Loc EndOffset="10338" SrcFileId="3" StartOffset="10325"/>
</LocList>
</BasicStmnt>
</StmntSeq>
</Branch>
<Branch CovItemId="B23" CovItemPrefix="game.GUI.java" Implct="false" Intrnl_Id="789">
<Cond>
<Loc EndOffset="10347" SrcFileId="3" StartOffset="10341"/>
</Cond>
<LocList>
<Loc EndOffset="10791" SrcFileId="3" StartOffset="10369"/>
</LocList>
<StmntSeq Intrnl_Id="790">
<LocList>
<Loc EndOffset="10774" SrcFileId="3" StartOffset="10369"/>
<Loc EndOffset="10791" SrcFileId="3" StartOffset="10778"/>
</LocList>
<CondStmnt CovItemId="S167" CovItemPrefix="game.GUI.java" Intrnl_Id="791">
<Branch CovItemId="B24" CovItemPrefix="game.GUI.java" Implct="false" Intrnl_Id="792">
<Cond/>
<LocList>
<Loc EndOffset="10774" SrcFileId="3" StartOffset="10428"/>
</LocList>
<StmntSeq Intrnl_Id="793">
<LocList>
<Loc EndOffset="10476" SrcFileId="3" StartOffset="10434"/>
<Loc EndOffset="10520" SrcFileId="3" StartOffset="10481"/>
<Loc EndOffset="10572" SrcFileId="3" StartOffset="10525"/>
<Loc EndOffset="10703" SrcFileId="3" StartOffset="10577"/>
<Loc EndOffset="10752" SrcFileId="3" StartOffset="10708"/>
<Loc EndOffset="10769" SrcFileId="3" StartOffset="10757"/>
</LocList>
<BasicStmnt CovItemId="S168" CovItemPrefix="game.GUI.java" Intrnl_Id="794">
<LocList>
<Loc EndOffset="10476" SrcFileId="3" StartOffset="10434"/>
</LocList>
</BasicStmnt>
<BasicStmnt CovItemId="S169" CovItemPrefix="game.GUI.java" Intrnl_Id="795">
<LocList>
<Loc EndOffset="10520" SrcFileId="3" StartOffset="10481"/>
</LocList>
</BasicStmnt>
<BasicStmnt CovItemId="S170" CovItemPrefix="game.GUI.java" Intrnl_Id="796">
<LocList>
<Loc EndOffset="10572" SrcFileId="3" StartOffset="10525"/>
</LocList>
</BasicStmnt>
<BasicStmnt CovItemId="S171" CovItemPrefix="game.GUI.java" Intrnl_Id="797">
<LocList>
<Loc EndOffset="10703" SrcFileId="3" StartOffset="10577"/>
</LocList>
</BasicStmnt>
<BasicStmnt CovItemId="S172" CovItemPrefix="game.GUI.java" Intrnl_Id="798">
<LocList>
<Loc EndOffset="10752" SrcFileId="3" StartOffset="10708"/>
</LocList>
</BasicStmnt>
<BasicStmnt CovItemId="S173" CovItemPrefix="game.GUI.java" Intrnl_Id="799">
<LocList>
<Loc EndOffset="10769" SrcFileId="3" StartOffset="10757"/>
</LocList>
</BasicStmnt>
</StmntSeq>
</Branch>
<Branch CovItemId="B25" CovItemPrefix="game.GUI.java" Implct="true" Intrnl_Id="800">
<Cond/>
<LocList/>
<StmntSeq Intrnl_Id="801">
<LocList/>
</StmntSeq>
</Branch>
<Keyword EndOffset="10371" SrcFileId="3" StartOffset="10369"/>
<LocList>
<Loc EndOffset="10774" SrcFileId="3" StartOffset="10369"/>
</LocList>
<RootTerm CovItemId="C6" CovItemPrefix="game.GUI.java" Intrnl_Id="802">
<OpTerm BooleanOpId="5" Intrnl_Id="803">
<BasicBoolTerm Intrnl_Id="804">
<LocList>
<Loc EndOffset="10388" SrcFileId="3" StartOffset="10373"/>
</LocList>
</BasicBoolTerm>
<BasicBoolTerm Intrnl_Id="805">
<LocList>
<Loc EndOffset="10426" SrcFileId="3" StartOffset="10392"/>
</LocList>
</BasicBoolTerm>
<LocList>
<Loc EndOffset="10391" SrcFileId="3" StartOffset="10389"/>
</LocList>
</OpTerm>
</RootTerm>
</CondStmnt>
<BasicStmnt CovItemId="S174" CovItemPrefix="game.GUI.java" Intrnl_Id="806">
<LocList>
<Loc EndOffset="10791" SrcFileId="3" StartOffset="10778"/>
</LocList>
</BasicStmnt>
</StmntSeq>
</Branch>
<Branch CovItemId="B26" CovItemPrefix="game.GUI.java" Implct="false" Intrnl_Id="807">
<Cond>
<Loc EndOffset="10801" SrcFileId="3" StartOffset="10794"/>
</Cond>
<LocList>
<Loc EndOffset="10819" SrcFileId="3" StartOffset="10806"/>
</LocList>
<StmntSeq Intrnl_Id="808">
<LocList>
<Loc EndOffset="10819" SrcFileId="3" StartOffset="10806"/>
</LocList>
<BasicStmnt CovItemId="S175" CovItemPrefix="game.GUI.java" Intrnl_Id="809">
<LocList>
<Loc EndOffset="10819" SrcFileId="3" StartOffset="10806"/>
</LocList>
</BasicStmnt>
</StmntSeq>
</Branch>
<Keyword EndOffset="8984" SrcFileId="3" StartOffset="8978"/>
<LocList>
<Loc EndOffset="10823" SrcFileId="3" StartOffset="8978"/>
</LocList>
</CondStmnt>
</StmntSeq>
</HierarchyLvl>
<HierarchyLvl HierarchyLvlId="244" HierarchyLvlTypeId="10" Intrnl_Id="810" Name="switchPiece">
<Header>
<Loc EndOffset="10981" SrcFileId="3" StartOffset="10911"/>
</Header>
<LocList>
<Loc EndOffset="11199" SrcFileId="3" StartOffset="10911"/>
</LocList>
<StmntSeq Intrnl_Id="811">
<LocList>
<Loc EndOffset="11026" SrcFileId="3" StartOffset="10986"/>
<Loc EndOffset="11073" SrcFileId="3" StartOffset="11029"/>
<Loc EndOffset="11131" SrcFileId="3" StartOffset="11077"/>
<Loc EndOffset="11167" SrcFileId="3" StartOffset="11134"/>
<Loc EndOffset="11196" SrcFileId="3" StartOffset="11171"/>
</LocList>
<BasicStmnt CovItemId="S176" CovItemPrefix="game.GUI.java" Intrnl_Id="812">
<LocList>
<Loc EndOffset="11026" SrcFileId="3" StartOffset="10986"/>
</LocList>
</BasicStmnt>
<BasicStmnt CovItemId="S177" CovItemPrefix="game.GUI.java" Intrnl_Id="813">
<LocList>
<Loc EndOffset="11073" SrcFileId="3" StartOffset="11029"/>
</LocList>
</BasicStmnt>
<BasicStmnt CovItemId="S178" CovItemPrefix="game.GUI.java" Intrnl_Id="814">
<LocList>
<Loc EndOffset="11131" SrcFileId="3" StartOffset="11077"/>
</LocList>
</BasicStmnt>
<BasicStmnt CovItemId="S179" CovItemPrefix="game.GUI.java" Intrnl_Id="815">
<LocList>
<Loc EndOffset="11167" SrcFileId="3" StartOffset="11134"/>
</LocList>
</BasicStmnt>
<BasicStmnt CovItemId="S180" CovItemPrefix="game.GUI.java" Intrnl_Id="816">
<LocList>
<Loc EndOffset="11196" SrcFileId="3" StartOffset="11171"/>
</LocList>
</BasicStmnt>
</StmntSeq>
</HierarchyLvl>
<HierarchyLvl HierarchyLvlId="246" HierarchyLvlTypeId="11" Intrnl_Id="817" Name="newGameListener">
<Header>
<Loc EndOffset="11249" SrcFileId="3" StartOffset="11202"/>
</Header>
<LocList>
<Loc EndOffset="16363" SrcFileId="3" StartOffset="11202"/>
</LocList>
<HierarchyLvl HierarchyLvlId="245" HierarchyLvlTypeId="10" Intrnl_Id="818" Name="actionPerformed">
<Header>
<Loc EndOffset="11309" SrcFileId="3" StartOffset="11255"/>
</Header>
<LocList>
<Loc EndOffset="16360" SrcFileId="3" StartOffset="11255"/>
</LocList>
<StmntSeq Intrnl_Id="819">
<LocList>
<Loc EndOffset="11351" SrcFileId="3" StartOffset="11315"/>
<Loc EndOffset="11387" SrcFileId="3" StartOffset="11355"/>
<Loc EndOffset="11434" SrcFileId="3" StartOffset="11391"/>
<Loc EndOffset="11516" SrcFileId="3" StartOffset="11438"/>
<Loc EndOffset="11551" SrcFileId="3" StartOffset="11520"/>
<Loc EndOffset="11660" SrcFileId="3" StartOffset="11556"/>
<Loc EndOffset="11706" SrcFileId="3" StartOffset="11664"/>
<Loc EndOffset="11731" SrcFileId="3" StartOffset="11710"/>
<Loc EndOffset="11758" SrcFileId="3" StartOffset="11735"/>
<Loc EndOffset="11845" SrcFileId="3" StartOffset="11811"/>
<Loc EndOffset="11961" SrcFileId="3" StartOffset="11904"/>
<Loc EndOffset="12004" SrcFileId="3" StartOffset="11965"/>
<Loc EndOffset="12048" SrcFileId="3" StartOffset="12008"/>
<Loc EndOffset="12111" SrcFileId="3" StartOffset="12052"/>
<Loc EndOffset="12144" SrcFileId="3" StartOffset="12115"/>
<Loc EndOffset="12171" SrcFileId="3" StartOffset="12148"/>
<Loc EndOffset="12310" SrcFileId="3" StartOffset="12175"/>
<Loc EndOffset="12343" SrcFileId="3" StartOffset="12314"/>
<Loc EndOffset="12390" SrcFileId="3" StartOffset="12348"/>
<Loc EndOffset="12423" SrcFileId="3" StartOffset="12394"/>
<Loc EndOffset="12468" SrcFileId="3" StartOffset="12427"/>
<Loc EndOffset="12532" SrcFileId="3" StartOffset="12472"/>
<Loc EndOffset="12559" SrcFileId="3" StartOffset="12536"/>
<Loc EndOffset="12667" SrcFileId="3" StartOffset="12563"/>
<Loc EndOffset="12700" SrcFileId="3" StartOffset="12671"/>
<Loc EndOffset="12787" SrcFileId="3" StartOffset="12753"/>
<Loc EndOffset="12849" SrcFileId="3" StartOffset="12791"/>
<Loc EndOffset="12892" SrcFileId="3" StartOffset="12853"/>
<Loc EndOffset="12936" SrcFileId="3" StartOffset="12896"/>
<Loc EndOffset="12999" SrcFileId="3" StartOffset="12940"/>
<Loc EndOffset="13032" SrcFileId="3" StartOffset="13003"/>
<Loc EndOffset="13059" SrcFileId="3" StartOffset="13036"/>
<Loc EndOffset="13194" SrcFileId="3" StartOffset="13063"/>
<Loc EndOffset="13227" SrcFileId="3" StartOffset="13198"/>
<Loc EndOffset="13274" SrcFileId="3" StartOffset="13232"/>
<Loc EndOffset="13307" SrcFileId="3" StartOffset="13278"/>
<Loc EndOffset="13352" SrcFileId="3" StartOffset="13311"/>
<Loc EndOffset="13416" SrcFileId="3" StartOffset="13356"/>
<Loc EndOffset="13443" SrcFileId="3" StartOffset="13420"/>
<Loc EndOffset="13547" SrcFileId="3" StartOffset="13447"/>
<Loc EndOffset="13580" SrcFileId="3" StartOffset="13551"/>
<Loc EndOffset="13667" SrcFileId="3" StartOffset="13630"/>
<Loc EndOffset="13729" SrcFileId="3" StartOffset="13671"/>
<Loc EndOffset="13775" SrcFileId="3" StartOffset="13733"/>
<Loc EndOffset="13825" SrcFileId="3" StartOffset="13779"/>
<Loc EndOffset="13894" SrcFileId="3" StartOffset="13829"/>
<Loc EndOffset="13930" SrcFileId="3" StartOffset="13898"/>
<Loc EndOffset="13960" SrcFileId="3" StartOffset="13934"/>
<Loc EndOffset="14075" SrcFileId="3" StartOffset="13964"/>
<Loc EndOffset="14111" SrcFileId="3" StartOffset="14079"/>
<Loc EndOffset="14216" SrcFileId="3" StartOffset="14116"/>
<Loc EndOffset="14304" SrcFileId="3" StartOffset="14220"/>
<Loc EndOffset="14344" SrcFileId="3" StartOffset="14308"/>
<Loc EndOffset="14383" SrcFileId="3" StartOffset="14348"/>
<Loc EndOffset="14416" SrcFileId="3" StartOffset="14387"/>
<Loc EndOffset="14500" SrcFileId="3" StartOffset="14420"/>
<Loc EndOffset="14539" SrcFileId="3" StartOffset="14504"/>
<Loc EndOffset="14625" SrcFileId="3" StartOffset="14589"/>
<Loc EndOffset="14690" SrcFileId="3" StartOffset="14629"/>
<Loc EndOffset="14735" SrcFileId="3" StartOffset="14694"/>
<Loc EndOffset="14783" SrcFileId="3" StartOffset="14739"/>
<Loc EndOffset="14850" SrcFileId="3" StartOffset="14787"/>
<Loc EndOffset="14885" SrcFileId="3" StartOffset="14854"/>
<Loc EndOffset="14914" SrcFileId="3" StartOffset="14889"/>
<Loc EndOffset="15055" SrcFileId="3" StartOffset="14918"/>
<Loc EndOffset="15090" SrcFileId="3" StartOffset="15059"/>
<Loc EndOffset="15194" SrcFileId="3" StartOffset="15095"/>
<Loc EndOffset="15280" SrcFileId="3" StartOffset="15198"/>
<Loc EndOffset="15319" SrcFileId="3" StartOffset="15284"/>
<Loc EndOffset="15357" SrcFileId="3" StartOffset="15323"/>
<Loc EndOffset="15389" SrcFileId="3" StartOffset="15361"/>
<Loc EndOffset="15503" SrcFileId="3" StartOffset="15393"/>
<Loc EndOffset="15541" SrcFileId="3" StartOffset="15507"/>
<Loc EndOffset="15617" SrcFileId="3" StartOffset="15577"/>
<Loc EndOffset="15654" SrcFileId="3" StartOffset="15621"/>
<Loc EndOffset="15696" SrcFileId="3" StartOffset="15658"/>
<Loc EndOffset="15852" SrcFileId="3" StartOffset="15700"/>
<Loc EndOffset="15883" SrcFileId="3" StartOffset="15856"/>
<Loc EndOffset="15946" SrcFileId="3" StartOffset="15887"/>
<Loc EndOffset="15983" SrcFileId="3" StartOffset="15950"/>
<Loc EndOffset="16052" SrcFileId="3" StartOffset="16015"/>
<Loc EndOffset="16086" SrcFileId="3" StartOffset="16056"/>
<Loc EndOffset="16121" SrcFileId="3" StartOffset="16090"/>
<Loc EndOffset="16237" SrcFileId="3" StartOffset="16125"/>
<Loc EndOffset="16265" SrcFileId="3" StartOffset="16241"/>
<Loc EndOffset="16322" SrcFileId="3" StartOffset="16269"/>
<Loc EndOffset="16356" SrcFileId="3" StartOffset="16326"/>
</LocList>
<BasicStmnt CovItemId="S181" CovItemPrefix="game.GUI.java" Intrnl_Id="820">
<LocList>
<Loc EndOffset="11351" SrcFileId="3" StartOffset="11315"/>
</LocList>
</BasicStmnt>
<BasicStmnt CovItemId="S182" CovItemPrefix="game.GUI.java" Intrnl_Id="821">
<LocList>
<Loc EndOffset="11387" SrcFileId="3" StartOffset="11355"/>
</LocList>
</BasicStmnt>
<BasicStmnt CovItemId="S183" CovItemPrefix="game.GUI.java" Intrnl_Id="822">
<LocList>
<Loc EndOffset="11434" SrcFileId="3" StartOffset="11391"/>
</LocList>
</BasicStmnt>
<BasicStmnt CovItemId="S184" CovItemPrefix="game.GUI.java" Intrnl_Id="823">
<LocList>
<Loc EndOffset="11516" SrcFileId="3" StartOffset="11438"/>
</LocList>
</BasicStmnt>
<BasicStmnt CovItemId="S185" CovItemPrefix="game.GUI.java" Intrnl_Id="824">
<LocList>
<Loc EndOffset="11551" SrcFileId="3" StartOffset="11520"/>
</LocList>
</BasicStmnt>
<BasicStmnt CovItemId="S186" CovItemPrefix="game.GUI.java" Intrnl_Id="825">
<LocList>
<Loc EndOffset="11660" SrcFileId="3" StartOffset="11556"/>
</LocList>
</BasicStmnt>
<BasicStmnt CovItemId="S187" CovItemPrefix="game.GUI.java" Intrnl_Id="826">
<LocList>
<Loc EndOffset="11706" SrcFileId="3" StartOffset="11664"/>
</LocList>
</BasicStmnt>
<BasicStmnt CovItemId="S188" CovItemPrefix="game.GUI.java" Intrnl_Id="827">
<LocList>
<Loc EndOffset="11731" SrcFileId="3" StartOffset="11710"/>
</LocList>
</BasicStmnt>
<BasicStmnt CovItemId="S189" CovItemPrefix="game.GUI.java" Intrnl_Id="828">
<LocList>
<Loc EndOffset="11758" SrcFileId="3" StartOffset="11735"/>
</LocList>
</BasicStmnt>
<BasicStmnt CovItemId="S190" CovItemPrefix="game.GUI.java" Intrnl_Id="829">
<LocList>
<Loc EndOffset="11845" SrcFileId="3" StartOffset="11811"/>
</LocList>
</BasicStmnt>
<BasicStmnt CovItemId="S191" CovItemPrefix="game.GUI.java" Intrnl_Id="830">
<LocList>
<Loc EndOffset="11961" SrcFileId="3" StartOffset="11904"/>
</LocList>
</BasicStmnt>
<BasicStmnt CovItemId="S192" CovItemPrefix="game.GUI.java" Intrnl_Id="831">
<LocList>
<Loc EndOffset="12004" SrcFileId="3" StartOffset="11965"/>
</LocList>
</BasicStmnt>
<BasicStmnt CovItemId="S193" CovItemPrefix="game.GUI.java" Intrnl_Id="832">
<LocList>
<Loc EndOffset="12048" SrcFileId="3" StartOffset="12008"/>
</LocList>
</BasicStmnt>
<BasicStmnt CovItemId="S194" CovItemPrefix="game.GUI.java" Intrnl_Id="833">
<LocList>
<Loc EndOffset="12111" SrcFileId="3" StartOffset="12052"/>
</LocList>
</BasicStmnt>
<BasicStmnt CovItemId="S195" CovItemPrefix="game.GUI.java" Intrnl_Id="834">
<LocList>
<Loc EndOffset="12144" SrcFileId="3" StartOffset="12115"/>
</LocList>
</BasicStmnt>
<BasicStmnt CovItemId="S196" CovItemPrefix="game.GUI.java" Intrnl_Id="835">
<LocList>
<Loc EndOffset="12171" SrcFileId="3" StartOffset="12148"/>
</LocList>
</BasicStmnt>
<BasicStmnt CovItemId="S197" CovItemPrefix="game.GUI.java" Intrnl_Id="836">
<LocList>
<Loc EndOffset="12310" SrcFileId="3" StartOffset="12175"/>
</LocList>
</BasicStmnt>
<BasicStmnt CovItemId="S198" CovItemPrefix="game.GUI.java" Intrnl_Id="837">
<LocList>
<Loc EndOffset="12343" SrcFileId="3" StartOffset="12314"/>
</LocList>
</BasicStmnt>
<BasicStmnt CovItemId="S199" CovItemPrefix="game.GUI.java" Intrnl_Id="838">
<LocList>
<Loc EndOffset="12390" SrcFileId="3" StartOffset="12348"/>
</LocList>
</BasicStmnt>
<BasicStmnt CovItemId="S200" CovItemPrefix="game.GUI.java" Intrnl_Id="839">
<LocList>
<Loc EndOffset="12423" SrcFileId="3" StartOffset="12394"/>
</LocList>
</BasicStmnt>
<BasicStmnt CovItemId="S201" CovItemPrefix="game.GUI.java" Intrnl_Id="840">
<LocList>
<Loc EndOffset="12468" SrcFileId="3" StartOffset="12427"/>
</LocList>
</BasicStmnt>
<BasicStmnt CovItemId="S202" CovItemPrefix="game.GUI.java" Intrnl_Id="841">
<LocList>
<Loc EndOffset="12532" SrcFileId="3" StartOffset="12472"/>
</LocList>
</BasicStmnt>
<BasicStmnt CovItemId="S203" CovItemPrefix="game.GUI.java" Intrnl_Id="842">
<LocList>
<Loc EndOffset="12559" SrcFileId="3" StartOffset="12536"/>
</LocList>
</BasicStmnt>
<BasicStmnt CovItemId="S204" CovItemPrefix="game.GUI.java" Intrnl_Id="843">
<LocList>
<Loc EndOffset="12667" SrcFileId="3" StartOffset="12563"/>
</LocList>
</BasicStmnt>
<BasicStmnt CovItemId="S205" CovItemPrefix="game.GUI.java" Intrnl_Id="844">
<LocList>
<Loc EndOffset="12700" SrcFileId="3" StartOffset="12671"/>
</LocList>
</BasicStmnt>
<BasicStmnt CovItemId="S206" CovItemPrefix="game.GUI.java" Intrnl_Id="845">
<LocList>
<Loc EndOffset="12787" SrcFileId="3" StartOffset="12753"/>
</LocList>
</BasicStmnt>
<BasicStmnt CovItemId="S207" CovItemPrefix="game.GUI.java" Intrnl_Id="846">
<LocList>
<Loc EndOffset="12849" SrcFileId="3" StartOffset="12791"/>
</LocList>
</BasicStmnt>
<BasicStmnt CovItemId="S208" CovItemPrefix="game.GUI.java" Intrnl_Id="847">
<LocList>
<Loc EndOffset="12892" SrcFileId="3" StartOffset="12853"/>
</LocList>
</BasicStmnt>
<BasicStmnt CovItemId="S209" CovItemPrefix="game.GUI.java" Intrnl_Id="848">
<LocList>
<Loc EndOffset="12936" SrcFileId="3" StartOffset="12896"/>
</LocList>
</BasicStmnt>
<BasicStmnt CovItemId="S210" CovItemPrefix="game.GUI.java" Intrnl_Id="849">
<LocList>
<Loc EndOffset="12999" SrcFileId="3" StartOffset="12940"/>
</LocList>
</BasicStmnt>
<BasicStmnt CovItemId="S211" CovItemPrefix="game.GUI.java" Intrnl_Id="850">
<LocList>
<Loc EndOffset="13032" SrcFileId="3" StartOffset="13003"/>
</LocList>
</BasicStmnt>
<BasicStmnt CovItemId="S212" CovItemPrefix="game.GUI.java" Intrnl_Id="851">
<LocList>
<Loc EndOffset="13059" SrcFileId="3" StartOffset="13036"/>
</LocList>
</BasicStmnt>
<BasicStmnt CovItemId="S213" CovItemPrefix="game.GUI.java" Intrnl_Id="852">
<LocList>
<Loc EndOffset="13194" SrcFileId="3" StartOffset="13063"/>
</LocList>
</BasicStmnt>
<BasicStmnt CovItemId="S214" CovItemPrefix="game.GUI.java" Intrnl_Id="853">
<LocList>
<Loc EndOffset="13227" SrcFileId="3" StartOffset="13198"/>
</LocList>
</BasicStmnt>
<BasicStmnt CovItemId="S215" CovItemPrefix="game.GUI.java" Intrnl_Id="854">
<LocList>
<Loc EndOffset="13274" SrcFileId="3" StartOffset="13232"/>
</LocList>
</BasicStmnt>
<BasicStmnt CovItemId="S216" CovItemPrefix="game.GUI.java" Intrnl_Id="855">
<LocList>
<Loc EndOffset="13307" SrcFileId="3" StartOffset="13278"/>
</LocList>
</BasicStmnt>
<BasicStmnt CovItemId="S217" CovItemPrefix="game.GUI.java" Intrnl_Id="856">
<LocList>
<Loc EndOffset="13352" SrcFileId="3" StartOffset="13311"/>
</LocList>
</BasicStmnt>
<BasicStmnt CovItemId="S218" CovItemPrefix="game.GUI.java" Intrnl_Id="857">
<LocList>
<Loc EndOffset="13416" SrcFileId="3" StartOffset="13356"/>
</LocList>
</BasicStmnt>
<BasicStmnt CovItemId="S219" CovItemPrefix="game.GUI.java" Intrnl_Id="858">
<LocList>
<Loc EndOffset="13443" SrcFileId="3" StartOffset="13420"/>
</LocList>
</BasicStmnt>
<BasicStmnt CovItemId="S220" CovItemPrefix="game.GUI.java" Intrnl_Id="859">
<LocList>
<Loc EndOffset="13547" SrcFileId="3" StartOffset="13447"/>
</LocList>
</BasicStmnt>
<BasicStmnt CovItemId="S221" CovItemPrefix="game.GUI.java" Intrnl_Id="860">
<LocList>
<Loc EndOffset="13580" SrcFileId="3" StartOffset="13551"/>
</LocList>
</BasicStmnt>
<BasicStmnt CovItemId="S222" CovItemPrefix="game.GUI.java" Intrnl_Id="861">
<LocList>
<Loc EndOffset="13667" SrcFileId="3" StartOffset="13630"/>
</LocList>
</BasicStmnt>
<BasicStmnt CovItemId="S223" CovItemPrefix="game.GUI.java" Intrnl_Id="862">
<LocList>
<Loc EndOffset="13729" SrcFileId="3" StartOffset="13671"/>
</LocList>
</BasicStmnt>
<BasicStmnt CovItemId="S224" CovItemPrefix="game.GUI.java" Intrnl_Id="863">
<LocList>
<Loc EndOffset="13775" SrcFileId="3" StartOffset="13733"/>
</LocList>
</BasicStmnt>
<BasicStmnt CovItemId="S225" CovItemPrefix="game.GUI.java" Intrnl_Id="864">
<LocList>
<Loc EndOffset="13825" SrcFileId="3" StartOffset="13779"/>
</LocList>
</BasicStmnt>
<BasicStmnt CovItemId="S226" CovItemPrefix="game.GUI.java" Intrnl_Id="865">
<LocList>
<Loc EndOffset="13894" SrcFileId="3" StartOffset="13829"/>
</LocList>
</BasicStmnt>
<BasicStmnt CovItemId="S227" CovItemPrefix="game.GUI.java" Intrnl_Id="866">
<LocList>
<Loc EndOffset="13930" SrcFileId="3" StartOffset="13898"/>
</LocList>
</BasicStmnt>
<BasicStmnt CovItemId="S228" CovItemPrefix="game.GUI.java" Intrnl_Id="867">
<LocList>
<Loc EndOffset="13960" SrcFileId="3" StartOffset="13934"/>
</LocList>
</BasicStmnt>
<BasicStmnt CovItemId="S229" CovItemPrefix="game.GUI.java" Intrnl_Id="868">
<LocList>
<Loc EndOffset="14075" SrcFileId="3" StartOffset="13964"/>
</LocList>
</BasicStmnt>
<BasicStmnt CovItemId="S230" CovItemPrefix="game.GUI.java" Intrnl_Id="869">
<LocList>
<Loc EndOffset="14111" SrcFileId="3" StartOffset="14079"/>
</LocList>
</BasicStmnt>
<BasicStmnt CovItemId="S231" CovItemPrefix="game.GUI.java" Intrnl_Id="870">
<LocList>
<Loc EndOffset="14216" SrcFileId="3" StartOffset="14116"/>
</LocList>
</BasicStmnt>
<BasicStmnt CovItemId="S232" CovItemPrefix="game.GUI.java" Intrnl_Id="871">
<LocList>
<Loc EndOffset="14304" SrcFileId="3" StartOffset="14220"/>
</LocList>
</BasicStmnt>
<BasicStmnt CovItemId="S233" CovItemPrefix="game.GUI.java" Intrnl_Id="872">
<LocList>
<Loc EndOffset="14344" SrcFileId="3" StartOffset="14308"/>
</LocList>
</BasicStmnt>
<BasicStmnt CovItemId="S234" CovItemPrefix="game.GUI.java" Intrnl_Id="873">
<LocList>
<Loc EndOffset="14383" SrcFileId="3" StartOffset="14348"/>
</LocList>
</BasicStmnt>
<BasicStmnt CovItemId="S235" CovItemPrefix="game.GUI.java" Intrnl_Id="874">
<LocList>
<Loc EndOffset="14416" SrcFileId="3" StartOffset="14387"/>
</LocList>
</BasicStmnt>
<BasicStmnt CovItemId="S236" CovItemPrefix="game.GUI.java" Intrnl_Id="875">
<LocList>
<Loc EndOffset="14500" SrcFileId="3" StartOffset="14420"/>
</LocList>
</BasicStmnt>
<BasicStmnt CovItemId="S237" CovItemPrefix="game.GUI.java" Intrnl_Id="876">
<LocList>
<Loc EndOffset="14539" SrcFileId="3" StartOffset="14504"/>
</LocList>
</BasicStmnt>
<BasicStmnt CovItemId="S238" CovItemPrefix="game.GUI.java" Intrnl_Id="877">
<LocList>
<Loc EndOffset="14625" SrcFileId="3" StartOffset="14589"/>
</LocList>
</BasicStmnt>
<BasicStmnt CovItemId="S239" CovItemPrefix="game.GUI.java" Intrnl_Id="878">
<LocList>
<Loc EndOffset="14690" SrcFileId="3" StartOffset="14629"/>
</LocList>
</BasicStmnt>
<BasicStmnt CovItemId="S240" CovItemPrefix="game.GUI.java" Intrnl_Id="879">
<LocList>
<Loc EndOffset="14735" SrcFileId="3" StartOffset="14694"/>
</LocList>
</BasicStmnt>
<BasicStmnt CovItemId="S241" CovItemPrefix="game.GUI.java" Intrnl_Id="880">
<LocList>
<Loc EndOffset="14783" SrcFileId="3" StartOffset="14739"/>
</LocList>
</BasicStmnt>
<BasicStmnt CovItemId="S242" CovItemPrefix="game.GUI.java" Intrnl_Id="881">
<LocList>
<Loc EndOffset="14850" SrcFileId="3" StartOffset="14787"/>
</LocList>
</BasicStmnt>
<BasicStmnt CovItemId="S243" CovItemPrefix="game.GUI.java" Intrnl_Id="882">
<LocList>
<Loc EndOffset="14885" SrcFileId="3" StartOffset="14854"/>
</LocList>
</BasicStmnt>
<BasicStmnt CovItemId="S244" CovItemPrefix="game.GUI.java" Intrnl_Id="883">
<LocList>
<Loc EndOffset="14914" SrcFileId="3" StartOffset="14889"/>
</LocList>
</BasicStmnt>
<BasicStmnt CovItemId="S245" CovItemPrefix="game.GUI.java" Intrnl_Id="884">
<LocList>
<Loc EndOffset="15055" SrcFileId="3" StartOffset="14918"/>
</LocList>
</BasicStmnt>
<BasicStmnt CovItemId="S246" CovItemPrefix="game.GUI.java" Intrnl_Id="885">
<LocList>
<Loc EndOffset="15090" SrcFileId="3" StartOffset="15059"/>
</LocList>
</BasicStmnt>
<BasicStmnt CovItemId="S247" CovItemPrefix="game.GUI.java" Intrnl_Id="886">
<LocList>
<Loc EndOffset="15194" SrcFileId="3" StartOffset="15095"/>
</LocList>
</BasicStmnt>
<BasicStmnt CovItemId="S248" CovItemPrefix="game.GUI.java" Intrnl_Id="887">
<LocList>
<Loc EndOffset="15280" SrcFileId="3" StartOffset="15198"/>
</LocList>
</BasicStmnt>
<BasicStmnt CovItemId="S249" CovItemPrefix="game.GUI.java" Intrnl_Id="888">
<LocList>
<Loc EndOffset="15319" SrcFileId="3" StartOffset="15284"/>
</LocList>
</BasicStmnt>
<BasicStmnt CovItemId="S250" CovItemPrefix="game.GUI.java" Intrnl_Id="889">
<LocList>
<Loc EndOffset="15357" SrcFileId="3" StartOffset="15323"/>
</LocList>
</BasicStmnt>
<BasicStmnt CovItemId="S251" CovItemPrefix="game.GUI.java" Intrnl_Id="890">
<LocList>
<Loc EndOffset="15389" SrcFileId="3" StartOffset="15361"/>
</LocList>
</BasicStmnt>
<BasicStmnt CovItemId="S252" CovItemPrefix="game.GUI.java" Intrnl_Id="891">
<LocList>
<Loc EndOffset="15503" SrcFileId="3" StartOffset="15393"/>
</LocList>
</BasicStmnt>
<BasicStmnt CovItemId="S253" CovItemPrefix="game.GUI.java" Intrnl_Id="892">
<LocList>
<Loc EndOffset="15541" SrcFileId="3" StartOffset="15507"/>
</LocList>
</BasicStmnt>
<BasicStmnt CovItemId="S254" CovItemPrefix="game.GUI.java" Intrnl_Id="893">
<LocList>
<Loc EndOffset="15617" SrcFileId="3" StartOffset="15577"/>
</LocList>
</BasicStmnt>
<BasicStmnt CovItemId="S255" CovItemPrefix="game.GUI.java" Intrnl_Id="894">
<LocList>
<Loc EndOffset="15654" SrcFileId="3" StartOffset="15621"/>
</LocList>
</BasicStmnt>
<BasicStmnt CovItemId="S256" CovItemPrefix="game.GUI.java" Intrnl_Id="895">
<LocList>
<Loc EndOffset="15696" SrcFileId="3" StartOffset="15658"/>
</LocList>
</BasicStmnt>
<BasicStmnt CovItemId="S257" CovItemPrefix="game.GUI.java" Intrnl_Id="896">
<LocList>
<Loc EndOffset="15852" SrcFileId="3" StartOffset="15700"/>
</LocList>
</BasicStmnt>
<BasicStmnt CovItemId="S258" CovItemPrefix="game.GUI.java" Intrnl_Id="897">
<LocList>
<Loc EndOffset="15883" SrcFileId="3" StartOffset="15856"/>
</LocList>
</BasicStmnt>
<BasicStmnt CovItemId="S259" CovItemPrefix="game.GUI.java" Intrnl_Id="898">
<LocList>
<Loc EndOffset="15946" SrcFileId="3" StartOffset="15887"/>
</LocList>
</BasicStmnt>
<BasicStmnt CovItemId="S260" CovItemPrefix="game.GUI.java" Intrnl_Id="899">
<LocList>
<Loc EndOffset="15983" SrcFileId="3" StartOffset="15950"/>
</LocList>
</BasicStmnt>
<BasicStmnt CovItemId="S261" CovItemPrefix="game.GUI.java" Intrnl_Id="900">
<LocList>
<Loc EndOffset="16052" SrcFileId="3" StartOffset="16015"/>
</LocList>
</BasicStmnt>
<BasicStmnt CovItemId="S262" CovItemPrefix="game.GUI.java" Intrnl_Id="901">
<LocList>
<Loc EndOffset="16086" SrcFileId="3" StartOffset="16056"/>
</LocList>
</BasicStmnt>
<BasicStmnt CovItemId="S263" CovItemPrefix="game.GUI.java" Intrnl_Id="902">
<LocList>
<Loc EndOffset="16121" SrcFileId="3" StartOffset="16090"/>
</LocList>
</BasicStmnt>
<BasicStmnt CovItemId="S264" CovItemPrefix="game.GUI.java" Intrnl_Id="903">
<LocList>
<Loc EndOffset="16237" SrcFileId="3" StartOffset="16125"/>
</LocList>
</BasicStmnt>
<BasicStmnt CovItemId="S265" CovItemPrefix="game.GUI.java" Intrnl_Id="904">
<LocList>
<Loc EndOffset="16265" SrcFileId="3" StartOffset="16241"/>
</LocList>
</BasicStmnt>
<BasicStmnt CovItemId="S266" CovItemPrefix="game.GUI.java" Intrnl_Id="905">
<LocList>
<Loc EndOffset="16322" SrcFileId="3" StartOffset="16269"/>
</LocList>
</BasicStmnt>
<BasicStmnt CovItemId="S267" CovItemPrefix="game.GUI.java" Intrnl_Id="906">
<LocList>
<Loc EndOffset="16356" SrcFileId="3" StartOffset="16326"/>
</LocList>
</BasicStmnt>
</StmntSeq>
</HierarchyLvl>
</HierarchyLvl>
<HierarchyLvl HierarchyLvlId="248" HierarchyLvlTypeId="11" Intrnl_Id="907" Name="loadGameListener">
<Header>
<Loc EndOffset="16414" SrcFileId="3" StartOffset="16366"/>
</Header>
<LocList>
<Loc EndOffset="16873" SrcFileId="3" StartOffset="16366"/>
</LocList>
<HierarchyLvl HierarchyLvlId="247" HierarchyLvlTypeId="10" Intrnl_Id="908" Name="actionPerformed">
<Header>
<Loc EndOffset="16474" SrcFileId="3" StartOffset="16420"/>
</Header>
<LocList>
<Loc EndOffset="16870" SrcFileId="3" StartOffset="16420"/>
</LocList>
<StmntSeq Intrnl_Id="909">
<LocList>
<Loc EndOffset="16526" SrcFileId="3" StartOffset="16480"/>
<Loc EndOffset="16611" SrcFileId="3" StartOffset="16530"/>
<Loc EndOffset="16676" SrcFileId="3" StartOffset="16615"/>
<Loc EndOffset="16866" SrcFileId="3" StartOffset="16680"/>
</LocList>
<BasicStmnt CovItemId="S268" CovItemPrefix="game.GUI.java" Intrnl_Id="910">
<LocList>
<Loc EndOffset="16526" SrcFileId="3" StartOffset="16480"/>
</LocList>
</BasicStmnt>
<BasicStmnt CovItemId="S269" CovItemPrefix="game.GUI.java" Intrnl_Id="911">
<LocList>
<Loc EndOffset="16611" SrcFileId="3" StartOffset="16530"/>
</LocList>
</BasicStmnt>
<BasicStmnt CovItemId="S270" CovItemPrefix="game.GUI.java" Intrnl_Id="912">
<LocList>
<Loc EndOffset="16676" SrcFileId="3" StartOffset="16615"/>
</LocList>
</BasicStmnt>
<CondStmnt CovItemId="S271" CovItemPrefix="game.GUI.java" Intrnl_Id="913">
<Branch CovItemId="B27" CovItemPrefix="game.GUI.java" Implct="false" Intrnl_Id="914">
<Cond/>
<LocList>
<Loc EndOffset="16866" SrcFileId="3" StartOffset="16723"/>
</LocList>
<StmntSeq Intrnl_Id="915">
<LocList>
<Loc EndOffset="16779" SrcFileId="3" StartOffset="16729"/>
<Loc EndOffset="16861" SrcFileId="3" StartOffset="16784"/>
</LocList>
<BasicStmnt CovItemId="S272" CovItemPrefix="game.GUI.java" Intrnl_Id="916">
<LocList>
<Loc EndOffset="16779" SrcFileId="3" StartOffset="16729"/>
</LocList>
</BasicStmnt>
<BasicStmnt CovItemId="S273" CovItemPrefix="game.GUI.java" Intrnl_Id="917">
<LocList>
<Loc EndOffset="16861" SrcFileId="3" StartOffset="16784"/>
</LocList>
</BasicStmnt>
</StmntSeq>
</Branch>
<Branch CovItemId="B28" CovItemPrefix="game.GUI.java" Implct="true" Intrnl_Id="918">
<Cond/>
<LocList/>
<StmntSeq Intrnl_Id="919">
<LocList/>
</StmntSeq>
</Branch>
<Keyword EndOffset="16682" SrcFileId="3" StartOffset="16680"/>
<LocList>
<Loc EndOffset="16866" SrcFileId="3" StartOffset="16680"/>
</LocList>
<RootTerm CovItemId="C7" CovItemPrefix="game.GUI.java" Intrnl_Id="920">
<BasicBoolTerm Intrnl_Id="921">
<LocList>
<Loc EndOffset="16721" SrcFileId="3" StartOffset="16684"/>
</LocList>
</BasicBoolTerm>
</RootTerm>
</CondStmnt>
</StmntSeq>
</HierarchyLvl>
</HierarchyLvl>
<HierarchyLvl HierarchyLvlId="250" HierarchyLvlTypeId="11" Intrnl_Id="922" Name="cancelListener">
<Header>
<Loc EndOffset="16922" SrcFileId="3" StartOffset="16876"/>
</Header>
<LocList>
<Loc EndOffset="17093" SrcFileId="3" StartOffset="16876"/>
</LocList>
<HierarchyLvl HierarchyLvlId="249" HierarchyLvlTypeId="10" Intrnl_Id="923" Name="actionPerformed">
<Header>
<Loc EndOffset="16982" SrcFileId="3" StartOffset="16928"/>
</Header>
<LocList>
<Loc EndOffset="17090" SrcFileId="3" StartOffset="16928"/>
</LocList>
<StmntSeq Intrnl_Id="924">
<LocList>
<Loc EndOffset="17031" SrcFileId="3" StartOffset="16988"/>
<Loc EndOffset="17058" SrcFileId="3" StartOffset="17035"/>
<Loc EndOffset="17086" SrcFileId="3" StartOffset="17062"/>
</LocList>
<BasicStmnt CovItemId="S274" CovItemPrefix="game.GUI.java" Intrnl_Id="925">
<LocList>
<Loc EndOffset="17031" SrcFileId="3" StartOffset="16988"/>
</LocList>
</BasicStmnt>
<BasicStmnt CovItemId="S275" CovItemPrefix="game.GUI.java" Intrnl_Id="926">
<LocList>
<Loc EndOffset="17058" SrcFileId="3" StartOffset="17035"/>
</LocList>
</BasicStmnt>
<BasicStmnt CovItemId="S276" CovItemPrefix="game.GUI.java" Intrnl_Id="927">
<LocList>
<Loc EndOffset="17086" SrcFileId="3" StartOffset="17062"/>
</LocList>
</BasicStmnt>
</StmntSeq>
</HierarchyLvl>
</HierarchyLvl>
<HierarchyLvl HierarchyLvlId="252" HierarchyLvlTypeId="11" Intrnl_Id="928" Name="startGameListener">
<Header>
<Loc EndOffset="17145" SrcFileId="3" StartOffset="17096"/>
</Header>
<LocList>
<Loc EndOffset="17925" SrcFileId="3" StartOffset="17096"/>
</LocList>
<HierarchyLvl HierarchyLvlId="251" HierarchyLvlTypeId="10" Intrnl_Id="929" Name="actionPerformed">
<Header>
<Loc EndOffset="17205" SrcFileId="3" StartOffset="17151"/>
</Header>
<LocList>
<Loc EndOffset="17922" SrcFileId="3" StartOffset="17151"/>
</LocList>
<StmntSeq Intrnl_Id="930">
<LocList>
<Loc EndOffset="17249" SrcFileId="3" StartOffset="17211"/>
<Loc EndOffset="17276" SrcFileId="3" StartOffset="17253"/>
<Loc EndOffset="17299" SrcFileId="3" StartOffset="17280"/>
<Loc EndOffset="17342" SrcFileId="3" StartOffset="17304"/>
<Loc EndOffset="17369" SrcFileId="3" StartOffset="17346"/>
<Loc EndOffset="17392" SrcFileId="3" StartOffset="17373"/>
<Loc EndOffset="17429" SrcFileId="3" StartOffset="17397"/>
<Loc EndOffset="17461" SrcFileId="3" StartOffset="17433"/>
<Loc EndOffset="17499" SrcFileId="3" StartOffset="17465"/>
<Loc EndOffset="17560" SrcFileId="3" StartOffset="17503"/>
<Loc EndOffset="17662" SrcFileId="3" StartOffset="17565"/>
<Loc EndOffset="17714" SrcFileId="3" StartOffset="17666"/>
<Loc EndOffset="17745" SrcFileId="3" StartOffset="17718"/>
<Loc EndOffset="17772" SrcFileId="3" StartOffset="17749"/>
<Loc EndOffset="17799" SrcFileId="3" StartOffset="17776"/>
<Loc EndOffset="17859" SrcFileId="3" StartOffset="17803"/>
<Loc EndOffset="17892" SrcFileId="3" StartOffset="17865"/>
<Loc EndOffset="17918" SrcFileId="3" StartOffset="17897"/>
</LocList>
<BasicStmnt CovItemId="S277" CovItemPrefix="game.GUI.java" Intrnl_Id="931">
<LocList>
<Loc EndOffset="17249" SrcFileId="3" StartOffset="17211"/>
</LocList>
</BasicStmnt>
<BasicStmnt CovItemId="S278" CovItemPrefix="game.GUI.java" Intrnl_Id="932">
<LocList>
<Loc EndOffset="17276" SrcFileId="3" StartOffset="17253"/>
</LocList>
</BasicStmnt>
<BasicStmnt CovItemId="S279" CovItemPrefix="game.GUI.java" Intrnl_Id="933">
<LocList>
<Loc EndOffset="17299" SrcFileId="3" StartOffset="17280"/>
</LocList>
</BasicStmnt>
<BasicStmnt CovItemId="S280" CovItemPrefix="game.GUI.java" Intrnl_Id="934">
<LocList>
<Loc EndOffset="17342" SrcFileId="3" StartOffset="17304"/>
</LocList>
</BasicStmnt>
<BasicStmnt CovItemId="S281" CovItemPrefix="game.GUI.java" Intrnl_Id="935">
<LocList>
<Loc EndOffset="17369" SrcFileId="3" StartOffset="17346"/>
</LocList>
</BasicStmnt>
<BasicStmnt CovItemId="S282" CovItemPrefix="game.GUI.java" Intrnl_Id="936">
<LocList>
<Loc EndOffset="17392" SrcFileId="3" StartOffset="17373"/>
</LocList>
</BasicStmnt>
<BasicStmnt CovItemId="S283" CovItemPrefix="game.GUI.java" Intrnl_Id="937">
<LocList>
<Loc EndOffset="17429" SrcFileId="3" StartOffset="17397"/>
</LocList>
</BasicStmnt>
<BasicStmnt CovItemId="S284" CovItemPrefix="game.GUI.java" Intrnl_Id="938">
<LocList>
<Loc EndOffset="17461" SrcFileId="3" StartOffset="17433"/>
</LocList>
</BasicStmnt>
<BasicStmnt CovItemId="S285" CovItemPrefix="game.GUI.java" Intrnl_Id="939">
<LocList>
<Loc EndOffset="17499" SrcFileId="3" StartOffset="17465"/>
</LocList>
</BasicStmnt>
<BasicStmnt CovItemId="S286" CovItemPrefix="game.GUI.java" Intrnl_Id="940">
<LocList>
<Loc EndOffset="17560" SrcFileId="3" StartOffset="17503"/>
</LocList>
</BasicStmnt>
<BasicStmnt CovItemId="S287" CovItemPrefix="game.GUI.java" Intrnl_Id="941">
<LocList>
<Loc EndOffset="17662" SrcFileId="3" StartOffset="17565"/>
</LocList>
</BasicStmnt>
<BasicStmnt CovItemId="S288" CovItemPrefix="game.GUI.java" Intrnl_Id="942">
<LocList>
<Loc EndOffset="17714" SrcFileId="3" StartOffset="17666"/>
</LocList>
</BasicStmnt>
<BasicStmnt CovItemId="S289" CovItemPrefix="game.GUI.java" Intrnl_Id="943">
<LocList>
<Loc EndOffset="17745" SrcFileId="3" StartOffset="17718"/>
</LocList>
</BasicStmnt>
<BasicStmnt CovItemId="S290" CovItemPrefix="game.GUI.java" Intrnl_Id="944">
<LocList>
<Loc EndOffset="17772" SrcFileId="3" StartOffset="17749"/>
</LocList>
</BasicStmnt>
<BasicStmnt CovItemId="S291" CovItemPrefix="game.GUI.java" Intrnl_Id="945">
<LocList>
<Loc EndOffset="17799" SrcFileId="3" StartOffset="17776"/>
</LocList>
</BasicStmnt>
<BasicStmnt CovItemId="S292" CovItemPrefix="game.GUI.java" Intrnl_Id="946">
<LocList>
<Loc EndOffset="17859" SrcFileId="3" StartOffset="17803"/>
</LocList>
</BasicStmnt>
<BasicStmnt CovItemId="S293" CovItemPrefix="game.GUI.java" Intrnl_Id="947">
<LocList>
<Loc EndOffset="17892" SrcFileId="3" StartOffset="17865"/>
</LocList>
</BasicStmnt>
<BasicStmnt CovItemId="S294" CovItemPrefix="game.GUI.java" Intrnl_Id="948">
<LocList>
<Loc EndOffset="17918" SrcFileId="3" StartOffset="17897"/>
</LocList>
</BasicStmnt>
</StmntSeq>
</HierarchyLvl>
</HierarchyLvl>
<HierarchyLvl HierarchyLvlId="259" HierarchyLvlTypeId="11" Intrnl_Id="949" Name="MovementListener">
<Header>
<Loc EndOffset="17984" SrcFileId="3" StartOffset="17929"/>
</Header>
<LocList>
<Loc EndOffset="20268" SrcFileId="3" StartOffset="17929"/>
</LocList>
<HierarchyLvl HierarchyLvlId="253" HierarchyLvlTypeId="10" Intrnl_Id="950" Name="MovementListener">
<Header>
<Loc EndOffset="18075" SrcFileId="3" StartOffset="18049"/>
</Header>
<LocList>
<Loc EndOffset="18144" SrcFileId="3" StartOffset="18049"/>
</LocList>
<StmntSeq Intrnl_Id="951">
<LocList>
<Loc EndOffset="18110" SrcFileId="3" StartOffset="18080"/>
<Loc EndOffset="18140" SrcFileId="3" StartOffset="18114"/>
</LocList>
<BasicStmnt CovItemId="S295" CovItemPrefix="game.GUI.java" Intrnl_Id="952">
<LocList>
<Loc EndOffset="18110" SrcFileId="3" StartOffset="18080"/>
</LocList>
</BasicStmnt>
<BasicStmnt CovItemId="S296" CovItemPrefix="game.GUI.java" Intrnl_Id="953">
<LocList>
<Loc EndOffset="18140" SrcFileId="3" StartOffset="18114"/>
</LocList>
</BasicStmnt>
</StmntSeq>
</HierarchyLvl>
<HierarchyLvl HierarchyLvlId="254" HierarchyLvlTypeId="10" Intrnl_Id="954" Name="mouseClicked">
<Header>
<Loc EndOffset="18198" SrcFileId="3" StartOffset="18148"/>
</Header>
<LocList>
<Loc EndOffset="18220" SrcFileId="3" StartOffset="18148"/>
</LocList>
</HierarchyLvl>
<HierarchyLvl HierarchyLvlId="255" HierarchyLvlTypeId="10" Intrnl_Id="955" Name="mouseReleased">
<Header>
<Loc EndOffset="18275" SrcFileId="3" StartOffset="18224"/>
</Header>
<LocList>
<Loc EndOffset="18299" SrcFileId="3" StartOffset="18224"/>
</LocList>
</HierarchyLvl>
<HierarchyLvl HierarchyLvlId="256" HierarchyLvlTypeId="10" Intrnl_Id="956" Name="mouseEntered">
<Header>
<Loc EndOffset="18353" SrcFileId="3" StartOffset="18303"/>
</Header>
<LocList>
<Loc EndOffset="18375" SrcFileId="3" StartOffset="18303"/>
</LocList>
</HierarchyLvl>
<HierarchyLvl HierarchyLvlId="257" HierarchyLvlTypeId="10" Intrnl_Id="957" Name="mouseExited">
<Header>
<Loc EndOffset="18428" SrcFileId="3" StartOffset="18379"/>
</Header>
<LocList>
<Loc EndOffset="18450" SrcFileId="3" StartOffset="18379"/>
</LocList>
</HierarchyLvl>
<HierarchyLvl HierarchyLvlId="258" HierarchyLvlTypeId="10" Intrnl_Id="958" Name="mousePressed">
<Header>
<Loc EndOffset="18504" SrcFileId="3" StartOffset="18454"/>
</Header>
<LocList>
<Loc EndOffset="20265" SrcFileId="3" StartOffset="18454"/>
</LocList>
<StmntSeq Intrnl_Id="959">
<LocList>
<Loc EndOffset="18608" SrcFileId="3" StartOffset="18551"/>
<Loc EndOffset="18653" SrcFileId="3" StartOffset="18612"/>
<Loc EndOffset="18701" SrcFileId="3" StartOffset="18661"/>
<Loc EndOffset="18745" SrcFileId="3" StartOffset="18705"/>
<Loc EndOffset="18822" SrcFileId="3" StartOffset="18785"/>
<Loc EndOffset="18866" SrcFileId="3" StartOffset="18826"/>
<Loc EndOffset="20261" SrcFileId="3" StartOffset="18874"/>
</LocList>
<BasicStmnt CovItemId="S297" CovItemPrefix="game.GUI.java" Intrnl_Id="960">
<LocList>
<Loc EndOffset="18608" SrcFileId="3" StartOffset="18551"/>
</LocList>
</BasicStmnt>
<LoopStmnt CovItemId="S298" CovItemPrefix="game.GUI.java" Intrnl_Id="961" MltplExecId="L3-2" MltplExecPrefix="game.GUI.java" NvrExecId="L3-0" NvrExecPrefix="game.GUI.java" OnceExecutedId="L3-1" OnceExecutedPrefix="game.GUI.java" OptBodyExec="true">
<StmntSeq Intrnl_Id="962">
<LocList>
<Loc EndOffset="18653" SrcFileId="3" StartOffset="18635"/>
</LocList>
<BasicStmnt CovItemId="S299" CovItemPrefix="game.GUI.java" Intrnl_Id="963">
<LocList>
<Loc EndOffset="18653" SrcFileId="3" StartOffset="18635"/>
</LocList>
</BasicStmnt>
</StmntSeq>
<Keyword EndOffset="18615" SrcFileId="3" StartOffset="18612"/>
<LocList>
<Loc EndOffset="18653" SrcFileId="3" StartOffset="18612"/>
</LocList>
<RootTerm CovItemId="C8" CovItemPrefix="game.GUI.java" Intrnl_Id="964">
<BasicBoolTerm Intrnl_Id="965">
<LocList>
<Loc EndOffset="18628" SrcFileId="3" StartOffset="18625"/>
</LocList>
</BasicBoolTerm>
</RootTerm>
</LoopStmnt>
<BasicStmnt CovItemId="S300" CovItemPrefix="game.GUI.java" Intrnl_Id="966">
<LocList>
<Loc EndOffset="18701" SrcFileId="3" StartOffset="18661"/>
</LocList>
</BasicStmnt>
<BasicStmnt CovItemId="S301" CovItemPrefix="game.GUI.java" Intrnl_Id="967">
<LocList>
<Loc EndOffset="18745" SrcFileId="3" StartOffset="18705"/>
</LocList>
</BasicStmnt>
<BasicStmnt CovItemId="S302" CovItemPrefix="game.GUI.java" Intrnl_Id="968">
<LocList>
<Loc EndOffset="18822" SrcFileId="3" StartOffset="18785"/>
</LocList>
</BasicStmnt>
<BasicStmnt CovItemId="S303" CovItemPrefix="game.GUI.java" Intrnl_Id="969">
<LocList>
<Loc EndOffset="18866" SrcFileId="3" StartOffset="18826"/>
</LocList>
</BasicStmnt>
<CondStmnt CovItemId="S304" CovItemPrefix="game.GUI.java" Intrnl_Id="970">
<Branch CovItemId="B29" CovItemPrefix="game.GUI.java" Implct="false" Intrnl_Id="971">
<Cond/>
<LocList>
<Loc EndOffset="20261" SrcFileId="3" StartOffset="18963"/>
</LocList>
<StmntSeq Intrnl_Id="972">
<LocList>
<Loc EndOffset="20256" SrcFileId="3" StartOffset="18969"/>
</LocList>
<CondStmnt CovItemId="S305" CovItemPrefix="game.GUI.java" Intrnl_Id="973">
<Branch CovItemId="B31" CovItemPrefix="game.GUI.java" Implct="false" Intrnl_Id="974">
<Cond/>
<LocList>
<Loc EndOffset="19171" SrcFileId="3" StartOffset="19062"/>
</LocList>
<StmntSeq Intrnl_Id="975">
<LocList>
<Loc EndOffset="19099" SrcFileId="3" StartOffset="19069"/>
<Loc EndOffset="19165" SrcFileId="3" StartOffset="19105"/>
</LocList>
<BasicStmnt CovItemId="S306" CovItemPrefix="game.GUI.java" Intrnl_Id="976">
<LocList>
<Loc EndOffset="19099" SrcFileId="3" StartOffset="19069"/>
</LocList>
</BasicStmnt>
<BasicStmnt CovItemId="S307" CovItemPrefix="game.GUI.java" Intrnl_Id="977">
<LocList>
<Loc EndOffset="19165" SrcFileId="3" StartOffset="19105"/>
</LocList>
</BasicStmnt>
</StmntSeq>
</Branch>
<Branch CovItemId="B32" CovItemPrefix="game.GUI.java" Implct="false" Intrnl_Id="978">
<Cond>
<Loc EndOffset="19181" SrcFileId="3" StartOffset="19177"/>
</Cond>
<LocList>
<Loc EndOffset="20256" SrcFileId="3" StartOffset="19182"/>
</LocList>
<StmntSeq Intrnl_Id="979">
<LocList>
<Loc EndOffset="20256" SrcFileId="3" StartOffset="19182"/>
</LocList>
<CondStmnt CovItemId="S308" CovItemPrefix="game.GUI.java" Intrnl_Id="980">
<Branch CovItemId="B33" CovItemPrefix="game.GUI.java" Implct="false" Intrnl_Id="981">
<Cond/>
<LocList>
<Loc EndOffset="20174" SrcFileId="3" StartOffset="19270"/>
</LocList>
<StmntSeq Intrnl_Id="982">
<LocList>
<Loc EndOffset="19306" SrcFileId="3" StartOffset="19277"/>
<Loc EndOffset="19441" SrcFileId="3" StartOffset="19312"/>
<Loc EndOffset="19576" SrcFileId="3" StartOffset="19447"/>
<Loc EndOffset="19711" SrcFileId="3" StartOffset="19582"/>
<Loc EndOffset="19846" SrcFileId="3" StartOffset="19717"/>
<Loc EndOffset="20099" SrcFileId="3" StartOffset="19896"/>
<Loc EndOffset="20131" SrcFileId="3" StartOffset="20105"/>
<Loc EndOffset="20168" SrcFileId="3" StartOffset="20137"/>
</LocList>
<BasicStmnt CovItemId="S309" CovItemPrefix="game.GUI.java" Intrnl_Id="983">
<LocList>
<Loc EndOffset="19306" SrcFileId="3" StartOffset="19277"/>
</LocList>
</BasicStmnt>
<CondStmnt CovItemId="S310" CovItemPrefix="game.GUI.java" Intrnl_Id="984">
<Branch CovItemId="B35" CovItemPrefix="game.GUI.java" Implct="false" Intrnl_Id="985">
<Cond/>
<LocList>
<Loc EndOffset="19441" SrcFileId="3" StartOffset="19417"/>
</LocList>
<StmntSeq Intrnl_Id="986">
<LocList>
<Loc EndOffset="19441" SrcFileId="3" StartOffset="19417"/>
</LocList>
<BasicStmnt CovItemId="S311" CovItemPrefix="game.GUI.java" Intrnl_Id="987">
<LocList>
<Loc EndOffset="19441" SrcFileId="3" StartOffset="19417"/>
</LocList>
</BasicStmnt>
</StmntSeq>
</Branch>
<Branch CovItemId="B36" CovItemPrefix="game.GUI.java" Implct="true" Intrnl_Id="988">
<Cond/>
<LocList/>
<StmntSeq Intrnl_Id="989">
<LocList/>
</StmntSeq>
</Branch>
<Keyword EndOffset="19314" SrcFileId="3" StartOffset="19312"/>
<LocList>
<Loc EndOffset="19441" SrcFileId="3" StartOffset="19312"/>
</LocList>
<RootTerm CovItemId="C12" CovItemPrefix="game.GUI.java" Intrnl_Id="990">
<OpTerm BooleanOpId="5" Intrnl_Id="991">
<BasicBoolTerm Intrnl_Id="992">
<LocList>
<Loc EndOffset="19356" SrcFileId="3" StartOffset="19316"/>
</LocList>
</BasicBoolTerm>
<BasicBoolTerm Intrnl_Id="993">
<LocList>
<Loc EndOffset="19409" SrcFileId="3" StartOffset="19367"/>
</LocList>
</BasicBoolTerm>
<LocList>
<Loc EndOffset="19366" SrcFileId="3" StartOffset="19364"/>
</LocList>
</OpTerm>
</RootTerm>
</CondStmnt>
<CondStmnt CovItemId="S312" CovItemPrefix="game.GUI.java" Intrnl_Id="994">
<Branch CovItemId="B37" CovItemPrefix="game.GUI.java" Implct="false" Intrnl_Id="995">
<Cond/>
<LocList>
<Loc EndOffset="19576" SrcFileId="3" StartOffset="19552"/>
</LocList>
<StmntSeq Intrnl_Id="996">
<LocList>
<Loc EndOffset="19576" SrcFileId="3" StartOffset="19552"/>
</LocList>
<BasicStmnt CovItemId="S313" CovItemPrefix="game.GUI.java" Intrnl_Id="997">
<LocList>
<Loc EndOffset="19576" SrcFileId="3" StartOffset="19552"/>
</LocList>
</BasicStmnt>
</StmntSeq>
</Branch>
<Branch CovItemId="B38" CovItemPrefix="game.GUI.java" Implct="true" Intrnl_Id="998">
<Cond/>
<LocList/>
<StmntSeq Intrnl_Id="999">
<LocList/>
</StmntSeq>
</Branch>
<Keyword EndOffset="19449" SrcFileId="3" StartOffset="19447"/>
<LocList>
<Loc EndOffset="19576" SrcFileId="3" StartOffset="19447"/>
</LocList>
<RootTerm CovItemId="C13" CovItemPrefix="game.GUI.java" Intrnl_Id="1000">
<OpTerm BooleanOpId="5" Intrnl_Id="1001">
<BasicBoolTerm Intrnl_Id="1002">
<LocList>
<Loc EndOffset="19497" SrcFileId="3" StartOffset="19451"/>
</LocList>
</BasicBoolTerm>
<BasicBoolTerm Intrnl_Id="1003">
<LocList>
<Loc EndOffset="19544" SrcFileId="3" StartOffset="19508"/>
</LocList>
</BasicBoolTerm>
<LocList>
<Loc EndOffset="19507" SrcFileId="3" StartOffset="19505"/>
</LocList>
</OpTerm>
</RootTerm>
</CondStmnt>
<CondStmnt CovItemId="S314" CovItemPrefix="game.GUI.java" Intrnl_Id="1004">
<Branch CovItemId="B39" CovItemPrefix="game.GUI.java" Implct="false" Intrnl_Id="1005">
<Cond/>
<LocList>
<Loc EndOffset="19711" SrcFileId="3" StartOffset="19687"/>
</LocList>
<StmntSeq Intrnl_Id="1006">
<LocList>
<Loc EndOffset="19711" SrcFileId="3" StartOffset="19687"/>
</LocList>
<BasicStmnt CovItemId="S315" CovItemPrefix="game.GUI.java" Intrnl_Id="1007">
<LocList>
<Loc EndOffset="19711" SrcFileId="3" StartOffset="19687"/>
</LocList>
</BasicStmnt>
</StmntSeq>
</Branch>
<Branch CovItemId="B40" CovItemPrefix="game.GUI.java" Implct="true" Intrnl_Id="1008">
<Cond/>
<LocList/>
<StmntSeq Intrnl_Id="1009">
<LocList/>
</StmntSeq>
</Branch>
<Keyword EndOffset="19584" SrcFileId="3" StartOffset="19582"/>
<LocList>
<Loc EndOffset="19711" SrcFileId="3" StartOffset="19582"/>
</LocList>
<RootTerm CovItemId="C14" CovItemPrefix="game.GUI.java" Intrnl_Id="1010">
<OpTerm BooleanOpId="5" Intrnl_Id="1011">
<BasicBoolTerm Intrnl_Id="1012">
<LocList>
<Loc EndOffset="19626" SrcFileId="3" StartOffset="19586"/>
</LocList>
</BasicBoolTerm>
<BasicBoolTerm Intrnl_Id="1013">
<LocList>
<Loc EndOffset="19679" SrcFileId="3" StartOffset="19637"/>
</LocList>
</BasicBoolTerm>
<LocList>
<Loc EndOffset="19636" SrcFileId="3" StartOffset="19634"/>
</LocList>
</OpTerm>
</RootTerm>
</CondStmnt>
<CondStmnt CovItemId="S316" CovItemPrefix="game.GUI.java" Intrnl_Id="1014">
<Branch CovItemId="B41" CovItemPrefix="game.GUI.java" Implct="false" Intrnl_Id="1015">
<Cond/>
<LocList>
<Loc EndOffset="19846" SrcFileId="3" StartOffset="19822"/>
</LocList>
<StmntSeq Intrnl_Id="1016">
<LocList>
<Loc EndOffset="19846" SrcFileId="3" StartOffset="19822"/>
</LocList>
<BasicStmnt CovItemId="S317" CovItemPrefix="game.GUI.java" Intrnl_Id="1017">
<LocList>
<Loc EndOffset="19846" SrcFileId="3" StartOffset="19822"/>
</LocList>
</BasicStmnt>
</StmntSeq>
</Branch>
<Branch CovItemId="B42" CovItemPrefix="game.GUI.java" Implct="true" Intrnl_Id="1018">
<Cond/>
<LocList/>
<StmntSeq Intrnl_Id="1019">
<LocList/>
</StmntSeq>
</Branch>
<Keyword EndOffset="19719" SrcFileId="3" StartOffset="19717"/>
<LocList>
<Loc EndOffset="19846" SrcFileId="3" StartOffset="19717"/>
</LocList>
<RootTerm CovItemId="C15" CovItemPrefix="game.GUI.java" Intrnl_Id="1020">
<OpTerm BooleanOpId="5" Intrnl_Id="1021">
<BasicBoolTerm Intrnl_Id="1022">
<LocList>
<Loc EndOffset="19767" SrcFileId="3" StartOffset="19721"/>
</LocList>
</BasicBoolTerm>
<BasicBoolTerm Intrnl_Id="1023">
<LocList>
<Loc EndOffset="19814" SrcFileId="3" StartOffset="19778"/>
</LocList>
</BasicBoolTerm>
<LocList>
<Loc EndOffset="19777" SrcFileId="3" StartOffset="19775"/>
</LocList>
</OpTerm>
</RootTerm>
</CondStmnt>
<CondStmnt CovItemId="S318" CovItemPrefix="game.GUI.java" Intrnl_Id="1024">
<Branch CovItemId="B43" CovItemPrefix="game.GUI.java" Implct="false" Intrnl_Id="1025">
<Cond/>
<LocList>
<Loc EndOffset="20099" SrcFileId="3" StartOffset="19990"/>
</LocList>
<StmntSeq Intrnl_Id="1026">
<LocList>
<Loc EndOffset="20092" SrcFileId="3" StartOffset="19998"/>
</LocList>
<BasicStmnt CovItemId="S319" CovItemPrefix="game.GUI.java" Intrnl_Id="1027">
<LocList>
<Loc EndOffset="20092" SrcFileId="3" StartOffset="19998"/>
</LocList>
</BasicStmnt>
</StmntSeq>
</Branch>
<Branch CovItemId="B44" CovItemPrefix="game.GUI.java" Implct="true" Intrnl_Id="1028">
<Cond/>
<LocList/>
<StmntSeq Intrnl_Id="1029">
<LocList/>
</StmntSeq>
</Branch>
<Keyword EndOffset="19898" SrcFileId="3" StartOffset="19896"/>
<LocList>
<Loc EndOffset="20099" SrcFileId="3" StartOffset="19896"/>
</LocList>
<RootTerm CovItemId="C16" CovItemPrefix="game.GUI.java" Intrnl_Id="1030">
<BasicBoolTerm Intrnl_Id="1031">
<LocList>
<Loc EndOffset="19988" SrcFileId="3" StartOffset="19900"/>
</LocList>
</BasicBoolTerm>
</RootTerm>
</CondStmnt>
<BasicStmnt CovItemId="S320" CovItemPrefix="game.GUI.java" Intrnl_Id="1032">
<LocList>
<Loc EndOffset="20131" SrcFileId="3" StartOffset="20105"/>
</LocList>
</BasicStmnt>
<BasicStmnt CovItemId="S321" CovItemPrefix="game.GUI.java" Intrnl_Id="1033">
<LocList>
<Loc EndOffset="20168" SrcFileId="3" StartOffset="20137"/>
</LocList>
</BasicStmnt>
</StmntSeq>
</Branch>
<Branch CovItemId="B34" CovItemPrefix="game.GUI.java" Implct="false" Intrnl_Id="1034">
<Cond>
<Loc EndOffset="20179" SrcFileId="3" StartOffset="20175"/>
</Cond>
<LocList>
<Loc EndOffset="20256" SrcFileId="3" StartOffset="20180"/>
</LocList>
<StmntSeq Intrnl_Id="1035">
<LocList>
<Loc EndOffset="20213" SrcFileId="3" StartOffset="20187"/>
<Loc EndOffset="20250" SrcFileId="3" StartOffset="20219"/>
</LocList>
<BasicStmnt CovItemId="S322" CovItemPrefix="game.GUI.java" Intrnl_Id="1036">
<LocList>
<Loc EndOffset="20213" SrcFileId="3" StartOffset="20187"/>
</LocList>
</BasicStmnt>
<BasicStmnt CovItemId="S323" CovItemPrefix="game.GUI.java" Intrnl_Id="1037">
<LocList>
<Loc EndOffset="20250" SrcFileId="3" StartOffset="20219"/>
</LocList>
</BasicStmnt>
</StmntSeq>
</Branch>
<Keyword EndOffset="19184" SrcFileId="3" StartOffset="19182"/>
<LocList>
<Loc EndOffset="20256" SrcFileId="3" StartOffset="19182"/>
</LocList>
<RootTerm CovItemId="C11" CovItemPrefix="game.GUI.java" Intrnl_Id="1038">
<OpTerm BooleanOpId="5" Intrnl_Id="1039">
<BasicBoolTerm Intrnl_Id="1040">
<LocList>
<Loc EndOffset="19212" SrcFileId="3" StartOffset="19186"/>
</LocList>
</BasicBoolTerm>
<BasicBoolTerm Intrnl_Id="1041">
<LocList>
<Loc EndOffset="19268" SrcFileId="3" StartOffset="19222"/>
</LocList>
</BasicBoolTerm>
<LocList>
<Loc EndOffset="19221" SrcFileId="3" StartOffset="19219"/>
</LocList>
</OpTerm>
</RootTerm>
</CondStmnt>
</StmntSeq>
</Branch>
<Keyword EndOffset="18971" SrcFileId="3" StartOffset="18969"/>
<LocList>
<Loc EndOffset="20256" SrcFileId="3" StartOffset="18969"/>
</LocList>
<RootTerm CovItemId="C10" CovItemPrefix="game.GUI.java" Intrnl_Id="1042">
<OpTerm BooleanOpId="5" Intrnl_Id="1043">
<BasicBoolTerm Intrnl_Id="1044">
<LocList>
<Loc EndOffset="19019" SrcFileId="3" StartOffset="18973"/>
</LocList>
</BasicBoolTerm>
<BasicBoolTerm Intrnl_Id="1045">
<LocList>
<Loc EndOffset="19060" SrcFileId="3" StartOffset="19029"/>
</LocList>
</BasicBoolTerm>
<LocList>
<Loc EndOffset="19028" SrcFileId="3" StartOffset="19026"/>
</LocList>
</OpTerm>
</RootTerm>
</CondStmnt>
</StmntSeq>
</Branch>
<Branch CovItemId="B30" CovItemPrefix="game.GUI.java" Implct="true" Intrnl_Id="1046">
<Cond/>
<LocList/>
<StmntSeq Intrnl_Id="1047">
<LocList/>
</StmntSeq>
</Branch>
<Keyword EndOffset="18876" SrcFileId="3" StartOffset="18874"/>
<LocList>
<Loc EndOffset="20261" SrcFileId="3" StartOffset="18874"/>
</LocList>
<RootTerm CovItemId="C9" CovItemPrefix="game.GUI.java" Intrnl_Id="1048">
<OpTerm BooleanOpId="5" Intrnl_Id="1049">
<OpTerm BooleanOpId="5" Intrnl_Id="1050">
<OpTerm BooleanOpId="5" Intrnl_Id="1051">
<BasicBoolTerm Intrnl_Id="1052">
<LocList>
<Loc EndOffset="18893" SrcFileId="3" StartOffset="18878"/>
</LocList>
</BasicBoolTerm>
<BasicBoolTerm Intrnl_Id="1053">
<LocList>
<Loc EndOffset="18912" SrcFileId="3" StartOffset="18897"/>
</LocList>
</BasicBoolTerm>
<LocList>
<Loc EndOffset="18896" SrcFileId="3" StartOffset="18894"/>
</LocList>
</OpTerm>
<BasicBoolTerm Intrnl_Id="1054">
<LocList>
<Loc EndOffset="18934" SrcFileId="3" StartOffset="18916"/>
</LocList>
</BasicBoolTerm>
<LocList>
<Loc EndOffset="18915" SrcFileId="3" StartOffset="18913"/>
</LocList>
</OpTerm>
<BasicBoolTerm Intrnl_Id="1055">
<LocList>
<Loc EndOffset="18961" SrcFileId="3" StartOffset="18943"/>
</LocList>
</BasicBoolTerm>
<LocList>
<Loc EndOffset="18942" SrcFileId="3" StartOffset="18940"/>
</LocList>
</OpTerm>
</RootTerm>
</CondStmnt>
</StmntSeq>
</HierarchyLvl>
</HierarchyLvl>
</HierarchyLvl>
<HierarchyLvl HierarchyLvlId="270" HierarchyLvlTypeId="11" Intrnl_Id="1056" Name="ImagePanel">
<Header>
<Loc EndOffset="20303" SrcFileId="3" StartOffset="20272"/>
</Header>
<LocList>
<Loc EndOffset="21098" SrcFileId="3" StartOffset="20272"/>
</LocList>
<HierarchyLvl HierarchyLvlId="261" HierarchyLvlTypeId="10" Intrnl_Id="1057" Name="ImagePanel">
<Header>
<Loc EndOffset="20397" SrcFileId="3" StartOffset="20368"/>
</Header>
<LocList>
<Loc EndOffset="20441" SrcFileId="3" StartOffset="20368"/>
</LocList>
<StmntSeq Intrnl_Id="1058">
<LocList>
<Loc EndOffset="20438" SrcFileId="3" StartOffset="20402"/>
</LocList>
<BasicStmnt CovItemId="S324" CovItemPrefix="game.GUI.java" Intrnl_Id="1059">
<LocList>
<Loc EndOffset="20438" SrcFileId="3" StartOffset="20402"/>
</LocList>
</BasicStmnt>
</StmntSeq>
</HierarchyLvl>
<HierarchyLvl HierarchyLvlId="262" HierarchyLvlTypeId="10" Intrnl_Id="1060" Name="ImagePanel">
<Header>
<Loc EndOffset="20472" SrcFileId="3" StartOffset="20444"/>
</Header>
<LocList>
<Loc EndOffset="20680" SrcFileId="3" StartOffset="20444"/>
</LocList>
<StmntSeq Intrnl_Id="1061">
<LocList>
<Loc EndOffset="20492" SrcFileId="3" StartOffset="20477"/>
<Loc EndOffset="20567" SrcFileId="3" StartOffset="20495"/>
<Loc EndOffset="20593" SrcFileId="3" StartOffset="20570"/>
<Loc EndOffset="20617" SrcFileId="3" StartOffset="20596"/>
<Loc EndOffset="20641" SrcFileId="3" StartOffset="20620"/>
<Loc EndOffset="20658" SrcFileId="3" StartOffset="20644"/>
<Loc EndOffset="20677" SrcFileId="3" StartOffset="20661"/>
</LocList>
<BasicStmnt CovItemId="S325" CovItemPrefix="game.GUI.java" Intrnl_Id="1062">
<LocList>
<Loc EndOffset="20492" SrcFileId="3" StartOffset="20477"/>
</LocList>
</BasicStmnt>
<BasicStmnt CovItemId="S326" CovItemPrefix="game.GUI.java" Intrnl_Id="1063">
<LocList>
<Loc EndOffset="20567" SrcFileId="3" StartOffset="20495"/>
</LocList>
</BasicStmnt>
<BasicStmnt CovItemId="S327" CovItemPrefix="game.GUI.java" Intrnl_Id="1064">
<LocList>
<Loc EndOffset="20593" SrcFileId="3" StartOffset="20570"/>
</LocList>
</BasicStmnt>
<BasicStmnt CovItemId="S328" CovItemPrefix="game.GUI.java" Intrnl_Id="1065">
<LocList>
<Loc EndOffset="20617" SrcFileId="3" StartOffset="20596"/>
</LocList>
</BasicStmnt>
<BasicStmnt CovItemId="S329" CovItemPrefix="game.GUI.java" Intrnl_Id="1066">
<LocList>
<Loc EndOffset="20641" SrcFileId="3" StartOffset="20620"/>
</LocList>
</BasicStmnt>
<BasicStmnt CovItemId="S330" CovItemPrefix="game.GUI.java" Intrnl_Id="1067">
<LocList>
<Loc EndOffset="20658" SrcFileId="3" StartOffset="20644"/>
</LocList>
</BasicStmnt>
<BasicStmnt CovItemId="S331" CovItemPrefix="game.GUI.java" Intrnl_Id="1068">
<LocList>
<Loc EndOffset="20677" SrcFileId="3" StartOffset="20661"/>
</LocList>
</BasicStmnt>
</StmntSeq>
</HierarchyLvl>
<HierarchyLvl HierarchyLvlId="263" HierarchyLvlTypeId="10" Intrnl_Id="1069" Name="paintComponent">
<Header>
<Loc EndOffset="20721" SrcFileId="3" StartOffset="20683"/>
</Header>
<LocList>
<Loc EndOffset="20758" SrcFileId="3" StartOffset="20683"/>
</LocList>
<StmntSeq Intrnl_Id="1070">
<LocList>
<Loc EndOffset="20755" SrcFileId="3" StartOffset="20726"/>
</LocList>
<BasicStmnt CovItemId="S332" CovItemPrefix="game.GUI.java" Intrnl_Id="1071">
<LocList>
<Loc EndOffset="20755" SrcFileId="3" StartOffset="20726"/>
</LocList>
</BasicStmnt>
</StmntSeq>
</HierarchyLvl>
<HierarchyLvl HierarchyLvlId="264" HierarchyLvlTypeId="10" Intrnl_Id="1072" Name="setRow">
<Header>
<Loc EndOffset="20788" SrcFileId="3" StartOffset="20761"/>
</Header>
<LocList>
<Loc EndOffset="20811" SrcFileId="3" StartOffset="20761"/>
</LocList>
<StmntSeq Intrnl_Id="1073">
<LocList>
<Loc EndOffset="20808" SrcFileId="3" StartOffset="20793"/>
</LocList>
<BasicStmnt CovItemId="S333" CovItemPrefix="game.GUI.java" Intrnl_Id="1074">
<LocList>
<Loc EndOffset="20808" SrcFileId="3" StartOffset="20793"/>
</LocList>
</BasicStmnt>
</StmntSeq>
</HierarchyLvl>
<HierarchyLvl HierarchyLvlId="265" HierarchyLvlTypeId="10" Intrnl_Id="1075" Name="getRow">
<Header>
<Loc EndOffset="20833" SrcFileId="3" StartOffset="20814"/>
</Header>
<LocList>
<Loc EndOffset="20857" SrcFileId="3" StartOffset="20814"/>
</LocList>
<StmntSeq Intrnl_Id="1076">
<LocList>
<Loc EndOffset="20854" SrcFileId="3" StartOffset="20838"/>
</LocList>
<BasicStmnt CovItemId="S334" CovItemPrefix="game.GUI.java" Intrnl_Id="1077">
<LocList>
<Loc EndOffset="20854" SrcFileId="3" StartOffset="20838"/>
</LocList>
</BasicStmnt>
</StmntSeq>
</HierarchyLvl>
<HierarchyLvl HierarchyLvlId="266" HierarchyLvlTypeId="10" Intrnl_Id="1078" Name="setColumn">
<Header>
<Loc EndOffset="20893" SrcFileId="3" StartOffset="20860"/>
</Header>
<LocList>
<Loc EndOffset="20922" SrcFileId="3" StartOffset="20860"/>
</LocList>
<StmntSeq Intrnl_Id="1079">
<LocList>
<Loc EndOffset="20919" SrcFileId="3" StartOffset="20898"/>
</LocList>
<BasicStmnt CovItemId="S335" CovItemPrefix="game.GUI.java" Intrnl_Id="1080">
<LocList>
<Loc EndOffset="20919" SrcFileId="3" StartOffset="20898"/>
</LocList>
</BasicStmnt>
</StmntSeq>
</HierarchyLvl>
<HierarchyLvl HierarchyLvlId="267" HierarchyLvlTypeId="10" Intrnl_Id="1081" Name="getColumn">
<Header>
<Loc EndOffset="20947" SrcFileId="3" StartOffset="20925"/>
</Header>
<LocList>
<Loc EndOffset="20974" SrcFileId="3" StartOffset="20925"/>
</LocList>
<StmntSeq Intrnl_Id="1082">
<LocList>
<Loc EndOffset="20971" SrcFileId="3" StartOffset="20952"/>
</LocList>
<BasicStmnt CovItemId="S336" CovItemPrefix="game.GUI.java" Intrnl_Id="1083">
<LocList>
<Loc EndOffset="20971" SrcFileId="3" StartOffset="20952"/>
</LocList>
</BasicStmnt>
</StmntSeq>
</HierarchyLvl>
<HierarchyLvl HierarchyLvlId="268" HierarchyLvlTypeId="10" Intrnl_Id="1084" Name="getPixelX">
<Header>
<Loc EndOffset="20999" SrcFileId="3" StartOffset="20977"/>
</Header>
<LocList>
<Loc EndOffset="21036" SrcFileId="3" StartOffset="20977"/>
</LocList>
<StmntSeq Intrnl_Id="1085">
<LocList>
<Loc EndOffset="21033" SrcFileId="3" StartOffset="21004"/>
</LocList>
<BasicStmnt CovItemId="S337" CovItemPrefix="game.GUI.java" Intrnl_Id="1086">
<LocList>
<Loc EndOffset="21033" SrcFileId="3" StartOffset="21004"/>
</LocList>
</BasicStmnt>
</StmntSeq>
</HierarchyLvl>
<HierarchyLvl HierarchyLvlId="269" HierarchyLvlTypeId="10" Intrnl_Id="1087" Name="getPixelY">
<Header>
<Loc EndOffset="21061" SrcFileId="3" StartOffset="21039"/>
</Header>
<LocList>
<Loc EndOffset="21095" SrcFileId="3" StartOffset="21039"/>
</LocList>
<StmntSeq Intrnl_Id="1088">
<LocList>
<Loc EndOffset="21092" SrcFileId="3" StartOffset="21066"/>
</LocList>
<BasicStmnt CovItemId="S338" CovItemPrefix="game.GUI.java" Intrnl_Id="1089">
<LocList>
<Loc EndOffset="21092" SrcFileId="3" StartOffset="21066"/>
</LocList>
</BasicStmnt>
</StmntSeq>
</HierarchyLvl>
</HierarchyLvl>
<HierarchyLvl HierarchyLvlId="278" HierarchyLvlTypeId="11" Intrnl_Id="1090" Name="BoardState">
<Header>
<Loc EndOffset="122" SrcFileId="4" StartOffset="99"/>
</Header>
<LocList>
<Loc EndOffset="765" SrcFileId="4" StartOffset="99"/>
</LocList>
<HierarchyLvl HierarchyLvlId="271" HierarchyLvlTypeId="10" Intrnl_Id="1091" Name="BoardState">
<Header>
<Loc EndOffset="284" SrcFileId="4" StartOffset="237"/>
</Header>
<LocList>
<Loc EndOffset="345" SrcFileId="4" StartOffset="237"/>
</LocList>
<StmntSeq Intrnl_Id="1092">
<LocList>
<Loc EndOffset="310" SrcFileId="4" StartOffset="288"/>
<Loc EndOffset="342" SrcFileId="4" StartOffset="313"/>
</LocList>
<BasicStmnt CovItemId="S1" CovItemPrefix="game.BoardState.java" Intrnl_Id="1093">
<LocList>
<Loc EndOffset="310" SrcFileId="4" StartOffset="288"/>
</LocList>
</BasicStmnt>
<BasicStmnt CovItemId="S2" CovItemPrefix="game.BoardState.java" Intrnl_Id="1094">
<LocList>
<Loc EndOffset="342" SrcFileId="4" StartOffset="313"/>
</LocList>
</BasicStmnt>
</StmntSeq>
</HierarchyLvl>
<HierarchyLvl HierarchyLvlId="272" HierarchyLvlTypeId="10" Intrnl_Id="1095" Name="getBoardArray">
<Header>
<Loc EndOffset="379" SrcFileId="4" StartOffset="348"/>
</Header>
<LocList>
<Loc EndOffset="405" SrcFileId="4" StartOffset="348"/>
</LocList>
<StmntSeq Intrnl_Id="1096">
<LocList>
<Loc EndOffset="402" SrcFileId="4" StartOffset="384"/>
</LocList>
<BasicStmnt CovItemId="S3" CovItemPrefix="game.BoardState.java" Intrnl_Id="1097">
<LocList>
<Loc EndOffset="402" SrcFileId="4" StartOffset="384"/>
</LocList>
</BasicStmnt>
</StmntSeq>
</HierarchyLvl>
<HierarchyLvl HierarchyLvlId="273" HierarchyLvlTypeId="10" Intrnl_Id="1098" Name="setBoardArray">
<Header>
<Loc EndOffset="454" SrcFileId="4" StartOffset="408"/>
</Header>
<LocList>
<Loc EndOffset="491" SrcFileId="4" StartOffset="408"/>
</LocList>
<StmntSeq Intrnl_Id="1099">
<LocList>
<Loc EndOffset="488" SrcFileId="4" StartOffset="459"/>
</LocList>
<BasicStmnt CovItemId="S4" CovItemPrefix="game.BoardState.java" Intrnl_Id="1100">
<LocList>
<Loc EndOffset="488" SrcFileId="4" StartOffset="459"/>
</LocList>
</BasicStmnt>
</StmntSeq>
</HierarchyLvl>
<HierarchyLvl HierarchyLvlId="274" HierarchyLvlTypeId="10" Intrnl_Id="1101" Name="getTurnNumber">
<Header>
<Loc EndOffset="520" SrcFileId="4" StartOffset="494"/>
</Header>
<LocList>
<Loc EndOffset="546" SrcFileId="4" StartOffset="494"/>
</LocList>
<StmntSeq Intrnl_Id="1102">
<LocList>
<Loc EndOffset="543" SrcFileId="4" StartOffset="525"/>
</LocList>
<BasicStmnt CovItemId="S5" CovItemPrefix="game.BoardState.java" Intrnl_Id="1103">
<LocList>
<Loc EndOffset="543" SrcFileId="4" StartOffset="525"/>
</LocList>
</BasicStmnt>
</StmntSeq>
</HierarchyLvl>
<HierarchyLvl HierarchyLvlId="275" HierarchyLvlTypeId="10" Intrnl_Id="1104" Name="setTurnNumber">
<Header>
<Loc EndOffset="590" SrcFileId="4" StartOffset="549"/>
</Header>
<LocList>
<Loc EndOffset="627" SrcFileId="4" StartOffset="549"/>
</LocList>
<StmntSeq Intrnl_Id="1105">
<LocList>
<Loc EndOffset="624" SrcFileId="4" StartOffset="595"/>
</LocList>
<BasicStmnt CovItemId="S6" CovItemPrefix="game.BoardState.java" Intrnl_Id="1106">
<LocList>
<Loc EndOffset="624" SrcFileId="4" StartOffset="595"/>
</LocList>
</BasicStmnt>
</StmntSeq>
</HierarchyLvl>
<HierarchyLvl HierarchyLvlId="276" HierarchyLvlTypeId="10" Intrnl_Id="1107" Name="incrementTurn">
<Header>
<Loc EndOffset="658" SrcFileId="4" StartOffset="631"/>
</Header>
<LocList>
<Loc EndOffset="683" SrcFileId="4" StartOffset="631"/>
</LocList>
<StmntSeq Intrnl_Id="1108">
<LocList>
<Loc EndOffset="680" SrcFileId="4" StartOffset="662"/>
</LocList>
<BasicStmnt CovItemId="S7" CovItemPrefix="game.BoardState.java" Intrnl_Id="1109">
<LocList>
<Loc EndOffset="680" SrcFileId="4" StartOffset="662"/>
</LocList>
</BasicStmnt>
</StmntSeq>
</HierarchyLvl>
<HierarchyLvl HierarchyLvlId="277" HierarchyLvlTypeId="10" Intrnl_Id="1110" Name="clone">
<Header>
<Loc EndOffset="710" SrcFileId="4" StartOffset="685"/>
</Header>
<LocList>
<Loc EndOffset="763" SrcFileId="4" StartOffset="685"/>
</LocList>
<StmntSeq Intrnl_Id="1111">
<LocList>
<Loc EndOffset="760" SrcFileId="4" StartOffset="714"/>
</LocList>
<BasicStmnt CovItemId="S8" CovItemPrefix="game.BoardState.java" Intrnl_Id="1112">
<LocList>
<Loc EndOffset="760" SrcFileId="4" StartOffset="714"/>
</LocList>
</BasicStmnt>
</StmntSeq>
</HierarchyLvl>
</HierarchyLvl>
</HierarchyLvl>
</HierarchyLvl>
</MASTRoot>
</TestSessionContainer>
